#
# There is insufficient memory for the Java Runtime Environment to continue.
# Native memory allocation (mmap) failed to map 28311552 bytes for G1 virtual space
# Possible reasons:
#   The system is out of physical RAM or swap space
#   The process is running with CompressedOops enabled, and the Java Heap may be blocking the growth of the native heap
# Possible solutions:
#   Reduce memory load on the system
#   Increase physical memory or swap space
#   Check if swap backing store is full
#   Decrease Java heap size (-Xmx/-Xms)
#   Decrease number of Java threads
#   Decrease Java thread stack sizes (-Xss)
#   Set larger code cache with -XX:ReservedCodeCacheSize=
#   JVM is running with Unscaled Compressed Oops mode in which the Java heap is
#     placed in the first 4GB address space. The Java Heap base address is the
#     maximum limit for the native heap growth. Please use -XX:HeapBaseMinAddress
#     to set the Java Heap base and to place the Java Heap above 4GB virtual address.
# This output file may be truncated or incomplete.
#
#  Out of Memory Error (os_windows.cpp:3530), pid=8064, tid=12212
#
# JRE version: OpenJDK Runtime Environment Corretto-18.0.2.9.1 (18.0.2+9) (build 18.0.2+9-FR)
# Java VM: OpenJDK 64-Bit Server VM Corretto-18.0.2.9.1 (18.0.2+9-FR, mixed mode, sharing, tiered, compressed oops, compressed class ptrs, g1 gc, windows-amd64)
# No core dump will be written. Minidumps are not enabled by default on client versions of Windows
#

---------------  S U M M A R Y ------------

Command Line: -javaagent:C:\Program Files\JetBrains\IntelliJ IDEA Community Edition 2021.3.3\lib\idea_rt.jar=53496:C:\Program Files\JetBrains\IntelliJ IDEA Community Edition 2021.3.3\bin -Dfile.encoding=UTF-8 com.devskiller.tasks.blog.BlogApplication

Host: Intel(R) Core(TM) i3-6006U CPU @ 2.00GHz, 4 cores, 3G,  Windows 10 , 64 bit Build 19041 (10.0.19041.3570)
Time: Mon Oct 30 18:10:48 2023 Central European Standard Time elapsed time: 8.149555 seconds (0d 0h 0m 8s)

---------------  T H R E A D  ---------------

Current thread (0x00000210ceddfee0):  VMThread "VM Thread" [stack: 0x0000008ae2e00000,0x0000008ae2f00000] [id=12212]

Stack: [0x0000008ae2e00000,0x0000008ae2f00000]
Native frames: (J=compiled Java code, j=interpreted, Vv=VM code, C=native code)
V  [jvm.dll+0x685a2a]
V  [jvm.dll+0x82ae8d]
V  [jvm.dll+0x82c75e]
V  [jvm.dll+0x82ce03]
V  [jvm.dll+0x25ef4b]
V  [jvm.dll+0x6828ca]
V  [jvm.dll+0x67745a]
V  [jvm.dll+0x3243f9]
V  [jvm.dll+0x32ba86]
V  [jvm.dll+0x37e00a]
V  [jvm.dll+0x37e24f]
V  [jvm.dll+0x2fb50a]
V  [jvm.dll+0x2fb5b7]
V  [jvm.dll+0x33f162]
V  [jvm.dll+0x33d8f0]
V  [jvm.dll+0x2fad70]
V  [jvm.dll+0x33cecb]
V  [jvm.dll+0x831b3b]
V  [jvm.dll+0x8328c8]
V  [jvm.dll+0x832e15]
V  [jvm.dll+0x833254]
V  [jvm.dll+0x833315]
V  [jvm.dll+0x7d9cba]
V  [jvm.dll+0x6848a5]
C  [ucrtbase.dll+0x21bb2]
C  [KERNEL32.DLL+0x17344]
C  [ntdll.dll+0x526b1]

VM_Operation (0x0000008ae28f8640): G1CollectForAllocation, mode: safepoint, requested by thread 0x00000210b1974e10


---------------  P R O C E S S  ---------------

Threads class SMR info:
_java_thread_list=0x00000210d45f4830, length=17, elements={
0x00000210b1974e10, 0x00000210cede3680, 0x00000210cede52f0, 0x00000210cedfd8e0,
0x00000210cedfe280, 0x00000210cedff7c0, 0x00000210cee002a0, 0x00000210cee01850,
0x00000210cee06fc0, 0x00000210cee76cd0, 0x00000210b1a39bc0, 0x00000210d31aabf0,
0x00000210d32983e0, 0x00000210d3f2c8e0, 0x00000210d39b9180, 0x00000210d4f41250,
0x00000210d4f43fa0
}

Java Threads: ( => current thread )
  0x00000210b1974e10 JavaThread "main" [_thread_blocked, id=6188, stack(0x0000008ae2800000,0x0000008ae2900000)]
  0x00000210cede3680 JavaThread "Reference Handler" daemon [_thread_blocked, id=1048, stack(0x0000008ae2f00000,0x0000008ae3000000)]
  0x00000210cede52f0 JavaThread "Finalizer" daemon [_thread_blocked, id=10024, stack(0x0000008ae3000000,0x0000008ae3100000)]
  0x00000210cedfd8e0 JavaThread "Signal Dispatcher" daemon [_thread_blocked, id=2176, stack(0x0000008ae3100000,0x0000008ae3200000)]
  0x00000210cedfe280 JavaThread "Attach Listener" daemon [_thread_blocked, id=12480, stack(0x0000008ae3200000,0x0000008ae3300000)]
  0x00000210cedff7c0 JavaThread "Service Thread" daemon [_thread_blocked, id=13248, stack(0x0000008ae3300000,0x0000008ae3400000)]
  0x00000210cee002a0 JavaThread "Monitor Deflation Thread" daemon [_thread_blocked, id=6248, stack(0x0000008ae3400000,0x0000008ae3500000)]
  0x00000210cee01850 JavaThread "C2 CompilerThread0" daemon [_thread_blocked, id=11380, stack(0x0000008ae3500000,0x0000008ae3600000)]
  0x00000210cee06fc0 JavaThread "C1 CompilerThread0" daemon [_thread_blocked, id=2204, stack(0x0000008ae3600000,0x0000008ae3700000)]
  0x00000210cee76cd0 JavaThread "Sweeper thread" daemon [_thread_blocked, id=1312, stack(0x0000008ae3700000,0x0000008ae3800000)]
  0x00000210b1a39bc0 JavaThread "Common-Cleaner" daemon [_thread_blocked, id=5156, stack(0x0000008ae3800000,0x0000008ae3900000)]
  0x00000210d31aabf0 JavaThread "Monitor Ctrl-Break" daemon [_thread_in_native, id=12868, stack(0x0000008ae3900000,0x0000008ae3a00000)]
  0x00000210d32983e0 JavaThread "Notification Thread" daemon [_thread_blocked, id=8936, stack(0x0000008ae3a00000,0x0000008ae3b00000)]
  0x00000210d3f2c8e0 JavaThread "C2 CompilerThread1" daemon [_thread_blocked, id=3972, stack(0x0000008ae3f00000,0x0000008ae4000000)]
  0x00000210d39b9180 JavaThread "Catalina-utility-1" [_thread_blocked, id=11208, stack(0x0000008ae4000000,0x0000008ae4100000)]
  0x00000210d4f41250 JavaThread "Catalina-utility-2" [_thread_blocked, id=12992, stack(0x0000008ae4100000,0x0000008ae4200000)]
  0x00000210d4f43fa0 JavaThread "container-0" [_thread_blocked, id=6692, stack(0x0000008ae4200000,0x0000008ae4300000)]

Other Threads:
=>0x00000210ceddfee0 VMThread "VM Thread" [stack: 0x0000008ae2e00000,0x0000008ae2f00000] [id=12212]
  0x00000210b1975db0 WatcherThread "VM Periodic Task Thread" [stack: 0x0000008ae3b00000,0x0000008ae3c00000] [id=1988]
  0x00000210b19b56c0 WorkerThread "GC Thread#0" [stack: 0x0000008ae2900000,0x0000008ae2a00000] [id=3368]
  0x00000210d371ac40 WorkerThread "GC Thread#1" [stack: 0x0000008ae3c00000,0x0000008ae3d00000] [id=1412]
  0x00000210d3a6eb40 WorkerThread "GC Thread#2" [stack: 0x0000008ae3d00000,0x0000008ae3e00000] [id=10292]
  0x00000210d3a6ede0 WorkerThread "GC Thread#3" [stack: 0x0000008ae3e00000,0x0000008ae3f00000] [id=12432]
  0x00000210b19bf780 ConcurrentGCThread "G1 Main Marker" [stack: 0x0000008ae2a00000,0x0000008ae2b00000] [id=7044]
  0x00000210b19c0170 WorkerThread "G1 Conc#0" [stack: 0x0000008ae2b00000,0x0000008ae2c00000] [id=4672]
  0x00000210b19e7370 ConcurrentGCThread "G1 Refine#0" [stack: 0x0000008ae2c00000,0x0000008ae2d00000] [id=6308]
  0x00000210b19e7c80 ConcurrentGCThread "G1 Service" [stack: 0x0000008ae2d00000,0x0000008ae2e00000] [id=3240]

Threads with active compile tasks:
C2 CompilerThread0     8364 3824   !   4       java.util.concurrent.ConcurrentHashMap::computeIfAbsent (576 bytes)
C2 CompilerThread1     8364 3759       4       org.springframework.core.annotation.TypeMappedAnnotations::get (52 bytes)

VM state: at safepoint (normal execution)

VM Mutex/Monitor currently owned by a thread:  ([mutex/lock_event])
[0x00000210b1970900] Threads_lock - owner thread: 0x00000210ceddfee0
[0x00000210b1970ab0] Heap_lock - owner thread: 0x00000210b1974e10

Heap address: 0x00000000c1400000, size: 1004 MB, Compressed Oops mode: 32-bit

CDS archive(s) mapped at: [0x0000000800000000-0x0000000800ba0000-0x0000000800ba0000), size 12189696, SharedBaseAddress: 0x0000000800000000, ArchiveRelocationMode: 0.
Compressed class space mapped at: 0x0000000800c00000-0x0000000840c00000, reserved size: 1073741824
Narrow klass base: 0x0000000800000000, Narrow klass shift: 0, Narrow klass range: 0x100000000

GC Precious Log:
 CardTable entry size: 512
 Card Set container configuration: InlinePtr #cards 5 size 8 Array Of Cards #cards 12 size 40 Howl #buckets 4 coarsen threshold 1843 Howl Bitmap #cards 512 size 80 coarsen threshold 460 Card regions per heap region 1 cards per card region 2048
 CPUs: 4 total, 4 available
 Memory: 4012M
 Large Page Support: Disabled
 NUMA Support: Disabled
 Compressed Oops: Enabled (32-bit)
 Heap Region Size: 1M
 Heap Min Capacity: 8M
 Heap Initial Capacity: 64M
 Heap Max Capacity: 1004M
 Pre-touch: Disabled
 Parallel Workers: 4
 Concurrent Workers: 1
 Concurrent Refinement Workers: 4
 Periodic GC: Disabled

Heap:
 garbage-first heap   total 65536K, used 17095K [0x00000000c1400000, 0x0000000100000000)
  region size 1024K, 2 young (2048K), 2 survivors (2048K)
 Metaspace       used 31681K, committed 32192K, reserved 1114112K
  class space    used 3997K, committed 4224K, reserved 1048576K

Heap Regions: E=young(eden), S=young(survivor), O=old, HS=humongous(starts), HC=humongous(continues), CS=collection set, F=free, OA=open archive, CA=closed archive, TAMS=top-at-mark-start (previous, next)
|   0|0x00000000c1400000, 0x00000000c1500000, 0x00000000c1500000|100%|HS|  |TAMS 0x00000000c1500000, 0x00000000c1400000| Complete 
|   1|0x00000000c1500000, 0x00000000c1600000, 0x00000000c1600000|100%| O|  |TAMS 0x00000000c1600000, 0x00000000c1500000| Untracked 
|   2|0x00000000c1600000, 0x00000000c1700000, 0x00000000c1700000|100%| O|  |TAMS 0x00000000c1700000, 0x00000000c1600000| Untracked 
|   3|0x00000000c1700000, 0x00000000c1800000, 0x00000000c1800000|100%| O|  |TAMS 0x00000000c1800000, 0x00000000c1700000| Untracked 
|   4|0x00000000c1800000, 0x00000000c1900000, 0x00000000c1900000|100%| O|  |TAMS 0x00000000c1900000, 0x00000000c1800000| Untracked 
|   5|0x00000000c1900000, 0x00000000c1a00000, 0x00000000c1a00000|100%| O|  |TAMS 0x00000000c1a00000, 0x00000000c1900000| Untracked 
|   6|0x00000000c1a00000, 0x00000000c1b00000, 0x00000000c1b00000|100%| O|  |TAMS 0x00000000c1ace000, 0x00000000c1a00000| Untracked 
|   7|0x00000000c1b00000, 0x00000000c1c00000, 0x00000000c1c00000|100%| O|  |TAMS 0x00000000c1b00000, 0x00000000c1b00000| Untracked 
|   8|0x00000000c1c00000, 0x00000000c1c00000, 0x00000000c1d00000|  0%| F|  |TAMS 0x00000000c1c00000, 0x00000000c1c00000| Untracked 
|   9|0x00000000c1d00000, 0x00000000c1e00000, 0x00000000c1e00000|100%| O|  |TAMS 0x00000000c1d00000, 0x00000000c1d00000| Untracked 
|  10|0x00000000c1e00000, 0x00000000c1f00000, 0x00000000c1f00000|100%| O|  |TAMS 0x00000000c1e00000, 0x00000000c1e00000| Untracked 
|  11|0x00000000c1f00000, 0x00000000c2000000, 0x00000000c2000000|100%| O|  |TAMS 0x00000000c1f00000, 0x00000000c1f00000| Untracked 
|  12|0x00000000c2000000, 0x00000000c2100000, 0x00000000c2100000|100%| O|  |TAMS 0x00000000c2000000, 0x00000000c2000000| Untracked 
|  13|0x00000000c2100000, 0x00000000c2200000, 0x00000000c2200000|100%| O|  |TAMS 0x00000000c2100000, 0x00000000c2100000| Untracked 
|  14|0x00000000c2200000, 0x00000000c2300000, 0x00000000c2300000|100%| O|  |TAMS 0x00000000c2200000, 0x00000000c2200000| Untracked 
|  15|0x00000000c2300000, 0x00000000c2300000, 0x00000000c2400000|  0%| F|  |TAMS 0x00000000c2300000, 0x00000000c2300000| Untracked 
|  16|0x00000000c2400000, 0x00000000c2400000, 0x00000000c2500000|  0%| F|  |TAMS 0x00000000c2400000, 0x00000000c2400000| Untracked 
|  17|0x00000000c2500000, 0x00000000c2500000, 0x00000000c2600000|  0%| F|  |TAMS 0x00000000c2500000, 0x00000000c2500000| Untracked 
|  18|0x00000000c2600000, 0x00000000c2600000, 0x00000000c2700000|  0%| F|  |TAMS 0x00000000c2600000, 0x00000000c2600000| Untracked 
|  19|0x00000000c2700000, 0x00000000c2800000, 0x00000000c2800000|100%| O|  |TAMS 0x00000000c2700000, 0x00000000c2700000| Untracked 
|  20|0x00000000c2800000, 0x00000000c281bc00, 0x00000000c2900000| 10%| O|  |TAMS 0x00000000c2800000, 0x00000000c2800000| Untracked 
|  21|0x00000000c2900000, 0x00000000c2900000, 0x00000000c2a00000|  0%| F|  |TAMS 0x00000000c2900000, 0x00000000c2900000| Untracked 
|  22|0x00000000c2a00000, 0x00000000c2a00000, 0x00000000c2b00000|  0%| F|  |TAMS 0x00000000c2a00000, 0x00000000c2a00000| Untracked 
|  23|0x00000000c2b00000, 0x00000000c2b00000, 0x00000000c2c00000|  0%| F|  |TAMS 0x00000000c2b00000, 0x00000000c2b00000| Untracked 
|  24|0x00000000c2c00000, 0x00000000c2c00000, 0x00000000c2d00000|  0%| F|  |TAMS 0x00000000c2c00000, 0x00000000c2c00000| Untracked 
|  25|0x00000000c2d00000, 0x00000000c2d00000, 0x00000000c2e00000|  0%| F|  |TAMS 0x00000000c2d00000, 0x00000000c2d00000| Untracked 
|  26|0x00000000c2e00000, 0x00000000c2e00000, 0x00000000c2f00000|  0%| F|  |TAMS 0x00000000c2e00000, 0x00000000c2e00000| Untracked 
|  27|0x00000000c2f00000, 0x00000000c2f961d0, 0x00000000c3000000| 58%| S|CS|TAMS 0x00000000c2f00000, 0x00000000c2f00000| Complete 
|  28|0x00000000c3000000, 0x00000000c3100000, 0x00000000c3100000|100%| S|CS|TAMS 0x00000000c3000000, 0x00000000c3000000| Complete 
|  29|0x00000000c3100000, 0x00000000c3100000, 0x00000000c3200000|  0%| F|  |TAMS 0x00000000c3100000, 0x00000000c3100000| Untracked 
|  30|0x00000000c3200000, 0x00000000c3200000, 0x00000000c3300000|  0%| F|  |TAMS 0x00000000c3200000, 0x00000000c3200000| Untracked 
|  31|0x00000000c3300000, 0x00000000c3300000, 0x00000000c3400000|  0%| F|  |TAMS 0x00000000c3300000, 0x00000000c3300000| Untracked 
|  32|0x00000000c3400000, 0x00000000c3400000, 0x00000000c3500000|  0%| F|  |TAMS 0x00000000c3400000, 0x00000000c3400000| Untracked 
|  33|0x00000000c3500000, 0x00000000c3500000, 0x00000000c3600000|  0%| F|  |TAMS 0x00000000c3500000, 0x00000000c3500000| Untracked 
|  34|0x00000000c3600000, 0x00000000c3600000, 0x00000000c3700000|  0%| F|  |TAMS 0x00000000c3600000, 0x00000000c3600000| Untracked 
|  35|0x00000000c3700000, 0x00000000c3700000, 0x00000000c3800000|  0%| F|  |TAMS 0x00000000c3700000, 0x00000000c3700000| Untracked 
|  36|0x00000000c3800000, 0x00000000c3800000, 0x00000000c3900000|  0%| F|  |TAMS 0x00000000c3800000, 0x00000000c3800000| Untracked 
|  37|0x00000000c3900000, 0x00000000c3900000, 0x00000000c3a00000|  0%| F|  |TAMS 0x00000000c3900000, 0x00000000c3900000| Untracked 
|  38|0x00000000c3a00000, 0x00000000c3a00000, 0x00000000c3b00000|  0%| F|  |TAMS 0x00000000c3a00000, 0x00000000c3a00000| Untracked 
|  39|0x00000000c3b00000, 0x00000000c3b00000, 0x00000000c3c00000|  0%| F|  |TAMS 0x00000000c3b00000, 0x00000000c3b00000| Untracked 
|  40|0x00000000c3c00000, 0x00000000c3c00000, 0x00000000c3d00000|  0%| F|  |TAMS 0x00000000c3c00000, 0x00000000c3c00000| Untracked 
|  41|0x00000000c3d00000, 0x00000000c3d00000, 0x00000000c3e00000|  0%| F|  |TAMS 0x00000000c3d00000, 0x00000000c3d00000| Untracked 
|  42|0x00000000c3e00000, 0x00000000c3e00000, 0x00000000c3f00000|  0%| F|  |TAMS 0x00000000c3e00000, 0x00000000c3e00000| Untracked 
|  43|0x00000000c3f00000, 0x00000000c3f00000, 0x00000000c4000000|  0%| F|  |TAMS 0x00000000c3f00000, 0x00000000c3f00000| Untracked 
|  44|0x00000000c4000000, 0x00000000c4000000, 0x00000000c4100000|  0%| F|  |TAMS 0x00000000c4000000, 0x00000000c4000000| Untracked 
|  45|0x00000000c4100000, 0x00000000c4100000, 0x00000000c4200000|  0%| F|  |TAMS 0x00000000c4100000, 0x00000000c4100000| Untracked 
|  46|0x00000000c4200000, 0x00000000c4200000, 0x00000000c4300000|  0%| F|  |TAMS 0x00000000c4200000, 0x00000000c4200000| Untracked 
|  47|0x00000000c4300000, 0x00000000c4300000, 0x00000000c4400000|  0%| F|  |TAMS 0x00000000c4300000, 0x00000000c4300000| Untracked 
|  48|0x00000000c4400000, 0x00000000c4400000, 0x00000000c4500000|  0%| F|  |TAMS 0x00000000c4400000, 0x00000000c4400000| Untracked 
|  49|0x00000000c4500000, 0x00000000c4500000, 0x00000000c4600000|  0%| F|  |TAMS 0x00000000c4500000, 0x00000000c4500000| Untracked 
|  50|0x00000000c4600000, 0x00000000c4600000, 0x00000000c4700000|  0%| F|  |TAMS 0x00000000c4600000, 0x00000000c4600000| Untracked 
|  51|0x00000000c4700000, 0x00000000c4700000, 0x00000000c4800000|  0%| F|  |TAMS 0x00000000c4700000, 0x00000000c4700000| Untracked 
|  52|0x00000000c4800000, 0x00000000c4800000, 0x00000000c4900000|  0%| F|  |TAMS 0x00000000c4800000, 0x00000000c4800000| Untracked 
|  53|0x00000000c4900000, 0x00000000c4900000, 0x00000000c4a00000|  0%| F|  |TAMS 0x00000000c4900000, 0x00000000c4900000| Untracked 
|  54|0x00000000c4a00000, 0x00000000c4a00000, 0x00000000c4b00000|  0%| F|  |TAMS 0x00000000c4a00000, 0x00000000c4a00000| Untracked 
|  55|0x00000000c4b00000, 0x00000000c4b00000, 0x00000000c4c00000|  0%| F|  |TAMS 0x00000000c4b00000, 0x00000000c4b00000| Untracked 
|  56|0x00000000c4c00000, 0x00000000c4c00000, 0x00000000c4d00000|  0%| F|  |TAMS 0x00000000c4c00000, 0x00000000c4c00000| Untracked 
|  57|0x00000000c4d00000, 0x00000000c4d00000, 0x00000000c4e00000|  0%| F|  |TAMS 0x00000000c4d00000, 0x00000000c4d00000| Untracked 
|  58|0x00000000c4e00000, 0x00000000c4e00000, 0x00000000c4f00000|  0%| F|  |TAMS 0x00000000c4e00000, 0x00000000c4e00000| Untracked 
|  59|0x00000000c4f00000, 0x00000000c4f00000, 0x00000000c5000000|  0%| F|  |TAMS 0x00000000c4f00000, 0x00000000c4f00000| Untracked 
|  60|0x00000000c5000000, 0x00000000c5000000, 0x00000000c5100000|  0%| F|  |TAMS 0x00000000c5000000, 0x00000000c5000000| Untracked 
|  61|0x00000000c5100000, 0x00000000c5100000, 0x00000000c5200000|  0%| F|  |TAMS 0x00000000c5100000, 0x00000000c5100000| Untracked 
|  62|0x00000000c5200000, 0x00000000c5200000, 0x00000000c5300000|  0%| F|  |TAMS 0x00000000c5200000, 0x00000000c5200000| Untracked 
|  63|0x00000000c5300000, 0x00000000c5300000, 0x00000000c5400000|  0%| F|  |TAMS 0x00000000c5300000, 0x00000000c5300000| Untracked 

Card table byte_map: [0x00000210ca520000,0x00000210ca720000] _byte_map_base: 0x00000210c9f16000

Marking Bits (Prev, Next): (CMBitMap*) 0x00000210b19b7110, (CMBitMap*) 0x00000210b19b70d0
 Prev Bits: [0x00000210cb8d0000, 0x00000210cc880000)
 Next Bits: [0x00000210ca920000, 0x00000210cb8d0000)

Polling page: 0x00000210b1800000

Metaspace:

Usage:
  Non-class:     27.04 MB used.
      Class:      3.90 MB used.
       Both:     30.94 MB used.

Virtual space:
  Non-class space:       64.00 MB reserved,      27.31 MB ( 43%) committed,  1 nodes.
      Class space:        1.00 GB reserved,       4.13 MB ( <1%) committed,  1 nodes.
             Both:        1.06 GB reserved,      31.44 MB (  3%) committed. 

Chunk freelists:
   Non-Class:  80.00 KB
       Class:  3.89 MB
        Both:  3.97 MB

MaxMetaspaceSize: unlimited
CompressedClassSpaceSize: 1.00 GB
Initial GC threshold: 21.00 MB
Current GC threshold: 35.25 MB
CDS: on
MetaspaceReclaimPolicy: balanced
 - commit_granule_bytes: 65536.
 - commit_granule_words: 8192.
 - virtual_space_node_default_size: 8388608.
 - enlarge_chunks_in_place: 1.
 - new_chunks_are_fully_committed: 0.
 - uncommit_free_chunks: 1.
 - use_allocation_guard: 0.


Internal statistics:

num_allocs_failed_limit: 3.
num_arena_births: 648.
num_arena_deaths: 0.
num_vsnodes_births: 2.
num_vsnodes_deaths: 0.
num_space_committed: 503.
num_space_uncommitted: 0.
num_chunks_returned_to_freelist: 3.
num_chunks_taken_from_freelist: 1731.
num_chunk_merges: 3.
num_chunk_splits: 1196.
num_chunks_enlarged: 899.
num_inconsistent_stats: 0.

CodeHeap 'non-profiled nmethods': size=120000Kb used=1865Kb max_used=1865Kb free=118135Kb
 bounds [0x00000210c27c0000, 0x00000210c2a30000, 0x00000210c9cf0000]
CodeHeap 'profiled nmethods': size=120000Kb used=8094Kb max_used=8094Kb free=111905Kb
 bounds [0x00000210bb290000, 0x00000210bba80000, 0x00000210c27c0000]
CodeHeap 'non-nmethods': size=5760Kb used=1224Kb max_used=1318Kb free=4535Kb
 bounds [0x00000210bacf0000, 0x00000210baf60000, 0x00000210bb290000]
 total_blobs=4327 nmethods=3810 adapters=429
 compilation: enabled
              stopped_count=0, restarted_count=0
 full_count=0

Compilation events (20 events):
Event: 7.950 Thread 0x00000210cee01850 nmethod 3814 0x00000210c298ce10 code [0x00000210c298cfa0, 0x00000210c298d278]
Event: 7.950 Thread 0x00000210cee01850 3815       4       java.lang.reflect.Method::getAnnotation (6 bytes)
Event: 7.968 Thread 0x00000210cee01850 nmethod 3815 0x00000210c298d490 code [0x00000210c298d680, 0x00000210c298df70]
Event: 7.968 Thread 0x00000210cee01850 3816       4       java.lang.ref.Cleaner::register (25 bytes)
Event: 7.972 Thread 0x00000210cee01850 nmethod 3816 0x00000210c298e510 code [0x00000210c298e6a0, 0x00000210c298e8e8]
Event: 8.002 Thread 0x00000210cee01850 3817       4       java.util.Arrays$ArrayList::size (6 bytes)
Event: 8.003 Thread 0x00000210cee01850 nmethod 3817 0x00000210c298ea90 code [0x00000210c298ec00, 0x00000210c298ec98]
Event: 8.019 Thread 0x00000210cee01850 3818       4       jdk.internal.loader.BuiltinClassLoader::hasClassPath (13 bytes)
Event: 8.019 Thread 0x00000210cee01850 nmethod 3818 0x00000210c298ed90 code [0x00000210c298ef00, 0x00000210c298ef98]
Event: 8.033 Thread 0x00000210cee01850 3819       4       java.io.File::isInvalid (47 bytes)
Event: 8.038 Thread 0x00000210cee01850 nmethod 3819 0x00000210c298f090 code [0x00000210c298f220, 0x00000210c298f4d8]
Event: 8.041 Thread 0x00000210cee06fc0 3820       3       java.lang.Module::isExported (15 bytes)
Event: 8.041 Thread 0x00000210cee01850 3821       4       jdk.internal.org.objectweb.asm.Frame::pop (53 bytes)
Event: 8.041 Thread 0x00000210cee06fc0 nmethod 3820 0x00000210bba77410 code [0x00000210bba775e0, 0x00000210bba77898]
Event: 8.064 Thread 0x00000210cee01850 nmethod 3821 0x00000210c298f690 code [0x00000210c298f8a0, 0x00000210c2990210]
Event: 8.064 Thread 0x00000210cee01850 3822       4       jdk.internal.org.objectweb.asm.MethodWriter::visitInsn (115 bytes)
Event: 8.094 Thread 0x00000210cee01850 nmethod 3822 0x00000210c2990a10 code [0x00000210c2990be0, 0x00000210c2991538]
Event: 8.095 Thread 0x00000210cee01850 3823       4       java.lang.Class::privateGetDeclaredMethods (64 bytes)
Event: 8.105 Thread 0x00000210cee01850 nmethod 3823 0x00000210c2991a10 code [0x00000210c2991bc0, 0x00000210c2992128]
Event: 8.105 Thread 0x00000210cee01850 3824   !   4       java.util.concurrent.ConcurrentHashMap::computeIfAbsent (576 bytes)

GC Heap History (15 events):
Event: 1.534 GC heap before
{Heap before GC invocations=0 (full 0):
 garbage-first heap   total 65536K, used 13312K [0x00000000c1400000, 0x0000000100000000)
  region size 1024K, 13 young (13312K), 0 survivors (0K)
 Metaspace       used 3768K, committed 3968K, reserved 1114112K
  class space    used 389K, committed 512K, reserved 1048576K
}
Event: 1.546 GC heap after
{Heap after GC invocations=1 (full 0):
 garbage-first heap   total 65536K, used 6074K [0x00000000c1400000, 0x0000000100000000)
  region size 1024K, 2 young (2048K), 2 survivors (2048K)
 Metaspace       used 3768K, committed 3968K, reserved 1114112K
  class space    used 389K, committed 512K, reserved 1048576K
}
Event: 2.422 GC heap before
{Heap before GC invocations=1 (full 0):
 garbage-first heap   total 65536K, used 17338K [0x00000000c1400000, 0x0000000100000000)
  region size 1024K, 13 young (13312K), 2 survivors (2048K)
 Metaspace       used 6900K, committed 7104K, reserved 1114112K
  class space    used 814K, committed 896K, reserved 1048576K
}
Event: 2.432 GC heap after
{Heap after GC invocations=2 (full 0):
 garbage-first heap   total 65536K, used 7195K [0x00000000c1400000, 0x0000000100000000)
  region size 1024K, 2 young (2048K), 2 survivors (2048K)
 Metaspace       used 6900K, committed 7104K, reserved 1114112K
  class space    used 814K, committed 896K, reserved 1048576K
}
Event: 3.350 GC heap before
{Heap before GC invocations=2 (full 0):
 garbage-first heap   total 65536K, used 27675K [0x00000000c1400000, 0x0000000100000000)
  region size 1024K, 23 young (23552K), 2 survivors (2048K)
 Metaspace       used 12780K, committed 12992K, reserved 1114112K
  class space    used 1501K, committed 1600K, reserved 1048576K
}
Event: 3.358 GC heap after
{Heap after GC invocations=3 (full 0):
 garbage-first heap   total 65536K, used 8782K [0x00000000c1400000, 0x0000000100000000)
  region size 1024K, 3 young (3072K), 3 survivors (3072K)
 Metaspace       used 12780K, committed 12992K, reserved 1114112K
  class space    used 1501K, committed 1600K, reserved 1048576K
}
Event: 4.741 GC heap before
{Heap before GC invocations=3 (full 0):
 garbage-first heap   total 65536K, used 38478K [0x00000000c1400000, 0x0000000100000000)
  region size 1024K, 33 young (33792K), 3 survivors (3072K)
 Metaspace       used 17984K, committed 18240K, reserved 1114112K
  class space    used 2139K, committed 2304K, reserved 1048576K
}
Event: 4.755 GC heap after
{Heap after GC invocations=4 (full 0):
 garbage-first heap   total 65536K, used 11064K [0x00000000c1400000, 0x0000000100000000)
  region size 1024K, 4 young (4096K), 4 survivors (4096K)
 Metaspace       used 17984K, committed 18240K, reserved 1114112K
  class space    used 2139K, committed 2304K, reserved 1048576K
}
Event: 5.732 GC heap before
{Heap before GC invocations=4 (full 0):
 garbage-first heap   total 65536K, used 28472K [0x00000000c1400000, 0x0000000100000000)
  region size 1024K, 22 young (22528K), 4 survivors (4096K)
 Metaspace       used 21172K, committed 21504K, reserved 1114112K
  class space    used 2596K, committed 2752K, reserved 1048576K
}
Event: 5.751 GC heap after
{Heap after GC invocations=5 (full 0):
 garbage-first heap   total 65536K, used 12801K [0x00000000c1400000, 0x0000000100000000)
  region size 1024K, 4 young (4096K), 4 survivors (4096K)
 Metaspace       used 21172K, committed 21504K, reserved 1114112K
  class space    used 2596K, committed 2752K, reserved 1048576K
}
Event: 7.145 GC heap before
{Heap before GC invocations=6 (full 0):
 garbage-first heap   total 48128K, used 37377K [0x00000000c1400000, 0x0000000100000000)
  region size 1024K, 28 young (28672K), 4 survivors (4096K)
 Metaspace       used 26871K, committed 27328K, reserved 1114112K
  class space    used 3355K, committed 3584K, reserved 1048576K
}
Event: 7.160 GC heap after
{Heap after GC invocations=7 (full 0):
 garbage-first heap   total 48128K, used 15430K [0x00000000c1400000, 0x0000000100000000)
  region size 1024K, 4 young (4096K), 4 survivors (4096K)
 Metaspace       used 26871K, committed 27328K, reserved 1114112K
  class space    used 3355K, committed 3584K, reserved 1048576K
}
Event: 7.189 GC heap before
{Heap before GC invocations=7 (full 0):
 garbage-first heap   total 48128K, used 16454K [0x00000000c1400000, 0x0000000100000000)
  region size 1024K, 5 young (5120K), 4 survivors (4096K)
 Metaspace       used 26967K, committed 27392K, reserved 1114112K
  class space    used 3368K, committed 3584K, reserved 1048576K
}
Event: 7.201 GC heap after
{Heap after GC invocations=8 (full 0):
 garbage-first heap   total 48128K, used 16263K [0x00000000c1400000, 0x0000000100000000)
  region size 1024K, 1 young (1024K), 1 survivors (1024K)
 Metaspace       used 26967K, committed 27392K, reserved 1114112K
  class space    used 3368K, committed 3584K, reserved 1048576K
}
Event: 8.138 GC heap before
{Heap before GC invocations=8 (full 0):
 garbage-first heap   total 48128K, used 32647K [0x00000000c1400000, 0x0000000100000000)
  region size 1024K, 18 young (18432K), 1 survivors (1024K)
 Metaspace       used 31681K, committed 32192K, reserved 1114112K
  class space    used 3997K, committed 4224K, reserved 1048576K
}

Deoptimization events (20 events):
Event: 7.450 Thread 0x00000210b1974e10 Uncommon trap: trap_request=0xffffffc6 fr.pc=0x00000210c29613a0 relative=0x00000000000002e0
Event: 7.450 Thread 0x00000210b1974e10 Uncommon trap: reason=bimorphic_or_optimized_type_check action=maybe_recompile pc=0x00000210c29613a0 method=java.util.HashMap.getNode(Ljava/lang/Object;)Ljava/util/HashMap$Node; @ 128 c2
Event: 7.450 Thread 0x00000210b1974e10 DEOPT PACKING pc=0x00000210c29613a0 sp=0x0000008ae28fcb30
Event: 7.450 Thread 0x00000210b1974e10 DEOPT UNPACKING pc=0x00000210bad423a3 sp=0x0000008ae28fcaa8 mode 2
Event: 7.533 Thread 0x00000210b1974e10 Uncommon trap: trap_request=0xffffff45 fr.pc=0x00000210c2973d3c relative=0x00000000000007fc
Event: 7.533 Thread 0x00000210b1974e10 Uncommon trap: reason=unstable_if action=reinterpret pc=0x00000210c2973d3c method=java.lang.PublicMethods$MethodList.filter([Ljava/lang/reflect/Method;Ljava/lang/String;[Ljava/lang/Class;Z)Ljava/lang/PublicMethods$MethodList; @ 43 c2
Event: 7.533 Thread 0x00000210b1974e10 DEOPT PACKING pc=0x00000210c2973d3c sp=0x0000008ae28fd660
Event: 7.533 Thread 0x00000210b1974e10 DEOPT UNPACKING pc=0x00000210bad423a3 sp=0x0000008ae28fd620 mode 2
Event: 7.572 Thread 0x00000210b1974e10 Uncommon trap: trap_request=0xffffff45 fr.pc=0x00000210c2898208 relative=0x0000000000003b48
Event: 7.572 Thread 0x00000210b1974e10 Uncommon trap: reason=unstable_if action=reinterpret pc=0x00000210c2898208 method=java.net.URL.<init>(Ljava/net/URL;Ljava/lang/String;Ljava/net/URLStreamHandler;)V @ 57 c2
Event: 7.572 Thread 0x00000210b1974e10 DEOPT PACKING pc=0x00000210c2898208 sp=0x0000008ae28fe250
Event: 7.572 Thread 0x00000210b1974e10 DEOPT UNPACKING pc=0x00000210bad423a3 sp=0x0000008ae28fe1f0 mode 2
Event: 7.572 Thread 0x00000210b1974e10 Uncommon trap: trap_request=0xffffff45 fr.pc=0x00000210c28499d8 relative=0x0000000000000678
Event: 7.572 Thread 0x00000210b1974e10 Uncommon trap: reason=unstable_if action=reinterpret pc=0x00000210c28499d8 method=java.lang.String.regionMatches(ZILjava/lang/String;II)Z @ 36 c2
Event: 7.572 Thread 0x00000210b1974e10 DEOPT PACKING pc=0x00000210c28499d8 sp=0x0000008ae28fe1a0
Event: 7.572 Thread 0x00000210b1974e10 DEOPT UNPACKING pc=0x00000210bad423a3 sp=0x0000008ae28fe148 mode 2
Event: 7.931 Thread 0x00000210b1974e10 Uncommon trap: trap_request=0xffffff45 fr.pc=0x00000210c28b588c relative=0x00000000000000ec
Event: 7.931 Thread 0x00000210b1974e10 Uncommon trap: reason=unstable_if action=reinterpret pc=0x00000210c28b588c method=java.lang.ClassLoader.getClassLoadingLock(Ljava/lang/String;)Ljava/lang/Object; @ 6 c2
Event: 7.931 Thread 0x00000210b1974e10 DEOPT PACKING pc=0x00000210c28b588c sp=0x0000008ae28f9da0
Event: 7.931 Thread 0x00000210b1974e10 DEOPT UNPACKING pc=0x00000210bad423a3 sp=0x0000008ae28f9d40 mode 2

Classes loaded (20 events):
Event: 7.340 Loading class java/util/Base64
Event: 7.340 Loading class java/util/Base64 done
Event: 7.340 Loading class java/util/Base64$Decoder
Event: 7.341 Loading class java/util/Base64$Decoder done
Event: 7.341 Loading class java/util/Base64$Encoder
Event: 7.341 Loading class java/util/Base64$Encoder done
Event: 7.342 Loading class java/util/jar/JarVerifier$VerifierStream
Event: 7.343 Loading class java/util/jar/JarVerifier$VerifierStream done
Event: 7.343 Loading class sun/security/util/ManifestEntryVerifier$SunProviderHolder
Event: 7.343 Loading class sun/security/util/ManifestEntryVerifier$SunProviderHolder done
Event: 7.388 Loading class java/util/ResourceBundle$Control$1
Event: 7.388 Loading class java/util/ResourceBundle$Control$1 done
Event: 7.399 Loading class java/net/SocketImplFactory
Event: 7.399 Loading class java/net/SocketImplFactory done
Event: 7.502 Loading class javax/naming/Referenceable
Event: 7.502 Loading class javax/naming/Referenceable done
Event: 7.829 Loading class java/lang/Process
Event: 7.829 Loading class java/lang/Process done
Event: 7.858 Loading class java/lang/reflect/GenericSignatureFormatError
Event: 7.858 Loading class java/lang/reflect/GenericSignatureFormatError done

Classes unloaded (0 events):
No events

Classes redefined (0 events):
No events

Internal exceptions (20 events):
Event: 5.912 Thread 0x00000210b1974e10 Exception <a 'java/lang/NoSuchMethodError'{0x00000000c3caa568}: 'java.lang.Object java.lang.invoke.DirectMethodHandle$Holder.invokeVirtual(java.lang.Object, java.lang.Object, java.lang.Object, java.lang.Object, java.lang.Object)'> (0x00000000c3caa568) 
thrown [s\src\hotspot\share\interpreter\linkResolver.cpp, line 759]
Event: 6.096 Thread 0x00000210b1974e10 Implicit null exception at 0x00000210c28f27cb to 0x00000210c28f2bb0
Event: 6.097 Thread 0x00000210b1974e10 Exception <a 'java/lang/NoSuchMethodError'{0x00000000c396aed0}: 'java.lang.reflect.Field[] java.lang.Class.getDeclaredFields(java.lang.Class)'> (0x00000000c396aed0) 
thrown [s\src\hotspot\share\interpreter\linkResolver.cpp, line 759]
Event: 6.160 Thread 0x00000210b1974e10 Exception <a 'java/lang/NoSuchMethodError'{0x00000000c388ed38}: 'void java.lang.invoke.DirectMethodHandle$Holder.invokeInterface(java.lang.Object, java.lang.Object, int)'> (0x00000000c388ed38) 
thrown [s\src\hotspot\share\interpreter\linkResolver.cpp, line 759]
Event: 6.173 Thread 0x00000210b1974e10 Exception <a 'java/lang/IncompatibleClassChangeError'{0x00000000c38deee0}: Found class java.lang.Object, but interface was expected> (0x00000000c38deee0) 
thrown [s\src\hotspot\share\interpreter\linkResolver.cpp, line 826]
Event: 6.176 Thread 0x00000210b1974e10 Exception <a 'java/lang/NoSuchMethodError'{0x00000000c38e3fd8}: 'void java.lang.invoke.DirectMethodHandle$Holder.invokeStatic(java.lang.Object, int, java.lang.Object)'> (0x00000000c38e3fd8) 
thrown [s\src\hotspot\share\interpreter\linkResolver.cpp, line 759]
Event: 6.388 Thread 0x00000210b1974e10 Exception <a 'java/lang/NoSuchMethodError'{0x00000000c34d0ca8}: 'java.lang.Object java.lang.invoke.DirectMethodHandle$Holder.invokeStaticInit(java.lang.Object, int, int, int, int)'> (0x00000000c34d0ca8) 
thrown [s\src\hotspot\share\interpreter\linkResolver.cpp, line 759]
Event: 6.498 Thread 0x00000210b1974e10 Exception <a 'java/lang/NoSuchMethodError'{0x00000000c33a8b78}: 'java.lang.Object java.lang.invoke.DirectMethodHandle$Holder.invokeStaticInit(java.lang.Object, java.lang.Object, int, int, int, int)'> (0x00000000c33a8b78) 
thrown [s\src\hotspot\share\interpreter\linkResolver.cpp, line 759]
Event: 6.609 Thread 0x00000210b1974e10 Exception <a 'java/lang/NoSuchMethodError'{0x00000000c3014028}: 'int java.lang.invoke.DirectMethodHandle$Holder.invokeVirtual(java.lang.Object, java.lang.Object, java.lang.Object, java.lang.Object)'> (0x00000000c3014028) 
thrown [s\src\hotspot\share\interpreter\linkResolver.cpp, line 759]
Event: 6.610 Thread 0x00000210b1974e10 Exception <a 'java/lang/NoSuchMethodError'{0x00000000c3017d28}: 'int java.lang.invoke.DelegatingMethodHandle$Holder.reinvoke_L(java.lang.Object, java.lang.Object, java.lang.Object, java.lang.Object)'> (0x00000000c3017d28) 
thrown [s\src\hotspot\share\interpreter\linkResolver.cpp, line 759]
Event: 6.769 Thread 0x00000210b1974e10 Exception <a 'java/lang/NoSuchMethodError'{0x00000000c2e86818}: 'java.lang.Object java.lang.invoke.DirectMethodHandle$Holder.invokeSpecial(java.lang.Object, java.lang.Object, long, java.lang.Object, java.lang.Object, java.lang.Object, java.lang.Object, java.lang.Object, java.lang.Object)'> (0x00000000c2e86818) 
thrown [s\src\hotspot\share\interpreter\linkResolver.cpp, line 759]
Event: 6.769 Thread 0x00000210b1974e10 Exception <a 'java/lang/NoSuchMethodError'{0x00000000c2e8b5a8}: 'java.lang.Object java.lang.invoke.DelegatingMethodHandle$Holder.reinvoke_L(java.lang.Object, long, java.lang.Object, java.lang.Object, java.lang.Object, java.lang.Object, java.lang.Object, java.lang.Object)'> (0x00000000c2e8b5a8) 
thrown [s\src\hotspot\share\interpreter\linkResolver.cpp, line 759]
Event: 6.771 Thread 0x00000210b1974e10 Exception <a 'java/lang/NoSuchMethodError'{0x00000000c2e97fa0}: 'java.lang.Object java.lang.invoke.Invokers$Holder.linkToTargetMethod(java.lang.Object, java.lang.Object, java.lang.Object, java.lang.Object, java.lang.Object, java.lang.Object, java.lang.Object)'> (0x00000000c2e97fa0) 
thrown [s\src\hotspot\share\interpreter\linkResolver.cpp, line 759]
Event: 6.945 Thread 0x00000210b1974e10 Exception <a 'java/io/FileNotFoundException'{0x00000000c2b394e0}> (0x00000000c2b394e0) 
thrown [s\src\hotspot\share\prims\jni.cpp, line 516]
Event: 6.990 Thread 0x00000210b1974e10 Exception <a 'java/lang/NoSuchMethodError'{0x00000000c2a89ee8}: 'int java.lang.invoke.DirectMethodHandle$Holder.invokeInterface(java.lang.Object, java.lang.Object, java.lang.Object, java.lang.Object)'> (0x00000000c2a89ee8) 
thrown [s\src\hotspot\share\interpreter\linkResolver.cpp, line 759]
Event: 7.083 Thread 0x00000210b1974e10 Exception <a 'java/lang/NoSuchMethodError'{0x00000000c287e640}: 'long java.lang.invoke.DirectMethodHandle$Holder.invokeVirtual(java.lang.Object, java.lang.Object)'> (0x00000000c287e640) 
thrown [s\src\hotspot\share\interpreter\linkResolver.cpp, line 759]
Event: 7.229 Thread 0x00000210b1974e10 Exception <a 'java/lang/NoSuchMethodError'{0x00000000c5340a68}: 'int java.lang.invoke.DirectMethodHandle$Holder.invokeStatic(java.lang.Object, int, java.lang.Object)'> (0x00000000c5340a68) 
thrown [s\src\hotspot\share\interpreter\linkResolver.cpp, line 759]
Event: 7.452 Thread 0x00000210b1974e10 Exception <a 'java/lang/NoSuchMethodError'{0x00000000c3df5990}: 'java.lang.Object java.lang.invoke.DirectMethodHandle$Holder.newInvokeSpecial(java.lang.Object, java.lang.Object, java.lang.Object, java.lang.Object, java.lang.Object, java.lang.Object, java.lang.Object, java.lang.Object, java.lang.Object, java.lang.Object, java.lang.Object)'> (0x00000000c3df5990) 
thrown [s\src\hotspot\share\interpreter\linkResolver.cpp, line 759]
Event: 7.452 Thread 0x00000210b1974e10 Exception <a 'java/lang/NoSuchMethodError'{0x00000000c3dfae10}: 'java.lang.Object java.lang.invoke.DirectMethodHandle$Holder.invokeSpecial(java.lang.Object, java.lang.Object, java.lang.Object, java.lang.Object, java.lang.Object, java.lang.Object, java.lang.Object, java.lang.Object, java.lang.Object, java.lang.Object, java.lang.Object, java.lang.Object)'> (0x00000000c3dfae10) 
thrown [s\src\hotspot\share\interpreter\linkResolver.cpp, line 759]
Event: 7.644 Thread 0x00000210b1974e10 Exception <a 'java/lang/NoSuchMethodError'{0x00000000c39088c0}: 'void java.lang.invoke.DelegatingMethodHandle$Holder.reinvoke_L(java.lang.Object, java.lang.Object, java.lang.Object, java.lang.Object, int, java.lang.Object, java.lang.Object, java.lang.Object)'> (0x00000000c39088c0) 
thrown [s\src\hotspot\share\interpreter\linkResolver.cpp, line 759]

VM Operations (20 events):
Event: 6.878 Executing VM operation: HandshakeAllThreads done
Event: 6.935 Executing VM operation: HandshakeAllThreads
Event: 6.935 Executing VM operation: HandshakeAllThreads done
Event: 7.025 Executing VM operation: HandshakeAllThreads
Event: 7.025 Executing VM operation: HandshakeAllThreads done
Event: 7.025 Executing VM operation: HandshakeAllThreads
Event: 7.025 Executing VM operation: HandshakeAllThreads done
Event: 7.104 Executing VM operation: HandshakeAllThreads
Event: 7.105 Executing VM operation: HandshakeAllThreads done
Event: 7.136 Executing VM operation: ICBufferFull
Event: 7.136 Executing VM operation: ICBufferFull done
Event: 7.145 Executing VM operation: G1CollectForAllocation
Event: 7.162 Executing VM operation: G1CollectForAllocation done
Event: 7.188 Executing VM operation: G1CollectForAllocation
Event: 7.201 Executing VM operation: G1CollectForAllocation done
Event: 7.231 Executing VM operation: HandshakeAllThreads
Event: 7.231 Executing VM operation: HandshakeAllThreads done
Event: 7.764 Executing VM operation: HandshakeAllThreads
Event: 7.764 Executing VM operation: HandshakeAllThreads done
Event: 8.138 Executing VM operation: G1CollectForAllocation

Events (20 events):
Event: 0.473 Loaded shared library C:\Users\ERIN_JAVALead\.jdks\corretto-18.0.2\bin\nio.dll
Event: 0.481 Loaded shared library C:\Users\ERIN_JAVALead\.jdks\corretto-18.0.2\bin\zip.dll
Event: 0.804 Loaded shared library C:\Program Files\JetBrains\IntelliJ IDEA Community Edition 2021.3.3\bin\breakgen64.dll
Event: 0.805 Thread 0x00000210d31aabf0 Thread added: 0x00000210d31aabf0
Event: 0.805 Thread 0x00000210d32983e0 Thread added: 0x00000210d32983e0
Event: 0.904 Loaded shared library C:\Users\ERIN_JAVALead\.jdks\corretto-18.0.2\bin\jimage.dll
Event: 2.482 Thread 0x00000210d37c7580 Thread added: 0x00000210d37c7580
Event: 2.705 Thread 0x00000210d3acc920 Thread added: 0x00000210d3acc920
Event: 2.931 Loaded shared library C:\Users\ERIN_JAVALead\.jdks\corretto-18.0.2\bin\verify.dll
Event: 3.326 Thread 0x00000210d37c7580 Thread exited: 0x00000210d37c7580
Event: 3.604 Thread 0x00000210d3acc920 Thread exited: 0x00000210d3acc920
Event: 3.756 Thread 0x00000210d3f2c8e0 Thread added: 0x00000210d3f2c8e0
Event: 3.809 Thread 0x00000210d3f2c8e0 Thread exited: 0x00000210d3f2c8e0
Event: 3.877 Thread 0x00000210d3f2c8e0 Thread added: 0x00000210d3f2c8e0
Event: 6.864 Loaded shared library C:\Users\ERIN_JAVALead\.jdks\corretto-18.0.2\bin\sunmscapi.dll
Event: 6.924 Loaded shared library C:\Users\ERIN_JAVALead\.jdks\corretto-18.0.2\bin\management.dll
Event: 6.928 Loaded shared library C:\Users\ERIN_JAVALead\.jdks\corretto-18.0.2\bin\management_ext.dll
Event: 7.120 Thread 0x00000210d39b9180 Thread added: 0x00000210d39b9180
Event: 7.122 Thread 0x00000210d4f41250 Thread added: 0x00000210d4f41250
Event: 7.133 Thread 0x00000210d4f43fa0 Thread added: 0x00000210d4f43fa0


Dynamic libraries:
0x00007ff705e00000 - 0x00007ff705e0d000 	C:\Users\ERIN_JAVALead\.jdks\corretto-18.0.2\bin\java.exe
0x00007ffe83750000 - 0x00007ffe83947000 	C:\WINDOWS\SYSTEM32\ntdll.dll
0x00007ffe82740000 - 0x00007ffe827fd000 	C:\WINDOWS\System32\KERNEL32.DLL
0x00007ffe81200000 - 0x00007ffe814f6000 	C:\WINDOWS\System32\KERNELBASE.dll
0x00007ffe80ff0000 - 0x00007ffe810f0000 	C:\WINDOWS\System32\ucrtbase.dll
0x00007ffe6dea0000 - 0x00007ffe6deb7000 	C:\Users\ERIN_JAVALead\.jdks\corretto-18.0.2\bin\jli.dll
0x00007ffe81cf0000 - 0x00007ffe81e8e000 	C:\WINDOWS\System32\USER32.dll
0x00007ffe811a0000 - 0x00007ffe811c2000 	C:\WINDOWS\System32\win32u.dll
0x00007ffe82a60000 - 0x00007ffe82a8c000 	C:\WINDOWS\System32\GDI32.dll
0x00007ffe815f0000 - 0x00007ffe8170a000 	C:\WINDOWS\System32\gdi32full.dll
0x00007ffe81500000 - 0x00007ffe8159d000 	C:\WINDOWS\System32\msvcp_win.dll
0x00007ffe6e180000 - 0x00007ffe6e195000 	C:\Users\ERIN_JAVALead\.jdks\corretto-18.0.2\bin\VCRUNTIME140.dll
0x00007ffe6bfb0000 - 0x00007ffe6c24a000 	C:\WINDOWS\WinSxS\amd64_microsoft.windows.common-controls_6595b64144ccf1df_6.0.19041.3570_none_60bb2a3971f3e41a\COMCTL32.dll
0x00007ffe81780000 - 0x00007ffe8181e000 	C:\WINDOWS\System32\msvcrt.dll
0x00007ffe818e0000 - 0x00007ffe81910000 	C:\WINDOWS\System32\IMM32.DLL
0x00007ffe5b400000 - 0x00007ffe5b49b000 	C:\Users\ERIN_JAVALead\.jdks\corretto-18.0.2\bin\msvcp140.dll
0x00007ffe3e1d0000 - 0x00007ffe3ee41000 	C:\Users\ERIN_JAVALead\.jdks\corretto-18.0.2\bin\server\jvm.dll
0x00007ffe833c0000 - 0x00007ffe8346e000 	C:\WINDOWS\System32\ADVAPI32.dll
0x00007ffe82a90000 - 0x00007ffe82b2c000 	C:\WINDOWS\System32\sechost.dll
0x00007ffe834d0000 - 0x00007ffe835f6000 	C:\WINDOWS\System32\RPCRT4.dll
0x00007ffe822c0000 - 0x00007ffe822c8000 	C:\WINDOWS\System32\PSAPI.DLL
0x00007ffe7c940000 - 0x00007ffe7c949000 	C:\WINDOWS\SYSTEM32\WSOCK32.dll
0x00007ffe81910000 - 0x00007ffe8197b000 	C:\WINDOWS\System32\WS2_32.dll
0x00007ffe60c10000 - 0x00007ffe60c37000 	C:\WINDOWS\SYSTEM32\WINMM.dll
0x00007ffe7ba10000 - 0x00007ffe7ba1a000 	C:\WINDOWS\SYSTEM32\VERSION.dll
0x00007ffe7eca0000 - 0x00007ffe7ecb2000 	C:\WINDOWS\SYSTEM32\kernel.appcore.dll
0x00007ffe7e5a0000 - 0x00007ffe7e5aa000 	C:\Users\ERIN_JAVALead\.jdks\corretto-18.0.2\bin\jimage.dll
0x00007ffe6df40000 - 0x00007ffe6e124000 	C:\WINDOWS\SYSTEM32\DBGHELP.DLL
0x00007ffe6de40000 - 0x00007ffe6de74000 	C:\WINDOWS\SYSTEM32\dbgcore.DLL
0x00007ffe80f60000 - 0x00007ffe80fe2000 	C:\WINDOWS\System32\bcryptPrimitives.dll
0x00007ffe6e640000 - 0x00007ffe6e64e000 	C:\Users\ERIN_JAVALead\.jdks\corretto-18.0.2\bin\instrument.dll
0x00007ffe64580000 - 0x00007ffe645a5000 	C:\Users\ERIN_JAVALead\.jdks\corretto-18.0.2\bin\java.dll
0x00007ffe4cde0000 - 0x00007ffe4ceb6000 	C:\Users\ERIN_JAVALead\.jdks\corretto-18.0.2\bin\jsvml.dll
0x00007ffe82be0000 - 0x00007ffe83324000 	C:\WINDOWS\System32\SHELL32.dll
0x00007ffe7eea0000 - 0x00007ffe7f63b000 	C:\WINDOWS\SYSTEM32\windows.storage.dll
0x00007ffe81f60000 - 0x00007ffe822b4000 	C:\WINDOWS\System32\combase.dll
0x00007ffe80770000 - 0x00007ffe8079d000 	C:\WINDOWS\SYSTEM32\Wldp.dll
0x00007ffe82b30000 - 0x00007ffe82bdd000 	C:\WINDOWS\System32\SHCORE.dll
0x00007ffe81c90000 - 0x00007ffe81ce5000 	C:\WINDOWS\System32\shlwapi.dll
0x00007ffe80d30000 - 0x00007ffe80d55000 	C:\WINDOWS\SYSTEM32\profapi.dll
0x00007ffe62910000 - 0x00007ffe62928000 	C:\Users\ERIN_JAVALead\.jdks\corretto-18.0.2\bin\zip.dll
0x00007ffe64470000 - 0x00007ffe64483000 	C:\Users\ERIN_JAVALead\.jdks\corretto-18.0.2\bin\net.dll
0x00007ffe7a590000 - 0x00007ffe7a69a000 	C:\WINDOWS\SYSTEM32\WINHTTP.dll
0x00007ffe804d0000 - 0x00007ffe8053a000 	C:\WINDOWS\system32\mswsock.dll
0x00007ffe64450000 - 0x00007ffe64465000 	C:\Users\ERIN_JAVALead\.jdks\corretto-18.0.2\bin\nio.dll
0x00007ffe628f0000 - 0x00007ffe6290a000 	C:\Program Files\JetBrains\IntelliJ IDEA Community Edition 2021.3.3\bin\breakgen64.dll
0x00007ffe6e480000 - 0x00007ffe6e490000 	C:\Users\ERIN_JAVALead\.jdks\corretto-18.0.2\bin\verify.dll
0x00007ffe806d0000 - 0x00007ffe806e8000 	C:\WINDOWS\SYSTEM32\CRYPTSP.dll
0x00007ffe7fde0000 - 0x00007ffe7fe14000 	C:\WINDOWS\system32\rsaenh.dll
0x00007ffe811d0000 - 0x00007ffe811f7000 	C:\WINDOWS\System32\bcrypt.dll
0x00007ffe80cf0000 - 0x00007ffe80d1e000 	C:\WINDOWS\SYSTEM32\USERENV.dll
0x00007ffe806c0000 - 0x00007ffe806cc000 	C:\WINDOWS\SYSTEM32\CRYPTBASE.dll
0x00007ffe801c0000 - 0x00007ffe801fb000 	C:\WINDOWS\SYSTEM32\IPHLPAPI.DLL
0x00007ffe82920000 - 0x00007ffe82928000 	C:\WINDOWS\System32\NSI.dll
0x00007ffe7ac40000 - 0x00007ffe7ac57000 	C:\WINDOWS\SYSTEM32\dhcpcsvc6.DLL
0x00007ffe7aca0000 - 0x00007ffe7acbd000 	C:\WINDOWS\SYSTEM32\dhcpcsvc.DLL
0x00007ffe80200000 - 0x00007ffe802ca000 	C:\WINDOWS\SYSTEM32\DNSAPI.dll
0x00007ffe643c0000 - 0x00007ffe643ce000 	C:\Users\ERIN_JAVALead\.jdks\corretto-18.0.2\bin\sunmscapi.dll
0x00007ffe80e00000 - 0x00007ffe80f5d000 	C:\WINDOWS\System32\CRYPT32.dll
0x00007ffe807e0000 - 0x00007ffe80807000 	C:\WINDOWS\SYSTEM32\ncrypt.dll
0x00007ffe807a0000 - 0x00007ffe807db000 	C:\WINDOWS\SYSTEM32\NTASN1.dll
0x00007ffe65e30000 - 0x00007ffe65e39000 	C:\Users\ERIN_JAVALead\.jdks\corretto-18.0.2\bin\management.dll
0x00007ffe64570000 - 0x00007ffe6457b000 	C:\Users\ERIN_JAVALead\.jdks\corretto-18.0.2\bin\management_ext.dll

dbghelp: loaded successfully - version: 4.0.5 - missing functions: none
symbol engine: initialized successfully - sym options: 0x614 - pdb path: .;C:\Users\ERIN_JAVALead\.jdks\corretto-18.0.2\bin;C:\WINDOWS\SYSTEM32;C:\WINDOWS\WinSxS\amd64_microsoft.windows.common-controls_6595b64144ccf1df_6.0.19041.3570_none_60bb2a3971f3e41a;C:\Users\ERIN_JAVALead\.jdks\corretto-18.0.2\bin\server;C:\Program Files\JetBrains\IntelliJ IDEA Community Edition 2021.3.3\bin

VM Arguments:
jvm_args: -javaagent:C:\Program Files\JetBrains\IntelliJ IDEA Community Edition 2021.3.3\lib\idea_rt.jar=53496:C:\Program Files\JetBrains\IntelliJ IDEA Community Edition 2021.3.3\bin -Dfile.encoding=UTF-8 
java_command: com.devskiller.tasks.blog.BlogApplication
java_class_path (initial): C:\Users\ERIN_JAVALead\Downloads\devskiller-code-U32X-W3E7-T2E6-S3F\target\classes;C:\Users\ERIN_JAVALead\.m2\repository\org\springframework\boot\spring-boot-starter-data-jpa\3.0.0\spring-boot-starter-data-jpa-3.0.0.jar;C:\Users\ERIN_JAVALead\.m2\repository\org\springframework\boot\spring-boot-starter-aop\3.0.0\spring-boot-starter-aop-3.0.0.jar;C:\Users\ERIN_JAVALead\.m2\repository\org\springframework\spring-aop\6.0.2\spring-aop-6.0.2.jar;C:\Users\ERIN_JAVALead\.m2\repository\org\aspectj\aspectjweaver\1.9.9.1\aspectjweaver-1.9.9.1.jar;C:\Users\ERIN_JAVALead\.m2\repository\org\springframework\boot\spring-boot-starter-jdbc\3.0.0\spring-boot-starter-jdbc-3.0.0.jar;C:\Users\ERIN_JAVALead\.m2\repository\com\zaxxer\HikariCP\5.0.1\HikariCP-5.0.1.jar;C:\Users\ERIN_JAVALead\.m2\repository\org\springframework\spring-jdbc\6.0.2\spring-jdbc-6.0.2.jar;C:\Users\ERIN_JAVALead\.m2\repository\org\hibernate\orm\hibernate-core\6.1.5.Final\hibernate-core-6.1.5.Final.jar;C:\Users\ERIN_JAVALead\.m2\repository\jakarta\persistence\jakarta.persistence-api\3.1.0\jakarta.persistence-api-3.1.0.jar;C:\Users\ERIN_JAVALead\.m2\repository\jakarta\transaction\jakarta.transaction-api\2.0.1\jakarta.transaction-api-2.0.1.jar;C:\Users\ERIN_JAVALead\.m2\repository\org\jboss\logging\jboss-logging\3.5.0.Final\jboss-logging-3.5.0.Final.jar;C:\Users\ERIN_JAVALead\.m2\repository\org\hibernate\common\hibernate-commons-annotations\6.0.2.Final\hibernate-commons-annotations-6.0.2.Final.jar;C:\Users\ERIN_JAVALead\.m2\repository\org\jboss\jandex\2.4.2.Final\jandex-2.4.2.Final.jar;C:\Users\ERIN_JAVALead\.m2\repository\com\fasterxml\classmate\1.5.1\classmate-1.5.1.jar;C:\Users\ERIN_JAVALead\.m2\repository\net\bytebuddy\byte-buddy\1.12.19\byte-buddy-1.12.19.jar;C:\Users\ERIN_JAVALead\.m2\repository\org\glassfish\jaxb\jaxb-runtime\4.0.1\jaxb-runtime-4.0.1.jar;C:\Users\ERIN_JAVALead\.m2\repository\org\glassfish\jaxb\jaxb-core\4.0.1\jaxb-core-4.0.1.jar;C:\Users\ERIN_JAVALead\.m2\repository\org\eclipse\angus\angus-activation\1.0.0\angus-activation-1.0.0.jar;C:\Users\ERIN_JAVALead\.m2\repository\org\glassfish\jaxb\txw2\4.0.1\txw2-4.0.1.jar;C:\Users\ERIN_JAVALead\.m2\repository\com\sun\istack\istack-commons-runtime\4.1.1\istack-commons-runtime-4.1.1.jar;C:\Users\ERIN_JAVALead\.m2\repository\jakarta\inject\jakarta.inject-api\2.0.0\jakarta.inject-api-2.0.0.jar;C:\Users\ERIN_JAVALead\.m2\repository\org\antlr\antlr4-runtime\4.10.1\antlr4-runtime-4.10.1.jar;C:\Users\ERIN_JAVALead\.m2\repository\org\springframework\data\spring-data-jpa\3.0.0\spring-data-jpa-3.0.0.jar;C:\Users\ERIN_JAVALead\.m2\repository\org\springframework\data\spring-data-commons\3.0.0\spring-data-commons-3.0.0.jar;C:\Users\ERIN_JAVALead\.m2\repository\org\springframework\spring-orm\6.0.2\spring-orm-6.0.2.jar;C:\Users\ERIN_JAVALead\.m2\repository\org\springframework\spring-context\6.0.2\spring-context-6.0.2.jar;C:\Users\ERIN_JAVALead\.m2\repository\org\springframework\spring-tx\6.0.2\spring-tx-6.0.2.jar;C:\Users\ERIN_JAVALead\.m2\repository\org\springframework\spring-beans\6.0.2\spring-beans-6.0.2.jar;C:\Users\ERIN_JAVALead\.m2\repository\jakarta\annotation\jakarta.annotation-api\2.1.1\jakarta.annotation-api-2.1.1.jar;C:\Users\ERIN_JAVALead\.m2\repository\org\slf4j\slf4j-api\2.0.4\slf4j-api-2.0.4.jar;C:\Users\ERIN_JAVALead\.m2\repository\org\springframework\spring-aspects\6.0.2\spring-aspects-6.0.2.jar;C:\Users\ERIN_JAVALead\.m2\repository\org\springframework\boot\spring-boot-starter-web\2.4.2\spring-boot-starter-web-2.4.2.jar;C:\Users\ERIN_JAVALead\.m2\repository\org\springframework\boot\spring-boot-starter\3.0.0\spring-boot-starter-3.0.0.jar;C:\Users\ERIN_JAVALead\.m2\repository\org\springframework\boot\spring-boot\3.0.0\spring-boot-3.0.0.jar;C:\Users\ERIN_JAVALead\.m2\repository\org\springframework\boot\spring-boot-autoconfigure\3.0.0\spring-boot-autoconfigure-3.0.0.jar;C:\Users\ERIN_JAVALead\.m2\repository\org\springframework\boot\spring-boot-starter-logging\3.0.0\spring-boot-starter-logging-3.0.0.jar;C:\Users\ERIN_JAVALead\.m2\repository\ch\qos\logback\logback-classic\1.4.5\logback-classic-1.4.5.jar;C:\Users\ERIN_JAVALead\.m2\repository\ch\qos\logback\logback-core\1.4.5\logback-core-1.4.5.jar;C:\Users\ERIN_JAVALead\.m2\repository\org\apache\logging\log4j\log4j-to-slf4j\2.19.0\log4j-to-slf4j-2.19.0.jar;C:\Users\ERIN_JAVALead\.m2\repository\org\slf4j\jul-to-slf4j\2.0.4\jul-to-slf4j-2.0.4.jar;C:\Users\ERIN_JAVALead\.m2\repository\org\yaml\snakeyaml\1.33\snakeyaml-1.33.jar;C:\Users\ERIN_JAVALead\.m2\repository\org\springframework\boot\spring-boot-starter-json\3.0.0\spring-boot-starter-json-3.0.0.jar;C:\Users\ERIN_JAVALead\.m2\repository\com\fasterxml\jackson\core\jackson-databind\2.14.1\jackson-databind-2.14.1.jar;C:\Users\ERIN_JAVALead\.m2\repository\com\fasterxml\jackson\core\jackson-annotations\2.14.1\jackson-annotations-2.14.1.jar;C:\Users\ERIN_JAVALead\.m2\repository\com\fasterxml\jackson\core\jackson-core\2.14.1\jackson-core-2.14.1.jar;C:\Users\ERIN_JAVALead\.m2\repository\com\fasterxml\jackson\datatype\jackson-datatype-jdk8\2.14.1\jackson-datatype-jdk8-2.14.1.jar;C:\Users\ERIN_JAVALead\.m2\repository\com\fasterxml\jackson\datatype\jackson-datatype-jsr310\2.14.1\jackson-datatype-jsr310-2.14.1.jar;C:\Users\ERIN_JAVALead\.m2\repository\com\fasterxml\jackson\module\jackson-module-parameter-names\2.14.1\jackson-module-parameter-names-2.14.1.jar;C:\Users\ERIN_JAVALead\.m2\repository\org\springframework\boot\spring-boot-starter-tomcat\3.0.0\spring-boot-starter-tomcat-3.0.0.jar;C:\Users\ERIN_JAVALead\.m2\repository\org\apache\tomcat\embed\tomcat-embed-core\10.1.1\tomcat-embed-core-10.1.1.jar;C:\Users\ERIN_JAVALead\.m2\repository\org\apache\tomcat\embed\tomcat-embed-el\10.1.1\tomcat-embed-el-10.1.1.jar;C:\Users\ERIN_JAVALead\.m2\repository\org\apache\tomcat\embed\tomcat-embed-websocket\10.1.1\tomcat-embed-websocket-10.1.1.jar;C:\Users\ERIN_JAVALead\.m2\repository\org\springframework\spring-web\6.0.2\spring-web-6.0.2.jar;C:\Users\ERIN_JAVALead\.m2\repository\io\micrometer\micrometer-observation\1.10.2\micrometer-observation-1.10.2.jar;C:\Users\ERIN_JAVALead\.m2\repository\io\micrometer\micrometer-commons\1.10.2\micrometer-commons-1.10.2.jar;C:\Users\ERIN_JAVALead\.m2\repository\org\springframework\spring-webmvc\6.0.2\spring-webmvc-6.0.2.jar;C:\Users\ERIN_JAVALead\.m2\repository\org\springframework\spring-expression\6.0.2\spring-expression-6.0.2.jar;C:\Users\ERIN_JAVALead\.m2\repository\com\microsoft\sqlserver\mssql-jdbc\12.4.1.jre11\mssql-jdbc-12.4.1.jre11.jar;C:\Users\ERIN_JAVALead\.m2\repository\com\h2database\h2\2.1.214\h2-2.1.214.jar;C:\Users\ERIN_JAVALead\.m2\repository\jakarta\xml\bind\jakarta.xml.bind-api\4.0.0\jakarta.xml.bind-api-4.0.0.jar;C:\Users\ERIN_JAVALead\.m2\repository\jakarta\activation\jakarta.activation-api\2.1.0\jakarta.activation-api-2.1.0.jar;C:\Users\ERIN_JAVALead\.m2\repository\org\springframework\spring-core\6.0.2\spring-core-6.0.2.jar;C:\Users\ERIN_JAVALead\.m2\repository\org\springframework\spring-jcl\6.0.2\spring-jcl-6.0.2.jar;C:\Users\ERIN_JAVALead\.m2\repository\org\apache\logging\log4j\log4j-api\2.6.1\log4j-api-2.6.1.jar;C:\Users\ERIN_JAVALead\.m2\repository\org\apache\logging\log4j\log4j-core\2.6.1\log4j-core-2.6.1.jar
Launcher Type: SUN_STANDARD

[Global flags]
     intx CICompilerCount                          = 3                                         {product} {ergonomic}
     uint ConcGCThreads                            = 1                                         {product} {ergonomic}
     uint G1ConcRefinementThreads                  = 4                                         {product} {ergonomic}
   size_t G1HeapRegionSize                         = 1048576                                   {product} {ergonomic}
    uintx GCDrainStackTargetSize                   = 64                                        {product} {ergonomic}
   size_t InitialHeapSize                          = 67108864                                  {product} {ergonomic}
   size_t MarkStackSize                            = 4194304                                   {product} {ergonomic}
   size_t MaxHeapSize                              = 1052770304                                {product} {ergonomic}
   size_t MaxNewSize                               = 631242752                                 {product} {ergonomic}
   size_t MinHeapDeltaBytes                        = 1048576                                   {product} {ergonomic}
   size_t MinHeapSize                              = 8388608                                   {product} {ergonomic}
    uintx NonNMethodCodeHeapSize                   = 5832780                                {pd product} {ergonomic}
    uintx NonProfiledCodeHeapSize                  = 122912730                              {pd product} {ergonomic}
    uintx ProfiledCodeHeapSize                     = 122912730                              {pd product} {ergonomic}
    uintx ReservedCodeCacheSize                    = 251658240                              {pd product} {ergonomic}
     bool SegmentedCodeCache                       = true                                      {product} {ergonomic}
   size_t SoftMaxHeapSize                          = 1052770304                             {manageable} {ergonomic}
     bool UseCompressedClassPointers               = true                           {product lp64_product} {ergonomic}
     bool UseCompressedOops                        = true                           {product lp64_product} {ergonomic}
     bool UseG1GC                                  = true                                      {product} {ergonomic}
     bool UseLargePagesIndividualAllocation        = false                                  {pd product} {ergonomic}

Logging:
Log output configuration:
 #0: stdout all=warning uptime,level,tags foldmultilines=false
 #1: stderr all=off uptime,level,tags foldmultilines=false

Environment Variables:
PATH=C:\WINDOWS\system32;C:\WINDOWS;C:\WINDOWS\System32\Wbem;C:\WINDOWS\System32\WindowsPowerShell\v1.0\;C:\WINDOWS\System32\OpenSSH\;C:\Program Files (x86)\nodejs\;C:\Program Files (x86)\nodejs\npm;C:\Users\ERIN_JAVALead\AppData\Roaming\npm;C:\Program Files\Git\cmd;C:\Program Files (x86)\dotnet\;C:\Program Files (x86)\Microsoft SQL Server\160\DTS\Binn\;C:\Program Files\Azure Data Studio\bin;C:\Program Files (x86)\Microsoft SQL Server\160\Tools\Binn\;C:\Program Files\Microsoft SQL Server\160\Tools\Binn\;C:\Program Files\Microsoft SQL Server\Client SDK\ODBC\170\Tools\Binn\;C:\Program Files\Microsoft SQL Server\160\DTS\Binn\;C:\Users\ERIN_JAVALead\AppData\Local\Microsoft\WindowsApps;;C:\Users\ERIN_JAVALead\AppData\Local\Programs\Microsoft VS Code\bin;C:\Users\ERIN_JAVALead\AppData\Roaming\npm;C:\Program Files\Azure Data Studio\bin
USERNAME=ERIN_JAVALead
OS=Windows_NT
PROCESSOR_IDENTIFIER=Intel64 Family 6 Model 78 Stepping 3, GenuineIntel



---------------  S Y S T E M  ---------------

OS:
 Windows 10 , 64 bit Build 19041 (10.0.19041.3570)
OS uptime: 0 days 3:07 hours

CPU: total 4 (initial active 4) (2 cores per cpu, 2 threads per core) family 6 model 78 stepping 3 microcode 0xcc, cx8, cmov, fxsr, ht, mmx, 3dnowpref, sse, sse2, sse3, ssse3, sse4.1, sse4.2, popcnt, lzcnt, tsc, tscinvbit, avx, avx2, aes, erms, clmul, bmi1, bmi2, adx, fma, vzeroupper, clflush, clflushopt

Memory: 4k page, system-wide physical 4012M (366M free)
TotalPageFile size 6060M (AvailPageFile size 11M)
current process WorkingSet (physical memory assigned to process): 166M, peak: 169M
current process commit charge ("private bytes"): 214M, peak: 244M

vm_info: OpenJDK 64-Bit Server VM (18.0.2+9-FR) for windows-amd64 JRE (18.0.2+9-FR), built on Jul 15 2022 20:03:03 by "Administrator" with MS VC++ 15.9 (VS2017)

END.
