#
# There is insufficient memory for the Java Runtime Environment to continue.
# Native memory allocation (malloc) failed to allocate 1955696 bytes for Chunk::new
# Possible reasons:
#   The system is out of physical RAM or swap space
#   The process is running with CompressedOops enabled, and the Java Heap may be blocking the growth of the native heap
# Possible solutions:
#   Reduce memory load on the system
#   Increase physical memory or swap space
#   Check if swap backing store is full
#   Decrease Java heap size (-Xmx/-Xms)
#   Decrease number of Java threads
#   Decrease Java thread stack sizes (-Xss)
#   Set larger code cache with -XX:ReservedCodeCacheSize=
#   JVM is running with Unscaled Compressed Oops mode in which the Java heap is
#     placed in the first 4GB address space. The Java Heap base address is the
#     maximum limit for the native heap growth. Please use -XX:HeapBaseMinAddress
#     to set the Java Heap base and to place the Java Heap above 4GB virtual address.
# This output file may be truncated or incomplete.
#
#  Out of Memory Error (arena.cpp:184), pid=1184, tid=9448
#
# JRE version: OpenJDK Runtime Environment Corretto-18.0.2.9.1 (18.0.2+9) (build 18.0.2+9-FR)
# Java VM: OpenJDK 64-Bit Server VM Corretto-18.0.2.9.1 (18.0.2+9-FR, mixed mode, sharing, tiered, compressed oops, compressed class ptrs, g1 gc, windows-amd64)
# No core dump will be written. Minidumps are not enabled by default on client versions of Windows
#

---------------  S U M M A R Y ------------

Command Line: -javaagent:C:\Program Files\JetBrains\IntelliJ IDEA Community Edition 2021.3.3\lib\idea_rt.jar=52452:C:\Program Files\JetBrains\IntelliJ IDEA Community Edition 2021.3.3\bin -Dfile.encoding=UTF-8 com.devskiller.tasks.blog.BlogApplication

Host: Intel(R) Core(TM) i3-6006U CPU @ 2.00GHz, 4 cores, 3G,  Windows 10 , 64 bit Build 19041 (10.0.19041.3636)
Time: Mon Dec  4 23:54:37 2023 Egypt Standard Time elapsed time: 9.702528 seconds (0d 0h 0m 9s)

---------------  T H R E A D  ---------------

Current thread (0x000002042aa806e0):  JavaThread "C2 CompilerThread0" daemon [_thread_in_native, id=9448, stack(0x0000002d85c00000,0x0000002d85d00000)]


Current CompileTask:
C2:   9702 3675       4       org.springframework.core.ResolvableType::as (86 bytes)

Stack: [0x0000002d85c00000,0x0000002d85d00000]
Native frames: (J=compiled Java code, j=interpreted, Vv=VM code, C=native code)
V  [jvm.dll+0x685a2a]
V  [jvm.dll+0x82ae8d]
V  [jvm.dll+0x82c75e]
V  [jvm.dll+0x82ce03]
V  [jvm.dll+0x25ef4b]
V  [jvm.dll+0xd42d2]
V  [jvm.dll+0xd4665]
V  [jvm.dll+0x385751]
V  [jvm.dll+0x34d82a]
V  [jvm.dll+0x34cc1a]
V  [jvm.dll+0x233a65]
V  [jvm.dll+0x232f37]
V  [jvm.dll+0x1c0a35]
V  [jvm.dll+0x24212c]
V  [jvm.dll+0x240534]
V  [jvm.dll+0x7df6db]
V  [jvm.dll+0x7d9cba]
V  [jvm.dll+0x6848a5]
C  [ucrtbase.dll+0x21bb2]
C  [KERNEL32.DLL+0x17344]
C  [ntdll.dll+0x526b1]


---------------  P R O C E S S  ---------------

Threads class SMR info:
_java_thread_list=0x000002042f722900, length=16, elements={
0x000002040f4f4770, 0x000002042aa67f30, 0x000002042aa68b90, 0x000002042aa7dd30,
0x000002042aa7e6d0, 0x000002042aa7f070, 0x000002042aa7fa10, 0x000002042aa806e0,
0x000002042aadecc0, 0x000002042ab035a0, 0x000002040f5b9f80, 0x000002042eece4e0,
0x000002042f006c80, 0x000002042ffd49b0, 0x000002042ffd6b60, 0x000002042ffd6690
}

Java Threads: ( => current thread )
  0x000002040f4f4770 JavaThread "main" [_thread_in_vm, id=2908, stack(0x0000002d84f00000,0x0000002d85000000)]
  0x000002042aa67f30 JavaThread "Reference Handler" daemon [_thread_blocked, id=7628, stack(0x0000002d85600000,0x0000002d85700000)]
  0x000002042aa68b90 JavaThread "Finalizer" daemon [_thread_blocked, id=2876, stack(0x0000002d85700000,0x0000002d85800000)]
  0x000002042aa7dd30 JavaThread "Signal Dispatcher" daemon [_thread_blocked, id=9156, stack(0x0000002d85800000,0x0000002d85900000)]
  0x000002042aa7e6d0 JavaThread "Attach Listener" daemon [_thread_blocked, id=9348, stack(0x0000002d85900000,0x0000002d85a00000)]
  0x000002042aa7f070 JavaThread "Service Thread" daemon [_thread_blocked, id=8656, stack(0x0000002d85a00000,0x0000002d85b00000)]
  0x000002042aa7fa10 JavaThread "Monitor Deflation Thread" daemon [_thread_blocked, id=3268, stack(0x0000002d85b00000,0x0000002d85c00000)]
=>0x000002042aa806e0 JavaThread "C2 CompilerThread0" daemon [_thread_in_native, id=9448, stack(0x0000002d85c00000,0x0000002d85d00000)]
  0x000002042aadecc0 JavaThread "C1 CompilerThread0" daemon [_thread_blocked, id=4692, stack(0x0000002d85d00000,0x0000002d85e00000)]
  0x000002042ab035a0 JavaThread "Sweeper thread" daemon [_thread_blocked, id=4044, stack(0x0000002d85e00000,0x0000002d85f00000)]
  0x000002040f5b9f80 JavaThread "Common-Cleaner" daemon [_thread_blocked, id=5644, stack(0x0000002d85f00000,0x0000002d86000000)]
  0x000002042eece4e0 JavaThread "Monitor Ctrl-Break" daemon [_thread_in_native, id=12552, stack(0x0000002d86000000,0x0000002d86100000)]
  0x000002042f006c80 JavaThread "Notification Thread" daemon [_thread_blocked, id=7668, stack(0x0000002d86100000,0x0000002d86200000)]
  0x000002042ffd49b0 JavaThread "Catalina-utility-1" [_thread_blocked, id=8072, stack(0x0000002d86600000,0x0000002d86700000)]
  0x000002042ffd6b60 JavaThread "Catalina-utility-2" [_thread_blocked, id=10624, stack(0x0000002d86700000,0x0000002d86800000)]
  0x000002042ffd6690 JavaThread "container-0" [_thread_blocked, id=6732, stack(0x0000002d86800000,0x0000002d86900000)]

Other Threads:
  0x000002042aa63380 VMThread "VM Thread" [stack: 0x0000002d85500000,0x0000002d85600000] [id=8372]
  0x000002042eeefd70 WatcherThread "VM Periodic Task Thread" [stack: 0x0000002d86200000,0x0000002d86300000] [id=11708]
  0x000002040f534e90 WorkerThread "GC Thread#0" [stack: 0x0000002d85000000,0x0000002d85100000] [id=10828]
  0x000002042f4391e0 WorkerThread "GC Thread#1" [stack: 0x0000002d86300000,0x0000002d86400000] [id=12836]
  0x000002042f308ab0 WorkerThread "GC Thread#2" [stack: 0x0000002d86400000,0x0000002d86500000] [id=7736]
  0x000002042f309290 WorkerThread "GC Thread#3" [stack: 0x0000002d86500000,0x0000002d86600000] [id=6540]
  0x000002040f53ef50 ConcurrentGCThread "G1 Main Marker" [stack: 0x0000002d85100000,0x0000002d85200000] [id=5444]
  0x000002040f53f940 WorkerThread "G1 Conc#0" [stack: 0x0000002d85200000,0x0000002d85300000] [id=9288]
  0x000002040f566b40 ConcurrentGCThread "G1 Refine#0" [stack: 0x0000002d85300000,0x0000002d85400000] [id=6736]
  0x000002040f568460 ConcurrentGCThread "G1 Service" [stack: 0x0000002d85400000,0x0000002d85500000] [id=9992]

Threads with active compile tasks:
C2 CompilerThread0     9954 3675       4       org.springframework.core.ResolvableType::as (86 bytes)

VM state: not at safepoint (normal execution)

VM Mutex/Monitor currently owned by a thread: None

Heap address: 0x00000000c1400000, size: 1004 MB, Compressed Oops mode: 32-bit

CDS archive(s) mapped at: [0x0000000800000000-0x0000000800ba0000-0x0000000800ba0000), size 12189696, SharedBaseAddress: 0x0000000800000000, ArchiveRelocationMode: 0.
Compressed class space mapped at: 0x0000000800c00000-0x0000000840c00000, reserved size: 1073741824
Narrow klass base: 0x0000000800000000, Narrow klass shift: 0, Narrow klass range: 0x100000000

GC Precious Log:
 CardTable entry size: 512
 Card Set container configuration: InlinePtr #cards 5 size 8 Array Of Cards #cards 12 size 40 Howl #buckets 4 coarsen threshold 1843 Howl Bitmap #cards 512 size 80 coarsen threshold 460 Card regions per heap region 1 cards per card region 2048
 CPUs: 4 total, 4 available
 Memory: 4012M
 Large Page Support: Disabled
 NUMA Support: Disabled
 Compressed Oops: Enabled (32-bit)
 Heap Region Size: 1M
 Heap Min Capacity: 8M
 Heap Initial Capacity: 64M
 Heap Max Capacity: 1004M
 Pre-touch: Disabled
 Parallel Workers: 4
 Concurrent Workers: 1
 Concurrent Refinement Workers: 4
 Periodic GC: Disabled

Heap:
 garbage-first heap   total 48128K, used 29251K [0x00000000c1400000, 0x0000000100000000)
  region size 1024K, 18 young (18432K), 4 survivors (4096K)
 Metaspace       used 29583K, committed 30080K, reserved 1114112K
  class space    used 3656K, committed 3904K, reserved 1048576K

Heap Regions: E=young(eden), S=young(survivor), O=old, HS=humongous(starts), HC=humongous(continues), CS=collection set, F=free, OA=open archive, CA=closed archive, TAMS=top-at-mark-start (previous, next)
|   0|0x00000000c1400000, 0x00000000c1500000, 0x00000000c1500000|100%|HS|  |TAMS 0x00000000c1500000, 0x00000000c1400000| Complete 
|   1|0x00000000c1500000, 0x00000000c1600000, 0x00000000c1600000|100%| O|  |TAMS 0x00000000c1600000, 0x00000000c1500000| Untracked 
|   2|0x00000000c1600000, 0x00000000c1700000, 0x00000000c1700000|100%| O|  |TAMS 0x00000000c1700000, 0x00000000c1600000| Untracked 
|   3|0x00000000c1700000, 0x00000000c1800000, 0x00000000c1800000|100%| O|  |TAMS 0x00000000c1800000, 0x00000000c1700000| Untracked 
|   4|0x00000000c1800000, 0x00000000c1900000, 0x00000000c1900000|100%| O|  |TAMS 0x00000000c1900000, 0x00000000c1800000| Untracked 
|   5|0x00000000c1900000, 0x00000000c1a00000, 0x00000000c1a00000|100%| O|  |TAMS 0x00000000c1a00000, 0x00000000c1900000| Untracked 
|   6|0x00000000c1a00000, 0x00000000c1b00000, 0x00000000c1b00000|100%| O|  |TAMS 0x00000000c1b00000, 0x00000000c1a00000| Untracked 
|   7|0x00000000c1b00000, 0x00000000c1c00000, 0x00000000c1c00000|100%| O|  |TAMS 0x00000000c1b00000, 0x00000000c1b00000| Untracked 
|   8|0x00000000c1c00000, 0x00000000c1cba800, 0x00000000c1d00000| 72%| O|  |TAMS 0x00000000c1c00000, 0x00000000c1c00000| Untracked 
|   9|0x00000000c1d00000, 0x00000000c1e00000, 0x00000000c1e00000|100%| O|  |TAMS 0x00000000c1d00000, 0x00000000c1d00000| Untracked 
|  10|0x00000000c1e00000, 0x00000000c1f00000, 0x00000000c1f00000|100%| O|  |TAMS 0x00000000c1e00000, 0x00000000c1e00000| Untracked 
|  11|0x00000000c1f00000, 0x00000000c1fd6600, 0x00000000c2000000| 83%| O|  |TAMS 0x00000000c1f00000, 0x00000000c1f00000| Untracked 
|  12|0x00000000c2000000, 0x00000000c2000000, 0x00000000c2100000|  0%| F|  |TAMS 0x00000000c2000000, 0x00000000c2000000| Untracked 
|  13|0x00000000c2100000, 0x00000000c2100000, 0x00000000c2200000|  0%| F|  |TAMS 0x00000000c2100000, 0x00000000c2100000| Untracked 
|  14|0x00000000c2200000, 0x00000000c2200000, 0x00000000c2300000|  0%| F|  |TAMS 0x00000000c2200000, 0x00000000c2200000| Untracked 
|  15|0x00000000c2300000, 0x00000000c2400000, 0x00000000c2400000|100%| S|CS|TAMS 0x00000000c2300000, 0x00000000c2300000| Complete 
|  16|0x00000000c2400000, 0x00000000c2500000, 0x00000000c2500000|100%| S|CS|TAMS 0x00000000c2400000, 0x00000000c2400000| Complete 
|  17|0x00000000c2500000, 0x00000000c2600000, 0x00000000c2600000|100%| S|CS|TAMS 0x00000000c2500000, 0x00000000c2500000| Complete 
|  18|0x00000000c2600000, 0x00000000c2700000, 0x00000000c2700000|100%| S|CS|TAMS 0x00000000c2600000, 0x00000000c2600000| Complete 
|  19|0x00000000c2700000, 0x00000000c2700000, 0x00000000c2800000|  0%| F|  |TAMS 0x00000000c2700000, 0x00000000c2700000| Untracked 
|  20|0x00000000c2800000, 0x00000000c2800000, 0x00000000c2900000|  0%| F|  |TAMS 0x00000000c2800000, 0x00000000c2800000| Untracked 
|  21|0x00000000c2900000, 0x00000000c2900000, 0x00000000c2a00000|  0%| F|  |TAMS 0x00000000c2900000, 0x00000000c2900000| Untracked 
|  22|0x00000000c2a00000, 0x00000000c2a00000, 0x00000000c2b00000|  0%| F|  |TAMS 0x00000000c2a00000, 0x00000000c2a00000| Untracked 
|  23|0x00000000c2b00000, 0x00000000c2b00000, 0x00000000c2c00000|  0%| F|  |TAMS 0x00000000c2b00000, 0x00000000c2b00000| Untracked 
|  24|0x00000000c2c00000, 0x00000000c2c00000, 0x00000000c2d00000|  0%| F|  |TAMS 0x00000000c2c00000, 0x00000000c2c00000| Untracked 
|  25|0x00000000c2d00000, 0x00000000c2d00000, 0x00000000c2e00000|  0%| F|  |TAMS 0x00000000c2d00000, 0x00000000c2d00000| Untracked 
|  26|0x00000000c2e00000, 0x00000000c2e00000, 0x00000000c2f00000|  0%| F|  |TAMS 0x00000000c2e00000, 0x00000000c2e00000| Untracked 
|  27|0x00000000c2f00000, 0x00000000c2f00000, 0x00000000c3000000|  0%| F|  |TAMS 0x00000000c2f00000, 0x00000000c2f00000| Untracked 
|  28|0x00000000c3000000, 0x00000000c3000000, 0x00000000c3100000|  0%| F|  |TAMS 0x00000000c3000000, 0x00000000c3000000| Untracked 
|  29|0x00000000c3100000, 0x00000000c3100000, 0x00000000c3200000|  0%| F|  |TAMS 0x00000000c3100000, 0x00000000c3100000| Untracked 
|  30|0x00000000c3200000, 0x00000000c3200000, 0x00000000c3300000|  0%| F|  |TAMS 0x00000000c3200000, 0x00000000c3200000| Untracked 
|  31|0x00000000c3300000, 0x00000000c3300000, 0x00000000c3400000|  0%| F|  |TAMS 0x00000000c3300000, 0x00000000c3300000| Untracked 
|  32|0x00000000c3400000, 0x00000000c3400000, 0x00000000c3500000|  0%| F|  |TAMS 0x00000000c3400000, 0x00000000c3400000| Untracked 
|  33|0x00000000c3500000, 0x00000000c357af80, 0x00000000c3600000| 48%| E|  |TAMS 0x00000000c3500000, 0x00000000c3500000| Complete 
|  34|0x00000000c3600000, 0x00000000c3700000, 0x00000000c3700000|100%| E|CS|TAMS 0x00000000c3600000, 0x00000000c3600000| Complete 
|  35|0x00000000c3700000, 0x00000000c3800000, 0x00000000c3800000|100%| E|CS|TAMS 0x00000000c3700000, 0x00000000c3700000| Complete 
|  36|0x00000000c3800000, 0x00000000c3900000, 0x00000000c3900000|100%| E|CS|TAMS 0x00000000c3800000, 0x00000000c3800000| Complete 
|  37|0x00000000c3900000, 0x00000000c3a00000, 0x00000000c3a00000|100%| E|CS|TAMS 0x00000000c3900000, 0x00000000c3900000| Complete 
|  38|0x00000000c3a00000, 0x00000000c3b00000, 0x00000000c3b00000|100%| E|CS|TAMS 0x00000000c3a00000, 0x00000000c3a00000| Complete 
|  39|0x00000000c3b00000, 0x00000000c3c00000, 0x00000000c3c00000|100%| E|CS|TAMS 0x00000000c3b00000, 0x00000000c3b00000| Complete 
|  40|0x00000000c3c00000, 0x00000000c3d00000, 0x00000000c3d00000|100%| E|CS|TAMS 0x00000000c3c00000, 0x00000000c3c00000| Complete 
|  41|0x00000000c3d00000, 0x00000000c3e00000, 0x00000000c3e00000|100%| E|CS|TAMS 0x00000000c3d00000, 0x00000000c3d00000| Complete 
|  42|0x00000000c3e00000, 0x00000000c3f00000, 0x00000000c3f00000|100%| E|CS|TAMS 0x00000000c3e00000, 0x00000000c3e00000| Complete 
|  43|0x00000000c3f00000, 0x00000000c4000000, 0x00000000c4000000|100%| E|CS|TAMS 0x00000000c3f00000, 0x00000000c3f00000| Complete 
|  44|0x00000000c4000000, 0x00000000c4100000, 0x00000000c4100000|100%| E|CS|TAMS 0x00000000c4000000, 0x00000000c4000000| Complete 
|  45|0x00000000c4100000, 0x00000000c4200000, 0x00000000c4200000|100%| E|CS|TAMS 0x00000000c4100000, 0x00000000c4100000| Complete 
|  63|0x00000000c5300000, 0x00000000c5400000, 0x00000000c5400000|100%| E|CS|TAMS 0x00000000c5300000, 0x00000000c5300000| Complete 

Card table byte_map: [0x00000204262c0000,0x00000204264c0000] _byte_map_base: 0x0000020425cb6000

Marking Bits (Prev, Next): (CMBitMap*) 0x000002040f5368e0, (CMBitMap*) 0x000002040f5368a0
 Prev Bits: [0x0000020427670000, 0x0000020428620000)
 Next Bits: [0x00000204266c0000, 0x0000020427670000)

Polling page: 0x000002040d380000

Metaspace:

Usage:
  Non-class:     25.33 MB used.
      Class:      3.57 MB used.
       Both:     28.90 MB used.

Virtual space:
  Non-class space:       64.00 MB reserved,      25.56 MB ( 40%) committed,  1 nodes.
      Class space:        1.00 GB reserved,       3.81 MB ( <1%) committed,  1 nodes.
             Both:        1.06 GB reserved,      29.38 MB (  3%) committed. 

Chunk freelists:
   Non-Class:  2.28 MB
       Class:  231.00 KB
        Both:  2.51 MB

MaxMetaspaceSize: unlimited
CompressedClassSpaceSize: 1.00 GB
Initial GC threshold: 21.00 MB
Current GC threshold: 35.13 MB
CDS: on
MetaspaceReclaimPolicy: balanced
 - commit_granule_bytes: 65536.
 - commit_granule_words: 8192.
 - virtual_space_node_default_size: 8388608.
 - enlarge_chunks_in_place: 1.
 - new_chunks_are_fully_committed: 0.
 - uncommit_free_chunks: 1.
 - use_allocation_guard: 0.


Internal statistics:

num_allocs_failed_limit: 3.
num_arena_births: 652.
num_arena_deaths: 0.
num_vsnodes_births: 2.
num_vsnodes_deaths: 0.
num_space_committed: 470.
num_space_uncommitted: 0.
num_chunks_returned_to_freelist: 3.
num_chunks_taken_from_freelist: 1651.
num_chunk_merges: 3.
num_chunk_splits: 1135.
num_chunks_enlarged: 846.
num_inconsistent_stats: 0.

CodeHeap 'non-profiled nmethods': size=120000Kb used=1498Kb max_used=1498Kb free=118501Kb
 bounds [0x000002041eb90000, 0x000002041ee00000, 0x00000204260c0000]
CodeHeap 'profiled nmethods': size=120000Kb used=8003Kb max_used=8003Kb free=111996Kb
 bounds [0x0000020417660000, 0x0000020417e40000, 0x000002041eb90000]
CodeHeap 'non-nmethods': size=5760Kb used=1225Kb max_used=1285Kb free=4534Kb
 bounds [0x00000204170c0000, 0x0000020417330000, 0x0000020417660000]
 total_blobs=4353 nmethods=3836 adapters=429
 compilation: enabled
              stopped_count=0, restarted_count=0
 full_count=0

Compilation events (20 events):
Event: 9.662 Thread 0x000002042aadecc0 3779 %     3       sun.security.provider.SHA2::implCompress0 @ 27 (490 bytes)
Event: 9.663 Thread 0x000002042aadecc0 nmethod 3779% 0x0000020417e0bf10 code [0x0000020417e0c120, 0x0000020417e0cb48]
Event: 9.664 Thread 0x000002042aadecc0 3780       3       sun.security.provider.SHA2::implCompress0 (490 bytes)
Event: 9.665 Thread 0x000002042aadecc0 nmethod 3780 0x0000020417e0d110 code [0x0000020417e0d300, 0x0000020417e0dba8]
Event: 9.668 Thread 0x000002042aadecc0 3781  s    2       java.util.Hashtable::put (104 bytes)
Event: 9.668 Thread 0x000002042aadecc0 nmethod 3781 0x0000020417e0e090 code [0x0000020417e0e280, 0x0000020417e0e758]
Event: 9.668 Thread 0x000002042aadecc0 3784       2       java.util.Hashtable$Entry::<init> (26 bytes)
Event: 9.669 Thread 0x000002042aadecc0 nmethod 3784 0x0000020417e0e990 code [0x0000020417e0eb20, 0x0000020417e0ed38]
Event: 9.669 Thread 0x000002042aadecc0 3782       2       java.util.Hashtable::addEntry (87 bytes)
Event: 9.669 Thread 0x000002042aadecc0 nmethod 3782 0x0000020417e0ee10 code [0x0000020417e0efe0, 0x0000020417e0f458]
Event: 9.669 Thread 0x000002042aadecc0 3783       2       sun.security.util.SignatureFileVerifier::updateSigners (132 bytes)
Event: 9.671 Thread 0x000002042aadecc0 nmethod 3783 0x0000020417e0f610 code [0x0000020417e0f840, 0x0000020417e0ffa8]
Event: 9.671 Thread 0x000002042aadecc0 3785       2       sun.security.util.SignatureFileVerifier::matches (93 bytes)
Event: 9.672 Thread 0x000002042aadecc0 nmethod 3785 0x0000020417e10490 code [0x0000020417e10680, 0x0000020417e10b38]
Event: 9.683 Thread 0x000002042aadecc0 3787       2       java.lang.invoke.VarHandleGuards::guard_LII_V (137 bytes)
Event: 9.686 Thread 0x000002042aadecc0 nmethod 3787 0x0000020417e10e10 code [0x0000020417e11140, 0x0000020417e12238]
Event: 9.686 Thread 0x000002042aadecc0 3788       2       java.lang.invoke.VarHandleByteArrayAsInts$ArrayHandle::set (39 bytes)
Event: 9.686 Thread 0x000002042aadecc0 nmethod 3788 0x0000020417e12b90 code [0x0000020417e12d40, 0x0000020417e12f28]
Event: 9.689 Thread 0x000002042aadecc0 3790       2       jdk.internal.util.ArraysSupport::mismatch (73 bytes)
Event: 9.689 Thread 0x000002042aadecc0 nmethod 3790 0x0000020417e13090 code [0x0000020417e13260, 0x0000020417e13558]

GC Heap History (12 events):
Event: 1.820 GC heap before
{Heap before GC invocations=0 (full 0):
 garbage-first heap   total 65536K, used 13312K [0x00000000c1400000, 0x0000000100000000)
  region size 1024K, 13 young (13312K), 0 survivors (0K)
 Metaspace       used 3519K, committed 3712K, reserved 1114112K
  class space    used 346K, committed 448K, reserved 1048576K
}
Event: 1.830 GC heap after
{Heap after GC invocations=1 (full 0):
 garbage-first heap   total 65536K, used 6176K [0x00000000c1400000, 0x0000000100000000)
  region size 1024K, 2 young (2048K), 2 survivors (2048K)
 Metaspace       used 3519K, committed 3712K, reserved 1114112K
  class space    used 346K, committed 448K, reserved 1048576K
}
Event: 2.959 GC heap before
{Heap before GC invocations=1 (full 0):
 garbage-first heap   total 65536K, used 17440K [0x00000000c1400000, 0x0000000100000000)
  region size 1024K, 13 young (13312K), 2 survivors (2048K)
 Metaspace       used 6880K, committed 7104K, reserved 1114112K
  class space    used 790K, committed 896K, reserved 1048576K
}
Event: 2.969 GC heap after
{Heap after GC invocations=2 (full 0):
 garbage-first heap   total 65536K, used 7308K [0x00000000c1400000, 0x0000000100000000)
  region size 1024K, 1 young (1024K), 1 survivors (1024K)
 Metaspace       used 6880K, committed 7104K, reserved 1114112K
  class space    used 790K, committed 896K, reserved 1048576K
}
Event: 4.017 GC heap before
{Heap before GC invocations=2 (full 0):
 garbage-first heap   total 65536K, used 27788K [0x00000000c1400000, 0x0000000100000000)
  region size 1024K, 22 young (22528K), 1 survivors (1024K)
 Metaspace       used 12515K, committed 12736K, reserved 1114112K
  class space    used 1444K, committed 1536K, reserved 1048576K
}
Event: 4.024 GC heap after
{Heap after GC invocations=3 (full 0):
 garbage-first heap   total 65536K, used 8998K [0x00000000c1400000, 0x0000000100000000)
  region size 1024K, 3 young (3072K), 3 survivors (3072K)
 Metaspace       used 12515K, committed 12736K, reserved 1114112K
  class space    used 1444K, committed 1536K, reserved 1048576K
}
Event: 5.761 GC heap before
{Heap before GC invocations=3 (full 0):
 garbage-first heap   total 65536K, used 39718K [0x00000000c1400000, 0x0000000100000000)
  region size 1024K, 34 young (34816K), 3 survivors (3072K)
 Metaspace       used 17868K, committed 18176K, reserved 1114112K
  class space    used 2108K, committed 2240K, reserved 1048576K
}
Event: 5.773 GC heap after
{Heap after GC invocations=4 (full 0):
 garbage-first heap   total 65536K, used 11410K [0x00000000c1400000, 0x0000000100000000)
  region size 1024K, 5 young (5120K), 5 survivors (5120K)
 Metaspace       used 17868K, committed 18176K, reserved 1114112K
  class space    used 2108K, committed 2240K, reserved 1048576K
}
Event: 6.956 GC heap before
{Heap before GC invocations=4 (full 0):
 garbage-first heap   total 65536K, used 29842K [0x00000000c1400000, 0x0000000100000000)
  region size 1024K, 24 young (24576K), 5 survivors (5120K)
 Metaspace       used 21139K, committed 21504K, reserved 1114112K
  class space    used 2557K, committed 2752K, reserved 1048576K
}
Event: 6.978 GC heap after
{Heap after GC invocations=5 (full 0):
 garbage-first heap   total 65536K, used 13034K [0x00000000c1400000, 0x0000000100000000)
  region size 1024K, 4 young (4096K), 4 survivors (4096K)
 Metaspace       used 21139K, committed 21504K, reserved 1114112K
  class space    used 2557K, committed 2752K, reserved 1048576K
}
Event: 9.172 GC heap before
{Heap before GC invocations=6 (full 0):
 garbage-first heap   total 48128K, used 37610K [0x00000000c1400000, 0x0000000100000000)
  region size 1024K, 28 young (28672K), 4 survivors (4096K)
 Metaspace       used 26743K, committed 27200K, reserved 1114112K
  class space    used 3307K, committed 3520K, reserved 1048576K
}
Event: 9.204 GC heap after
{Heap after GC invocations=7 (full 0):
 garbage-first heap   total 48128K, used 15939K [0x00000000c1400000, 0x0000000100000000)
  region size 1024K, 4 young (4096K), 4 survivors (4096K)
 Metaspace       used 26743K, committed 27200K, reserved 1114112K
  class space    used 3307K, committed 3520K, reserved 1048576K
}

Deoptimization events (20 events):
Event: 9.593 Thread 0x000002040f4f4770 Uncommon trap: trap_request=0xffffff45 fr.pc=0x000002041ebe8304 relative=0x0000000000000084
Event: 9.593 Thread 0x000002040f4f4770 Uncommon trap: reason=unstable_if action=reinterpret pc=0x000002041ebe8304 method=java.lang.CharacterDataLatin1.isWhitespace(I)Z @ 14 c2
Event: 9.593 Thread 0x000002040f4f4770 DEOPT PACKING pc=0x000002041ebe8304 sp=0x0000002d84ffb8f0
Event: 9.593 Thread 0x000002040f4f4770 DEOPT UNPACKING pc=0x00000204171123a3 sp=0x0000002d84ffb860 mode 2
Event: 9.607 Thread 0x000002040f4f4770 Uncommon trap: trap_request=0xffffff45 fr.pc=0x000002041ec2e184 relative=0x0000000000000364
Event: 9.607 Thread 0x000002040f4f4770 Uncommon trap: reason=unstable_if action=reinterpret pc=0x000002041ec2e184 method=java.lang.StringUTF16.compress([CII)[B @ 13 c2
Event: 9.607 Thread 0x000002040f4f4770 DEOPT PACKING pc=0x000002041ec2e184 sp=0x0000002d84ff9b40
Event: 9.607 Thread 0x000002040f4f4770 DEOPT UNPACKING pc=0x00000204171123a3 sp=0x0000002d84ff9a80 mode 2
Event: 9.629 Thread 0x000002040f4f4770 DEOPT PACKING pc=0x0000020417e04d1a sp=0x0000002d84ffb5f0
Event: 9.629 Thread 0x000002040f4f4770 DEOPT UNPACKING pc=0x0000020417112b43 sp=0x0000002d84ffaa48 mode 0
Event: 9.640 Thread 0x000002040f4f4770 DEOPT PACKING pc=0x0000020417e089a8 sp=0x0000002d84ffba90
Event: 9.640 Thread 0x000002040f4f4770 DEOPT UNPACKING pc=0x0000020417112b43 sp=0x0000002d84ffaee8 mode 0
Event: 9.662 Thread 0x000002040f4f4770 DEOPT PACKING pc=0x0000020417e089a8 sp=0x0000002d84ffbce0
Event: 9.662 Thread 0x000002040f4f4770 DEOPT UNPACKING pc=0x0000020417112b43 sp=0x0000002d84ffb138 mode 0
Event: 9.664 Thread 0x000002040f4f4770 DEOPT PACKING pc=0x0000020417e089a8 sp=0x0000002d84ffbce0
Event: 9.664 Thread 0x000002040f4f4770 DEOPT UNPACKING pc=0x0000020417112b43 sp=0x0000002d84ffb138 mode 0
Event: 9.664 Thread 0x000002040f4f4770 DEOPT PACKING pc=0x0000020417e088d0 sp=0x0000002d84ffbce0
Event: 9.664 Thread 0x000002040f4f4770 DEOPT UNPACKING pc=0x0000020417112b43 sp=0x0000002d84ffb138 mode 0
Event: 9.664 Thread 0x000002040f4f4770 DEOPT PACKING pc=0x0000020417e088d0 sp=0x0000002d84ffbce0
Event: 9.664 Thread 0x000002040f4f4770 DEOPT UNPACKING pc=0x0000020417112b43 sp=0x0000002d84ffb138 mode 0

Classes loaded (20 events):
Event: 9.660 Loading class java/security/interfaces/ECKey
Event: 9.660 Loading class java/security/interfaces/ECKey done
Event: 9.660 Loading class java/security/interfaces/XECKey
Event: 9.660 Loading class java/security/interfaces/XECKey done
Event: 9.660 Loading class sun/security/util/KeyUtil
Event: 9.661 Loading class sun/security/util/KeyUtil done
Event: 9.661 Loading class sun/security/util/Length
Event: 9.661 Loading class sun/security/util/Length done
Event: 9.661 Loading class javax/crypto/SecretKey
Event: 9.661 Loading class javax/crypto/SecretKey done
Event: 9.665 Loading class java/util/Base64
Event: 9.666 Loading class java/util/Base64 done
Event: 9.666 Loading class java/util/Base64$Decoder
Event: 9.666 Loading class java/util/Base64$Decoder done
Event: 9.666 Loading class java/util/Base64$Encoder
Event: 9.667 Loading class java/util/Base64$Encoder done
Event: 9.668 Loading class java/util/jar/JarVerifier$VerifierStream
Event: 9.668 Loading class java/util/jar/JarVerifier$VerifierStream done
Event: 9.669 Loading class sun/security/util/ManifestEntryVerifier$SunProviderHolder
Event: 9.669 Loading class sun/security/util/ManifestEntryVerifier$SunProviderHolder done

Classes unloaded (0 events):
No events

Classes redefined (0 events):
No events

Internal exceptions (20 events):
Event: 7.889 Thread 0x000002040f4f4770 Exception <a 'java/lang/NoSuchMethodError'{0x00000000c352c518}: 'java.lang.reflect.Field[] java.lang.Class.getDeclaredFields(java.lang.Class)'> (0x00000000c352c518) 
thrown [s\src\hotspot\share\interpreter\linkResolver.cpp, line 759]
Event: 7.984 Thread 0x000002040f4f4770 Exception <a 'java/lang/NoSuchMethodError'{0x00000000c35bccc0}: 'java.lang.Object java.lang.invoke.DirectMethodHandle$Holder.invokeVirtual(java.lang.Object, java.lang.Object, java.lang.Object, java.lang.Object, java.lang.Object, java.lang.Object)'> (0x00000000c35bccc0) 
thrown [s\src\hotspot\share\interpreter\linkResolver.cpp, line 759]
Event: 8.090 Thread 0x000002040f4f4770 Exception <a 'java/lang/NoSuchMethodError'{0x00000000c34b5f40}: 'void java.lang.invoke.DirectMethodHandle$Holder.invokeInterface(java.lang.Object, java.lang.Object, int)'> (0x00000000c34b5f40) 
thrown [s\src\hotspot\share\interpreter\linkResolver.cpp, line 759]
Event: 8.100 Thread 0x000002040f4f4770 Exception <a 'java/lang/IncompatibleClassChangeError'{0x00000000c3305ef8}: Found class java.lang.Object, but interface was expected> (0x00000000c3305ef8) 
thrown [s\src\hotspot\share\interpreter\linkResolver.cpp, line 826]
Event: 8.103 Thread 0x000002040f4f4770 Exception <a 'java/lang/NoSuchMethodError'{0x00000000c3316bb0}: 'int java.lang.invoke.DirectMethodHandle$Holder.invokeSpecialIFC(java.lang.Object, java.lang.Object, java.lang.Object)'> (0x00000000c3316bb0) 
thrown [s\src\hotspot\share\interpreter\linkResolver.cpp, line 759]
Event: 8.106 Thread 0x000002040f4f4770 Exception <a 'java/lang/NoSuchMethodError'{0x00000000c3324ab0}: 'void java.lang.invoke.DirectMethodHandle$Holder.invokeStatic(java.lang.Object, int, java.lang.Object)'> (0x00000000c3324ab0) 
thrown [s\src\hotspot\share\interpreter\linkResolver.cpp, line 759]
Event: 8.119 Thread 0x000002040f4f4770 Exception <a 'java/lang/NoSuchMethodError'{0x00000000c3362bf8}: 'void java.lang.invoke.DirectMethodHandle$Holder.invokeStatic(java.lang.Object, java.lang.Object, java.lang.Object, int, java.lang.Object)'> (0x00000000c3362bf8) 
thrown [s\src\hotspot\share\interpreter\linkResolver.cpp, line 759]
Event: 8.119 Thread 0x000002040f4f4770 Exception <a 'java/lang/NoSuchMethodError'{0x00000000c336a070}: 'java.lang.Object java.lang.invoke.DirectMethodHandle$Holder.newInvokeSpecial(java.lang.Object, java.lang.Object, java.lang.Object, int)'> (0x00000000c336a070) 
thrown [s\src\hotspot\share\interpreter\linkResolver.cpp, line 759]
Event: 8.120 Thread 0x000002040f4f4770 Exception <a 'java/lang/NoSuchMethodError'{0x00000000c336e0f0}: 'java.lang.Object java.lang.invoke.DirectMethodHandle$Holder.invokeSpecial(java.lang.Object, java.lang.Object, java.lang.Object, java.lang.Object, int)'> (0x00000000c336e0f0) 
thrown [s\src\hotspot\share\interpreter\linkResolver.cpp, line 759]
Event: 8.120 Thread 0x000002040f4f4770 Exception <a 'java/lang/NoSuchMethodError'{0x00000000c33717f8}: 'java.lang.Object java.lang.invoke.Invokers$Holder.linkToTargetMethod(java.lang.Object, java.lang.Object, int, java.lang.Object)'> (0x00000000c33717f8) 
thrown [s\src\hotspot\share\interpreter\linkResolver.cpp, line 759]
Event: 8.386 Thread 0x000002040f4f4770 Exception <a 'java/lang/NoSuchMethodError'{0x00000000c2f6eae0}: 'java.lang.Object java.lang.invoke.DirectMethodHandle$Holder.invokeStaticInit(java.lang.Object, int, int, int, int)'> (0x00000000c2f6eae0) 
thrown [s\src\hotspot\share\interpreter\linkResolver.cpp, line 759]
Event: 8.548 Thread 0x000002040f4f4770 Exception <a 'java/lang/NoSuchMethodError'{0x00000000c2e468b0}: 'java.lang.Object java.lang.invoke.DirectMethodHandle$Holder.invokeStaticInit(java.lang.Object, java.lang.Object, int, int, int, int)'> (0x00000000c2e468b0) 
thrown [s\src\hotspot\share\interpreter\linkResolver.cpp, line 759]
Event: 8.697 Thread 0x000002040f4f4770 Exception <a 'java/lang/NoSuchMethodError'{0x00000000c2c9e1f8}: 'int java.lang.invoke.DirectMethodHandle$Holder.invokeVirtual(java.lang.Object, java.lang.Object, java.lang.Object, java.lang.Object)'> (0x00000000c2c9e1f8) 
thrown [s\src\hotspot\share\interpreter\linkResolver.cpp, line 759]
Event: 8.698 Thread 0x000002040f4f4770 Exception <a 'java/lang/NoSuchMethodError'{0x00000000c2ca1ef8}: 'int java.lang.invoke.DelegatingMethodHandle$Holder.reinvoke_L(java.lang.Object, java.lang.Object, java.lang.Object, java.lang.Object)'> (0x00000000c2ca1ef8) 
thrown [s\src\hotspot\share\interpreter\linkResolver.cpp, line 759]
Event: 8.912 Thread 0x000002040f4f4770 Exception <a 'java/lang/NoSuchMethodError'{0x00000000c2915fa0}: 'java.lang.Object java.lang.invoke.DirectMethodHandle$Holder.invokeSpecial(java.lang.Object, java.lang.Object, long, java.lang.Object, java.lang.Object, java.lang.Object, java.lang.Object, java.lang.Object, java.lang.Object)'> (0x00000000c2915fa0) 
thrown [s\src\hotspot\share\interpreter\linkResolver.cpp, line 759]
Event: 8.912 Thread 0x000002040f4f4770 Exception <a 'java/lang/NoSuchMethodError'{0x00000000c291aad0}: 'java.lang.Object java.lang.invoke.DelegatingMethodHandle$Holder.reinvoke_L(java.lang.Object, long, java.lang.Object, java.lang.Object, java.lang.Object, java.lang.Object, java.lang.Object, java.lang.Object)'> (0x00000000c291aad0) 
thrown [s\src\hotspot\share\interpreter\linkResolver.cpp, line 759]
Event: 9.165 Thread 0x000002040f4f4770 Exception <a 'java/io/FileNotFoundException'{0x00000000c27cf3c8}> (0x00000000c27cf3c8) 
thrown [s\src\hotspot\share\prims\jni.cpp, line 516]
Event: 9.273 Thread 0x000002040f4f4770 Exception <a 'java/lang/NoSuchMethodError'{0x00000000c4167720}: 'int java.lang.invoke.DirectMethodHandle$Holder.invokeInterface(java.lang.Object, java.lang.Object, java.lang.Object, java.lang.Object)'> (0x00000000c4167720) 
thrown [s\src\hotspot\share\interpreter\linkResolver.cpp, line 759]
Event: 9.351 Thread 0x000002040f4f4770 Exception <a 'java/lang/NoSuchMethodError'{0x00000000c3f6b460}: 'long java.lang.invoke.DirectMethodHandle$Holder.invokeVirtual(java.lang.Object, java.lang.Object)'> (0x00000000c3f6b460) 
thrown [s\src\hotspot\share\interpreter\linkResolver.cpp, line 759]
Event: 9.461 Thread 0x000002040f4f4770 Exception <a 'java/lang/NoSuchMethodError'{0x00000000c3db9558}: 'int java.lang.invoke.DirectMethodHandle$Holder.invokeStatic(java.lang.Object, int, java.lang.Object)'> (0x00000000c3db9558) 
thrown [s\src\hotspot\share\interpreter\linkResolver.cpp, line 759]

VM Operations (20 events):
Event: 8.966 Executing VM operation: Cleanup
Event: 8.966 Executing VM operation: Cleanup done
Event: 9.084 Executing VM operation: HandshakeAllThreads
Event: 9.084 Executing VM operation: HandshakeAllThreads done
Event: 9.145 Executing VM operation: HandshakeAllThreads
Event: 9.145 Executing VM operation: HandshakeAllThreads done
Event: 9.163 Executing VM operation: HandshakeAllThreads
Event: 9.163 Executing VM operation: HandshakeAllThreads done
Event: 9.172 Executing VM operation: G1CollectForAllocation
Event: 9.204 Executing VM operation: G1CollectForAllocation done
Event: 9.305 Executing VM operation: HandshakeAllThreads
Event: 9.305 Executing VM operation: HandshakeAllThreads done
Event: 9.306 Executing VM operation: HandshakeAllThreads
Event: 9.306 Executing VM operation: HandshakeAllThreads done
Event: 9.366 Executing VM operation: HandshakeAllThreads
Event: 9.366 Executing VM operation: HandshakeAllThreads done
Event: 9.463 Executing VM operation: HandshakeAllThreads
Event: 9.472 Executing VM operation: HandshakeAllThreads done
Event: 9.606 Executing VM operation: HandshakeAllThreads
Event: 9.606 Executing VM operation: HandshakeAllThreads done

Events (20 events):
Event: 0.562 Loaded shared library C:\Users\ERIN_JAVALead\.jdks\corretto-18.0.2\bin\instrument.dll
Event: 0.575 Loaded shared library C:\Users\ERIN_JAVALead\.jdks\corretto-18.0.2\bin\net.dll
Event: 0.578 Loaded shared library C:\Users\ERIN_JAVALead\.jdks\corretto-18.0.2\bin\nio.dll
Event: 0.585 Loaded shared library C:\Users\ERIN_JAVALead\.jdks\corretto-18.0.2\bin\zip.dll
Event: 0.661 Thread 0x000002042eece4e0 Thread added: 0x000002042eece4e0
Event: 0.872 Thread 0x000002042eece4e0 Thread exited: 0x000002042eece4e0
Event: 0.902 Loaded shared library C:\Program Files\JetBrains\IntelliJ IDEA Community Edition 2021.3.3\bin\breakgen64.dll
Event: 0.903 Thread 0x000002042eece4e0 Thread added: 0x000002042eece4e0
Event: 0.903 Thread 0x000002042f006c80 Thread added: 0x000002042f006c80
Event: 1.087 Loaded shared library C:\Users\ERIN_JAVALead\.jdks\corretto-18.0.2\bin\jimage.dll
Event: 3.424 Thread 0x000002042f336380 Thread added: 0x000002042f336380
Event: 4.403 Thread 0x000002042f336380 Thread exited: 0x000002042f336380
Event: 4.654 Thread 0x000002042fc8fb40 Thread added: 0x000002042fc8fb40
Event: 4.730 Thread 0x000002042fc8fb40 Thread exited: 0x000002042fc8fb40
Event: 9.117 Loaded shared library C:\Users\ERIN_JAVALead\.jdks\corretto-18.0.2\bin\sunmscapi.dll
Event: 9.132 Loaded shared library C:\Users\ERIN_JAVALead\.jdks\corretto-18.0.2\bin\management.dll
Event: 9.135 Loaded shared library C:\Users\ERIN_JAVALead\.jdks\corretto-18.0.2\bin\management_ext.dll
Event: 9.382 Thread 0x000002042ffd49b0 Thread added: 0x000002042ffd49b0
Event: 9.387 Thread 0x000002042ffd6b60 Thread added: 0x000002042ffd6b60
Event: 9.395 Thread 0x000002042ffd6690 Thread added: 0x000002042ffd6690


Dynamic libraries:
0x00007ff6ffb50000 - 0x00007ff6ffb5d000 	C:\Users\ERIN_JAVALead\.jdks\corretto-18.0.2\bin\java.exe
0x00007fffcfa90000 - 0x00007fffcfc88000 	C:\WINDOWS\SYSTEM32\ntdll.dll
0x00007fffcdad0000 - 0x00007fffcdb8d000 	C:\WINDOWS\System32\KERNEL32.DLL
0x00007fffcd220000 - 0x00007fffcd516000 	C:\WINDOWS\System32\KERNELBASE.dll
0x00007fffcd5d0000 - 0x00007fffcd6d0000 	C:\WINDOWS\System32\ucrtbase.dll
0x00007fffc8c90000 - 0x00007fffc8ca5000 	C:\Users\ERIN_JAVALead\.jdks\corretto-18.0.2\bin\VCRUNTIME140.dll
0x00007fffc8c70000 - 0x00007fffc8c87000 	C:\Users\ERIN_JAVALead\.jdks\corretto-18.0.2\bin\jli.dll
0x00007fffce8c0000 - 0x00007fffcea5e000 	C:\WINDOWS\System32\USER32.dll
0x00007fffcda90000 - 0x00007fffcdab2000 	C:\WINDOWS\System32\win32u.dll
0x00007fffce760000 - 0x00007fffce78c000 	C:\WINDOWS\System32\GDI32.dll
0x00007fffcd970000 - 0x00007fffcda8a000 	C:\WINDOWS\System32\gdi32full.dll
0x00007fffba820000 - 0x00007fffbaaba000 	C:\WINDOWS\WinSxS\amd64_microsoft.windows.common-controls_6595b64144ccf1df_6.0.19041.3636_none_60b6a03d71f818d5\COMCTL32.dll
0x00007fffcd8a0000 - 0x00007fffcd93d000 	C:\WINDOWS\System32\msvcp_win.dll
0x00007fffce510000 - 0x00007fffce5ae000 	C:\WINDOWS\System32\msvcrt.dll
0x00007fffce3e0000 - 0x00007fffce410000 	C:\WINDOWS\System32\IMM32.DLL
0x00007fffc65c0000 - 0x00007fffc665b000 	C:\Users\ERIN_JAVALead\.jdks\corretto-18.0.2\bin\msvcp140.dll
0x00007fff9bb20000 - 0x00007fff9c791000 	C:\Users\ERIN_JAVALead\.jdks\corretto-18.0.2\bin\server\jvm.dll
0x00007fffce2d0000 - 0x00007fffce37f000 	C:\WINDOWS\System32\ADVAPI32.dll
0x00007fffcea60000 - 0x00007fffceafc000 	C:\WINDOWS\System32\sechost.dll
0x00007fffce790000 - 0x00007fffce8b6000 	C:\WINDOWS\System32\RPCRT4.dll
0x00007fffcdac0000 - 0x00007fffcdac8000 	C:\WINDOWS\System32\PSAPI.DLL
0x00007fffca880000 - 0x00007fffca889000 	C:\WINDOWS\SYSTEM32\WSOCK32.dll
0x00007fffcf720000 - 0x00007fffcf78b000 	C:\WINDOWS\System32\WS2_32.dll
0x00007fffc7e00000 - 0x00007fffc7e0a000 	C:\WINDOWS\SYSTEM32\VERSION.dll
0x00007fffa7e70000 - 0x00007fffa7e97000 	C:\WINDOWS\SYSTEM32\WINMM.dll
0x00007fffcb000000 - 0x00007fffcb012000 	C:\WINDOWS\SYSTEM32\kernel.appcore.dll
0x00007fffc8c60000 - 0x00007fffc8c6a000 	C:\Users\ERIN_JAVALead\.jdks\corretto-18.0.2\bin\jimage.dll
0x00007fffade90000 - 0x00007fffae074000 	C:\WINDOWS\SYSTEM32\DBGHELP.DLL
0x00007fffade50000 - 0x00007fffade84000 	C:\WINDOWS\SYSTEM32\dbgcore.DLL
0x00007fffcd140000 - 0x00007fffcd1c2000 	C:\WINDOWS\System32\bcryptPrimitives.dll
0x00007fffc8c50000 - 0x00007fffc8c5e000 	C:\Users\ERIN_JAVALead\.jdks\corretto-18.0.2\bin\instrument.dll
0x00007fffc8c20000 - 0x00007fffc8c45000 	C:\Users\ERIN_JAVALead\.jdks\corretto-18.0.2\bin\java.dll
0x00007fffabce0000 - 0x00007fffabdb6000 	C:\Users\ERIN_JAVALead\.jdks\corretto-18.0.2\bin\jsvml.dll
0x00007fffcefd0000 - 0x00007fffcf714000 	C:\WINDOWS\System32\SHELL32.dll
0x00007fffcb200000 - 0x00007fffcb99b000 	C:\WINDOWS\SYSTEM32\windows.storage.dll
0x00007fffcdec0000 - 0x00007fffce214000 	C:\WINDOWS\System32\combase.dll
0x00007fffccab0000 - 0x00007fffccadd000 	C:\WINDOWS\SYSTEM32\Wldp.dll
0x00007fffcf790000 - 0x00007fffcf83d000 	C:\WINDOWS\System32\SHCORE.dll
0x00007fffcf9c0000 - 0x00007fffcfa15000 	C:\WINDOWS\System32\shlwapi.dll
0x00007fffcd070000 - 0x00007fffcd095000 	C:\WINDOWS\SYSTEM32\profapi.dll
0x00007fffc6580000 - 0x00007fffc6598000 	C:\Users\ERIN_JAVALead\.jdks\corretto-18.0.2\bin\zip.dll
0x00007fffc8c00000 - 0x00007fffc8c13000 	C:\Users\ERIN_JAVALead\.jdks\corretto-18.0.2\bin\net.dll
0x00007fffc67b0000 - 0x00007fffc68ba000 	C:\WINDOWS\SYSTEM32\WINHTTP.dll
0x00007fffcc810000 - 0x00007fffcc87a000 	C:\WINDOWS\system32\mswsock.dll
0x00007fffc65a0000 - 0x00007fffc65b5000 	C:\Users\ERIN_JAVALead\.jdks\corretto-18.0.2\bin\nio.dll
0x00007fffc6560000 - 0x00007fffc657a000 	C:\Program Files\JetBrains\IntelliJ IDEA Community Edition 2021.3.3\bin\breakgen64.dll
0x00007fffcca10000 - 0x00007fffcca28000 	C:\WINDOWS\SYSTEM32\CRYPTSP.dll
0x00007fffcc140000 - 0x00007fffcc174000 	C:\WINDOWS\system32\rsaenh.dll
0x00007fffcd940000 - 0x00007fffcd967000 	C:\WINDOWS\System32\bcrypt.dll
0x00007fffccff0000 - 0x00007fffcd01e000 	C:\WINDOWS\SYSTEM32\USERENV.dll
0x00007fffcca00000 - 0x00007fffcca0c000 	C:\WINDOWS\SYSTEM32\CRYPTBASE.dll
0x00007fffcc500000 - 0x00007fffcc53b000 	C:\WINDOWS\SYSTEM32\IPHLPAPI.DLL
0x00007fffcf8e0000 - 0x00007fffcf8e8000 	C:\WINDOWS\System32\NSI.dll
0x00007fffc6d00000 - 0x00007fffc6d17000 	C:\WINDOWS\SYSTEM32\dhcpcsvc6.DLL
0x00007fffc7040000 - 0x00007fffc705d000 	C:\WINDOWS\SYSTEM32\dhcpcsvc.DLL
0x00007fffcc540000 - 0x00007fffcc60a000 	C:\WINDOWS\SYSTEM32\DNSAPI.dll
0x00007fffc6480000 - 0x00007fffc648e000 	C:\Users\ERIN_JAVALead\.jdks\corretto-18.0.2\bin\sunmscapi.dll
0x00007fffcd6d0000 - 0x00007fffcd82d000 	C:\WINDOWS\System32\CRYPT32.dll
0x00007fffccb20000 - 0x00007fffccb47000 	C:\WINDOWS\SYSTEM32\ncrypt.dll
0x00007fffccae0000 - 0x00007fffccb1b000 	C:\WINDOWS\SYSTEM32\NTASN1.dll
0x00007fffc6550000 - 0x00007fffc6559000 	C:\Users\ERIN_JAVALead\.jdks\corretto-18.0.2\bin\management.dll
0x00007fffc6540000 - 0x00007fffc654b000 	C:\Users\ERIN_JAVALead\.jdks\corretto-18.0.2\bin\management_ext.dll

dbghelp: loaded successfully - version: 4.0.5 - missing functions: none
symbol engine: initialized successfully - sym options: 0x614 - pdb path: .;C:\Users\ERIN_JAVALead\.jdks\corretto-18.0.2\bin;C:\WINDOWS\SYSTEM32;C:\WINDOWS\WinSxS\amd64_microsoft.windows.common-controls_6595b64144ccf1df_6.0.19041.3636_none_60b6a03d71f818d5;C:\Users\ERIN_JAVALead\.jdks\corretto-18.0.2\bin\server;C:\Program Files\JetBrains\IntelliJ IDEA Community Edition 2021.3.3\bin

VM Arguments:
jvm_args: -javaagent:C:\Program Files\JetBrains\IntelliJ IDEA Community Edition 2021.3.3\lib\idea_rt.jar=52452:C:\Program Files\JetBrains\IntelliJ IDEA Community Edition 2021.3.3\bin -Dfile.encoding=UTF-8 
java_command: com.devskiller.tasks.blog.BlogApplication
java_class_path (initial): C:\Users\ERIN_JAVALead\Downloads\devskiller-code-U32X-W3E7-T2E6-S3F\target\classes;C:\Users\ERIN_JAVALead\.m2\repository\org\springframework\boot\spring-boot-starter-data-jpa\3.1.5\spring-boot-starter-data-jpa-3.1.5.jar;C:\Users\ERIN_JAVALead\.m2\repository\org\springframework\boot\spring-boot-starter-aop\3.1.5\spring-boot-starter-aop-3.1.5.jar;C:\Users\ERIN_JAVALead\.m2\repository\org\springframework\spring-aop\6.0.13\spring-aop-6.0.13.jar;C:\Users\ERIN_JAVALead\.m2\repository\org\aspectj\aspectjweaver\1.9.20\aspectjweaver-1.9.20.jar;C:\Users\ERIN_JAVALead\.m2\repository\org\springframework\boot\spring-boot-starter-jdbc\3.1.5\spring-boot-starter-jdbc-3.1.5.jar;C:\Users\ERIN_JAVALead\.m2\repository\com\zaxxer\HikariCP\5.0.1\HikariCP-5.0.1.jar;C:\Users\ERIN_JAVALead\.m2\repository\org\springframework\spring-jdbc\6.0.13\spring-jdbc-6.0.13.jar;C:\Users\ERIN_JAVALead\.m2\repository\org\hibernate\orm\hibernate-core\6.2.13.Final\hibernate-core-6.2.13.Final.jar;C:\Users\ERIN_JAVALead\.m2\repository\jakarta\persistence\jakarta.persistence-api\3.1.0\jakarta.persistence-api-3.1.0.jar;C:\Users\ERIN_JAVALead\.m2\repository\jakarta\transaction\jakarta.transaction-api\2.0.1\jakarta.transaction-api-2.0.1.jar;C:\Users\ERIN_JAVALead\.m2\repository\org\jboss\logging\jboss-logging\3.5.3.Final\jboss-logging-3.5.3.Final.jar;C:\Users\ERIN_JAVALead\.m2\repository\org\hibernate\common\hibernate-commons-annotations\6.0.6.Final\hibernate-commons-annotations-6.0.6.Final.jar;C:\Users\ERIN_JAVALead\.m2\repository\io\smallrye\jandex\3.0.5\jandex-3.0.5.jar;C:\Users\ERIN_JAVALead\.m2\repository\com\fasterxml\classmate\1.5.1\classmate-1.5.1.jar;C:\Users\ERIN_JAVALead\.m2\repository\net\bytebuddy\byte-buddy\1.14.9\byte-buddy-1.14.9.jar;C:\Users\ERIN_JAVALead\.m2\repository\org\glassfish\jaxb\jaxb-runtime\4.0.3\jaxb-runtime-4.0.3.jar;C:\Users\ERIN_JAVALead\.m2\repository\org\glassfish\jaxb\jaxb-core\4.0.3\jaxb-core-4.0.3.jar;C:\Users\ERIN_JAVALead\.m2\repository\org\eclipse\angus\angus-activation\2.0.1\angus-activation-2.0.1.jar;C:\Users\ERIN_JAVALead\.m2\repository\org\glassfish\jaxb\txw2\4.0.3\txw2-4.0.3.jar;C:\Users\ERIN_JAVALead\.m2\repository\com\sun\istack\istack-commons-runtime\4.1.2\istack-commons-runtime-4.1.2.jar;C:\Users\ERIN_JAVALead\.m2\repository\jakarta\inject\jakarta.inject-api\2.0.1\jakarta.inject-api-2.0.1.jar;C:\Users\ERIN_JAVALead\.m2\repository\org\antlr\antlr4-runtime\4.10.1\antlr4-runtime-4.10.1.jar;C:\Users\ERIN_JAVALead\.m2\repository\org\springframework\data\spring-data-jpa\3.1.5\spring-data-jpa-3.1.5.jar;C:\Users\ERIN_JAVALead\.m2\repository\org\springframework\data\spring-data-commons\3.1.5\spring-data-commons-3.1.5.jar;C:\Users\ERIN_JAVALead\.m2\repository\org\springframework\spring-orm\6.0.13\spring-orm-6.0.13.jar;C:\Users\ERIN_JAVALead\.m2\repository\org\springframework\spring-context\6.0.13\spring-context-6.0.13.jar;C:\Users\ERIN_JAVALead\.m2\repository\org\springframework\spring-tx\6.0.13\spring-tx-6.0.13.jar;C:\Users\ERIN_JAVALead\.m2\repository\org\springframework\spring-beans\6.0.13\spring-beans-6.0.13.jar;C:\Users\ERIN_JAVALead\.m2\repository\jakarta\annotation\jakarta.annotation-api\2.1.1\jakarta.annotation-api-2.1.1.jar;C:\Users\ERIN_JAVALead\.m2\repository\org\slf4j\slf4j-api\2.0.9\slf4j-api-2.0.9.jar;C:\Users\ERIN_JAVALead\.m2\repository\org\springframework\spring-aspects\6.0.13\spring-aspects-6.0.13.jar;C:\Users\ERIN_JAVALead\.m2\repository\org\springframework\boot\spring-boot-starter-web\2.4.2\spring-boot-starter-web-2.4.2.jar;C:\Users\ERIN_JAVALead\.m2\repository\org\springframework\boot\spring-boot-starter\3.1.5\spring-boot-starter-3.1.5.jar;C:\Users\ERIN_JAVALead\.m2\repository\org\springframework\boot\spring-boot\3.1.5\spring-boot-3.1.5.jar;C:\Users\ERIN_JAVALead\.m2\repository\org\springframework\boot\spring-boot-autoconfigure\3.1.5\spring-boot-autoconfigure-3.1.5.jar;C:\Users\ERIN_JAVALead\.m2\repository\org\springframework\boot\spring-boot-starter-logging\3.1.5\spring-boot-starter-logging-3.1.5.jar;C:\Users\ERIN_JAVALead\.m2\repository\ch\qos\logback\logback-classic\1.4.11\logback-classic-1.4.11.jar;C:\Users\ERIN_JAVALead\.m2\repository\ch\qos\logback\logback-core\1.4.11\logback-core-1.4.11.jar;C:\Users\ERIN_JAVALead\.m2\repository\org\apache\logging\log4j\log4j-to-slf4j\2.20.0\log4j-to-slf4j-2.20.0.jar;C:\Users\ERIN_JAVALead\.m2\repository\org\apache\logging\log4j\log4j-api\2.20.0\log4j-api-2.20.0.jar;C:\Users\ERIN_JAVALead\.m2\repository\org\slf4j\jul-to-slf4j\2.0.9\jul-to-slf4j-2.0.9.jar;C:\Users\ERIN_JAVALead\.m2\repository\org\yaml\snakeyaml\1.33\snakeyaml-1.33.jar;C:\Users\ERIN_JAVALead\.m2\repository\org\springframework\boot\spring-boot-starter-json\3.1.5\spring-boot-starter-json-3.1.5.jar;C:\Users\ERIN_JAVALead\.m2\repository\com\fasterxml\jackson\core\jackson-databind\2.15.3\jackson-databind-2.15.3.jar;C:\Users\ERIN_JAVALead\.m2\repository\com\fasterxml\jackson\core\jackson-annotations\2.15.3\jackson-annotations-2.15.3.jar;C:\Users\ERIN_JAVALead\.m2\repository\com\fasterxml\jackson\core\jackson-core\2.15.3\jackson-core-2.15.3.jar;C:\Users\ERIN_JAVALead\.m2\repository\com\fasterxml\jackson\datatype\jackson-datatype-jdk8\2.15.3\jackson-datatype-jdk8-2.15.3.jar;C:\Users\ERIN_JAVALead\.m2\repository\com\fasterxml\jackson\datatype\jackson-datatype-jsr310\2.15.3\jackson-datatype-jsr310-2.15.3.jar;C:\Users\ERIN_JAVALead\.m2\repository\com\fasterxml\jackson\module\jackson-module-parameter-names\2.15.3\jackson-module-parameter-names-2.15.3.jar;C:\Users\ERIN_JAVALead\.m2\repository\org\springframework\boot\spring-boot-starter-tomcat\3.1.5\spring-boot-starter-tomcat-3.1.5.jar;C:\Users\ERIN_JAVALead\.m2\repository\org\apache\tomcat\embed\tomcat-embed-core\10.1.15\tomcat-embed-core-10.1.15.jar;C:\Users\ERIN_JAVALead\.m2\repository\org\apache\tomcat\embed\tomcat-embed-el\10.1.15\tomcat-embed-el-10.1.15.jar;C:\Users\ERIN_JAVALead\.m2\repository\org\apache\tomcat\embed\tomcat-embed-websocket\10.1.15\tomcat-embed-websocket-10.1.15.jar;C:\Users\ERIN_JAVALead\.m2\repository\org\springframework\spring-web\6.0.13\spring-web-6.0.13.jar;C:\Users\ERIN_JAVALead\.m2\repository\io\micrometer\micrometer-observation\1.11.5\micrometer-observation-1.11.5.jar;C:\Users\ERIN_JAVALead\.m2\repository\io\micrometer\micrometer-commons\1.11.5\micrometer-commons-1.11.5.jar;C:\Users\ERIN_JAVALead\.m2\repository\org\springframework\spring-webmvc\6.0.13\spring-webmvc-6.0.13.jar;C:\Users\ERIN_JAVALead\.m2\repository\org\springframework\spring-expression\6.0.13\spring-expression-6.0.13.jar;C:\Users\ERIN_JAVALead\.m2\repository\org\projectlombok\lombok\1.18.30\lombok-1.18.30.jar;C:\Users\ERIN_JAVALead\.m2\repository\com\microsoft\sqlserver\mssql-jdbc\11.2.3.jre17\mssql-jdbc-11.2.3.jre17.jar;C:\Users\ERIN_JAVALead\.m2\repository\jakarta\xml\bind\jakarta.xml.bind-api\4.0.1\jakarta.xml.bind-api-4.0.1.jar;C:\Users\ERIN_JAVALead\.m2\repository\jakarta\activation\jakarta.activation-api\2.1.2\jakarta.activation-api-2.1.2.jar;C:\Users\ERIN_JAVALead\.m2\repository\org\springframework\spring-core\6.0.13\spring-core-6.0.13.jar;C:\Users\ERIN_JAVALead\.m2\repository\org\springframework\spring-jcl\6.0.13\spring-jcl-6.0.13.jar
Launcher Type: SUN_STANDARD

[Global flags]
     intx CICompilerCount                          = 3                                         {product} {ergonomic}
     uint ConcGCThreads                            = 1                                         {product} {ergonomic}
     uint G1ConcRefinementThreads                  = 4                                         {product} {ergonomic}
   size_t G1HeapRegionSize                         = 1048576                                   {product} {ergonomic}
    uintx GCDrainStackTargetSize                   = 64                                        {product} {ergonomic}
   size_t InitialHeapSize                          = 67108864                                  {product} {ergonomic}
   size_t MarkStackSize                            = 4194304                                   {product} {ergonomic}
   size_t MaxHeapSize                              = 1052770304                                {product} {ergonomic}
   size_t MaxNewSize                               = 631242752                                 {product} {ergonomic}
   size_t MinHeapDeltaBytes                        = 1048576                                   {product} {ergonomic}
   size_t MinHeapSize                              = 8388608                                   {product} {ergonomic}
    uintx NonNMethodCodeHeapSize                   = 5832780                                {pd product} {ergonomic}
    uintx NonProfiledCodeHeapSize                  = 122912730                              {pd product} {ergonomic}
    uintx ProfiledCodeHeapSize                     = 122912730                              {pd product} {ergonomic}
    uintx ReservedCodeCacheSize                    = 251658240                              {pd product} {ergonomic}
     bool SegmentedCodeCache                       = true                                      {product} {ergonomic}
   size_t SoftMaxHeapSize                          = 1052770304                             {manageable} {ergonomic}
     bool UseCompressedClassPointers               = true                           {product lp64_product} {ergonomic}
     bool UseCompressedOops                        = true                           {product lp64_product} {ergonomic}
     bool UseG1GC                                  = true                                      {product} {ergonomic}
     bool UseLargePagesIndividualAllocation        = false                                  {pd product} {ergonomic}

Logging:
Log output configuration:
 #0: stdout all=warning uptime,level,tags foldmultilines=false
 #1: stderr all=off uptime,level,tags foldmultilines=false

Environment Variables:
PATH=C:\WINDOWS\system32;C:\WINDOWS;C:\WINDOWS\System32\Wbem;C:\WINDOWS\System32\WindowsPowerShell\v1.0\;C:\WINDOWS\System32\OpenSSH\;C:\Program Files (x86)\nodejs\;C:\Program Files (x86)\nodejs\npm;C:\Users\ERIN_JAVALead\AppData\Roaming\npm;C:\Program Files\Git\cmd;C:\Program Files (x86)\dotnet\;C:\Program Files (x86)\Microsoft SQL Server\160\DTS\Binn\;C:\Program Files\Azure Data Studio\bin;C:\Program Files (x86)\Microsoft SQL Server\160\Tools\Binn\;C:\Program Files\Microsoft SQL Server\160\Tools\Binn\;C:\Program Files\Microsoft SQL Server\Client SDK\ODBC\170\Tools\Binn\;C:\Program Files\Microsoft SQL Server\160\DTS\Binn\;C:\Users\ERIN_JAVALead\AppData\Local\Microsoft\WindowsApps;;C:\Users\ERIN_JAVALead\AppData\Local\Programs\Microsoft VS Code\bin;C:\Users\ERIN_JAVALead\AppData\Roaming\npm;C:\Program Files\Azure Data Studio\bin
USERNAME=ERIN_JAVALead
OS=Windows_NT
PROCESSOR_IDENTIFIER=Intel64 Family 6 Model 78 Stepping 3, GenuineIntel



---------------  S Y S T E M  ---------------

OS:
 Windows 10 , 64 bit Build 19041 (10.0.19041.3636)
OS uptime: 0 days 5:21 hours

CPU: total 4 (initial active 4) (2 cores per cpu, 2 threads per core) family 6 model 78 stepping 3 microcode 0xcc, cx8, cmov, fxsr, ht, mmx, 3dnowpref, sse, sse2, sse3, ssse3, sse4.1, sse4.2, popcnt, lzcnt, tsc, tscinvbit, avx, avx2, aes, erms, clmul, bmi1, bmi2, adx, fma, vzeroupper, clflush, clflushopt

Memory: 4k page, system-wide physical 4012M (285M free)
TotalPageFile size 6060M (AvailPageFile size 18M)
current process WorkingSet (physical memory assigned to process): 155M, peak: 155M
current process commit charge ("private bytes"): 189M, peak: 190M

vm_info: OpenJDK 64-Bit Server VM (18.0.2+9-FR) for windows-amd64 JRE (18.0.2+9-FR), built on Jul 15 2022 20:03:03 by "Administrator" with MS VC++ 15.9 (VS2017)

END.
