#
# There is insufficient memory for the Java Runtime Environment to continue.
# Native memory allocation (malloc) failed to allocate 277696 bytes for Chunk::new
# Possible reasons:
#   The system is out of physical RAM or swap space
#   The process is running with CompressedOops enabled, and the Java Heap may be blocking the growth of the native heap
# Possible solutions:
#   Reduce memory load on the system
#   Increase physical memory or swap space
#   Check if swap backing store is full
#   Decrease Java heap size (-Xmx/-Xms)
#   Decrease number of Java threads
#   Decrease Java thread stack sizes (-Xss)
#   Set larger code cache with -XX:ReservedCodeCacheSize=
#   JVM is running with Unscaled Compressed Oops mode in which the Java heap is
#     placed in the first 4GB address space. The Java Heap base address is the
#     maximum limit for the native heap growth. Please use -XX:HeapBaseMinAddress
#     to set the Java Heap base and to place the Java Heap above 4GB virtual address.
# This output file may be truncated or incomplete.
#
#  Out of Memory Error (arena.cpp:184), pid=8288, tid=12736
#
# JRE version: OpenJDK Runtime Environment Corretto-18.0.2.9.1 (18.0.2+9) (build 18.0.2+9-FR)
# Java VM: OpenJDK 64-Bit Server VM Corretto-18.0.2.9.1 (18.0.2+9-FR, mixed mode, sharing, tiered, compressed oops, compressed class ptrs, g1 gc, windows-amd64)
# No core dump will be written. Minidumps are not enabled by default on client versions of Windows
#

---------------  S U M M A R Y ------------

Command Line: -javaagent:C:\Program Files\JetBrains\IntelliJ IDEA Community Edition 2021.3.3\lib\idea_rt.jar=53613:C:\Program Files\JetBrains\IntelliJ IDEA Community Edition 2021.3.3\bin -Dfile.encoding=UTF-8 com.devskiller.tasks.blog.BlogApplication

Host: Intel(R) Core(TM) i3-6006U CPU @ 2.00GHz, 4 cores, 3G,  Windows 10 , 64 bit Build 19041 (10.0.19041.3570)
Time: Sun Nov  5 11:45:29 2023 Central European Standard Time elapsed time: 82.801722 seconds (0d 0h 1m 22s)

---------------  T H R E A D  ---------------

Current thread (0x00000185f29bd2d0):  JavaThread "C2 CompilerThread0" daemon [_thread_in_native, id=12736, stack(0x0000006d5d500000,0x0000006d5d600000)]


Current CompileTask:
C2:  82801 6355       4       java.lang.invoke.InvokerBytecodeGenerator::emitImplicitConversion (161 bytes)

Stack: [0x0000006d5d500000,0x0000006d5d600000]
Native frames: (J=compiled Java code, j=interpreted, Vv=VM code, C=native code)
V  [jvm.dll+0x685a2a]
V  [jvm.dll+0x82ae8d]
V  [jvm.dll+0x82c75e]
V  [jvm.dll+0x82ce03]
V  [jvm.dll+0x25ef4b]
V  [jvm.dll+0xd42d2]
V  [jvm.dll+0xd4665]
V  [jvm.dll+0x2ca852]
V  [jvm.dll+0x5907bf]
V  [jvm.dll+0x23bae0]
V  [jvm.dll+0x2351ef]
V  [jvm.dll+0x232e1f]
V  [jvm.dll+0x1c0a35]
V  [jvm.dll+0x24212c]
V  [jvm.dll+0x240534]
V  [jvm.dll+0x7df6db]
V  [jvm.dll+0x7d9cba]
V  [jvm.dll+0x6848a5]
C  [ucrtbase.dll+0x21bb2]
C  [KERNEL32.DLL+0x17344]
C  [ntdll.dll+0x526b1]


---------------  P R O C E S S  ---------------

Threads class SMR info:
_java_thread_list=0x00000185f7fa9360, length=30, elements={
0x00000185f29a46c0, 0x00000185f29a5320, 0x00000185f29b9910, 0x00000185f29bb2c0,
0x00000185f29bbc60, 0x00000185f29bc600, 0x00000185f29bd2d0, 0x00000185f2a238a0,
0x00000185f2a25ea0, 0x00000185d751af70, 0x00000185f6eb1100, 0x00000185f6ffe3b0,
0x00000185f91c3270, 0x00000185f935f8b0, 0x00000185f81be380, 0x00000185f89be260,
0x00000185f89bf5a0, 0x00000185f89bc0b0, 0x00000185f89bec00, 0x00000185f89bf0d0,
0x00000185f89bca50, 0x00000185f89bd3f0, 0x00000185f89bdd90, 0x00000185f89be730,
0x00000185fac7ad10, 0x00000185fac769b0, 0x00000185fac74330, 0x00000185fac73990,
0x00000185fac77350, 0x00000185fac77820
}

Java Threads: ( => current thread )
  0x00000185f29a46c0 JavaThread "Reference Handler" daemon [_thread_blocked, id=9536, stack(0x0000006d5cf00000,0x0000006d5d000000)]
  0x00000185f29a5320 JavaThread "Finalizer" daemon [_thread_blocked, id=13020, stack(0x0000006d5d000000,0x0000006d5d100000)]
  0x00000185f29b9910 JavaThread "Signal Dispatcher" daemon [_thread_blocked, id=6496, stack(0x0000006d5d100000,0x0000006d5d200000)]
  0x00000185f29bb2c0 JavaThread "Attach Listener" daemon [_thread_blocked, id=10116, stack(0x0000006d5d200000,0x0000006d5d300000)]
  0x00000185f29bbc60 JavaThread "Service Thread" daemon [_thread_blocked, id=4204, stack(0x0000006d5d300000,0x0000006d5d400000)]
  0x00000185f29bc600 JavaThread "Monitor Deflation Thread" daemon [_thread_blocked, id=5920, stack(0x0000006d5d400000,0x0000006d5d500000)]
=>0x00000185f29bd2d0 JavaThread "C2 CompilerThread0" daemon [_thread_in_native, id=12736, stack(0x0000006d5d500000,0x0000006d5d600000)]
  0x00000185f2a238a0 JavaThread "C1 CompilerThread0" daemon [_thread_blocked, id=12660, stack(0x0000006d5d600000,0x0000006d5d700000)]
  0x00000185f2a25ea0 JavaThread "Sweeper thread" daemon [_thread_blocked, id=5324, stack(0x0000006d5d700000,0x0000006d5d800000)]
  0x00000185d751af70 JavaThread "Common-Cleaner" daemon [_thread_blocked, id=5244, stack(0x0000006d5d800000,0x0000006d5d900000)]
  0x00000185f6eb1100 JavaThread "Monitor Ctrl-Break" daemon [_thread_in_native, id=3780, stack(0x0000006d5d900000,0x0000006d5da00000)]
  0x00000185f6ffe3b0 JavaThread "Notification Thread" daemon [_thread_blocked, id=11388, stack(0x0000006d5da00000,0x0000006d5db00000)]
  0x00000185f91c3270 JavaThread "Catalina-utility-1" [_thread_blocked, id=12528, stack(0x0000006d5e000000,0x0000006d5e100000)]
  0x00000185f935f8b0 JavaThread "Catalina-utility-2" [_thread_blocked, id=11228, stack(0x0000006d5e100000,0x0000006d5e200000)]
  0x00000185f81be380 JavaThread "container-0" [_thread_blocked, id=9560, stack(0x0000006d5e200000,0x0000006d5e300000)]
  0x00000185f89be260 JavaThread "mssql-jdbc-shared-timer-core-0" daemon [_thread_blocked, id=13076, stack(0x0000006d5e400000,0x0000006d5e500000)]
  0x00000185f89bf5a0 JavaThread "HikariPool-1 housekeeper" daemon [_thread_blocked, id=13108, stack(0x0000006d5e500000,0x0000006d5e600000)]
  0x00000185f89bc0b0 JavaThread "http-nio-8081-exec-1" daemon [_thread_in_native, id=10204, stack(0x0000006d5e600000,0x0000006d5e700000)]
  0x00000185f89bec00 JavaThread "http-nio-8081-exec-2" daemon [_thread_blocked, id=12504, stack(0x0000006d5e700000,0x0000006d5e800000)]
  0x00000185f89bf0d0 JavaThread "http-nio-8081-exec-3" daemon [_thread_blocked, id=8944, stack(0x0000006d5e800000,0x0000006d5e900000)]
  0x00000185f89bca50 JavaThread "http-nio-8081-exec-4" daemon [_thread_blocked, id=11256, stack(0x0000006d5e900000,0x0000006d5ea00000)]
  0x00000185f89bd3f0 JavaThread "http-nio-8081-exec-5" daemon [_thread_blocked, id=11060, stack(0x0000006d5ea00000,0x0000006d5eb00000)]
  0x00000185f89bdd90 JavaThread "http-nio-8081-exec-6" daemon [_thread_blocked, id=8360, stack(0x0000006d5eb00000,0x0000006d5ec00000)]
  0x00000185f89be730 JavaThread "http-nio-8081-exec-7" daemon [_thread_blocked, id=6088, stack(0x0000006d5ec00000,0x0000006d5ed00000)]
  0x00000185fac7ad10 JavaThread "http-nio-8081-exec-8" daemon [_thread_blocked, id=820, stack(0x0000006d5ed00000,0x0000006d5ee00000)]
  0x00000185fac769b0 JavaThread "http-nio-8081-exec-9" daemon [_thread_blocked, id=8092, stack(0x0000006d5ee00000,0x0000006d5ef00000)]
  0x00000185fac74330 JavaThread "http-nio-8081-exec-10" daemon [_thread_blocked, id=5544, stack(0x0000006d5ef00000,0x0000006d5f000000)]
  0x00000185fac73990 JavaThread "http-nio-8081-Poller" daemon [_thread_in_native, id=11272, stack(0x0000006d5f000000,0x0000006d5f100000)]
  0x00000185fac77350 JavaThread "http-nio-8081-Acceptor" daemon [_thread_in_native, id=11392, stack(0x0000006d5f100000,0x0000006d5f200000)]
  0x00000185fac77820 JavaThread "DestroyJavaVM" [_thread_blocked, id=8196, stack(0x0000006d5c800000,0x0000006d5c900000)]

Other Threads:
  0x00000185f299ef00 VMThread "VM Thread" [stack: 0x0000006d5ce00000,0x0000006d5cf00000] [id=7896]
  0x00000185f6ee7b00 WatcherThread "VM Periodic Task Thread" [stack: 0x0000006d5db00000,0x0000006d5dc00000] [id=5676]
  0x00000185d7496700 WorkerThread "GC Thread#0" [stack: 0x0000006d5c900000,0x0000006d5ca00000] [id=12048]
  0x00000185f72fced0 WorkerThread "GC Thread#1" [stack: 0x0000006d5dc00000,0x0000006d5dd00000] [id=12440]
  0x00000185f7326160 WorkerThread "GC Thread#2" [stack: 0x0000006d5dd00000,0x0000006d5de00000] [id=8696]
  0x00000185f7271b30 WorkerThread "GC Thread#3" [stack: 0x0000006d5de00000,0x0000006d5df00000] [id=10524]
  0x00000185d74a07c0 ConcurrentGCThread "G1 Main Marker" [stack: 0x0000006d5ca00000,0x0000006d5cb00000] [id=2264]
  0x00000185d74a11b0 WorkerThread "G1 Conc#0" [stack: 0x0000006d5cb00000,0x0000006d5cc00000] [id=8832]
  0x00000185d74c83b0 ConcurrentGCThread "G1 Refine#0" [stack: 0x0000006d5cc00000,0x0000006d5cd00000] [id=11528]
  0x00000185f72f47c0 ConcurrentGCThread "G1 Refine#1" [stack: 0x0000006d5df00000,0x0000006d5e000000] [id=8952]
  0x00000185d74c8cc0 ConcurrentGCThread "G1 Service" [stack: 0x0000006d5cd00000,0x0000006d5ce00000] [id=7672]

Threads with active compile tasks:
C2 CompilerThread0    82903 6355       4       java.lang.invoke.InvokerBytecodeGenerator::emitImplicitConversion (161 bytes)

VM state: not at safepoint (normal execution)

VM Mutex/Monitor currently owned by a thread: None

Heap address: 0x00000000c1400000, size: 1004 MB, Compressed Oops mode: 32-bit

CDS archive(s) mapped at: [0x0000000800000000-0x0000000800ba0000-0x0000000800ba0000), size 12189696, SharedBaseAddress: 0x0000000800000000, ArchiveRelocationMode: 0.
Compressed class space mapped at: 0x0000000800c00000-0x0000000840c00000, reserved size: 1073741824
Narrow klass base: 0x0000000800000000, Narrow klass shift: 0, Narrow klass range: 0x100000000

GC Precious Log:
 CardTable entry size: 512
 Card Set container configuration: InlinePtr #cards 5 size 8 Array Of Cards #cards 12 size 40 Howl #buckets 4 coarsen threshold 1843 Howl Bitmap #cards 512 size 80 coarsen threshold 460 Card regions per heap region 1 cards per card region 2048
 CPUs: 4 total, 4 available
 Memory: 4012M
 Large Page Support: Disabled
 NUMA Support: Disabled
 Compressed Oops: Enabled (32-bit)
 Heap Region Size: 1M
 Heap Min Capacity: 8M
 Heap Initial Capacity: 64M
 Heap Max Capacity: 1004M
 Pre-touch: Disabled
 Parallel Workers: 4
 Concurrent Workers: 1
 Concurrent Refinement Workers: 4
 Periodic GC: Disabled

Heap:
 garbage-first heap   total 58368K, used 34451K [0x00000000c1400000, 0x0000000100000000)
  region size 1024K, 7 young (7168K), 2 survivors (2048K)
 Metaspace       used 69175K, committed 69888K, reserved 1114112K
  class space    used 9350K, committed 9664K, reserved 1048576K

Heap Regions: E=young(eden), S=young(survivor), O=old, HS=humongous(starts), HC=humongous(continues), CS=collection set, F=free, OA=open archive, CA=closed archive, TAMS=top-at-mark-start (previous, next)
|   0|0x00000000c1400000, 0x00000000c1500000, 0x00000000c1500000|100%|HS|  |TAMS 0x00000000c1500000, 0x00000000c1400000| Complete 
|   1|0x00000000c1500000, 0x00000000c1600000, 0x00000000c1600000|100%| O|  |TAMS 0x00000000c1600000, 0x00000000c1500000| Untracked 
|   2|0x00000000c1600000, 0x00000000c1700000, 0x00000000c1700000|100%| O|  |TAMS 0x00000000c1700000, 0x00000000c1600000| Untracked 
|   3|0x00000000c1700000, 0x00000000c1800000, 0x00000000c1800000|100%| O|  |TAMS 0x00000000c1800000, 0x00000000c1700000| Untracked 
|   4|0x00000000c1800000, 0x00000000c1900000, 0x00000000c1900000|100%| O|  |TAMS 0x00000000c1900000, 0x00000000c1800000| Untracked 
|   5|0x00000000c1900000, 0x00000000c1a00000, 0x00000000c1a00000|100%| O|  |TAMS 0x00000000c1a00000, 0x00000000c1900000| Untracked 
|   6|0x00000000c1a00000, 0x00000000c1b00000, 0x00000000c1b00000|100%| O|  |TAMS 0x00000000c1b00000, 0x00000000c1a00000| Untracked 
|   7|0x00000000c1b00000, 0x00000000c1c00000, 0x00000000c1c00000|100%| O|  |TAMS 0x00000000c1c00000, 0x00000000c1b00000| Untracked 
|   8|0x00000000c1c00000, 0x00000000c1d00000, 0x00000000c1d00000|100%| O|  |TAMS 0x00000000c1d00000, 0x00000000c1c00000| Untracked 
|   9|0x00000000c1d00000, 0x00000000c1e00000, 0x00000000c1e00000|100%| O|  |TAMS 0x00000000c1e00000, 0x00000000c1d00000| Untracked 
|  10|0x00000000c1e00000, 0x00000000c1eda000, 0x00000000c1f00000| 85%| O|  |TAMS 0x00000000c1eda000, 0x00000000c1e00000| Untracked 
|  11|0x00000000c1f00000, 0x00000000c2000000, 0x00000000c2000000|100%| O|  |TAMS 0x00000000c2000000, 0x00000000c1f00000| Untracked 
|  12|0x00000000c2000000, 0x00000000c2100000, 0x00000000c2100000|100%| O|  |TAMS 0x00000000c2100000, 0x00000000c2000000| Untracked 
|  13|0x00000000c2100000, 0x00000000c2200000, 0x00000000c2200000|100%| O|  |TAMS 0x00000000c2200000, 0x00000000c2100000| Untracked 
|  14|0x00000000c2200000, 0x00000000c2300000, 0x00000000c2300000|100%| O|  |TAMS 0x00000000c2300000, 0x00000000c2200000| Untracked 
|  15|0x00000000c2300000, 0x00000000c2400000, 0x00000000c2400000|100%| O|  |TAMS 0x00000000c2400000, 0x00000000c2300000| Untracked 
|  16|0x00000000c2400000, 0x00000000c2500000, 0x00000000c2500000|100%| O|  |TAMS 0x00000000c2500000, 0x00000000c2400000| Untracked 
|  17|0x00000000c2500000, 0x00000000c2600000, 0x00000000c2600000|100%| O|  |TAMS 0x00000000c2600000, 0x00000000c2500000| Untracked 
|  18|0x00000000c2600000, 0x00000000c2700000, 0x00000000c2700000|100%| O|  |TAMS 0x00000000c2700000, 0x00000000c2600000| Untracked 
|  19|0x00000000c2700000, 0x00000000c2800000, 0x00000000c2800000|100%| O|  |TAMS 0x00000000c2800000, 0x00000000c2700000| Untracked 
|  20|0x00000000c2800000, 0x00000000c2900000, 0x00000000c2900000|100%| O|  |TAMS 0x00000000c2900000, 0x00000000c2800000| Untracked 
|  21|0x00000000c2900000, 0x00000000c2a00000, 0x00000000c2a00000|100%| O|  |TAMS 0x00000000c2a00000, 0x00000000c2900000| Untracked 
|  22|0x00000000c2a00000, 0x00000000c2b00000, 0x00000000c2b00000|100%| O|  |TAMS 0x00000000c2b00000, 0x00000000c2a00000| Untracked 
|  23|0x00000000c2b00000, 0x00000000c2c00000, 0x00000000c2c00000|100%| O|  |TAMS 0x00000000c2c00000, 0x00000000c2b00000| Untracked 
|  24|0x00000000c2c00000, 0x00000000c2d00000, 0x00000000c2d00000|100%| O|  |TAMS 0x00000000c2d00000, 0x00000000c2c00000| Untracked 
|  25|0x00000000c2d00000, 0x00000000c2e00000, 0x00000000c2e00000|100%| O|  |TAMS 0x00000000c2e00000, 0x00000000c2d00000| Untracked 
|  26|0x00000000c2e00000, 0x00000000c2f00000, 0x00000000c2f00000|100%| O|  |TAMS 0x00000000c2f00000, 0x00000000c2e00000| Untracked 
|  27|0x00000000c2f00000, 0x00000000c3000000, 0x00000000c3000000|100%| O|  |TAMS 0x00000000c2f1d800, 0x00000000c2f00000| Untracked 
|  28|0x00000000c3000000, 0x00000000c3100000, 0x00000000c3100000|100%| O|  |TAMS 0x00000000c3000000, 0x00000000c3000000| Untracked 
|  29|0x00000000c3100000, 0x00000000c3187e00, 0x00000000c3200000| 53%| O|  |TAMS 0x00000000c3100000, 0x00000000c3100000| Untracked 
|  30|0x00000000c3200000, 0x00000000c3200000, 0x00000000c3300000|  0%| F|  |TAMS 0x00000000c3200000, 0x00000000c3200000| Untracked 
|  31|0x00000000c3300000, 0x00000000c3300000, 0x00000000c3400000|  0%| F|  |TAMS 0x00000000c3300000, 0x00000000c3300000| Untracked 
|  32|0x00000000c3400000, 0x00000000c3400000, 0x00000000c3500000|  0%| F|  |TAMS 0x00000000c3400000, 0x00000000c3400000| Untracked 
|  33|0x00000000c3500000, 0x00000000c3500000, 0x00000000c3600000|  0%| F|  |TAMS 0x00000000c3500000, 0x00000000c3500000| Untracked 
|  34|0x00000000c3600000, 0x00000000c3600000, 0x00000000c3700000|  0%| F|  |TAMS 0x00000000c3600000, 0x00000000c3600000| Untracked 
|  35|0x00000000c3700000, 0x00000000c3700000, 0x00000000c3800000|  0%| F|  |TAMS 0x00000000c3700000, 0x00000000c3700000| Untracked 
|  36|0x00000000c3800000, 0x00000000c3800000, 0x00000000c3900000|  0%| F|  |TAMS 0x00000000c3800000, 0x00000000c3800000| Untracked 
|  37|0x00000000c3900000, 0x00000000c3900000, 0x00000000c3a00000|  0%| F|  |TAMS 0x00000000c3900000, 0x00000000c3900000| Untracked 
|  38|0x00000000c3a00000, 0x00000000c3a00000, 0x00000000c3b00000|  0%| F|  |TAMS 0x00000000c3a00000, 0x00000000c3a00000| Untracked 
|  39|0x00000000c3b00000, 0x00000000c3b00000, 0x00000000c3c00000|  0%| F|  |TAMS 0x00000000c3b00000, 0x00000000c3b00000| Untracked 
|  40|0x00000000c3c00000, 0x00000000c3c00000, 0x00000000c3d00000|  0%| F|  |TAMS 0x00000000c3c00000, 0x00000000c3c00000| Untracked 
|  41|0x00000000c3d00000, 0x00000000c3d00000, 0x00000000c3e00000|  0%| F|  |TAMS 0x00000000c3d00000, 0x00000000c3d00000| Untracked 
|  42|0x00000000c3e00000, 0x00000000c3e00000, 0x00000000c3f00000|  0%| F|  |TAMS 0x00000000c3e00000, 0x00000000c3e00000| Untracked 
|  43|0x00000000c3f00000, 0x00000000c3f43038, 0x00000000c4000000| 26%| S|CS|TAMS 0x00000000c3f00000, 0x00000000c3f00000| Complete 
|  44|0x00000000c4000000, 0x00000000c4100000, 0x00000000c4100000|100%| S|CS|TAMS 0x00000000c4000000, 0x00000000c4000000| Complete 
|  45|0x00000000c4100000, 0x00000000c4100000, 0x00000000c4200000|  0%| F|  |TAMS 0x00000000c4100000, 0x00000000c4100000| Untracked 
|  46|0x00000000c4200000, 0x00000000c4200000, 0x00000000c4300000|  0%| F|  |TAMS 0x00000000c4200000, 0x00000000c4200000| Untracked 
|  47|0x00000000c4300000, 0x00000000c4300000, 0x00000000c4400000|  0%| F|  |TAMS 0x00000000c4300000, 0x00000000c4300000| Untracked 
|  48|0x00000000c4400000, 0x00000000c4400000, 0x00000000c4500000|  0%| F|  |TAMS 0x00000000c4400000, 0x00000000c4400000| Untracked 
|  49|0x00000000c4500000, 0x00000000c4500000, 0x00000000c4600000|  0%| F|  |TAMS 0x00000000c4500000, 0x00000000c4500000| Untracked 
|  50|0x00000000c4600000, 0x00000000c4600000, 0x00000000c4700000|  0%| F|  |TAMS 0x00000000c4600000, 0x00000000c4600000| Untracked 
|  51|0x00000000c4700000, 0x00000000c4730cd0, 0x00000000c4800000| 19%| E|  |TAMS 0x00000000c4700000, 0x00000000c4700000| Complete 
|  52|0x00000000c4800000, 0x00000000c4900000, 0x00000000c4900000|100%| E|CS|TAMS 0x00000000c4800000, 0x00000000c4800000| Complete 
|  53|0x00000000c4900000, 0x00000000c4a00000, 0x00000000c4a00000|100%| E|CS|TAMS 0x00000000c4900000, 0x00000000c4900000| Complete 
|  54|0x00000000c4a00000, 0x00000000c4b00000, 0x00000000c4b00000|100%| E|  |TAMS 0x00000000c4a00000, 0x00000000c4a00000| Complete 
|  55|0x00000000c4b00000, 0x00000000c4c00000, 0x00000000c4c00000|100%| E|CS|TAMS 0x00000000c4b00000, 0x00000000c4b00000| Complete 
|  63|0x00000000c5300000, 0x00000000c5400000, 0x00000000c5400000|100%| E|CS|TAMS 0x00000000c5300000, 0x00000000c5300000| Complete 

Card table byte_map: [0x00000185ee220000,0x00000185ee420000] _byte_map_base: 0x00000185edc16000

Marking Bits (Prev, Next): (CMBitMap*) 0x00000185d7498110, (CMBitMap*) 0x00000185d7498150
 Prev Bits: [0x00000185ee620000, 0x00000185ef5d0000)
 Next Bits: [0x00000185ef5d0000, 0x00000185f0580000)

Polling page: 0x00000185d6c20000

Metaspace:

Usage:
  Non-class:     58.45 MB used.
      Class:      9.14 MB used.
       Both:     67.59 MB used.

Virtual space:
  Non-class space:       64.00 MB reserved,      58.81 MB ( 92%) committed,  1 nodes.
      Class space:        1.00 GB reserved,       9.44 MB ( <1%) committed,  1 nodes.
             Both:        1.06 GB reserved,      68.25 MB (  6%) committed. 

Chunk freelists:
   Non-Class:  272.00 KB
       Class:  2.52 MB
        Both:  2.78 MB

MaxMetaspaceSize: unlimited
CompressedClassSpaceSize: 1.00 GB
Initial GC threshold: 21.00 MB
Current GC threshold: 109.31 MB
CDS: on
MetaspaceReclaimPolicy: balanced
 - commit_granule_bytes: 65536.
 - commit_granule_words: 8192.
 - virtual_space_node_default_size: 8388608.
 - enlarge_chunks_in_place: 1.
 - new_chunks_are_fully_committed: 0.
 - uncommit_free_chunks: 1.
 - use_allocation_guard: 0.


Internal statistics:

num_allocs_failed_limit: 9.
num_arena_births: 972.
num_arena_deaths: 0.
num_vsnodes_births: 2.
num_vsnodes_deaths: 0.
num_space_committed: 1092.
num_space_uncommitted: 0.
num_chunks_returned_to_freelist: 9.
num_chunks_taken_from_freelist: 3342.
num_chunk_merges: 6.
num_chunk_splits: 2443.
num_chunks_enlarged: 1955.
num_inconsistent_stats: 0.

CodeHeap 'non-profiled nmethods': size=120000Kb used=2666Kb max_used=2933Kb free=117333Kb
 bounds [0x00000185e6af0000, 0x00000185e6de0000, 0x00000185ee020000]
CodeHeap 'profiled nmethods': size=120000Kb used=10205Kb max_used=11946Kb free=109794Kb
 bounds [0x00000185df5c0000, 0x00000185e0170000, 0x00000185e6af0000]
CodeHeap 'non-nmethods': size=5760Kb used=1377Kb max_used=1455Kb free=4382Kb
 bounds [0x00000185df020000, 0x00000185df290000, 0x00000185df5c0000]
 total_blobs=6089 nmethods=5382 adapters=619
 compilation: enabled
              stopped_count=0, restarted_count=0
 full_count=0

Compilation events (20 events):
Event: 82.730 Thread 0x00000185f29bd2d0 nmethod 6352 0x00000185e6caf710 code [0x00000185e6caf8c0, 0x00000185e6cafbc8]
Event: 82.738 Thread 0x00000185f2a238a0 6353       3       java.nio.ByteBuffer::mark (7 bytes)
Event: 82.739 Thread 0x00000185f2a238a0 nmethod 6353 0x00000185df90a590 code [0x00000185df90a720, 0x00000185df90a898]
Event: 82.766 Thread 0x00000185f29bd2d0 6354       4       java.lang.invoke.MethodHandle::intrinsicName (4 bytes)
Event: 82.767 Thread 0x00000185f29bd2d0 nmethod 6354 0x00000185e6b13590 code [0x00000185e6b13700, 0x00000185e6b13778]
Event: 82.767 Thread 0x00000185f29bd2d0 6355       4       java.lang.invoke.InvokerBytecodeGenerator::emitImplicitConversion (161 bytes)
Event: 82.768 Thread 0x00000185f2a238a0 6356   !   3       java.lang.invoke.LambdaForm::lambdaName (49 bytes)
Event: 82.768 Thread 0x00000185f2a238a0 nmethod 6356 0x00000185df893610 code [0x00000185df8937a0, 0x00000185df8938b8]
Event: 82.768 Thread 0x00000185f2a238a0 6357       3       java.lang.invoke.InvokerBytecodeGenerator::classFilePrologue (64 bytes)
Event: 82.770 Thread 0x00000185f2a238a0 nmethod 6357 0x00000185df91ab90 code [0x00000185df91ade0, 0x00000185df91b598]
Event: 82.770 Thread 0x00000185f2a238a0 6358       3       java.lang.invoke.InvokerBytecodeGenerator::clinit (282 bytes)
Event: 82.772 Thread 0x00000185f2a238a0 nmethod 6358 0x00000185df5c5110 code [0x00000185df5c5540, 0x00000185df5c7358]
Event: 82.772 Thread 0x00000185f2a238a0 6359       3       java.lang.invoke.InvokerBytecodeGenerator::bogusMethod (74 bytes)
Event: 82.772 Thread 0x00000185f2a238a0 nmethod 6359 0x00000185df8ed110 code [0x00000185df8ed2a0, 0x00000185df8ed3b8]
Event: 82.772 Thread 0x00000185f2a238a0 6361   !   3       java.lang.invoke.InvokerBytecodeGenerator::resolveInvokerMember (43 bytes)
Event: 82.773 Thread 0x00000185f2a238a0 nmethod 6361 0x00000185df955f90 code [0x00000185df956160, 0x00000185df9564a8]
Event: 82.773 Thread 0x00000185f2a238a0 6360       3       java.lang.invoke.InvokerBytecodeGenerator::classDataValues (265 bytes)
Event: 82.776 Thread 0x00000185f2a238a0 nmethod 6360 0x00000185df6fbb10 code [0x00000185df6fc000, 0x00000185df6ff5d8]
Event: 82.776 Thread 0x00000185f2a238a0 6364       3       jdk.internal.misc.Unsafe::weakCompareAndSetLong (11 bytes)
Event: 82.776 Thread 0x00000185f2a238a0 nmethod 6364 0x00000185df996590 code [0x00000185df996720, 0x00000185df996858]

GC Heap History (20 events):
Event: 20.130 GC heap before
{Heap before GC invocations=13 (full 0):
 garbage-first heap   total 48128K, used 36033K [0x00000000c1400000, 0x0000000100000000)
  region size 1024K, 18 young (18432K), 3 survivors (3072K)
 Metaspace       used 51220K, committed 51840K, reserved 1114112K
  class space    used 6613K, committed 6912K, reserved 1048576K
}
Event: 20.137 GC heap after
{Heap after GC invocations=14 (full 0):
 garbage-first heap   total 48128K, used 22625K [0x00000000c1400000, 0x0000000100000000)
  region size 1024K, 3 young (3072K), 3 survivors (3072K)
 Metaspace       used 51220K, committed 51840K, reserved 1114112K
  class space    used 6613K, committed 6912K, reserved 1048576K
}
Event: 21.300 GC heap before
{Heap before GC invocations=14 (full 0):
 garbage-first heap   total 48128K, used 37985K [0x00000000c1400000, 0x0000000100000000)
  region size 1024K, 18 young (18432K), 3 survivors (3072K)
 Metaspace       used 54449K, committed 54976K, reserved 1114112K
  class space    used 7099K, committed 7360K, reserved 1048576K
}
Event: 21.305 GC heap after
{Heap after GC invocations=15 (full 0):
 garbage-first heap   total 48128K, used 23033K [0x00000000c1400000, 0x0000000100000000)
  region size 1024K, 2 young (2048K), 2 survivors (2048K)
 Metaspace       used 54449K, committed 54976K, reserved 1114112K
  class space    used 7099K, committed 7360K, reserved 1048576K
}
Event: 22.103 GC heap before
{Heap before GC invocations=15 (full 0):
 garbage-first heap   total 48128K, used 36345K [0x00000000c1400000, 0x0000000100000000)
  region size 1024K, 16 young (16384K), 2 survivors (2048K)
 Metaspace       used 57639K, committed 58240K, reserved 1114112K
  class space    used 7509K, committed 7808K, reserved 1048576K
}
Event: 22.109 GC heap after
{Heap after GC invocations=16 (full 0):
 garbage-first heap   total 48128K, used 24384K [0x00000000c1400000, 0x0000000100000000)
  region size 1024K, 2 young (2048K), 2 survivors (2048K)
 Metaspace       used 57639K, committed 58240K, reserved 1114112K
  class space    used 7509K, committed 7808K, reserved 1048576K
}
Event: 22.603 GC heap before
{Heap before GC invocations=17 (full 0):
 garbage-first heap   total 48128K, used 37696K [0x00000000c1400000, 0x0000000100000000)
  region size 1024K, 15 young (15360K), 2 survivors (2048K)
 Metaspace       used 58739K, committed 59392K, reserved 1114112K
  class space    used 7758K, committed 8064K, reserved 1048576K
}
Event: 22.610 GC heap after
{Heap after GC invocations=18 (full 0):
 garbage-first heap   total 48128K, used 25189K [0x00000000c1400000, 0x0000000100000000)
  region size 1024K, 1 young (1024K), 1 survivors (1024K)
 Metaspace       used 58739K, committed 59392K, reserved 1114112K
  class space    used 7758K, committed 8064K, reserved 1048576K
}
Event: 22.862 GC heap before
{Heap before GC invocations=18 (full 0):
 garbage-first heap   total 48128K, used 38501K [0x00000000c1400000, 0x0000000100000000)
  region size 1024K, 14 young (14336K), 1 survivors (1024K)
 Metaspace       used 58900K, committed 59520K, reserved 1114112K
  class space    used 7766K, committed 8064K, reserved 1048576K
}
Event: 22.867 GC heap after
{Heap after GC invocations=19 (full 0):
 garbage-first heap   total 48128K, used 25536K [0x00000000c1400000, 0x0000000100000000)
  region size 1024K, 2 young (2048K), 2 survivors (2048K)
 Metaspace       used 58900K, committed 59520K, reserved 1114112K
  class space    used 7766K, committed 8064K, reserved 1048576K
}
Event: 23.484 GC heap before
{Heap before GC invocations=20 (full 0):
 garbage-first heap   total 53248K, used 37824K [0x00000000c1400000, 0x0000000100000000)
  region size 1024K, 15 young (15360K), 2 survivors (2048K)
 Metaspace       used 60585K, committed 61120K, reserved 1114112K
  class space    used 8060K, committed 8320K, reserved 1048576K
}
Event: 23.489 GC heap after
{Heap after GC invocations=21 (full 0):
 garbage-first heap   total 53248K, used 26707K [0x00000000c1400000, 0x0000000100000000)
  region size 1024K, 2 young (2048K), 2 survivors (2048K)
 Metaspace       used 60585K, committed 61120K, reserved 1114112K
  class space    used 8060K, committed 8320K, reserved 1048576K
}
Event: 24.024 GC heap before
{Heap before GC invocations=21 (full 0):
 garbage-first heap   total 53248K, used 41043K [0x00000000c1400000, 0x0000000100000000)
  region size 1024K, 17 young (17408K), 2 survivors (2048K)
 Metaspace       used 62700K, committed 63296K, reserved 1114112K
  class space    used 8442K, committed 8704K, reserved 1048576K
}
Event: 24.035 GC heap after
{Heap after GC invocations=22 (full 0):
 garbage-first heap   total 53248K, used 27690K [0x00000000c1400000, 0x0000000100000000)
  region size 1024K, 3 young (3072K), 3 survivors (3072K)
 Metaspace       used 62700K, committed 63296K, reserved 1114112K
  class space    used 8442K, committed 8704K, reserved 1048576K
}
Event: 24.594 GC heap before
{Heap before GC invocations=23 (full 0):
 garbage-first heap   total 53248K, used 41002K [0x00000000c1400000, 0x0000000100000000)
  region size 1024K, 16 young (16384K), 3 survivors (3072K)
 Metaspace       used 64347K, committed 64960K, reserved 1114112K
  class space    used 8695K, committed 8960K, reserved 1048576K
}
Event: 24.602 GC heap after
{Heap after GC invocations=24 (full 0):
 garbage-first heap   total 53248K, used 28431K [0x00000000c1400000, 0x0000000100000000)
  region size 1024K, 1 young (1024K), 1 survivors (1024K)
 Metaspace       used 64347K, committed 64960K, reserved 1114112K
  class space    used 8695K, committed 8960K, reserved 1048576K
}
Event: 25.492 GC heap before
{Heap before GC invocations=24 (full 0):
 garbage-first heap   total 53248K, used 42767K [0x00000000c1400000, 0x0000000100000000)
  region size 1024K, 15 young (15360K), 1 survivors (1024K)
 Metaspace       used 66173K, committed 66816K, reserved 1114112K
  class space    used 8943K, committed 9216K, reserved 1048576K
}
Event: 25.500 GC heap after
{Heap after GC invocations=25 (full 0):
 garbage-first heap   total 53248K, used 30048K [0x00000000c1400000, 0x0000000100000000)
  region size 1024K, 2 young (2048K), 2 survivors (2048K)
 Metaspace       used 66173K, committed 66816K, reserved 1114112K
  class space    used 8943K, committed 9216K, reserved 1048576K
}
Event: 26.061 GC heap before
{Heap before GC invocations=26 (full 0):
 garbage-first heap   total 58368K, used 42336K [0x00000000c1400000, 0x0000000100000000)
  region size 1024K, 14 young (14336K), 2 survivors (2048K)
 Metaspace       used 67875K, committed 68544K, reserved 1114112K
  class space    used 9200K, committed 9536K, reserved 1048576K
}
Event: 26.068 GC heap after
{Heap after GC invocations=27 (full 0):
 garbage-first heap   total 58368K, used 31379K [0x00000000c1400000, 0x0000000100000000)
  region size 1024K, 2 young (2048K), 2 survivors (2048K)
 Metaspace       used 67875K, committed 68544K, reserved 1114112K
  class space    used 9200K, committed 9536K, reserved 1048576K
}

Deoptimization events (20 events):
Event: 25.523 Thread 0x00000185d7455f40 Uncommon trap: trap_request=0xffffff45 fr.pc=0x00000185e6d7bea8 relative=0x0000000000000928
Event: 25.523 Thread 0x00000185d7455f40 Uncommon trap: reason=unstable_if action=reinterpret pc=0x00000185e6d7bea8 method=org.springframework.core.annotation.AnnotationsScanner.processClassHierarchy(Ljava/lang/Object;[ILjava/lang/Class;Lorg/springframework/core/annotation/AnnotationsProcessor;Z
Event: 25.523 Thread 0x00000185d7455f40 DEOPT PACKING pc=0x00000185e6d7bea8 sp=0x0000006d5c8fdba0
Event: 25.523 Thread 0x00000185d7455f40 DEOPT UNPACKING pc=0x00000185df0723a3 sp=0x0000006d5c8fdba8 mode 2
Event: 25.633 Thread 0x00000185d7455f40 Uncommon trap: trap_request=0xffffff45 fr.pc=0x00000185e6bf2ba4 relative=0x0000000000000104
Event: 25.633 Thread 0x00000185d7455f40 Uncommon trap: reason=unstable_if action=reinterpret pc=0x00000185e6bf2ba4 method=org.springframework.util.ObjectUtils.nullSafeEquals(Ljava/lang/Object;Ljava/lang/Object;)Z @ 12 c2
Event: 25.633 Thread 0x00000185d7455f40 DEOPT PACKING pc=0x00000185e6bf2ba4 sp=0x0000006d5c8fd630
Event: 25.633 Thread 0x00000185d7455f40 DEOPT UNPACKING pc=0x00000185df0723a3 sp=0x0000006d5c8fd5d0 mode 2
Event: 25.983 Thread 0x00000185d7455f40 Uncommon trap: trap_request=0xffffff45 fr.pc=0x00000185e6afaf38 relative=0x0000000000000098
Event: 25.983 Thread 0x00000185d7455f40 Uncommon trap: reason=unstable_if action=reinterpret pc=0x00000185e6afaf38 method=java.lang.String.isLatin1()Z @ 10 c2
Event: 25.983 Thread 0x00000185d7455f40 DEOPT PACKING pc=0x00000185e6afaf38 sp=0x0000006d5c8fde40
Event: 25.983 Thread 0x00000185d7455f40 DEOPT UNPACKING pc=0x00000185df0723a3 sp=0x0000006d5c8fdd70 mode 2
Event: 26.138 Thread 0x00000185d7455f40 Uncommon trap: trap_request=0xffffff45 fr.pc=0x00000185e6bf4754 relative=0x0000000000000134
Event: 26.138 Thread 0x00000185d7455f40 Uncommon trap: reason=unstable_if action=reinterpret pc=0x00000185e6bf4754 method=java.util.IdentityHashMap.nextKeyIndex(II)I @ 4 c2
Event: 26.138 Thread 0x00000185d7455f40 DEOPT PACKING pc=0x00000185e6bf4754 sp=0x0000006d5c8fe960
Event: 26.138 Thread 0x00000185d7455f40 DEOPT UNPACKING pc=0x00000185df0723a3 sp=0x0000006d5c8fe868 mode 2
Event: 82.679 Thread 0x00000185f89bec00 Uncommon trap: trap_request=0xffffff45 fr.pc=0x00000185e6c11fb8 relative=0x0000000000000298
Event: 82.679 Thread 0x00000185f89bec00 Uncommon trap: reason=unstable_if action=reinterpret pc=0x00000185e6c11fb8 method=java.lang.invoke.MethodType.equals(Ljava/lang/Object;)Z @ 11 c2
Event: 82.679 Thread 0x00000185f89bec00 DEOPT PACKING pc=0x00000185e6c11fb8 sp=0x0000006d5e7fe170
Event: 82.679 Thread 0x00000185f89bec00 DEOPT UNPACKING pc=0x00000185df0723a3 sp=0x0000006d5e7fe138 mode 2

Classes loaded (20 events):
Event: 82.669 Loading class java/util/concurrent/Semaphore$Sync done
Event: 82.669 Loading class java/util/concurrent/Semaphore$NonfairSync done
Event: 82.669 Loading class sun/nio/ch/SocketAdaptor
Event: 82.670 Loading class sun/nio/ch/SocketAdaptor done
Event: 82.674 Loading class sun/nio/ch/SelectionKeyImpl
Event: 82.674 Loading class java/nio/channels/spi/AbstractSelectionKey
Event: 82.674 Loading class java/nio/channels/SelectionKey
Event: 82.675 Loading class java/nio/channels/SelectionKey done
Event: 82.675 Loading class java/nio/channels/spi/AbstractSelectionKey done
Event: 82.675 Loading class sun/nio/ch/SelectionKeyImpl done
Event: 82.675 Loading class java/lang/invoke/ConstantBootstraps
Event: 82.676 Loading class java/lang/invoke/ConstantBootstraps done
Event: 82.779 Loading class sun/nio/cs/ThreadLocalCoders
Event: 82.781 Loading class sun/nio/cs/ThreadLocalCoders done
Event: 82.781 Loading class sun/nio/cs/ThreadLocalCoders$1
Event: 82.781 Loading class sun/nio/cs/ThreadLocalCoders$Cache
Event: 82.782 Loading class sun/nio/cs/ThreadLocalCoders$Cache done
Event: 82.782 Loading class sun/nio/cs/ThreadLocalCoders$1 done
Event: 82.782 Loading class sun/nio/cs/ThreadLocalCoders$2
Event: 82.782 Loading class sun/nio/cs/ThreadLocalCoders$2 done

Classes unloaded (0 events):
No events

Classes redefined (0 events):
No events

Internal exceptions (20 events):
Event: 21.551 Thread 0x00000185d7455f40 Exception <a 'java/lang/NoSuchMethodError'{0x00000000c3fe74c8}: 'void java.lang.invoke.DirectMethodHandle$Holder.invokeInterface(java.lang.Object, java.lang.Object)'> (0x00000000c3fe74c8) 
thrown [s\src\hotspot\share\interpreter\linkResolver.cpp, line 759]
Event: 21.689 Thread 0x00000185d7455f40 Exception <a 'java/lang/NoSuchMethodError'{0x00000000c3c70890}: 'void java.lang.invoke.Invokers$Holder.invokeExact_MT(java.lang.Object, java.lang.Object, java.lang.Object, java.lang.Object)'> (0x00000000c3c70890) 
thrown [s\src\hotspot\share\interpreter\linkResolver.cpp, line 759]
Event: 21.841 Thread 0x00000185d7455f40 Exception <a 'java/lang/IncompatibleClassChangeError'{0x00000000c38045f8}: Found class java.lang.Object, but interface was expected> (0x00000000c38045f8) 
thrown [s\src\hotspot\share\interpreter\linkResolver.cpp, line 826]
Event: 21.923 Thread 0x00000185d7455f40 Exception <a 'java/lang/IncompatibleClassChangeError'{0x00000000c387fa08}: Found class java.lang.Object, but interface was expected> (0x00000000c387fa08) 
thrown [s\src\hotspot\share\interpreter\linkResolver.cpp, line 826]
Event: 21.994 Thread 0x00000185d7455f40 Exception <a 'java/lang/IncompatibleClassChangeError'{0x00000000c37c9318}: Found class java.lang.Object, but interface was expected> (0x00000000c37c9318) 
thrown [s\src\hotspot\share\interpreter\linkResolver.cpp, line 826]
Event: 22.359 Thread 0x00000185d7455f40 Exception <a 'java/lang/IncompatibleClassChangeError'{0x00000000c3e24a48}: Found class java.lang.Object, but interface was expected> (0x00000000c3e24a48) 
thrown [s\src\hotspot\share\interpreter\linkResolver.cpp, line 826]
Event: 22.376 Thread 0x00000185d7455f40 Exception <a 'java/lang/NoSuchMethodError'{0x00000000c3e69768}: 'void java.lang.invoke.DirectMethodHandle$Holder.invokeSpecial(java.lang.Object, java.lang.Object, java.lang.Object, java.lang.Object, java.lang.Object, java.lang.Object, java.lang.Object)'> (0x00000000c3e69768) 
thrown [s\src\hotspot\share\interpreter\linkResolver.cpp, line 759]
Event: 24.414 Thread 0x00000185d7455f40 Exception <a 'java/lang/NoSuchMethodError'{0x00000000c3d279f8}: 'java.lang.Object java.lang.invoke.DirectMethodHandle$Holder.newInvokeSpecial(java.lang.Object, java.lang.Object, java.lang.Object, java.lang.Object, java.lang.Object, java.lang.Object, java.lang.Object, java.lang.Object)'> (0x00000000c3d279f8) 
thrown [s\src\hotspot\share\interpreter\linkResolver.cpp, line 759]
Event: 24.631 Thread 0x00000185d7455f40 Exception <a 'sun/nio/fs/WindowsException'{0x00000000c537efa8}> (0x00000000c537efa8) 
thrown [s\src\hotspot\share\prims\jni.cpp, line 516]
Event: 24.985 Thread 0x00000185d7455f40 Exception <a 'java/lang/NoSuchMethodError'{0x00000000c433c258}: 'void java.lang.invoke.DirectMethodHandle$Holder.invokeVirtual(java.lang.Object, java.lang.Object, long)'> (0x00000000c433c258) 
thrown [s\src\hotspot\share\interpreter\linkResolver.cpp, line 759]
Event: 25.253 Thread 0x00000185d7455f40 Exception <a 'java/lang/IncompatibleClassChangeError'{0x00000000c3d5d0e0}: Found class java.lang.Object, but interface was expected> (0x00000000c3d5d0e0) 
thrown [s\src\hotspot\share\interpreter\linkResolver.cpp, line 826]
Event: 25.355 Thread 0x00000185d7455f40 Exception <a 'java/lang/NoSuchMethodError'{0x00000000c3cda728}: 'int java.lang.invoke.DirectMethodHandle$Holder.invokeStaticInit(java.lang.Object, java.lang.Object, java.lang.Object, java.lang.Object)'> (0x00000000c3cda728) 
thrown [s\src\hotspot\share\interpreter\linkResolver.cpp, line 759]
Event: 25.455 Thread 0x00000185d7455f40 Implicit null exception at 0x00000185e6dc03af to 0x00000185e6dc05f4
Event: 25.633 Thread 0x00000185d7455f40 Implicit null exception at 0x00000185e6bf2ac6 to 0x00000185e6bf2b8f
Event: 26.033 Thread 0x00000185d7455f40 Exception <a 'java/lang/NoSuchMethodError'{0x00000000c41583e8}: 'java.lang.Object java.lang.invoke.DirectMethodHandle$Holder.newInvokeSpecial(java.lang.Object, java.lang.Object, int, java.lang.Object, java.lang.Object)'> (0x00000000c41583e8) 
thrown [s\src\hotspot\share\interpreter\linkResolver.cpp, line 759]
Event: 26.035 Thread 0x00000185d7455f40 Exception <a 'java/lang/NoSuchMethodError'{0x00000000c4163970}: 'java.lang.Object java.lang.invoke.DirectMethodHandle$Holder.invokeSpecial(java.lang.Object, java.lang.Object, int, java.lang.Object, int, java.lang.Object)'> (0x00000000c4163970) 
thrown [s\src\hotspot\share\interpreter\linkResolver.cpp, line 759]
Event: 26.036 Thread 0x00000185d7455f40 Exception <a 'java/lang/NoSuchMethodError'{0x00000000c416b778}: 'java.lang.Object java.lang.invoke.DirectMethodHandle$Holder.newInvokeSpecial(java.lang.Object, java.lang.Object, int, java.lang.Object, int)'> (0x00000000c416b778) 
thrown [s\src\hotspot\share\interpreter\linkResolver.cpp, line 759]
Event: 26.037 Thread 0x00000185d7455f40 Exception <a 'java/lang/NoSuchMethodError'{0x00000000c416f880}: 'java.lang.Object java.lang.invoke.DirectMethodHandle$Holder.invokeSpecial(java.lang.Object, java.lang.Object, java.lang.Object, int, java.lang.Object, int)'> (0x00000000c416f880) 
thrown [s\src\hotspot\share\interpreter\linkResolver.cpp, line 759]
Event: 82.771 Thread 0x00000185f89bec00 Exception <a 'java/lang/NoSuchMethodError'{0x00000000c496cb58}: 'java.lang.Object java.lang.invoke.DirectMethodHandle$Holder.invokeSpecial(java.lang.Object, java.lang.Object, java.lang.Object, java.lang.Object, java.lang.Object, long)'> (0x00000000c496cb58) 
thrown [s\src\hotspot\share\interpreter\linkResolver.cpp, line 759]
Event: 82.772 Thread 0x00000185f89bec00 Exception <a 'java/lang/NoSuchMethodError'{0x00000000c49705a0}: 'java.lang.Object java.lang.invoke.Invokers$Holder.linkToTargetMethod(java.lang.Object, java.lang.Object, java.lang.Object, long, java.lang.Object)'> (0x00000000c49705a0) 
thrown [s\src\hotspot\share\interpreter\linkResolver.cpp, line 759]

VM Operations (20 events):
Event: 25.020 Executing VM operation: HandshakeAllThreads
Event: 25.020 Executing VM operation: HandshakeAllThreads done
Event: 25.217 Executing VM operation: HandshakeAllThreads
Event: 25.217 Executing VM operation: HandshakeAllThreads done
Event: 25.218 Executing VM operation: HandshakeAllThreads
Event: 25.218 Executing VM operation: HandshakeAllThreads done
Event: 25.235 Executing VM operation: ICBufferFull
Event: 25.235 Executing VM operation: ICBufferFull done
Event: 25.492 Executing VM operation: G1CollectForAllocation
Event: 25.500 Executing VM operation: G1CollectForAllocation done
Event: 25.612 Executing VM operation: G1Concurrent
Event: 25.617 Executing VM operation: G1Concurrent done
Event: 25.665 Executing VM operation: G1Concurrent
Event: 25.665 Executing VM operation: G1Concurrent done
Event: 26.060 Executing VM operation: G1CollectForAllocation
Event: 26.069 Executing VM operation: G1CollectForAllocation done
Event: 27.069 Executing VM operation: Cleanup
Event: 27.069 Executing VM operation: Cleanup done
Event: 40.198 Executing VM operation: Cleanup
Event: 40.198 Executing VM operation: Cleanup done

Events (20 events):
Event: 24.965 Thread 0x00000185f2a25ea0 flushing nmethod 0x00000185e00e8810
Event: 24.965 Thread 0x00000185f2a25ea0 flushing nmethod 0x00000185e00ea310
Event: 24.965 Thread 0x00000185f2a25ea0 flushing nmethod 0x00000185e00ebe90
Event: 24.965 Thread 0x00000185f2a25ea0 flushing nmethod 0x00000185e00f6f10
Event: 24.965 Thread 0x00000185f2a25ea0 flushing nmethod 0x00000185e00fc710
Event: 24.965 Thread 0x00000185f2a25ea0 flushing nmethod 0x00000185e0100110
Event: 26.058 Thread 0x00000185f89bc0b0 Thread added: 0x00000185f89bc0b0
Event: 26.058 Thread 0x00000185f89bec00 Thread added: 0x00000185f89bec00
Event: 26.058 Thread 0x00000185f89bf0d0 Thread added: 0x00000185f89bf0d0
Event: 26.058 Thread 0x00000185f89bca50 Thread added: 0x00000185f89bca50
Event: 26.059 Thread 0x00000185f89bd3f0 Thread added: 0x00000185f89bd3f0
Event: 26.059 Thread 0x00000185f89bdd90 Thread added: 0x00000185f89bdd90
Event: 26.059 Thread 0x00000185f89be730 Thread added: 0x00000185f89be730
Event: 26.059 Thread 0x00000185fac7ad10 Thread added: 0x00000185fac7ad10
Event: 26.059 Thread 0x00000185fac769b0 Thread added: 0x00000185fac769b0
Event: 26.059 Thread 0x00000185fac74330 Thread added: 0x00000185fac74330
Event: 26.106 Thread 0x00000185fac73990 Thread added: 0x00000185fac73990
Event: 26.109 Thread 0x00000185fac77350 Thread added: 0x00000185fac77350
Event: 26.142 Thread 0x00000185d7455f40 Thread exited: 0x00000185d7455f40
Event: 26.142 Thread 0x00000185fac77820 Thread added: 0x00000185fac77820


Dynamic libraries:
0x00007ff742700000 - 0x00007ff74270d000 	C:\Users\ERIN_JAVALead\.jdks\corretto-18.0.2\bin\java.exe
0x00007ff8efa70000 - 0x00007ff8efc67000 	C:\WINDOWS\SYSTEM32\ntdll.dll
0x00007ff8edd20000 - 0x00007ff8edddd000 	C:\WINDOWS\System32\KERNEL32.DLL
0x00007ff8ed460000 - 0x00007ff8ed756000 	C:\WINDOWS\System32\KERNELBASE.dll
0x00007ff8ed9a0000 - 0x00007ff8edaa0000 	C:\WINDOWS\System32\ucrtbase.dll
0x00007ff8daab0000 - 0x00007ff8daac7000 	C:\Users\ERIN_JAVALead\.jdks\corretto-18.0.2\bin\jli.dll
0x00007ff8ef1a0000 - 0x00007ff8ef33e000 	C:\WINDOWS\System32\USER32.dll
0x00007ff8ed970000 - 0x00007ff8ed992000 	C:\WINDOWS\System32\win32u.dll
0x00007ff8edaa0000 - 0x00007ff8edacc000 	C:\WINDOWS\System32\GDI32.dll
0x00007ff8ed820000 - 0x00007ff8ed93a000 	C:\WINDOWS\System32\gdi32full.dll
0x00007ff8ed3c0000 - 0x00007ff8ed45d000 	C:\WINDOWS\System32\msvcp_win.dll
0x00007ff8cf690000 - 0x00007ff8cf6a5000 	C:\Users\ERIN_JAVALead\.jdks\corretto-18.0.2\bin\VCRUNTIME140.dll
0x00007ff8d8f90000 - 0x00007ff8d922a000 	C:\WINDOWS\WinSxS\amd64_microsoft.windows.common-controls_6595b64144ccf1df_6.0.19041.3570_none_60bb2a3971f3e41a\COMCTL32.dll
0x00007ff8ef100000 - 0x00007ff8ef19e000 	C:\WINDOWS\System32\msvcrt.dll
0x00007ff8ef900000 - 0x00007ff8ef930000 	C:\WINDOWS\System32\IMM32.DLL
0x00007ff8cf5f0000 - 0x00007ff8cf68b000 	C:\Users\ERIN_JAVALead\.jdks\corretto-18.0.2\bin\msvcp140.dll
0x00007ff88cf50000 - 0x00007ff88dbc1000 	C:\Users\ERIN_JAVALead\.jdks\corretto-18.0.2\bin\server\jvm.dll
0x00007ff8ef930000 - 0x00007ff8ef9de000 	C:\WINDOWS\System32\ADVAPI32.dll
0x00007ff8edc00000 - 0x00007ff8edc9c000 	C:\WINDOWS\System32\sechost.dll
0x00007ff8ef3b0000 - 0x00007ff8ef4d6000 	C:\WINDOWS\System32\RPCRT4.dll
0x00007ff8ef840000 - 0x00007ff8ef848000 	C:\WINDOWS\System32\PSAPI.DLL
0x00007ff8e8b60000 - 0x00007ff8e8b69000 	C:\WINDOWS\SYSTEM32\WSOCK32.dll
0x00007ff8ee9b0000 - 0x00007ff8eea1b000 	C:\WINDOWS\System32\WS2_32.dll
0x00007ff8ccb50000 - 0x00007ff8ccb77000 	C:\WINDOWS\SYSTEM32\WINMM.dll
0x00007ff8e7ad0000 - 0x00007ff8e7ada000 	C:\WINDOWS\SYSTEM32\VERSION.dll
0x00007ff8eafc0000 - 0x00007ff8eafd2000 	C:\WINDOWS\SYSTEM32\kernel.appcore.dll
0x00007ff8e8c30000 - 0x00007ff8e8c3a000 	C:\Users\ERIN_JAVALead\.jdks\corretto-18.0.2\bin\jimage.dll
0x00007ff8d96e0000 - 0x00007ff8d98c4000 	C:\WINDOWS\SYSTEM32\DBGHELP.DLL
0x00007ff8d96a0000 - 0x00007ff8d96d4000 	C:\WINDOWS\SYSTEM32\dbgcore.DLL
0x00007ff8ed330000 - 0x00007ff8ed3b2000 	C:\WINDOWS\System32\bcryptPrimitives.dll
0x00007ff8d8bd0000 - 0x00007ff8d8bde000 	C:\Users\ERIN_JAVALead\.jdks\corretto-18.0.2\bin\instrument.dll
0x00007ff8cf5c0000 - 0x00007ff8cf5e5000 	C:\Users\ERIN_JAVALead\.jdks\corretto-18.0.2\bin\java.dll
0x00007ff8c08b0000 - 0x00007ff8c0986000 	C:\Users\ERIN_JAVALead\.jdks\corretto-18.0.2\bin\jsvml.dll
0x00007ff8ee200000 - 0x00007ff8ee944000 	C:\WINDOWS\System32\SHELL32.dll
0x00007ff8eb1c0000 - 0x00007ff8eb95b000 	C:\WINDOWS\SYSTEM32\windows.storage.dll
0x00007ff8ef4e0000 - 0x00007ff8ef834000 	C:\WINDOWS\System32\combase.dll
0x00007ff8eca90000 - 0x00007ff8ecabd000 	C:\WINDOWS\SYSTEM32\Wldp.dll
0x00007ff8eeb50000 - 0x00007ff8eebfd000 	C:\WINDOWS\System32\SHCORE.dll
0x00007ff8ee950000 - 0x00007ff8ee9a5000 	C:\WINDOWS\System32\shlwapi.dll
0x00007ff8ed050000 - 0x00007ff8ed075000 	C:\WINDOWS\SYSTEM32\profapi.dll
0x00007ff8cf560000 - 0x00007ff8cf578000 	C:\Users\ERIN_JAVALead\.jdks\corretto-18.0.2\bin\zip.dll
0x00007ff8cf5a0000 - 0x00007ff8cf5b3000 	C:\Users\ERIN_JAVALead\.jdks\corretto-18.0.2\bin\net.dll
0x00007ff8e6550000 - 0x00007ff8e665a000 	C:\WINDOWS\SYSTEM32\WINHTTP.dll
0x00007ff8ec7f0000 - 0x00007ff8ec85a000 	C:\WINDOWS\system32\mswsock.dll
0x00007ff8cf580000 - 0x00007ff8cf595000 	C:\Users\ERIN_JAVALead\.jdks\corretto-18.0.2\bin\nio.dll
0x00007ff8cf2c0000 - 0x00007ff8cf2da000 	C:\Program Files\JetBrains\IntelliJ IDEA Community Edition 2021.3.3\bin\breakgen64.dll
0x00007ff8ec9f0000 - 0x00007ff8eca08000 	C:\WINDOWS\SYSTEM32\CRYPTSP.dll
0x00007ff8ec100000 - 0x00007ff8ec134000 	C:\WINDOWS\system32\rsaenh.dll
0x00007ff8ed940000 - 0x00007ff8ed967000 	C:\WINDOWS\System32\bcrypt.dll
0x00007ff8ed010000 - 0x00007ff8ed03e000 	C:\WINDOWS\SYSTEM32\USERENV.dll
0x00007ff8ec9e0000 - 0x00007ff8ec9ec000 	C:\WINDOWS\SYSTEM32\CRYPTBASE.dll
0x00007ff8ec4e0000 - 0x00007ff8ec51b000 	C:\WINDOWS\SYSTEM32\IPHLPAPI.DLL
0x00007ff8ef3a0000 - 0x00007ff8ef3a8000 	C:\WINDOWS\System32\NSI.dll
0x00007ff8e68a0000 - 0x00007ff8e68b7000 	C:\WINDOWS\SYSTEM32\dhcpcsvc6.DLL
0x00007ff8e6ea0000 - 0x00007ff8e6ebd000 	C:\WINDOWS\SYSTEM32\dhcpcsvc.DLL
0x00007ff8ec520000 - 0x00007ff8ec5ea000 	C:\WINDOWS\SYSTEM32\DNSAPI.dll
0x00007ff8cfd30000 - 0x00007ff8cfd3e000 	C:\Users\ERIN_JAVALead\.jdks\corretto-18.0.2\bin\sunmscapi.dll
0x00007ff8ed120000 - 0x00007ff8ed27d000 	C:\WINDOWS\System32\CRYPT32.dll
0x00007ff8ecb00000 - 0x00007ff8ecb27000 	C:\WINDOWS\SYSTEM32\ncrypt.dll
0x00007ff8ecac0000 - 0x00007ff8ecafb000 	C:\WINDOWS\SYSTEM32\NTASN1.dll
0x00007ff8d1c80000 - 0x00007ff8d1c89000 	C:\Users\ERIN_JAVALead\.jdks\corretto-18.0.2\bin\management.dll
0x00007ff8d0120000 - 0x00007ff8d012b000 	C:\Users\ERIN_JAVALead\.jdks\corretto-18.0.2\bin\management_ext.dll
0x00007ff8daaa0000 - 0x00007ff8daab0000 	C:\Users\ERIN_JAVALead\.jdks\corretto-18.0.2\bin\verify.dll
0x00007ff8db120000 - 0x00007ff8db137000 	C:\WINDOWS\system32\napinsp.dll
0x00007ff8dac20000 - 0x00007ff8dac3b000 	C:\WINDOWS\system32\pnrpnsp.dll
0x00007ff8dac00000 - 0x00007ff8dac12000 	C:\WINDOWS\System32\winrnr.dll
0x00007ff8e8a90000 - 0x00007ff8e8aad000 	C:\WINDOWS\system32\NLAapi.dll
0x00007ff8e7490000 - 0x00007ff8e74a5000 	C:\WINDOWS\system32\wshbth.dll
0x00007ff8e4ec0000 - 0x00007ff8e4eca000 	C:\Windows\System32\rasadhlp.dll
0x00007ff8e54d0000 - 0x00007ff8e5552000 	C:\WINDOWS\System32\fwpuclnt.dll

dbghelp: loaded successfully - version: 4.0.5 - missing functions: none
symbol engine: initialized successfully - sym options: 0x614 - pdb path: .;C:\Users\ERIN_JAVALead\.jdks\corretto-18.0.2\bin;C:\WINDOWS\SYSTEM32;C:\WINDOWS\WinSxS\amd64_microsoft.windows.common-controls_6595b64144ccf1df_6.0.19041.3570_none_60bb2a3971f3e41a;C:\Users\ERIN_JAVALead\.jdks\corretto-18.0.2\bin\server;C:\Program Files\JetBrains\IntelliJ IDEA Community Edition 2021.3.3\bin

VM Arguments:
jvm_args: -javaagent:C:\Program Files\JetBrains\IntelliJ IDEA Community Edition 2021.3.3\lib\idea_rt.jar=53613:C:\Program Files\JetBrains\IntelliJ IDEA Community Edition 2021.3.3\bin -Dfile.encoding=UTF-8 
java_command: com.devskiller.tasks.blog.BlogApplication
java_class_path (initial): C:\Users\ERIN_JAVALead\Downloads\devskiller-code-U32X-W3E7-T2E6-S3F\target\classes;C:\Users\ERIN_JAVALead\.m2\repository\org\springframework\boot\spring-boot-starter-data-jpa\3.1.5\spring-boot-starter-data-jpa-3.1.5.jar;C:\Users\ERIN_JAVALead\.m2\repository\org\springframework\boot\spring-boot-starter-aop\3.1.5\spring-boot-starter-aop-3.1.5.jar;C:\Users\ERIN_JAVALead\.m2\repository\org\aspectj\aspectjweaver\1.9.20\aspectjweaver-1.9.20.jar;C:\Users\ERIN_JAVALead\.m2\repository\org\springframework\boot\spring-boot-starter-jdbc\3.1.5\spring-boot-starter-jdbc-3.1.5.jar;C:\Users\ERIN_JAVALead\.m2\repository\com\zaxxer\HikariCP\5.0.1\HikariCP-5.0.1.jar;C:\Users\ERIN_JAVALead\.m2\repository\org\springframework\spring-jdbc\6.0.13\spring-jdbc-6.0.13.jar;C:\Users\ERIN_JAVALead\.m2\repository\org\hibernate\orm\hibernate-core\6.2.13.Final\hibernate-core-6.2.13.Final.jar;C:\Users\ERIN_JAVALead\.m2\repository\jakarta\persistence\jakarta.persistence-api\3.1.0\jakarta.persistence-api-3.1.0.jar;C:\Users\ERIN_JAVALead\.m2\repository\jakarta\transaction\jakarta.transaction-api\2.0.1\jakarta.transaction-api-2.0.1.jar;C:\Users\ERIN_JAVALead\.m2\repository\org\jboss\logging\jboss-logging\3.5.3.Final\jboss-logging-3.5.3.Final.jar;C:\Users\ERIN_JAVALead\.m2\repository\org\hibernate\common\hibernate-commons-annotations\6.0.6.Final\hibernate-commons-annotations-6.0.6.Final.jar;C:\Users\ERIN_JAVALead\.m2\repository\io\smallrye\jandex\3.0.5\jandex-3.0.5.jar;C:\Users\ERIN_JAVALead\.m2\repository\com\fasterxml\classmate\1.5.1\classmate-1.5.1.jar;C:\Users\ERIN_JAVALead\.m2\repository\net\bytebuddy\byte-buddy\1.14.9\byte-buddy-1.14.9.jar;C:\Users\ERIN_JAVALead\.m2\repository\org\glassfish\jaxb\jaxb-runtime\4.0.3\jaxb-runtime-4.0.3.jar;C:\Users\ERIN_JAVALead\.m2\repository\org\glassfish\jaxb\jaxb-core\4.0.3\jaxb-core-4.0.3.jar;C:\Users\ERIN_JAVALead\.m2\repository\org\eclipse\angus\angus-activation\2.0.1\angus-activation-2.0.1.jar;C:\Users\ERIN_JAVALead\.m2\repository\org\glassfish\jaxb\txw2\4.0.3\txw2-4.0.3.jar;C:\Users\ERIN_JAVALead\.m2\repository\com\sun\istack\istack-commons-runtime\4.1.2\istack-commons-runtime-4.1.2.jar;C:\Users\ERIN_JAVALead\.m2\repository\jakarta\inject\jakarta.inject-api\2.0.1\jakarta.inject-api-2.0.1.jar;C:\Users\ERIN_JAVALead\.m2\repository\org\antlr\antlr4-runtime\4.10.1\antlr4-runtime-4.10.1.jar;C:\Users\ERIN_JAVALead\.m2\repository\org\springframework\data\spring-data-jpa\3.1.5\spring-data-jpa-3.1.5.jar;C:\Users\ERIN_JAVALead\.m2\repository\org\springframework\data\spring-data-commons\3.1.5\spring-data-commons-3.1.5.jar;C:\Users\ERIN_JAVALead\.m2\repository\org\springframework\spring-orm\6.0.13\spring-orm-6.0.13.jar;C:\Users\ERIN_JAVALead\.m2\repository\org\springframework\spring-context\6.0.13\spring-context-6.0.13.jar;C:\Users\ERIN_JAVALead\.m2\repository\org\springframework\spring-tx\6.0.13\spring-tx-6.0.13.jar;C:\Users\ERIN_JAVALead\.m2\repository\org\springframework\spring-beans\6.0.13\spring-beans-6.0.13.jar;C:\Users\ERIN_JAVALead\.m2\repository\jakarta\annotation\jakarta.annotation-api\2.1.1\jakarta.annotation-api-2.1.1.jar;C:\Users\ERIN_JAVALead\.m2\repository\org\slf4j\slf4j-api\2.0.9\slf4j-api-2.0.9.jar;C:\Users\ERIN_JAVALead\.m2\repository\org\springframework\spring-aspects\6.0.13\spring-aspects-6.0.13.jar;C:\Users\ERIN_JAVALead\.m2\repository\org\springframework\boot\spring-boot-starter-web\2.4.2\spring-boot-starter-web-2.4.2.jar;C:\Users\ERIN_JAVALead\.m2\repository\org\springframework\boot\spring-boot-starter\3.1.5\spring-boot-starter-3.1.5.jar;C:\Users\ERIN_JAVALead\.m2\repository\org\springframework\boot\spring-boot\3.1.5\spring-boot-3.1.5.jar;C:\Users\ERIN_JAVALead\.m2\repository\org\springframework\boot\spring-boot-autoconfigure\3.1.5\spring-boot-autoconfigure-3.1.5.jar;C:\Users\ERIN_JAVALead\.m2\repository\org\springframework\boot\spring-boot-starter-logging\3.1.5\spring-boot-starter-logging-3.1.5.jar;C:\Users\ERIN_JAVALead\.m2\repository\ch\qos\logback\logback-classic\1.4.11\logback-classic-1.4.11.jar;C:\Users\ERIN_JAVALead\.m2\repository\ch\qos\logback\logback-core\1.4.11\logback-core-1.4.11.jar;C:\Users\ERIN_JAVALead\.m2\repository\org\apache\logging\log4j\log4j-to-slf4j\2.20.0\log4j-to-slf4j-2.20.0.jar;C:\Users\ERIN_JAVALead\.m2\repository\org\apache\logging\log4j\log4j-api\2.20.0\log4j-api-2.20.0.jar;C:\Users\ERIN_JAVALead\.m2\repository\org\slf4j\jul-to-slf4j\2.0.9\jul-to-slf4j-2.0.9.jar;C:\Users\ERIN_JAVALead\.m2\repository\org\yaml\snakeyaml\1.33\snakeyaml-1.33.jar;C:\Users\ERIN_JAVALead\.m2\repository\org\springframework\boot\spring-boot-starter-json\3.1.5\spring-boot-starter-json-3.1.5.jar;C:\Users\ERIN_JAVALead\.m2\repository\com\fasterxml\jackson\core\jackson-databind\2.15.3\jackson-databind-2.15.3.jar;C:\Users\ERIN_JAVALead\.m2\repository\com\fasterxml\jackson\core\jackson-annotations\2.15.3\jackson-annotations-2.15.3.jar;C:\Users\ERIN_JAVALead\.m2\repository\com\fasterxml\jackson\core\jackson-core\2.15.3\jackson-core-2.15.3.jar;C:\Users\ERIN_JAVALead\.m2\repository\com\fasterxml\jackson\datatype\jackson-datatype-jdk8\2.15.3\jackson-datatype-jdk8-2.15.3.jar;C:\Users\ERIN_JAVALead\.m2\repository\com\fasterxml\jackson\datatype\jackson-datatype-jsr310\2.15.3\jackson-datatype-jsr310-2.15.3.jar;C:\Users\ERIN_JAVALead\.m2\repository\com\fasterxml\jackson\module\jackson-module-parameter-names\2.15.3\jackson-module-parameter-names-2.15.3.jar;C:\Users\ERIN_JAVALead\.m2\repository\org\springframework\boot\spring-boot-starter-tomcat\3.1.5\spring-boot-starter-tomcat-3.1.5.jar;C:\Users\ERIN_JAVALead\.m2\repository\org\apache\tomcat\embed\tomcat-embed-core\10.1.15\tomcat-embed-core-10.1.15.jar;C:\Users\ERIN_JAVALead\.m2\repository\org\apache\tomcat\embed\tomcat-embed-el\10.1.15\tomcat-embed-el-10.1.15.jar;C:\Users\ERIN_JAVALead\.m2\repository\org\apache\tomcat\embed\tomcat-embed-websocket\10.1.15\tomcat-embed-websocket-10.1.15.jar;C:\Users\ERIN_JAVALead\.m2\repository\org\springframework\spring-web\6.0.13\spring-web-6.0.13.jar;C:\Users\ERIN_JAVALead\.m2\repository\io\micrometer\micrometer-observation\1.11.5\micrometer-observation-1.11.5.jar;C:\Users\ERIN_JAVALead\.m2\repository\io\micrometer\micrometer-commons\1.11.5\micrometer-commons-1.11.5.jar;C:\Users\ERIN_JAVALead\.m2\repository\org\springframework\spring-webmvc\6.0.13\spring-webmvc-6.0.13.jar;C:\Users\ERIN_JAVALead\.m2\repository\org\springframework\spring-expression\6.0.13\spring-expression-6.0.13.jar;C:\Users\ERIN_JAVALead\.m2\repository\com\microsoft\sqlserver\mssql-jdbc\12.4.1.jre11\mssql-jdbc-12.4.1.jre11.jar;C:\Users\ERIN_JAVALead\.m2\repository\org\projectlombok\lombok\1.18.30\lombok-1.18.30.jar;C:\Users\ERIN_JAVALead\.m2\repository\com\h2database\h2\2.1.214\h2-2.1.214.jar;C:\Users\ERIN_JAVALead\.m2\repository\jakarta\xml\bind\jakarta.xml.bind-api\4.0.1\jakarta.xml.bind-api-4.0.1.jar;C:\Users\ERIN_JAVALead\.m2\repository\jakarta\activation\jakarta.activation-api\2.1.2\jakarta.activation-api-2.1.2.jar;C:\Users\ERIN_JAVALead\.m2\repository\org\springframework\spring-core\6.0.13\spring-core-6.0.13.jar;C:\Users\ERIN_JAVALead\.m2\repository\org\springframework\spring-jcl\6.0.13\spring-jcl-6.0.13.jar;C:\Users\ERIN_JAVALead\.m2\repository\org\springframework\boot\spring-boot-starter-security\3.1.5\spring-boot-starter-security-3.1.5.jar;C:\Users\ERIN_JAVALead\.m2\repository\org\springframework\spring-aop\6.0.13\spring-aop-6.0.13.jar;C:\Users\ERIN_JAVALead\.m2\repository\org\springframework\security\spring-security-config\6.1.5\spring-security-config-6.1.5.jar;C:\Users\ERIN_JAVALead\.m2\repository\org\springframework\security\spring-security-web\6.1.5\spring-security-web-6.1.5.jar;C:\Users\ERIN_JAVALead\.m2\repository\org\springframework\security\spring-security-core\6.1.5\spring-security-core-6.1.5.jar;C:\Users\ERIN_JAVALead\.m2\repository\org\springframework\security\spring-security-crypto\6.1.5\spring-security-crypto-6.1.5.jar
Launcher Type: SUN_STANDARD

[Global flags]
     intx CICompilerCount                          = 3                                         {product} {ergonomic}
     uint ConcGCThreads                            = 1                                         {product} {ergonomic}
     uint G1ConcRefinementThreads                  = 4                                         {product} {ergonomic}
   size_t G1HeapRegionSize                         = 1048576                                   {product} {ergonomic}
    uintx GCDrainStackTargetSize                   = 64                                        {product} {ergonomic}
   size_t InitialHeapSize                          = 67108864                                  {product} {ergonomic}
   size_t MarkStackSize                            = 4194304                                   {product} {ergonomic}
   size_t MaxHeapSize                              = 1052770304                                {product} {ergonomic}
   size_t MaxNewSize                               = 631242752                                 {product} {ergonomic}
   size_t MinHeapDeltaBytes                        = 1048576                                   {product} {ergonomic}
   size_t MinHeapSize                              = 8388608                                   {product} {ergonomic}
    uintx NonNMethodCodeHeapSize                   = 5832780                                {pd product} {ergonomic}
    uintx NonProfiledCodeHeapSize                  = 122912730                              {pd product} {ergonomic}
    uintx ProfiledCodeHeapSize                     = 122912730                              {pd product} {ergonomic}
    uintx ReservedCodeCacheSize                    = 251658240                              {pd product} {ergonomic}
     bool SegmentedCodeCache                       = true                                      {product} {ergonomic}
   size_t SoftMaxHeapSize                          = 1052770304                             {manageable} {ergonomic}
     bool UseCompressedClassPointers               = true                           {product lp64_product} {ergonomic}
     bool UseCompressedOops                        = true                           {product lp64_product} {ergonomic}
     bool UseG1GC                                  = true                                      {product} {ergonomic}
     bool UseLargePagesIndividualAllocation        = false                                  {pd product} {ergonomic}

Logging:
Log output configuration:
 #0: stdout all=warning uptime,level,tags foldmultilines=false
 #1: stderr all=off uptime,level,tags foldmultilines=false

Environment Variables:
PATH=C:\WINDOWS\system32;C:\WINDOWS;C:\WINDOWS\System32\Wbem;C:\WINDOWS\System32\WindowsPowerShell\v1.0\;C:\WINDOWS\System32\OpenSSH\;C:\Program Files (x86)\nodejs\;C:\Program Files (x86)\nodejs\npm;C:\Users\ERIN_JAVALead\AppData\Roaming\npm;C:\Program Files\Git\cmd;C:\Program Files (x86)\dotnet\;C:\Program Files (x86)\Microsoft SQL Server\160\DTS\Binn\;C:\Program Files\Azure Data Studio\bin;C:\Program Files (x86)\Microsoft SQL Server\160\Tools\Binn\;C:\Program Files\Microsoft SQL Server\160\Tools\Binn\;C:\Program Files\Microsoft SQL Server\Client SDK\ODBC\170\Tools\Binn\;C:\Program Files\Microsoft SQL Server\160\DTS\Binn\;C:\Users\ERIN_JAVALead\AppData\Local\Microsoft\WindowsApps;;C:\Users\ERIN_JAVALead\AppData\Local\Programs\Microsoft VS Code\bin;C:\Users\ERIN_JAVALead\AppData\Roaming\npm;C:\Program Files\Azure Data Studio\bin
USERNAME=ERIN_JAVALead
OS=Windows_NT
PROCESSOR_IDENTIFIER=Intel64 Family 6 Model 78 Stepping 3, GenuineIntel



---------------  S Y S T E M  ---------------

OS:
 Windows 10 , 64 bit Build 19041 (10.0.19041.3570)
OS uptime: 0 days 2:01 hours

CPU: total 4 (initial active 4) (2 cores per cpu, 2 threads per core) family 6 model 78 stepping 3 microcode 0xcc, cx8, cmov, fxsr, ht, mmx, 3dnowpref, sse, sse2, sse3, ssse3, sse4.1, sse4.2, popcnt, lzcnt, tsc, tscinvbit, avx, avx2, aes, erms, clmul, bmi1, bmi2, adx, fma, vzeroupper, clflush, clflushopt

Memory: 4k page, system-wide physical 4012M (176M free)
TotalPageFile size 6060M (AvailPageFile size 13M)
current process WorkingSet (physical memory assigned to process): 199M, peak: 227M
current process commit charge ("private bytes"): 245M, peak: 269M

vm_info: OpenJDK 64-Bit Server VM (18.0.2+9-FR) for windows-amd64 JRE (18.0.2+9-FR), built on Jul 15 2022 20:03:03 by "Administrator" with MS VC++ 15.9 (VS2017)

END.
