#
# There is insufficient memory for the Java Runtime Environment to continue.
# Native memory allocation (malloc) failed to allocate 1765296 bytes for Chunk::new
# Possible reasons:
#   The system is out of physical RAM or swap space
#   The process is running with CompressedOops enabled, and the Java Heap may be blocking the growth of the native heap
# Possible solutions:
#   Reduce memory load on the system
#   Increase physical memory or swap space
#   Check if swap backing store is full
#   Decrease Java heap size (-Xmx/-Xms)
#   Decrease number of Java threads
#   Decrease Java thread stack sizes (-Xss)
#   Set larger code cache with -XX:ReservedCodeCacheSize=
#   JVM is running with Unscaled Compressed Oops mode in which the Java heap is
#     placed in the first 4GB address space. The Java Heap base address is the
#     maximum limit for the native heap growth. Please use -XX:HeapBaseMinAddress
#     to set the Java Heap base and to place the Java Heap above 4GB virtual address.
# This output file may be truncated or incomplete.
#
#  Out of Memory Error (arena.cpp:184), pid=3288, tid=4704
#
# JRE version: OpenJDK Runtime Environment Corretto-18.0.2.9.1 (18.0.2+9) (build 18.0.2+9-FR)
# Java VM: OpenJDK 64-Bit Server VM Corretto-18.0.2.9.1 (18.0.2+9-FR, mixed mode, sharing, tiered, compressed oops, compressed class ptrs, g1 gc, windows-amd64)
# No core dump will be written. Minidumps are not enabled by default on client versions of Windows
#

---------------  S U M M A R Y ------------

Command Line: -javaagent:C:\Program Files\JetBrains\IntelliJ IDEA Community Edition 2021.3.3\lib\idea_rt.jar=53520:C:\Program Files\JetBrains\IntelliJ IDEA Community Edition 2021.3.3\bin -Dfile.encoding=UTF-8 com.devskiller.tasks.blog.BlogApplication

Host: Intel(R) Core(TM) i3-6006U CPU @ 2.00GHz, 4 cores, 3G,  Windows 10 , 64 bit Build 19041 (10.0.19041.3570)
Time: Mon Oct 30 18:11:52 2023 Central European Standard Time elapsed time: 13.311375 seconds (0d 0h 0m 13s)

---------------  T H R E A D  ---------------

Current thread (0x0000015ad1436d30):  JavaThread "C2 CompilerThread0" daemon [_thread_in_native, id=4704, stack(0x000000033a000000,0x000000033a100000)]


Current CompileTask:
C2:  13311 5498   !   4       org.springframework.core.annotation.AnnotationsScanner::processClassHierarchy (234 bytes)

Stack: [0x000000033a000000,0x000000033a100000]
Native frames: (J=compiled Java code, j=interpreted, Vv=VM code, C=native code)
V  [jvm.dll+0x685a2a]
V  [jvm.dll+0x82ae8d]
V  [jvm.dll+0x82c75e]
V  [jvm.dll+0x82ce03]
V  [jvm.dll+0x25ef4b]
V  [jvm.dll+0xd42d2]
V  [jvm.dll+0xd4665]
V  [jvm.dll+0x38578b]
V  [jvm.dll+0x1d8f20]
V  [jvm.dll+0x233b4f]
V  [jvm.dll+0x232f37]
V  [jvm.dll+0x1c0a35]
V  [jvm.dll+0x24212c]
V  [jvm.dll+0x240534]
V  [jvm.dll+0x7df6db]
V  [jvm.dll+0x7d9cba]
V  [jvm.dll+0x6848a5]
C  [ucrtbase.dll+0x21bb2]
C  [KERNEL32.DLL+0x17344]
C  [ntdll.dll+0x526b1]


---------------  P R O C E S S  ---------------

Threads class SMR info:
_java_thread_list=0x0000015ad5ce66b0, length=31, elements={
0x0000015ad1413ae0, 0x0000015ad1414740, 0x0000015ad1428cd0, 0x0000015ad142a680,
0x0000015ad142d640, 0x0000015ad142e120, 0x0000015ad1436d30, 0x0000015ad1437c60,
0x0000015ad144ea90, 0x0000015ad5818050, 0x0000015ad5942940, 0x0000015ad5a5c000,
0x0000015ad7aa0c60, 0x0000015ad8bff950, 0x0000015ad6adbb60, 0x0000015ad7dda060,
0x0000015ad7ddb870, 0x0000015ad7dda530, 0x0000015ad7ddaa00, 0x0000015ad7ddb3a0,
0x0000015ad7dd96c0, 0x0000015ad7dd8d20, 0x0000015ad7ddbd40, 0x0000015ad7ddc210,
0x0000015ad7dd91f0, 0x0000015ad7dd9b90, 0x0000015ad77989a0, 0x0000015ad779a1b0,
0x0000015ad7799340, 0x0000015ad779cd00, 0x0000015ad7799810
}

Java Threads: ( => current thread )
  0x0000015ad1413ae0 JavaThread "Reference Handler" daemon [_thread_blocked, id=2448, stack(0x0000000339a00000,0x0000000339b00000)]
  0x0000015ad1414740 JavaThread "Finalizer" daemon [_thread_blocked, id=12044, stack(0x0000000339b00000,0x0000000339c00000)]
  0x0000015ad1428cd0 JavaThread "Signal Dispatcher" daemon [_thread_blocked, id=13216, stack(0x0000000339c00000,0x0000000339d00000)]
  0x0000015ad142a680 JavaThread "Attach Listener" daemon [_thread_blocked, id=11520, stack(0x0000000339d00000,0x0000000339e00000)]
  0x0000015ad142d640 JavaThread "Service Thread" daemon [_thread_blocked, id=12696, stack(0x0000000339e00000,0x0000000339f00000)]
  0x0000015ad142e120 JavaThread "Monitor Deflation Thread" daemon [_thread_blocked, id=1296, stack(0x0000000339f00000,0x000000033a000000)]
=>0x0000015ad1436d30 JavaThread "C2 CompilerThread0" daemon [_thread_in_native, id=4704, stack(0x000000033a000000,0x000000033a100000)]
  0x0000015ad1437c60 JavaThread "C1 CompilerThread0" daemon [_thread_blocked, id=7420, stack(0x000000033a100000,0x000000033a200000)]
  0x0000015ad144ea90 JavaThread "Sweeper thread" daemon [_thread_blocked, id=12388, stack(0x000000033a200000,0x000000033a300000)]
  0x0000015ad5818050 JavaThread "Common-Cleaner" daemon [_thread_blocked, id=9144, stack(0x000000033a300000,0x000000033a400000)]
  0x0000015ad5942940 JavaThread "Monitor Ctrl-Break" daemon [_thread_in_native, id=1476, stack(0x000000033a400000,0x000000033a500000)]
  0x0000015ad5a5c000 JavaThread "Notification Thread" daemon [_thread_blocked, id=12088, stack(0x000000033a500000,0x000000033a600000)]
  0x0000015ad7aa0c60 JavaThread "Catalina-utility-1" [_thread_blocked, id=11476, stack(0x000000033aa00000,0x000000033ab00000)]
  0x0000015ad8bff950 JavaThread "Catalina-utility-2" [_thread_blocked, id=13268, stack(0x000000033ac00000,0x000000033ad00000)]
  0x0000015ad6adbb60 JavaThread "container-0" [_thread_blocked, id=12860, stack(0x000000033ad00000,0x000000033ae00000)]
  0x0000015ad7dda060 JavaThread "mssql-jdbc-shared-timer-core-0" daemon [_thread_blocked, id=3436, stack(0x000000033b000000,0x000000033b100000)]
  0x0000015ad7ddb870 JavaThread "HikariPool-1 housekeeper" daemon [_thread_blocked, id=12748, stack(0x000000033b100000,0x000000033b200000)]
  0x0000015ad7dda530 JavaThread "HikariPool-1 connection adder" daemon [_thread_blocked, id=4172, stack(0x000000033b200000,0x000000033b300000)]
  0x0000015ad7ddaa00 JavaThread "http-nio-8081-exec-1" daemon [_thread_blocked, id=9840, stack(0x000000033ab00000,0x000000033ac00000)]
  0x0000015ad7ddb3a0 JavaThread "http-nio-8081-exec-2" daemon [_thread_blocked, id=9192, stack(0x000000033b300000,0x000000033b400000)]
  0x0000015ad7dd96c0 JavaThread "http-nio-8081-exec-3" daemon [_thread_blocked, id=10828, stack(0x000000033b400000,0x000000033b500000)]
  0x0000015ad7dd8d20 JavaThread "http-nio-8081-exec-4" daemon [_thread_blocked, id=6400, stack(0x000000033b500000,0x000000033b600000)]
  0x0000015ad7ddbd40 JavaThread "http-nio-8081-exec-5" daemon [_thread_blocked, id=5324, stack(0x000000033b600000,0x000000033b700000)]
  0x0000015ad7ddc210 JavaThread "http-nio-8081-exec-6" daemon [_thread_blocked, id=5328, stack(0x000000033b700000,0x000000033b800000)]
  0x0000015ad7dd91f0 JavaThread "http-nio-8081-exec-7" daemon [_thread_blocked, id=5336, stack(0x000000033b800000,0x000000033b900000)]
  0x0000015ad7dd9b90 JavaThread "http-nio-8081-exec-8" daemon [_thread_blocked, id=2260, stack(0x000000033b900000,0x000000033ba00000)]
  0x0000015ad77989a0 JavaThread "http-nio-8081-exec-9" daemon [_thread_blocked, id=7084, stack(0x000000033ba00000,0x000000033bb00000)]
  0x0000015ad779a1b0 JavaThread "http-nio-8081-exec-10" daemon [_thread_blocked, id=7996, stack(0x000000033bb00000,0x000000033bc00000)]
  0x0000015ad7799340 JavaThread "http-nio-8081-Poller" daemon [_thread_in_native, id=7248, stack(0x000000033bc00000,0x000000033bd00000)]
  0x0000015ad779cd00 JavaThread "http-nio-8081-Acceptor" daemon [_thread_in_native, id=4552, stack(0x000000033bd00000,0x000000033be00000)]
  0x0000015ad7799810 JavaThread "DestroyJavaVM" [_thread_blocked, id=10892, stack(0x0000000339300000,0x0000000339400000)]

Other Threads:
  0x0000015ad140f330 VMThread "VM Thread" [stack: 0x0000000339900000,0x0000000339a00000] [id=9868]
  0x0000015ad59435e0 WatcherThread "VM Periodic Task Thread" [stack: 0x000000033a600000,0x000000033a700000] [id=2136]
  0x0000015ab3fc4c60 WorkerThread "GC Thread#0" [stack: 0x0000000339400000,0x0000000339500000] [id=10644]
  0x0000015ad5d29580 WorkerThread "GC Thread#1" [stack: 0x000000033a700000,0x000000033a800000] [id=6252]
  0x0000015ad5dcf0e0 WorkerThread "GC Thread#2" [stack: 0x000000033a800000,0x000000033a900000] [id=12784]
  0x0000015ad5e13b30 WorkerThread "GC Thread#3" [stack: 0x000000033a900000,0x000000033aa00000] [id=5132]
  0x0000015ab3fced20 ConcurrentGCThread "G1 Main Marker" [stack: 0x0000000339500000,0x0000000339600000] [id=8040]
  0x0000015ab3fcf710 WorkerThread "G1 Conc#0" [stack: 0x0000000339600000,0x0000000339700000] [id=8068]
  0x0000015ab3ff7920 ConcurrentGCThread "G1 Refine#0" [stack: 0x0000000339700000,0x0000000339800000] [id=4708]
  0x0000015ad78a1e90 ConcurrentGCThread "G1 Refine#1" [stack: 0x000000033ae00000,0x000000033af00000] [id=11932]
  0x0000015ab3ff8230 ConcurrentGCThread "G1 Service" [stack: 0x0000000339800000,0x0000000339900000] [id=6268]

Threads with active compile tasks:
C2 CompilerThread0    13356 5498   !   4       org.springframework.core.annotation.AnnotationsScanner::processClassHierarchy (234 bytes)

VM state: not at safepoint (normal execution)

VM Mutex/Monitor currently owned by a thread: None

Heap address: 0x00000000c1400000, size: 1004 MB, Compressed Oops mode: 32-bit

CDS archive(s) mapped at: [0x0000000800000000-0x0000000800ba0000-0x0000000800ba0000), size 12189696, SharedBaseAddress: 0x0000000800000000, ArchiveRelocationMode: 0.
Compressed class space mapped at: 0x0000000800c00000-0x0000000840c00000, reserved size: 1073741824
Narrow klass base: 0x0000000800000000, Narrow klass shift: 0, Narrow klass range: 0x100000000

GC Precious Log:
 CardTable entry size: 512
 Card Set container configuration: InlinePtr #cards 5 size 8 Array Of Cards #cards 12 size 40 Howl #buckets 4 coarsen threshold 1843 Howl Bitmap #cards 512 size 80 coarsen threshold 460 Card regions per heap region 1 cards per card region 2048
 CPUs: 4 total, 4 available
 Memory: 4012M
 Large Page Support: Disabled
 NUMA Support: Disabled
 Compressed Oops: Enabled (32-bit)
 Heap Region Size: 1M
 Heap Min Capacity: 8M
 Heap Initial Capacity: 64M
 Heap Max Capacity: 1004M
 Pre-touch: Disabled
 Parallel Workers: 4
 Concurrent Workers: 1
 Concurrent Refinement Workers: 4
 Periodic GC: Disabled

Heap:
 garbage-first heap   total 58368K, used 39012K [0x00000000c1400000, 0x0000000100000000)
  region size 1024K, 16 young (16384K), 2 survivors (2048K)
 Metaspace       used 61370K, committed 62016K, reserved 1114112K
  class space    used 8157K, committed 8448K, reserved 1048576K

Heap Regions: E=young(eden), S=young(survivor), O=old, HS=humongous(starts), HC=humongous(continues), CS=collection set, F=free, OA=open archive, CA=closed archive, TAMS=top-at-mark-start (previous, next)
|   0|0x00000000c1400000, 0x00000000c1500000, 0x00000000c1500000|100%|HS|  |TAMS 0x00000000c1500000, 0x00000000c1400000| Complete 
|   1|0x00000000c1500000, 0x00000000c1600000, 0x00000000c1600000|100%| O|  |TAMS 0x00000000c1600000, 0x00000000c1500000| Untracked 
|   2|0x00000000c1600000, 0x00000000c1700000, 0x00000000c1700000|100%| O|  |TAMS 0x00000000c1700000, 0x00000000c1600000| Untracked 
|   3|0x00000000c1700000, 0x00000000c1800000, 0x00000000c1800000|100%| O|  |TAMS 0x00000000c1800000, 0x00000000c1700000| Untracked 
|   4|0x00000000c1800000, 0x00000000c1900000, 0x00000000c1900000|100%| O|  |TAMS 0x00000000c1900000, 0x00000000c1800000| Untracked 
|   5|0x00000000c1900000, 0x00000000c1a00000, 0x00000000c1a00000|100%| O|  |TAMS 0x00000000c1a00000, 0x00000000c1900000| Untracked 
|   6|0x00000000c1a00000, 0x00000000c1b00000, 0x00000000c1b00000|100%| O|  |TAMS 0x00000000c1b00000, 0x00000000c1a00000| Untracked 
|   7|0x00000000c1b00000, 0x00000000c1c00000, 0x00000000c1c00000|100%| O|  |TAMS 0x00000000c1c00000, 0x00000000c1b00000| Untracked 
|   8|0x00000000c1c00000, 0x00000000c1d00000, 0x00000000c1d00000|100%| O|  |TAMS 0x00000000c1d00000, 0x00000000c1c00000| Untracked 
|   9|0x00000000c1d00000, 0x00000000c1e00000, 0x00000000c1e00000|100%| O|  |TAMS 0x00000000c1e00000, 0x00000000c1d00000| Untracked 
|  10|0x00000000c1e00000, 0x00000000c1f00000, 0x00000000c1f00000|100%| O|  |TAMS 0x00000000c1f00000, 0x00000000c1e00000| Untracked 
|  11|0x00000000c1f00000, 0x00000000c2000000, 0x00000000c2000000|100%| O|  |TAMS 0x00000000c2000000, 0x00000000c1f00000| Untracked 
|  12|0x00000000c2000000, 0x00000000c2100000, 0x00000000c2100000|100%| O|  |TAMS 0x00000000c2100000, 0x00000000c2000000| Untracked 
|  13|0x00000000c2100000, 0x00000000c2200000, 0x00000000c2200000|100%| O|  |TAMS 0x00000000c2200000, 0x00000000c2100000| Untracked 
|  14|0x00000000c2200000, 0x00000000c2300000, 0x00000000c2300000|100%| O|  |TAMS 0x00000000c2300000, 0x00000000c2200000| Untracked 
|  15|0x00000000c2300000, 0x00000000c2400000, 0x00000000c2400000|100%| O|  |TAMS 0x00000000c2400000, 0x00000000c2300000| Untracked 
|  16|0x00000000c2400000, 0x00000000c2500000, 0x00000000c2500000|100%| O|  |TAMS 0x00000000c2500000, 0x00000000c2400000| Untracked 
|  17|0x00000000c2500000, 0x00000000c2600000, 0x00000000c2600000|100%| O|  |TAMS 0x00000000c2600000, 0x00000000c2500000| Untracked 
|  18|0x00000000c2600000, 0x00000000c2700000, 0x00000000c2700000|100%| O|  |TAMS 0x00000000c2700000, 0x00000000c2600000| Untracked 
|  19|0x00000000c2700000, 0x00000000c2800000, 0x00000000c2800000|100%| O|  |TAMS 0x00000000c2800000, 0x00000000c2700000| Complete 
|  20|0x00000000c2800000, 0x00000000c2900000, 0x00000000c2900000|100%| O|  |TAMS 0x00000000c2900000, 0x00000000c2800000| Untracked 
|  21|0x00000000c2900000, 0x00000000c2a00000, 0x00000000c2a00000|100%| O|  |TAMS 0x00000000c29b8600, 0x00000000c2900000| Untracked 
|  22|0x00000000c2a00000, 0x00000000c2b00000, 0x00000000c2b00000|100%| O|  |TAMS 0x00000000c2a00000, 0x00000000c2a00000| Untracked 
|  23|0x00000000c2b00000, 0x00000000c2b37600, 0x00000000c2c00000| 21%| O|  |TAMS 0x00000000c2b00000, 0x00000000c2b00000| Untracked 
|  24|0x00000000c2c00000, 0x00000000c2c00000, 0x00000000c2d00000|  0%| F|  |TAMS 0x00000000c2c00000, 0x00000000c2c00000| Untracked 
|  25|0x00000000c2d00000, 0x00000000c2d00000, 0x00000000c2e00000|  0%| F|  |TAMS 0x00000000c2d00000, 0x00000000c2d00000| Untracked 
|  26|0x00000000c2e00000, 0x00000000c2e00000, 0x00000000c2f00000|  0%| F|  |TAMS 0x00000000c2e00000, 0x00000000c2e00000| Untracked 
|  27|0x00000000c2f00000, 0x00000000c2f00000, 0x00000000c3000000|  0%| F|  |TAMS 0x00000000c2f00000, 0x00000000c2f00000| Untracked 
|  28|0x00000000c3000000, 0x00000000c3000000, 0x00000000c3100000|  0%| F|  |TAMS 0x00000000c3000000, 0x00000000c3000000| Untracked 
|  29|0x00000000c3100000, 0x00000000c3100000, 0x00000000c3200000|  0%| F|  |TAMS 0x00000000c3100000, 0x00000000c3100000| Untracked 
|  30|0x00000000c3200000, 0x00000000c3200000, 0x00000000c3300000|  0%| F|  |TAMS 0x00000000c3200000, 0x00000000c3200000| Untracked 
|  31|0x00000000c3300000, 0x00000000c3300000, 0x00000000c3400000|  0%| F|  |TAMS 0x00000000c3300000, 0x00000000c3300000| Untracked 
|  32|0x00000000c3400000, 0x00000000c3400000, 0x00000000c3500000|  0%| F|  |TAMS 0x00000000c3400000, 0x00000000c3400000| Untracked 
|  33|0x00000000c3500000, 0x00000000c3500000, 0x00000000c3600000|  0%| F|  |TAMS 0x00000000c3500000, 0x00000000c3500000| Untracked 
|  34|0x00000000c3600000, 0x00000000c3600000, 0x00000000c3700000|  0%| F|  |TAMS 0x00000000c3600000, 0x00000000c3600000| Untracked 
|  35|0x00000000c3700000, 0x00000000c3700000, 0x00000000c3800000|  0%| F|  |TAMS 0x00000000c3700000, 0x00000000c3700000| Untracked 
|  36|0x00000000c3800000, 0x00000000c3800000, 0x00000000c3900000|  0%| F|  |TAMS 0x00000000c3800000, 0x00000000c3800000| Untracked 
|  37|0x00000000c3900000, 0x00000000c3900000, 0x00000000c3a00000|  0%| F|  |TAMS 0x00000000c3900000, 0x00000000c3900000| Untracked 
|  38|0x00000000c3a00000, 0x00000000c3a00000, 0x00000000c3b00000|  0%| F|  |TAMS 0x00000000c3a00000, 0x00000000c3a00000| Untracked 
|  39|0x00000000c3b00000, 0x00000000c3b00000, 0x00000000c3c00000|  0%| F|  |TAMS 0x00000000c3b00000, 0x00000000c3b00000| Untracked 
|  40|0x00000000c3c00000, 0x00000000c3c00000, 0x00000000c3d00000|  0%| F|  |TAMS 0x00000000c3c00000, 0x00000000c3c00000| Untracked 
|  41|0x00000000c3d00000, 0x00000000c3dc53d0, 0x00000000c3e00000| 77%| E|  |TAMS 0x00000000c3d00000, 0x00000000c3d00000| Complete 
|  42|0x00000000c3e00000, 0x00000000c3f00000, 0x00000000c3f00000|100%| E|CS|TAMS 0x00000000c3e00000, 0x00000000c3e00000| Complete 
|  43|0x00000000c3f00000, 0x00000000c4000000, 0x00000000c4000000|100%| E|CS|TAMS 0x00000000c3f00000, 0x00000000c3f00000| Complete 
|  44|0x00000000c4000000, 0x00000000c4100000, 0x00000000c4100000|100%| E|CS|TAMS 0x00000000c4000000, 0x00000000c4000000| Complete 
|  45|0x00000000c4100000, 0x00000000c4200000, 0x00000000c4200000|100%| E|CS|TAMS 0x00000000c4100000, 0x00000000c4100000| Complete 
|  46|0x00000000c4200000, 0x00000000c4300000, 0x00000000c4300000|100%| E|CS|TAMS 0x00000000c4200000, 0x00000000c4200000| Complete 
|  47|0x00000000c4300000, 0x00000000c4400000, 0x00000000c4400000|100%| E|CS|TAMS 0x00000000c4300000, 0x00000000c4300000| Complete 
|  48|0x00000000c4400000, 0x00000000c44e1c70, 0x00000000c4500000| 88%| S|CS|TAMS 0x00000000c4400000, 0x00000000c4400000| Complete 
|  49|0x00000000c4500000, 0x00000000c4600000, 0x00000000c4600000|100%| S|CS|TAMS 0x00000000c4500000, 0x00000000c4500000| Complete 
|  50|0x00000000c4600000, 0x00000000c4700000, 0x00000000c4700000|100%| E|CS|TAMS 0x00000000c4600000, 0x00000000c4600000| Complete 
|  51|0x00000000c4700000, 0x00000000c4800000, 0x00000000c4800000|100%| E|CS|TAMS 0x00000000c4700000, 0x00000000c4700000| Complete 
|  52|0x00000000c4800000, 0x00000000c4900000, 0x00000000c4900000|100%| E|CS|TAMS 0x00000000c4800000, 0x00000000c4800000| Complete 
|  53|0x00000000c4900000, 0x00000000c4a00000, 0x00000000c4a00000|100%| E|CS|TAMS 0x00000000c4900000, 0x00000000c4900000| Complete 
|  54|0x00000000c4a00000, 0x00000000c4b00000, 0x00000000c4b00000|100%| E|CS|TAMS 0x00000000c4a00000, 0x00000000c4a00000| Complete 
|  55|0x00000000c4b00000, 0x00000000c4c00000, 0x00000000c4c00000|100%| E|CS|TAMS 0x00000000c4b00000, 0x00000000c4b00000| Complete 
|  63|0x00000000c5300000, 0x00000000c5400000, 0x00000000c5400000|100%| E|CS|TAMS 0x00000000c5300000, 0x00000000c5300000| Complete 

Card table byte_map: [0x0000015accb40000,0x0000015accd40000] _byte_map_base: 0x0000015acc536000

Marking Bits (Prev, Next): (CMBitMap*) 0x0000015ab3fc66b0, (CMBitMap*) 0x0000015ab3fc6670
 Prev Bits: [0x0000015acdef0000, 0x0000015aceea0000)
 Next Bits: [0x0000015accf40000, 0x0000015acdef0000)

Polling page: 0x0000015ab3d70000

Metaspace:

Usage:
  Non-class:     51.97 MB used.
      Class:      7.97 MB used.
       Both:     59.93 MB used.

Virtual space:
  Non-class space:       64.00 MB reserved,      52.31 MB ( 82%) committed,  1 nodes.
      Class space:        1.00 GB reserved,       8.25 MB ( <1%) committed,  1 nodes.
             Both:        1.06 GB reserved,      60.56 MB (  6%) committed. 

Chunk freelists:
   Non-Class:  3.09 MB
       Class:  3.72 MB
        Both:  6.82 MB

MaxMetaspaceSize: unlimited
CompressedClassSpaceSize: 1.00 GB
Initial GC threshold: 21.00 MB
Current GC threshold: 99.06 MB
CDS: on
MetaspaceReclaimPolicy: balanced
 - commit_granule_bytes: 65536.
 - commit_granule_words: 8192.
 - virtual_space_node_default_size: 8388608.
 - enlarge_chunks_in_place: 1.
 - new_chunks_are_fully_committed: 0.
 - uncommit_free_chunks: 1.
 - use_allocation_guard: 0.


Internal statistics:

num_allocs_failed_limit: 12.
num_arena_births: 824.
num_arena_deaths: 0.
num_vsnodes_births: 2.
num_vsnodes_deaths: 0.
num_space_committed: 969.
num_space_uncommitted: 0.
num_chunks_returned_to_freelist: 12.
num_chunks_taken_from_freelist: 2896.
num_chunk_merges: 9.
num_chunk_splits: 2111.
num_chunks_enlarged: 1691.
num_inconsistent_stats: 0.

CodeHeap 'non-profiled nmethods': size=120000Kb used=2331Kb max_used=2892Kb free=117668Kb
 bounds [0x0000015ac4df0000, 0x0000015ac50d0000, 0x0000015acc320000]
CodeHeap 'profiled nmethods': size=120000Kb used=8965Kb max_used=11136Kb free=111035Kb
 bounds [0x0000015abd8c0000, 0x0000015abe3a0000, 0x0000015ac4df0000]
CodeHeap 'non-nmethods': size=5760Kb used=1362Kb max_used=1430Kb free=4397Kb
 bounds [0x0000015abd320000, 0x0000015abd590000, 0x0000015abd8c0000]
 total_blobs=5380 nmethods=4695 adapters=597
 compilation: enabled
              stopped_count=0, restarted_count=0
 full_count=0

Compilation events (20 events):
Event: 13.260 Thread 0x0000015ad1437c60 5593       1       org.springframework.boot.autoconfigure.condition.ConditionEvaluationReport$ConditionAndOutcome::getOutcome (5 bytes)
Event: 13.260 Thread 0x0000015ad1437c60 nmethod 5593 0x0000015ac4e17110 code [0x0000015ac4e172a0, 0x0000015ac4e17378]
Event: 13.261 Thread 0x0000015ad1437c60 5594       2       java.util.TreeMap::forEach (58 bytes)
Event: 13.262 Thread 0x0000015ad1437c60 nmethod 5594 0x0000015abddd9a90 code [0x0000015abddd9c80, 0x0000015abddda058]
Event: 13.262 Thread 0x0000015ad1437c60 5596 %     3       java.util.TreeMap::forEach @ 15 (58 bytes)
Event: 13.263 Thread 0x0000015ad1437c60 nmethod 5596% 0x0000015abd8e0010 code [0x0000015abd8e0220, 0x0000015abd8e0978]
Event: 13.264 Thread 0x0000015ad1437c60 5597       1       org.springframework.data.jpa.repository.config.JpaMetamodelMappingContextFactoryBean::getObjectType (3 bytes)
Event: 13.264 Thread 0x0000015ad1437c60 nmethod 5597 0x0000015ac4e52810 code [0x0000015ac4e529a0, 0x0000015ac4e52a78]
Event: 13.265 Thread 0x0000015ad1437c60 5598   !   2       org.springframework.util.ConcurrentReferenceHashMap$Segment::clear (69 bytes)
Event: 13.266 Thread 0x0000015ad1437c60 nmethod 5598 0x0000015abdc31d90 code [0x0000015abdc31fa0, 0x0000015abdc323f8]
Event: 13.268 Thread 0x0000015ad1437c60 5599       2       jdk.internal.math.FDBigInteger::mult (64 bytes)
Event: 13.269 Thread 0x0000015ad1437c60 nmethod 5599 0x0000015abdab8690 code [0x0000015abdab8840, 0x0000015abdab8a78]
Event: 13.269 Thread 0x0000015ad1437c60 5600       2       jdk.internal.math.FDBigInteger::<init> (30 bytes)
Event: 13.269 Thread 0x0000015ad1437c60 nmethod 5600 0x0000015abdb99710 code [0x0000015abdb998c0, 0x0000015abdb99a48]
Event: 13.269 Thread 0x0000015ad1437c60 5601       2       jdk.internal.math.FDBigInteger::trimLeadingZeros (57 bytes)
Event: 13.270 Thread 0x0000015ad1437c60 nmethod 5601 0x0000015abdd2a090 code [0x0000015abdd2a220, 0x0000015abdd2a3f8]
Event: 13.271 Thread 0x0000015ad1437c60 5602       2       org.springframework.util.ClassUtils::isAssignable (84 bytes)
Event: 13.272 Thread 0x0000015ad1437c60 nmethod 5602 0x0000015abd90a710 code [0x0000015abd90a920, 0x0000015abd90ad78]
Event: 13.272 Thread 0x0000015ad1437c60 5603       2       sun.reflect.generics.reflectiveObjects.WildcardTypeImpl::hashCode (20 bytes)
Event: 13.274 Thread 0x0000015ad1437c60 nmethod 5603 0x0000015abde84190 code [0x0000015abde843a0, 0x0000015abde84898]

GC Heap History (20 events):
Event: 7.096 GC heap before
{Heap before GC invocations=7 (full 0):
 garbage-first heap   total 48128K, used 15532K [0x00000000c1400000, 0x0000000100000000)
  region size 1024K, 5 young (5120K), 4 survivors (4096K)
 Metaspace       used 26971K, committed 27392K, reserved 1114112K
  class space    used 3368K, committed 3584K, reserved 1048576K
}
Event: 7.109 GC heap after
{Heap after GC invocations=8 (full 0):
 garbage-first heap   total 48128K, used 16015K [0x00000000c1400000, 0x0000000100000000)
  region size 1024K, 1 young (1024K), 1 survivors (1024K)
 Metaspace       used 26971K, committed 27392K, reserved 1114112K
  class space    used 3368K, committed 3584K, reserved 1048576K
}
Event: 7.953 GC heap before
{Heap before GC invocations=8 (full 0):
 garbage-first heap   total 48128K, used 33423K [0x00000000c1400000, 0x0000000100000000)
  region size 1024K, 19 young (19456K), 1 survivors (1024K)
 Metaspace       used 31959K, committed 32448K, reserved 1114112K
  class space    used 4033K, committed 4288K, reserved 1048576K
}
Event: 7.958 GC heap after
{Heap after GC invocations=9 (full 0):
 garbage-first heap   total 48128K, used 17042K [0x00000000c1400000, 0x0000000100000000)
  region size 1024K, 2 young (2048K), 2 survivors (2048K)
 Metaspace       used 31959K, committed 32448K, reserved 1114112K
  class space    used 4033K, committed 4288K, reserved 1048576K
}
Event: 8.455 GC heap before
{Heap before GC invocations=9 (full 0):
 garbage-first heap   total 48128K, used 27282K [0x00000000c1400000, 0x0000000100000000)
  region size 1024K, 14 young (14336K), 2 survivors (2048K)
 Metaspace       used 35614K, committed 36096K, reserved 1114112K
  class space    used 4494K, committed 4736K, reserved 1048576K
}
Event: 8.461 GC heap after
{Heap after GC invocations=10 (full 0):
 garbage-first heap   total 48128K, used 17702K [0x00000000c1400000, 0x0000000100000000)
  region size 1024K, 2 young (2048K), 2 survivors (2048K)
 Metaspace       used 35614K, committed 36096K, reserved 1114112K
  class space    used 4494K, committed 4736K, reserved 1048576K
}
Event: 9.327 GC heap before
{Heap before GC invocations=11 (full 0):
 garbage-first heap   total 48128K, used 35110K [0x00000000c1400000, 0x0000000100000000)
  region size 1024K, 20 young (20480K), 2 survivors (2048K)
 Metaspace       used 41830K, committed 42368K, reserved 1114112K
  class space    used 5248K, committed 5504K, reserved 1048576K
}
Event: 9.334 GC heap after
{Heap after GC invocations=12 (full 0):
 garbage-first heap   total 48128K, used 19025K [0x00000000c1400000, 0x0000000100000000)
  region size 1024K, 2 young (2048K), 2 survivors (2048K)
 Metaspace       used 41830K, committed 42368K, reserved 1114112K
  class space    used 5248K, committed 5504K, reserved 1048576K
}
Event: 10.147 GC heap before
{Heap before GC invocations=12 (full 0):
 garbage-first heap   total 48128K, used 35409K [0x00000000c1400000, 0x0000000100000000)
  region size 1024K, 19 young (19456K), 2 survivors (2048K)
 Metaspace       used 45956K, committed 46464K, reserved 1114112K
  class space    used 5851K, committed 6080K, reserved 1048576K
}
Event: 10.155 GC heap after
{Heap after GC invocations=13 (full 0):
 garbage-first heap   total 48128K, used 20313K [0x00000000c1400000, 0x0000000100000000)
  region size 1024K, 3 young (3072K), 3 survivors (3072K)
 Metaspace       used 45956K, committed 46464K, reserved 1114112K
  class space    used 5851K, committed 6080K, reserved 1048576K
}
Event: 10.888 GC heap before
{Heap before GC invocations=13 (full 0):
 garbage-first heap   total 48128K, used 35673K [0x00000000c1400000, 0x0000000100000000)
  region size 1024K, 19 young (19456K), 3 survivors (3072K)
 Metaspace       used 50166K, committed 50688K, reserved 1114112K
  class space    used 6526K, committed 6784K, reserved 1048576K
}
Event: 10.893 GC heap after
{Heap after GC invocations=14 (full 0):
 garbage-first heap   total 48128K, used 20966K [0x00000000c1400000, 0x0000000100000000)
  region size 1024K, 2 young (2048K), 2 survivors (2048K)
 Metaspace       used 50166K, committed 50688K, reserved 1114112K
  class space    used 6526K, committed 6784K, reserved 1048576K
}
Event: 11.459 GC heap before
{Heap before GC invocations=14 (full 0):
 garbage-first heap   total 48128K, used 36326K [0x00000000c1400000, 0x0000000100000000)
  region size 1024K, 18 young (18432K), 2 survivors (2048K)
 Metaspace       used 54159K, committed 54720K, reserved 1114112K
  class space    used 7030K, committed 7296K, reserved 1048576K
}
Event: 11.465 GC heap after
{Heap after GC invocations=15 (full 0):
 garbage-first heap   total 58368K, used 22388K [0x00000000c1400000, 0x0000000100000000)
  region size 1024K, 3 young (3072K), 3 survivors (3072K)
 Metaspace       used 54159K, committed 54720K, reserved 1114112K
  class space    used 7030K, committed 7296K, reserved 1048576K
}
Event: 12.082 GC heap before
{Heap before GC invocations=15 (full 0):
 garbage-first heap   total 58368K, used 44916K [0x00000000c1400000, 0x0000000100000000)
  region size 1024K, 25 young (25600K), 3 survivors (3072K)
 Metaspace       used 57445K, committed 57920K, reserved 1114112K
  class space    used 7604K, committed 7808K, reserved 1048576K
}
Event: 12.089 GC heap after
{Heap after GC invocations=16 (full 0):
 garbage-first heap   total 58368K, used 23907K [0x00000000c1400000, 0x0000000100000000)
  region size 1024K, 4 young (4096K), 4 survivors (4096K)
 Metaspace       used 57445K, committed 57920K, reserved 1114112K
  class space    used 7604K, committed 7808K, reserved 1048576K
}
Event: 12.552 GC heap before
{Heap before GC invocations=16 (full 0):
 garbage-first heap   total 58368K, used 46435K [0x00000000c1400000, 0x0000000100000000)
  region size 1024K, 26 young (26624K), 4 survivors (4096K)
 Metaspace       used 59191K, committed 59776K, reserved 1114112K
  class space    used 7806K, committed 8128K, reserved 1048576K
}
Event: 12.562 GC heap after
{Heap after GC invocations=17 (full 0):
 garbage-first heap   total 58368K, used 24902K [0x00000000c1400000, 0x0000000100000000)
  region size 1024K, 3 young (3072K), 3 survivors (3072K)
 Metaspace       used 59191K, committed 59776K, reserved 1114112K
  class space    used 7806K, committed 8128K, reserved 1048576K
}
Event: 12.765 GC heap before
{Heap before GC invocations=17 (full 0):
 garbage-first heap   total 58368K, used 31046K [0x00000000c1400000, 0x0000000100000000)
  region size 1024K, 10 young (10240K), 3 survivors (3072K)
 Metaspace       used 59920K, committed 60480K, reserved 1114112K
  class space    used 7915K, committed 8192K, reserved 1048576K
}
Event: 12.774 GC heap after
{Heap after GC invocations=18 (full 0):
 garbage-first heap   total 58368K, used 25700K [0x00000000c1400000, 0x0000000100000000)
  region size 1024K, 2 young (2048K), 2 survivors (2048K)
 Metaspace       used 59920K, committed 60480K, reserved 1114112K
  class space    used 7915K, committed 8192K, reserved 1048576K
}

Deoptimization events (20 events):
Event: 13.018 Thread 0x0000015ab3f84540 Uncommon trap: trap_request=0xffffff45 fr.pc=0x0000015ac4e76060 relative=0x00000000000010a0
Event: 13.018 Thread 0x0000015ab3f84540 Uncommon trap: reason=unstable_if action=reinterpret pc=0x0000015ac4e76060 method=java.util.concurrent.ConcurrentHashMap.transfer([Ljava/util/concurrent/ConcurrentHashMap$Node;[Ljava/util/concurrent/ConcurrentHashMap$Node;)V @ 352 c2
Event: 13.018 Thread 0x0000015ab3f84540 DEOPT PACKING pc=0x0000015ac4e76060 sp=0x00000003393fe1a0
Event: 13.018 Thread 0x0000015ab3f84540 DEOPT UNPACKING pc=0x0000015abd3723a3 sp=0x00000003393fe108 mode 2
Event: 13.088 Thread 0x0000015ab3f84540 Uncommon trap: trap_request=0xffffff45 fr.pc=0x0000015ac4f40008 relative=0x0000000000000268
Event: 13.088 Thread 0x0000015ab3f84540 Uncommon trap: reason=unstable_if action=reinterpret pc=0x0000015ac4f40008 method=org.springframework.beans.factory.support.DefaultSingletonBeanRegistry.getSingleton(Ljava/lang/String;Z)Ljava/lang/Object; @ 39 c2
Event: 13.088 Thread 0x0000015ab3f84540 DEOPT PACKING pc=0x0000015ac4f40008 sp=0x00000003393fe280
Event: 13.088 Thread 0x0000015ab3f84540 DEOPT UNPACKING pc=0x0000015abd3723a3 sp=0x00000003393fe218 mode 2
Event: 13.088 Thread 0x0000015ab3f84540 Uncommon trap: trap_request=0xffffff45 fr.pc=0x0000015ac501156c relative=0x000000000000090c
Event: 13.088 Thread 0x0000015ab3f84540 Uncommon trap: reason=unstable_if action=reinterpret pc=0x0000015ac501156c method=java.util.Collections$SetFromMap.add(Ljava/lang/Object;)Z @ 13 c2
Event: 13.088 Thread 0x0000015ab3f84540 DEOPT PACKING pc=0x0000015ac501156c sp=0x00000003393fe100
Event: 13.088 Thread 0x0000015ab3f84540 DEOPT UNPACKING pc=0x0000015abd3723a3 sp=0x00000003393fe100 mode 2
Event: 13.124 Thread 0x0000015ab3f84540 Uncommon trap: trap_request=0xfffffff4 fr.pc=0x0000015ac4ee3e68 relative=0x0000000000000248
Event: 13.124 Thread 0x0000015ab3f84540 Uncommon trap: reason=null_check action=make_not_entrant pc=0x0000015ac4ee3e68 method=org.springframework.util.ClassUtils.isAssignable(Ljava/lang/Class;Ljava/lang/Class;)Z @ 14 c2
Event: 13.124 Thread 0x0000015ab3f84540 DEOPT PACKING pc=0x0000015ac4ee3e68 sp=0x00000003393fe6c0
Event: 13.124 Thread 0x0000015ab3f84540 DEOPT UNPACKING pc=0x0000015abd3723a3 sp=0x00000003393fe650 mode 2
Event: 13.263 Thread 0x0000015ab3f84540 Uncommon trap: trap_request=0xffffff45 fr.pc=0x0000015ac4e65a60 relative=0x0000000000000060
Event: 13.263 Thread 0x0000015ab3f84540 Uncommon trap: reason=unstable_if action=reinterpret pc=0x0000015ac4e65a60 method=org.springframework.util.ConcurrentReferenceHashMap$Segment.clear()V @ 7 c2
Event: 13.263 Thread 0x0000015ab3f84540 DEOPT PACKING pc=0x0000015ac4e65a60 sp=0x00000003393fecf0
Event: 13.263 Thread 0x0000015ab3f84540 DEOPT UNPACKING pc=0x0000015abd3723a3 sp=0x00000003393fec80 mode 2

Classes loaded (20 events):
Event: 13.242 Loading class java/nio/BufferMismatch
Event: 13.242 Loading class java/nio/BufferMismatch done
Event: 13.242 Loading class sun/nio/ch/SourceChannelImpl
Event: 13.242 Loading class java/nio/channels/Pipe$SourceChannel
Event: 13.242 Loading class java/nio/channels/Pipe$SourceChannel done
Event: 13.242 Loading class sun/nio/ch/SourceChannelImpl done
Event: 13.243 Loading class sun/nio/ch/SinkChannelImpl
Event: 13.243 Loading class java/nio/channels/Pipe$SinkChannel
Event: 13.243 Loading class java/nio/channels/Pipe$SinkChannel done
Event: 13.243 Loading class sun/nio/ch/SinkChannelImpl done
Event: 13.243 Loading class sun/nio/ch/SocketChannelImpl$DefaultOptionsHolder
Event: 13.243 Loading class sun/nio/ch/SocketChannelImpl$DefaultOptionsHolder done
Event: 13.245 Loading class java/nio/channels/spi/AbstractSelector$1
Event: 13.245 Loading class java/nio/channels/spi/AbstractSelector$1 done
Event: 13.247 Loading class java/util/TreeMap$ValueSpliterator
Event: 13.248 Loading class java/util/TreeMap$TreeMapSpliterator
Event: 13.248 Loading class java/util/TreeMap$TreeMapSpliterator done
Event: 13.248 Loading class java/util/TreeMap$ValueSpliterator done
Event: 13.267 Loading class jdk/internal/math/FDBigInteger
Event: 13.268 Loading class jdk/internal/math/FDBigInteger done

Classes unloaded (0 events):
No events

Classes redefined (0 events):
No events

Internal exceptions (20 events):
Event: 11.086 Thread 0x0000015ab3f84540 Exception <a 'java/lang/NoSuchMethodError'{0x00000000c3ea2650}: 'java.lang.Object java.lang.invoke.DirectMethodHandle$Holder.newInvokeSpecial(java.lang.Object, java.lang.Object, int, java.lang.Object, int, java.lang.Object, java.lang.Object, java.lang.Object)'> (0x00000000c3ea2650) 
thrown [s\src\hotspot\share\interpreter\linkResolver.cpp, line 759]
Event: 11.088 Thread 0x0000015ab3f84540 Exception <a 'java/lang/NoSuchMethodError'{0x00000000c3eaf530}: 'int java.lang.invoke.DirectMethodHandle$Holder.invokeSpecial(java.lang.Object, java.lang.Object, java.lang.Object, java.lang.Object, java.lang.Object, java.lang.Object)'> (0x00000000c3eaf530) 
thrown [s\src\hotspot\share\interpreter\linkResolver.cpp, line 759]
Event: 11.089 Thread 0x0000015ab3f84540 Exception <a 'java/lang/NoSuchMethodError'{0x00000000c3eb7f68}: 'void java.lang.invoke.DirectMethodHandle$Holder.invokeSpecial(java.lang.Object, java.lang.Object, java.lang.Object, java.lang.Object, java.lang.Object, java.lang.Object, java.lang.Object)'> (0x00000000c3eb7f68) 
thrown [s\src\hotspot\share\interpreter\linkResolver.cpp, line 759]
Event: 11.094 Thread 0x0000015ab3f84540 Exception <a 'java/lang/NoSuchMethodError'{0x00000000c3ee2278}: 'void java.lang.invoke.DirectMethodHandle$Holder.invokeInterface(java.lang.Object, java.lang.Object)'> (0x00000000c3ee2278) 
thrown [s\src\hotspot\share\interpreter\linkResolver.cpp, line 759]
Event: 11.192 Thread 0x0000015ab3f84540 Exception <a 'java/lang/NoSuchMethodError'{0x00000000c3b87650}: 'void java.lang.invoke.Invokers$Holder.invokeExact_MT(java.lang.Object, java.lang.Object, java.lang.Object, java.lang.Object)'> (0x00000000c3b87650) 
thrown [s\src\hotspot\share\interpreter\linkResolver.cpp, line 759]
Event: 11.290 Thread 0x0000015ab3f84540 Exception <a 'java/lang/IncompatibleClassChangeError'{0x00000000c38e4110}: Found class java.lang.Object, but interface was expected> (0x00000000c38e4110) 
thrown [s\src\hotspot\share\interpreter\linkResolver.cpp, line 826]
Event: 11.335 Thread 0x0000015ab3f84540 Exception <a 'java/lang/IncompatibleClassChangeError'{0x00000000c3642478}: Found class java.lang.Object, but interface was expected> (0x00000000c3642478) 
thrown [s\src\hotspot\share\interpreter\linkResolver.cpp, line 826]
Event: 11.601 Thread 0x0000015ab3f84540 Exception <a 'java/lang/IncompatibleClassChangeError'{0x00000000c4906148}: Found class java.lang.Object, but interface was expected> (0x00000000c4906148) 
thrown [s\src\hotspot\share\interpreter\linkResolver.cpp, line 826]
Event: 12.249 Thread 0x0000015ab3f84540 Exception <a 'java/lang/NoSuchMethodError'{0x00000000c43137e8}: 'int java.lang.invoke.DirectMethodHandle$Holder.invokeStatic(java.lang.Object)'> (0x00000000c43137e8) 
thrown [s\src\hotspot\share\interpreter\linkResolver.cpp, line 759]
Event: 12.357 Thread 0x0000015ab3f84540 Exception <a 'java/lang/IncompatibleClassChangeError'{0x00000000c412e660}: Found class java.lang.Object, but interface was expected> (0x00000000c412e660) 
thrown [s\src\hotspot\share\interpreter\linkResolver.cpp, line 826]
Event: 12.357 Thread 0x0000015ab3f84540 Exception <a 'java/lang/IncompatibleClassChangeError'{0x00000000c4135038}: Found class java.lang.Object, but interface was expected> (0x00000000c4135038) 
thrown [s\src\hotspot\share\interpreter\linkResolver.cpp, line 826]
Event: 12.533 Thread 0x0000015ab3f84540 Exception <a 'java/lang/NoSuchMethodError'{0x00000000c37a0910}: 'java.lang.Object java.lang.invoke.DirectMethodHandle$Holder.newInvokeSpecial(java.lang.Object, java.lang.Object, java.lang.Object, java.lang.Object, java.lang.Object, java.lang.Object, java.lang.Object, java.lang.Object)'> (0x00000000c37a0910) 
thrown [s\src\hotspot\share\interpreter\linkResolver.cpp, line 759]
Event: 12.755 Thread 0x0000015ab3f84540 Exception <a 'java/lang/NoSuchMethodError'{0x00000000c46899e0}: 'void java.lang.invoke.DirectMethodHandle$Holder.invokeVirtual(java.lang.Object, java.lang.Object, long)'> (0x00000000c46899e0) 
thrown [s\src\hotspot\share\interpreter\linkResolver.cpp, line 759]
Event: 13.016 Thread 0x0000015ab3f84540 Exception <a 'java/lang/IncompatibleClassChangeError'{0x00000000c4713ad0}: Found class java.lang.Object, but interface was expected> (0x00000000c4713ad0) 
thrown [s\src\hotspot\share\interpreter\linkResolver.cpp, line 826]
Event: 13.081 Thread 0x0000015ab3f84540 Exception <a 'java/lang/NoSuchMethodError'{0x00000000c46adc58}: 'int java.lang.invoke.DirectMethodHandle$Holder.invokeStaticInit(java.lang.Object, java.lang.Object, java.lang.Object, java.lang.Object)'> (0x00000000c46adc58) 
thrown [s\src\hotspot\share\interpreter\linkResolver.cpp, line 759]
Event: 13.124 Thread 0x0000015ab3f84540 Implicit null exception at 0x0000015ac4ee3c40 to 0x0000015ac4ee3e54
Event: 13.199 Thread 0x0000015ab3f84540 Exception <a 'java/lang/NoSuchMethodError'{0x00000000c3f12a38}: 'java.lang.Object java.lang.invoke.DirectMethodHandle$Holder.newInvokeSpecial(java.lang.Object, java.lang.Object, int, java.lang.Object, java.lang.Object)'> (0x00000000c3f12a38) 
thrown [s\src\hotspot\share\interpreter\linkResolver.cpp, line 759]
Event: 13.200 Thread 0x0000015ab3f84540 Exception <a 'java/lang/NoSuchMethodError'{0x00000000c3f1e0b8}: 'java.lang.Object java.lang.invoke.DirectMethodHandle$Holder.invokeSpecial(java.lang.Object, java.lang.Object, int, java.lang.Object, int, java.lang.Object)'> (0x00000000c3f1e0b8) 
thrown [s\src\hotspot\share\interpreter\linkResolver.cpp, line 759]
Event: 13.200 Thread 0x0000015ab3f84540 Exception <a 'java/lang/NoSuchMethodError'{0x00000000c3f25ec0}: 'java.lang.Object java.lang.invoke.DirectMethodHandle$Holder.newInvokeSpecial(java.lang.Object, java.lang.Object, int, java.lang.Object, int)'> (0x00000000c3f25ec0) 
thrown [s\src\hotspot\share\interpreter\linkResolver.cpp, line 759]
Event: 13.201 Thread 0x0000015ab3f84540 Exception <a 'java/lang/NoSuchMethodError'{0x00000000c3f29fc8}: 'java.lang.Object java.lang.invoke.DirectMethodHandle$Holder.invokeSpecial(java.lang.Object, java.lang.Object, java.lang.Object, int, java.lang.Object, int)'> (0x00000000c3f29fc8) 
thrown [s\src\hotspot\share\interpreter\linkResolver.cpp, line 759]

VM Operations (20 events):
Event: 12.624 Executing VM operation: HandshakeAllThreads
Event: 12.624 Executing VM operation: HandshakeAllThreads done
Event: 12.699 Executing VM operation: HandshakeAllThreads
Event: 12.699 Executing VM operation: HandshakeAllThreads done
Event: 12.765 Executing VM operation: CollectForMetadataAllocation
Event: 12.774 Executing VM operation: CollectForMetadataAllocation done
Event: 12.803 Executing VM operation: HandshakeAllThreads
Event: 12.803 Executing VM operation: HandshakeAllThreads done
Event: 12.803 Executing VM operation: HandshakeAllThreads
Event: 12.803 Executing VM operation: HandshakeAllThreads done
Event: 12.830 Executing VM operation: HandshakeAllThreads
Event: 12.847 Executing VM operation: HandshakeAllThreads done
Event: 12.847 Executing VM operation: CollectForMetadataAllocation
Event: 12.848 Executing VM operation: CollectForMetadataAllocation done
Event: 12.861 Executing VM operation: G1Concurrent
Event: 12.866 Executing VM operation: G1Concurrent done
Event: 12.905 Executing VM operation: G1Concurrent
Event: 12.905 Executing VM operation: G1Concurrent done
Event: 12.982 Executing VM operation: HandshakeAllThreads
Event: 12.982 Executing VM operation: HandshakeAllThreads done

Events (20 events):
Event: 12.859 Thread 0x0000015ad144ea90 flushing nmethod 0x0000015abe341f10
Event: 12.859 Thread 0x0000015ad144ea90 flushing nmethod 0x0000015abe349e90
Event: 12.859 Thread 0x0000015ad144ea90 flushing nmethod 0x0000015abe34bb90
Event: 12.859 Thread 0x0000015ad144ea90 flushing nmethod 0x0000015abe357f10
Event: 12.859 Thread 0x0000015ad144ea90 flushing nmethod 0x0000015abe35ae10
Event: 12.859 Thread 0x0000015ad144ea90 flushing nmethod 0x0000015abe360010
Event: 13.217 Thread 0x0000015ad7ddaa00 Thread added: 0x0000015ad7ddaa00
Event: 13.217 Thread 0x0000015ad7ddb3a0 Thread added: 0x0000015ad7ddb3a0
Event: 13.218 Thread 0x0000015ad7dd96c0 Thread added: 0x0000015ad7dd96c0
Event: 13.218 Thread 0x0000015ad7dd8d20 Thread added: 0x0000015ad7dd8d20
Event: 13.218 Thread 0x0000015ad7ddbd40 Thread added: 0x0000015ad7ddbd40
Event: 13.218 Thread 0x0000015ad7ddc210 Thread added: 0x0000015ad7ddc210
Event: 13.218 Thread 0x0000015ad7dd91f0 Thread added: 0x0000015ad7dd91f0
Event: 13.218 Thread 0x0000015ad7dd9b90 Thread added: 0x0000015ad7dd9b90
Event: 13.219 Thread 0x0000015ad77989a0 Thread added: 0x0000015ad77989a0
Event: 13.219 Thread 0x0000015ad779a1b0 Thread added: 0x0000015ad779a1b0
Event: 13.244 Thread 0x0000015ad7799340 Thread added: 0x0000015ad7799340
Event: 13.246 Thread 0x0000015ad779cd00 Thread added: 0x0000015ad779cd00
Event: 13.275 Thread 0x0000015ab3f84540 Thread exited: 0x0000015ab3f84540
Event: 13.275 Thread 0x0000015ad7799810 Thread added: 0x0000015ad7799810


Dynamic libraries:
0x00007ff705e00000 - 0x00007ff705e0d000 	C:\Users\ERIN_JAVALead\.jdks\corretto-18.0.2\bin\java.exe
0x00007ffe83750000 - 0x00007ffe83947000 	C:\WINDOWS\SYSTEM32\ntdll.dll
0x00007ffe82740000 - 0x00007ffe827fd000 	C:\WINDOWS\System32\KERNEL32.DLL
0x00007ffe81200000 - 0x00007ffe814f6000 	C:\WINDOWS\System32\KERNELBASE.dll
0x00007ffe80ff0000 - 0x00007ffe810f0000 	C:\WINDOWS\System32\ucrtbase.dll
0x00007ffe6e180000 - 0x00007ffe6e197000 	C:\Users\ERIN_JAVALead\.jdks\corretto-18.0.2\bin\jli.dll
0x00007ffe81cf0000 - 0x00007ffe81e8e000 	C:\WINDOWS\System32\USER32.dll
0x00007ffe811a0000 - 0x00007ffe811c2000 	C:\WINDOWS\System32\win32u.dll
0x00007ffe6dea0000 - 0x00007ffe6deb5000 	C:\Users\ERIN_JAVALead\.jdks\corretto-18.0.2\bin\VCRUNTIME140.dll
0x00007ffe6bfb0000 - 0x00007ffe6c24a000 	C:\WINDOWS\WinSxS\amd64_microsoft.windows.common-controls_6595b64144ccf1df_6.0.19041.3570_none_60bb2a3971f3e41a\COMCTL32.dll
0x00007ffe81780000 - 0x00007ffe8181e000 	C:\WINDOWS\System32\msvcrt.dll
0x00007ffe82a60000 - 0x00007ffe82a8c000 	C:\WINDOWS\System32\GDI32.dll
0x00007ffe815f0000 - 0x00007ffe8170a000 	C:\WINDOWS\System32\gdi32full.dll
0x00007ffe81500000 - 0x00007ffe8159d000 	C:\WINDOWS\System32\msvcp_win.dll
0x00007ffe818e0000 - 0x00007ffe81910000 	C:\WINDOWS\System32\IMM32.DLL
0x00007ffe5b400000 - 0x00007ffe5b49b000 	C:\Users\ERIN_JAVALead\.jdks\corretto-18.0.2\bin\msvcp140.dll
0x00007ffe3e1d0000 - 0x00007ffe3ee41000 	C:\Users\ERIN_JAVALead\.jdks\corretto-18.0.2\bin\server\jvm.dll
0x00007ffe833c0000 - 0x00007ffe8346e000 	C:\WINDOWS\System32\ADVAPI32.dll
0x00007ffe82a90000 - 0x00007ffe82b2c000 	C:\WINDOWS\System32\sechost.dll
0x00007ffe834d0000 - 0x00007ffe835f6000 	C:\WINDOWS\System32\RPCRT4.dll
0x00007ffe822c0000 - 0x00007ffe822c8000 	C:\WINDOWS\System32\PSAPI.DLL
0x00007ffe7c940000 - 0x00007ffe7c949000 	C:\WINDOWS\SYSTEM32\WSOCK32.dll
0x00007ffe81910000 - 0x00007ffe8197b000 	C:\WINDOWS\System32\WS2_32.dll
0x00007ffe60c10000 - 0x00007ffe60c37000 	C:\WINDOWS\SYSTEM32\WINMM.dll
0x00007ffe7ba10000 - 0x00007ffe7ba1a000 	C:\WINDOWS\SYSTEM32\VERSION.dll
0x00007ffe7eca0000 - 0x00007ffe7ecb2000 	C:\WINDOWS\SYSTEM32\kernel.appcore.dll
0x00007ffe7e5a0000 - 0x00007ffe7e5aa000 	C:\Users\ERIN_JAVALead\.jdks\corretto-18.0.2\bin\jimage.dll
0x00007ffe6df40000 - 0x00007ffe6e124000 	C:\WINDOWS\SYSTEM32\DBGHELP.DLL
0x00007ffe6de40000 - 0x00007ffe6de74000 	C:\WINDOWS\SYSTEM32\dbgcore.DLL
0x00007ffe80f60000 - 0x00007ffe80fe2000 	C:\WINDOWS\System32\bcryptPrimitives.dll
0x00007ffe6e480000 - 0x00007ffe6e48e000 	C:\Users\ERIN_JAVALead\.jdks\corretto-18.0.2\bin\instrument.dll
0x00007ffe64580000 - 0x00007ffe645a5000 	C:\Users\ERIN_JAVALead\.jdks\corretto-18.0.2\bin\java.dll
0x00007ffe4cde0000 - 0x00007ffe4ceb6000 	C:\Users\ERIN_JAVALead\.jdks\corretto-18.0.2\bin\jsvml.dll
0x00007ffe82be0000 - 0x00007ffe83324000 	C:\WINDOWS\System32\SHELL32.dll
0x00007ffe7eea0000 - 0x00007ffe7f63b000 	C:\WINDOWS\SYSTEM32\windows.storage.dll
0x00007ffe81f60000 - 0x00007ffe822b4000 	C:\WINDOWS\System32\combase.dll
0x00007ffe80770000 - 0x00007ffe8079d000 	C:\WINDOWS\SYSTEM32\Wldp.dll
0x00007ffe82b30000 - 0x00007ffe82bdd000 	C:\WINDOWS\System32\SHCORE.dll
0x00007ffe81c90000 - 0x00007ffe81ce5000 	C:\WINDOWS\System32\shlwapi.dll
0x00007ffe80d30000 - 0x00007ffe80d55000 	C:\WINDOWS\SYSTEM32\profapi.dll
0x00007ffe62910000 - 0x00007ffe62928000 	C:\Users\ERIN_JAVALead\.jdks\corretto-18.0.2\bin\zip.dll
0x00007ffe64470000 - 0x00007ffe64483000 	C:\Users\ERIN_JAVALead\.jdks\corretto-18.0.2\bin\net.dll
0x00007ffe7a590000 - 0x00007ffe7a69a000 	C:\WINDOWS\SYSTEM32\WINHTTP.dll
0x00007ffe804d0000 - 0x00007ffe8053a000 	C:\WINDOWS\system32\mswsock.dll
0x00007ffe64450000 - 0x00007ffe64465000 	C:\Users\ERIN_JAVALead\.jdks\corretto-18.0.2\bin\nio.dll
0x00007ffe60bf0000 - 0x00007ffe60c0a000 	C:\Program Files\JetBrains\IntelliJ IDEA Community Edition 2021.3.3\bin\breakgen64.dll
0x00007ffe6e640000 - 0x00007ffe6e650000 	C:\Users\ERIN_JAVALead\.jdks\corretto-18.0.2\bin\verify.dll
0x00007ffe806d0000 - 0x00007ffe806e8000 	C:\WINDOWS\SYSTEM32\CRYPTSP.dll
0x00007ffe7fde0000 - 0x00007ffe7fe14000 	C:\WINDOWS\system32\rsaenh.dll
0x00007ffe811d0000 - 0x00007ffe811f7000 	C:\WINDOWS\System32\bcrypt.dll
0x00007ffe80cf0000 - 0x00007ffe80d1e000 	C:\WINDOWS\SYSTEM32\USERENV.dll
0x00007ffe806c0000 - 0x00007ffe806cc000 	C:\WINDOWS\SYSTEM32\CRYPTBASE.dll
0x00007ffe801c0000 - 0x00007ffe801fb000 	C:\WINDOWS\SYSTEM32\IPHLPAPI.DLL
0x00007ffe82920000 - 0x00007ffe82928000 	C:\WINDOWS\System32\NSI.dll
0x00007ffe7ac40000 - 0x00007ffe7ac57000 	C:\WINDOWS\SYSTEM32\dhcpcsvc6.DLL
0x00007ffe7aca0000 - 0x00007ffe7acbd000 	C:\WINDOWS\SYSTEM32\dhcpcsvc.DLL
0x00007ffe80200000 - 0x00007ffe802ca000 	C:\WINDOWS\SYSTEM32\DNSAPI.dll
0x00007ffe643c0000 - 0x00007ffe643ce000 	C:\Users\ERIN_JAVALead\.jdks\corretto-18.0.2\bin\sunmscapi.dll
0x00007ffe80e00000 - 0x00007ffe80f5d000 	C:\WINDOWS\System32\CRYPT32.dll
0x00007ffe807e0000 - 0x00007ffe80807000 	C:\WINDOWS\SYSTEM32\ncrypt.dll
0x00007ffe807a0000 - 0x00007ffe807db000 	C:\WINDOWS\SYSTEM32\NTASN1.dll
0x00007ffe65e30000 - 0x00007ffe65e39000 	C:\Users\ERIN_JAVALead\.jdks\corretto-18.0.2\bin\management.dll
0x00007ffe64570000 - 0x00007ffe6457b000 	C:\Users\ERIN_JAVALead\.jdks\corretto-18.0.2\bin\management_ext.dll
0x00007ffe5cca0000 - 0x00007ffe5ccb7000 	C:\WINDOWS\system32\napinsp.dll
0x00007ffe541f0000 - 0x00007ffe5420b000 	C:\WINDOWS\system32\pnrpnsp.dll
0x00007ffe541d0000 - 0x00007ffe541e2000 	C:\WINDOWS\System32\winrnr.dll
0x00007ffe7c7e0000 - 0x00007ffe7c7fd000 	C:\WINDOWS\system32\NLAapi.dll
0x00007ffe7bc80000 - 0x00007ffe7bc95000 	C:\WINDOWS\system32\wshbth.dll
0x00007ffe78ce0000 - 0x00007ffe78cea000 	C:\Windows\System32\rasadhlp.dll
0x00007ffe78d20000 - 0x00007ffe78da2000 	C:\WINDOWS\System32\fwpuclnt.dll

dbghelp: loaded successfully - version: 4.0.5 - missing functions: none
symbol engine: initialized successfully - sym options: 0x614 - pdb path: .;C:\Users\ERIN_JAVALead\.jdks\corretto-18.0.2\bin;C:\WINDOWS\SYSTEM32;C:\WINDOWS\WinSxS\amd64_microsoft.windows.common-controls_6595b64144ccf1df_6.0.19041.3570_none_60bb2a3971f3e41a;C:\Users\ERIN_JAVALead\.jdks\corretto-18.0.2\bin\server;C:\Program Files\JetBrains\IntelliJ IDEA Community Edition 2021.3.3\bin

VM Arguments:
jvm_args: -javaagent:C:\Program Files\JetBrains\IntelliJ IDEA Community Edition 2021.3.3\lib\idea_rt.jar=53520:C:\Program Files\JetBrains\IntelliJ IDEA Community Edition 2021.3.3\bin -Dfile.encoding=UTF-8 
java_command: com.devskiller.tasks.blog.BlogApplication
java_class_path (initial): C:\Users\ERIN_JAVALead\Downloads\devskiller-code-U32X-W3E7-T2E6-S3F\target\classes;C:\Users\ERIN_JAVALead\.m2\repository\org\springframework\boot\spring-boot-starter-data-jpa\3.0.0\spring-boot-starter-data-jpa-3.0.0.jar;C:\Users\ERIN_JAVALead\.m2\repository\org\springframework\boot\spring-boot-starter-aop\3.0.0\spring-boot-starter-aop-3.0.0.jar;C:\Users\ERIN_JAVALead\.m2\repository\org\springframework\spring-aop\6.0.2\spring-aop-6.0.2.jar;C:\Users\ERIN_JAVALead\.m2\repository\org\aspectj\aspectjweaver\1.9.9.1\aspectjweaver-1.9.9.1.jar;C:\Users\ERIN_JAVALead\.m2\repository\org\springframework\boot\spring-boot-starter-jdbc\3.0.0\spring-boot-starter-jdbc-3.0.0.jar;C:\Users\ERIN_JAVALead\.m2\repository\com\zaxxer\HikariCP\5.0.1\HikariCP-5.0.1.jar;C:\Users\ERIN_JAVALead\.m2\repository\org\springframework\spring-jdbc\6.0.2\spring-jdbc-6.0.2.jar;C:\Users\ERIN_JAVALead\.m2\repository\org\hibernate\orm\hibernate-core\6.1.5.Final\hibernate-core-6.1.5.Final.jar;C:\Users\ERIN_JAVALead\.m2\repository\jakarta\persistence\jakarta.persistence-api\3.1.0\jakarta.persistence-api-3.1.0.jar;C:\Users\ERIN_JAVALead\.m2\repository\jakarta\transaction\jakarta.transaction-api\2.0.1\jakarta.transaction-api-2.0.1.jar;C:\Users\ERIN_JAVALead\.m2\repository\org\jboss\logging\jboss-logging\3.5.0.Final\jboss-logging-3.5.0.Final.jar;C:\Users\ERIN_JAVALead\.m2\repository\org\hibernate\common\hibernate-commons-annotations\6.0.2.Final\hibernate-commons-annotations-6.0.2.Final.jar;C:\Users\ERIN_JAVALead\.m2\repository\org\jboss\jandex\2.4.2.Final\jandex-2.4.2.Final.jar;C:\Users\ERIN_JAVALead\.m2\repository\com\fasterxml\classmate\1.5.1\classmate-1.5.1.jar;C:\Users\ERIN_JAVALead\.m2\repository\net\bytebuddy\byte-buddy\1.12.19\byte-buddy-1.12.19.jar;C:\Users\ERIN_JAVALead\.m2\repository\org\glassfish\jaxb\jaxb-runtime\4.0.1\jaxb-runtime-4.0.1.jar;C:\Users\ERIN_JAVALead\.m2\repository\org\glassfish\jaxb\jaxb-core\4.0.1\jaxb-core-4.0.1.jar;C:\Users\ERIN_JAVALead\.m2\repository\org\eclipse\angus\angus-activation\1.0.0\angus-activation-1.0.0.jar;C:\Users\ERIN_JAVALead\.m2\repository\org\glassfish\jaxb\txw2\4.0.1\txw2-4.0.1.jar;C:\Users\ERIN_JAVALead\.m2\repository\com\sun\istack\istack-commons-runtime\4.1.1\istack-commons-runtime-4.1.1.jar;C:\Users\ERIN_JAVALead\.m2\repository\jakarta\inject\jakarta.inject-api\2.0.0\jakarta.inject-api-2.0.0.jar;C:\Users\ERIN_JAVALead\.m2\repository\org\antlr\antlr4-runtime\4.10.1\antlr4-runtime-4.10.1.jar;C:\Users\ERIN_JAVALead\.m2\repository\org\springframework\data\spring-data-jpa\3.0.0\spring-data-jpa-3.0.0.jar;C:\Users\ERIN_JAVALead\.m2\repository\org\springframework\data\spring-data-commons\3.0.0\spring-data-commons-3.0.0.jar;C:\Users\ERIN_JAVALead\.m2\repository\org\springframework\spring-orm\6.0.2\spring-orm-6.0.2.jar;C:\Users\ERIN_JAVALead\.m2\repository\org\springframework\spring-context\6.0.2\spring-context-6.0.2.jar;C:\Users\ERIN_JAVALead\.m2\repository\org\springframework\spring-tx\6.0.2\spring-tx-6.0.2.jar;C:\Users\ERIN_JAVALead\.m2\repository\org\springframework\spring-beans\6.0.2\spring-beans-6.0.2.jar;C:\Users\ERIN_JAVALead\.m2\repository\jakarta\annotation\jakarta.annotation-api\2.1.1\jakarta.annotation-api-2.1.1.jar;C:\Users\ERIN_JAVALead\.m2\repository\org\slf4j\slf4j-api\2.0.4\slf4j-api-2.0.4.jar;C:\Users\ERIN_JAVALead\.m2\repository\org\springframework\spring-aspects\6.0.2\spring-aspects-6.0.2.jar;C:\Users\ERIN_JAVALead\.m2\repository\org\springframework\boot\spring-boot-starter-web\2.4.2\spring-boot-starter-web-2.4.2.jar;C:\Users\ERIN_JAVALead\.m2\repository\org\springframework\boot\spring-boot-starter\3.0.0\spring-boot-starter-3.0.0.jar;C:\Users\ERIN_JAVALead\.m2\repository\org\springframework\boot\spring-boot\3.0.0\spring-boot-3.0.0.jar;C:\Users\ERIN_JAVALead\.m2\repository\org\springframework\boot\spring-boot-autoconfigure\3.0.0\spring-boot-autoconfigure-3.0.0.jar;C:\Users\ERIN_JAVALead\.m2\repository\org\springframework\boot\spring-boot-starter-logging\3.0.0\spring-boot-starter-logging-3.0.0.jar;C:\Users\ERIN_JAVALead\.m2\repository\ch\qos\logback\logback-classic\1.4.5\logback-classic-1.4.5.jar;C:\Users\ERIN_JAVALead\.m2\repository\ch\qos\logback\logback-core\1.4.5\logback-core-1.4.5.jar;C:\Users\ERIN_JAVALead\.m2\repository\org\apache\logging\log4j\log4j-to-slf4j\2.19.0\log4j-to-slf4j-2.19.0.jar;C:\Users\ERIN_JAVALead\.m2\repository\org\slf4j\jul-to-slf4j\2.0.4\jul-to-slf4j-2.0.4.jar;C:\Users\ERIN_JAVALead\.m2\repository\org\yaml\snakeyaml\1.33\snakeyaml-1.33.jar;C:\Users\ERIN_JAVALead\.m2\repository\org\springframework\boot\spring-boot-starter-json\3.0.0\spring-boot-starter-json-3.0.0.jar;C:\Users\ERIN_JAVALead\.m2\repository\com\fasterxml\jackson\core\jackson-databind\2.14.1\jackson-databind-2.14.1.jar;C:\Users\ERIN_JAVALead\.m2\repository\com\fasterxml\jackson\core\jackson-annotations\2.14.1\jackson-annotations-2.14.1.jar;C:\Users\ERIN_JAVALead\.m2\repository\com\fasterxml\jackson\core\jackson-core\2.14.1\jackson-core-2.14.1.jar;C:\Users\ERIN_JAVALead\.m2\repository\com\fasterxml\jackson\datatype\jackson-datatype-jdk8\2.14.1\jackson-datatype-jdk8-2.14.1.jar;C:\Users\ERIN_JAVALead\.m2\repository\com\fasterxml\jackson\datatype\jackson-datatype-jsr310\2.14.1\jackson-datatype-jsr310-2.14.1.jar;C:\Users\ERIN_JAVALead\.m2\repository\com\fasterxml\jackson\module\jackson-module-parameter-names\2.14.1\jackson-module-parameter-names-2.14.1.jar;C:\Users\ERIN_JAVALead\.m2\repository\org\springframework\boot\spring-boot-starter-tomcat\3.0.0\spring-boot-starter-tomcat-3.0.0.jar;C:\Users\ERIN_JAVALead\.m2\repository\org\apache\tomcat\embed\tomcat-embed-core\10.1.1\tomcat-embed-core-10.1.1.jar;C:\Users\ERIN_JAVALead\.m2\repository\org\apache\tomcat\embed\tomcat-embed-el\10.1.1\tomcat-embed-el-10.1.1.jar;C:\Users\ERIN_JAVALead\.m2\repository\org\apache\tomcat\embed\tomcat-embed-websocket\10.1.1\tomcat-embed-websocket-10.1.1.jar;C:\Users\ERIN_JAVALead\.m2\repository\org\springframework\spring-web\6.0.2\spring-web-6.0.2.jar;C:\Users\ERIN_JAVALead\.m2\repository\io\micrometer\micrometer-observation\1.10.2\micrometer-observation-1.10.2.jar;C:\Users\ERIN_JAVALead\.m2\repository\io\micrometer\micrometer-commons\1.10.2\micrometer-commons-1.10.2.jar;C:\Users\ERIN_JAVALead\.m2\repository\org\springframework\spring-webmvc\6.0.2\spring-webmvc-6.0.2.jar;C:\Users\ERIN_JAVALead\.m2\repository\org\springframework\spring-expression\6.0.2\spring-expression-6.0.2.jar;C:\Users\ERIN_JAVALead\.m2\repository\com\microsoft\sqlserver\mssql-jdbc\12.4.1.jre11\mssql-jdbc-12.4.1.jre11.jar;C:\Users\ERIN_JAVALead\.m2\repository\com\h2database\h2\2.1.214\h2-2.1.214.jar;C:\Users\ERIN_JAVALead\.m2\repository\jakarta\xml\bind\jakarta.xml.bind-api\4.0.0\jakarta.xml.bind-api-4.0.0.jar;C:\Users\ERIN_JAVALead\.m2\repository\jakarta\activation\jakarta.activation-api\2.1.0\jakarta.activation-api-2.1.0.jar;C:\Users\ERIN_JAVALead\.m2\repository\org\springframework\spring-core\6.0.2\spring-core-6.0.2.jar;C:\Users\ERIN_JAVALead\.m2\repository\org\springframework\spring-jcl\6.0.2\spring-jcl-6.0.2.jar;C:\Users\ERIN_JAVALead\.m2\repository\org\apache\logging\log4j\log4j-api\2.6.1\log4j-api-2.6.1.jar;C:\Users\ERIN_JAVALead\.m2\repository\org\apache\logging\log4j\log4j-core\2.6.1\log4j-core-2.6.1.jar
Launcher Type: SUN_STANDARD

[Global flags]
     intx CICompilerCount                          = 3                                         {product} {ergonomic}
     uint ConcGCThreads                            = 1                                         {product} {ergonomic}
     uint G1ConcRefinementThreads                  = 4                                         {product} {ergonomic}
   size_t G1HeapRegionSize                         = 1048576                                   {product} {ergonomic}
    uintx GCDrainStackTargetSize                   = 64                                        {product} {ergonomic}
   size_t InitialHeapSize                          = 67108864                                  {product} {ergonomic}
   size_t MarkStackSize                            = 4194304                                   {product} {ergonomic}
   size_t MaxHeapSize                              = 1052770304                                {product} {ergonomic}
   size_t MaxNewSize                               = 631242752                                 {product} {ergonomic}
   size_t MinHeapDeltaBytes                        = 1048576                                   {product} {ergonomic}
   size_t MinHeapSize                              = 8388608                                   {product} {ergonomic}
    uintx NonNMethodCodeHeapSize                   = 5832780                                {pd product} {ergonomic}
    uintx NonProfiledCodeHeapSize                  = 122912730                              {pd product} {ergonomic}
    uintx ProfiledCodeHeapSize                     = 122912730                              {pd product} {ergonomic}
    uintx ReservedCodeCacheSize                    = 251658240                              {pd product} {ergonomic}
     bool SegmentedCodeCache                       = true                                      {product} {ergonomic}
   size_t SoftMaxHeapSize                          = 1052770304                             {manageable} {ergonomic}
     bool UseCompressedClassPointers               = true                           {product lp64_product} {ergonomic}
     bool UseCompressedOops                        = true                           {product lp64_product} {ergonomic}
     bool UseG1GC                                  = true                                      {product} {ergonomic}
     bool UseLargePagesIndividualAllocation        = false                                  {pd product} {ergonomic}

Logging:
Log output configuration:
 #0: stdout all=warning uptime,level,tags foldmultilines=false
 #1: stderr all=off uptime,level,tags foldmultilines=false

Environment Variables:
PATH=C:\WINDOWS\system32;C:\WINDOWS;C:\WINDOWS\System32\Wbem;C:\WINDOWS\System32\WindowsPowerShell\v1.0\;C:\WINDOWS\System32\OpenSSH\;C:\Program Files (x86)\nodejs\;C:\Program Files (x86)\nodejs\npm;C:\Users\ERIN_JAVALead\AppData\Roaming\npm;C:\Program Files\Git\cmd;C:\Program Files (x86)\dotnet\;C:\Program Files (x86)\Microsoft SQL Server\160\DTS\Binn\;C:\Program Files\Azure Data Studio\bin;C:\Program Files (x86)\Microsoft SQL Server\160\Tools\Binn\;C:\Program Files\Microsoft SQL Server\160\Tools\Binn\;C:\Program Files\Microsoft SQL Server\Client SDK\ODBC\170\Tools\Binn\;C:\Program Files\Microsoft SQL Server\160\DTS\Binn\;C:\Users\ERIN_JAVALead\AppData\Local\Microsoft\WindowsApps;;C:\Users\ERIN_JAVALead\AppData\Local\Programs\Microsoft VS Code\bin;C:\Users\ERIN_JAVALead\AppData\Roaming\npm;C:\Program Files\Azure Data Studio\bin
USERNAME=ERIN_JAVALead
OS=Windows_NT
PROCESSOR_IDENTIFIER=Intel64 Family 6 Model 78 Stepping 3, GenuineIntel



---------------  S Y S T E M  ---------------

OS:
 Windows 10 , 64 bit Build 19041 (10.0.19041.3570)
OS uptime: 0 days 3:08 hours

CPU: total 4 (initial active 4) (2 cores per cpu, 2 threads per core) family 6 model 78 stepping 3 microcode 0xcc, cx8, cmov, fxsr, ht, mmx, 3dnowpref, sse, sse2, sse3, ssse3, sse4.1, sse4.2, popcnt, lzcnt, tsc, tscinvbit, avx, avx2, aes, erms, clmul, bmi1, bmi2, adx, fma, vzeroupper, clflush, clflushopt

Memory: 4k page, system-wide physical 4012M (325M free)
TotalPageFile size 6060M (AvailPageFile size 6M)
current process WorkingSet (physical memory assigned to process): 224M, peak: 226M
current process commit charge ("private bytes"): 255M, peak: 256M

vm_info: OpenJDK 64-Bit Server VM (18.0.2+9-FR) for windows-amd64 JRE (18.0.2+9-FR), built on Jul 15 2022 20:03:03 by "Administrator" with MS VC++ 15.9 (VS2017)

END.
