#
# There is insufficient memory for the Java Runtime Environment to continue.
# Native memory allocation (mmap) failed to map 753664 bytes for G1 virtual space
# Possible reasons:
#   The system is out of physical RAM or swap space
#   The process is running with CompressedOops enabled, and the Java Heap may be blocking the growth of the native heap
# Possible solutions:
#   Reduce memory load on the system
#   Increase physical memory or swap space
#   Check if swap backing store is full
#   Decrease Java heap size (-Xmx/-Xms)
#   Decrease number of Java threads
#   Decrease Java thread stack sizes (-Xss)
#   Set larger code cache with -XX:ReservedCodeCacheSize=
#   JVM is running with Unscaled Compressed Oops mode in which the Java heap is
#     placed in the first 4GB address space. The Java Heap base address is the
#     maximum limit for the native heap growth. Please use -XX:HeapBaseMinAddress
#     to set the Java Heap base and to place the Java Heap above 4GB virtual address.
# This output file may be truncated or incomplete.
#
#  Out of Memory Error (os_windows.cpp:3530), pid=3252, tid=3556
#
# JRE version: OpenJDK Runtime Environment Corretto-18.0.2.9.1 (18.0.2+9) (build 18.0.2+9-FR)
# Java VM: OpenJDK 64-Bit Server VM Corretto-18.0.2.9.1 (18.0.2+9-FR, mixed mode, sharing, tiered, compressed oops, compressed class ptrs, g1 gc, windows-amd64)
# No core dump will be written. Minidumps are not enabled by default on client versions of Windows
#

---------------  S U M M A R Y ------------

Command Line: -javaagent:C:\Program Files\JetBrains\IntelliJ IDEA Community Edition 2021.3.3\lib\idea_rt.jar=51412:C:\Program Files\JetBrains\IntelliJ IDEA Community Edition 2021.3.3\bin -Dfile.encoding=UTF-8 com.devskiller.tasks.blog.BlogApplication

Host: Intel(R) Core(TM) i3-6006U CPU @ 2.00GHz, 4 cores, 3G,  Windows 10 , 64 bit Build 19041 (10.0.19041.3570)
Time: Tue Oct 31 17:15:52 2023 Central European Standard Time elapsed time: 10.806220 seconds (0d 0h 0m 10s)

---------------  T H R E A D  ---------------

Current thread (0x000001ee1cddee60):  VMThread "VM Thread" [stack: 0x00000024dd400000,0x00000024dd500000] [id=3556]

Stack: [0x00000024dd400000,0x00000024dd500000]
Native frames: (J=compiled Java code, j=interpreted, Vv=VM code, C=native code)
V  [jvm.dll+0x685a2a]
V  [jvm.dll+0x82ae8d]
V  [jvm.dll+0x82c75e]
V  [jvm.dll+0x82ce03]
V  [jvm.dll+0x25ef4b]
V  [jvm.dll+0x6828ca]
V  [jvm.dll+0x67745a]
V  [jvm.dll+0x3243f9]
V  [jvm.dll+0x32ba86]
V  [jvm.dll+0x37e036]
V  [jvm.dll+0x37e24f]
V  [jvm.dll+0x2fb50a]
V  [jvm.dll+0x2fb5b7]
V  [jvm.dll+0x33f162]
V  [jvm.dll+0x33d8f0]
V  [jvm.dll+0x2fad70]
V  [jvm.dll+0x33cecb]
V  [jvm.dll+0x831b3b]
V  [jvm.dll+0x8328c8]
V  [jvm.dll+0x832e15]
V  [jvm.dll+0x833254]
V  [jvm.dll+0x833315]
V  [jvm.dll+0x7d9cba]
V  [jvm.dll+0x6848a5]
C  [ucrtbase.dll+0x21bb2]
C  [KERNEL32.DLL+0x17344]
C  [ntdll.dll+0x526b1]

VM_Operation (0x00000024dcef8860): G1CollectForAllocation, mode: safepoint, requested by thread 0x000001ee7fc84dc0


---------------  P R O C E S S  ---------------

Threads class SMR info:
_java_thread_list=0x000001ee23941360, length=19, elements={
0x000001ee7fc84dc0, 0x000001ee1cde4620, 0x000001ee1cde5890, 0x000001ee1cdfd4d0,
0x000001ee1cdfde70, 0x000001ee1cdff820, 0x000001ee1ce001c0, 0x000001ee1ce00e90,
0x000001ee1ce01c80, 0x000001ee1ce6ab50, 0x000001ee7fd49bd0, 0x000001ee213236f0,
0x000001ee21472140, 0x000001ee219c8020, 0x000001ee21948020, 0x000001ee225f5390,
0x000001ee210c4ed0, 0x000001ee210c4a00, 0x000001ee210c53a0
}

Java Threads: ( => current thread )
  0x000001ee7fc84dc0 JavaThread "main" [_thread_blocked, id=5812, stack(0x00000024dce00000,0x00000024dcf00000)]
  0x000001ee1cde4620 JavaThread "Reference Handler" daemon [_thread_blocked, id=2312, stack(0x00000024dd500000,0x00000024dd600000)]
  0x000001ee1cde5890 JavaThread "Finalizer" daemon [_thread_blocked, id=10188, stack(0x00000024dd600000,0x00000024dd700000)]
  0x000001ee1cdfd4d0 JavaThread "Signal Dispatcher" daemon [_thread_blocked, id=12948, stack(0x00000024dd700000,0x00000024dd800000)]
  0x000001ee1cdfde70 JavaThread "Attach Listener" daemon [_thread_blocked, id=9104, stack(0x00000024dd800000,0x00000024dd900000)]
  0x000001ee1cdff820 JavaThread "Service Thread" daemon [_thread_blocked, id=13108, stack(0x00000024dd900000,0x00000024dda00000)]
  0x000001ee1ce001c0 JavaThread "Monitor Deflation Thread" daemon [_thread_blocked, id=12696, stack(0x00000024dda00000,0x00000024ddb00000)]
  0x000001ee1ce00e90 JavaThread "C2 CompilerThread0" daemon [_thread_in_native, id=10264, stack(0x00000024ddb00000,0x00000024ddc00000)]
  0x000001ee1ce01c80 JavaThread "C1 CompilerThread0" daemon [_thread_blocked, id=4060, stack(0x00000024ddc00000,0x00000024ddd00000)]
  0x000001ee1ce6ab50 JavaThread "Sweeper thread" daemon [_thread_blocked, id=6492, stack(0x00000024ddd00000,0x00000024dde00000)]
  0x000001ee7fd49bd0 JavaThread "Common-Cleaner" daemon [_thread_blocked, id=12244, stack(0x00000024dde00000,0x00000024ddf00000)]
  0x000001ee213236f0 JavaThread "Monitor Ctrl-Break" daemon [_thread_in_native, id=10128, stack(0x00000024de000000,0x00000024de100000)]
  0x000001ee21472140 JavaThread "Notification Thread" daemon [_thread_blocked, id=1020, stack(0x00000024de100000,0x00000024de200000)]
  0x000001ee219c8020 JavaThread "Catalina-utility-1" [_thread_blocked, id=12052, stack(0x00000024ddf00000,0x00000024de000000)]
  0x000001ee21948020 JavaThread "Catalina-utility-2" [_thread_blocked, id=10528, stack(0x00000024de600000,0x00000024de700000)]
  0x000001ee225f5390 JavaThread "container-0" [_thread_blocked, id=5096, stack(0x00000024de700000,0x00000024de800000)]
  0x000001ee210c4ed0 JavaThread "mssql-jdbc-shared-timer-core-0" daemon [_thread_blocked, id=8516, stack(0x00000024dea00000,0x00000024deb00000)]
  0x000001ee210c4a00 JavaThread "HikariPool-1 housekeeper" daemon [_thread_blocked, id=13208, stack(0x00000024deb00000,0x00000024dec00000)]
  0x000001ee210c53a0 JavaThread "HikariPool-1 connection adder" daemon [_thread_blocked, id=1836, stack(0x00000024dec00000,0x00000024ded00000)]

Other Threads:
=>0x000001ee1cddee60 VMThread "VM Thread" [stack: 0x00000024dd400000,0x00000024dd500000] [id=3556]
  0x000001ee211af6a0 WatcherThread "VM Periodic Task Thread" [stack: 0x00000024de200000,0x00000024de300000] [id=9456]
  0x000001ee7fcc5670 WorkerThread "GC Thread#0" [stack: 0x00000024dcf00000,0x00000024dd000000] [id=8252]
  0x000001ee2155c900 WorkerThread "GC Thread#1" [stack: 0x00000024de300000,0x00000024de400000] [id=2520]
  0x000001ee21816100 WorkerThread "GC Thread#2" [stack: 0x00000024de400000,0x00000024de500000] [id=11880]
  0x000001ee21aeaec0 WorkerThread "GC Thread#3" [stack: 0x00000024de500000,0x00000024de600000] [id=6124]
  0x000001ee7fccf730 ConcurrentGCThread "G1 Main Marker" [stack: 0x00000024dd000000,0x00000024dd100000] [id=8320]
  0x000001ee7fcd0130 WorkerThread "G1 Conc#0" [stack: 0x00000024dd100000,0x00000024dd200000] [id=2808]
  0x000001ee7fcf9390 ConcurrentGCThread "G1 Refine#0" [stack: 0x00000024dd200000,0x00000024dd300000] [id=1040]
  0x000001ee22574e90 ConcurrentGCThread "G1 Refine#1" [stack: 0x00000024de800000,0x00000024de900000] [id=12936]
  0x000001ee7fcf9ca0 ConcurrentGCThread "G1 Service" [stack: 0x00000024dd300000,0x00000024dd400000] [id=8800]

Threads with active compile tasks:
C2 CompilerThread0    10879 4432       4       sun.security.ec.ECOperations::setDouble (559 bytes)

VM state: at safepoint (normal execution)

VM Mutex/Monitor currently owned by a thread:  ([mutex/lock_event])
[0x000001ee7fc80940] Threads_lock - owner thread: 0x000001ee1cddee60
[0x000001ee7fc81090] Heap_lock - owner thread: 0x000001ee7fc84dc0

Heap address: 0x00000000c1400000, size: 1004 MB, Compressed Oops mode: 32-bit

CDS archive(s) mapped at: [0x0000000800000000-0x0000000800ba0000-0x0000000800ba0000), size 12189696, SharedBaseAddress: 0x0000000800000000, ArchiveRelocationMode: 0.
Compressed class space mapped at: 0x0000000800c00000-0x0000000840c00000, reserved size: 1073741824
Narrow klass base: 0x0000000800000000, Narrow klass shift: 0, Narrow klass range: 0x100000000

GC Precious Log:
 CardTable entry size: 512
 Card Set container configuration: InlinePtr #cards 5 size 8 Array Of Cards #cards 12 size 40 Howl #buckets 4 coarsen threshold 1843 Howl Bitmap #cards 512 size 80 coarsen threshold 460 Card regions per heap region 1 cards per card region 2048
 CPUs: 4 total, 4 available
 Memory: 4012M
 Large Page Support: Disabled
 NUMA Support: Disabled
 Compressed Oops: Enabled (32-bit)
 Heap Region Size: 1M
 Heap Min Capacity: 8M
 Heap Initial Capacity: 64M
 Heap Max Capacity: 1004M
 Pre-touch: Disabled
 Parallel Workers: 4
 Concurrent Workers: 1
 Concurrent Refinement Workers: 4
 Periodic GC: Disabled

Heap:
 garbage-first heap   total 65536K, used 20032K [0x00000000c1400000, 0x0000000100000000)
  region size 1024K, 2 young (2048K), 2 survivors (2048K)
 Metaspace       used 45445K, committed 45952K, reserved 1114112K
  class space    used 5674K, committed 5888K, reserved 1048576K

Heap Regions: E=young(eden), S=young(survivor), O=old, HS=humongous(starts), HC=humongous(continues), CS=collection set, F=free, OA=open archive, CA=closed archive, TAMS=top-at-mark-start (previous, next)
|   0|0x00000000c1400000, 0x00000000c1500000, 0x00000000c1500000|100%|HS|  |TAMS 0x00000000c1500000, 0x00000000c1400000| Complete 
|   1|0x00000000c1500000, 0x00000000c1600000, 0x00000000c1600000|100%| O|  |TAMS 0x00000000c1600000, 0x00000000c1500000| Untracked 
|   2|0x00000000c1600000, 0x00000000c1700000, 0x00000000c1700000|100%| O|  |TAMS 0x00000000c1700000, 0x00000000c1600000| Untracked 
|   3|0x00000000c1700000, 0x00000000c1800000, 0x00000000c1800000|100%| O|  |TAMS 0x00000000c1800000, 0x00000000c1700000| Untracked 
|   4|0x00000000c1800000, 0x00000000c1900000, 0x00000000c1900000|100%| O|  |TAMS 0x00000000c1900000, 0x00000000c1800000| Untracked 
|   5|0x00000000c1900000, 0x00000000c1a00000, 0x00000000c1a00000|100%| O|  |TAMS 0x00000000c1a00000, 0x00000000c1900000| Untracked 
|   6|0x00000000c1a00000, 0x00000000c1b00000, 0x00000000c1b00000|100%| O|  |TAMS 0x00000000c1b00000, 0x00000000c1a00000| Untracked 
|   7|0x00000000c1b00000, 0x00000000c1c00000, 0x00000000c1c00000|100%| O|  |TAMS 0x00000000c1c00000, 0x00000000c1b00000| Untracked 
|   8|0x00000000c1c00000, 0x00000000c1d00000, 0x00000000c1d00000|100%| O|  |TAMS 0x00000000c1c00000, 0x00000000c1c00000| Untracked 
|   9|0x00000000c1d00000, 0x00000000c1e00000, 0x00000000c1e00000|100%| O|  |TAMS 0x00000000c1e00000, 0x00000000c1d00000| Untracked 
|  10|0x00000000c1e00000, 0x00000000c1f00000, 0x00000000c1f00000|100%| O|  |TAMS 0x00000000c1f00000, 0x00000000c1e00000| Untracked 
|  11|0x00000000c1f00000, 0x00000000c1f00000, 0x00000000c2000000|  0%| F|  |TAMS 0x00000000c1f00000, 0x00000000c1f00000| Untracked 
|  12|0x00000000c2000000, 0x00000000c2100000, 0x00000000c2100000|100%| O|  |TAMS 0x00000000c2100000, 0x00000000c2000000| Untracked 
|  13|0x00000000c2100000, 0x00000000c2200000, 0x00000000c2200000|100%| O|  |TAMS 0x00000000c2200000, 0x00000000c2100000| Untracked 
|  14|0x00000000c2200000, 0x00000000c2300000, 0x00000000c2300000|100%| O|  |TAMS 0x00000000c2300000, 0x00000000c2200000| Untracked 
|  15|0x00000000c2300000, 0x00000000c2400000, 0x00000000c2400000|100%| O|  |TAMS 0x00000000c2300000, 0x00000000c2300000| Untracked 
|  16|0x00000000c2400000, 0x00000000c2500000, 0x00000000c2500000|100%| O|  |TAMS 0x00000000c2400000, 0x00000000c2400000| Untracked 
|  17|0x00000000c2500000, 0x00000000c255f600, 0x00000000c2600000| 37%| O|  |TAMS 0x00000000c2500000, 0x00000000c2500000| Untracked 
|  18|0x00000000c2600000, 0x00000000c2600000, 0x00000000c2700000|  0%| F|  |TAMS 0x00000000c2600000, 0x00000000c2600000| Untracked 
|  19|0x00000000c2700000, 0x00000000c2800000, 0x00000000c2800000|100%| O|  |TAMS 0x00000000c2800000, 0x00000000c2700000| Untracked 
|  20|0x00000000c2800000, 0x00000000c2900000, 0x00000000c2900000|100%| O|  |TAMS 0x00000000c2854600, 0x00000000c2800000| Untracked 
|  21|0x00000000c2900000, 0x00000000c2900000, 0x00000000c2a00000|  0%| F|  |TAMS 0x00000000c2900000, 0x00000000c2900000| Untracked 
|  22|0x00000000c2a00000, 0x00000000c2a00000, 0x00000000c2b00000|  0%| F|  |TAMS 0x00000000c2a00000, 0x00000000c2a00000| Untracked 
|  23|0x00000000c2b00000, 0x00000000c2b00000, 0x00000000c2c00000|  0%| F|  |TAMS 0x00000000c2b00000, 0x00000000c2b00000| Untracked 
|  24|0x00000000c2c00000, 0x00000000c2c00000, 0x00000000c2d00000|  0%| F|  |TAMS 0x00000000c2c00000, 0x00000000c2c00000| Untracked 
|  25|0x00000000c2d00000, 0x00000000c2d00000, 0x00000000c2e00000|  0%| F|  |TAMS 0x00000000c2d00000, 0x00000000c2d00000| Untracked 
|  26|0x00000000c2e00000, 0x00000000c2e00000, 0x00000000c2f00000|  0%| F|  |TAMS 0x00000000c2e00000, 0x00000000c2e00000| Untracked 
|  27|0x00000000c2f00000, 0x00000000c2f00000, 0x00000000c3000000|  0%| F|  |TAMS 0x00000000c2f00000, 0x00000000c2f00000| Untracked 
|  28|0x00000000c3000000, 0x00000000c3030ca8, 0x00000000c3100000| 19%| S|CS|TAMS 0x00000000c3000000, 0x00000000c3000000| Complete 
|  29|0x00000000c3100000, 0x00000000c3200000, 0x00000000c3200000|100%| S|CS|TAMS 0x00000000c3100000, 0x00000000c3100000| Complete 
|  30|0x00000000c3200000, 0x00000000c3200000, 0x00000000c3300000|  0%| F|  |TAMS 0x00000000c3200000, 0x00000000c3200000| Untracked 
|  31|0x00000000c3300000, 0x00000000c3300000, 0x00000000c3400000|  0%| F|  |TAMS 0x00000000c3300000, 0x00000000c3300000| Untracked 
|  32|0x00000000c3400000, 0x00000000c3400000, 0x00000000c3500000|  0%| F|  |TAMS 0x00000000c3400000, 0x00000000c3400000| Untracked 
|  33|0x00000000c3500000, 0x00000000c3500000, 0x00000000c3600000|  0%| F|  |TAMS 0x00000000c3500000, 0x00000000c3500000| Untracked 
|  34|0x00000000c3600000, 0x00000000c3600000, 0x00000000c3700000|  0%| F|  |TAMS 0x00000000c3600000, 0x00000000c3600000| Untracked 
|  35|0x00000000c3700000, 0x00000000c3700000, 0x00000000c3800000|  0%| F|  |TAMS 0x00000000c3700000, 0x00000000c3700000| Untracked 
|  36|0x00000000c3800000, 0x00000000c3800000, 0x00000000c3900000|  0%| F|  |TAMS 0x00000000c3800000, 0x00000000c3800000| Untracked 
|  37|0x00000000c3900000, 0x00000000c3900000, 0x00000000c3a00000|  0%| F|  |TAMS 0x00000000c3900000, 0x00000000c3900000| Untracked 
|  38|0x00000000c3a00000, 0x00000000c3a00000, 0x00000000c3b00000|  0%| F|  |TAMS 0x00000000c3a00000, 0x00000000c3a00000| Untracked 
|  39|0x00000000c3b00000, 0x00000000c3b00000, 0x00000000c3c00000|  0%| F|  |TAMS 0x00000000c3b00000, 0x00000000c3b00000| Untracked 
|  40|0x00000000c3c00000, 0x00000000c3c00000, 0x00000000c3d00000|  0%| F|  |TAMS 0x00000000c3c00000, 0x00000000c3c00000| Untracked 
|  41|0x00000000c3d00000, 0x00000000c3d00000, 0x00000000c3e00000|  0%| F|  |TAMS 0x00000000c3d00000, 0x00000000c3d00000| Untracked 
|  42|0x00000000c3e00000, 0x00000000c3e00000, 0x00000000c3f00000|  0%| F|  |TAMS 0x00000000c3e00000, 0x00000000c3e00000| Untracked 
|  43|0x00000000c3f00000, 0x00000000c3f00000, 0x00000000c4000000|  0%| F|  |TAMS 0x00000000c3f00000, 0x00000000c3f00000| Untracked 
|  44|0x00000000c4000000, 0x00000000c4000000, 0x00000000c4100000|  0%| F|  |TAMS 0x00000000c4000000, 0x00000000c4000000| Untracked 
|  45|0x00000000c4100000, 0x00000000c4100000, 0x00000000c4200000|  0%| F|  |TAMS 0x00000000c4100000, 0x00000000c4100000| Untracked 
|  46|0x00000000c4200000, 0x00000000c4200000, 0x00000000c4300000|  0%| F|  |TAMS 0x00000000c4200000, 0x00000000c4200000| Untracked 
|  47|0x00000000c4300000, 0x00000000c4300000, 0x00000000c4400000|  0%| F|  |TAMS 0x00000000c4300000, 0x00000000c4300000| Untracked 
|  48|0x00000000c4400000, 0x00000000c4400000, 0x00000000c4500000|  0%| F|  |TAMS 0x00000000c4400000, 0x00000000c4400000| Untracked 
|  49|0x00000000c4500000, 0x00000000c4500000, 0x00000000c4600000|  0%| F|  |TAMS 0x00000000c4500000, 0x00000000c4500000| Untracked 
|  50|0x00000000c4600000, 0x00000000c4600000, 0x00000000c4700000|  0%| F|  |TAMS 0x00000000c4600000, 0x00000000c4600000| Untracked 
|  51|0x00000000c4700000, 0x00000000c4700000, 0x00000000c4800000|  0%| F|  |TAMS 0x00000000c4700000, 0x00000000c4700000| Untracked 
|  52|0x00000000c4800000, 0x00000000c4800000, 0x00000000c4900000|  0%| F|  |TAMS 0x00000000c4800000, 0x00000000c4800000| Untracked 
|  53|0x00000000c4900000, 0x00000000c4900000, 0x00000000c4a00000|  0%| F|  |TAMS 0x00000000c4900000, 0x00000000c4900000| Untracked 
|  54|0x00000000c4a00000, 0x00000000c4a00000, 0x00000000c4b00000|  0%| F|  |TAMS 0x00000000c4a00000, 0x00000000c4a00000| Untracked 
|  55|0x00000000c4b00000, 0x00000000c4b00000, 0x00000000c4c00000|  0%| F|  |TAMS 0x00000000c4b00000, 0x00000000c4b00000| Untracked 
|  56|0x00000000c4c00000, 0x00000000c4c00000, 0x00000000c4d00000|  0%| F|  |TAMS 0x00000000c4c00000, 0x00000000c4c00000| Untracked 
|  57|0x00000000c4d00000, 0x00000000c4d00000, 0x00000000c4e00000|  0%| F|  |TAMS 0x00000000c4d00000, 0x00000000c4d00000| Untracked 
|  58|0x00000000c4e00000, 0x00000000c4e00000, 0x00000000c4f00000|  0%| F|  |TAMS 0x00000000c4e00000, 0x00000000c4e00000| Untracked 
|  59|0x00000000c4f00000, 0x00000000c4f00000, 0x00000000c5000000|  0%| F|  |TAMS 0x00000000c4f00000, 0x00000000c4f00000| Untracked 
|  60|0x00000000c5000000, 0x00000000c5000000, 0x00000000c5100000|  0%| F|  |TAMS 0x00000000c5000000, 0x00000000c5000000| Untracked 
|  61|0x00000000c5100000, 0x00000000c5100000, 0x00000000c5200000|  0%| F|  |TAMS 0x00000000c5100000, 0x00000000c5100000| Untracked 
|  62|0x00000000c5200000, 0x00000000c5200000, 0x00000000c5300000|  0%| F|  |TAMS 0x00000000c5200000, 0x00000000c5200000| Untracked 
|  63|0x00000000c5300000, 0x00000000c5300000, 0x00000000c5400000|  0%| F|  |TAMS 0x00000000c5300000, 0x00000000c5300000| Untracked 

Card table byte_map: [0x000001ee18550000,0x000001ee18750000] _byte_map_base: 0x000001ee17f46000

Marking Bits (Prev, Next): (CMBitMap*) 0x000001ee7fcc7080, (CMBitMap*) 0x000001ee7fcc70c0
 Prev Bits: [0x000001ee18950000, 0x000001ee19900000)
 Next Bits: [0x000001ee19900000, 0x000001ee1a8b0000)

Polling page: 0x000001ee7f6e0000

Metaspace:

Usage:
  Non-class:     38.84 MB used.
      Class:      5.54 MB used.
       Both:     44.38 MB used.

Virtual space:
  Non-class space:       64.00 MB reserved,      39.13 MB ( 61%) committed,  1 nodes.
      Class space:        1.00 GB reserved,       5.75 MB ( <1%) committed,  1 nodes.
             Both:        1.06 GB reserved,      44.88 MB (  4%) committed. 

Chunk freelists:
   Non-Class:  928.00 KB
       Class:  2.25 MB
        Both:  3.16 MB

MaxMetaspaceSize: unlimited
CompressedClassSpaceSize: 1.00 GB
Initial GC threshold: 21.00 MB
Current GC threshold: 59.63 MB
CDS: on
MetaspaceReclaimPolicy: balanced
 - commit_granule_bytes: 65536.
 - commit_granule_words: 8192.
 - virtual_space_node_default_size: 8388608.
 - enlarge_chunks_in_place: 1.
 - new_chunks_are_fully_committed: 0.
 - uncommit_free_chunks: 1.
 - use_allocation_guard: 0.


Internal statistics:

num_allocs_failed_limit: 9.
num_arena_births: 696.
num_arena_deaths: 0.
num_vsnodes_births: 2.
num_vsnodes_deaths: 0.
num_space_committed: 718.
num_space_uncommitted: 0.
num_chunks_returned_to_freelist: 9.
num_chunks_taken_from_freelist: 2164.
num_chunk_merges: 3.
num_chunk_splits: 1551.
num_chunks_enlarged: 1214.
num_inconsistent_stats: 0.

CodeHeap 'non-profiled nmethods': size=120000Kb used=2004Kb max_used=2004Kb free=117995Kb
 bounds [0x000001ee109e0000, 0x000001ee10c50000, 0x000001ee17f10000]
CodeHeap 'profiled nmethods': size=120000Kb used=9263Kb max_used=9263Kb free=110736Kb
 bounds [0x000001ee094b0000, 0x000001ee09dc0000, 0x000001ee109e0000]
CodeHeap 'non-nmethods': size=5760Kb used=1325Kb max_used=1343Kb free=4434Kb
 bounds [0x000001ee08f10000, 0x000001ee09180000, 0x000001ee094b0000]
 total_blobs=5061 nmethods=4422 adapters=551
 compilation: enabled
              stopped_count=0, restarted_count=0
 full_count=0

Compilation events (20 events):
Event: 10.653 Thread 0x000001ee1ce01c80 4488       2       jdk.internal.module.ServicesCatalog::findServices (17 bytes)
Event: 10.654 Thread 0x000001ee1ce01c80 nmethod 4488 0x000001ee09db9310 code [0x000001ee09db94c0, 0x000001ee09db9648]
Event: 10.654 Thread 0x000001ee1ce01c80 4489       2       java.util.concurrent.ConcurrentHashMap::getOrDefault (16 bytes)
Event: 10.654 Thread 0x000001ee1ce01c80 nmethod 4489 0x000001ee09db9710 code [0x000001ee09db98a0, 0x000001ee09db99c8]
Event: 10.654 Thread 0x000001ee1ce01c80 4490       2       java.util.Collections::emptyEnumeration (4 bytes)
Event: 10.654 Thread 0x000001ee1ce01c80 nmethod 4490 0x000001ee09db9a90 code [0x000001ee09db9c20, 0x000001ee09db9d18]
Event: 10.655 Thread 0x000001ee1ce01c80 4491       2       java.lang.Integer::compareTo (9 bytes)
Event: 10.655 Thread 0x000001ee1ce01c80 nmethod 4491 0x000001ee09db9d90 code [0x000001ee09db9f20, 0x000001ee09dba0b8]
Event: 10.655 Thread 0x000001ee1ce01c80 4492       2       java.lang.Integer::compareTo (12 bytes)
Event: 10.655 Thread 0x000001ee1ce01c80 nmethod 4492 0x000001ee09dba190 code [0x000001ee09dba320, 0x000001ee09dba478]
Event: 10.656 Thread 0x000001ee1ce01c80 4493       2       org.hibernate.event.service.internal.EventListenerRegistryImpl$Builder$$Lambda$791/0x00000008011a5088::apply (11 bytes)
Event: 10.656 Thread 0x000001ee1ce01c80 nmethod 4493 0x000001ee09dba510 code [0x000001ee09dba6c0, 0x000001ee09dba8b8]
Event: 10.656 Thread 0x000001ee1ce01c80 4494       2       java.util.Collections$UnmodifiableMap$UnmodifiableEntrySet$1::hasNext (10 bytes)
Event: 10.656 Thread 0x000001ee1ce01c80 nmethod 4494 0x000001ee09dbaa10 code [0x000001ee09dbaba0, 0x000001ee09dbacc8]
Event: 10.656 Thread 0x000001ee1ce01c80 4495       2       java.util.Collections$UnmodifiableMap$UnmodifiableEntrySet$UnmodifiableEntry::getKey (10 bytes)
Event: 10.656 Thread 0x000001ee1ce01c80 nmethod 4495 0x000001ee09dbad90 code [0x000001ee09dbaf20, 0x000001ee09dbb048]
Event: 10.672 Thread 0x000001ee1ce01c80 4496       2       java.util.stream.SpinedBuffer::get (123 bytes)
Event: 10.673 Thread 0x000001ee1ce01c80 nmethod 4496 0x000001ee09dbb110 code [0x000001ee09dbb320, 0x000001ee09dbb898]
Event: 10.673 Thread 0x000001ee1ce01c80 4497       2       java.util.ArrayList$ArrayListSpliterator::getFence (35 bytes)
Event: 10.674 Thread 0x000001ee1ce01c80 nmethod 4497 0x000001ee09dbbc10 code [0x000001ee09dbbda0, 0x000001ee09dbbeb8]

GC Heap History (20 events):
Event: 2.160 GC heap after
{Heap after GC invocations=2 (full 0):
 garbage-first heap   total 65536K, used 7042K [0x00000000c1400000, 0x0000000100000000)
  region size 1024K, 1 young (1024K), 1 survivors (1024K)
 Metaspace       used 6703K, committed 6912K, reserved 1114112K
  class space    used 778K, committed 896K, reserved 1048576K
}
Event: 3.186 GC heap before
{Heap before GC invocations=2 (full 0):
 garbage-first heap   total 65536K, used 27522K [0x00000000c1400000, 0x0000000100000000)
  region size 1024K, 22 young (22528K), 1 survivors (1024K)
 Metaspace       used 12467K, committed 12672K, reserved 1114112K
  class space    used 1463K, committed 1536K, reserved 1048576K
}
Event: 3.193 GC heap after
{Heap after GC invocations=3 (full 0):
 garbage-first heap   total 65536K, used 8855K [0x00000000c1400000, 0x0000000100000000)
  region size 1024K, 3 young (3072K), 3 survivors (3072K)
 Metaspace       used 12467K, committed 12672K, reserved 1114112K
  class space    used 1463K, committed 1536K, reserved 1048576K
}
Event: 5.156 GC heap before
{Heap before GC invocations=3 (full 0):
 garbage-first heap   total 65536K, used 41623K [0x00000000c1400000, 0x0000000100000000)
  region size 1024K, 35 young (35840K), 3 survivors (3072K)
 Metaspace       used 18061K, committed 18368K, reserved 1114112K
  class space    used 2145K, committed 2304K, reserved 1048576K
}
Event: 5.170 GC heap after
{Heap after GC invocations=4 (full 0):
 garbage-first heap   total 65536K, used 11227K [0x00000000c1400000, 0x0000000100000000)
  region size 1024K, 5 young (5120K), 5 survivors (5120K)
 Metaspace       used 18061K, committed 18368K, reserved 1114112K
  class space    used 2145K, committed 2304K, reserved 1048576K
}
Event: 6.075 GC heap before
{Heap before GC invocations=4 (full 0):
 garbage-first heap   total 65536K, used 28635K [0x00000000c1400000, 0x0000000100000000)
  region size 1024K, 23 young (23552K), 5 survivors (5120K)
 Metaspace       used 21190K, committed 21504K, reserved 1114112K
  class space    used 2597K, committed 2752K, reserved 1048576K
}
Event: 6.091 GC heap after
{Heap after GC invocations=5 (full 0):
 garbage-first heap   total 65536K, used 12838K [0x00000000c1400000, 0x0000000100000000)
  region size 1024K, 4 young (4096K), 4 survivors (4096K)
 Metaspace       used 21190K, committed 21504K, reserved 1114112K
  class space    used 2597K, committed 2752K, reserved 1048576K
}
Event: 7.390 GC heap before
{Heap before GC invocations=6 (full 0):
 garbage-first heap   total 48128K, used 37414K [0x00000000c1400000, 0x0000000100000000)
  region size 1024K, 28 young (28672K), 4 survivors (4096K)
 Metaspace       used 26917K, committed 27392K, reserved 1114112K
  class space    used 3361K, committed 3584K, reserved 1048576K
}
Event: 7.404 GC heap after
{Heap after GC invocations=7 (full 0):
 garbage-first heap   total 48128K, used 15597K [0x00000000c1400000, 0x0000000100000000)
  region size 1024K, 4 young (4096K), 4 survivors (4096K)
 Metaspace       used 26917K, committed 27392K, reserved 1114112K
  class space    used 3361K, committed 3584K, reserved 1048576K
}
Event: 7.422 GC heap before
{Heap before GC invocations=7 (full 0):
 garbage-first heap   total 48128K, used 16621K [0x00000000c1400000, 0x0000000100000000)
  region size 1024K, 5 young (5120K), 4 survivors (4096K)
 Metaspace       used 26988K, committed 27456K, reserved 1114112K
  class space    used 3368K, committed 3584K, reserved 1048576K
}
Event: 7.436 GC heap after
{Heap after GC invocations=8 (full 0):
 garbage-first heap   total 48128K, used 16407K [0x00000000c1400000, 0x0000000100000000)
  region size 1024K, 1 young (1024K), 1 survivors (1024K)
 Metaspace       used 26988K, committed 27456K, reserved 1114112K
  class space    used 3368K, committed 3584K, reserved 1048576K
}
Event: 8.315 GC heap before
{Heap before GC invocations=8 (full 0):
 garbage-first heap   total 48128K, used 32791K [0x00000000c1400000, 0x0000000100000000)
  region size 1024K, 18 young (18432K), 1 survivors (1024K)
 Metaspace       used 31761K, committed 32256K, reserved 1114112K
  class space    used 4003K, committed 4224K, reserved 1048576K
}
Event: 8.319 GC heap after
{Heap after GC invocations=9 (full 0):
 garbage-first heap   total 48128K, used 17263K [0x00000000c1400000, 0x0000000100000000)
  region size 1024K, 2 young (2048K), 2 survivors (2048K)
 Metaspace       used 31761K, committed 32256K, reserved 1114112K
  class space    used 4003K, committed 4224K, reserved 1048576K
}
Event: 9.103 GC heap before
{Heap before GC invocations=9 (full 0):
 garbage-first heap   total 48128K, used 28527K [0x00000000c1400000, 0x0000000100000000)
  region size 1024K, 14 young (14336K), 2 survivors (2048K)
 Metaspace       used 35613K, committed 36096K, reserved 1114112K
  class space    used 4492K, committed 4736K, reserved 1048576K
}
Event: 9.108 GC heap after
{Heap after GC invocations=10 (full 0):
 garbage-first heap   total 48128K, used 17884K [0x00000000c1400000, 0x0000000100000000)
  region size 1024K, 3 young (3072K), 3 survivors (3072K)
 Metaspace       used 35613K, committed 36096K, reserved 1114112K
  class space    used 4492K, committed 4736K, reserved 1048576K
}
Event: 10.057 GC heap before
{Heap before GC invocations=11 (full 0):
 garbage-first heap   total 48128K, used 35292K [0x00000000c1400000, 0x0000000100000000)
  region size 1024K, 20 young (20480K), 3 survivors (3072K)
 Metaspace       used 41831K, committed 42368K, reserved 1114112K
  class space    used 5244K, committed 5504K, reserved 1048576K
}
Event: 10.063 GC heap after
{Heap after GC invocations=12 (full 0):
 garbage-first heap   total 48128K, used 19105K [0x00000000c1400000, 0x0000000100000000)
  region size 1024K, 2 young (2048K), 2 survivors (2048K)
 Metaspace       used 41831K, committed 42368K, reserved 1114112K
  class space    used 5244K, committed 5504K, reserved 1048576K
}
Event: 10.084 GC heap before
{Heap before GC invocations=12 (full 0):
 garbage-first heap   total 48128K, used 20129K [0x00000000c1400000, 0x0000000100000000)
  region size 1024K, 3 young (3072K), 2 survivors (2048K)
 Metaspace       used 41902K, committed 42432K, reserved 1114112K
  class space    used 5254K, committed 5504K, reserved 1048576K
}
Event: 10.092 GC heap after
{Heap after GC invocations=13 (full 0):
 garbage-first heap   total 48128K, used 19175K [0x00000000c1400000, 0x0000000100000000)
  region size 1024K, 1 young (1024K), 1 survivors (1024K)
 Metaspace       used 41902K, committed 42432K, reserved 1114112K
  class space    used 5254K, committed 5504K, reserved 1048576K
}
Event: 10.794 GC heap before
{Heap before GC invocations=13 (full 0):
 garbage-first heap   total 48128K, used 34535K [0x00000000c1400000, 0x0000000100000000)
  region size 1024K, 17 young (17408K), 1 survivors (1024K)
 Metaspace       used 45445K, committed 45952K, reserved 1114112K
  class space    used 5674K, committed 5888K, reserved 1048576K
}

Deoptimization events (20 events):
Event: 10.322 Thread 0x000001ee210c53a0 DEOPT PACKING pc=0x000001ee09d0bd6e sp=0x00000024decfde00
Event: 10.322 Thread 0x000001ee210c53a0 DEOPT UNPACKING pc=0x000001ee08f62b43 sp=0x00000024decfd298 mode 0
Event: 10.374 Thread 0x000001ee7fc84dc0 Uncommon trap: trap_request=0xffffffc6 fr.pc=0x000001ee10bb0f44 relative=0x00000000000008a4
Event: 10.374 Thread 0x000001ee7fc84dc0 Uncommon trap: reason=bimorphic_or_optimized_type_check action=maybe_recompile pc=0x000001ee10bb0f44 method=java.util.regex.Pattern$Start.match(Ljava/util/regex/Matcher;ILjava/lang/CharSequence;)Z @ 44 c2
Event: 10.374 Thread 0x000001ee7fc84dc0 DEOPT PACKING pc=0x000001ee10bb0f44 sp=0x00000024dcefd850
Event: 10.374 Thread 0x000001ee7fc84dc0 DEOPT UNPACKING pc=0x000001ee08f623a3 sp=0x00000024dcefd7a0 mode 2
Event: 10.502 Thread 0x000001ee210c53a0 DEOPT PACKING pc=0x000001ee09cf6cc8 sp=0x00000024decfd920
Event: 10.502 Thread 0x000001ee210c53a0 DEOPT UNPACKING pc=0x000001ee08f62b43 sp=0x00000024decfcda0 mode 0
Event: 10.503 Thread 0x000001ee210c53a0 DEOPT PACKING pc=0x000001ee09cf6cc8 sp=0x00000024decfdc20
Event: 10.503 Thread 0x000001ee210c53a0 DEOPT UNPACKING pc=0x000001ee08f62b43 sp=0x00000024decfd0a0 mode 0
Event: 10.572 Thread 0x000001ee210c53a0 DEOPT PACKING pc=0x000001ee09cf6cc8 sp=0x00000024decfdc20
Event: 10.572 Thread 0x000001ee210c53a0 DEOPT UNPACKING pc=0x000001ee08f62b43 sp=0x00000024decfd0a0 mode 0
Event: 10.655 Thread 0x000001ee7fc84dc0 Uncommon trap: trap_request=0xffffff76 fr.pc=0x000001ee10bcde7c relative=0x0000000000000afc
Event: 10.655 Thread 0x000001ee7fc84dc0 Uncommon trap: reason=predicate action=maybe_recompile pc=0x000001ee10bcde7c method=java.util.TreeMap.getEntryUsingComparator(Ljava/lang/Object;)Ljava/util/TreeMap$Entry; @ 19 c2
Event: 10.655 Thread 0x000001ee7fc84dc0 DEOPT PACKING pc=0x000001ee10bcde7c sp=0x00000024dcefe120
Event: 10.655 Thread 0x000001ee7fc84dc0 DEOPT UNPACKING pc=0x000001ee08f623a3 sp=0x00000024dcefe060 mode 2
Event: 10.655 Thread 0x000001ee7fc84dc0 Uncommon trap: trap_request=0xffffff76 fr.pc=0x000001ee10baed58 relative=0x0000000000000678
Event: 10.655 Thread 0x000001ee7fc84dc0 Uncommon trap: reason=predicate action=maybe_recompile pc=0x000001ee10baed58 method=java.util.TreeMap.getEntryUsingComparator(Ljava/lang/Object;)Ljava/util/TreeMap$Entry; @ 19 c2
Event: 10.655 Thread 0x000001ee7fc84dc0 DEOPT PACKING pc=0x000001ee10baed58 sp=0x00000024dcefe0a0
Event: 10.655 Thread 0x000001ee7fc84dc0 DEOPT UNPACKING pc=0x000001ee08f623a3 sp=0x00000024dcefe050 mode 2

Classes loaded (20 events):
Event: 10.379 Loading class java/util/stream/ReferencePipeline$4$1
Event: 10.379 Loading class java/util/stream/ReferencePipeline$4$1 done
Event: 10.489 Loading class java/io/StringWriter
Event: 10.490 Loading class java/io/StringWriter done
Event: 10.523 Loading class javax/naming/RefAddr
Event: 10.523 Loading class javax/naming/RefAddr done
Event: 10.523 Loading class javax/naming/StringRefAddr
Event: 10.524 Loading class javax/naming/StringRefAddr done
Event: 10.583 Loading class java/util/concurrent/CompletionStage
Event: 10.584 Loading class java/util/concurrent/CompletionStage done
Event: 10.586 Loading class java/util/concurrent/CompletableFuture
Event: 10.589 Loading class java/util/concurrent/CompletableFuture done
Event: 10.589 Loading class java/util/concurrent/CompletableFuture$AltResult
Event: 10.589 Loading class java/util/concurrent/CompletableFuture$AltResult done
Event: 10.589 Loading class java/util/concurrent/CompletableFuture$Completion
Event: 10.590 Loading class java/util/concurrent/CompletableFuture$AsynchronousCompletionTask
Event: 10.590 Loading class java/util/concurrent/CompletableFuture$AsynchronousCompletionTask done
Event: 10.590 Loading class java/util/concurrent/CompletableFuture$Completion done
Event: 10.685 Loading class java/util/concurrent/CancellationException
Event: 10.685 Loading class java/util/concurrent/CancellationException done

Classes unloaded (0 events):
No events

Classes redefined (0 events):
No events

Internal exceptions (20 events):
Event: 6.645 Thread 0x000001ee7fc84dc0 Exception <a 'java/lang/NoSuchMethodError'{0x00000000c34f2950}: 'java.lang.Object java.lang.invoke.DirectMethodHandle$Holder.invokeStaticInit(java.lang.Object, int, int, int, int)'> (0x00000000c34f2950) 
thrown [s\src\hotspot\share\interpreter\linkResolver.cpp, line 759]
Event: 6.748 Thread 0x000001ee7fc84dc0 Exception <a 'java/lang/NoSuchMethodError'{0x00000000c33c9c48}: 'java.lang.Object java.lang.invoke.DirectMethodHandle$Holder.invokeStaticInit(java.lang.Object, java.lang.Object, int, int, int, int)'> (0x00000000c33c9c48) 
thrown [s\src\hotspot\share\interpreter\linkResolver.cpp, line 759]
Event: 6.874 Thread 0x000001ee7fc84dc0 Exception <a 'java/lang/NoSuchMethodError'{0x00000000c302a000}: 'int java.lang.invoke.DirectMethodHandle$Holder.invokeVirtual(java.lang.Object, java.lang.Object, java.lang.Object, java.lang.Object)'> (0x00000000c302a000) 
thrown [s\src\hotspot\share\interpreter\linkResolver.cpp, line 759]
Event: 6.875 Thread 0x000001ee7fc84dc0 Exception <a 'java/lang/NoSuchMethodError'{0x00000000c302dd00}: 'int java.lang.invoke.DelegatingMethodHandle$Holder.reinvoke_L(java.lang.Object, java.lang.Object, java.lang.Object, java.lang.Object)'> (0x00000000c302dd00) 
thrown [s\src\hotspot\share\interpreter\linkResolver.cpp, line 759]
Event: 7.006 Thread 0x000001ee7fc84dc0 Exception <a 'java/lang/NoSuchMethodError'{0x00000000c2e9aed8}: 'java.lang.Object java.lang.invoke.DirectMethodHandle$Holder.invokeSpecial(java.lang.Object, java.lang.Object, long, java.lang.Object, java.lang.Object, java.lang.Object, java.lang.Object, java.lang.Object, java.lang.Object)'> (0x00000000c2e9aed8) 
thrown [s\src\hotspot\share\interpreter\linkResolver.cpp, line 759]
Event: 7.006 Thread 0x000001ee7fc84dc0 Exception <a 'java/lang/NoSuchMethodError'{0x00000000c2e9fa08}: 'java.lang.Object java.lang.invoke.DelegatingMethodHandle$Holder.reinvoke_L(java.lang.Object, long, java.lang.Object, java.lang.Object, java.lang.Object, java.lang.Object, java.lang.Object, java.lang.Object)'> (0x00000000c2e9fa08) 
thrown [s\src\hotspot\share\interpreter\linkResolver.cpp, line 759]
Event: 7.008 Thread 0x000001ee7fc84dc0 Exception <a 'java/lang/NoSuchMethodError'{0x00000000c2eac400}: 'java.lang.Object java.lang.invoke.Invokers$Holder.linkToTargetMethod(java.lang.Object, java.lang.Object, java.lang.Object, java.lang.Object, java.lang.Object, java.lang.Object, java.lang.Object)'> (0x00000000c2eac400) 
thrown [s\src\hotspot\share\interpreter\linkResolver.cpp, line 759]
Event: 7.161 Thread 0x000001ee7fc84dc0 Exception <a 'java/io/FileNotFoundException'{0x00000000c2b4e478}> (0x00000000c2b4e478) 
thrown [s\src\hotspot\share\prims\jni.cpp, line 516]
Event: 7.210 Thread 0x000001ee7fc84dc0 Exception <a 'java/lang/NoSuchMethodError'{0x00000000c2a9e458}: 'int java.lang.invoke.DirectMethodHandle$Holder.invokeInterface(java.lang.Object, java.lang.Object, java.lang.Object, java.lang.Object)'> (0x00000000c2a9e458) 
thrown [s\src\hotspot\share\interpreter\linkResolver.cpp, line 759]
Event: 7.294 Thread 0x000001ee7fc84dc0 Exception <a 'java/lang/NoSuchMethodError'{0x00000000c28950d0}: 'long java.lang.invoke.DirectMethodHandle$Holder.invokeVirtual(java.lang.Object, java.lang.Object)'> (0x00000000c28950d0) 
thrown [s\src\hotspot\share\interpreter\linkResolver.cpp, line 759]
Event: 7.454 Thread 0x000001ee7fc84dc0 Exception <a 'java/lang/NoSuchMethodError'{0x00000000c53326e0}: 'int java.lang.invoke.DirectMethodHandle$Holder.invokeStatic(java.lang.Object, int, java.lang.Object)'> (0x00000000c53326e0) 
thrown [s\src\hotspot\share\interpreter\linkResolver.cpp, line 759]
Event: 7.694 Thread 0x000001ee7fc84dc0 Exception <a 'java/lang/NoSuchMethodError'{0x00000000c3de9bc0}: 'java.lang.Object java.lang.invoke.DirectMethodHandle$Holder.newInvokeSpecial(java.lang.Object, java.lang.Object, java.lang.Object, java.lang.Object, java.lang.Object, java.lang.Object, java.lang.Object, java.lang.Object, java.lang.Object, java.lang.Object, java.lang.Object)'> (0x00000000c3de9bc0) 
thrown [s\src\hotspot\share\interpreter\linkResolver.cpp, line 759]
Event: 7.694 Thread 0x000001ee7fc84dc0 Exception <a 'java/lang/NoSuchMethodError'{0x00000000c3deede8}: 'java.lang.Object java.lang.invoke.DirectMethodHandle$Holder.invokeSpecial(java.lang.Object, java.lang.Object, java.lang.Object, java.lang.Object, java.lang.Object, java.lang.Object, java.lang.Object, java.lang.Object, java.lang.Object, java.lang.Object, java.lang.Object, java.lang.Object)'> (0x00000000c3deede8) 
thrown [s\src\hotspot\share\interpreter\linkResolver.cpp, line 759]
Event: 7.859 Thread 0x000001ee7fc84dc0 Exception <a 'java/lang/NoSuchMethodError'{0x00000000c3aeb4d0}: 'void java.lang.invoke.DelegatingMethodHandle$Holder.reinvoke_L(java.lang.Object, java.lang.Object, java.lang.Object, java.lang.Object, int, java.lang.Object, java.lang.Object, java.lang.Object)'> (0x00000000c3aeb4d0) 
thrown [s\src\hotspot\share\interpreter\linkResolver.cpp, line 759]
Event: 9.062 Thread 0x000001ee7fc84dc0 Exception <a 'sun/nio/fs/WindowsException'{0x00000000c37bd1a0}> (0x00000000c37bd1a0) 
thrown [s\src\hotspot\share\prims\jni.cpp, line 516]
Event: 9.776 Thread 0x000001ee7fc84dc0 Exception <a 'java/lang/NoSuchMethodError'{0x00000000c398f038}: 'java.lang.Object java.lang.invoke.DirectMethodHandle$Holder.invokeStaticInit(java.lang.Object, java.lang.Object, java.lang.Object, java.lang.Object)'> (0x00000000c398f038) 
thrown [s\src\hotspot\share\interpreter\linkResolver.cpp, line 759]
Event: 10.023 Thread 0x000001ee7fc84dc0 Exception <a 'java/lang/NoSuchMethodError'{0x00000000c2f810c0}: 'java.lang.Object java.lang.invoke.DirectMethodHandle$Holder.newInvokeSpecial(java.lang.Object, java.lang.Object, java.lang.Object, int)'> (0x00000000c2f810c0) 
thrown [s\src\hotspot\share\interpreter\linkResolver.cpp, line 759]
Event: 10.023 Thread 0x000001ee7fc84dc0 Exception <a 'java/lang/NoSuchMethodError'{0x00000000c2f851d0}: 'java.lang.Object java.lang.invoke.DirectMethodHandle$Holder.invokeSpecial(java.lang.Object, java.lang.Object, java.lang.Object, java.lang.Object, int)'> (0x00000000c2f851d0) 
thrown [s\src\hotspot\share\interpreter\linkResolver.cpp, line 759]
Event: 10.024 Thread 0x000001ee7fc84dc0 Exception <a 'java/lang/NoSuchMethodError'{0x00000000c2f888d8}: 'java.lang.Object java.lang.invoke.Invokers$Holder.linkToTargetMethod(java.lang.Object, java.lang.Object, int, java.lang.Object)'> (0x00000000c2f888d8) 
thrown [s\src\hotspot\share\interpreter\linkResolver.cpp, line 759]
Event: 10.472 Thread 0x000001ee7fc84dc0 Exception <a 'java/lang/NoSuchMethodError'{0x00000000c39336b0}: 'java.lang.Object java.lang.invoke.DirectMethodHandle$Holder.newInvokeSpecial(java.lang.Object, java.lang.Object, int)'> (0x00000000c39336b0) 
thrown [s\src\hotspot\share\interpreter\linkResolver.cpp, line 759]

VM Operations (20 events):
Event: 9.108 Executing VM operation: CollectForMetadataAllocation done
Event: 9.162 Executing VM operation: CollectForMetadataAllocation
Event: 9.162 Executing VM operation: CollectForMetadataAllocation done
Event: 9.173 Executing VM operation: G1Concurrent
Event: 9.177 Executing VM operation: G1Concurrent done
Event: 9.207 Executing VM operation: G1Concurrent
Event: 9.207 Executing VM operation: G1Concurrent done
Event: 9.240 Executing VM operation: HandshakeAllThreads
Event: 9.240 Executing VM operation: HandshakeAllThreads done
Event: 9.253 Executing VM operation: HandshakeAllThreads
Event: 9.253 Executing VM operation: HandshakeAllThreads done
Event: 9.498 Executing VM operation: HandshakeAllThreads
Event: 9.498 Executing VM operation: HandshakeAllThreads done
Event: 9.498 Executing VM operation: HandshakeAllThreads
Event: 9.498 Executing VM operation: HandshakeAllThreads done
Event: 10.057 Executing VM operation: G1CollectForAllocation
Event: 10.063 Executing VM operation: G1CollectForAllocation done
Event: 10.084 Executing VM operation: G1CollectForAllocation
Event: 10.092 Executing VM operation: G1CollectForAllocation done
Event: 10.794 Executing VM operation: G1CollectForAllocation

Events (20 events):
Event: 0.755 Loaded shared library C:\Users\ERIN_JAVALead\.jdks\corretto-18.0.2\bin\jimage.dll
Event: 2.055 Thread 0x000001ee21180560 Thread exited: 0x000001ee21180560
Event: 2.317 Thread 0x000001ee21ae45f0 Thread added: 0x000001ee21ae45f0
Event: 2.548 Thread 0x000001ee21d6dbc0 Thread added: 0x000001ee21d6dbc0
Event: 2.782 Thread 0x000001ee21ae45f0 Thread exited: 0x000001ee21ae45f0
Event: 2.809 Loaded shared library C:\Users\ERIN_JAVALead\.jdks\corretto-18.0.2\bin\verify.dll
Event: 3.527 Thread 0x000001ee21d6dbc0 Thread exited: 0x000001ee21d6dbc0
Event: 3.787 Thread 0x000001ee22025950 Thread added: 0x000001ee22025950
Event: 3.918 Thread 0x000001ee226b35a0 Thread added: 0x000001ee226b35a0
Event: 3.981 Thread 0x000001ee226b35a0 Thread exited: 0x000001ee226b35a0
Event: 5.044 Thread 0x000001ee22025950 Thread exited: 0x000001ee22025950
Event: 7.128 Loaded shared library C:\Users\ERIN_JAVALead\.jdks\corretto-18.0.2\bin\sunmscapi.dll
Event: 7.143 Loaded shared library C:\Users\ERIN_JAVALead\.jdks\corretto-18.0.2\bin\management.dll
Event: 7.146 Loaded shared library C:\Users\ERIN_JAVALead\.jdks\corretto-18.0.2\bin\management_ext.dll
Event: 7.329 Thread 0x000001ee219c8020 Thread added: 0x000001ee219c8020
Event: 7.333 Thread 0x000001ee21948020 Thread added: 0x000001ee21948020
Event: 7.340 Thread 0x000001ee225f5390 Thread added: 0x000001ee225f5390
Event: 9.539 Thread 0x000001ee210c4ed0 Thread added: 0x000001ee210c4ed0
Event: 9.635 Thread 0x000001ee210c4a00 Thread added: 0x000001ee210c4a00
Event: 9.739 Thread 0x000001ee210c53a0 Thread added: 0x000001ee210c53a0


Dynamic libraries:
0x00007ff76e240000 - 0x00007ff76e24d000 	C:\Users\ERIN_JAVALead\.jdks\corretto-18.0.2\bin\java.exe
0x00007fffe0450000 - 0x00007fffe0647000 	C:\WINDOWS\SYSTEM32\ntdll.dll
0x00007fffe0260000 - 0x00007fffe031d000 	C:\WINDOWS\System32\KERNEL32.DLL
0x00007fffddef0000 - 0x00007fffde1e6000 	C:\WINDOWS\System32\KERNELBASE.dll
0x00007fffde380000 - 0x00007fffde480000 	C:\WINDOWS\System32\ucrtbase.dll
0x00007fffca200000 - 0x00007fffca217000 	C:\Users\ERIN_JAVALead\.jdks\corretto-18.0.2\bin\jli.dll
0x00007fffdf5e0000 - 0x00007fffdf77e000 	C:\WINDOWS\System32\USER32.dll
0x00007fffde1f0000 - 0x00007fffde212000 	C:\WINDOWS\System32\win32u.dll
0x00007fffdf780000 - 0x00007fffdf7ac000 	C:\WINDOWS\System32\GDI32.dll
0x00007fffdddd0000 - 0x00007fffddeea000 	C:\WINDOWS\System32\gdi32full.dll
0x00007fffddb00000 - 0x00007fffddb9d000 	C:\WINDOWS\System32\msvcp_win.dll
0x00007fffc9df0000 - 0x00007fffc9e05000 	C:\Users\ERIN_JAVALead\.jdks\corretto-18.0.2\bin\VCRUNTIME140.dll
0x00007fffca410000 - 0x00007fffca6aa000 	C:\WINDOWS\WinSxS\amd64_microsoft.windows.common-controls_6595b64144ccf1df_6.0.19041.3570_none_60bb2a3971f3e41a\COMCTL32.dll
0x00007fffdfe80000 - 0x00007fffdff1e000 	C:\WINDOWS\System32\msvcrt.dll
0x00007fffdf990000 - 0x00007fffdf9c0000 	C:\WINDOWS\System32\IMM32.DLL
0x00007fffb63b0000 - 0x00007fffb644b000 	C:\Users\ERIN_JAVALead\.jdks\corretto-18.0.2\bin\msvcp140.dll
0x00007fffa2660000 - 0x00007fffa32d1000 	C:\Users\ERIN_JAVALead\.jdks\corretto-18.0.2\bin\server\jvm.dll
0x00007fffe0330000 - 0x00007fffe03de000 	C:\WINDOWS\System32\ADVAPI32.dll
0x00007fffdf810000 - 0x00007fffdf8ac000 	C:\WINDOWS\System32\sechost.dll
0x00007fffdece0000 - 0x00007fffdee06000 	C:\WINDOWS\System32\RPCRT4.dll
0x00007fffe0320000 - 0x00007fffe0328000 	C:\WINDOWS\System32\PSAPI.DLL
0x00007fffdb320000 - 0x00007fffdb329000 	C:\WINDOWS\SYSTEM32\WSOCK32.dll
0x00007fffdffd0000 - 0x00007fffe003b000 	C:\WINDOWS\System32\WS2_32.dll
0x00007fffb6270000 - 0x00007fffb6297000 	C:\WINDOWS\SYSTEM32\WINMM.dll
0x00007fffd83b0000 - 0x00007fffd83ba000 	C:\WINDOWS\SYSTEM32\VERSION.dll
0x00007fffdb9a0000 - 0x00007fffdb9b2000 	C:\WINDOWS\SYSTEM32\kernel.appcore.dll
0x00007fffd9620000 - 0x00007fffd962a000 	C:\Users\ERIN_JAVALead\.jdks\corretto-18.0.2\bin\jimage.dll
0x00007fffca740000 - 0x00007fffca924000 	C:\WINDOWS\SYSTEM32\DBGHELP.DLL
0x00007fffca6b0000 - 0x00007fffca6e4000 	C:\WINDOWS\SYSTEM32\dbgcore.DLL
0x00007fffddba0000 - 0x00007fffddc22000 	C:\WINDOWS\System32\bcryptPrimitives.dll
0x00007fffd6d50000 - 0x00007fffd6d5e000 	C:\Users\ERIN_JAVALead\.jdks\corretto-18.0.2\bin\instrument.dll
0x00007fffc9bd0000 - 0x00007fffc9bf5000 	C:\Users\ERIN_JAVALead\.jdks\corretto-18.0.2\bin\java.dll
0x00007fffac210000 - 0x00007fffac2e6000 	C:\Users\ERIN_JAVALead\.jdks\corretto-18.0.2\bin\jsvml.dll
0x00007fffde510000 - 0x00007fffdec54000 	C:\WINDOWS\System32\SHELL32.dll
0x00007fffdbba0000 - 0x00007fffdc33b000 	C:\WINDOWS\SYSTEM32\windows.storage.dll
0x00007fffdf280000 - 0x00007fffdf5d4000 	C:\WINDOWS\System32\combase.dll
0x00007fffdd470000 - 0x00007fffdd49d000 	C:\WINDOWS\SYSTEM32\Wldp.dll
0x00007fffdff20000 - 0x00007fffdffcd000 	C:\WINDOWS\System32\SHCORE.dll
0x00007fffdfb20000 - 0x00007fffdfb75000 	C:\WINDOWS\System32\shlwapi.dll
0x00007fffdda30000 - 0x00007fffdda55000 	C:\WINDOWS\SYSTEM32\profapi.dll
0x00007fffc6540000 - 0x00007fffc6558000 	C:\Users\ERIN_JAVALead\.jdks\corretto-18.0.2\bin\zip.dll
0x00007fffc9cf0000 - 0x00007fffc9d03000 	C:\Users\ERIN_JAVALead\.jdks\corretto-18.0.2\bin\net.dll
0x00007fffd7670000 - 0x00007fffd777a000 	C:\WINDOWS\SYSTEM32\WINHTTP.dll
0x00007fffdd1d0000 - 0x00007fffdd23a000 	C:\WINDOWS\system32\mswsock.dll
0x00007fffc6580000 - 0x00007fffc6595000 	C:\Users\ERIN_JAVALead\.jdks\corretto-18.0.2\bin\nio.dll
0x00007fffc14d0000 - 0x00007fffc14ea000 	C:\Program Files\JetBrains\IntelliJ IDEA Community Edition 2021.3.3\bin\breakgen64.dll
0x00007fffce4f0000 - 0x00007fffce500000 	C:\Users\ERIN_JAVALead\.jdks\corretto-18.0.2\bin\verify.dll
0x00007fffdd3d0000 - 0x00007fffdd3e8000 	C:\WINDOWS\SYSTEM32\CRYPTSP.dll
0x00007fffdcae0000 - 0x00007fffdcb14000 	C:\WINDOWS\system32\rsaenh.dll
0x00007fffddda0000 - 0x00007fffdddc7000 	C:\WINDOWS\System32\bcrypt.dll
0x00007fffdd9b0000 - 0x00007fffdd9de000 	C:\WINDOWS\SYSTEM32\USERENV.dll
0x00007fffdd3c0000 - 0x00007fffdd3cc000 	C:\WINDOWS\SYSTEM32\CRYPTBASE.dll
0x00007fffdcec0000 - 0x00007fffdcefb000 	C:\WINDOWS\SYSTEM32\IPHLPAPI.DLL
0x00007fffe0250000 - 0x00007fffe0258000 	C:\WINDOWS\System32\NSI.dll
0x00007fffd7a10000 - 0x00007fffd7a27000 	C:\WINDOWS\SYSTEM32\dhcpcsvc6.DLL
0x00007fffd7bd0000 - 0x00007fffd7bed000 	C:\WINDOWS\SYSTEM32\dhcpcsvc.DLL
0x00007fffdcf00000 - 0x00007fffdcfca000 	C:\WINDOWS\SYSTEM32\DNSAPI.dll
0x00007fffc4a40000 - 0x00007fffc4a4e000 	C:\Users\ERIN_JAVALead\.jdks\corretto-18.0.2\bin\sunmscapi.dll
0x00007fffde220000 - 0x00007fffde37d000 	C:\WINDOWS\System32\CRYPT32.dll
0x00007fffdd4e0000 - 0x00007fffdd507000 	C:\WINDOWS\SYSTEM32\ncrypt.dll
0x00007fffdd4a0000 - 0x00007fffdd4db000 	C:\WINDOWS\SYSTEM32\NTASN1.dll
0x00007fffcabf0000 - 0x00007fffcabf9000 	C:\Users\ERIN_JAVALead\.jdks\corretto-18.0.2\bin\management.dll
0x00007fffc6530000 - 0x00007fffc653b000 	C:\Users\ERIN_JAVALead\.jdks\corretto-18.0.2\bin\management_ext.dll
0x00007fff82c60000 - 0x00007fff82c77000 	C:\WINDOWS\system32\napinsp.dll
0x00007fff82c40000 - 0x00007fff82c5b000 	C:\WINDOWS\system32\pnrpnsp.dll
0x00007fff82c20000 - 0x00007fff82c32000 	C:\WINDOWS\System32\winrnr.dll
0x00007fffd94e0000 - 0x00007fffd94fd000 	C:\WINDOWS\system32\NLAapi.dll
0x00007fffd8a60000 - 0x00007fffd8a75000 	C:\WINDOWS\system32\wshbth.dll
0x00007fffd0600000 - 0x00007fffd060a000 	C:\Windows\System32\rasadhlp.dll
0x00007fffd48f0000 - 0x00007fffd4972000 	C:\WINDOWS\System32\fwpuclnt.dll

dbghelp: loaded successfully - version: 4.0.5 - missing functions: none
symbol engine: initialized successfully - sym options: 0x614 - pdb path: .;C:\Users\ERIN_JAVALead\.jdks\corretto-18.0.2\bin;C:\WINDOWS\SYSTEM32;C:\WINDOWS\WinSxS\amd64_microsoft.windows.common-controls_6595b64144ccf1df_6.0.19041.3570_none_60bb2a3971f3e41a;C:\Users\ERIN_JAVALead\.jdks\corretto-18.0.2\bin\server;C:\Program Files\JetBrains\IntelliJ IDEA Community Edition 2021.3.3\bin

VM Arguments:
jvm_args: -javaagent:C:\Program Files\JetBrains\IntelliJ IDEA Community Edition 2021.3.3\lib\idea_rt.jar=51412:C:\Program Files\JetBrains\IntelliJ IDEA Community Edition 2021.3.3\bin -Dfile.encoding=UTF-8 
java_command: com.devskiller.tasks.blog.BlogApplication
java_class_path (initial): C:\Users\ERIN_JAVALead\Downloads\devskiller-code-U32X-W3E7-T2E6-S3F\target\classes;C:\Users\ERIN_JAVALead\.m2\repository\org\springframework\boot\spring-boot-starter-data-jpa\3.0.0\spring-boot-starter-data-jpa-3.0.0.jar;C:\Users\ERIN_JAVALead\.m2\repository\org\springframework\boot\spring-boot-starter-aop\3.0.0\spring-boot-starter-aop-3.0.0.jar;C:\Users\ERIN_JAVALead\.m2\repository\org\springframework\spring-aop\6.0.2\spring-aop-6.0.2.jar;C:\Users\ERIN_JAVALead\.m2\repository\org\aspectj\aspectjweaver\1.9.9.1\aspectjweaver-1.9.9.1.jar;C:\Users\ERIN_JAVALead\.m2\repository\org\springframework\boot\spring-boot-starter-jdbc\3.0.0\spring-boot-starter-jdbc-3.0.0.jar;C:\Users\ERIN_JAVALead\.m2\repository\com\zaxxer\HikariCP\5.0.1\HikariCP-5.0.1.jar;C:\Users\ERIN_JAVALead\.m2\repository\org\springframework\spring-jdbc\6.0.2\spring-jdbc-6.0.2.jar;C:\Users\ERIN_JAVALead\.m2\repository\org\hibernate\orm\hibernate-core\6.1.5.Final\hibernate-core-6.1.5.Final.jar;C:\Users\ERIN_JAVALead\.m2\repository\jakarta\persistence\jakarta.persistence-api\3.1.0\jakarta.persistence-api-3.1.0.jar;C:\Users\ERIN_JAVALead\.m2\repository\jakarta\transaction\jakarta.transaction-api\2.0.1\jakarta.transaction-api-2.0.1.jar;C:\Users\ERIN_JAVALead\.m2\repository\org\jboss\logging\jboss-logging\3.5.0.Final\jboss-logging-3.5.0.Final.jar;C:\Users\ERIN_JAVALead\.m2\repository\org\hibernate\common\hibernate-commons-annotations\6.0.2.Final\hibernate-commons-annotations-6.0.2.Final.jar;C:\Users\ERIN_JAVALead\.m2\repository\org\jboss\jandex\2.4.2.Final\jandex-2.4.2.Final.jar;C:\Users\ERIN_JAVALead\.m2\repository\com\fasterxml\classmate\1.5.1\classmate-1.5.1.jar;C:\Users\ERIN_JAVALead\.m2\repository\net\bytebuddy\byte-buddy\1.12.19\byte-buddy-1.12.19.jar;C:\Users\ERIN_JAVALead\.m2\repository\org\glassfish\jaxb\jaxb-runtime\4.0.1\jaxb-runtime-4.0.1.jar;C:\Users\ERIN_JAVALead\.m2\repository\org\glassfish\jaxb\jaxb-core\4.0.1\jaxb-core-4.0.1.jar;C:\Users\ERIN_JAVALead\.m2\repository\org\eclipse\angus\angus-activation\1.0.0\angus-activation-1.0.0.jar;C:\Users\ERIN_JAVALead\.m2\repository\org\glassfish\jaxb\txw2\4.0.1\txw2-4.0.1.jar;C:\Users\ERIN_JAVALead\.m2\repository\com\sun\istack\istack-commons-runtime\4.1.1\istack-commons-runtime-4.1.1.jar;C:\Users\ERIN_JAVALead\.m2\repository\jakarta\inject\jakarta.inject-api\2.0.0\jakarta.inject-api-2.0.0.jar;C:\Users\ERIN_JAVALead\.m2\repository\org\antlr\antlr4-runtime\4.10.1\antlr4-runtime-4.10.1.jar;C:\Users\ERIN_JAVALead\.m2\repository\org\springframework\data\spring-data-jpa\3.0.0\spring-data-jpa-3.0.0.jar;C:\Users\ERIN_JAVALead\.m2\repository\org\springframework\data\spring-data-commons\3.0.0\spring-data-commons-3.0.0.jar;C:\Users\ERIN_JAVALead\.m2\repository\org\springframework\spring-orm\6.0.2\spring-orm-6.0.2.jar;C:\Users\ERIN_JAVALead\.m2\repository\org\springframework\spring-context\6.0.2\spring-context-6.0.2.jar;C:\Users\ERIN_JAVALead\.m2\repository\org\springframework\spring-tx\6.0.2\spring-tx-6.0.2.jar;C:\Users\ERIN_JAVALead\.m2\repository\org\springframework\spring-beans\6.0.2\spring-beans-6.0.2.jar;C:\Users\ERIN_JAVALead\.m2\repository\jakarta\annotation\jakarta.annotation-api\2.1.1\jakarta.annotation-api-2.1.1.jar;C:\Users\ERIN_JAVALead\.m2\repository\org\slf4j\slf4j-api\2.0.4\slf4j-api-2.0.4.jar;C:\Users\ERIN_JAVALead\.m2\repository\org\springframework\spring-aspects\6.0.2\spring-aspects-6.0.2.jar;C:\Users\ERIN_JAVALead\.m2\repository\org\springframework\boot\spring-boot-starter-web\2.4.2\spring-boot-starter-web-2.4.2.jar;C:\Users\ERIN_JAVALead\.m2\repository\org\springframework\boot\spring-boot-starter\3.0.0\spring-boot-starter-3.0.0.jar;C:\Users\ERIN_JAVALead\.m2\repository\org\springframework\boot\spring-boot\3.0.0\spring-boot-3.0.0.jar;C:\Users\ERIN_JAVALead\.m2\repository\org\springframework\boot\spring-boot-autoconfigure\3.0.0\spring-boot-autoconfigure-3.0.0.jar;C:\Users\ERIN_JAVALead\.m2\repository\org\springframework\boot\spring-boot-starter-logging\3.0.0\spring-boot-starter-logging-3.0.0.jar;C:\Users\ERIN_JAVALead\.m2\repository\ch\qos\logback\logback-classic\1.4.5\logback-classic-1.4.5.jar;C:\Users\ERIN_JAVALead\.m2\repository\ch\qos\logback\logback-core\1.4.5\logback-core-1.4.5.jar;C:\Users\ERIN_JAVALead\.m2\repository\org\apache\logging\log4j\log4j-to-slf4j\2.19.0\log4j-to-slf4j-2.19.0.jar;C:\Users\ERIN_JAVALead\.m2\repository\org\slf4j\jul-to-slf4j\2.0.4\jul-to-slf4j-2.0.4.jar;C:\Users\ERIN_JAVALead\.m2\repository\org\yaml\snakeyaml\1.33\snakeyaml-1.33.jar;C:\Users\ERIN_JAVALead\.m2\repository\org\springframework\boot\spring-boot-starter-json\3.0.0\spring-boot-starter-json-3.0.0.jar;C:\Users\ERIN_JAVALead\.m2\repository\com\fasterxml\jackson\core\jackson-databind\2.14.1\jackson-databind-2.14.1.jar;C:\Users\ERIN_JAVALead\.m2\repository\com\fasterxml\jackson\core\jackson-annotations\2.14.1\jackson-annotations-2.14.1.jar;C:\Users\ERIN_JAVALead\.m2\repository\com\fasterxml\jackson\core\jackson-core\2.14.1\jackson-core-2.14.1.jar;C:\Users\ERIN_JAVALead\.m2\repository\com\fasterxml\jackson\datatype\jackson-datatype-jdk8\2.14.1\jackson-datatype-jdk8-2.14.1.jar;C:\Users\ERIN_JAVALead\.m2\repository\com\fasterxml\jackson\datatype\jackson-datatype-jsr310\2.14.1\jackson-datatype-jsr310-2.14.1.jar;C:\Users\ERIN_JAVALead\.m2\repository\com\fasterxml\jackson\module\jackson-module-parameter-names\2.14.1\jackson-module-parameter-names-2.14.1.jar;C:\Users\ERIN_JAVALead\.m2\repository\org\springframework\boot\spring-boot-starter-tomcat\3.0.0\spring-boot-starter-tomcat-3.0.0.jar;C:\Users\ERIN_JAVALead\.m2\repository\org\apache\tomcat\embed\tomcat-embed-core\10.1.1\tomcat-embed-core-10.1.1.jar;C:\Users\ERIN_JAVALead\.m2\repository\org\apache\tomcat\embed\tomcat-embed-el\10.1.1\tomcat-embed-el-10.1.1.jar;C:\Users\ERIN_JAVALead\.m2\repository\org\apache\tomcat\embed\tomcat-embed-websocket\10.1.1\tomcat-embed-websocket-10.1.1.jar;C:\Users\ERIN_JAVALead\.m2\repository\org\springframework\spring-web\6.0.2\spring-web-6.0.2.jar;C:\Users\ERIN_JAVALead\.m2\repository\io\micrometer\micrometer-observation\1.10.2\micrometer-observation-1.10.2.jar;C:\Users\ERIN_JAVALead\.m2\repository\io\micrometer\micrometer-commons\1.10.2\micrometer-commons-1.10.2.jar;C:\Users\ERIN_JAVALead\.m2\repository\org\springframework\spring-webmvc\6.0.2\spring-webmvc-6.0.2.jar;C:\Users\ERIN_JAVALead\.m2\repository\org\springframework\spring-expression\6.0.2\spring-expression-6.0.2.jar;C:\Users\ERIN_JAVALead\.m2\repository\com\microsoft\sqlserver\mssql-jdbc\12.4.1.jre11\mssql-jdbc-12.4.1.jre11.jar;C:\Users\ERIN_JAVALead\.m2\repository\com\h2database\h2\2.1.214\h2-2.1.214.jar;C:\Users\ERIN_JAVALead\.m2\repository\jakarta\xml\bind\jakarta.xml.bind-api\4.0.0\jakarta.xml.bind-api-4.0.0.jar;C:\Users\ERIN_JAVALead\.m2\repository\jakarta\activation\jakarta.activation-api\2.1.0\jakarta.activation-api-2.1.0.jar;C:\Users\ERIN_JAVALead\.m2\repository\org\springframework\spring-core\6.0.2\spring-core-6.0.2.jar;C:\Users\ERIN_JAVALead\.m2\repository\org\springframework\spring-jcl\6.0.2\spring-jcl-6.0.2.jar;C:\Users\ERIN_JAVALead\.m2\repository\org\apache\logging\log4j\log4j-api\2.6.1\log4j-api-2.6.1.jar;C:\Users\ERIN_JAVALead\.m2\repository\org\apache\logging\log4j\log4j-core\2.6.1\log4j-core-2.6.1.jar
Launcher Type: SUN_STANDARD

[Global flags]
     intx CICompilerCount                          = 3                                         {product} {ergonomic}
     uint ConcGCThreads                            = 1                                         {product} {ergonomic}
     uint G1ConcRefinementThreads                  = 4                                         {product} {ergonomic}
   size_t G1HeapRegionSize                         = 1048576                                   {product} {ergonomic}
    uintx GCDrainStackTargetSize                   = 64                                        {product} {ergonomic}
   size_t InitialHeapSize                          = 67108864                                  {product} {ergonomic}
   size_t MarkStackSize                            = 4194304                                   {product} {ergonomic}
   size_t MaxHeapSize                              = 1052770304                                {product} {ergonomic}
   size_t MaxNewSize                               = 631242752                                 {product} {ergonomic}
   size_t MinHeapDeltaBytes                        = 1048576                                   {product} {ergonomic}
   size_t MinHeapSize                              = 8388608                                   {product} {ergonomic}
    uintx NonNMethodCodeHeapSize                   = 5832780                                {pd product} {ergonomic}
    uintx NonProfiledCodeHeapSize                  = 122912730                              {pd product} {ergonomic}
    uintx ProfiledCodeHeapSize                     = 122912730                              {pd product} {ergonomic}
    uintx ReservedCodeCacheSize                    = 251658240                              {pd product} {ergonomic}
     bool SegmentedCodeCache                       = true                                      {product} {ergonomic}
   size_t SoftMaxHeapSize                          = 1052770304                             {manageable} {ergonomic}
     bool UseCompressedClassPointers               = true                           {product lp64_product} {ergonomic}
     bool UseCompressedOops                        = true                           {product lp64_product} {ergonomic}
     bool UseG1GC                                  = true                                      {product} {ergonomic}
     bool UseLargePagesIndividualAllocation        = false                                  {pd product} {ergonomic}

Logging:
Log output configuration:
 #0: stdout all=warning uptime,level,tags foldmultilines=false
 #1: stderr all=off uptime,level,tags foldmultilines=false

Environment Variables:
PATH=C:\WINDOWS\system32;C:\WINDOWS;C:\WINDOWS\System32\Wbem;C:\WINDOWS\System32\WindowsPowerShell\v1.0\;C:\WINDOWS\System32\OpenSSH\;C:\Program Files (x86)\nodejs\;C:\Program Files (x86)\nodejs\npm;C:\Users\ERIN_JAVALead\AppData\Roaming\npm;C:\Program Files\Git\cmd;C:\Program Files (x86)\dotnet\;C:\Program Files (x86)\Microsoft SQL Server\160\DTS\Binn\;C:\Program Files\Azure Data Studio\bin;C:\Program Files (x86)\Microsoft SQL Server\160\Tools\Binn\;C:\Program Files\Microsoft SQL Server\160\Tools\Binn\;C:\Program Files\Microsoft SQL Server\Client SDK\ODBC\170\Tools\Binn\;C:\Program Files\Microsoft SQL Server\160\DTS\Binn\;C:\Users\ERIN_JAVALead\AppData\Local\Microsoft\WindowsApps;;C:\Users\ERIN_JAVALead\AppData\Local\Programs\Microsoft VS Code\bin;C:\Users\ERIN_JAVALead\AppData\Roaming\npm;C:\Program Files\Azure Data Studio\bin
USERNAME=ERIN_JAVALead
OS=Windows_NT
PROCESSOR_IDENTIFIER=Intel64 Family 6 Model 78 Stepping 3, GenuineIntel



---------------  S Y S T E M  ---------------

OS:
 Windows 10 , 64 bit Build 19041 (10.0.19041.3570)
OS uptime: 0 days 1:34 hours

CPU: total 4 (initial active 4) (2 cores per cpu, 2 threads per core) family 6 model 78 stepping 3 microcode 0xcc, cx8, cmov, fxsr, ht, mmx, 3dnowpref, sse, sse2, sse3, ssse3, sse4.1, sse4.2, popcnt, lzcnt, tsc, tscinvbit, avx, avx2, aes, erms, clmul, bmi1, bmi2, adx, fma, vzeroupper, clflush, clflushopt

Memory: 4k page, system-wide physical 4012M (348M free)
TotalPageFile size 6060M (AvailPageFile size 15M)
current process WorkingSet (physical memory assigned to process): 187M, peak: 188M
current process commit charge ("private bytes"): 281M, peak: 282M

vm_info: OpenJDK 64-Bit Server VM (18.0.2+9-FR) for windows-amd64 JRE (18.0.2+9-FR), built on Jul 15 2022 20:03:03 by "Administrator" with MS VC++ 15.9 (VS2017)

END.
