#
# There is insufficient memory for the Java Runtime Environment to continue.
# Native memory allocation (malloc) failed to allocate 32744 bytes for Chunk::new
# Possible reasons:
#   The system is out of physical RAM or swap space
#   The process is running with CompressedOops enabled, and the Java Heap may be blocking the growth of the native heap
# Possible solutions:
#   Reduce memory load on the system
#   Increase physical memory or swap space
#   Check if swap backing store is full
#   Decrease Java heap size (-Xmx/-Xms)
#   Decrease number of Java threads
#   Decrease Java thread stack sizes (-Xss)
#   Set larger code cache with -XX:ReservedCodeCacheSize=
#   JVM is running with Unscaled Compressed Oops mode in which the Java heap is
#     placed in the first 4GB address space. The Java Heap base address is the
#     maximum limit for the native heap growth. Please use -XX:HeapBaseMinAddress
#     to set the Java Heap base and to place the Java Heap above 4GB virtual address.
# This output file may be truncated or incomplete.
#
#  Out of Memory Error (arena.cpp:184), pid=1176, tid=6384
#
# JRE version: OpenJDK Runtime Environment Corretto-18.0.2.9.1 (18.0.2+9) (build 18.0.2+9-FR)
# Java VM: OpenJDK 64-Bit Server VM Corretto-18.0.2.9.1 (18.0.2+9-FR, mixed mode, sharing, tiered, compressed oops, compressed class ptrs, g1 gc, windows-amd64)
# No core dump will be written. Minidumps are not enabled by default on client versions of Windows
#

---------------  S U M M A R Y ------------

Command Line: -agentlib:jdwp=transport=dt_socket,address=127.0.0.1:50908,suspend=y,server=n -javaagent:C:\Users\ERIN_JAVALead\AppData\Local\JetBrains\IdeaIC2021.3\captureAgent\debugger-agent.jar -Dfile.encoding=UTF-8 com.devskiller.tasks.blog.BlogApplication

Host: Intel(R) Core(TM) i3-6006U CPU @ 2.00GHz, 4 cores, 3G,  Windows 10 , 64 bit Build 19041 (10.0.19041.3570)
Time: Sat Oct 28 22:35:06 2023 Central European Daylight Time elapsed time: 17.851446 seconds (0d 0h 0m 17s)

---------------  T H R E A D  ---------------

Current thread (0x000001dc49bb9020):  JavaThread "C2 CompilerThread1" daemon [_thread_in_native, id=6384, stack(0x0000007833600000,0x0000007833700000)]


Current CompileTask:
C2:  17851 5226       4       org.antlr.v4.runtime.atn.ParserATNSimulator::closure_ (311 bytes)

Stack: [0x0000007833600000,0x0000007833700000]
Native frames: (J=compiled Java code, j=interpreted, Vv=VM code, C=native code)
V  [jvm.dll+0x685a2a]
V  [jvm.dll+0x82ae8d]
V  [jvm.dll+0x82c75e]
V  [jvm.dll+0x82ce03]
V  [jvm.dll+0x25ef4b]
V  [jvm.dll+0xd42d2]
V  [jvm.dll+0xd4665]
V  [jvm.dll+0x38ac5f]
V  [jvm.dll+0x38a4d1]
V  [jvm.dll+0x38a514]
V  [jvm.dll+0x384a28]
V  [jvm.dll+0x1d8f54]
V  [jvm.dll+0x233b4f]
V  [jvm.dll+0x232f37]
V  [jvm.dll+0x1c0a35]
V  [jvm.dll+0x24212c]
V  [jvm.dll+0x240534]
V  [jvm.dll+0x7df6db]
V  [jvm.dll+0x7d9cba]
V  [jvm.dll+0x6848a5]
C  [ucrtbase.dll+0x21bb2]
C  [KERNEL32.DLL+0x17344]
C  [ntdll.dll+0x526b1]


---------------  P R O C E S S  ---------------

Threads class SMR info:
_java_thread_list=0x000001dc49c108f0, length=22, elements={
0x000001dc265256f0, 0x000001dc439c7910, 0x000001dc439c8570, 0x000001dc439dd990,
0x000001dc439de330, 0x000001dc439decd0, 0x000001dc439df670, 0x000001dc439e0340,
0x000001dc439e0d20, 0x000001dc43a5ae10, 0x000001dc43aa6f00, 0x000001dc47cbb3b0,
0x000001dc47d64d90, 0x000001dc47d65270, 0x000001dc47d31b10, 0x000001dc4ae6b080,
0x000001dc4a7afc10, 0x000001dc49d4aa50, 0x000001dc48cdee20, 0x000001dc48cde480,
0x000001dc48cdf2f0, 0x000001dc49bb9020
}

Java Threads: ( => current thread )
  0x000001dc265256f0 JavaThread "main" [_thread_in_vm, id=9772, stack(0x0000007831600000,0x0000007831700000)]
  0x000001dc439c7910 JavaThread "Reference Handler" daemon [_thread_blocked, id=3764, stack(0x0000007831d00000,0x0000007831e00000)]
  0x000001dc439c8570 JavaThread "Finalizer" daemon [_thread_blocked, id=13112, stack(0x0000007831e00000,0x0000007831f00000)]
  0x000001dc439dd990 JavaThread "Signal Dispatcher" daemon [_thread_blocked, id=12688, stack(0x0000007831f00000,0x0000007832000000)]
  0x000001dc439de330 JavaThread "Attach Listener" daemon [_thread_blocked, id=10784, stack(0x0000007832000000,0x0000007832100000)]
  0x000001dc439decd0 JavaThread "Service Thread" daemon [_thread_blocked, id=11752, stack(0x0000007832100000,0x0000007832200000)]
  0x000001dc439df670 JavaThread "Monitor Deflation Thread" daemon [_thread_blocked, id=2832, stack(0x0000007832200000,0x0000007832300000)]
  0x000001dc439e0340 JavaThread "C2 CompilerThread0" daemon [_thread_in_native, id=1588, stack(0x0000007832300000,0x0000007832400000)]
  0x000001dc439e0d20 JavaThread "C1 CompilerThread0" daemon [_thread_in_native, id=13480, stack(0x0000007832400000,0x0000007832500000)]
  0x000001dc43a5ae10 JavaThread "Sweeper thread" daemon [_thread_blocked, id=6856, stack(0x0000007832500000,0x0000007832600000)]
  0x000001dc43aa6f00 JavaThread "Common-Cleaner" daemon [_thread_blocked, id=8184, stack(0x0000007832600000,0x0000007832700000)]
  0x000001dc47cbb3b0 JavaThread "JDWP Transport Listener: dt_socket" daemon [_thread_blocked, id=13684, stack(0x0000007832700000,0x0000007832800000)]
  0x000001dc47d64d90 JavaThread "JDWP Event Helper Thread" daemon [_thread_blocked, id=4796, stack(0x0000007832800000,0x0000007832900000)]
  0x000001dc47d65270 JavaThread "JDWP Command Reader" daemon [_thread_in_native, id=2740, stack(0x0000007832900000,0x0000007832a00000)]
  0x000001dc47d31b10 JavaThread "Notification Thread" daemon [_thread_blocked, id=11000, stack(0x0000007832a00000,0x0000007832b00000)]
  0x000001dc4ae6b080 JavaThread "Catalina-utility-1" [_thread_blocked, id=14140, stack(0x0000007833000000,0x0000007833100000)]
  0x000001dc4a7afc10 JavaThread "Catalina-utility-2" [_thread_blocked, id=2220, stack(0x0000007833100000,0x0000007833200000)]
  0x000001dc49d4aa50 JavaThread "container-0" [_thread_blocked, id=5256, stack(0x0000007833200000,0x0000007833300000)]
  0x000001dc48cdee20 JavaThread "mssql-jdbc-shared-timer-core-0" daemon [_thread_blocked, id=9768, stack(0x0000007833400000,0x0000007833500000)]
  0x000001dc48cde480 JavaThread "HikariPool-1 housekeeper" daemon [_thread_blocked, id=14112, stack(0x0000007832c00000,0x0000007832d00000)]
  0x000001dc48cdf2f0 JavaThread "HikariPool-1 connection adder" daemon [_thread_blocked, id=9180, stack(0x0000007833500000,0x0000007833600000)]
=>0x000001dc49bb9020 JavaThread "C2 CompilerThread1" daemon [_thread_in_native, id=6384, stack(0x0000007833600000,0x0000007833700000)]

Other Threads:
  0x000001dc439c39d0 VMThread "VM Thread" [stack: 0x0000007831c00000,0x0000007831d00000] [id=13156]
  0x000001dc47d31fd0 WatcherThread "VM Periodic Task Thread" [stack: 0x0000007832b00000,0x0000007832c00000] [id=2372]
  0x000001dc26567030 WorkerThread "GC Thread#0" [stack: 0x0000007831700000,0x0000007831800000] [id=11080]
  0x000001dc4825fcc0 WorkerThread "GC Thread#1" [stack: 0x0000007832d00000,0x0000007832e00000] [id=808]
  0x000001dc4823fdf0 WorkerThread "GC Thread#2" [stack: 0x0000007832e00000,0x0000007832f00000] [id=10660]
  0x000001dc48240090 WorkerThread "GC Thread#3" [stack: 0x0000007832f00000,0x0000007833000000] [id=12612]
  0x000001dc26570cf0 ConcurrentGCThread "G1 Main Marker" [stack: 0x0000007831800000,0x0000007831900000] [id=13300]
  0x000001dc265716e0 WorkerThread "G1 Conc#0" [stack: 0x0000007831900000,0x0000007831a00000] [id=6492]
  0x000001dc2659b640 ConcurrentGCThread "G1 Refine#0" [stack: 0x0000007831a00000,0x0000007831b00000] [id=13164]
  0x000001dc2659bf50 ConcurrentGCThread "G1 Service" [stack: 0x0000007831b00000,0x0000007831c00000] [id=13220]

Threads with active compile tasks:
C2 CompilerThread0    17949 5225       4       org.antlr.v4.runtime.atn.ParserATNSimulator::closureCheckingStopState (244 bytes)
C1 CompilerThread0    17949 5427   !   2       org.springframework.core.SerializableTypeWrapper$TypeProxyInvocationHandler::invoke (326 bytes)
C2 CompilerThread1    17949 5226       4       org.antlr.v4.runtime.atn.ParserATNSimulator::closure_ (311 bytes)

VM state: not at safepoint (normal execution)

VM Mutex/Monitor currently owned by a thread: None

Heap address: 0x00000000c1400000, size: 1004 MB, Compressed Oops mode: 32-bit

CDS archive(s) mapped at: [0x0000000800000000-0x0000000800ba0000-0x0000000800ba0000), size 12189696, SharedBaseAddress: 0x0000000800000000, ArchiveRelocationMode: 0.
Compressed class space mapped at: 0x0000000800c00000-0x0000000840c00000, reserved size: 1073741824
Narrow klass base: 0x0000000800000000, Narrow klass shift: 0, Narrow klass range: 0x100000000

GC Precious Log:
 CardTable entry size: 512
 Card Set container configuration: InlinePtr #cards 5 size 8 Array Of Cards #cards 12 size 40 Howl #buckets 4 coarsen threshold 1843 Howl Bitmap #cards 512 size 80 coarsen threshold 460 Card regions per heap region 1 cards per card region 2048
 CPUs: 4 total, 4 available
 Memory: 4012M
 Large Page Support: Disabled
 NUMA Support: Disabled
 Compressed Oops: Enabled (32-bit)
 Heap Region Size: 1M
 Heap Min Capacity: 8M
 Heap Initial Capacity: 64M
 Heap Max Capacity: 1004M
 Pre-touch: Disabled
 Parallel Workers: 4
 Concurrent Workers: 1
 Concurrent Refinement Workers: 4
 Periodic GC: Disabled

Heap:
 garbage-first heap   total 58368K, used 28644K [0x00000000c1400000, 0x0000000100000000)
  region size 1024K, 7 young (7168K), 3 survivors (3072K)
 Metaspace       used 60503K, committed 61056K, reserved 1114112K
  class space    used 7914K, committed 8192K, reserved 1048576K

Heap Regions: E=young(eden), S=young(survivor), O=old, HS=humongous(starts), HC=humongous(continues), CS=collection set, F=free, OA=open archive, CA=closed archive, TAMS=top-at-mark-start (previous, next)
|   0|0x00000000c1400000, 0x00000000c1500000, 0x00000000c1500000|100%|HS|  |TAMS 0x00000000c1500000, 0x00000000c1400000| Complete 
|   1|0x00000000c1500000, 0x00000000c1600000, 0x00000000c1600000|100%| O|  |TAMS 0x00000000c1600000, 0x00000000c1500000| Untracked 
|   2|0x00000000c1600000, 0x00000000c1700000, 0x00000000c1700000|100%| O|  |TAMS 0x00000000c1700000, 0x00000000c1600000| Untracked 
|   3|0x00000000c1700000, 0x00000000c1800000, 0x00000000c1800000|100%| O|  |TAMS 0x00000000c1800000, 0x00000000c1700000| Untracked 
|   4|0x00000000c1800000, 0x00000000c1900000, 0x00000000c1900000|100%| O|  |TAMS 0x00000000c1900000, 0x00000000c1800000| Untracked 
|   5|0x00000000c1900000, 0x00000000c1a00000, 0x00000000c1a00000|100%| O|  |TAMS 0x00000000c1a00000, 0x00000000c1900000| Untracked 
|   6|0x00000000c1a00000, 0x00000000c1b00000, 0x00000000c1b00000|100%| O|  |TAMS 0x00000000c1b00000, 0x00000000c1a00000| Untracked 
|   7|0x00000000c1b00000, 0x00000000c1be0400, 0x00000000c1c00000| 87%| O|  |TAMS 0x00000000c1be0400, 0x00000000c1b00000| Untracked 
|   8|0x00000000c1c00000, 0x00000000c1d00000, 0x00000000c1d00000|100%| O|  |TAMS 0x00000000c1d00000, 0x00000000c1c00000| Untracked 
|   9|0x00000000c1d00000, 0x00000000c1e00000, 0x00000000c1e00000|100%| O|  |TAMS 0x00000000c1e00000, 0x00000000c1d00000| Untracked 
|  10|0x00000000c1e00000, 0x00000000c1f00000, 0x00000000c1f00000|100%| O|  |TAMS 0x00000000c1f00000, 0x00000000c1e00000| Untracked 
|  11|0x00000000c1f00000, 0x00000000c2000000, 0x00000000c2000000|100%| O|  |TAMS 0x00000000c2000000, 0x00000000c1f00000| Untracked 
|  12|0x00000000c2000000, 0x00000000c2100000, 0x00000000c2100000|100%| O|  |TAMS 0x00000000c2100000, 0x00000000c2000000| Untracked 
|  13|0x00000000c2100000, 0x00000000c2200000, 0x00000000c2200000|100%| O|  |TAMS 0x00000000c2200000, 0x00000000c2100000| Untracked 
|  14|0x00000000c2200000, 0x00000000c2300000, 0x00000000c2300000|100%| O|  |TAMS 0x00000000c2300000, 0x00000000c2200000| Untracked 
|  15|0x00000000c2300000, 0x00000000c2400000, 0x00000000c2400000|100%| O|  |TAMS 0x00000000c2400000, 0x00000000c2300000| Untracked 
|  16|0x00000000c2400000, 0x00000000c2500000, 0x00000000c2500000|100%| O|  |TAMS 0x00000000c2500000, 0x00000000c2400000| Untracked 
|  17|0x00000000c2500000, 0x00000000c2600000, 0x00000000c2600000|100%| O|  |TAMS 0x00000000c2600000, 0x00000000c2500000| Untracked 
|  18|0x00000000c2600000, 0x00000000c2700000, 0x00000000c2700000|100%| O|  |TAMS 0x00000000c2700000, 0x00000000c2600000| Untracked 
|  19|0x00000000c2700000, 0x00000000c2800000, 0x00000000c2800000|100%| O|  |TAMS 0x00000000c2800000, 0x00000000c2700000| Untracked 
|  20|0x00000000c2800000, 0x00000000c2900000, 0x00000000c2900000|100%| O|  |TAMS 0x00000000c2900000, 0x00000000c2800000| Untracked 
|  21|0x00000000c2900000, 0x00000000c2a00000, 0x00000000c2a00000|100%| O|  |TAMS 0x00000000c2974a00, 0x00000000c2900000| Untracked 
|  22|0x00000000c2a00000, 0x00000000c2af7200, 0x00000000c2b00000| 96%| O|  |TAMS 0x00000000c2a00000, 0x00000000c2a00000| Untracked 
|  23|0x00000000c2b00000, 0x00000000c2b00000, 0x00000000c2c00000|  0%| F|  |TAMS 0x00000000c2b00000, 0x00000000c2b00000| Untracked 
|  24|0x00000000c2c00000, 0x00000000c2c00000, 0x00000000c2d00000|  0%| F|  |TAMS 0x00000000c2c00000, 0x00000000c2c00000| Untracked 
|  25|0x00000000c2d00000, 0x00000000c2d00000, 0x00000000c2e00000|  0%| F|  |TAMS 0x00000000c2d00000, 0x00000000c2d00000| Untracked 
|  26|0x00000000c2e00000, 0x00000000c2e00000, 0x00000000c2f00000|  0%| F|  |TAMS 0x00000000c2e00000, 0x00000000c2e00000| Untracked 
|  27|0x00000000c2f00000, 0x00000000c2f00000, 0x00000000c3000000|  0%| F|  |TAMS 0x00000000c2f00000, 0x00000000c2f00000| Untracked 
|  28|0x00000000c3000000, 0x00000000c3000000, 0x00000000c3100000|  0%| F|  |TAMS 0x00000000c3000000, 0x00000000c3000000| Untracked 
|  29|0x00000000c3100000, 0x00000000c3100000, 0x00000000c3200000|  0%| F|  |TAMS 0x00000000c3100000, 0x00000000c3100000| Untracked 
|  30|0x00000000c3200000, 0x00000000c3200000, 0x00000000c3300000|  0%| F|  |TAMS 0x00000000c3200000, 0x00000000c3200000| Untracked 
|  31|0x00000000c3300000, 0x00000000c3300000, 0x00000000c3400000|  0%| F|  |TAMS 0x00000000c3300000, 0x00000000c3300000| Untracked 
|  32|0x00000000c3400000, 0x00000000c3400000, 0x00000000c3500000|  0%| F|  |TAMS 0x00000000c3400000, 0x00000000c3400000| Untracked 
|  33|0x00000000c3500000, 0x00000000c3500000, 0x00000000c3600000|  0%| F|  |TAMS 0x00000000c3500000, 0x00000000c3500000| Untracked 
|  34|0x00000000c3600000, 0x00000000c3600000, 0x00000000c3700000|  0%| F|  |TAMS 0x00000000c3600000, 0x00000000c3600000| Untracked 
|  35|0x00000000c3700000, 0x00000000c3700000, 0x00000000c3800000|  0%| F|  |TAMS 0x00000000c3700000, 0x00000000c3700000| Untracked 
|  36|0x00000000c3800000, 0x00000000c3800000, 0x00000000c3900000|  0%| F|  |TAMS 0x00000000c3800000, 0x00000000c3800000| Untracked 
|  37|0x00000000c3900000, 0x00000000c3900000, 0x00000000c3a00000|  0%| F|  |TAMS 0x00000000c3900000, 0x00000000c3900000| Untracked 
|  38|0x00000000c3a00000, 0x00000000c3a00000, 0x00000000c3b00000|  0%| F|  |TAMS 0x00000000c3a00000, 0x00000000c3a00000| Untracked 
|  39|0x00000000c3b00000, 0x00000000c3b00000, 0x00000000c3c00000|  0%| F|  |TAMS 0x00000000c3b00000, 0x00000000c3b00000| Untracked 
|  40|0x00000000c3c00000, 0x00000000c3c00000, 0x00000000c3d00000|  0%| F|  |TAMS 0x00000000c3c00000, 0x00000000c3c00000| Untracked 
|  41|0x00000000c3d00000, 0x00000000c3d00000, 0x00000000c3e00000|  0%| F|  |TAMS 0x00000000c3d00000, 0x00000000c3d00000| Untracked 
|  42|0x00000000c3e00000, 0x00000000c3e00000, 0x00000000c3f00000|  0%| F|  |TAMS 0x00000000c3e00000, 0x00000000c3e00000| Untracked 
|  43|0x00000000c3f00000, 0x00000000c3f00000, 0x00000000c4000000|  0%| F|  |TAMS 0x00000000c3f00000, 0x00000000c3f00000| Untracked 
|  44|0x00000000c4000000, 0x00000000c4021b78, 0x00000000c4100000| 13%| S|CS|TAMS 0x00000000c4000000, 0x00000000c4000000| Complete 
|  45|0x00000000c4100000, 0x00000000c4200000, 0x00000000c4200000|100%| S|CS|TAMS 0x00000000c4100000, 0x00000000c4100000| Complete 
|  46|0x00000000c4200000, 0x00000000c4300000, 0x00000000c4300000|100%| S|CS|TAMS 0x00000000c4200000, 0x00000000c4200000| Complete 
|  47|0x00000000c4300000, 0x00000000c4300000, 0x00000000c4400000|  0%| F|  |TAMS 0x00000000c4300000, 0x00000000c4300000| Untracked 
|  48|0x00000000c4400000, 0x00000000c4400000, 0x00000000c4500000|  0%| F|  |TAMS 0x00000000c4400000, 0x00000000c4400000| Untracked 
|  49|0x00000000c4500000, 0x00000000c4500000, 0x00000000c4600000|  0%| F|  |TAMS 0x00000000c4500000, 0x00000000c4500000| Untracked 
|  50|0x00000000c4600000, 0x00000000c4600000, 0x00000000c4700000|  0%| F|  |TAMS 0x00000000c4600000, 0x00000000c4600000| Untracked 
|  51|0x00000000c4700000, 0x00000000c4700000, 0x00000000c4800000|  0%| F|  |TAMS 0x00000000c4700000, 0x00000000c4700000| Untracked 
|  52|0x00000000c4800000, 0x00000000c4800000, 0x00000000c4900000|  0%| F|  |TAMS 0x00000000c4800000, 0x00000000c4800000| Untracked 
|  53|0x00000000c4900000, 0x00000000c49681c0, 0x00000000c4a00000| 40%| E|  |TAMS 0x00000000c4900000, 0x00000000c4900000| Complete 
|  54|0x00000000c4a00000, 0x00000000c4b00000, 0x00000000c4b00000|100%| E|CS|TAMS 0x00000000c4a00000, 0x00000000c4a00000| Complete 
|  55|0x00000000c4b00000, 0x00000000c4c00000, 0x00000000c4c00000|100%| E|CS|TAMS 0x00000000c4b00000, 0x00000000c4b00000| Complete 
|  63|0x00000000c5300000, 0x00000000c5400000, 0x00000000c5400000|100%| E|CS|TAMS 0x00000000c5300000, 0x00000000c5300000| Complete 

Card table byte_map: [0x000001dc3f0f0000,0x000001dc3f2f0000] _byte_map_base: 0x000001dc3eae6000

Marking Bits (Prev, Next): (CMBitMap*) 0x000001dc26568680, (CMBitMap*) 0x000001dc26568640
 Prev Bits: [0x000001dc404a0000, 0x000001dc41450000)
 Next Bits: [0x000001dc3f4f0000, 0x000001dc404a0000)

Polling page: 0x000001dc265f0000

Metaspace:

Usage:
  Non-class:     51.36 MB used.
      Class:      7.73 MB used.
       Both:     59.09 MB used.

Virtual space:
  Non-class space:       64.00 MB reserved,      51.63 MB ( 81%) committed,  1 nodes.
      Class space:        1.00 GB reserved,       8.00 MB ( <1%) committed,  1 nodes.
             Both:        1.06 GB reserved,      59.63 MB (  5%) committed. 

Chunk freelists:
   Non-Class:  384.00 KB
       Class:  50.00 KB
        Both:  434.00 KB

MaxMetaspaceSize: unlimited
CompressedClassSpaceSize: 1.00 GB
Initial GC threshold: 21.00 MB
Current GC threshold: 99.19 MB
CDS: on
MetaspaceReclaimPolicy: balanced
 - commit_granule_bytes: 65536.
 - commit_granule_words: 8192.
 - virtual_space_node_default_size: 8388608.
 - enlarge_chunks_in_place: 1.
 - new_chunks_are_fully_committed: 0.
 - uncommit_free_chunks: 1.
 - use_allocation_guard: 0.


Internal statistics:

num_allocs_failed_limit: 12.
num_arena_births: 800.
num_arena_deaths: 0.
num_vsnodes_births: 2.
num_vsnodes_deaths: 0.
num_space_committed: 954.
num_space_uncommitted: 0.
num_chunks_returned_to_freelist: 12.
num_chunks_taken_from_freelist: 2779.
num_chunk_merges: 6.
num_chunk_splits: 2063.
num_chunks_enlarged: 1689.
num_inconsistent_stats: 0.

CodeHeap 'non-profiled nmethods': size=120000Kb used=2744Kb max_used=2768Kb free=117255Kb
 bounds [0x000001dc37390000, 0x000001dc37680000, 0x000001dc3e8c0000]
CodeHeap 'profiled nmethods': size=120000Kb used=9129Kb max_used=9940Kb free=110870Kb
 bounds [0x000001dc2fe60000, 0x000001dc30820000, 0x000001dc37390000]
CodeHeap 'non-nmethods': size=5760Kb used=1428Kb max_used=1514Kb free=4331Kb
 bounds [0x000001dc2f8c0000, 0x000001dc2fb30000, 0x000001dc2fe60000]
 total_blobs=5280 nmethods=4596 adapters=596
 compilation: enabled
              stopped_count=0, restarted_count=0
 full_count=0

Compilation events (20 events):
Event: 17.800 Thread 0x000001dc439e0d20 5414       1       java.nio.file.FileTreeWalker$Event::type (5 bytes)
Event: 17.800 Thread 0x000001dc439e0d20 nmethod 5414 0x000001dc373fdf10 code [0x000001dc373fe0a0, 0x000001dc373fe178]
Event: 17.803 Thread 0x000001dc439e0d20 5415       2       org.springframework.core.io.FileSystemResource::hashCode (8 bytes)
Event: 17.803 Thread 0x000001dc439e0d20 nmethod 5415 0x000001dc3066ad90 code [0x000001dc3066af20, 0x000001dc3066b048]
Event: 17.803 Thread 0x000001dc439e0d20 5416       1       org.springframework.core.type.filter.AbstractTypeHierarchyTraversingFilter::matchClassName (2 bytes)
Event: 17.803 Thread 0x000001dc439e0d20 nmethod 5416 0x000001dc373fdc10 code [0x000001dc373fdda0, 0x000001dc373fde78]
Event: 17.809 Thread 0x000001dc439e0d20 5417       2       org.springframework.util.ReflectionUtils$$Lambda$472/0x0000000800ecf3e8::<init> (10 bytes)
Event: 17.809 Thread 0x000001dc439e0d20 nmethod 5417 0x000001dc3066aa10 code [0x000001dc3066aba0, 0x000001dc3066acf8]
Event: 17.810 Thread 0x000001dc439e0d20 5418       2       java.lang.invoke.MethodHandles$Lookup::unreflectConstructor (55 bytes)
Event: 17.810 Thread 0x000001dc439e0d20 nmethod 5418 0x000001dc3066a510 code [0x000001dc3066a6c0, 0x000001dc3066a8d8]
Event: 17.811 Thread 0x000001dc439e0d20 5419       1       org.springframework.web.context.support.GenericWebApplicationContext::getServletContext (5 bytes)
Event: 17.811 Thread 0x000001dc439e0d20 nmethod 5419 0x000001dc373fd910 code [0x000001dc373fdaa0, 0x000001dc373fdb78]
Event: 17.811 Thread 0x000001dc439e0d20 5420   !   2       jdk.proxy2.$Proxy48::annotationType (29 bytes)
Event: 17.811 Thread 0x000001dc439e0d20 nmethod 5420 0x000001dc30669e90 code [0x000001dc3066a060, 0x000001dc3066a338]
Event: 17.821 Thread 0x000001dc439e0d20 5421   !   2       jdk.proxy2.$Proxy30::annotationType (29 bytes)
Event: 17.821 Thread 0x000001dc439e0d20 nmethod 5421 0x000001dc30669810 code [0x000001dc306699e0, 0x000001dc30669cb8]
Event: 17.821 Thread 0x000001dc439e0d20 5422       2       org.springframework.beans.factory.support.DefaultListableBeanFactory::findAnnotationOnBean (174 bytes)
Event: 17.823 Thread 0x000001dc439e0d20 nmethod 5422 0x000001dc30668910 code [0x000001dc30668bc0, 0x000001dc306692c8]
Event: 17.823 Thread 0x000001dc439e0d20 5423   !   2       jdk.proxy2.$Proxy39::annotationType (29 bytes)
Event: 17.823 Thread 0x000001dc439e0d20 nmethod 5423 0x000001dc30354f10 code [0x000001dc303550e0, 0x000001dc303553b8]

GC Heap History (20 events):
Event: 9.970 GC heap before
{Heap before GC invocations=7 (full 0):
 garbage-first heap   total 48128K, used 32808K [0x00000000c1400000, 0x0000000100000000)
  region size 1024K, 21 young (21504K), 3 survivors (3072K)
 Metaspace       used 30197K, committed 30720K, reserved 1114112K
  class space    used 3666K, committed 3904K, reserved 1048576K
}
Event: 9.980 GC heap after
{Heap after GC invocations=8 (full 0):
 garbage-first heap   total 48128K, used 17396K [0x00000000c1400000, 0x0000000100000000)
  region size 1024K, 2 young (2048K), 2 survivors (2048K)
 Metaspace       used 30197K, committed 30720K, reserved 1114112K
  class space    used 3666K, committed 3904K, reserved 1048576K
}
Event: 11.213 GC heap before
{Heap before GC invocations=8 (full 0):
 garbage-first heap   total 48128K, used 34804K [0x00000000c1400000, 0x0000000100000000)
  region size 1024K, 19 young (19456K), 2 survivors (2048K)
 Metaspace       used 34119K, committed 34624K, reserved 1114112K
  class space    used 4293K, committed 4544K, reserved 1048576K
}
Event: 11.219 GC heap after
{Heap after GC invocations=9 (full 0):
 garbage-first heap   total 48128K, used 18190K [0x00000000c1400000, 0x0000000100000000)
  region size 1024K, 1 young (1024K), 1 survivors (1024K)
 Metaspace       used 34119K, committed 34624K, reserved 1114112K
  class space    used 4293K, committed 4544K, reserved 1048576K
}
Event: 11.526 GC heap before
{Heap before GC invocations=9 (full 0):
 garbage-first heap   total 48128K, used 23310K [0x00000000c1400000, 0x0000000100000000)
  region size 1024K, 8 young (8192K), 1 survivors (1024K)
 Metaspace       used 35521K, committed 35968K, reserved 1114112K
  class space    used 4431K, committed 4672K, reserved 1048576K
}
Event: 11.530 GC heap after
{Heap after GC invocations=10 (full 0):
 garbage-first heap   total 48128K, used 18355K [0x00000000c1400000, 0x0000000100000000)
  region size 1024K, 2 young (2048K), 2 survivors (2048K)
 Metaspace       used 35521K, committed 35968K, reserved 1114112K
  class space    used 4431K, committed 4672K, reserved 1048576K
}
Event: 12.625 GC heap before
{Heap before GC invocations=11 (full 0):
 garbage-first heap   total 48128K, used 35763K [0x00000000c1400000, 0x0000000100000000)
  region size 1024K, 20 young (20480K), 2 survivors (2048K)
 Metaspace       used 41542K, committed 42048K, reserved 1114112K
  class space    used 5117K, committed 5376K, reserved 1048576K
}
Event: 12.631 GC heap after
{Heap after GC invocations=12 (full 0):
 garbage-first heap   total 48128K, used 19329K [0x00000000c1400000, 0x0000000100000000)
  region size 1024K, 2 young (2048K), 2 survivors (2048K)
 Metaspace       used 41542K, committed 42048K, reserved 1114112K
  class space    used 5117K, committed 5376K, reserved 1048576K
}
Event: 13.607 GC heap before
{Heap before GC invocations=12 (full 0):
 garbage-first heap   total 48128K, used 36737K [0x00000000c1400000, 0x0000000100000000)
  region size 1024K, 20 young (20480K), 2 survivors (2048K)
 Metaspace       used 44729K, committed 45248K, reserved 1114112K
  class space    used 5522K, committed 5760K, reserved 1048576K
}
Event: 13.613 GC heap after
{Heap after GC invocations=13 (full 0):
 garbage-first heap   total 48128K, used 20450K [0x00000000c1400000, 0x0000000100000000)
  region size 1024K, 3 young (3072K), 3 survivors (3072K)
 Metaspace       used 44729K, committed 45248K, reserved 1114112K
  class space    used 5522K, committed 5760K, reserved 1048576K
}
Event: 14.572 GC heap before
{Heap before GC invocations=13 (full 0):
 garbage-first heap   total 48128K, used 36834K [0x00000000c1400000, 0x0000000100000000)
  region size 1024K, 20 young (20480K), 3 survivors (3072K)
 Metaspace       used 49366K, committed 49856K, reserved 1114112K
  class space    used 6284K, committed 6528K, reserved 1048576K
}
Event: 14.579 GC heap after
{Heap after GC invocations=14 (full 0):
 garbage-first heap   total 48128K, used 21377K [0x00000000c1400000, 0x0000000100000000)
  region size 1024K, 2 young (2048K), 2 survivors (2048K)
 Metaspace       used 49366K, committed 49856K, reserved 1114112K
  class space    used 6284K, committed 6528K, reserved 1048576K
}
Event: 15.492 GC heap before
{Heap before GC invocations=14 (full 0):
 garbage-first heap   total 48128K, used 37761K [0x00000000c1400000, 0x0000000100000000)
  region size 1024K, 19 young (19456K), 2 survivors (2048K)
 Metaspace       used 53033K, committed 53568K, reserved 1114112K
  class space    used 6850K, committed 7104K, reserved 1048576K
}
Event: 15.497 GC heap after
{Heap after GC invocations=15 (full 0):
 garbage-first heap   total 58368K, used 22001K [0x00000000c1400000, 0x0000000100000000)
  region size 1024K, 2 young (2048K), 2 survivors (2048K)
 Metaspace       used 53033K, committed 53568K, reserved 1114112K
  class space    used 6850K, committed 7104K, reserved 1048576K
}
Event: 16.474 GC heap before
{Heap before GC invocations=15 (full 0):
 garbage-first heap   total 58368K, used 45553K [0x00000000c1400000, 0x0000000100000000)
  region size 1024K, 25 young (25600K), 2 survivors (2048K)
 Metaspace       used 55810K, committed 56320K, reserved 1114112K
  class space    used 7192K, committed 7424K, reserved 1048576K
}
Event: 16.481 GC heap after
{Heap after GC invocations=16 (full 0):
 garbage-first heap   total 58368K, used 23452K [0x00000000c1400000, 0x0000000100000000)
  region size 1024K, 3 young (3072K), 3 survivors (3072K)
 Metaspace       used 55810K, committed 56320K, reserved 1114112K
  class space    used 7192K, committed 7424K, reserved 1048576K
}
Event: 17.338 GC heap before
{Heap before GC invocations=16 (full 0):
 garbage-first heap   total 58368K, used 44956K [0x00000000c1400000, 0x0000000100000000)
  region size 1024K, 25 young (25600K), 3 survivors (3072K)
 Metaspace       used 59517K, committed 60096K, reserved 1114112K
  class space    used 7768K, committed 8000K, reserved 1048576K
}
Event: 17.349 GC heap after
{Heap after GC invocations=17 (full 0):
 garbage-first heap   total 58368K, used 24915K [0x00000000c1400000, 0x0000000100000000)
  region size 1024K, 3 young (3072K), 3 survivors (3072K)
 Metaspace       used 59517K, committed 60096K, reserved 1114112K
  class space    used 7768K, committed 8000K, reserved 1048576K
}
Event: 17.716 GC heap before
{Heap before GC invocations=17 (full 0):
 garbage-first heap   total 58368K, used 34131K [0x00000000c1400000, 0x0000000100000000)
  region size 1024K, 13 young (13312K), 3 survivors (3072K)
 Metaspace       used 60249K, committed 60800K, reserved 1114112K
  class space    used 7867K, committed 8128K, reserved 1048576K
}
Event: 17.725 GC heap after
{Heap after GC invocations=18 (full 0):
 garbage-first heap   total 58368K, used 25572K [0x00000000c1400000, 0x0000000100000000)
  region size 1024K, 3 young (3072K), 3 survivors (3072K)
 Metaspace       used 60249K, committed 60800K, reserved 1114112K
  class space    used 7867K, committed 8128K, reserved 1048576K
}

Deoptimization events (20 events):
Event: 17.787 Thread 0x000001dc265256f0 DEOPT PACKING pc=0x000001dc303efe04 sp=0x00000078316f8920
Event: 17.787 Thread 0x000001dc265256f0 DEOPT UNPACKING pc=0x000001dc2f912b43 sp=0x00000078316f7e88 mode 1
Event: 17.787 Thread 0x000001dc265256f0 DEOPT PACKING pc=0x000001dc303efe04 sp=0x00000078316f8920
Event: 17.787 Thread 0x000001dc265256f0 DEOPT UNPACKING pc=0x000001dc2f912b43 sp=0x00000078316f7e88 mode 1
Event: 17.804 Thread 0x000001dc265256f0 DEOPT PACKING pc=0x000001dc303efe04 sp=0x00000078316f7d30
Event: 17.804 Thread 0x000001dc265256f0 DEOPT UNPACKING pc=0x000001dc2f912b43 sp=0x00000078316f7298 mode 1
Event: 17.804 Thread 0x000001dc265256f0 DEOPT PACKING pc=0x000001dc303efe04 sp=0x00000078316f7d30
Event: 17.804 Thread 0x000001dc265256f0 DEOPT UNPACKING pc=0x000001dc2f912b43 sp=0x00000078316f7298 mode 1
Event: 17.809 Thread 0x000001dc265256f0 DEOPT PACKING pc=0x000001dc303efe04 sp=0x00000078316f8920
Event: 17.809 Thread 0x000001dc265256f0 DEOPT UNPACKING pc=0x000001dc2f912b43 sp=0x00000078316f7e88 mode 1
Event: 17.809 Thread 0x000001dc265256f0 DEOPT PACKING pc=0x000001dc303efe04 sp=0x00000078316f8920
Event: 17.809 Thread 0x000001dc265256f0 DEOPT UNPACKING pc=0x000001dc2f912b43 sp=0x00000078316f7e88 mode 1
Event: 17.826 Thread 0x000001dc265256f0 DEOPT PACKING pc=0x000001dc303efe04 sp=0x00000078316f8920
Event: 17.826 Thread 0x000001dc265256f0 DEOPT UNPACKING pc=0x000001dc2f912b43 sp=0x00000078316f7e88 mode 1
Event: 17.826 Thread 0x000001dc265256f0 DEOPT PACKING pc=0x000001dc303efe04 sp=0x00000078316f8920
Event: 17.826 Thread 0x000001dc265256f0 DEOPT UNPACKING pc=0x000001dc2f912b43 sp=0x00000078316f7e88 mode 1
Event: 17.836 Thread 0x000001dc265256f0 DEOPT PACKING pc=0x000001dc303efe04 sp=0x00000078316f8920
Event: 17.836 Thread 0x000001dc265256f0 DEOPT UNPACKING pc=0x000001dc2f912b43 sp=0x00000078316f7e88 mode 1
Event: 17.836 Thread 0x000001dc265256f0 DEOPT PACKING pc=0x000001dc303efe04 sp=0x00000078316f8920
Event: 17.836 Thread 0x000001dc265256f0 DEOPT UNPACKING pc=0x000001dc2f912b43 sp=0x00000078316f7e88 mode 1

Classes loaded (20 events):
Event: 17.813 Loading class org/springframework/boot/jackson/JsonComponent
Event: 17.813 Loading class org/springframework/boot/jackson/JsonComponent done
Event: 17.831 Loading class org/springframework/data/geo/GeoModule$DistanceMixin
Event: 17.831 Loading class org/springframework/data/geo/GeoModule$DistanceMixin done
Event: 17.831 Loading class org/springframework/data/geo/GeoModule$PointMixin
Event: 17.831 Loading class org/springframework/data/geo/GeoModule$PointMixin done
Event: 17.832 Loading class org/springframework/data/geo/Box
Event: 17.832 Loading class org/springframework/data/geo/Box done
Event: 17.832 Loading class org/springframework/data/geo/Shape
Event: 17.832 Loading class org/springframework/data/geo/Shape done
Event: 17.832 Loading class org/springframework/data/geo/GeoModule$BoxMixin
Event: 17.832 Loading class org/springframework/data/geo/GeoModule$BoxMixin done
Event: 17.833 Loading class org/springframework/data/geo/Circle
Event: 17.833 Loading class org/springframework/data/geo/Circle done
Event: 17.834 Loading class org/springframework/data/geo/GeoModule$CircleMixin
Event: 17.834 Loading class org/springframework/data/geo/GeoModule$CircleMixin done
Event: 17.834 Loading class org/springframework/data/geo/Polygon
Event: 17.834 Loading class org/springframework/data/geo/Polygon done
Event: 17.835 Loading class org/springframework/data/geo/GeoModule$PolygonMixin
Event: 17.835 Loading class org/springframework/data/geo/GeoModule$PolygonMixin done

Classes unloaded (0 events):
No events

Classes redefined (0 events):
No events

Internal exceptions (20 events):
Event: 14.006 Thread 0x000001dc265256f0 Exception <a 'java/lang/NoSuchMethodError'{0x00000000c3b74af0}: 'java.lang.Object java.lang.invoke.DirectMethodHandle$Holder.invokeStaticInit(java.lang.Object, java.lang.Object, int, java.lang.Object)'> (0x00000000c3b74af0) 
thrown [s\src\hotspot\share\interpreter\linkResolver.cpp, line 759]
Event: 14.127 Thread 0x000001dc265256f0 Exception <a 'java/lang/IncompatibleClassChangeError'{0x00000000c39382b8}: Found class java.lang.Object, but interface was expected> (0x00000000c39382b8) 
thrown [s\src\hotspot\share\interpreter\linkResolver.cpp, line 826]
Event: 15.169 Thread 0x000001dc265256f0 Exception <a 'java/lang/NoSuchMethodError'{0x00000000c39c0128}: 'int java.lang.invoke.DirectMethodHandle$Holder.invokeStatic(java.lang.Object, java.lang.Object, java.lang.Object, java.lang.Object, java.lang.Object)'> (0x00000000c39c0128) 
thrown [s\src\hotspot\share\interpreter\linkResolver.cpp, line 759]
Event: 15.172 Thread 0x000001dc265256f0 Exception <a 'java/lang/NoSuchMethodError'{0x00000000c39d3a98}: 'java.lang.Object java.lang.invoke.DirectMethodHandle$Holder.newInvokeSpecial(java.lang.Object, java.lang.Object, java.lang.Object, java.lang.Object, java.lang.Object, java.lang.Object, java.lang.Object)'> (0x00000000c39d3a98) 
thrown [s\src\hotspot\share\interpreter\linkResolver.cpp, line 759]
Event: 15.282 Thread 0x000001dc265256f0 Exception <a 'java/lang/NoSuchMethodError'{0x00000000c360af50}: 'void java.lang.invoke.DirectMethodHandle$Holder.invokeSpecial(java.lang.Object, java.lang.Object, java.lang.Object, java.lang.Object, java.lang.Object, java.lang.Object, java.lang.Object, java.lang.Object)'> (0x00000000c360af50) 
thrown [s\src\hotspot\share\interpreter\linkResolver.cpp, line 759]
Event: 15.289 Thread 0x000001dc265256f0 Exception <a 'java/lang/NoSuchMethodError'{0x00000000c36392f8}: 'java.lang.Object java.lang.invoke.DirectMethodHandle$Holder.newInvokeSpecial(java.lang.Object, java.lang.Object, java.lang.Object, java.lang.Object, java.lang.Object, java.lang.Object, java.lang.Object, int)'> (0x00000000c36392f8) 
thrown [s\src\hotspot\share\interpreter\linkResolver.cpp, line 759]
Event: 15.290 Thread 0x000001dc265256f0 Exception <a 'java/lang/NoSuchMethodError'{0x00000000c363e2f8}: 'java.lang.Object java.lang.invoke.DirectMethodHandle$Holder.invokeSpecial(java.lang.Object, java.lang.Object, java.lang.Object, java.lang.Object, java.lang.Object, java.lang.Object, java.lang.Object, java.lang.Object, int)'> (0x00000000c363e2f8) 
thrown [s\src\hotspot\share\interpreter\linkResolver.cpp, line 759]
Event: 15.380 Thread 0x000001dc265256f0 Exception <a 'java/lang/NoSuchMethodError'{0x00000000c340aa90}: 'java.lang.Object java.lang.invoke.DirectMethodHandle$Holder.newInvokeSpecial(java.lang.Object, java.lang.Object, int, java.lang.Object, int, java.lang.Object, java.lang.Object, java.lang.Object)'> (0x00000000c340aa90) 
thrown [s\src\hotspot\share\interpreter\linkResolver.cpp, line 759]
Event: 15.382 Thread 0x000001dc265256f0 Exception <a 'java/lang/NoSuchMethodError'{0x00000000c3417970}: 'int java.lang.invoke.DirectMethodHandle$Holder.invokeSpecial(java.lang.Object, java.lang.Object, java.lang.Object, java.lang.Object, java.lang.Object, java.lang.Object)'> (0x00000000c3417970) 
thrown [s\src\hotspot\share\interpreter\linkResolver.cpp, line 759]
Event: 15.383 Thread 0x000001dc265256f0 Exception <a 'java/lang/NoSuchMethodError'{0x00000000c34203a8}: 'void java.lang.invoke.DirectMethodHandle$Holder.invokeSpecial(java.lang.Object, java.lang.Object, java.lang.Object, java.lang.Object, java.lang.Object, java.lang.Object, java.lang.Object)'> (0x00000000c34203a8) 
thrown [s\src\hotspot\share\interpreter\linkResolver.cpp, line 759]
Event: 15.390 Thread 0x000001dc265256f0 Exception <a 'java/lang/NoSuchMethodError'{0x00000000c344a708}: 'void java.lang.invoke.DirectMethodHandle$Holder.invokeInterface(java.lang.Object, java.lang.Object)'> (0x00000000c344a708) 
thrown [s\src\hotspot\share\interpreter\linkResolver.cpp, line 759]
Event: 15.515 Thread 0x000001dc265256f0 Exception <a 'java/lang/NoSuchMethodError'{0x00000000c535d088}: 'void java.lang.invoke.Invokers$Holder.invokeExact_MT(java.lang.Object, java.lang.Object, java.lang.Object, java.lang.Object)'> (0x00000000c535d088) 
thrown [s\src\hotspot\share\interpreter\linkResolver.cpp, line 759]
Event: 15.580 Thread 0x000001dc265256f0 Implicit null exception at 0x000001dc374eed60 to 0x000001dc374eefd0
Event: 15.690 Thread 0x000001dc265256f0 Exception <a 'java/lang/IncompatibleClassChangeError'{0x00000000c49f9c30}: Found class java.lang.Object, but interface was expected> (0x00000000c49f9c30) 
thrown [s\src\hotspot\share\interpreter\linkResolver.cpp, line 826]
Event: 15.769 Thread 0x000001dc265256f0 Exception <a 'java/lang/IncompatibleClassChangeError'{0x00000000c4791938}: Found class java.lang.Object, but interface was expected> (0x00000000c4791938) 
thrown [s\src\hotspot\share\interpreter\linkResolver.cpp, line 826]
Event: 16.248 Thread 0x000001dc265256f0 Exception <a 'java/lang/IncompatibleClassChangeError'{0x00000000c3f44c40}: Found class java.lang.Object, but interface was expected> (0x00000000c3f44c40) 
thrown [s\src\hotspot\share\interpreter\linkResolver.cpp, line 826]
Event: 17.207 Thread 0x000001dc265256f0 Exception <a 'java/lang/NoSuchMethodError'{0x00000000c39fa3e8}: 'int java.lang.invoke.DirectMethodHandle$Holder.invokeStatic(java.lang.Object)'> (0x00000000c39fa3e8) 
thrown [s\src\hotspot\share\interpreter\linkResolver.cpp, line 759]
Event: 17.381 Thread 0x000001dc265256f0 Exception <a 'java/lang/IncompatibleClassChangeError'{0x00000000c538c610}: Found class java.lang.Object, but interface was expected> (0x00000000c538c610) 
thrown [s\src\hotspot\share\interpreter\linkResolver.cpp, line 826]
Event: 17.382 Thread 0x000001dc265256f0 Exception <a 'java/lang/IncompatibleClassChangeError'{0x00000000c5392fe8}: Found class java.lang.Object, but interface was expected> (0x00000000c5392fe8) 
thrown [s\src\hotspot\share\interpreter\linkResolver.cpp, line 826]
Event: 17.607 Thread 0x000001dc265256f0 Exception <a 'java/lang/NoSuchMethodError'{0x00000000c451d700}: 'java.lang.Object java.lang.invoke.DirectMethodHandle$Holder.newInvokeSpecial(java.lang.Object, java.lang.Object, java.lang.Object, java.lang.Object, java.lang.Object, java.lang.Object, java.lang.Object, java.lang.Object)'> (0x00000000c451d700) 
thrown [s\src\hotspot\share\interpreter\linkResolver.cpp, line 759]

VM Operations (20 events):
Event: 16.474 Executing VM operation: G1CollectForAllocation
Event: 16.481 Executing VM operation: G1CollectForAllocation done
Event: 16.751 Executing VM operation: HandshakeAllThreads
Event: 16.751 Executing VM operation: HandshakeAllThreads done
Event: 17.101 Executing VM operation: HandshakeAllThreads
Event: 17.101 Executing VM operation: HandshakeAllThreads done
Event: 17.180 Executing VM operation: ICBufferFull
Event: 17.180 Executing VM operation: ICBufferFull done
Event: 17.338 Executing VM operation: G1CollectForAllocation
Event: 17.349 Executing VM operation: G1CollectForAllocation done
Event: 17.423 Executing VM operation: ChangeBreakpoints
Event: 17.424 Executing VM operation: ChangeBreakpoints done
Event: 17.424 Executing VM operation: ChangeBreakpoints
Event: 17.426 Executing VM operation: ChangeBreakpoints done
Event: 17.716 Executing VM operation: CollectForMetadataAllocation
Event: 17.725 Executing VM operation: CollectForMetadataAllocation done
Event: 17.748 Executing VM operation: HandshakeAllThreads
Event: 17.748 Executing VM operation: HandshakeAllThreads done
Event: 17.813 Executing VM operation: G1Concurrent
Event: 17.821 Executing VM operation: G1Concurrent done

Events (20 events):
Event: 14.312 Thread 0x000001dc43a5ae10 flushing nmethod 0x000001dc30732a10
Event: 14.312 Thread 0x000001dc43a5ae10 flushing nmethod 0x000001dc30739490
Event: 14.312 Thread 0x000001dc43a5ae10 flushing nmethod 0x000001dc3073a410
Event: 14.312 Thread 0x000001dc43a5ae10 flushing nmethod 0x000001dc3073b290
Event: 14.312 Thread 0x000001dc43a5ae10 flushing nmethod 0x000001dc3073d810
Event: 14.312 Thread 0x000001dc43a5ae10 flushing nmethod 0x000001dc3073e010
Event: 14.312 Thread 0x000001dc43a5ae10 flushing nmethod 0x000001dc3073ed10
Event: 14.312 Thread 0x000001dc43a5ae10 flushing nmethod 0x000001dc30740710
Event: 14.312 Thread 0x000001dc43a5ae10 flushing nmethod 0x000001dc30745190
Event: 14.312 Thread 0x000001dc43a5ae10 flushing nmethod 0x000001dc30752890
Event: 14.312 Thread 0x000001dc43a5ae10 flushing nmethod 0x000001dc30752c10
Event: 14.312 Thread 0x000001dc43a5ae10 flushing nmethod 0x000001dc30759890
Event: 14.312 Thread 0x000001dc43a5ae10 flushing nmethod 0x000001dc3076e010
Event: 14.312 Thread 0x000001dc43a5ae10 flushing nmethod 0x000001dc3077d790
Event: 14.312 Thread 0x000001dc43a5ae10 flushing nmethod 0x000001dc3077dc10
Event: 14.312 Thread 0x000001dc43a5ae10 flushing nmethod 0x000001dc3077ec10
Event: 14.312 Thread 0x000001dc43a5ae10 flushing nmethod 0x000001dc30781e90
Event: 14.312 Thread 0x000001dc43a5ae10 flushing nmethod 0x000001dc30784c90
Event: 15.304 Thread 0x000001dc49bb9020 Thread exited: 0x000001dc49bb9020
Event: 15.541 Thread 0x000001dc49bb9020 Thread added: 0x000001dc49bb9020


Dynamic libraries:
0x00007ff7ee9f0000 - 0x00007ff7ee9fd000 	C:\Users\ERIN_JAVALead\.jdks\corretto-18.0.2\bin\java.exe
0x00007ffa0aa10000 - 0x00007ffa0ac07000 	C:\WINDOWS\SYSTEM32\ntdll.dll
0x00007ffa09f00000 - 0x00007ffa09fbd000 	C:\WINDOWS\System32\KERNEL32.DLL
0x00007ffa08220000 - 0x00007ffa08516000 	C:\WINDOWS\System32\KERNELBASE.dll
0x00007ffa080f0000 - 0x00007ffa081f0000 	C:\WINDOWS\System32\ucrtbase.dll
0x00007ffa03d50000 - 0x00007ffa03d67000 	C:\Users\ERIN_JAVALead\.jdks\corretto-18.0.2\bin\jli.dll
0x00007ffa0a7c0000 - 0x00007ffa0a95e000 	C:\WINDOWS\System32\USER32.dll
0x00007ff9f1560000 - 0x00007ff9f1575000 	C:\Users\ERIN_JAVALead\.jdks\corretto-18.0.2\bin\VCRUNTIME140.dll
0x00007ff9f6800000 - 0x00007ff9f6a9a000 	C:\WINDOWS\WinSxS\amd64_microsoft.windows.common-controls_6595b64144ccf1df_6.0.19041.3570_none_60bb2a3971f3e41a\COMCTL32.dll
0x00007ffa080c0000 - 0x00007ffa080e2000 	C:\WINDOWS\System32\win32u.dll
0x00007ffa09e60000 - 0x00007ffa09efe000 	C:\WINDOWS\System32\msvcrt.dll
0x00007ffa09d40000 - 0x00007ffa09d6c000 	C:\WINDOWS\System32\GDI32.dll
0x00007ffa08790000 - 0x00007ffa088aa000 	C:\WINDOWS\System32\gdi32full.dll
0x00007ffa086f0000 - 0x00007ffa0878d000 	C:\WINDOWS\System32\msvcp_win.dll
0x00007ffa0a970000 - 0x00007ffa0a9a0000 	C:\WINDOWS\System32\IMM32.DLL
0x00007ff9f1360000 - 0x00007ff9f13fb000 	C:\Users\ERIN_JAVALead\.jdks\corretto-18.0.2\bin\msvcp140.dll
0x00007ff9d1170000 - 0x00007ff9d1de1000 	C:\Users\ERIN_JAVALead\.jdks\corretto-18.0.2\bin\server\jvm.dll
0x00007ffa0a560000 - 0x00007ffa0a60e000 	C:\WINDOWS\System32\ADVAPI32.dll
0x00007ffa09ac0000 - 0x00007ffa09b5c000 	C:\WINDOWS\System32\sechost.dll
0x00007ffa09fc0000 - 0x00007ffa0a0e6000 	C:\WINDOWS\System32\RPCRT4.dll
0x00007ffa09e50000 - 0x00007ffa09e58000 	C:\WINDOWS\System32\PSAPI.DLL
0x00007ff9f6f40000 - 0x00007ff9f6f49000 	C:\WINDOWS\SYSTEM32\WSOCK32.dll
0x00007ffa09dd0000 - 0x00007ffa09e3b000 	C:\WINDOWS\System32\WS2_32.dll
0x00007ff9e0d00000 - 0x00007ff9e0d27000 	C:\WINDOWS\SYSTEM32\WINMM.dll
0x00007ffa02440000 - 0x00007ffa0244a000 	C:\WINDOWS\SYSTEM32\VERSION.dll
0x00007ffa05f60000 - 0x00007ffa05f72000 	C:\WINDOWS\SYSTEM32\kernel.appcore.dll
0x00007ffa015d0000 - 0x00007ffa015da000 	C:\Users\ERIN_JAVALead\.jdks\corretto-18.0.2\bin\jimage.dll
0x00007ff9eeb20000 - 0x00007ff9eed04000 	C:\WINDOWS\SYSTEM32\DBGHELP.DLL
0x00007ff9edcf0000 - 0x00007ff9edd24000 	C:\WINDOWS\SYSTEM32\dbgcore.DLL
0x00007ffa088b0000 - 0x00007ffa08932000 	C:\WINDOWS\System32\bcryptPrimitives.dll
0x00007ff9ef0c0000 - 0x00007ff9ef0fa000 	C:\Users\ERIN_JAVALead\.jdks\corretto-18.0.2\bin\jdwp.dll
0x00007ff9f0860000 - 0x00007ff9f086e000 	C:\Users\ERIN_JAVALead\.jdks\corretto-18.0.2\bin\instrument.dll
0x00007ff9f1330000 - 0x00007ff9f1355000 	C:\Users\ERIN_JAVALead\.jdks\corretto-18.0.2\bin\java.dll
0x00007ff9ef100000 - 0x00007ff9ef118000 	C:\Users\ERIN_JAVALead\.jdks\corretto-18.0.2\bin\zip.dll
0x00007ff9dae60000 - 0x00007ff9daf36000 	C:\Users\ERIN_JAVALead\.jdks\corretto-18.0.2\bin\jsvml.dll
0x00007ffa08f30000 - 0x00007ffa09674000 	C:\WINDOWS\System32\SHELL32.dll
0x00007ffa06160000 - 0x00007ffa068fb000 	C:\WINDOWS\SYSTEM32\windows.storage.dll
0x00007ffa08bd0000 - 0x00007ffa08f24000 	C:\WINDOWS\System32\combase.dll
0x00007ffa07a30000 - 0x00007ffa07a5d000 	C:\WINDOWS\SYSTEM32\Wldp.dll
0x00007ffa08a40000 - 0x00007ffa08aed000 	C:\WINDOWS\System32\SHCORE.dll
0x00007ffa0a760000 - 0x00007ffa0a7b5000 	C:\WINDOWS\System32\shlwapi.dll
0x00007ffa07ff0000 - 0x00007ffa08015000 	C:\WINDOWS\SYSTEM32\profapi.dll
0x00007ff9f0570000 - 0x00007ff9f057c000 	C:\Users\ERIN_JAVALead\.jdks\corretto-18.0.2\bin\dt_socket.dll
0x00007ffa07480000 - 0x00007ffa074bb000 	C:\WINDOWS\SYSTEM32\IPHLPAPI.DLL
0x00007ffa07790000 - 0x00007ffa077fa000 	C:\WINDOWS\system32\mswsock.dll
0x00007ff9f1310000 - 0x00007ff9f1323000 	C:\Users\ERIN_JAVALead\.jdks\corretto-18.0.2\bin\net.dll
0x00007ffa01dc0000 - 0x00007ffa01eca000 	C:\WINDOWS\SYSTEM32\WINHTTP.dll
0x00007ff9efbf0000 - 0x00007ff9efc05000 	C:\Users\ERIN_JAVALead\.jdks\corretto-18.0.2\bin\nio.dll
0x00007ff9f60f0000 - 0x00007ff9f6100000 	C:\Users\ERIN_JAVALead\.jdks\corretto-18.0.2\bin\verify.dll
0x00007ffa07990000 - 0x00007ffa079a8000 	C:\WINDOWS\SYSTEM32\CRYPTSP.dll
0x00007ffa070a0000 - 0x00007ffa070d4000 	C:\WINDOWS\system32\rsaenh.dll
0x00007ffa081f0000 - 0x00007ffa08217000 	C:\WINDOWS\System32\bcrypt.dll
0x00007ffa07fb0000 - 0x00007ffa07fde000 	C:\WINDOWS\SYSTEM32\USERENV.dll
0x00007ffa07980000 - 0x00007ffa0798c000 	C:\WINDOWS\SYSTEM32\CRYPTBASE.dll
0x00007ffa0a960000 - 0x00007ffa0a968000 	C:\WINDOWS\System32\NSI.dll
0x00007ffa02050000 - 0x00007ffa02067000 	C:\WINDOWS\SYSTEM32\dhcpcsvc6.DLL
0x00007ffa02120000 - 0x00007ffa0213d000 	C:\WINDOWS\SYSTEM32\dhcpcsvc.DLL
0x00007ffa074c0000 - 0x00007ffa0758a000 	C:\WINDOWS\SYSTEM32\DNSAPI.dll
0x00007ff9eef60000 - 0x00007ff9eef6e000 	C:\Users\ERIN_JAVALead\.jdks\corretto-18.0.2\bin\sunmscapi.dll
0x00007ffa08590000 - 0x00007ffa086ed000 	C:\WINDOWS\System32\CRYPT32.dll
0x00007ffa07aa0000 - 0x00007ffa07ac7000 	C:\WINDOWS\SYSTEM32\ncrypt.dll
0x00007ffa07a60000 - 0x00007ffa07a9b000 	C:\WINDOWS\SYSTEM32\NTASN1.dll
0x00007ff9efbe0000 - 0x00007ff9efbe9000 	C:\Users\ERIN_JAVALead\.jdks\corretto-18.0.2\bin\management.dll
0x00007ff9efb90000 - 0x00007ff9efb9b000 	C:\Users\ERIN_JAVALead\.jdks\corretto-18.0.2\bin\management_ext.dll
0x00007ff9e46a0000 - 0x00007ff9e46b7000 	C:\WINDOWS\system32\napinsp.dll
0x00007ff9d9d70000 - 0x00007ff9d9d8b000 	C:\WINDOWS\system32\pnrpnsp.dll
0x00007ff9e4700000 - 0x00007ff9e4712000 	C:\WINDOWS\System32\winrnr.dll
0x00007ffa03aa0000 - 0x00007ffa03abd000 	C:\WINDOWS\system32\NLAapi.dll
0x00007ffa02ef0000 - 0x00007ffa02f05000 	C:\WINDOWS\system32\wshbth.dll
0x00007ff9f7f00000 - 0x00007ff9f7f0a000 	C:\Windows\System32\rasadhlp.dll
0x00007ff9f8010000 - 0x00007ff9f8092000 	C:\WINDOWS\System32\fwpuclnt.dll

dbghelp: loaded successfully - version: 4.0.5 - missing functions: none
symbol engine: initialized successfully - sym options: 0x614 - pdb path: .;C:\Users\ERIN_JAVALead\.jdks\corretto-18.0.2\bin;C:\WINDOWS\SYSTEM32;C:\WINDOWS\WinSxS\amd64_microsoft.windows.common-controls_6595b64144ccf1df_6.0.19041.3570_none_60bb2a3971f3e41a;C:\Users\ERIN_JAVALead\.jdks\corretto-18.0.2\bin\server

VM Arguments:
jvm_args: -agentlib:jdwp=transport=dt_socket,address=127.0.0.1:50908,suspend=y,server=n -javaagent:C:\Users\ERIN_JAVALead\AppData\Local\JetBrains\IdeaIC2021.3\captureAgent\debugger-agent.jar -Dfile.encoding=UTF-8 
java_command: com.devskiller.tasks.blog.BlogApplication
java_class_path (initial): C:\Users\ERIN_JAVALead\Downloads\devskiller-code-U32X-W3E7-T2E6-S3F\target\classes;C:\Users\ERIN_JAVALead\.m2\repository\org\springframework\boot\spring-boot-starter-data-jpa\3.0.0\spring-boot-starter-data-jpa-3.0.0.jar;C:\Users\ERIN_JAVALead\.m2\repository\org\springframework\boot\spring-boot-starter-aop\3.0.0\spring-boot-starter-aop-3.0.0.jar;C:\Users\ERIN_JAVALead\.m2\repository\org\springframework\spring-aop\6.0.2\spring-aop-6.0.2.jar;C:\Users\ERIN_JAVALead\.m2\repository\org\aspectj\aspectjweaver\1.9.9.1\aspectjweaver-1.9.9.1.jar;C:\Users\ERIN_JAVALead\.m2\repository\org\springframework\boot\spring-boot-starter-jdbc\3.0.0\spring-boot-starter-jdbc-3.0.0.jar;C:\Users\ERIN_JAVALead\.m2\repository\com\zaxxer\HikariCP\5.0.1\HikariCP-5.0.1.jar;C:\Users\ERIN_JAVALead\.m2\repository\org\springframework\spring-jdbc\6.0.2\spring-jdbc-6.0.2.jar;C:\Users\ERIN_JAVALead\.m2\repository\org\hibernate\orm\hibernate-core\6.1.5.Final\hibernate-core-6.1.5.Final.jar;C:\Users\ERIN_JAVALead\.m2\repository\jakarta\persistence\jakarta.persistence-api\3.1.0\jakarta.persistence-api-3.1.0.jar;C:\Users\ERIN_JAVALead\.m2\repository\jakarta\transaction\jakarta.transaction-api\2.0.1\jakarta.transaction-api-2.0.1.jar;C:\Users\ERIN_JAVALead\.m2\repository\org\jboss\logging\jboss-logging\3.5.0.Final\jboss-logging-3.5.0.Final.jar;C:\Users\ERIN_JAVALead\.m2\repository\org\hibernate\common\hibernate-commons-annotations\6.0.2.Final\hibernate-commons-annotations-6.0.2.Final.jar;C:\Users\ERIN_JAVALead\.m2\repository\org\jboss\jandex\2.4.2.Final\jandex-2.4.2.Final.jar;C:\Users\ERIN_JAVALead\.m2\repository\com\fasterxml\classmate\1.5.1\classmate-1.5.1.jar;C:\Users\ERIN_JAVALead\.m2\repository\net\bytebuddy\byte-buddy\1.12.19\byte-buddy-1.12.19.jar;C:\Users\ERIN_JAVALead\.m2\repository\org\glassfish\jaxb\jaxb-runtime\4.0.1\jaxb-runtime-4.0.1.jar;C:\Users\ERIN_JAVALead\.m2\repository\org\glassfish\jaxb\jaxb-core\4.0.1\jaxb-core-4.0.1.jar;C:\Users\ERIN_JAVALead\.m2\repository\org\eclipse\angus\angus-activation\1.0.0\angus-activation-1.0.0.jar;C:\Users\ERIN_JAVALead\.m2\repository\org\glassfish\jaxb\txw2\4.0.1\txw2-4.0.1.jar;C:\Users\ERIN_JAVALead\.m2\repository\com\sun\istack\istack-commons-runtime\4.1.1\istack-commons-runtime-4.1.1.jar;C:\Users\ERIN_JAVALead\.m2\repository\jakarta\inject\jakarta.inject-api\2.0.0\jakarta.inject-api-2.0.0.jar;C:\Users\ERIN_JAVALead\.m2\repository\org\antlr\antlr4-runtime\4.10.1\antlr4-runtime-4.10.1.jar;C:\Users\ERIN_JAVALead\.m2\repository\org\springframework\data\spring-data-jpa\3.0.0\spring-data-jpa-3.0.0.jar;C:\Users\ERIN_JAVALead\.m2\repository\org\springframework\data\spring-data-commons\3.0.0\spring-data-commons-3.0.0.jar;C:\Users\ERIN_JAVALead\.m2\repository\org\springframework\spring-orm\6.0.2\spring-orm-6.0.2.jar;C:\Users\ERIN_JAVALead\.m2\repository\org\springframework\spring-context\6.0.2\spring-context-6.0.2.jar;C:\Users\ERIN_JAVALead\.m2\repository\org\springframework\spring-tx\6.0.2\spring-tx-6.0.2.jar;C:\Users\ERIN_JAVALead\.m2\repository\org\springframework\spring-beans\6.0.2\spring-beans-6.0.2.jar;C:\Users\ERIN_JAVALead\.m2\repository\jakarta\annotation\jakarta.annotation-api\2.1.1\jakarta.annotation-api-2.1.1.jar;C:\Users\ERIN_JAVALead\.m2\repository\org\slf4j\slf4j-api\2.0.4\slf4j-api-2.0.4.jar;C:\Users\ERIN_JAVALead\.m2\repository\org\springframework\spring-aspects\6.0.2\spring-aspects-6.0.2.jar;C:\Users\ERIN_JAVALead\.m2\repository\org\springframework\boot\spring-boot-starter-web\2.4.2\spring-boot-starter-web-2.4.2.jar;C:\Users\ERIN_JAVALead\.m2\repository\org\springframework\boot\spring-boot-starter\3.0.0\spring-boot-starter-3.0.0.jar;C:\Users\ERIN_JAVALead\.m2\repository\org\springframework\boot\spring-boot\3.0.0\spring-boot-3.0.0.jar;C:\Users\ERIN_JAVALead\.m2\repository\org\springframework\boot\spring-boot-autoconfigure\3.0.0\spring-boot-autoconfigure-3.0.0.jar;C:\Users\ERIN_JAVALead\.m2\repository\org\springframework\boot\spring-boot-starter-logging\3.0.0\spring-boot-starter-logging-3.0.0.jar;C:\Users\ERIN_JAVALead\.m2\repository\ch\qos\logback\logback-classic\1.4.5\logback-classic-1.4.5.jar;C:\Users\ERIN_JAVALead\.m2\repository\ch\qos\logback\logback-core\1.4.5\logback-core-1.4.5.jar;C:\Users\ERIN_JAVALead\.m2\repository\org\apache\logging\log4j\log4j-to-slf4j\2.19.0\log4j-to-slf4j-2.19.0.jar;C:\Users\ERIN_JAVALead\.m2\repository\org\apache\logging\log4j\log4j-api\2.19.0\log4j-api-2.19.0.jar;C:\Users\ERIN_JAVALead\.m2\repository\org\slf4j\jul-to-slf4j\2.0.4\jul-to-slf4j-2.0.4.jar;C:\Users\ERIN_JAVALead\.m2\repository\org\yaml\snakeyaml\1.33\snakeyaml-1.33.jar;C:\Users\ERIN_JAVALead\.m2\repository\org\springframework\boot\spring-boot-starter-json\3.0.0\spring-boot-starter-json-3.0.0.jar;C:\Users\ERIN_JAVALead\.m2\repository\com\fasterxml\jackson\core\jackson-databind\2.14.1\jackson-databind-2.14.1.jar;C:\Users\ERIN_JAVALead\.m2\repository\com\fasterxml\jackson\core\jackson-annotations\2.14.1\jackson-annotations-2.14.1.jar;C:\Users\ERIN_JAVALead\.m2\repository\com\fasterxml\jackson\core\jackson-core\2.14.1\jackson-core-2.14.1.jar;C:\Users\ERIN_JAVALead\.m2\repository\com\fasterxml\jackson\datatype\jackson-datatype-jdk8\2.14.1\jackson-datatype-jdk8-2.14.1.jar;C:\Users\ERIN_JAVALead\.m2\repository\com\fasterxml\jackson\datatype\jackson-datatype-jsr310\2.14.1\jackson-datatype-jsr310-2.14.1.jar;C:\Users\ERIN_JAVALead\.m2\repository\com\fasterxml\jackson\module\jackson-module-parameter-names\2.14.1\jackson-module-parameter-names-2.14.1.jar;C:\Users\ERIN_JAVALead\.m2\repository\org\springframework\boot\spring-boot-starter-tomcat\3.0.0\spring-boot-starter-tomcat-3.0.0.jar;C:\Users\ERIN_JAVALead\.m2\repository\org\apache\tomcat\embed\tomcat-embed-core\10.1.1\tomcat-embed-core-10.1.1.jar;C:\Users\ERIN_JAVALead\.m2\repository\org\apache\tomcat\embed\tomcat-embed-el\10.1.1\tomcat-embed-el-10.1.1.jar;C:\Users\ERIN_JAVALead\.m2\repository\org\apache\tomcat\embed\tomcat-embed-websocket\10.1.1\tomcat-embed-websocket-10.1.1.jar;C:\Users\ERIN_JAVALead\.m2\repository\org\springframework\spring-web\6.0.2\spring-web-6.0.2.jar;C:\Users\ERIN_JAVALead\.m2\repository\io\micrometer\micrometer-observation\1.10.2\micrometer-observation-1.10.2.jar;C:\Users\ERIN_JAVALead\.m2\repository\io\micrometer\micrometer-commons\1.10.2\micrometer-commons-1.10.2.jar;C:\Users\ERIN_JAVALead\.m2\repository\org\springframework\spring-webmvc\6.0.2\spring-webmvc-6.0.2.jar;C:\Users\ERIN_JAVALead\.m2\repository\org\springframework\spring-expression\6.0.2\spring-expression-6.0.2.jar;C:\Users\ERIN_JAVALead\.m2\repository\com\microsoft\sqlserver\mssql-jdbc\12.4.1.jre11\mssql-jdbc-12.4.1.jre11.jar;C:\Users\ERIN_JAVALead\.m2\repository\com\h2database\h2\2.1.214\h2-2.1.214.jar;C:\Users\ERIN_JAVALead\.m2\repository\jakarta\xml\bind\jakarta.xml.bind-api\4.0.0\jakarta.xml.bind-api-4.0.0.jar;C:\Users\ERIN_JAVALead\.m2\repository\jakarta\activation\jakarta.activation-api\2.1.0\jakarta.activation-api-2.1.0.jar;C:\Users\ERIN_JAVALead\.m2\repository\org\springframework\spring-core\6.0.2\spring-core-6.0.2.jar;C:\Users\ERIN_JAVALead\.m2\repository\org\springframework\spring-jcl\6.0.2\spring-jcl-6.0.2.jar;C:\Program Files\JetBrains\IntelliJ IDEA Community Edition 2021.3.3\lib\idea_rt.jar
Launcher Type: SUN_STANDARD

[Global flags]
     intx CICompilerCount                          = 3                                         {product} {ergonomic}
     uint ConcGCThreads                            = 1                                         {product} {ergonomic}
     uint G1ConcRefinementThreads                  = 4                                         {product} {ergonomic}
   size_t G1HeapRegionSize                         = 1048576                                   {product} {ergonomic}
    uintx GCDrainStackTargetSize                   = 64                                        {product} {ergonomic}
   size_t InitialHeapSize                          = 67108864                                  {product} {ergonomic}
   size_t MarkStackSize                            = 4194304                                   {product} {ergonomic}
   size_t MaxHeapSize                              = 1052770304                                {product} {ergonomic}
   size_t MaxNewSize                               = 631242752                                 {product} {ergonomic}
   size_t MinHeapDeltaBytes                        = 1048576                                   {product} {ergonomic}
   size_t MinHeapSize                              = 8388608                                   {product} {ergonomic}
    uintx NonNMethodCodeHeapSize                   = 5832780                                {pd product} {ergonomic}
    uintx NonProfiledCodeHeapSize                  = 122912730                              {pd product} {ergonomic}
    uintx ProfiledCodeHeapSize                     = 122912730                              {pd product} {ergonomic}
    uintx ReservedCodeCacheSize                    = 251658240                              {pd product} {ergonomic}
     bool SegmentedCodeCache                       = true                                      {product} {ergonomic}
   size_t SoftMaxHeapSize                          = 1052770304                             {manageable} {ergonomic}
     bool UseCompressedClassPointers               = true                           {product lp64_product} {ergonomic}
     bool UseCompressedOops                        = true                           {product lp64_product} {ergonomic}
     bool UseG1GC                                  = true                                      {product} {ergonomic}
     bool UseLargePagesIndividualAllocation        = false                                  {pd product} {ergonomic}

Logging:
Log output configuration:
 #0: stdout all=warning uptime,level,tags foldmultilines=false
 #1: stderr all=off uptime,level,tags foldmultilines=false

Environment Variables:
PATH=C:\WINDOWS\system32;C:\WINDOWS;C:\WINDOWS\System32\Wbem;C:\WINDOWS\System32\WindowsPowerShell\v1.0\;C:\WINDOWS\System32\OpenSSH\;C:\Program Files (x86)\nodejs\;C:\Program Files (x86)\nodejs\npm;C:\Users\ERIN_JAVALead\AppData\Roaming\npm;C:\Program Files\Git\cmd;C:\Program Files (x86)\dotnet\;C:\Program Files (x86)\Microsoft SQL Server\160\DTS\Binn\;C:\Program Files\Azure Data Studio\bin;C:\Program Files (x86)\Microsoft SQL Server\160\Tools\Binn\;C:\Program Files\Microsoft SQL Server\160\Tools\Binn\;C:\Program Files\Microsoft SQL Server\Client SDK\ODBC\170\Tools\Binn\;C:\Program Files\Microsoft SQL Server\160\DTS\Binn\;C:\Users\ERIN_JAVALead\AppData\Local\Microsoft\WindowsApps;;C:\Users\ERIN_JAVALead\AppData\Local\Programs\Microsoft VS Code\bin;C:\Users\ERIN_JAVALead\AppData\Roaming\npm;C:\Program Files\Azure Data Studio\bin
USERNAME=ERIN_JAVALead
OS=Windows_NT
PROCESSOR_IDENTIFIER=Intel64 Family 6 Model 78 Stepping 3, GenuineIntel



---------------  S Y S T E M  ---------------

OS:
 Windows 10 , 64 bit Build 19041 (10.0.19041.3570)
OS uptime: 0 days 0:19 hours

CPU: total 4 (initial active 4) (2 cores per cpu, 2 threads per core) family 6 model 78 stepping 3 microcode 0xcc, cx8, cmov, fxsr, ht, mmx, 3dnowpref, sse, sse2, sse3, ssse3, sse4.1, sse4.2, popcnt, lzcnt, tsc, tscinvbit, avx, avx2, aes, erms, clmul, bmi1, bmi2, adx, fma, vzeroupper, clflush, clflushopt

Memory: 4k page, system-wide physical 4012M (347M free)
TotalPageFile size 6060M (AvailPageFile size 13M)
current process WorkingSet (physical memory assigned to process): 277M, peak: 277M
current process commit charge ("private bytes"): 308M, peak: 308M

vm_info: OpenJDK 64-Bit Server VM (18.0.2+9-FR) for windows-amd64 JRE (18.0.2+9-FR), built on Jul 15 2022 20:03:03 by "Administrator" with MS VC++ 15.9 (VS2017)

END.
