#
# There is insufficient memory for the Java Runtime Environment to continue.
# Native memory allocation (mmap) failed to map 10485760 bytes for G1 virtual space
# Possible reasons:
#   The system is out of physical RAM or swap space
#   The process is running with CompressedOops enabled, and the Java Heap may be blocking the growth of the native heap
# Possible solutions:
#   Reduce memory load on the system
#   Increase physical memory or swap space
#   Check if swap backing store is full
#   Decrease Java heap size (-Xmx/-Xms)
#   Decrease number of Java threads
#   Decrease Java thread stack sizes (-Xss)
#   Set larger code cache with -XX:ReservedCodeCacheSize=
#   JVM is running with Unscaled Compressed Oops mode in which the Java heap is
#     placed in the first 4GB address space. The Java Heap base address is the
#     maximum limit for the native heap growth. Please use -XX:HeapBaseMinAddress
#     to set the Java Heap base and to place the Java Heap above 4GB virtual address.
# This output file may be truncated or incomplete.
#
#  Out of Memory Error (os_windows.cpp:3530), pid=7372, tid=8572
#
# JRE version: OpenJDK Runtime Environment Corretto-18.0.2.9.1 (18.0.2+9) (build 18.0.2+9-FR)
# Java VM: OpenJDK 64-Bit Server VM Corretto-18.0.2.9.1 (18.0.2+9-FR, mixed mode, sharing, tiered, compressed oops, compressed class ptrs, g1 gc, windows-amd64)
# No core dump will be written. Minidumps are not enabled by default on client versions of Windows
#

---------------  S U M M A R Y ------------

Command Line: -javaagent:C:\Program Files\JetBrains\IntelliJ IDEA Community Edition 2021.3.3\lib\idea_rt.jar=53057:C:\Program Files\JetBrains\IntelliJ IDEA Community Edition 2021.3.3\bin -Dfile.encoding=UTF-8 com.devskiller.tasks.blog.BlogApplication

Host: Intel(R) Core(TM) i3-6006U CPU @ 2.00GHz, 4 cores, 3G,  Windows 10 , 64 bit Build 19041 (10.0.19041.3570)
Time: Mon Oct 30 17:59:12 2023 Central European Standard Time elapsed time: 11.884999 seconds (0d 0h 0m 11s)

---------------  T H R E A D  ---------------

Current thread (0x000001b4519205c0):  VMThread "VM Thread" [stack: 0x000000a757a00000,0x000000a757b00000] [id=8572]

Stack: [0x000000a757a00000,0x000000a757b00000]
Native frames: (J=compiled Java code, j=interpreted, Vv=VM code, C=native code)
V  [jvm.dll+0x685a2a]
V  [jvm.dll+0x82ae8d]
V  [jvm.dll+0x82c75e]
V  [jvm.dll+0x82ce03]
V  [jvm.dll+0x25ef4b]
V  [jvm.dll+0x6828ca]
V  [jvm.dll+0x67745a]
V  [jvm.dll+0x3243f9]
V  [jvm.dll+0x32ba86]
V  [jvm.dll+0x37e00a]
V  [jvm.dll+0x37e24f]
V  [jvm.dll+0x2fb50a]
V  [jvm.dll+0x2fb5b7]
V  [jvm.dll+0x33f162]
V  [jvm.dll+0x33d8f0]
V  [jvm.dll+0x2fad70]
V  [jvm.dll+0x33cecb]
V  [jvm.dll+0x831b3b]
V  [jvm.dll+0x8328c8]
V  [jvm.dll+0x832e15]
V  [jvm.dll+0x833254]
V  [jvm.dll+0x833315]
V  [jvm.dll+0x7d9cba]
V  [jvm.dll+0x6848a5]
C  [ucrtbase.dll+0x21bb2]
C  [KERNEL32.DLL+0x17344]
C  [ntdll.dll+0x526b1]

VM_Operation (0x000000a7574fbb40): G1CollectForAllocation, mode: safepoint, requested by thread 0x000001b4363d5300


---------------  P R O C E S S  ---------------

Threads class SMR info:
_java_thread_list=0x000001b4363f4ce0, length=19, elements={
0x000001b4363d5300, 0x000001b451924d70, 0x000001b4519259d0, 0x000001b45193af70,
0x000001b45193b910, 0x000001b45193c2b0, 0x000001b45193cc50, 0x000001b45193d920,
0x000001b45193ebe0, 0x000001b4519c03e0, 0x000001b43649b510, 0x000001b456090520,
0x000001b455f954c0, 0x000001b456b1b460, 0x000001b456b1c2d0, 0x000001b456b1d140,
0x000001b456b1d610, 0x000001b456b1cc70, 0x000001b456b1dae0
}

Java Threads: ( => current thread )
  0x000001b4363d5300 JavaThread "main" [_thread_blocked, id=1244, stack(0x000000a757400000,0x000000a757500000)]
  0x000001b451924d70 JavaThread "Reference Handler" daemon [_thread_blocked, id=7224, stack(0x000000a757b00000,0x000000a757c00000)]
  0x000001b4519259d0 JavaThread "Finalizer" daemon [_thread_blocked, id=8732, stack(0x000000a757c00000,0x000000a757d00000)]
  0x000001b45193af70 JavaThread "Signal Dispatcher" daemon [_thread_blocked, id=8856, stack(0x000000a757d00000,0x000000a757e00000)]
  0x000001b45193b910 JavaThread "Attach Listener" daemon [_thread_blocked, id=10092, stack(0x000000a757e00000,0x000000a757f00000)]
  0x000001b45193c2b0 JavaThread "Service Thread" daemon [_thread_blocked, id=2952, stack(0x000000a757f00000,0x000000a758000000)]
  0x000001b45193cc50 JavaThread "Monitor Deflation Thread" daemon [_thread_blocked, id=11620, stack(0x000000a758000000,0x000000a758100000)]
  0x000001b45193d920 JavaThread "C2 CompilerThread0" daemon [_thread_blocked, id=2180, stack(0x000000a758100000,0x000000a758200000)]
  0x000001b45193ebe0 JavaThread "C1 CompilerThread0" daemon [_thread_blocked, id=9404, stack(0x000000a758200000,0x000000a758300000)]
  0x000001b4519c03e0 JavaThread "Sweeper thread" daemon [_thread_blocked, id=2164, stack(0x000000a758300000,0x000000a758400000)]
  0x000001b43649b510 JavaThread "Common-Cleaner" daemon [_thread_blocked, id=8692, stack(0x000000a758400000,0x000000a758500000)]
  0x000001b456090520 JavaThread "Monitor Ctrl-Break" daemon [_thread_in_native, id=12256, stack(0x000000a758600000,0x000000a758700000)]
  0x000001b455f954c0 JavaThread "Notification Thread" daemon [_thread_blocked, id=12208, stack(0x000000a758700000,0x000000a758800000)]
  0x000001b456b1b460 JavaThread "Catalina-utility-1" [_thread_blocked, id=11864, stack(0x000000a758500000,0x000000a758600000)]
  0x000001b456b1c2d0 JavaThread "Catalina-utility-2" [_thread_blocked, id=4268, stack(0x000000a758d00000,0x000000a758e00000)]
  0x000001b456b1d140 JavaThread "container-0" [_thread_blocked, id=12984, stack(0x000000a758e00000,0x000000a758f00000)]
  0x000001b456b1d610 JavaThread "mssql-jdbc-shared-timer-core-0" daemon [_thread_blocked, id=11732, stack(0x000000a759000000,0x000000a759100000)]
  0x000001b456b1cc70 JavaThread "HikariPool-1 housekeeper" daemon [_thread_blocked, id=10692, stack(0x000000a759100000,0x000000a759200000)]
  0x000001b456b1dae0 JavaThread "HikariPool-1 connection adder" daemon [_thread_blocked, id=2776, stack(0x000000a759200000,0x000000a759300000)]

Other Threads:
=>0x000001b4519205c0 VMThread "VM Thread" [stack: 0x000000a757a00000,0x000000a757b00000] [id=8572]
  0x000001b4363d62a0 WatcherThread "VM Periodic Task Thread" [stack: 0x000000a758800000,0x000000a758900000] [id=8612]
  0x000001b436416e30 WorkerThread "GC Thread#0" [stack: 0x000000a757500000,0x000000a757600000] [id=12452]
  0x000001b4562274c0 WorkerThread "GC Thread#1" [stack: 0x000000a758900000,0x000000a758a00000] [id=8636]
  0x000001b4564c1750 WorkerThread "GC Thread#2" [stack: 0x000000a758a00000,0x000000a758b00000] [id=7172]
  0x000001b456212790 WorkerThread "GC Thread#3" [stack: 0x000000a758b00000,0x000000a758c00000] [id=9384]
  0x000001b436420af0 ConcurrentGCThread "G1 Main Marker" [stack: 0x000000a757600000,0x000000a757700000] [id=7800]
  0x000001b4364214e0 WorkerThread "G1 Conc#0" [stack: 0x000000a757700000,0x000000a757800000] [id=6700]
  0x000001b4364480a0 ConcurrentGCThread "G1 Refine#0" [stack: 0x000000a757800000,0x000000a757900000] [id=8928]
  0x000001b4561e76e0 ConcurrentGCThread "G1 Refine#1" [stack: 0x000000a758c00000,0x000000a758d00000] [id=4488]
  0x000001b4364499c0 ConcurrentGCThread "G1 Service" [stack: 0x000000a757900000,0x000000a757a00000] [id=7444]

Threads with active compile tasks:
C2 CompilerThread0    11951 4871       4       org.springframework.beans.factory.support.AbstractBeanFactory::isTypeMatch (619 bytes)

VM state: at safepoint (normal execution)

VM Mutex/Monitor currently owned by a thread:  ([mutex/lock_event])
[0x000001b4363d1270] Threads_lock - owner thread: 0x000001b4519205c0
[0x000001b4363d1300] Heap_lock - owner thread: 0x000001b4363d5300

Heap address: 0x00000000c1400000, size: 1004 MB, Compressed Oops mode: 32-bit

CDS archive(s) mapped at: [0x0000000800000000-0x0000000800ba0000-0x0000000800ba0000), size 12189696, SharedBaseAddress: 0x0000000800000000, ArchiveRelocationMode: 0.
Compressed class space mapped at: 0x0000000800c00000-0x0000000840c00000, reserved size: 1073741824
Narrow klass base: 0x0000000800000000, Narrow klass shift: 0, Narrow klass range: 0x100000000

GC Precious Log:
 CardTable entry size: 512
 Card Set container configuration: InlinePtr #cards 5 size 8 Array Of Cards #cards 12 size 40 Howl #buckets 4 coarsen threshold 1843 Howl Bitmap #cards 512 size 80 coarsen threshold 460 Card regions per heap region 1 cards per card region 2048
 CPUs: 4 total, 4 available
 Memory: 4012M
 Large Page Support: Disabled
 NUMA Support: Disabled
 Compressed Oops: Enabled (32-bit)
 Heap Region Size: 1M
 Heap Min Capacity: 8M
 Heap Initial Capacity: 64M
 Heap Max Capacity: 1004M
 Pre-touch: Disabled
 Parallel Workers: 4
 Concurrent Workers: 1
 Concurrent Refinement Workers: 4
 Periodic GC: Disabled

Heap:
 garbage-first heap   total 51200K, used 23692K [0x00000000c1400000, 0x0000000100000000)
  region size 1024K, 3 young (3072K), 3 survivors (3072K)
 Metaspace       used 54808K, committed 55360K, reserved 1114112K
  class space    used 7143K, committed 7360K, reserved 1048576K

Heap Regions: E=young(eden), S=young(survivor), O=old, HS=humongous(starts), HC=humongous(continues), CS=collection set, F=free, OA=open archive, CA=closed archive, TAMS=top-at-mark-start (previous, next)
|   0|0x00000000c1400000, 0x00000000c1500000, 0x00000000c1500000|100%|HS|  |TAMS 0x00000000c1500000, 0x00000000c1400000| Complete 
|   1|0x00000000c1500000, 0x00000000c1600000, 0x00000000c1600000|100%| O|  |TAMS 0x00000000c1600000, 0x00000000c1500000| Untracked 
|   2|0x00000000c1600000, 0x00000000c1700000, 0x00000000c1700000|100%| O|  |TAMS 0x00000000c1700000, 0x00000000c1600000| Untracked 
|   3|0x00000000c1700000, 0x00000000c1800000, 0x00000000c1800000|100%| O|  |TAMS 0x00000000c1800000, 0x00000000c1700000| Untracked 
|   4|0x00000000c1800000, 0x00000000c1900000, 0x00000000c1900000|100%| O|  |TAMS 0x00000000c1900000, 0x00000000c1800000| Untracked 
|   5|0x00000000c1900000, 0x00000000c1a00000, 0x00000000c1a00000|100%| O|  |TAMS 0x00000000c1a00000, 0x00000000c1900000| Untracked 
|   6|0x00000000c1a00000, 0x00000000c1b00000, 0x00000000c1b00000|100%| O|  |TAMS 0x00000000c1b00000, 0x00000000c1a00000| Untracked 
|   7|0x00000000c1b00000, 0x00000000c1c00000, 0x00000000c1c00000|100%| O|  |TAMS 0x00000000c1c00000, 0x00000000c1b00000| Untracked 
|   8|0x00000000c1c00000, 0x00000000c1cd7400, 0x00000000c1d00000| 84%| O|  |TAMS 0x00000000c1cd7400, 0x00000000c1c00000| Untracked 
|   9|0x00000000c1d00000, 0x00000000c1e00000, 0x00000000c1e00000|100%| O|  |TAMS 0x00000000c1e00000, 0x00000000c1d00000| Untracked 
|  10|0x00000000c1e00000, 0x00000000c1f00000, 0x00000000c1f00000|100%| O|  |TAMS 0x00000000c1f00000, 0x00000000c1e00000| Untracked 
|  11|0x00000000c1f00000, 0x00000000c2000000, 0x00000000c2000000|100%| O|  |TAMS 0x00000000c2000000, 0x00000000c1f00000| Untracked 
|  12|0x00000000c2000000, 0x00000000c2100000, 0x00000000c2100000|100%| O|  |TAMS 0x00000000c2100000, 0x00000000c2000000| Untracked 
|  13|0x00000000c2100000, 0x00000000c2200000, 0x00000000c2200000|100%| O|  |TAMS 0x00000000c2200000, 0x00000000c2100000| Untracked 
|  14|0x00000000c2200000, 0x00000000c2300000, 0x00000000c2300000|100%| O|  |TAMS 0x00000000c2300000, 0x00000000c2200000| Untracked 
|  15|0x00000000c2300000, 0x00000000c2400000, 0x00000000c2400000|100%| O|  |TAMS 0x00000000c2400000, 0x00000000c2300000| Untracked 
|  16|0x00000000c2400000, 0x00000000c2500000, 0x00000000c2500000|100%| O|  |TAMS 0x00000000c2400000, 0x00000000c2400000| Untracked 
|  17|0x00000000c2500000, 0x00000000c2600000, 0x00000000c2600000|100%| O|  |TAMS 0x00000000c2500000, 0x00000000c2500000| Untracked 
|  18|0x00000000c2600000, 0x00000000c2700000, 0x00000000c2700000|100%| O|  |TAMS 0x00000000c2600000, 0x00000000c2600000| Untracked 
|  19|0x00000000c2700000, 0x00000000c27e5c00, 0x00000000c2800000| 89%| O|  |TAMS 0x00000000c2700000, 0x00000000c2700000| Untracked 
|  20|0x00000000c2800000, 0x00000000c2900000, 0x00000000c2900000|100%| O|  |TAMS 0x00000000c283dc00, 0x00000000c2800000| Untracked 
|  21|0x00000000c2900000, 0x00000000c2900000, 0x00000000c2a00000|  0%| F|  |TAMS 0x00000000c2900000, 0x00000000c2900000| Untracked 
|  22|0x00000000c2a00000, 0x00000000c2a00000, 0x00000000c2b00000|  0%| F|  |TAMS 0x00000000c2a00000, 0x00000000c2a00000| Untracked 
|  23|0x00000000c2b00000, 0x00000000c2b00000, 0x00000000c2c00000|  0%| F|  |TAMS 0x00000000c2b00000, 0x00000000c2b00000| Untracked 
|  24|0x00000000c2c00000, 0x00000000c2c00000, 0x00000000c2d00000|  0%| F|  |TAMS 0x00000000c2c00000, 0x00000000c2c00000| Untracked 
|  25|0x00000000c2d00000, 0x00000000c2d00000, 0x00000000c2e00000|  0%| F|  |TAMS 0x00000000c2d00000, 0x00000000c2d00000| Untracked 
|  26|0x00000000c2e00000, 0x00000000c2e00000, 0x00000000c2f00000|  0%| F|  |TAMS 0x00000000c2e00000, 0x00000000c2e00000| Untracked 
|  27|0x00000000c2f00000, 0x00000000c2f00000, 0x00000000c3000000|  0%| F|  |TAMS 0x00000000c2f00000, 0x00000000c2f00000| Untracked 
|  28|0x00000000c3000000, 0x00000000c3000000, 0x00000000c3100000|  0%| F|  |TAMS 0x00000000c3000000, 0x00000000c3000000| Untracked 
|  29|0x00000000c3100000, 0x00000000c3166020, 0x00000000c3200000| 39%| S|CS|TAMS 0x00000000c3100000, 0x00000000c3100000| Complete 
|  30|0x00000000c3200000, 0x00000000c3300000, 0x00000000c3300000|100%| S|CS|TAMS 0x00000000c3200000, 0x00000000c3200000| Complete 
|  31|0x00000000c3300000, 0x00000000c3300000, 0x00000000c3400000|  0%| F|  |TAMS 0x00000000c3300000, 0x00000000c3300000| Untracked 
|  32|0x00000000c3400000, 0x00000000c3500000, 0x00000000c3500000|100%| S|CS|TAMS 0x00000000c3400000, 0x00000000c3400000| Complete 
|  33|0x00000000c3500000, 0x00000000c3500000, 0x00000000c3600000|  0%| F|  |TAMS 0x00000000c3500000, 0x00000000c3500000| Untracked 
|  34|0x00000000c3600000, 0x00000000c3600000, 0x00000000c3700000|  0%| F|  |TAMS 0x00000000c3600000, 0x00000000c3600000| Untracked 
|  35|0x00000000c3700000, 0x00000000c3700000, 0x00000000c3800000|  0%| F|  |TAMS 0x00000000c3700000, 0x00000000c3700000| Untracked 
|  36|0x00000000c3800000, 0x00000000c3800000, 0x00000000c3900000|  0%| F|  |TAMS 0x00000000c3800000, 0x00000000c3800000| Untracked 
|  37|0x00000000c3900000, 0x00000000c3900000, 0x00000000c3a00000|  0%| F|  |TAMS 0x00000000c3900000, 0x00000000c3900000| Untracked 
|  38|0x00000000c3a00000, 0x00000000c3a00000, 0x00000000c3b00000|  0%| F|  |TAMS 0x00000000c3a00000, 0x00000000c3a00000| Untracked 
|  39|0x00000000c3b00000, 0x00000000c3b00000, 0x00000000c3c00000|  0%| F|  |TAMS 0x00000000c3b00000, 0x00000000c3b00000| Untracked 
|  40|0x00000000c3c00000, 0x00000000c3c00000, 0x00000000c3d00000|  0%| F|  |TAMS 0x00000000c3c00000, 0x00000000c3c00000| Untracked 
|  41|0x00000000c3d00000, 0x00000000c3d00000, 0x00000000c3e00000|  0%| F|  |TAMS 0x00000000c3d00000, 0x00000000c3d00000| Untracked 
|  42|0x00000000c3e00000, 0x00000000c3e00000, 0x00000000c3f00000|  0%| F|  |TAMS 0x00000000c3e00000, 0x00000000c3e00000| Untracked 
|  43|0x00000000c3f00000, 0x00000000c3f00000, 0x00000000c4000000|  0%| F|  |TAMS 0x00000000c3f00000, 0x00000000c3f00000| Untracked 
|  44|0x00000000c4000000, 0x00000000c4000000, 0x00000000c4100000|  0%| F|  |TAMS 0x00000000c4000000, 0x00000000c4000000| Untracked 
|  45|0x00000000c4100000, 0x00000000c4100000, 0x00000000c4200000|  0%| F|  |TAMS 0x00000000c4100000, 0x00000000c4100000| Untracked 
|  46|0x00000000c4200000, 0x00000000c4200000, 0x00000000c4300000|  0%| F|  |TAMS 0x00000000c4200000, 0x00000000c4200000| Untracked 
|  47|0x00000000c4300000, 0x00000000c4300000, 0x00000000c4400000|  0%| F|  |TAMS 0x00000000c4300000, 0x00000000c4300000| Untracked 
|  48|0x00000000c4400000, 0x00000000c4400000, 0x00000000c4500000|  0%| F|  |TAMS 0x00000000c4400000, 0x00000000c4400000| Untracked 
|  63|0x00000000c5300000, 0x00000000c5300000, 0x00000000c5400000|  0%| F|  |TAMS 0x00000000c5300000, 0x00000000c5300000| Untracked 

Card table byte_map: [0x000001b44d1a0000,0x000001b44d3a0000] _byte_map_base: 0x000001b44cb96000

Marking Bits (Prev, Next): (CMBitMap*) 0x000001b436418440, (CMBitMap*) 0x000001b436418480
 Prev Bits: [0x000001b44d5a0000, 0x000001b44e550000)
 Next Bits: [0x000001b44e550000, 0x000001b44f500000)

Polling page: 0x000001b434550000

Metaspace:

Usage:
  Non-class:     46.55 MB used.
      Class:      6.98 MB used.
       Both:     53.52 MB used.

Virtual space:
  Non-class space:       64.00 MB reserved,      46.88 MB ( 73%) committed,  1 nodes.
      Class space:        1.00 GB reserved,       7.19 MB ( <1%) committed,  1 nodes.
             Both:        1.06 GB reserved,      54.06 MB (  5%) committed. 

Chunk freelists:
   Non-Class:  992.00 KB
       Class:  832.00 KB
        Both:  1.78 MB

MaxMetaspaceSize: unlimited
CompressedClassSpaceSize: 1.00 GB
Initial GC threshold: 21.00 MB
Current GC threshold: 59.81 MB
CDS: on
MetaspaceReclaimPolicy: balanced
 - commit_granule_bytes: 65536.
 - commit_granule_words: 8192.
 - virtual_space_node_default_size: 8388608.
 - enlarge_chunks_in_place: 1.
 - new_chunks_are_fully_committed: 0.
 - uncommit_free_chunks: 1.
 - use_allocation_guard: 0.


Internal statistics:

num_allocs_failed_limit: 9.
num_arena_births: 754.
num_arena_deaths: 0.
num_vsnodes_births: 2.
num_vsnodes_deaths: 0.
num_space_committed: 865.
num_space_uncommitted: 0.
num_chunks_returned_to_freelist: 9.
num_chunks_taken_from_freelist: 2572.
num_chunk_merges: 6.
num_chunk_splits: 1873.
num_chunks_enlarged: 1489.
num_inconsistent_stats: 0.

CodeHeap 'non-profiled nmethods': size=120000Kb used=2145Kb max_used=2145Kb free=117854Kb
 bounds [0x000001b445a70000, 0x000001b445ce0000, 0x000001b44cfa0000]
CodeHeap 'profiled nmethods': size=120000Kb used=10143Kb max_used=10143Kb free=109856Kb
 bounds [0x000001b43e540000, 0x000001b43ef30000, 0x000001b445a70000]
CodeHeap 'non-nmethods': size=5760Kb used=1356Kb max_used=1400Kb free=4403Kb
 bounds [0x000001b43dfa0000, 0x000001b43e210000, 0x000001b43e540000]
 total_blobs=5619 nmethods=4939 adapters=592
 compilation: enabled
              stopped_count=0, restarted_count=0
 full_count=0

Compilation events (20 events):
Event: 11.856 Thread 0x000001b45193ebe0 5012       2       org.springframework.data.repository.core.support.RepositoryComposition$$Lambda$1050/0x000000080132b358::<init> (10 bytes)
Event: 11.856 Thread 0x000001b45193ebe0 nmethod 5012 0x000001b43ef23f90 code [0x000001b43ef24120, 0x000001b43ef24278]
Event: 11.856 Thread 0x000001b45193ebe0 5013       2       org.springframework.core.annotation.AnnotationUtils::findAnnotation (70 bytes)
Event: 11.858 Thread 0x000001b45193ebe0 nmethod 5013 0x000001b43ef24310 code [0x000001b43ef245a0, 0x000001b43ef24dd8]
Event: 11.858 Thread 0x000001b45193ebe0 5014       2       org.springframework.data.repository.core.support.MethodLookup$$Lambda$1036/0x0000000801323550::getLookups (14 bytes)
Event: 11.859 Thread 0x000001b45193ebe0 nmethod 5014 0x000001b43ef25210 code [0x000001b43ef253c0, 0x000001b43ef25568]
Event: 11.859 Thread 0x000001b45193ebe0 5015       2       org.springframework.data.repository.core.support.MethodLookup::lambda$and$0 (37 bytes)
Event: 11.859 Thread 0x000001b45193ebe0 nmethod 5015 0x000001b43ef25690 code [0x000001b43ef25880, 0x000001b43ef25b28]
Event: 11.859 Thread 0x000001b45193ebe0 5021       2       org.springframework.data.repository.core.support.RepositoryComposition$RepositoryFragments::findMethod (83 bytes)
Event: 11.860 Thread 0x000001b45193ebe0 nmethod 5021 0x000001b43ef25d10 code [0x000001b43ef25f60, 0x000001b43ef265e8]
Event: 11.860 Thread 0x000001b45193ebe0 5016       2       org.springframework.data.repository.core.support.MethodLookups$$Lambda$1035/0x0000000801323100::getLookups (8 bytes)
Event: 11.860 Thread 0x000001b45193ebe0 nmethod 5016 0x000001b43ef26990 code [0x000001b43ef26b20, 0x000001b43ef26cd8]
Event: 11.860 Thread 0x000001b45193ebe0 5018       2       org.springframework.data.repository.core.support.MethodLookups$RepositoryAwareMethodLookup::getLookups (12 bytes)
Event: 11.861 Thread 0x000001b45193ebe0 nmethod 5018 0x000001b43ef26d90 code [0x000001b43ef26f40, 0x000001b43ef271a8]
Event: 11.861 Thread 0x000001b45193ebe0 5019       2       org.springframework.data.repository.core.support.MethodLookups$RepositoryAwareMethodLookup$$Lambda$1051/0x000000080132b568::<init> (10 bytes)
Event: 11.861 Thread 0x000001b45193ebe0 nmethod 5019 0x000001b43ef27310 code [0x000001b43ef274a0, 0x000001b43ef275f8]
Event: 11.861 Thread 0x000001b45193ebe0 5020       2       java.util.stream.Streams$ConcatSpliterator::estimateSize (51 bytes)
Event: 11.862 Thread 0x000001b45193ebe0 nmethod 5020 0x000001b43ef27690 code [0x000001b43ef27860, 0x000001b43ef27a48]
Event: 11.862 Thread 0x000001b45193ebe0 5017       2       org.springframework.data.repository.core.support.MethodLookups::lambda$direct$1 (5 bytes)
Event: 11.862 Thread 0x000001b45193ebe0 nmethod 5017 0x000001b43ef27b10 code [0x000001b43ef27ca0, 0x000001b43ef27e38]

GC Heap History (20 events):
Event: 2.482 GC heap after
{Heap after GC invocations=2 (full 0):
 garbage-first heap   total 65536K, used 7308K [0x00000000c1400000, 0x0000000100000000)
  region size 1024K, 1 young (1024K), 1 survivors (1024K)
 Metaspace       used 6699K, committed 6912K, reserved 1114112K
  class space    used 781K, committed 896K, reserved 1048576K
}
Event: 3.469 GC heap before
{Heap before GC invocations=2 (full 0):
 garbage-first heap   total 65536K, used 27788K [0x00000000c1400000, 0x0000000100000000)
  region size 1024K, 22 young (22528K), 1 survivors (1024K)
 Metaspace       used 12389K, committed 12608K, reserved 1114112K
  class space    used 1454K, committed 1536K, reserved 1048576K
}
Event: 3.476 GC heap after
{Heap after GC invocations=3 (full 0):
 garbage-first heap   total 65536K, used 9119K [0x00000000c1400000, 0x0000000100000000)
  region size 1024K, 3 young (3072K), 3 survivors (3072K)
 Metaspace       used 12389K, committed 12608K, reserved 1114112K
  class space    used 1454K, committed 1536K, reserved 1048576K
}
Event: 5.000 GC heap before
{Heap before GC invocations=3 (full 0):
 garbage-first heap   total 65536K, used 39839K [0x00000000c1400000, 0x0000000100000000)
  region size 1024K, 34 young (34816K), 3 survivors (3072K)
 Metaspace       used 17885K, committed 18112K, reserved 1114112K
  class space    used 2130K, committed 2240K, reserved 1048576K
}
Event: 5.013 GC heap after
{Heap after GC invocations=4 (full 0):
 garbage-first heap   total 65536K, used 11344K [0x00000000c1400000, 0x0000000100000000)
  region size 1024K, 4 young (4096K), 4 survivors (4096K)
 Metaspace       used 17885K, committed 18112K, reserved 1114112K
  class space    used 2130K, committed 2240K, reserved 1048576K
}
Event: 5.940 GC heap before
{Heap before GC invocations=4 (full 0):
 garbage-first heap   total 65536K, used 28752K [0x00000000c1400000, 0x0000000100000000)
  region size 1024K, 23 young (23552K), 4 survivors (4096K)
 Metaspace       used 21166K, committed 21504K, reserved 1114112K
  class space    used 2594K, committed 2752K, reserved 1048576K
}
Event: 5.960 GC heap after
{Heap after GC invocations=5 (full 0):
 garbage-first heap   total 65536K, used 13493K [0x00000000c1400000, 0x0000000100000000)
  region size 1024K, 5 young (5120K), 5 survivors (5120K)
 Metaspace       used 21166K, committed 21504K, reserved 1114112K
  class space    used 2594K, committed 2752K, reserved 1048576K
}
Event: 7.207 GC heap before
{Heap before GC invocations=6 (full 0):
 garbage-first heap   total 51200K, used 39093K [0x00000000c1400000, 0x0000000100000000)
  region size 1024K, 30 young (30720K), 5 survivors (5120K)
 Metaspace       used 27081K, committed 27520K, reserved 1114112K
  class space    used 3368K, committed 3584K, reserved 1048576K
}
Event: 7.222 GC heap after
{Heap after GC invocations=7 (full 0):
 garbage-first heap   total 51200K, used 16294K [0x00000000c1400000, 0x0000000100000000)
  region size 1024K, 4 young (4096K), 4 survivors (4096K)
 Metaspace       used 27081K, committed 27520K, reserved 1114112K
  class space    used 3368K, committed 3584K, reserved 1048576K
}
Event: 8.081 GC heap before
{Heap before GC invocations=7 (full 0):
 garbage-first heap   total 51200K, used 34726K [0x00000000c1400000, 0x0000000100000000)
  region size 1024K, 23 young (23552K), 4 survivors (4096K)
 Metaspace       used 32353K, committed 32832K, reserved 1114112K
  class space    used 4096K, committed 4352K, reserved 1048576K
}
Event: 8.092 GC heap after
{Heap after GC invocations=8 (full 0):
 garbage-first heap   total 51200K, used 18290K [0x00000000c1400000, 0x0000000100000000)
  region size 1024K, 2 young (2048K), 2 survivors (2048K)
 Metaspace       used 32353K, committed 32832K, reserved 1114112K
  class space    used 4096K, committed 4352K, reserved 1048576K
}
Event: 8.585 GC heap before
{Heap before GC invocations=8 (full 0):
 garbage-first heap   total 51200K, used 26482K [0x00000000c1400000, 0x0000000100000000)
  region size 1024K, 12 young (12288K), 2 survivors (2048K)
 Metaspace       used 35633K, committed 36096K, reserved 1114112K
  class space    used 4491K, committed 4736K, reserved 1048576K
}
Event: 8.590 GC heap after
{Heap after GC invocations=9 (full 0):
 garbage-first heap   total 51200K, used 18516K [0x00000000c1400000, 0x0000000100000000)
  region size 1024K, 2 young (2048K), 2 survivors (2048K)
 Metaspace       used 35633K, committed 36096K, reserved 1114112K
  class space    used 4491K, committed 4736K, reserved 1048576K
}
Event: 9.409 GC heap before
{Heap before GC invocations=10 (full 0):
 garbage-first heap   total 51200K, used 36948K [0x00000000c1400000, 0x0000000100000000)
  region size 1024K, 21 young (21504K), 2 survivors (2048K)
 Metaspace       used 42033K, committed 42560K, reserved 1114112K
  class space    used 5271K, committed 5504K, reserved 1048576K
}
Event: 9.416 GC heap after
{Heap after GC invocations=11 (full 0):
 garbage-first heap   total 51200K, used 19788K [0x00000000c1400000, 0x0000000100000000)
  region size 1024K, 2 young (2048K), 2 survivors (2048K)
 Metaspace       used 42033K, committed 42560K, reserved 1114112K
  class space    used 5271K, committed 5504K, reserved 1048576K
}
Event: 10.256 GC heap before
{Heap before GC invocations=11 (full 0):
 garbage-first heap   total 51200K, used 38220K [0x00000000c1400000, 0x0000000100000000)
  region size 1024K, 21 young (21504K), 2 survivors (2048K)
 Metaspace       used 46720K, committed 47232K, reserved 1114112K
  class space    used 5972K, committed 6208K, reserved 1048576K
}
Event: 10.262 GC heap after
{Heap after GC invocations=12 (full 0):
 garbage-first heap   total 51200K, used 21335K [0x00000000c1400000, 0x0000000100000000)
  region size 1024K, 3 young (3072K), 3 survivors (3072K)
 Metaspace       used 46720K, committed 47232K, reserved 1114112K
  class space    used 5972K, committed 6208K, reserved 1048576K
}
Event: 11.243 GC heap before
{Heap before GC invocations=12 (full 0):
 garbage-first heap   total 51200K, used 38743K [0x00000000c1400000, 0x0000000100000000)
  region size 1024K, 21 young (21504K), 3 survivors (3072K)
 Metaspace       used 51612K, committed 52160K, reserved 1114112K
  class space    used 6726K, committed 6976K, reserved 1048576K
}
Event: 11.249 GC heap after
{Heap after GC invocations=13 (full 0):
 garbage-first heap   total 51200K, used 22251K [0x00000000c1400000, 0x0000000100000000)
  region size 1024K, 3 young (3072K), 3 survivors (3072K)
 Metaspace       used 51612K, committed 52160K, reserved 1114112K
  class space    used 6726K, committed 6976K, reserved 1048576K
}
Event: 11.873 GC heap before
{Heap before GC invocations=13 (full 0):
 garbage-first heap   total 51200K, used 38635K [0x00000000c1400000, 0x0000000100000000)
  region size 1024K, 20 young (20480K), 3 survivors (3072K)
 Metaspace       used 54808K, committed 55360K, reserved 1114112K
  class space    used 7143K, committed 7360K, reserved 1048576K
}

Deoptimization events (20 events):
Event: 11.753 Thread 0x000001b4363d5300 Uncommon trap: trap_request=0xffffffde fr.pc=0x000001b445bc3068 relative=0x0000000000000608
Event: 11.753 Thread 0x000001b4363d5300 Uncommon trap: reason=class_check action=maybe_recompile pc=0x000001b445bc3068 method=org.springframework.util.ConcurrentReferenceHashMap$Segment.findInChain(Lorg/springframework/util/ConcurrentReferenceHashMap$Reference;Ljava/lang/Object;I)Lorg/springfra
Event: 11.753 Thread 0x000001b4363d5300 DEOPT PACKING pc=0x000001b445bc3068 sp=0x000000a7574fc5e0
Event: 11.753 Thread 0x000001b4363d5300 DEOPT UNPACKING pc=0x000001b43dff23a3 sp=0x000000a7574fc408 mode 2
Event: 11.753 Thread 0x000001b4363d5300 Uncommon trap: trap_request=0xffffffde fr.pc=0x000001b445bc3068 relative=0x0000000000000608
Event: 11.753 Thread 0x000001b4363d5300 Uncommon trap: reason=class_check action=maybe_recompile pc=0x000001b445bc3068 method=org.springframework.util.ConcurrentReferenceHashMap$Segment.findInChain(Lorg/springframework/util/ConcurrentReferenceHashMap$Reference;Ljava/lang/Object;I)Lorg/springfra
Event: 11.753 Thread 0x000001b4363d5300 DEOPT PACKING pc=0x000001b445bc3068 sp=0x000000a7574fc5e0
Event: 11.753 Thread 0x000001b4363d5300 DEOPT UNPACKING pc=0x000001b43dff23a3 sp=0x000000a7574fc408 mode 2
Event: 11.755 Thread 0x000001b4363d5300 Uncommon trap: trap_request=0xffffffde fr.pc=0x000001b445ba1c2c relative=0x000000000000020c
Event: 11.755 Thread 0x000001b4363d5300 Uncommon trap: reason=class_check action=maybe_recompile pc=0x000001b445ba1c2c method=org.springframework.util.ConcurrentReferenceHashMap$Segment.findInChain(Lorg/springframework/util/ConcurrentReferenceHashMap$Reference;Ljava/lang/Object;I)Lorg/springfra
Event: 11.755 Thread 0x000001b4363d5300 DEOPT PACKING pc=0x000001b445ba1c2c sp=0x000000a7574fc440
Event: 11.755 Thread 0x000001b4363d5300 DEOPT UNPACKING pc=0x000001b43dff23a3 sp=0x000000a7574fc3e8 mode 2
Event: 11.757 Thread 0x000001b4363d5300 Uncommon trap: trap_request=0xffffffde fr.pc=0x000001b445b8822c relative=0x00000000000010ac
Event: 11.757 Thread 0x000001b4363d5300 Uncommon trap: reason=class_check action=maybe_recompile pc=0x000001b445b8822c method=org.springframework.core.ResolvableType.calculateHashCode()I @ 23 c2
Event: 11.757 Thread 0x000001b4363d5300 DEOPT PACKING pc=0x000001b445b8822c sp=0x000000a7574fbbe0
Event: 11.757 Thread 0x000001b4363d5300 DEOPT UNPACKING pc=0x000001b43dff23a3 sp=0x000000a7574fbae8 mode 2
Event: 11.856 Thread 0x000001b4363d5300 Uncommon trap: trap_request=0xffffff45 fr.pc=0x000001b445c1eb94 relative=0x0000000000000814
Event: 11.856 Thread 0x000001b4363d5300 Uncommon trap: reason=unstable_if action=reinterpret pc=0x000001b445c1eb94 method=java.util.HashMap.putVal(ILjava/lang/Object;Ljava/lang/Object;ZZ)Ljava/lang/Object; @ 206 c2
Event: 11.856 Thread 0x000001b4363d5300 DEOPT PACKING pc=0x000001b445c1eb94 sp=0x000000a7574fc7f0
Event: 11.856 Thread 0x000001b4363d5300 DEOPT UNPACKING pc=0x000001b43dff23a3 sp=0x000000a7574fc788 mode 2

Classes loaded (20 events):
Event: 10.799 Loading class java/lang/reflect/AnnotatedArrayType
Event: 10.799 Loading class java/lang/reflect/AnnotatedArrayType done
Event: 10.862 Loading class java/lang/reflect/AnnotatedParameterizedType
Event: 10.862 Loading class java/lang/reflect/AnnotatedParameterizedType done
Event: 11.358 Loading class javax/naming/Reference
Event: 11.359 Loading class javax/naming/Reference done
Event: 11.408 Loading class java/lang/SafeVarargs
Event: 11.409 Loading class java/lang/SafeVarargs done
Event: 11.417 Loading class sun/reflect/generics/reflectiveObjects/GenericArrayTypeImpl
Event: 11.417 Loading class sun/reflect/generics/reflectiveObjects/GenericArrayTypeImpl done
Event: 11.763 Loading class java/util/WeakHashMap$KeyIterator
Event: 11.763 Loading class java/util/WeakHashMap$HashIterator
Event: 11.764 Loading class java/util/WeakHashMap$HashIterator done
Event: 11.764 Loading class java/util/WeakHashMap$KeyIterator done
Event: 11.764 Loading class java/util/WeakHashMap$EntrySet
Event: 11.764 Loading class java/util/WeakHashMap$EntrySet done
Event: 11.765 Loading class java/util/WeakHashMap$EntryIterator
Event: 11.765 Loading class java/util/WeakHashMap$EntryIterator done
Event: 11.834 Loading class java/lang/Package$1PackageInfoProxy
Event: 11.834 Loading class java/lang/Package$1PackageInfoProxy done

Classes unloaded (0 events):
No events

Classes redefined (0 events):
No events

Internal exceptions (20 events):
Event: 9.359 Thread 0x000001b4363d5300 Exception <a 'java/lang/NoSuchMethodError'{0x00000000c339f648}: 'java.lang.Object java.lang.invoke.DirectMethodHandle$Holder.newInvokeSpecial(java.lang.Object, java.lang.Object, java.lang.Object, int)'> (0x00000000c339f648) 
thrown [s\src\hotspot\share\interpreter\linkResolver.cpp, line 759]
Event: 9.359 Thread 0x000001b4363d5300 Exception <a 'java/lang/NoSuchMethodError'{0x00000000c33a3758}: 'java.lang.Object java.lang.invoke.DirectMethodHandle$Holder.invokeSpecial(java.lang.Object, java.lang.Object, java.lang.Object, java.lang.Object, int)'> (0x00000000c33a3758) 
thrown [s\src\hotspot\share\interpreter\linkResolver.cpp, line 759]
Event: 9.360 Thread 0x000001b4363d5300 Exception <a 'java/lang/NoSuchMethodError'{0x00000000c33a6e60}: 'java.lang.Object java.lang.invoke.Invokers$Holder.linkToTargetMethod(java.lang.Object, java.lang.Object, int, java.lang.Object)'> (0x00000000c33a6e60) 
thrown [s\src\hotspot\share\interpreter\linkResolver.cpp, line 759]
Event: 9.781 Thread 0x000001b4363d5300 Exception <a 'java/lang/NoSuchMethodError'{0x00000000c3d6a8d0}: 'java.lang.Object java.lang.invoke.DirectMethodHandle$Holder.newInvokeSpecial(java.lang.Object, java.lang.Object, int)'> (0x00000000c3d6a8d0) 
thrown [s\src\hotspot\share\interpreter\linkResolver.cpp, line 759]
Event: 10.148 Thread 0x000001b4363d5300 Exception <a 'java/lang/NoSuchMethodError'{0x00000000c340c308}: 'java.lang.Object java.lang.invoke.DirectMethodHandle$Holder.invokeStatic(java.lang.Object, java.lang.Object, int, java.lang.Object)'> (0x00000000c340c308) 
thrown [s\src\hotspot\share\interpreter\linkResolver.cpp, line 759]
Event: 10.148 Thread 0x000001b4363d5300 Exception <a 'java/lang/NoSuchMethodError'{0x00000000c340fd98}: 'java.lang.Object java.lang.invoke.DirectMethodHandle$Holder.invokeStaticInit(java.lang.Object, java.lang.Object, int, java.lang.Object)'> (0x00000000c340fd98) 
thrown [s\src\hotspot\share\interpreter\linkResolver.cpp, line 759]
Event: 10.228 Thread 0x000001b4363d5300 Exception <a 'java/lang/IncompatibleClassChangeError'{0x00000000c337ec88}: Found class java.lang.Object, but interface was expected> (0x00000000c337ec88) 
thrown [s\src\hotspot\share\interpreter\linkResolver.cpp, line 826]
Event: 11.101 Thread 0x000001b4363d5300 Exception <a 'java/lang/NoSuchMethodError'{0x00000000c37567f8}: 'int java.lang.invoke.DirectMethodHandle$Holder.invokeStatic(java.lang.Object, java.lang.Object, java.lang.Object, java.lang.Object, java.lang.Object)'> (0x00000000c37567f8) 
thrown [s\src\hotspot\share\interpreter\linkResolver.cpp, line 759]
Event: 11.103 Thread 0x000001b4363d5300 Exception <a 'java/lang/NoSuchMethodError'{0x00000000c376a168}: 'java.lang.Object java.lang.invoke.DirectMethodHandle$Holder.newInvokeSpecial(java.lang.Object, java.lang.Object, java.lang.Object, java.lang.Object, java.lang.Object, java.lang.Object, java.lang.Object)'> (0x00000000c376a168) 
thrown [s\src\hotspot\share\interpreter\linkResolver.cpp, line 759]
Event: 11.183 Thread 0x000001b4363d5300 Exception <a 'java/lang/NoSuchMethodError'{0x00000000c354b2c8}: 'void java.lang.invoke.DirectMethodHandle$Holder.invokeSpecial(java.lang.Object, java.lang.Object, java.lang.Object, java.lang.Object, java.lang.Object, java.lang.Object, java.lang.Object, java.lang.Object)'> (0x00000000c354b2c8) 
thrown [s\src\hotspot\share\interpreter\linkResolver.cpp, line 759]
Event: 11.188 Thread 0x000001b4363d5300 Exception <a 'java/lang/NoSuchMethodError'{0x00000000c3576bb0}: 'java.lang.Object java.lang.invoke.DirectMethodHandle$Holder.newInvokeSpecial(java.lang.Object, java.lang.Object, java.lang.Object, java.lang.Object, java.lang.Object, java.lang.Object, java.lang.Object, int)'> (0x00000000c3576bb0) 
thrown [s\src\hotspot\share\interpreter\linkResolver.cpp, line 759]
Event: 11.189 Thread 0x000001b4363d5300 Exception <a 'java/lang/NoSuchMethodError'{0x00000000c357bbb0}: 'java.lang.Object java.lang.invoke.DirectMethodHandle$Holder.invokeSpecial(java.lang.Object, java.lang.Object, java.lang.Object, java.lang.Object, java.lang.Object, java.lang.Object, java.lang.Object, java.lang.Object, int)'> (0x00000000c357bbb0) 
thrown [s\src\hotspot\share\interpreter\linkResolver.cpp, line 759]
Event: 11.242 Thread 0x000001b4363d5300 Exception <a 'java/lang/NoSuchMethodError'{0x00000000c34efc48}: 'java.lang.Object java.lang.invoke.DirectMethodHandle$Holder.newInvokeSpecial(java.lang.Object, java.lang.Object, int, java.lang.Object, int, java.lang.Object, java.lang.Object, java.lang.Object)'> (0x00000000c34efc48) 
thrown [s\src\hotspot\share\interpreter\linkResolver.cpp, line 759]
Event: 11.243 Thread 0x000001b4363d5300 Exception <a 'java/lang/NoSuchMethodError'{0x00000000c34fcb28}: 'int java.lang.invoke.DirectMethodHandle$Holder.invokeSpecial(java.lang.Object, java.lang.Object, java.lang.Object, java.lang.Object, java.lang.Object, java.lang.Object)'> (0x00000000c34fcb28) 
thrown [s\src\hotspot\share\interpreter\linkResolver.cpp, line 759]
Event: 11.250 Thread 0x000001b4363d5300 Exception <a 'java/lang/NoSuchMethodError'{0x00000000c5305aa0}: 'void java.lang.invoke.DirectMethodHandle$Holder.invokeSpecial(java.lang.Object, java.lang.Object, java.lang.Object, java.lang.Object, java.lang.Object, java.lang.Object, java.lang.Object)'> (0x00000000c5305aa0) 
thrown [s\src\hotspot\share\interpreter\linkResolver.cpp, line 759]
Event: 11.255 Thread 0x000001b4363d5300 Exception <a 'java/lang/NoSuchMethodError'{0x00000000c532fdb0}: 'void java.lang.invoke.DirectMethodHandle$Holder.invokeInterface(java.lang.Object, java.lang.Object)'> (0x00000000c532fdb0) 
thrown [s\src\hotspot\share\interpreter\linkResolver.cpp, line 759]
Event: 11.367 Thread 0x000001b4363d5300 Exception <a 'java/lang/NoSuchMethodError'{0x00000000c43d6d78}: 'void java.lang.invoke.Invokers$Holder.invokeExact_MT(java.lang.Object, java.lang.Object, java.lang.Object, java.lang.Object)'> (0x00000000c43d6d78) 
thrown [s\src\hotspot\share\interpreter\linkResolver.cpp, line 759]
Event: 11.491 Thread 0x000001b4363d5300 Exception <a 'java/lang/IncompatibleClassChangeError'{0x00000000c3f397b8}: Found class java.lang.Object, but interface was expected> (0x00000000c3f397b8) 
thrown [s\src\hotspot\share\interpreter\linkResolver.cpp, line 826]
Event: 11.554 Thread 0x000001b4363d5300 Exception <a 'java/lang/IncompatibleClassChangeError'{0x00000000c3e97e18}: Found class java.lang.Object, but interface was expected> (0x00000000c3e97e18) 
thrown [s\src\hotspot\share\interpreter\linkResolver.cpp, line 826]
Event: 11.827 Thread 0x000001b4363d5300 Exception <a 'java/lang/IncompatibleClassChangeError'{0x00000000c3758eb0}: Found class java.lang.Object, but interface was expected> (0x00000000c3758eb0) 
thrown [s\src\hotspot\share\interpreter\linkResolver.cpp, line 826]

VM Operations (20 events):
Event: 8.684 Executing VM operation: HandshakeAllThreads done
Event: 8.691 Executing VM operation: HandshakeAllThreads
Event: 8.691 Executing VM operation: HandshakeAllThreads done
Event: 8.864 Executing VM operation: HandshakeAllThreads
Event: 8.864 Executing VM operation: HandshakeAllThreads done
Event: 8.865 Executing VM operation: HandshakeAllThreads
Event: 8.865 Executing VM operation: HandshakeAllThreads done
Event: 9.409 Executing VM operation: G1CollectForAllocation
Event: 9.416 Executing VM operation: G1CollectForAllocation done
Event: 10.256 Executing VM operation: G1CollectForAllocation
Event: 10.262 Executing VM operation: G1CollectForAllocation done
Event: 10.541 Executing VM operation: HandshakeAllThreads
Event: 10.541 Executing VM operation: HandshakeAllThreads done
Event: 11.243 Executing VM operation: G1CollectForAllocation
Event: 11.249 Executing VM operation: G1CollectForAllocation done
Event: 11.737 Executing VM operation: HandshakeAllThreads
Event: 11.737 Executing VM operation: HandshakeAllThreads done
Event: 11.781 Executing VM operation: ICBufferFull
Event: 11.781 Executing VM operation: ICBufferFull done
Event: 11.873 Executing VM operation: G1CollectForAllocation

Events (20 events):
Event: 0.507 Thread 0x000001b455dd1000 Thread added: 0x000001b455dd1000
Event: 0.621 Loaded shared library C:\Program Files\JetBrains\IntelliJ IDEA Community Edition 2021.3.3\bin\breakgen64.dll
Event: 0.623 Thread 0x000001b456090520 Thread added: 0x000001b456090520
Event: 0.623 Thread 0x000001b455f954c0 Thread added: 0x000001b455f954c0
Event: 0.717 Loaded shared library C:\Users\ERIN_JAVALead\.jdks\corretto-18.0.2\bin\jimage.dll
Event: 1.437 Thread 0x000001b455dd1000 Thread exited: 0x000001b455dd1000
Event: 2.905 Thread 0x000001b45694cd70 Thread added: 0x000001b45694cd70
Event: 3.154 Loaded shared library C:\Users\ERIN_JAVALead\.jdks\corretto-18.0.2\bin\verify.dll
Event: 3.778 Thread 0x000001b45694cd70 Thread exited: 0x000001b45694cd70
Event: 3.972 Thread 0x000001b456a52a40 Thread added: 0x000001b456a52a40
Event: 4.062 Thread 0x000001b456a52a40 Thread exited: 0x000001b456a52a40
Event: 6.939 Loaded shared library C:\Users\ERIN_JAVALead\.jdks\corretto-18.0.2\bin\sunmscapi.dll
Event: 6.950 Loaded shared library C:\Users\ERIN_JAVALead\.jdks\corretto-18.0.2\bin\management.dll
Event: 6.954 Loaded shared library C:\Users\ERIN_JAVALead\.jdks\corretto-18.0.2\bin\management_ext.dll
Event: 7.164 Thread 0x000001b456b1b460 Thread added: 0x000001b456b1b460
Event: 7.167 Thread 0x000001b456b1c2d0 Thread added: 0x000001b456b1c2d0
Event: 7.173 Thread 0x000001b456b1d140 Thread added: 0x000001b456b1d140
Event: 8.890 Thread 0x000001b456b1d610 Thread added: 0x000001b456b1d610
Event: 8.989 Thread 0x000001b456b1cc70 Thread added: 0x000001b456b1cc70
Event: 9.108 Thread 0x000001b456b1dae0 Thread added: 0x000001b456b1dae0


Dynamic libraries:
0x00007ff705e00000 - 0x00007ff705e0d000 	C:\Users\ERIN_JAVALead\.jdks\corretto-18.0.2\bin\java.exe
0x00007ffe83750000 - 0x00007ffe83947000 	C:\WINDOWS\SYSTEM32\ntdll.dll
0x00007ffe82740000 - 0x00007ffe827fd000 	C:\WINDOWS\System32\KERNEL32.DLL
0x00007ffe81200000 - 0x00007ffe814f6000 	C:\WINDOWS\System32\KERNELBASE.dll
0x00007ffe80ff0000 - 0x00007ffe810f0000 	C:\WINDOWS\System32\ucrtbase.dll
0x00007ffe6cfc0000 - 0x00007ffe6cfd7000 	C:\Users\ERIN_JAVALead\.jdks\corretto-18.0.2\bin\jli.dll
0x00007ffe65f40000 - 0x00007ffe65f55000 	C:\Users\ERIN_JAVALead\.jdks\corretto-18.0.2\bin\VCRUNTIME140.dll
0x00007ffe81cf0000 - 0x00007ffe81e8e000 	C:\WINDOWS\System32\USER32.dll
0x00007ffe811a0000 - 0x00007ffe811c2000 	C:\WINDOWS\System32\win32u.dll
0x00007ffe82a60000 - 0x00007ffe82a8c000 	C:\WINDOWS\System32\GDI32.dll
0x00007ffe6bfb0000 - 0x00007ffe6c24a000 	C:\WINDOWS\WinSxS\amd64_microsoft.windows.common-controls_6595b64144ccf1df_6.0.19041.3570_none_60bb2a3971f3e41a\COMCTL32.dll
0x00007ffe815f0000 - 0x00007ffe8170a000 	C:\WINDOWS\System32\gdi32full.dll
0x00007ffe81500000 - 0x00007ffe8159d000 	C:\WINDOWS\System32\msvcp_win.dll
0x00007ffe81780000 - 0x00007ffe8181e000 	C:\WINDOWS\System32\msvcrt.dll
0x00007ffe818e0000 - 0x00007ffe81910000 	C:\WINDOWS\System32\IMM32.DLL
0x00007ffe5f180000 - 0x00007ffe5f21b000 	C:\Users\ERIN_JAVALead\.jdks\corretto-18.0.2\bin\msvcp140.dll
0x00007ffe3e1d0000 - 0x00007ffe3ee41000 	C:\Users\ERIN_JAVALead\.jdks\corretto-18.0.2\bin\server\jvm.dll
0x00007ffe833c0000 - 0x00007ffe8346e000 	C:\WINDOWS\System32\ADVAPI32.dll
0x00007ffe82a90000 - 0x00007ffe82b2c000 	C:\WINDOWS\System32\sechost.dll
0x00007ffe834d0000 - 0x00007ffe835f6000 	C:\WINDOWS\System32\RPCRT4.dll
0x00007ffe822c0000 - 0x00007ffe822c8000 	C:\WINDOWS\System32\PSAPI.DLL
0x00007ffe7c940000 - 0x00007ffe7c949000 	C:\WINDOWS\SYSTEM32\WSOCK32.dll
0x00007ffe81910000 - 0x00007ffe8197b000 	C:\WINDOWS\System32\WS2_32.dll
0x00007ffe60c10000 - 0x00007ffe60c37000 	C:\WINDOWS\SYSTEM32\WINMM.dll
0x00007ffe7ba10000 - 0x00007ffe7ba1a000 	C:\WINDOWS\SYSTEM32\VERSION.dll
0x00007ffe7eca0000 - 0x00007ffe7ecb2000 	C:\WINDOWS\SYSTEM32\kernel.appcore.dll
0x00007ffe6e480000 - 0x00007ffe6e48a000 	C:\Users\ERIN_JAVALead\.jdks\corretto-18.0.2\bin\jimage.dll
0x00007ffe6df40000 - 0x00007ffe6e124000 	C:\WINDOWS\SYSTEM32\DBGHELP.DLL
0x00007ffe6de40000 - 0x00007ffe6de74000 	C:\WINDOWS\SYSTEM32\dbgcore.DLL
0x00007ffe80f60000 - 0x00007ffe80fe2000 	C:\WINDOWS\System32\bcryptPrimitives.dll
0x00007ffe6e130000 - 0x00007ffe6e13e000 	C:\Users\ERIN_JAVALead\.jdks\corretto-18.0.2\bin\instrument.dll
0x00007ffe64540000 - 0x00007ffe64565000 	C:\Users\ERIN_JAVALead\.jdks\corretto-18.0.2\bin\java.dll
0x00007ffe4cde0000 - 0x00007ffe4ceb6000 	C:\Users\ERIN_JAVALead\.jdks\corretto-18.0.2\bin\jsvml.dll
0x00007ffe82be0000 - 0x00007ffe83324000 	C:\WINDOWS\System32\SHELL32.dll
0x00007ffe7eea0000 - 0x00007ffe7f63b000 	C:\WINDOWS\SYSTEM32\windows.storage.dll
0x00007ffe81f60000 - 0x00007ffe822b4000 	C:\WINDOWS\System32\combase.dll
0x00007ffe80770000 - 0x00007ffe8079d000 	C:\WINDOWS\SYSTEM32\Wldp.dll
0x00007ffe82b30000 - 0x00007ffe82bdd000 	C:\WINDOWS\System32\SHCORE.dll
0x00007ffe81c90000 - 0x00007ffe81ce5000 	C:\WINDOWS\System32\shlwapi.dll
0x00007ffe80d30000 - 0x00007ffe80d55000 	C:\WINDOWS\SYSTEM32\profapi.dll
0x00007ffe628d0000 - 0x00007ffe628e8000 	C:\Users\ERIN_JAVALead\.jdks\corretto-18.0.2\bin\zip.dll
0x00007ffe62910000 - 0x00007ffe62923000 	C:\Users\ERIN_JAVALead\.jdks\corretto-18.0.2\bin\net.dll
0x00007ffe7a590000 - 0x00007ffe7a69a000 	C:\WINDOWS\SYSTEM32\WINHTTP.dll
0x00007ffe804d0000 - 0x00007ffe8053a000 	C:\WINDOWS\system32\mswsock.dll
0x00007ffe628f0000 - 0x00007ffe62905000 	C:\Users\ERIN_JAVALead\.jdks\corretto-18.0.2\bin\nio.dll
0x00007ffe60bf0000 - 0x00007ffe60c0a000 	C:\Program Files\JetBrains\IntelliJ IDEA Community Edition 2021.3.3\bin\breakgen64.dll
0x00007ffe65e30000 - 0x00007ffe65e40000 	C:\Users\ERIN_JAVALead\.jdks\corretto-18.0.2\bin\verify.dll
0x00007ffe806d0000 - 0x00007ffe806e8000 	C:\WINDOWS\SYSTEM32\CRYPTSP.dll
0x00007ffe7fde0000 - 0x00007ffe7fe14000 	C:\WINDOWS\system32\rsaenh.dll
0x00007ffe811d0000 - 0x00007ffe811f7000 	C:\WINDOWS\System32\bcrypt.dll
0x00007ffe80cf0000 - 0x00007ffe80d1e000 	C:\WINDOWS\SYSTEM32\USERENV.dll
0x00007ffe806c0000 - 0x00007ffe806cc000 	C:\WINDOWS\SYSTEM32\CRYPTBASE.dll
0x00007ffe801c0000 - 0x00007ffe801fb000 	C:\WINDOWS\SYSTEM32\IPHLPAPI.DLL
0x00007ffe82920000 - 0x00007ffe82928000 	C:\WINDOWS\System32\NSI.dll
0x00007ffe7ac40000 - 0x00007ffe7ac57000 	C:\WINDOWS\SYSTEM32\dhcpcsvc6.DLL
0x00007ffe7aca0000 - 0x00007ffe7acbd000 	C:\WINDOWS\SYSTEM32\dhcpcsvc.DLL
0x00007ffe80200000 - 0x00007ffe802ca000 	C:\WINDOWS\SYSTEM32\DNSAPI.dll
0x00007ffe61820000 - 0x00007ffe6182e000 	C:\Users\ERIN_JAVALead\.jdks\corretto-18.0.2\bin\sunmscapi.dll
0x00007ffe80e00000 - 0x00007ffe80f5d000 	C:\WINDOWS\System32\CRYPT32.dll
0x00007ffe807e0000 - 0x00007ffe80807000 	C:\WINDOWS\SYSTEM32\ncrypt.dll
0x00007ffe807a0000 - 0x00007ffe807db000 	C:\WINDOWS\SYSTEM32\NTASN1.dll
0x00007ffe65dd0000 - 0x00007ffe65dd9000 	C:\Users\ERIN_JAVALead\.jdks\corretto-18.0.2\bin\management.dll
0x00007ffe643c0000 - 0x00007ffe643cb000 	C:\Users\ERIN_JAVALead\.jdks\corretto-18.0.2\bin\management_ext.dll
0x00007ffe5cca0000 - 0x00007ffe5ccb7000 	C:\WINDOWS\system32\napinsp.dll
0x00007ffe541f0000 - 0x00007ffe5420b000 	C:\WINDOWS\system32\pnrpnsp.dll
0x00007ffe541d0000 - 0x00007ffe541e2000 	C:\WINDOWS\System32\winrnr.dll
0x00007ffe7c7e0000 - 0x00007ffe7c7fd000 	C:\WINDOWS\system32\NLAapi.dll
0x00007ffe7bc80000 - 0x00007ffe7bc95000 	C:\WINDOWS\system32\wshbth.dll
0x00007ffe78ce0000 - 0x00007ffe78cea000 	C:\Windows\System32\rasadhlp.dll
0x00007ffe78d20000 - 0x00007ffe78da2000 	C:\WINDOWS\System32\fwpuclnt.dll

dbghelp: loaded successfully - version: 4.0.5 - missing functions: none
symbol engine: initialized successfully - sym options: 0x614 - pdb path: .;C:\Users\ERIN_JAVALead\.jdks\corretto-18.0.2\bin;C:\WINDOWS\SYSTEM32;C:\WINDOWS\WinSxS\amd64_microsoft.windows.common-controls_6595b64144ccf1df_6.0.19041.3570_none_60bb2a3971f3e41a;C:\Users\ERIN_JAVALead\.jdks\corretto-18.0.2\bin\server;C:\Program Files\JetBrains\IntelliJ IDEA Community Edition 2021.3.3\bin

VM Arguments:
jvm_args: -javaagent:C:\Program Files\JetBrains\IntelliJ IDEA Community Edition 2021.3.3\lib\idea_rt.jar=53057:C:\Program Files\JetBrains\IntelliJ IDEA Community Edition 2021.3.3\bin -Dfile.encoding=UTF-8 
java_command: com.devskiller.tasks.blog.BlogApplication
java_class_path (initial): C:\Users\ERIN_JAVALead\Downloads\devskiller-code-U32X-W3E7-T2E6-S3F\target\classes;C:\Users\ERIN_JAVALead\.m2\repository\org\springframework\boot\spring-boot-starter-data-jpa\3.0.0\spring-boot-starter-data-jpa-3.0.0.jar;C:\Users\ERIN_JAVALead\.m2\repository\org\springframework\boot\spring-boot-starter-aop\3.0.0\spring-boot-starter-aop-3.0.0.jar;C:\Users\ERIN_JAVALead\.m2\repository\org\springframework\spring-aop\6.0.2\spring-aop-6.0.2.jar;C:\Users\ERIN_JAVALead\.m2\repository\org\aspectj\aspectjweaver\1.9.9.1\aspectjweaver-1.9.9.1.jar;C:\Users\ERIN_JAVALead\.m2\repository\org\springframework\boot\spring-boot-starter-jdbc\3.0.0\spring-boot-starter-jdbc-3.0.0.jar;C:\Users\ERIN_JAVALead\.m2\repository\com\zaxxer\HikariCP\5.0.1\HikariCP-5.0.1.jar;C:\Users\ERIN_JAVALead\.m2\repository\org\springframework\spring-jdbc\6.0.2\spring-jdbc-6.0.2.jar;C:\Users\ERIN_JAVALead\.m2\repository\org\hibernate\orm\hibernate-core\6.1.5.Final\hibernate-core-6.1.5.Final.jar;C:\Users\ERIN_JAVALead\.m2\repository\jakarta\persistence\jakarta.persistence-api\3.1.0\jakarta.persistence-api-3.1.0.jar;C:\Users\ERIN_JAVALead\.m2\repository\jakarta\transaction\jakarta.transaction-api\2.0.1\jakarta.transaction-api-2.0.1.jar;C:\Users\ERIN_JAVALead\.m2\repository\org\jboss\logging\jboss-logging\3.5.0.Final\jboss-logging-3.5.0.Final.jar;C:\Users\ERIN_JAVALead\.m2\repository\org\hibernate\common\hibernate-commons-annotations\6.0.2.Final\hibernate-commons-annotations-6.0.2.Final.jar;C:\Users\ERIN_JAVALead\.m2\repository\org\jboss\jandex\2.4.2.Final\jandex-2.4.2.Final.jar;C:\Users\ERIN_JAVALead\.m2\repository\com\fasterxml\classmate\1.5.1\classmate-1.5.1.jar;C:\Users\ERIN_JAVALead\.m2\repository\net\bytebuddy\byte-buddy\1.12.19\byte-buddy-1.12.19.jar;C:\Users\ERIN_JAVALead\.m2\repository\org\glassfish\jaxb\jaxb-runtime\4.0.1\jaxb-runtime-4.0.1.jar;C:\Users\ERIN_JAVALead\.m2\repository\org\glassfish\jaxb\jaxb-core\4.0.1\jaxb-core-4.0.1.jar;C:\Users\ERIN_JAVALead\.m2\repository\org\eclipse\angus\angus-activation\1.0.0\angus-activation-1.0.0.jar;C:\Users\ERIN_JAVALead\.m2\repository\org\glassfish\jaxb\txw2\4.0.1\txw2-4.0.1.jar;C:\Users\ERIN_JAVALead\.m2\repository\com\sun\istack\istack-commons-runtime\4.1.1\istack-commons-runtime-4.1.1.jar;C:\Users\ERIN_JAVALead\.m2\repository\jakarta\inject\jakarta.inject-api\2.0.0\jakarta.inject-api-2.0.0.jar;C:\Users\ERIN_JAVALead\.m2\repository\org\antlr\antlr4-runtime\4.10.1\antlr4-runtime-4.10.1.jar;C:\Users\ERIN_JAVALead\.m2\repository\org\springframework\data\spring-data-jpa\3.0.0\spring-data-jpa-3.0.0.jar;C:\Users\ERIN_JAVALead\.m2\repository\org\springframework\data\spring-data-commons\3.0.0\spring-data-commons-3.0.0.jar;C:\Users\ERIN_JAVALead\.m2\repository\org\springframework\spring-orm\6.0.2\spring-orm-6.0.2.jar;C:\Users\ERIN_JAVALead\.m2\repository\org\springframework\spring-context\6.0.2\spring-context-6.0.2.jar;C:\Users\ERIN_JAVALead\.m2\repository\org\springframework\spring-tx\6.0.2\spring-tx-6.0.2.jar;C:\Users\ERIN_JAVALead\.m2\repository\org\springframework\spring-beans\6.0.2\spring-beans-6.0.2.jar;C:\Users\ERIN_JAVALead\.m2\repository\jakarta\annotation\jakarta.annotation-api\2.1.1\jakarta.annotation-api-2.1.1.jar;C:\Users\ERIN_JAVALead\.m2\repository\org\slf4j\slf4j-api\2.0.4\slf4j-api-2.0.4.jar;C:\Users\ERIN_JAVALead\.m2\repository\org\springframework\spring-aspects\6.0.2\spring-aspects-6.0.2.jar;C:\Users\ERIN_JAVALead\.m2\repository\org\springframework\boot\spring-boot-starter-web\2.4.2\spring-boot-starter-web-2.4.2.jar;C:\Users\ERIN_JAVALead\.m2\repository\org\springframework\boot\spring-boot-starter\3.0.0\spring-boot-starter-3.0.0.jar;C:\Users\ERIN_JAVALead\.m2\repository\org\springframework\boot\spring-boot\3.0.0\spring-boot-3.0.0.jar;C:\Users\ERIN_JAVALead\.m2\repository\org\springframework\boot\spring-boot-autoconfigure\3.0.0\spring-boot-autoconfigure-3.0.0.jar;C:\Users\ERIN_JAVALead\.m2\repository\org\springframework\boot\spring-boot-starter-logging\3.0.0\spring-boot-starter-logging-3.0.0.jar;C:\Users\ERIN_JAVALead\.m2\repository\ch\qos\logback\logback-classic\1.4.5\logback-classic-1.4.5.jar;C:\Users\ERIN_JAVALead\.m2\repository\ch\qos\logback\logback-core\1.4.5\logback-core-1.4.5.jar;C:\Users\ERIN_JAVALead\.m2\repository\org\apache\logging\log4j\log4j-to-slf4j\2.19.0\log4j-to-slf4j-2.19.0.jar;C:\Users\ERIN_JAVALead\.m2\repository\org\slf4j\jul-to-slf4j\2.0.4\jul-to-slf4j-2.0.4.jar;C:\Users\ERIN_JAVALead\.m2\repository\org\yaml\snakeyaml\1.33\snakeyaml-1.33.jar;C:\Users\ERIN_JAVALead\.m2\repository\org\springframework\boot\spring-boot-starter-json\3.0.0\spring-boot-starter-json-3.0.0.jar;C:\Users\ERIN_JAVALead\.m2\repository\com\fasterxml\jackson\core\jackson-databind\2.14.1\jackson-databind-2.14.1.jar;C:\Users\ERIN_JAVALead\.m2\repository\com\fasterxml\jackson\core\jackson-annotations\2.14.1\jackson-annotations-2.14.1.jar;C:\Users\ERIN_JAVALead\.m2\repository\com\fasterxml\jackson\core\jackson-core\2.14.1\jackson-core-2.14.1.jar;C:\Users\ERIN_JAVALead\.m2\repository\com\fasterxml\jackson\datatype\jackson-datatype-jdk8\2.14.1\jackson-datatype-jdk8-2.14.1.jar;C:\Users\ERIN_JAVALead\.m2\repository\com\fasterxml\jackson\datatype\jackson-datatype-jsr310\2.14.1\jackson-datatype-jsr310-2.14.1.jar;C:\Users\ERIN_JAVALead\.m2\repository\com\fasterxml\jackson\module\jackson-module-parameter-names\2.14.1\jackson-module-parameter-names-2.14.1.jar;C:\Users\ERIN_JAVALead\.m2\repository\org\springframework\boot\spring-boot-starter-tomcat\3.0.0\spring-boot-starter-tomcat-3.0.0.jar;C:\Users\ERIN_JAVALead\.m2\repository\org\apache\tomcat\embed\tomcat-embed-core\10.1.1\tomcat-embed-core-10.1.1.jar;C:\Users\ERIN_JAVALead\.m2\repository\org\apache\tomcat\embed\tomcat-embed-el\10.1.1\tomcat-embed-el-10.1.1.jar;C:\Users\ERIN_JAVALead\.m2\repository\org\apache\tomcat\embed\tomcat-embed-websocket\10.1.1\tomcat-embed-websocket-10.1.1.jar;C:\Users\ERIN_JAVALead\.m2\repository\org\springframework\spring-web\6.0.2\spring-web-6.0.2.jar;C:\Users\ERIN_JAVALead\.m2\repository\io\micrometer\micrometer-observation\1.10.2\micrometer-observation-1.10.2.jar;C:\Users\ERIN_JAVALead\.m2\repository\io\micrometer\micrometer-commons\1.10.2\micrometer-commons-1.10.2.jar;C:\Users\ERIN_JAVALead\.m2\repository\org\springframework\spring-webmvc\6.0.2\spring-webmvc-6.0.2.jar;C:\Users\ERIN_JAVALead\.m2\repository\org\springframework\spring-expression\6.0.2\spring-expression-6.0.2.jar;C:\Users\ERIN_JAVALead\.m2\repository\com\microsoft\sqlserver\mssql-jdbc\12.4.1.jre11\mssql-jdbc-12.4.1.jre11.jar;C:\Users\ERIN_JAVALead\.m2\repository\com\h2database\h2\2.1.214\h2-2.1.214.jar;C:\Users\ERIN_JAVALead\.m2\repository\jakarta\xml\bind\jakarta.xml.bind-api\4.0.0\jakarta.xml.bind-api-4.0.0.jar;C:\Users\ERIN_JAVALead\.m2\repository\jakarta\activation\jakarta.activation-api\2.1.0\jakarta.activation-api-2.1.0.jar;C:\Users\ERIN_JAVALead\.m2\repository\org\springframework\spring-core\6.0.2\spring-core-6.0.2.jar;C:\Users\ERIN_JAVALead\.m2\repository\org\springframework\spring-jcl\6.0.2\spring-jcl-6.0.2.jar;C:\Users\ERIN_JAVALead\.m2\repository\org\apache\logging\log4j\log4j-api\2.6.1\log4j-api-2.6.1.jar;C:\Users\ERIN_JAVALead\.m2\repository\org\apache\logging\log4j\log4j-core\2.6.1\log4j-core-2.6.1.jar
Launcher Type: SUN_STANDARD

[Global flags]
     intx CICompilerCount                          = 3                                         {product} {ergonomic}
     uint ConcGCThreads                            = 1                                         {product} {ergonomic}
     uint G1ConcRefinementThreads                  = 4                                         {product} {ergonomic}
   size_t G1HeapRegionSize                         = 1048576                                   {product} {ergonomic}
    uintx GCDrainStackTargetSize                   = 64                                        {product} {ergonomic}
   size_t InitialHeapSize                          = 67108864                                  {product} {ergonomic}
   size_t MarkStackSize                            = 4194304                                   {product} {ergonomic}
   size_t MaxHeapSize                              = 1052770304                                {product} {ergonomic}
   size_t MaxNewSize                               = 631242752                                 {product} {ergonomic}
   size_t MinHeapDeltaBytes                        = 1048576                                   {product} {ergonomic}
   size_t MinHeapSize                              = 8388608                                   {product} {ergonomic}
    uintx NonNMethodCodeHeapSize                   = 5832780                                {pd product} {ergonomic}
    uintx NonProfiledCodeHeapSize                  = 122912730                              {pd product} {ergonomic}
    uintx ProfiledCodeHeapSize                     = 122912730                              {pd product} {ergonomic}
    uintx ReservedCodeCacheSize                    = 251658240                              {pd product} {ergonomic}
     bool SegmentedCodeCache                       = true                                      {product} {ergonomic}
   size_t SoftMaxHeapSize                          = 1052770304                             {manageable} {ergonomic}
     bool UseCompressedClassPointers               = true                           {product lp64_product} {ergonomic}
     bool UseCompressedOops                        = true                           {product lp64_product} {ergonomic}
     bool UseG1GC                                  = true                                      {product} {ergonomic}
     bool UseLargePagesIndividualAllocation        = false                                  {pd product} {ergonomic}

Logging:
Log output configuration:
 #0: stdout all=warning uptime,level,tags foldmultilines=false
 #1: stderr all=off uptime,level,tags foldmultilines=false

Environment Variables:
PATH=C:\WINDOWS\system32;C:\WINDOWS;C:\WINDOWS\System32\Wbem;C:\WINDOWS\System32\WindowsPowerShell\v1.0\;C:\WINDOWS\System32\OpenSSH\;C:\Program Files (x86)\nodejs\;C:\Program Files (x86)\nodejs\npm;C:\Users\ERIN_JAVALead\AppData\Roaming\npm;C:\Program Files\Git\cmd;C:\Program Files (x86)\dotnet\;C:\Program Files (x86)\Microsoft SQL Server\160\DTS\Binn\;C:\Program Files\Azure Data Studio\bin;C:\Program Files (x86)\Microsoft SQL Server\160\Tools\Binn\;C:\Program Files\Microsoft SQL Server\160\Tools\Binn\;C:\Program Files\Microsoft SQL Server\Client SDK\ODBC\170\Tools\Binn\;C:\Program Files\Microsoft SQL Server\160\DTS\Binn\;C:\Users\ERIN_JAVALead\AppData\Local\Microsoft\WindowsApps;;C:\Users\ERIN_JAVALead\AppData\Local\Programs\Microsoft VS Code\bin;C:\Users\ERIN_JAVALead\AppData\Roaming\npm;C:\Program Files\Azure Data Studio\bin
USERNAME=ERIN_JAVALead
OS=Windows_NT
PROCESSOR_IDENTIFIER=Intel64 Family 6 Model 78 Stepping 3, GenuineIntel



---------------  S Y S T E M  ---------------

OS:
 Windows 10 , 64 bit Build 19041 (10.0.19041.3570)
OS uptime: 0 days 2:55 hours

CPU: total 4 (initial active 4) (2 cores per cpu, 2 threads per core) family 6 model 78 stepping 3 microcode 0xcc, cx8, cmov, fxsr, ht, mmx, 3dnowpref, sse, sse2, sse3, ssse3, sse4.1, sse4.2, popcnt, lzcnt, tsc, tscinvbit, avx, avx2, aes, erms, clmul, bmi1, bmi2, adx, fma, vzeroupper, clflush, clflushopt

Memory: 4k page, system-wide physical 4012M (318M free)
TotalPageFile size 6060M (AvailPageFile size 10M)
current process WorkingSet (physical memory assigned to process): 193M, peak: 193M
current process commit charge ("private bytes"): 223M, peak: 233M

vm_info: OpenJDK 64-Bit Server VM (18.0.2+9-FR) for windows-amd64 JRE (18.0.2+9-FR), built on Jul 15 2022 20:03:03 by "Administrator" with MS VC++ 15.9 (VS2017)

END.
