#
# There is insufficient memory for the Java Runtime Environment to continue.
# Native memory allocation (malloc) failed to allocate 76336 bytes for Chunk::new
# Possible reasons:
#   The system is out of physical RAM or swap space
#   The process is running with CompressedOops enabled, and the Java Heap may be blocking the growth of the native heap
# Possible solutions:
#   Reduce memory load on the system
#   Increase physical memory or swap space
#   Check if swap backing store is full
#   Decrease Java heap size (-Xmx/-Xms)
#   Decrease number of Java threads
#   Decrease Java thread stack sizes (-Xss)
#   Set larger code cache with -XX:ReservedCodeCacheSize=
#   JVM is running with Unscaled Compressed Oops mode in which the Java heap is
#     placed in the first 4GB address space. The Java Heap base address is the
#     maximum limit for the native heap growth. Please use -XX:HeapBaseMinAddress
#     to set the Java Heap base and to place the Java Heap above 4GB virtual address.
# This output file may be truncated or incomplete.
#
#  Out of Memory Error (arena.cpp:184), pid=9292, tid=3572
#
# JRE version: OpenJDK Runtime Environment Corretto-18.0.2.9.1 (18.0.2+9) (build 18.0.2+9-FR)
# Java VM: OpenJDK 64-Bit Server VM Corretto-18.0.2.9.1 (18.0.2+9-FR, mixed mode, sharing, tiered, compressed oops, compressed class ptrs, g1 gc, windows-amd64)
# No core dump will be written. Minidumps are not enabled by default on client versions of Windows
#

---------------  S U M M A R Y ------------

Command Line: -ea -Didea.test.cyclic.buffer.size=1048576 -javaagent:C:\Program Files\JetBrains\IntelliJ IDEA Community Edition 2021.3.3\lib\idea_rt.jar=52589:C:\Program Files\JetBrains\IntelliJ IDEA Community Edition 2021.3.3\bin -Dfile.encoding=UTF-8 com.intellij.rt.junit.JUnitStarter -ideVersion5 -junit5 com.devskiller.tasks.blog.rest.CommentControllerTest,shouldReturnFoundComments

Host: Intel(R) Core(TM) i3-6006U CPU @ 2.00GHz, 4 cores, 3G,  Windows 10 , 64 bit Build 19041 (10.0.19041.3570)
Time: Thu Nov  2 21:30:03 2023 Central European Standard Time elapsed time: 10.806804 seconds (0d 0h 0m 10s)

---------------  T H R E A D  ---------------

Current thread (0x000001b4dc4a5040):  JavaThread "C2 CompilerThread0" daemon [_thread_in_native, id=3572, stack(0x00000026d1e00000,0x00000026d1f00000)]


Current CompileTask:
C2:  10807 1375       4       jdk.internal.org.objectweb.asm.SymbolTable::addConstantUtf8Reference (101 bytes)

Stack: [0x00000026d1e00000,0x00000026d1f00000]
Native frames: (J=compiled Java code, j=interpreted, Vv=VM code, C=native code)
V  [jvm.dll+0x685a2a]
V  [jvm.dll+0x82ae8d]
V  [jvm.dll+0x82c75e]
V  [jvm.dll+0x82ce03]
V  [jvm.dll+0x25ef4b]
V  [jvm.dll+0xd42d2]
V  [jvm.dll+0xd4665]
V  [jvm.dll+0x571624]
V  [jvm.dll+0x1d8bba]
V  [jvm.dll+0x233b4f]
V  [jvm.dll+0x232f37]
V  [jvm.dll+0x1c0a35]
V  [jvm.dll+0x24212c]
V  [jvm.dll+0x240534]
V  [jvm.dll+0x7df6db]
V  [jvm.dll+0x7d9cba]
V  [jvm.dll+0x6848a5]
C  [ucrtbase.dll+0x21bb2]
C  [KERNEL32.DLL+0x17344]
C  [ntdll.dll+0x526b1]


---------------  P R O C E S S  ---------------

Threads class SMR info:
_java_thread_list=0x000001b4fdcb6940, length=13, elements={
0x000001b4dc3ebe30, 0x000001b4dc48ae30, 0x000001b4dc48c140, 0x000001b4dc4a2a50,
0x000001b4dc4a3300, 0x000001b4dc4a3bb0, 0x000001b4dc4a4460, 0x000001b4dc4a5040,
0x000001b4f98a7b00, 0x000001b4f98bb000, 0x000001b4fdc20040, 0x000001b4fdd0fa70,
0x000001b4fdd0f000
}

Java Threads: ( => current thread )
  0x000001b4dc3ebe30 JavaThread "main" [_thread_in_Java, id=904, stack(0x00000026d1100000,0x00000026d1200000)]
  0x000001b4dc48ae30 JavaThread "Reference Handler" daemon [_thread_blocked, id=4648, stack(0x00000026d1800000,0x00000026d1900000)]
  0x000001b4dc48c140 JavaThread "Finalizer" daemon [_thread_blocked, id=11892, stack(0x00000026d1900000,0x00000026d1a00000)]
  0x000001b4dc4a2a50 JavaThread "Signal Dispatcher" daemon [_thread_blocked, id=6468, stack(0x00000026d1a00000,0x00000026d1b00000)]
  0x000001b4dc4a3300 JavaThread "Attach Listener" daemon [_thread_blocked, id=6156, stack(0x00000026d1b00000,0x00000026d1c00000)]
  0x000001b4dc4a3bb0 JavaThread "Service Thread" daemon [_thread_blocked, id=12668, stack(0x00000026d1c00000,0x00000026d1d00000)]
  0x000001b4dc4a4460 JavaThread "Monitor Deflation Thread" daemon [_thread_blocked, id=12480, stack(0x00000026d1d00000,0x00000026d1e00000)]
=>0x000001b4dc4a5040 JavaThread "C2 CompilerThread0" daemon [_thread_in_native, id=3572, stack(0x00000026d1e00000,0x00000026d1f00000)]
  0x000001b4f98a7b00 JavaThread "C1 CompilerThread0" daemon [_thread_in_vm, id=12656, stack(0x00000026d1f00000,0x00000026d2000000)]
  0x000001b4f98bb000 JavaThread "Sweeper thread" daemon [_thread_blocked, id=12932, stack(0x00000026d2000000,0x00000026d2100000)]
  0x000001b4fdc20040 JavaThread "Common-Cleaner" daemon [_thread_blocked, id=1200, stack(0x00000026d2100000,0x00000026d2200000)]
  0x000001b4fdd0fa70 JavaThread "Monitor Ctrl-Break" daemon [_thread_in_native, id=7644, stack(0x00000026d2200000,0x00000026d2300000)]
  0x000001b4fdd0f000 JavaThread "Notification Thread" daemon [_thread_blocked, id=5696, stack(0x00000026d2300000,0x00000026d2400000)]

Other Threads:
  0x000001b4dc486770 VMThread "VM Thread" [stack: 0x00000026d1700000,0x00000026d1800000] [id=12072]
  0x000001b4fdd0ff30 WatcherThread "VM Periodic Task Thread" [stack: 0x00000026d2400000,0x00000026d2500000] [id=8792]
  0x000001b4dc42c6e0 WorkerThread "GC Thread#0" [stack: 0x00000026d1200000,0x00000026d1300000] [id=384]
  0x000001b4fdcaf700 WorkerThread "GC Thread#1" [stack: 0x00000026d2500000,0x00000026d2600000] [id=2092]
  0x000001b4fe30d950 WorkerThread "GC Thread#2" [stack: 0x00000026d2600000,0x00000026d2700000] [id=9448]
  0x000001b4fe30dbf0 WorkerThread "GC Thread#3" [stack: 0x00000026d2700000,0x00000026d2800000] [id=8584]
  0x000001b4dc4376c0 ConcurrentGCThread "G1 Main Marker" [stack: 0x00000026d1300000,0x00000026d1400000] [id=12960]
  0x000001b4dc437fc0 WorkerThread "G1 Conc#0" [stack: 0x00000026d1400000,0x00000026d1500000] [id=5820]
  0x000001b4dc461030 ConcurrentGCThread "G1 Refine#0" [stack: 0x00000026d1500000,0x00000026d1600000] [id=11280]
  0x000001b4fe22a0e0 ConcurrentGCThread "G1 Refine#1" [stack: 0x00000026d2800000,0x00000026d2900000] [id=6188]
  0x000001b4dc461850 ConcurrentGCThread "G1 Service" [stack: 0x00000026d1600000,0x00000026d1700000] [id=5932]

Threads with active compile tasks:
C2 CompilerThread0    10897 1375       4       jdk.internal.org.objectweb.asm.SymbolTable::addConstantUtf8Reference (101 bytes)
C1 CompilerThread0    10897 1423       3       java.lang.invoke.CallSite::<init> (23 bytes)

VM state: not at safepoint (normal execution)

VM Mutex/Monitor currently owned by a thread: None

Heap address: 0x00000000c1400000, size: 1004 MB, Compressed Oops mode: 32-bit

CDS archive(s) mapped at: [0x0000000800000000-0x0000000800ba0000-0x0000000800ba0000), size 12189696, SharedBaseAddress: 0x0000000800000000, ArchiveRelocationMode: 0.
Compressed class space mapped at: 0x0000000800c00000-0x0000000840c00000, reserved size: 1073741824
Narrow klass base: 0x0000000800000000, Narrow klass shift: 0, Narrow klass range: 0x100000000

GC Precious Log:
 CardTable entry size: 512
 Card Set container configuration: InlinePtr #cards 5 size 8 Array Of Cards #cards 12 size 40 Howl #buckets 4 coarsen threshold 1843 Howl Bitmap #cards 512 size 80 coarsen threshold 460 Card regions per heap region 1 cards per card region 2048
 CPUs: 4 total, 4 available
 Memory: 4012M
 Large Page Support: Disabled
 NUMA Support: Disabled
 Compressed Oops: Enabled (32-bit)
 Heap Region Size: 1M
 Heap Min Capacity: 8M
 Heap Initial Capacity: 64M
 Heap Max Capacity: 1004M
 Pre-touch: Disabled
 Parallel Workers: 4
 Concurrent Workers: 1
 Concurrent Refinement Workers: 4
 Periodic GC: Disabled

Heap:
 garbage-first heap   total 65536K, used 15688K [0x00000000c1400000, 0x0000000100000000)
  region size 1024K, 10 young (10240K), 1 survivors (1024K)
 Metaspace       used 7432K, committed 7616K, reserved 1114112K
  class space    used 899K, committed 1024K, reserved 1048576K

Heap Regions: E=young(eden), S=young(survivor), O=old, HS=humongous(starts), HC=humongous(continues), CS=collection set, F=free, OA=open archive, CA=closed archive, TAMS=top-at-mark-start (previous, next)
|   0|0x00000000c1400000, 0x00000000c1500000, 0x00000000c1500000|100%|HS|  |TAMS 0x00000000c1400000, 0x00000000c1400000| Complete 
|   1|0x00000000c1500000, 0x00000000c1600000, 0x00000000c1600000|100%| O|  |TAMS 0x00000000c1500000, 0x00000000c1500000| Untracked 
|   2|0x00000000c1600000, 0x00000000c1700000, 0x00000000c1700000|100%| O|  |TAMS 0x00000000c1600000, 0x00000000c1600000| Untracked 
|   3|0x00000000c1700000, 0x00000000c1800000, 0x00000000c1800000|100%| O|  |TAMS 0x00000000c1700000, 0x00000000c1700000| Untracked 
|   4|0x00000000c1800000, 0x00000000c1900000, 0x00000000c1900000|100%| O|  |TAMS 0x00000000c1800000, 0x00000000c1800000| Untracked 
|   5|0x00000000c1900000, 0x00000000c1a00000, 0x00000000c1a00000|100%| O|  |TAMS 0x00000000c1900000, 0x00000000c1900000| Untracked 
|   6|0x00000000c1a00000, 0x00000000c1acae00, 0x00000000c1b00000| 79%| O|  |TAMS 0x00000000c1a00000, 0x00000000c1a00000| Untracked 
|   7|0x00000000c1b00000, 0x00000000c1b00000, 0x00000000c1c00000|  0%| F|  |TAMS 0x00000000c1b00000, 0x00000000c1b00000| Untracked 
|   8|0x00000000c1c00000, 0x00000000c1c00000, 0x00000000c1d00000|  0%| F|  |TAMS 0x00000000c1c00000, 0x00000000c1c00000| Untracked 
|   9|0x00000000c1d00000, 0x00000000c1d00000, 0x00000000c1e00000|  0%| F|  |TAMS 0x00000000c1d00000, 0x00000000c1d00000| Untracked 
|  10|0x00000000c1e00000, 0x00000000c1e00000, 0x00000000c1f00000|  0%| F|  |TAMS 0x00000000c1e00000, 0x00000000c1e00000| Untracked 
|  11|0x00000000c1f00000, 0x00000000c1f00000, 0x00000000c2000000|  0%| F|  |TAMS 0x00000000c1f00000, 0x00000000c1f00000| Untracked 
|  12|0x00000000c2000000, 0x00000000c2000000, 0x00000000c2100000|  0%| F|  |TAMS 0x00000000c2000000, 0x00000000c2000000| Untracked 
|  13|0x00000000c2100000, 0x00000000c2100000, 0x00000000c2200000|  0%| F|  |TAMS 0x00000000c2100000, 0x00000000c2100000| Untracked 
|  14|0x00000000c2200000, 0x00000000c2200000, 0x00000000c2300000|  0%| F|  |TAMS 0x00000000c2200000, 0x00000000c2200000| Untracked 
|  15|0x00000000c2300000, 0x00000000c2300000, 0x00000000c2400000|  0%| F|  |TAMS 0x00000000c2300000, 0x00000000c2300000| Untracked 
|  16|0x00000000c2400000, 0x00000000c2400000, 0x00000000c2500000|  0%| F|  |TAMS 0x00000000c2400000, 0x00000000c2400000| Untracked 
|  17|0x00000000c2500000, 0x00000000c2500000, 0x00000000c2600000|  0%| F|  |TAMS 0x00000000c2500000, 0x00000000c2500000| Untracked 
|  18|0x00000000c2600000, 0x00000000c2600000, 0x00000000c2700000|  0%| F|  |TAMS 0x00000000c2600000, 0x00000000c2600000| Untracked 
|  19|0x00000000c2700000, 0x00000000c2700000, 0x00000000c2800000|  0%| F|  |TAMS 0x00000000c2700000, 0x00000000c2700000| Untracked 
|  20|0x00000000c2800000, 0x00000000c2800000, 0x00000000c2900000|  0%| F|  |TAMS 0x00000000c2800000, 0x00000000c2800000| Untracked 
|  21|0x00000000c2900000, 0x00000000c2900000, 0x00000000c2a00000|  0%| F|  |TAMS 0x00000000c2900000, 0x00000000c2900000| Untracked 
|  22|0x00000000c2a00000, 0x00000000c2a00000, 0x00000000c2b00000|  0%| F|  |TAMS 0x00000000c2a00000, 0x00000000c2a00000| Untracked 
|  23|0x00000000c2b00000, 0x00000000c2b00000, 0x00000000c2c00000|  0%| F|  |TAMS 0x00000000c2b00000, 0x00000000c2b00000| Untracked 
|  24|0x00000000c2c00000, 0x00000000c2c00000, 0x00000000c2d00000|  0%| F|  |TAMS 0x00000000c2c00000, 0x00000000c2c00000| Untracked 
|  25|0x00000000c2d00000, 0x00000000c2d00000, 0x00000000c2e00000|  0%| F|  |TAMS 0x00000000c2d00000, 0x00000000c2d00000| Untracked 
|  26|0x00000000c2e00000, 0x00000000c2e00000, 0x00000000c2f00000|  0%| F|  |TAMS 0x00000000c2e00000, 0x00000000c2e00000| Untracked 
|  27|0x00000000c2f00000, 0x00000000c2f00000, 0x00000000c3000000|  0%| F|  |TAMS 0x00000000c2f00000, 0x00000000c2f00000| Untracked 
|  28|0x00000000c3000000, 0x00000000c3000000, 0x00000000c3100000|  0%| F|  |TAMS 0x00000000c3000000, 0x00000000c3000000| Untracked 
|  29|0x00000000c3100000, 0x00000000c3100000, 0x00000000c3200000|  0%| F|  |TAMS 0x00000000c3100000, 0x00000000c3100000| Untracked 
|  30|0x00000000c3200000, 0x00000000c3200000, 0x00000000c3300000|  0%| F|  |TAMS 0x00000000c3200000, 0x00000000c3200000| Untracked 
|  31|0x00000000c3300000, 0x00000000c3300000, 0x00000000c3400000|  0%| F|  |TAMS 0x00000000c3300000, 0x00000000c3300000| Untracked 
|  32|0x00000000c3400000, 0x00000000c3400000, 0x00000000c3500000|  0%| F|  |TAMS 0x00000000c3400000, 0x00000000c3400000| Untracked 
|  33|0x00000000c3500000, 0x00000000c3500000, 0x00000000c3600000|  0%| F|  |TAMS 0x00000000c3500000, 0x00000000c3500000| Untracked 
|  34|0x00000000c3600000, 0x00000000c3600000, 0x00000000c3700000|  0%| F|  |TAMS 0x00000000c3600000, 0x00000000c3600000| Untracked 
|  35|0x00000000c3700000, 0x00000000c3700000, 0x00000000c3800000|  0%| F|  |TAMS 0x00000000c3700000, 0x00000000c3700000| Untracked 
|  36|0x00000000c3800000, 0x00000000c3800000, 0x00000000c3900000|  0%| F|  |TAMS 0x00000000c3800000, 0x00000000c3800000| Untracked 
|  37|0x00000000c3900000, 0x00000000c3900000, 0x00000000c3a00000|  0%| F|  |TAMS 0x00000000c3900000, 0x00000000c3900000| Untracked 
|  38|0x00000000c3a00000, 0x00000000c3a00000, 0x00000000c3b00000|  0%| F|  |TAMS 0x00000000c3a00000, 0x00000000c3a00000| Untracked 
|  39|0x00000000c3b00000, 0x00000000c3b00000, 0x00000000c3c00000|  0%| F|  |TAMS 0x00000000c3b00000, 0x00000000c3b00000| Untracked 
|  40|0x00000000c3c00000, 0x00000000c3c00000, 0x00000000c3d00000|  0%| F|  |TAMS 0x00000000c3c00000, 0x00000000c3c00000| Untracked 
|  41|0x00000000c3d00000, 0x00000000c3d00000, 0x00000000c3e00000|  0%| F|  |TAMS 0x00000000c3d00000, 0x00000000c3d00000| Untracked 
|  42|0x00000000c3e00000, 0x00000000c3e00000, 0x00000000c3f00000|  0%| F|  |TAMS 0x00000000c3e00000, 0x00000000c3e00000| Untracked 
|  43|0x00000000c3f00000, 0x00000000c3f00000, 0x00000000c4000000|  0%| F|  |TAMS 0x00000000c3f00000, 0x00000000c3f00000| Untracked 
|  44|0x00000000c4000000, 0x00000000c4000000, 0x00000000c4100000|  0%| F|  |TAMS 0x00000000c4000000, 0x00000000c4000000| Untracked 
|  45|0x00000000c4100000, 0x00000000c4100000, 0x00000000c4200000|  0%| F|  |TAMS 0x00000000c4100000, 0x00000000c4100000| Untracked 
|  46|0x00000000c4200000, 0x00000000c4200000, 0x00000000c4300000|  0%| F|  |TAMS 0x00000000c4200000, 0x00000000c4200000| Untracked 
|  47|0x00000000c4300000, 0x00000000c4300000, 0x00000000c4400000|  0%| F|  |TAMS 0x00000000c4300000, 0x00000000c4300000| Untracked 
|  48|0x00000000c4400000, 0x00000000c4400000, 0x00000000c4500000|  0%| F|  |TAMS 0x00000000c4400000, 0x00000000c4400000| Untracked 
|  49|0x00000000c4500000, 0x00000000c4500000, 0x00000000c4600000|  0%| F|  |TAMS 0x00000000c4500000, 0x00000000c4500000| Untracked 
|  50|0x00000000c4600000, 0x00000000c4600000, 0x00000000c4700000|  0%| F|  |TAMS 0x00000000c4600000, 0x00000000c4600000| Untracked 
|  51|0x00000000c4700000, 0x00000000c4700000, 0x00000000c4800000|  0%| F|  |TAMS 0x00000000c4700000, 0x00000000c4700000| Untracked 
|  52|0x00000000c4800000, 0x00000000c4800000, 0x00000000c4900000|  0%| F|  |TAMS 0x00000000c4800000, 0x00000000c4800000| Untracked 
|  53|0x00000000c4900000, 0x00000000c4900000, 0x00000000c4a00000|  0%| F|  |TAMS 0x00000000c4900000, 0x00000000c4900000| Untracked 
|  54|0x00000000c4a00000, 0x00000000c4a873c0, 0x00000000c4b00000| 52%| S|CS|TAMS 0x00000000c4a00000, 0x00000000c4a00000| Complete 
|  55|0x00000000c4b00000, 0x00000000c4c00000, 0x00000000c4c00000|100%| E|  |TAMS 0x00000000c4b00000, 0x00000000c4b00000| Complete 
|  56|0x00000000c4c00000, 0x00000000c4d00000, 0x00000000c4d00000|100%| E|CS|TAMS 0x00000000c4c00000, 0x00000000c4c00000| Complete 
|  57|0x00000000c4d00000, 0x00000000c4e00000, 0x00000000c4e00000|100%| E|CS|TAMS 0x00000000c4d00000, 0x00000000c4d00000| Complete 
|  58|0x00000000c4e00000, 0x00000000c4f00000, 0x00000000c4f00000|100%| E|CS|TAMS 0x00000000c4e00000, 0x00000000c4e00000| Complete 
|  59|0x00000000c4f00000, 0x00000000c5000000, 0x00000000c5000000|100%| E|CS|TAMS 0x00000000c4f00000, 0x00000000c4f00000| Complete 
|  60|0x00000000c5000000, 0x00000000c5100000, 0x00000000c5100000|100%| E|CS|TAMS 0x00000000c5000000, 0x00000000c5000000| Complete 
|  61|0x00000000c5100000, 0x00000000c5200000, 0x00000000c5200000|100%| E|CS|TAMS 0x00000000c5100000, 0x00000000c5100000| Complete 
|  62|0x00000000c5200000, 0x00000000c5300000, 0x00000000c5300000|100%| E|CS|TAMS 0x00000000c5200000, 0x00000000c5200000| Complete 
|  63|0x00000000c5300000, 0x00000000c5400000, 0x00000000c5400000|100%| E|CS|TAMS 0x00000000c5300000, 0x00000000c5300000| Complete 

Card table byte_map: [0x000001b4f4f90000,0x000001b4f5190000] _byte_map_base: 0x000001b4f4986000

Marking Bits (Prev, Next): (CMBitMap*) 0x000001b4dc42f010, (CMBitMap*) 0x000001b4dc42f050
 Prev Bits: [0x000001b4f5390000, 0x000001b4f6340000)
 Next Bits: [0x000001b4f6340000, 0x000001b4f72f0000)

Polling page: 0x000001b4dc230000

Metaspace:

Usage:
  Non-class:      6.38 MB used.
      Class:    900.51 KB used.
       Both:      7.26 MB used.

Virtual space:
  Non-class space:       64.00 MB reserved,       6.50 MB ( 10%) committed,  1 nodes.
      Class space:        1.00 GB reserved,       1.00 MB ( <1%) committed,  1 nodes.
             Both:        1.06 GB reserved,       7.50 MB ( <1%) committed. 

Chunk freelists:
   Non-Class:  705.00 KB
       Class:  2.98 MB
        Both:  3.66 MB

MaxMetaspaceSize: unlimited
CompressedClassSpaceSize: 1.00 GB
Initial GC threshold: 21.00 MB
Current GC threshold: 21.00 MB
CDS: on
MetaspaceReclaimPolicy: balanced
 - commit_granule_bytes: 65536.
 - commit_granule_words: 8192.
 - virtual_space_node_default_size: 8388608.
 - enlarge_chunks_in_place: 1.
 - new_chunks_are_fully_committed: 0.
 - uncommit_free_chunks: 1.
 - use_allocation_guard: 0.


Internal statistics:

num_allocs_failed_limit: 0.
num_arena_births: 164.
num_arena_deaths: 0.
num_vsnodes_births: 2.
num_vsnodes_deaths: 0.
num_space_committed: 120.
num_space_uncommitted: 0.
num_chunks_returned_to_freelist: 0.
num_chunks_taken_from_freelist: 394.
num_chunk_merges: 0.
num_chunk_splits: 239.
num_chunks_enlarged: 163.
num_inconsistent_stats: 0.

CodeHeap 'non-profiled nmethods': size=120000Kb used=470Kb max_used=470Kb free=119530Kb
 bounds [0x000001b4ed230000, 0x000001b4ed4a0000, 0x000001b4f4760000]
CodeHeap 'profiled nmethods': size=120000Kb used=2822Kb max_used=2822Kb free=117177Kb
 bounds [0x000001b4e5d00000, 0x000001b4e5fd0000, 0x000001b4ed230000]
CodeHeap 'non-nmethods': size=5760Kb used=1169Kb max_used=1180Kb free=4590Kb
 bounds [0x000001b4e5760000, 0x000001b4e59d0000, 0x000001b4e5d00000]
 total_blobs=1879 nmethods=1433 adapters=358
 compilation: enabled
              stopped_count=0, restarted_count=0
 full_count=0

Compilation events (20 events):
Event: 10.777 Thread 0x000001b4f98a7b00 1398       3       java.util.stream.StreamSupport::stream (19 bytes)
Event: 10.778 Thread 0x000001b4f98a7b00 nmethod 1398 0x000001b4e5fa6090 code [0x000001b4e5fa6260, 0x000001b4e5fa6688]
Event: 10.778 Thread 0x000001b4f98a7b00 1399       3       java.util.stream.StreamOpFlag::fromCharacteristics (37 bytes)
Event: 10.779 Thread 0x000001b4f98a7b00 nmethod 1399 0x000001b4e5fa6890 code [0x000001b4e5fa6a40, 0x000001b4e5fa6d78]
Event: 10.780 Thread 0x000001b4f98a7b00 1400       3       java.util.Properties$LineReader::readLine (584 bytes)
Event: 10.785 Thread 0x000001b4f98a7b00 nmethod 1400 0x000001b4e5fa6e90 code [0x000001b4e5fa7260, 0x000001b4e5fa9dd8]
Event: 10.785 Thread 0x000001b4f98a7b00 1401       1       java.util.Spliterators$ArraySpliterator::characteristics (5 bytes)
Event: 10.785 Thread 0x000001b4f98a7b00 nmethod 1401 0x000001b4ed2a4610 code [0x000001b4ed2a47a0, 0x000001b4ed2a4878]
Event: 10.785 Thread 0x000001b4f98a7b00 1402       3       java.util.stream.ReferencePipeline$StatelessOp::<init> (29 bytes)
Event: 10.786 Thread 0x000001b4f98a7b00 nmethod 1402 0x000001b4e5faaa90 code [0x000001b4e5faac40, 0x000001b4e5faae08]
Event: 10.786 Thread 0x000001b4f98a7b00 1403       3       java.util.stream.AbstractPipeline::wrapAndCopyInto (18 bytes)
Event: 10.786 Thread 0x000001b4f98a7b00 nmethod 1403 0x000001b4e5faaf10 code [0x000001b4e5fab0e0, 0x000001b4e5fab4e8]
Event: 10.786 Thread 0x000001b4f98a7b00 1404       1       sun.nio.fs.WindowsPath::getFileSystem (5 bytes)
Event: 10.786 Thread 0x000001b4f98a7b00 nmethod 1404 0x000001b4ed2a4910 code [0x000001b4ed2a4aa0, 0x000001b4ed2a4b78]
Event: 10.787 Thread 0x000001b4f98a7b00 1405       3       java.util.stream.AbstractPipeline::evaluate (94 bytes)
Event: 10.788 Thread 0x000001b4f98a7b00 nmethod 1405 0x000001b4e5fab690 code [0x000001b4e5fab8c0, 0x000001b4e5fabf68]
Event: 10.789 Thread 0x000001b4f98a7b00 1406       3       org.springframework.util.StringUtils::hasLength (17 bytes)
Event: 10.789 Thread 0x000001b4f98a7b00 nmethod 1406 0x000001b4e5fac190 code [0x000001b4e5fac340, 0x000001b4e5fac598]
Event: 10.795 Thread 0x000001b4f98a7b00 1407       3       java.util.HashMap::put (13 bytes)
Event: 10.796 Thread 0x000001b4f98a7b00 nmethod 1407 0x000001b4e5fac690 code [0x000001b4e5fac840, 0x000001b4e5facb38]

GC Heap History (4 events):
Event: 9.581 GC heap before
{Heap before GC invocations=0 (full 0):
 garbage-first heap   total 65536K, used 13312K [0x00000000c1400000, 0x0000000100000000)
  region size 1024K, 13 young (13312K), 0 survivors (0K)
 Metaspace       used 2733K, committed 2880K, reserved 1114112K
  class space    used 261K, committed 320K, reserved 1048576K
}
Event: 9.600 GC heap after
{Heap after GC invocations=1 (full 0):
 garbage-first heap   total 65536K, used 6860K [0x00000000c1400000, 0x0000000100000000)
  region size 1024K, 2 young (2048K), 2 survivors (2048K)
 Metaspace       used 2733K, committed 2880K, reserved 1114112K
  class space    used 261K, committed 320K, reserved 1048576K
}
Event: 10.163 GC heap before
{Heap before GC invocations=1 (full 0):
 garbage-first heap   total 65536K, used 16076K [0x00000000c1400000, 0x0000000100000000)
  region size 1024K, 11 young (11264K), 2 survivors (2048K)
 Metaspace       used 4696K, committed 4928K, reserved 1114112K
  class space    used 563K, committed 704K, reserved 1048576K
}
Event: 10.169 GC heap after
{Heap after GC invocations=2 (full 0):
 garbage-first heap   total 65536K, used 7496K [0x00000000c1400000, 0x0000000100000000)
  region size 1024K, 1 young (1024K), 1 survivors (1024K)
 Metaspace       used 4696K, committed 4928K, reserved 1114112K
  class space    used 563K, committed 704K, reserved 1048576K
}

Deoptimization events (20 events):
Event: 10.666 Thread 0x000001b4dc3ebe30 Uncommon trap: trap_request=0xffffff45 fr.pc=0x000001b4ed24e404 relative=0x00000000000000e4
Event: 10.666 Thread 0x000001b4dc3ebe30 Uncommon trap: reason=unstable_if action=reinterpret pc=0x000001b4ed24e404 method=java.util.HashMap.hash(Ljava/lang/Object;)I @ 1 c2
Event: 10.666 Thread 0x000001b4dc3ebe30 DEOPT PACKING pc=0x000001b4ed24e404 sp=0x00000026d11fb9a0
Event: 10.666 Thread 0x000001b4dc3ebe30 DEOPT UNPACKING pc=0x000001b4e57b23a3 sp=0x00000026d11fb8e0 mode 2
Event: 10.707 Thread 0x000001b4dc3ebe30 DEOPT PACKING pc=0x000001b4e5f68081 sp=0x00000026d11fbb00
Event: 10.707 Thread 0x000001b4dc3ebe30 DEOPT UNPACKING pc=0x000001b4e57b2b43 sp=0x00000026d11fb008 mode 0
Event: 10.778 Thread 0x000001b4dc3ebe30 Uncommon trap: trap_request=0xffffffde fr.pc=0x000001b4ed28965c relative=0x000000000000029c
Event: 10.778 Thread 0x000001b4dc3ebe30 Uncommon trap: reason=class_check action=maybe_recompile pc=0x000001b4ed28965c method=java.util.HashMap.getNode(Ljava/lang/Object;)Ljava/util/HashMap$Node; @ 128 c2
Event: 10.778 Thread 0x000001b4dc3ebe30 DEOPT PACKING pc=0x000001b4ed28965c sp=0x00000026d11fc470
Event: 10.778 Thread 0x000001b4dc3ebe30 DEOPT UNPACKING pc=0x000001b4e57b23a3 sp=0x00000026d11fc3d8 mode 2
Event: 10.782 Thread 0x000001b4dc3ebe30 Uncommon trap: trap_request=0xffffffde fr.pc=0x000001b4ed28965c relative=0x000000000000029c
Event: 10.782 Thread 0x000001b4dc3ebe30 Uncommon trap: reason=class_check action=maybe_recompile pc=0x000001b4ed28965c method=java.util.HashMap.getNode(Ljava/lang/Object;)Ljava/util/HashMap$Node; @ 128 c2
Event: 10.782 Thread 0x000001b4dc3ebe30 DEOPT PACKING pc=0x000001b4ed28965c sp=0x00000026d11fc470
Event: 10.782 Thread 0x000001b4dc3ebe30 DEOPT UNPACKING pc=0x000001b4e57b23a3 sp=0x00000026d11fc3d8 mode 2
Event: 10.789 Thread 0x000001b4dc3ebe30 Uncommon trap: trap_request=0xffffffde fr.pc=0x000001b4ed28965c relative=0x000000000000029c
Event: 10.789 Thread 0x000001b4dc3ebe30 Uncommon trap: reason=class_check action=maybe_recompile pc=0x000001b4ed28965c method=java.util.HashMap.getNode(Ljava/lang/Object;)Ljava/util/HashMap$Node; @ 128 c2
Event: 10.789 Thread 0x000001b4dc3ebe30 DEOPT PACKING pc=0x000001b4ed28965c sp=0x00000026d11fc470
Event: 10.789 Thread 0x000001b4dc3ebe30 DEOPT UNPACKING pc=0x000001b4e57b23a3 sp=0x00000026d11fc3d8 mode 2
Event: 10.799 Thread 0x000001b4dc3ebe30 DEOPT PACKING pc=0x000001b4e5f68081 sp=0x00000026d11fbc30
Event: 10.799 Thread 0x000001b4dc3ebe30 DEOPT UNPACKING pc=0x000001b4e57b2b43 sp=0x00000026d11fb138 mode 0

Classes loaded (20 events):
Event: 10.713 Loading class java/lang/Short$ShortCache
Event: 10.713 Loading class java/lang/Short$ShortCache done
Event: 10.763 Loading class java/nio/file/NoSuchFileException
Event: 10.763 Loading class java/nio/file/FileSystemException
Event: 10.764 Loading class java/nio/file/FileSystemException done
Event: 10.764 Loading class java/nio/file/NoSuchFileException done
Event: 10.764 Loading class java/io/UncheckedIOException
Event: 10.764 Loading class java/io/UncheckedIOException done
Event: 10.769 Loading class java/net/HttpURLConnection
Event: 10.769 Loading class java/net/HttpURLConnection done
Event: 10.774 Loading class java/net/URLDecoder
Event: 10.774 Loading class java/net/URLDecoder done
Event: 10.793 Loading class java/util/ImmutableCollections$Access
Event: 10.793 Loading class java/util/ImmutableCollections$Access done
Event: 10.793 Loading class java/util/ImmutableCollections$Access$1
Event: 10.793 Loading class jdk/internal/access/JavaUtilCollectionAccess
Event: 10.793 Loading class jdk/internal/access/JavaUtilCollectionAccess done
Event: 10.793 Loading class java/util/ImmutableCollections$Access$1 done
Event: 10.794 Loading class java/util/stream/Nodes$SpinedNodeBuilder
Event: 10.794 Loading class java/util/stream/Nodes$SpinedNodeBuilder done

Classes unloaded (0 events):
No events

Classes redefined (0 events):
No events

Internal exceptions (20 events):
Event: 9.951 Thread 0x000001b4dc3ebe30 Exception <a 'java/lang/NoSuchMethodError'{0x00000000c4e5df78}: 'java.lang.Object java.lang.invoke.DirectMethodHandle$Holder.invokeInterface(java.lang.Object, java.lang.Object, java.lang.Object)'> (0x00000000c4e5df78) 
thrown [s\src\hotspot\share\interpreter\linkResolver.cpp, line 759]
Event: 9.956 Thread 0x000001b4dc3ebe30 Exception <a 'java/lang/NoSuchMethodError'{0x00000000c4e71718}: 'void java.lang.invoke.DirectMethodHandle$Holder.invokeSpecial(java.lang.Object, java.lang.Object, java.lang.Object)'> (0x00000000c4e71718) 
thrown [s\src\hotspot\share\interpreter\linkResolver.cpp, line 759]
Event: 9.974 Thread 0x000001b4dc3ebe30 Exception <a 'java/lang/NoSuchMethodError'{0x00000000c4ec2710}: 'void java.lang.invoke.DirectMethodHandle$Holder.invokeInterface(java.lang.Object, java.lang.Object, java.lang.Object, java.lang.Object, java.lang.Object)'> (0x00000000c4ec2710) 
thrown [s\src\hotspot\share\interpreter\linkResolver.cpp, line 759]
Event: 9.975 Thread 0x000001b4dc3ebe30 Exception <a 'java/lang/IncompatibleClassChangeError'{0x00000000c4ec6680}: Found class java.lang.Object, but interface was expected> (0x00000000c4ec6680) 
thrown [s\src\hotspot\share\interpreter\linkResolver.cpp, line 826]
Event: 9.990 Thread 0x000001b4dc3ebe30 Exception <a 'java/lang/NoSuchMethodError'{0x00000000c4d00558}: 'void java.lang.invoke.DirectMethodHandle$Holder.invokeInterface(java.lang.Object, java.lang.Object, java.lang.Object)'> (0x00000000c4d00558) 
thrown [s\src\hotspot\share\interpreter\linkResolver.cpp, line 759]
Event: 9.991 Thread 0x000001b4dc3ebe30 Exception <a 'java/lang/IncompatibleClassChangeError'{0x00000000c4d03e18}: Found class java.lang.Object, but interface was expected> (0x00000000c4d03e18) 
thrown [s\src\hotspot\share\interpreter\linkResolver.cpp, line 826]
Event: 9.999 Thread 0x000001b4dc3ebe30 Exception <a 'java/lang/NoSuchMethodError'{0x00000000c4d22fe0}: 'java.lang.Object java.lang.invoke.DirectMethodHandle$Holder.invokeStatic(java.lang.Object, java.lang.Object, int)'> (0x00000000c4d22fe0) 
thrown [s\src\hotspot\share\interpreter\linkResolver.cpp, line 759]
Event: 10.022 Thread 0x000001b4dc3ebe30 Exception <a 'java/lang/NoSuchMethodError'{0x00000000c4d7a7d8}: 'void java.lang.invoke.DirectMethodHandle$Holder.invokeSpecial(java.lang.Object, java.lang.Object, java.lang.Object, java.lang.Object, java.lang.Object)'> (0x00000000c4d7a7d8) 
thrown [s\src\hotspot\share\interpreter\linkResolver.cpp, line 759]
Event: 10.049 Thread 0x000001b4dc3ebe30 Exception <a 'java/lang/NoSuchMethodError'{0x00000000c4dd89c8}: 'void java.lang.invoke.DirectMethodHandle$Holder.invokeInterface(java.lang.Object, java.lang.Object, java.lang.Object, java.lang.Object)'> (0x00000000c4dd89c8) 
thrown [s\src\hotspot\share\interpreter\linkResolver.cpp, line 759]
Event: 10.050 Thread 0x000001b4dc3ebe30 Exception <a 'java/lang/IncompatibleClassChangeError'{0x00000000c4ddc358}: Found class java.lang.Object, but interface was expected> (0x00000000c4ddc358) 
thrown [s\src\hotspot\share\interpreter\linkResolver.cpp, line 826]
Event: 10.060 Thread 0x000001b4dc3ebe30 Exception <a 'java/lang/NoSuchMethodError'{0x00000000c4c02c38}: 'void java.lang.invoke.DirectMethodHandle$Holder.invokeStatic(java.lang.Object, java.lang.Object, java.lang.Object, java.lang.Object)'> (0x00000000c4c02c38) 
thrown [s\src\hotspot\share\interpreter\linkResolver.cpp, line 759]
Event: 10.094 Thread 0x000001b4dc3ebe30 Exception <a 'java/lang/NoSuchMethodError'{0x00000000c4c87cd8}: 'java.lang.Object java.lang.invoke.DirectMethodHandle$Holder.invokeStaticInit(java.lang.Object)'> (0x00000000c4c87cd8) 
thrown [s\src\hotspot\share\interpreter\linkResolver.cpp, line 759]
Event: 10.107 Thread 0x000001b4dc3ebe30 Exception <a 'java/lang/NoSuchMethodError'{0x00000000c4cc3200}: 'int java.lang.invoke.DirectMethodHandle$Holder.invokeStatic(java.lang.Object, java.lang.Object, java.lang.Object, java.lang.Object, java.lang.Object)'> (0x00000000c4cc3200) 
thrown [s\src\hotspot\share\interpreter\linkResolver.cpp, line 759]
Event: 10.122 Thread 0x000001b4dc3ebe30 Exception <a 'java/lang/NoSuchMethodError'{0x00000000c4b12850}: 'void java.lang.invoke.DirectMethodHandle$Holder.invokeStaticInit(java.lang.Object)'> (0x00000000c4b12850) 
thrown [s\src\hotspot\share\interpreter\linkResolver.cpp, line 759]
Event: 10.176 Thread 0x000001b4dc3ebe30 Exception <a 'java/lang/NoSuchMethodError'{0x00000000c531b120}: 'int java.lang.invoke.DirectMethodHandle$Holder.invokeStaticInit(java.lang.Object, java.lang.Object)'> (0x00000000c531b120) 
thrown [s\src\hotspot\share\interpreter\linkResolver.cpp, line 759]
Event: 10.513 Thread 0x000001b4dc3ebe30 Exception <a 'java/lang/NoSuchMethodError'{0x00000000c4f66c80}: 'java.lang.Object java.lang.invoke.DirectMethodHandle$Holder.invokeSpecial(java.lang.Object, java.lang.Object, java.lang.Object, long, java.lang.Object)'> (0x00000000c4f66c80) 
thrown [s\src\hotspot\share\interpreter\linkResolver.cpp, line 759]
Event: 10.513 Thread 0x000001b4dc3ebe30 Exception <a 'java/lang/NoSuchMethodError'{0x00000000c4f6aaf8}: 'java.lang.Object java.lang.invoke.Invokers$Holder.linkToTargetMethod(java.lang.Object, long, java.lang.Object, java.lang.Object)'> (0x00000000c4f6aaf8) 
thrown [s\src\hotspot\share\interpreter\linkResolver.cpp, line 759]
Event: 10.612 Thread 0x000001b4dc3ebe30 Exception <a 'java/lang/ClassNotFoundException'{0x00000000c4f984c8}: javax/smartcardio/CardPermission> (0x00000000c4f984c8) 
thrown [s\src\hotspot\share\classfile\systemDictionary.cpp, line 255]
Event: 10.635 Thread 0x000001b4dc3ebe30 Exception <a 'java/io/FileNotFoundException'{0x00000000c4fa6cb8}> (0x00000000c4fa6cb8) 
thrown [s\src\hotspot\share\prims\jni.cpp, line 516]
Event: 10.666 Thread 0x000001b4dc3ebe30 Implicit null exception at 0x000001b4ed24e360 to 0x000001b4ed24e3fa

VM Operations (20 events):
Event: 8.293 Executing VM operation: Cleanup
Event: 8.293 Executing VM operation: Cleanup done
Event: 9.195 Executing VM operation: HandshakeAllThreads
Event: 9.195 Executing VM operation: HandshakeAllThreads done
Event: 9.326 Executing VM operation: HandshakeAllThreads
Event: 9.326 Executing VM operation: HandshakeAllThreads done
Event: 9.326 Executing VM operation: Cleanup
Event: 9.326 Executing VM operation: Cleanup done
Event: 9.389 Executing VM operation: HandshakeAllThreads
Event: 9.390 Executing VM operation: HandshakeAllThreads done
Event: 9.581 Executing VM operation: G1CollectForAllocation
Event: 9.600 Executing VM operation: G1CollectForAllocation done
Event: 10.163 Executing VM operation: G1CollectForAllocation
Event: 10.169 Executing VM operation: G1CollectForAllocation done
Event: 10.421 Executing VM operation: HandshakeAllThreads
Event: 10.421 Executing VM operation: HandshakeAllThreads done
Event: 10.733 Executing VM operation: HandshakeAllThreads
Event: 10.733 Executing VM operation: HandshakeAllThreads done
Event: 10.734 Executing VM operation: HandshakeAllThreads
Event: 10.734 Executing VM operation: HandshakeAllThreads done

Events (20 events):
Event: 0.320 Thread 0x000001b4dc3ebe30 Thread added: 0x000001b4dc3ebe30
Event: 0.325 Thread 0x000001b4dc48ae30 Thread added: 0x000001b4dc48ae30
Event: 0.326 Thread 0x000001b4dc48c140 Thread added: 0x000001b4dc48c140
Event: 0.353 Thread 0x000001b4dc4a2a50 Thread added: 0x000001b4dc4a2a50
Event: 0.354 Thread 0x000001b4dc4a3300 Thread added: 0x000001b4dc4a3300
Event: 0.354 Thread 0x000001b4dc4a3bb0 Thread added: 0x000001b4dc4a3bb0
Event: 0.354 Thread 0x000001b4dc4a4460 Thread added: 0x000001b4dc4a4460
Event: 0.354 Thread 0x000001b4dc4a5040 Thread added: 0x000001b4dc4a5040
Event: 0.374 Thread 0x000001b4f98a7b00 Thread added: 0x000001b4f98a7b00
Event: 0.389 Thread 0x000001b4f98bb000 Thread added: 0x000001b4f98bb000
Event: 0.994 Thread 0x000001b4fdc20040 Thread added: 0x000001b4fdc20040
Event: 1.050 Loaded shared library C:\Users\ERIN_JAVALead\.jdks\corretto-18.0.2\bin\zip.dll
Event: 1.057 Loaded shared library C:\Users\ERIN_JAVALead\.jdks\corretto-18.0.2\bin\instrument.dll
Event: 1.067 Loaded shared library C:\Users\ERIN_JAVALead\.jdks\corretto-18.0.2\bin\net.dll
Event: 1.071 Loaded shared library C:\Users\ERIN_JAVALead\.jdks\corretto-18.0.2\bin\nio.dll
Event: 1.147 Loaded shared library C:\Users\ERIN_JAVALead\.jdks\corretto-18.0.2\bin\zip.dll
Event: 1.203 Loaded shared library C:\Program Files\JetBrains\IntelliJ IDEA Community Edition 2021.3.3\bin\breakgen64.dll
Event: 1.205 Thread 0x000001b4fdd0fa70 Thread added: 0x000001b4fdd0fa70
Event: 1.205 Thread 0x000001b4fdd0f000 Thread added: 0x000001b4fdd0f000
Event: 1.975 Loaded shared library C:\Users\ERIN_JAVALead\.jdks\corretto-18.0.2\bin\jimage.dll


Dynamic libraries:
0x00007ff60cda0000 - 0x00007ff60cdad000 	C:\Users\ERIN_JAVALead\.jdks\corretto-18.0.2\bin\java.exe
0x00007ff8e08f0000 - 0x00007ff8e0ae7000 	C:\WINDOWS\SYSTEM32\ntdll.dll
0x00007ff8e0660000 - 0x00007ff8e071d000 	C:\WINDOWS\System32\KERNEL32.DLL
0x00007ff8de540000 - 0x00007ff8de836000 	C:\WINDOWS\System32\KERNELBASE.dll
0x00007ff8de2e0000 - 0x00007ff8de3e0000 	C:\WINDOWS\System32\ucrtbase.dll
0x00007ff8c9d90000 - 0x00007ff8c9da7000 	C:\Users\ERIN_JAVALead\.jdks\corretto-18.0.2\bin\jli.dll
0x00007ff8e0390000 - 0x00007ff8e052e000 	C:\WINDOWS\System32\USER32.dll
0x00007ff8ddfa0000 - 0x00007ff8ddfc2000 	C:\WINDOWS\System32\win32u.dll
0x00007ff8dee00000 - 0x00007ff8dee2c000 	C:\WINDOWS\System32\GDI32.dll
0x00007ff8de1c0000 - 0x00007ff8de2da000 	C:\WINDOWS\System32\gdi32full.dll
0x00007ff8c9fc0000 - 0x00007ff8c9fd5000 	C:\Users\ERIN_JAVALead\.jdks\corretto-18.0.2\bin\VCRUNTIME140.dll
0x00007ff8de120000 - 0x00007ff8de1bd000 	C:\WINDOWS\System32\msvcp_win.dll
0x00007ff8ca800000 - 0x00007ff8caa9a000 	C:\WINDOWS\WinSxS\amd64_microsoft.windows.common-controls_6595b64144ccf1df_6.0.19041.3570_none_60bb2a3971f3e41a\COMCTL32.dll
0x00007ff8e02e0000 - 0x00007ff8e037e000 	C:\WINDOWS\System32\msvcrt.dll
0x00007ff8de920000 - 0x00007ff8de950000 	C:\WINDOWS\System32\IMM32.DLL
0x00007ff8b8400000 - 0x00007ff8b849b000 	C:\Users\ERIN_JAVALead\.jdks\corretto-18.0.2\bin\msvcp140.dll
0x00007ff862600000 - 0x00007ff863271000 	C:\Users\ERIN_JAVALead\.jdks\corretto-18.0.2\bin\server\jvm.dll
0x00007ff8df560000 - 0x00007ff8df60e000 	C:\WINDOWS\System32\ADVAPI32.dll
0x00007ff8df8a0000 - 0x00007ff8df93c000 	C:\WINDOWS\System32\sechost.dll
0x00007ff8dfa60000 - 0x00007ff8dfb86000 	C:\WINDOWS\System32\RPCRT4.dll
0x00007ff8e0380000 - 0x00007ff8e0388000 	C:\WINDOWS\System32\PSAPI.DLL
0x00007ff8d99c0000 - 0x00007ff8d99c9000 	C:\WINDOWS\SYSTEM32\WSOCK32.dll
0x00007ff8df9f0000 - 0x00007ff8dfa5b000 	C:\WINDOWS\System32\WS2_32.dll
0x00007ff8b8f70000 - 0x00007ff8b8f97000 	C:\WINDOWS\SYSTEM32\WINMM.dll
0x00007ff8d8850000 - 0x00007ff8d885a000 	C:\WINDOWS\SYSTEM32\VERSION.dll
0x00007ff8dbe40000 - 0x00007ff8dbe52000 	C:\WINDOWS\SYSTEM32\kernel.appcore.dll
0x00007ff8ca6d0000 - 0x00007ff8ca6da000 	C:\Users\ERIN_JAVALead\.jdks\corretto-18.0.2\bin\jimage.dll
0x00007ff8cafc0000 - 0x00007ff8cb1a4000 	C:\WINDOWS\SYSTEM32\DBGHELP.DLL
0x00007ff8cadf0000 - 0x00007ff8cae24000 	C:\WINDOWS\SYSTEM32\dbgcore.DLL
0x00007ff8de840000 - 0x00007ff8de8c2000 	C:\WINDOWS\System32\bcryptPrimitives.dll
0x00007ff8c3070000 - 0x00007ff8c307e000 	C:\Users\ERIN_JAVALead\.jdks\corretto-18.0.2\bin\instrument.dll
0x00007ff8c2d80000 - 0x00007ff8c2da5000 	C:\Users\ERIN_JAVALead\.jdks\corretto-18.0.2\bin\java.dll
0x00007ff8ab080000 - 0x00007ff8ab156000 	C:\Users\ERIN_JAVALead\.jdks\corretto-18.0.2\bin\jsvml.dll
0x00007ff8dfb90000 - 0x00007ff8e02d4000 	C:\WINDOWS\System32\SHELL32.dll
0x00007ff8dc040000 - 0x00007ff8dc7db000 	C:\WINDOWS\SYSTEM32\windows.storage.dll
0x00007ff8de950000 - 0x00007ff8deca4000 	C:\WINDOWS\System32\combase.dll
0x00007ff8dd910000 - 0x00007ff8dd93d000 	C:\WINDOWS\SYSTEM32\Wldp.dll
0x00007ff8df670000 - 0x00007ff8df71d000 	C:\WINDOWS\System32\SHCORE.dll
0x00007ff8dee30000 - 0x00007ff8dee85000 	C:\WINDOWS\System32\shlwapi.dll
0x00007ff8dded0000 - 0x00007ff8ddef5000 	C:\WINDOWS\SYSTEM32\profapi.dll
0x00007ff8c1100000 - 0x00007ff8c1118000 	C:\Users\ERIN_JAVALead\.jdks\corretto-18.0.2\bin\zip.dll
0x00007ff8c2eb0000 - 0x00007ff8c2ec3000 	C:\Users\ERIN_JAVALead\.jdks\corretto-18.0.2\bin\net.dll
0x00007ff8d78a0000 - 0x00007ff8d79aa000 	C:\WINDOWS\SYSTEM32\WINHTTP.dll
0x00007ff8dd670000 - 0x00007ff8dd6da000 	C:\WINDOWS\system32\mswsock.dll
0x00007ff8c1120000 - 0x00007ff8c1135000 	C:\Users\ERIN_JAVALead\.jdks\corretto-18.0.2\bin\nio.dll
0x00007ff8c10e0000 - 0x00007ff8c10fa000 	C:\Program Files\JetBrains\IntelliJ IDEA Community Edition 2021.3.3\bin\breakgen64.dll

dbghelp: loaded successfully - version: 4.0.5 - missing functions: none
symbol engine: initialized successfully - sym options: 0x614 - pdb path: .;C:\Users\ERIN_JAVALead\.jdks\corretto-18.0.2\bin;C:\WINDOWS\SYSTEM32;C:\WINDOWS\WinSxS\amd64_microsoft.windows.common-controls_6595b64144ccf1df_6.0.19041.3570_none_60bb2a3971f3e41a;C:\Users\ERIN_JAVALead\.jdks\corretto-18.0.2\bin\server;C:\Program Files\JetBrains\IntelliJ IDEA Community Edition 2021.3.3\bin

VM Arguments:
jvm_args: -ea -Didea.test.cyclic.buffer.size=1048576 -javaagent:C:\Program Files\JetBrains\IntelliJ IDEA Community Edition 2021.3.3\lib\idea_rt.jar=52589:C:\Program Files\JetBrains\IntelliJ IDEA Community Edition 2021.3.3\bin -Dfile.encoding=UTF-8 
java_command: com.intellij.rt.junit.JUnitStarter -ideVersion5 -junit5 com.devskiller.tasks.blog.rest.CommentControllerTest,shouldReturnFoundComments
java_class_path (initial): C:\Users\ERIN_JAVALead\.m2\repository\org\junit\platform\junit-platform-launcher\1.9.3\junit-platform-launcher-1.9.3.jar;C:\Program Files\JetBrains\IntelliJ IDEA Community Edition 2021.3.3\lib\idea_rt.jar;C:\Program Files\JetBrains\IntelliJ IDEA Community Edition 2021.3.3\plugins\junit\lib\junit5-rt.jar;C:\Program Files\JetBrains\IntelliJ IDEA Community Edition 2021.3.3\plugins\junit\lib\junit-rt.jar;C:\Users\ERIN_JAVALead\Downloads\devskiller-code-U32X-W3E7-T2E6-S3F\target\test-classes;C:\Users\ERIN_JAVALead\Downloads\devskiller-code-U32X-W3E7-T2E6-S3F\target\classes;C:\Users\ERIN_JAVALead\.m2\repository\org\springframework\boot\spring-boot-starter-data-jpa\3.1.5\spring-boot-starter-data-jpa-3.1.5.jar;C:\Users\ERIN_JAVALead\.m2\repository\org\springframework\boot\spring-boot-starter-aop\3.1.5\spring-boot-starter-aop-3.1.5.jar;C:\Users\ERIN_JAVALead\.m2\repository\org\aspectj\aspectjweaver\1.9.20\aspectjweaver-1.9.20.jar;C:\Users\ERIN_JAVALead\.m2\repository\org\springframework\boot\spring-boot-starter-jdbc\3.1.5\spring-boot-starter-jdbc-3.1.5.jar;C:\Users\ERIN_JAVALead\.m2\repository\com\zaxxer\HikariCP\5.0.1\HikariCP-5.0.1.jar;C:\Users\ERIN_JAVALead\.m2\repository\org\springframework\spring-jdbc\6.0.13\spring-jdbc-6.0.13.jar;C:\Users\ERIN_JAVALead\.m2\repository\org\hibernate\orm\hibernate-core\6.2.13.Final\hibernate-core-6.2.13.Final.jar;C:\Users\ERIN_JAVALead\.m2\repository\jakarta\persistence\jakarta.persistence-api\3.1.0\jakarta.persistence-api-3.1.0.jar;C:\Users\ERIN_JAVALead\.m2\repository\jakarta\transaction\jakarta.transaction-api\2.0.1\jakarta.transaction-api-2.0.1.jar;C:\Users\ERIN_JAVALead\.m2\repository\org\jboss\logging\jboss-logging\3.5.3.Final\jboss-logging-3.5.3.Final.jar;C:\Users\ERIN_JAVALead\.m2\repository\org\hibernate\common\hibernate-commons-annotations\6.0.6.Final\hibernate-commons-annotations-6.0.6.Final.jar;C:\Users\ERIN_JAVALead\.m2\repository\io\smallrye\jandex\3.0.5\jandex-3.0.5.jar;C:\Users\ERIN_JAVALead\.m2\repository\com\fasterxml\classmate\1.5.1\classmate-1.5.1.jar;C:\Users\ERIN_JAVALead\.m2\repository\net\bytebuddy\byte-buddy\1.14.9\byte-buddy-1.14.9.jar;C:\Users\ERIN_JAVALead\.m2\repository\org\glassfish\jaxb\jaxb-runtime\4.0.3\jaxb-runtime-4.0.3.jar;C:\Users\ERIN_JAVALead\.m2\repository\org\glassfish\jaxb\jaxb-core\4.0.3\jaxb-core-4.0.3.jar;C:\Users\ERIN_JAVALead\.m2\repository\org\eclipse\angus\angus-activation\2.0.1\angus-activation-2.0.1.jar;C:\Users\ERIN_JAVALead\.m2\repository\org\glassfish\jaxb\txw2\4.0.3\txw2-4.0.3.jar;C:\Users\ERIN_JAVALead\.m2\repository\com\sun\istack\istack-commons-runtime\4.1.2\istack-commons-runtime-4.1.2.jar;C:\Users\ERIN_JAVALead\.m2\repository\jakarta\inject\jakarta.inject-api\2.0.1\jakarta.inject-api-2.0.1.jar;C:\Users\ERIN_JAVALead\.m2\repository\org\antlr\antlr4-runtime\4.10.1\antlr4-runtime-4.10.1.jar;C:\Users\ERIN_JAVALead\.m2\repository\org\springframework\data\spring-data-jpa\3.1.5\spring-data-jpa-3.1.5.jar;C:\Users\ERIN_JAVALead\.m2\repository\org\springframework\data\spring-data-commons\3.1.5\spring-data-commons-3.1.5.jar;C:\Users\ERIN_JAVALead\.m2\repository\org\springframework\spring-orm\6.0.13\spring-orm-6.0.13.jar;C:\Users\ERIN_JAVALead\.m2\repository\org\springframework\spring-context\6.0.13\spring-context-6.0.13.jar;C:\Users\ERIN_JAVALead\.m2\repository\org\springframework\spring-tx\6.0.13\spring-tx-6.0.13.jar;C:\Users\ERIN_JAVALead\.m2\repository\org\springframework\spring-beans\6.0.13\spring-beans-6.0.13.jar;C:\Users\ERIN_JAVALead\.m2\repository\jakarta\annotation\jakarta.annotation-api\2.1.1\jakarta.annotation-api-2.1.1.jar;C:\Users\ERIN_JAVALead\.m2\repository\org\slf4j\slf4j-api\2.0.9\slf4j-api-2.0.9.jar;C:\Users\ERIN_JAVALead\.m2\repository\org\springframework\spring-aspects\6.0.13\spring-aspects-6.0.13.jar;C:\Users\ERIN_JAVALead\.m2\repository\org\springframework\boot\spring-boot-starter-web\2.4.2\spring-boot-starter-web-2.4.2.jar;C:\Users\ERIN_JAVALead\.m2\repository\org\springframework\boot\spring-boot-starter\3.1.5\spring-boot-starter-3.1.5.jar;C:\Users\ERIN_JAVALead\.m2\repository\org\springframework\boot\spring-boot\3.1.5\spring-boot-3.1.5.jar;C:\Users\ERIN_JAVALead\.m2\repository\org\springframework\boot\spring-boot-autoconfigure\3.1.5\spring-boot-autoconfigure-3.1.5.jar;C:\Users\ERIN_JAVALead\.m2\repository\org\springframework\boot\spring-boot-starter-logging\3.1.5\spring-boot-starter-logging-3.1.5.jar;C:\Users\ERIN_JAVALead\.m2\repository\ch\qos\logback\logback-classic\1.4.11\logback-classic-1.4.11.jar;C:\Users\ERIN_JAVALead\.m2\repository\ch\qos\logback\logback-core\1.4.11\logback-core-1.4.11.jar;C:\Users\ERIN_JAVALead\.m2\repository\org\apache\logging\log4j\log4j-to-slf4j\2.20.0\log4j-to-slf4j-2.20.0.jar;C:\Users\ERIN_JAVALead\.m2\repository\org\apache\logging\log4j\log4j-api\2.20.0\log4j-api-2.20.0.jar;C:\Users\ERIN_JAVALead\.m2\repository\org\slf4j\jul-to-slf4j\2.0.9\jul-to-slf4j-2.0.9.jar;C:\Users\ERIN_JAVALead\.m2\repository\org\yaml\snakeyaml\1.33\snakeyaml-1.33.jar;C:\Users\ERIN_JAVALead\.m2\repository\org\springframework\boot\spring-boot-starter-json\3.1.5\spring-boot-starter-json-3.1.5.jar;C:\Users\ERIN_JAVALead\.m2\repository\com\fasterxml\jackson\core\jackson-databind\2.15.3\jackson-databind-2.15.3.jar;C:\Users\ERIN_JAVALead\.m2\repository\com\fasterxml\jackson\core\jackson-annotations\2.15.3\jackson-annotations-2.15.3.jar;C:\Users\ERIN_JAVALead\.m2\repository\com\fasterxml\jackson\core\jackson-core\2.15.3\jackson-core-2.15.3.jar;C:\Users\ERIN_JAVALead\.m2\repository\com\fasterxml\jackson\datatype\jackson-datatype-jdk8\2.15.3\jackson-datatype-jdk8-2.15.3.jar;C:\Users\ERIN_JAVALead\.m2\repository\com\fasterxml\jackson\datatype\jackson-datatype-jsr310\2.15.3\jackson-datatype-jsr310-2.15.3.jar;C:\Users\ERIN_JAVALead\.m2\repository\com\fasterxml\jackson\module\jackson-module-parameter-names\2.15.3\jackson-module-parameter-names-2.15.3.jar;C:\Users\ERIN_JAVALead\.m2\repository\org\springframework\boot\spring-boot-starter-tomcat\3.1.5\spring-boot-starter-tomcat-3.1.5.jar;C:\Users\ERIN_JAVALead\.m2\repository\org\apache\tomcat\embed\tomcat-embed-core\10.1.15\tomcat-embed-core-10.1.15.jar;C:\Users\ERIN_JAVALead\.m2\repository\org\apache\tomcat\embed\tomcat-embed-el\10.1.15\tomcat-embed-el-10.1.15.jar;C:\Users\ERIN_JAVALead\.m2\repository\org\apache\tomcat\embed\tomcat-embed-websocket\10.1.15\tomcat-embed-websocket-10.1.15.jar;C:\Users\ERIN_JAVALead\.m2\repository\org\springframework\spring-web\6.0.13\spring-web-6.0.13.jar;C:\Users\ERIN_JAVALead\.m2\repository\io\micrometer\micrometer-observation\1.11.5\micrometer-observation-1.11.5.jar;C:\Users\ERIN_JAVALead\.m2\repository\io\micrometer\micrometer-commons\1.11.5\micrometer-commons-1.11.5.jar;C:\Users\ERIN_JAVALead\.m2\repository\org\springframework\spring-webmvc\6.0.13\spring-webmvc-6.0.13.jar;C:\Users\ERIN_JAVALead\.m2\repository\org\springframework\spring-expression\6.0.13\spring-expression-6.0.13.jar;C:\Users\ERIN_JAVALead\.m2\repository\com\microsoft\sqlserver\mssql-jdbc\12.4.1.jre11\mssql-jdbc-12.4.1.jre11.jar;C:\Users\ERIN_JAVALead\.m2\repository\com\h2database\h2\2.1.214\h2-2.1.214.jar;C:\Users\ERIN_JAVALead\.m2\repository\org\springframework\boot\spring-boot-starter-test\3.1.5\spring-boot-starter-test-3.1.5.jar;C:\Users\ERIN_JAVALead\.m2\repository\org\springframework\boot\spring-boot-test\3.1.5\spring-boot-test-3.1.5.jar;C:\Users\ERIN_JAVALead\.m2\repository\org\springframework\boot\spring-boot-test-autoconfigure\3.1.5\spring-boot-test-autoconfigure-3.1.5.jar;C:\Users\ERIN_JAVALead\.m2\repository\com\jayway\jsonpath\json-path\2.8.0\json-path-2.8.0.jar;C:\Users\ERIN_JAVALead\.m2\repository\jakarta\xml\bind\jakarta.xml.bind-api\4.0.1\jakarta.xml.bind-api-4.0.1.jar;C:\Users\ERIN_JAVALead\.m2\repository\jakarta\activation\jakarta.activation-api\2.1.2\jakarta.activation-api-2.1.2.jar;C:\Users\ERIN_JAVALead\.m2\repository\net\minidev\json-smart\2.4.11\json-smart-2.4.11.jar;C:\Users\ERIN_JAVALead\.m2\repository\net\minidev\accessors-smart\2.4.11\accessors-smart-2.4.11.jar;C:\Users\ERIN_JAVALead\.m2\repository\org\ow2\asm\asm\9.3\asm-9.3.jar;C:\Users\ERIN_JAVALead\.m2\repository\org\assertj\assertj-core\3.24.2\assertj-core-3.24.2.jar;C:\Users\ERIN_JAVALead\.m2\repository\org\hamcrest\hamcrest\2.2\hamcrest-2.2.jar;C:\Users\ERIN_JAVALead\.m2\repository\org\junit\jupiter\junit-jupiter\5.9.3\junit-jupiter-5.9.3.jar;C:\Users\ERIN_JAVALead\.m2\repository\org\junit\jupiter\junit-jupiter-api\5.9.3\junit-jupiter-api-5.9.3.jar;C:\Users\ERIN_JAVALead\.m2\repository\org\opentest4j\opentest4j\1.2.0\opentest4j-1.2.0.jar;C:\Users\ERIN_JAVALead\.m2\repository\org\junit\platform\junit-platform-commons\1.9.3\junit-platform-commons-1.9.3.jar;C:\Users\ERIN_JAVALead\.m2\repository\org\apiguardian\apiguardian-api\1.1.2\apiguardian-api-1.1.2.jar;C:\Users\ERIN_JAVALead\.m2\repository\org\junit\jupiter\junit-jupiter-params\5.9.3\junit-jupiter-params-5.9.3.jar;C:\Users\ERIN_JAVALead\.m2\repository\org\junit\jupiter\junit-jupiter-engine\5.9.3\junit-jupiter-engine-5.9.3.jar;C:\Users\ERIN_JAVALead\.m2\repository\org\junit\platform\junit-platform-engine\1.9.3\junit-platform-engine-1.9.3.jar;C:\Users\ERIN_JAVALead\.m2\repository\org\mockito\mockito-core\5.3.1\mockito-core-5.3.1.jar;C:\Users\ERIN_JAVALead\.m2\repository\net\bytebuddy\byte-buddy-agent\1.14.9\byte-buddy-agent-1.14.9.jar;C:\Users\ERIN_JAVALead\.m2\repository\org\objenesis\objenesis\3.3\objenesis-3.3.jar;C:\Users\ERIN_JAVALead\.m2\repository\org\mockito\mockito-junit-jupiter\5.3.1\mockito-junit-jupiter-5.3.1.jar;C:\Users\ERIN_JAVALead\.m2\repository\org\skyscreamer\jsonassert\1.5.1\jsonassert-1.5.1.jar;C:\Users\ERIN_JAVALead\.m2\repository\com\vaadin\external\google\android-json\0.0.20131108.vaadin1\android-json-0.0.20131108.vaadin1.jar;C:\Users\ERIN_JAVALead\.m2\repository\org\springframework\spring-core\6.0.13\spring-core-6.0.13.jar;C:\Users\ERIN_JAVALead\.m2\repository\org\springframework\spring-jcl\6.0.13\spring-jcl-6.0.13.jar;C:\Users\ERIN_JAVALead\.m2\repository\org\springframework\spring-test\6.0.13\spring-test-6.0.13.jar;C:\Users\ERIN_JAVALead\.m2\repository\org\xmlunit\xmlunit-core\2.9.1\xmlunit-core-2.9.1.jar;C:\Users\ERIN_JAVALead\.m2\repository\org\springframework\boot\spring-boot-starter-security\3.1.5\spring-boot-starter-security-3.1.5.jar;C:\Users\ERIN_JAVALead\.m2\repository\org\springframework\spring-aop\6.0.13\spring-aop-6.0.13.jar;C:\Users\ERIN_JAVALead\.m2\repository\org\springframework\security\spring-security-config\6.1.5\spring-security-config-6.1.5.jar;C:\Users\ERIN_JAVALead\.m2\repository\org\springframework\security\spring-security-web\6.1.5\spring-security-web-6.1.5.jar;C:\Users\ERIN_JAVALead\.m2\repository\org\springframework\security\spring-security-test\6.1.5\spring-security-test-6.1.5.jar;C:\Users\ERIN_JAVALead\.m2\repository\org\springframework\security\spring-security-core\6.1.5\spring-security-core-6.1.5.jar;C:\Users\ERIN_JAVALead\.m2\repository\org\springframework\security\spring-security-crypto\6.1.5\spring-security-crypto-6.1.5.jar
Launcher Type: SUN_STANDARD

[Global flags]
     intx CICompilerCount                          = 3                                         {product} {ergonomic}
     uint ConcGCThreads                            = 1                                         {product} {ergonomic}
     uint G1ConcRefinementThreads                  = 4                                         {product} {ergonomic}
   size_t G1HeapRegionSize                         = 1048576                                   {product} {ergonomic}
    uintx GCDrainStackTargetSize                   = 64                                        {product} {ergonomic}
   size_t InitialHeapSize                          = 67108864                                  {product} {ergonomic}
   size_t MarkStackSize                            = 4194304                                   {product} {ergonomic}
   size_t MaxHeapSize                              = 1052770304                                {product} {ergonomic}
   size_t MaxNewSize                               = 631242752                                 {product} {ergonomic}
   size_t MinHeapDeltaBytes                        = 1048576                                   {product} {ergonomic}
   size_t MinHeapSize                              = 8388608                                   {product} {ergonomic}
    uintx NonNMethodCodeHeapSize                   = 5832780                                {pd product} {ergonomic}
    uintx NonProfiledCodeHeapSize                  = 122912730                              {pd product} {ergonomic}
    uintx ProfiledCodeHeapSize                     = 122912730                              {pd product} {ergonomic}
    uintx ReservedCodeCacheSize                    = 251658240                              {pd product} {ergonomic}
     bool SegmentedCodeCache                       = true                                      {product} {ergonomic}
   size_t SoftMaxHeapSize                          = 1052770304                             {manageable} {ergonomic}
     bool UseCompressedClassPointers               = true                           {product lp64_product} {ergonomic}
     bool UseCompressedOops                        = true                           {product lp64_product} {ergonomic}
     bool UseG1GC                                  = true                                      {product} {ergonomic}
     bool UseLargePagesIndividualAllocation        = false                                  {pd product} {ergonomic}

Logging:
Log output configuration:
 #0: stdout all=warning uptime,level,tags foldmultilines=false
 #1: stderr all=off uptime,level,tags foldmultilines=false

Environment Variables:
PATH=C:\WINDOWS\system32;C:\WINDOWS;C:\WINDOWS\System32\Wbem;C:\WINDOWS\System32\WindowsPowerShell\v1.0\;C:\WINDOWS\System32\OpenSSH\;C:\Program Files (x86)\nodejs\;C:\Program Files (x86)\nodejs\npm;C:\Users\ERIN_JAVALead\AppData\Roaming\npm;C:\Program Files\Git\cmd;C:\Program Files (x86)\dotnet\;C:\Program Files (x86)\Microsoft SQL Server\160\DTS\Binn\;C:\Program Files\Azure Data Studio\bin;C:\Program Files (x86)\Microsoft SQL Server\160\Tools\Binn\;C:\Program Files\Microsoft SQL Server\160\Tools\Binn\;C:\Program Files\Microsoft SQL Server\Client SDK\ODBC\170\Tools\Binn\;C:\Program Files\Microsoft SQL Server\160\DTS\Binn\;C:\Users\ERIN_JAVALead\AppData\Local\Microsoft\WindowsApps;;C:\Users\ERIN_JAVALead\AppData\Local\Programs\Microsoft VS Code\bin;C:\Users\ERIN_JAVALead\AppData\Roaming\npm;C:\Program Files\Azure Data Studio\bin
USERNAME=ERIN_JAVALead
OS=Windows_NT
PROCESSOR_IDENTIFIER=Intel64 Family 6 Model 78 Stepping 3, GenuineIntel



---------------  S Y S T E M  ---------------

OS:
 Windows 10 , 64 bit Build 19041 (10.0.19041.3570)
OS uptime: 0 days 2:28 hours

CPU: total 4 (initial active 4) (2 cores per cpu, 2 threads per core) family 6 model 78 stepping 3 microcode 0xcc, cx8, cmov, fxsr, ht, mmx, 3dnowpref, sse, sse2, sse3, ssse3, sse4.1, sse4.2, popcnt, lzcnt, tsc, tscinvbit, avx, avx2, aes, erms, clmul, bmi1, bmi2, adx, fma, vzeroupper, clflush, clflushopt

Memory: 4k page, system-wide physical 4012M (235M free)
TotalPageFile size 6060M (AvailPageFile size 3M)
current process WorkingSet (physical memory assigned to process): 77M, peak: 77M
current process commit charge ("private bytes"): 156M, peak: 156M

vm_info: OpenJDK 64-Bit Server VM (18.0.2+9-FR) for windows-amd64 JRE (18.0.2+9-FR), built on Jul 15 2022 20:03:03 by "Administrator" with MS VC++ 15.9 (VS2017)

END.
