#
# There is insufficient memory for the Java Runtime Environment to continue.
# Native memory allocation (malloc) failed to allocate 623760 bytes for Chunk::new
# Possible reasons:
#   The system is out of physical RAM or swap space
#   The process is running with CompressedOops enabled, and the Java Heap may be blocking the growth of the native heap
# Possible solutions:
#   Reduce memory load on the system
#   Increase physical memory or swap space
#   Check if swap backing store is full
#   Decrease Java heap size (-Xmx/-Xms)
#   Decrease number of Java threads
#   Decrease Java thread stack sizes (-Xss)
#   Set larger code cache with -XX:ReservedCodeCacheSize=
#   JVM is running with Unscaled Compressed Oops mode in which the Java heap is
#     placed in the first 4GB address space. The Java Heap base address is the
#     maximum limit for the native heap growth. Please use -XX:HeapBaseMinAddress
#     to set the Java Heap base and to place the Java Heap above 4GB virtual address.
# This output file may be truncated or incomplete.
#
#  Out of Memory Error (arena.cpp:184), pid=9704, tid=12696
#
# JRE version: OpenJDK Runtime Environment Corretto-18.0.2.9.1 (18.0.2+9) (build 18.0.2+9-FR)
# Java VM: OpenJDK 64-Bit Server VM Corretto-18.0.2.9.1 (18.0.2+9-FR, mixed mode, sharing, tiered, compressed oops, compressed class ptrs, g1 gc, windows-amd64)
# No core dump will be written. Minidumps are not enabled by default on client versions of Windows
#

---------------  S U M M A R Y ------------

Command Line: -agentlib:jdwp=transport=dt_socket,address=127.0.0.1:52019,suspend=y,server=n -javaagent:C:\Users\ERIN_JAVALead\AppData\Local\JetBrains\IdeaIC2021.3\captureAgent\debugger-agent.jar -Dfile.encoding=UTF-8 com.devskiller.tasks.blog.BlogApplication

Host: Intel(R) Core(TM) i3-6006U CPU @ 2.00GHz, 4 cores, 3G,  Windows 10 , 64 bit Build 19041 (10.0.19041.3570)
Time: Mon Oct 30 19:30:04 2023 Central European Standard Time elapsed time: 22.982230 seconds (0d 0h 0m 22s)

---------------  T H R E A D  ---------------

Current thread (0x00000241ff2e3380):  JavaThread "C2 CompilerThread0" daemon [_thread_in_native, id=12696, stack(0x000000ba48900000,0x000000ba48a00000)]


Current CompileTask:
C2:  22982 4917   !   4       jdk.internal.loader.Resource::getBytes (244 bytes)

Stack: [0x000000ba48900000,0x000000ba48a00000]
Native frames: (J=compiled Java code, j=interpreted, Vv=VM code, C=native code)
V  [jvm.dll+0x685a2a]
V  [jvm.dll+0x82ae8d]
V  [jvm.dll+0x82c75e]
V  [jvm.dll+0x82ce03]
V  [jvm.dll+0x25ef4b]
V  [jvm.dll+0xd42d2]
V  [jvm.dll+0xd4665]
V  [jvm.dll+0x38578b]
V  [jvm.dll+0x1d8d32]
V  [jvm.dll+0x233b4f]
V  [jvm.dll+0x232f37]
V  [jvm.dll+0x1c0a35]
V  [jvm.dll+0x24212c]
V  [jvm.dll+0x240534]
V  [jvm.dll+0x7df6db]
V  [jvm.dll+0x7d9cba]
V  [jvm.dll+0x6848a5]
C  [ucrtbase.dll+0x21bb2]
C  [KERNEL32.DLL+0x17344]
C  [ntdll.dll+0x526b1]


---------------  P R O C E S S  ---------------

Threads class SMR info:
_java_thread_list=0x00000241851601e0, length=21, elements={
0x00000241e3d64d20, 0x00000241ff2c7130, 0x00000241ff2c7d90, 0x00000241ff2ddaa0,
0x00000241ff2de350, 0x00000241ff2dfd00, 0x00000241ff2e26b0, 0x00000241ff2e3380,
0x00000241ff34aa40, 0x00000241ff353c60, 0x00000241ff2ae530, 0x00000241ff63c690,
0x00000241ff556ec0, 0x00000241ff5af620, 0x00000241ff60dae0, 0x000002418523b6b0,
0x00000241857f89e0, 0x0000024184d6d160, 0x0000024184d6db00, 0x0000024184d6f7e0,
0x0000024184d6ee40
}

Java Threads: ( => current thread )
  0x00000241e3d64d20 JavaThread "main" [_thread_in_vm, id=10200, stack(0x000000ba47c00000,0x000000ba47d00000)]
  0x00000241ff2c7130 JavaThread "Reference Handler" daemon [_thread_blocked, id=6044, stack(0x000000ba48300000,0x000000ba48400000)]
  0x00000241ff2c7d90 JavaThread "Finalizer" daemon [_thread_blocked, id=11560, stack(0x000000ba48400000,0x000000ba48500000)]
  0x00000241ff2ddaa0 JavaThread "Signal Dispatcher" daemon [_thread_blocked, id=8060, stack(0x000000ba48500000,0x000000ba48600000)]
  0x00000241ff2de350 JavaThread "Attach Listener" daemon [_thread_blocked, id=8652, stack(0x000000ba48600000,0x000000ba48700000)]
  0x00000241ff2dfd00 JavaThread "Service Thread" daemon [_thread_blocked, id=4376, stack(0x000000ba48700000,0x000000ba48800000)]
  0x00000241ff2e26b0 JavaThread "Monitor Deflation Thread" daemon [_thread_blocked, id=12856, stack(0x000000ba48800000,0x000000ba48900000)]
=>0x00000241ff2e3380 JavaThread "C2 CompilerThread0" daemon [_thread_in_native, id=12696, stack(0x000000ba48900000,0x000000ba48a00000)]
  0x00000241ff34aa40 JavaThread "C1 CompilerThread0" daemon [_thread_blocked, id=9676, stack(0x000000ba48a00000,0x000000ba48b00000)]
  0x00000241ff353c60 JavaThread "Sweeper thread" daemon [_thread_blocked, id=3644, stack(0x000000ba48b00000,0x000000ba48c00000)]
  0x00000241ff2ae530 JavaThread "Common-Cleaner" daemon [_thread_blocked, id=1064, stack(0x000000ba48c00000,0x000000ba48d00000)]
  0x00000241ff63c690 JavaThread "JDWP Transport Listener: dt_socket" daemon [_thread_blocked, id=8640, stack(0x000000ba48d00000,0x000000ba48e00000)]
  0x00000241ff556ec0 JavaThread "JDWP Event Helper Thread" daemon [_thread_in_vm, id=7316, stack(0x000000ba48e00000,0x000000ba48f00000)]
  0x00000241ff5af620 JavaThread "JDWP Command Reader" daemon [_thread_in_native, id=10488, stack(0x000000ba48f00000,0x000000ba49000000)]
  0x00000241ff60dae0 JavaThread "Notification Thread" daemon [_thread_blocked, id=3828, stack(0x000000ba49000000,0x000000ba49100000)]
  0x000002418523b6b0 JavaThread "Catalina-utility-1" [_thread_blocked, id=9432, stack(0x000000ba49200000,0x000000ba49300000)]
  0x00000241857f89e0 JavaThread "Catalina-utility-2" [_thread_blocked, id=8672, stack(0x000000ba49600000,0x000000ba49700000)]
  0x0000024184d6d160 JavaThread "container-0" [_thread_blocked, id=3092, stack(0x000000ba49700000,0x000000ba49800000)]
  0x0000024184d6db00 JavaThread "mssql-jdbc-shared-timer-core-0" daemon [_thread_blocked, id=9940, stack(0x000000ba49900000,0x000000ba49a00000)]
  0x0000024184d6f7e0 JavaThread "HikariPool-1 housekeeper" daemon [_thread_blocked, id=1104, stack(0x000000ba49a00000,0x000000ba49b00000)]
  0x0000024184d6ee40 JavaThread "HikariPool-1 connection adder" daemon [_thread_blocked, id=7128, stack(0x000000ba49b00000,0x000000ba49c00000)]

Other Threads:
  0x00000241ff2c3990 VMThread "VM Thread" [stack: 0x000000ba48200000,0x000000ba48300000] [id=4544]
  0x00000241ff604270 WatcherThread "VM Periodic Task Thread" [stack: 0x000000ba49100000,0x000000ba49200000] [id=2056]
  0x00000241e3da6320 WorkerThread "GC Thread#0" [stack: 0x000000ba47d00000,0x000000ba47e00000] [id=2068]
  0x00000241844b35d0 WorkerThread "GC Thread#1" [stack: 0x000000ba49300000,0x000000ba49400000] [id=4828]
  0x00000241844d2f50 WorkerThread "GC Thread#2" [stack: 0x000000ba49400000,0x000000ba49500000] [id=7352]
  0x00000241844d31f0 WorkerThread "GC Thread#3" [stack: 0x000000ba49500000,0x000000ba49600000] [id=12416]
  0x00000241e3db03e0 ConcurrentGCThread "G1 Main Marker" [stack: 0x000000ba47e00000,0x000000ba47f00000] [id=11576]
  0x00000241e3db0dd0 WorkerThread "G1 Conc#0" [stack: 0x000000ba47f00000,0x000000ba48000000] [id=3324]
  0x00000241e3dd8ff0 ConcurrentGCThread "G1 Refine#0" [stack: 0x000000ba48000000,0x000000ba48100000] [id=7968]
  0x00000241e3dd9900 ConcurrentGCThread "G1 Service" [stack: 0x000000ba48100000,0x000000ba48200000] [id=10848]

Threads with active compile tasks:
C2 CompilerThread0    23051 4917   !   4       jdk.internal.loader.Resource::getBytes (244 bytes)

VM state: not at safepoint (normal execution)

VM Mutex/Monitor currently owned by a thread: None

Heap address: 0x00000000c1400000, size: 1004 MB, Compressed Oops mode: 32-bit

CDS archive(s) mapped at: [0x0000000800000000-0x0000000800ba0000-0x0000000800ba0000), size 12189696, SharedBaseAddress: 0x0000000800000000, ArchiveRelocationMode: 0.
Compressed class space mapped at: 0x0000000800c00000-0x0000000840c00000, reserved size: 1073741824
Narrow klass base: 0x0000000800000000, Narrow klass shift: 0, Narrow klass range: 0x100000000

GC Precious Log:
 CardTable entry size: 512
 Card Set container configuration: InlinePtr #cards 5 size 8 Array Of Cards #cards 12 size 40 Howl #buckets 4 coarsen threshold 1843 Howl Bitmap #cards 512 size 80 coarsen threshold 460 Card regions per heap region 1 cards per card region 2048
 CPUs: 4 total, 4 available
 Memory: 4012M
 Large Page Support: Disabled
 NUMA Support: Disabled
 Compressed Oops: Enabled (32-bit)
 Heap Region Size: 1M
 Heap Min Capacity: 8M
 Heap Initial Capacity: 64M
 Heap Max Capacity: 1004M
 Pre-touch: Disabled
 Parallel Workers: 4
 Concurrent Workers: 1
 Concurrent Refinement Workers: 4
 Periodic GC: Disabled

Heap:
 garbage-first heap   total 48128K, used 21259K [0x00000000c1400000, 0x0000000100000000)
  region size 1024K, 3 young (3072K), 2 survivors (2048K)
 Metaspace       used 53007K, committed 53568K, reserved 1114112K
  class space    used 6845K, committed 7104K, reserved 1048576K

Heap Regions: E=young(eden), S=young(survivor), O=old, HS=humongous(starts), HC=humongous(continues), CS=collection set, F=free, OA=open archive, CA=closed archive, TAMS=top-at-mark-start (previous, next)
|   0|0x00000000c1400000, 0x00000000c1500000, 0x00000000c1500000|100%|HS|  |TAMS 0x00000000c1500000, 0x00000000c1400000| Complete 
|   1|0x00000000c1500000, 0x00000000c1600000, 0x00000000c1600000|100%| O|  |TAMS 0x00000000c1600000, 0x00000000c1500000| Untracked 
|   2|0x00000000c1600000, 0x00000000c1700000, 0x00000000c1700000|100%| O|  |TAMS 0x00000000c1700000, 0x00000000c1600000| Untracked 
|   3|0x00000000c1700000, 0x00000000c1800000, 0x00000000c1800000|100%| O|  |TAMS 0x00000000c1800000, 0x00000000c1700000| Untracked 
|   4|0x00000000c1800000, 0x00000000c1900000, 0x00000000c1900000|100%| O|  |TAMS 0x00000000c1900000, 0x00000000c1800000| Untracked 
|   5|0x00000000c1900000, 0x00000000c1a00000, 0x00000000c1a00000|100%| O|  |TAMS 0x00000000c1a00000, 0x00000000c1900000| Untracked 
|   6|0x00000000c1a00000, 0x00000000c1b00000, 0x00000000c1b00000|100%| O|  |TAMS 0x00000000c1b00000, 0x00000000c1a00000| Untracked 
|   7|0x00000000c1b00000, 0x00000000c1c00000, 0x00000000c1c00000|100%| O|  |TAMS 0x00000000c1c00000, 0x00000000c1b00000| Untracked 
|   8|0x00000000c1c00000, 0x00000000c1d00000, 0x00000000c1d00000|100%| O|  |TAMS 0x00000000c1d00000, 0x00000000c1c00000| Untracked 
|   9|0x00000000c1d00000, 0x00000000c1e00000, 0x00000000c1e00000|100%| O|  |TAMS 0x00000000c1d1ca00, 0x00000000c1d00000| Untracked 
|  10|0x00000000c1e00000, 0x00000000c1f00000, 0x00000000c1f00000|100%| O|  |TAMS 0x00000000c1f00000, 0x00000000c1e00000| Untracked 
|  11|0x00000000c1f00000, 0x00000000c2000000, 0x00000000c2000000|100%| O|  |TAMS 0x00000000c2000000, 0x00000000c1f00000| Untracked 
|  12|0x00000000c2000000, 0x00000000c2100000, 0x00000000c2100000|100%| O|  |TAMS 0x00000000c2100000, 0x00000000c2000000| Untracked 
|  13|0x00000000c2100000, 0x00000000c2200000, 0x00000000c2200000|100%| O|  |TAMS 0x00000000c2200000, 0x00000000c2100000| Untracked 
|  14|0x00000000c2200000, 0x00000000c2300000, 0x00000000c2300000|100%| O|  |TAMS 0x00000000c2300000, 0x00000000c2200000| Untracked 
|  15|0x00000000c2300000, 0x00000000c233b400, 0x00000000c2400000| 23%| O|  |TAMS 0x00000000c2300000, 0x00000000c2300000| Untracked 
|  16|0x00000000c2400000, 0x00000000c2500000, 0x00000000c2500000|100%| O|  |TAMS 0x00000000c2400000, 0x00000000c2400000| Untracked 
|  17|0x00000000c2500000, 0x00000000c2600000, 0x00000000c2600000|100%| O|  |TAMS 0x00000000c2500000, 0x00000000c2500000| Untracked 
|  18|0x00000000c2600000, 0x00000000c2700000, 0x00000000c2700000|100%| O|  |TAMS 0x00000000c2600000, 0x00000000c2600000| Untracked 
|  19|0x00000000c2700000, 0x00000000c2800000, 0x00000000c2800000|100%| O|  |TAMS 0x00000000c2700000, 0x00000000c2700000| Untracked 
|  20|0x00000000c2800000, 0x00000000c2800000, 0x00000000c2900000|  0%| F|  |TAMS 0x00000000c2800000, 0x00000000c2800000| Untracked 
|  21|0x00000000c2900000, 0x00000000c2900000, 0x00000000c2a00000|  0%| F|  |TAMS 0x00000000c2900000, 0x00000000c2900000| Untracked 
|  22|0x00000000c2a00000, 0x00000000c2a00000, 0x00000000c2b00000|  0%| F|  |TAMS 0x00000000c2a00000, 0x00000000c2a00000| Untracked 
|  23|0x00000000c2b00000, 0x00000000c2b00000, 0x00000000c2c00000|  0%| F|  |TAMS 0x00000000c2b00000, 0x00000000c2b00000| Untracked 
|  24|0x00000000c2c00000, 0x00000000c2c00000, 0x00000000c2d00000|  0%| F|  |TAMS 0x00000000c2c00000, 0x00000000c2c00000| Untracked 
|  25|0x00000000c2d00000, 0x00000000c2d00000, 0x00000000c2e00000|  0%| F|  |TAMS 0x00000000c2d00000, 0x00000000c2d00000| Untracked 
|  26|0x00000000c2e00000, 0x00000000c2e00000, 0x00000000c2f00000|  0%| F|  |TAMS 0x00000000c2e00000, 0x00000000c2e00000| Untracked 
|  27|0x00000000c2f00000, 0x00000000c2f878b8, 0x00000000c3000000| 52%| S|CS|TAMS 0x00000000c2f00000, 0x00000000c2f00000| Complete 
|  28|0x00000000c3000000, 0x00000000c3100000, 0x00000000c3100000|100%| S|CS|TAMS 0x00000000c3000000, 0x00000000c3000000| Complete 
|  29|0x00000000c3100000, 0x00000000c3100000, 0x00000000c3200000|  0%| F|  |TAMS 0x00000000c3100000, 0x00000000c3100000| Untracked 
|  30|0x00000000c3200000, 0x00000000c3200000, 0x00000000c3300000|  0%| F|  |TAMS 0x00000000c3200000, 0x00000000c3200000| Untracked 
|  31|0x00000000c3300000, 0x00000000c3300000, 0x00000000c3400000|  0%| F|  |TAMS 0x00000000c3300000, 0x00000000c3300000| Untracked 
|  32|0x00000000c3400000, 0x00000000c3400000, 0x00000000c3500000|  0%| F|  |TAMS 0x00000000c3400000, 0x00000000c3400000| Untracked 
|  33|0x00000000c3500000, 0x00000000c3500000, 0x00000000c3600000|  0%| F|  |TAMS 0x00000000c3500000, 0x00000000c3500000| Untracked 
|  34|0x00000000c3600000, 0x00000000c3600000, 0x00000000c3700000|  0%| F|  |TAMS 0x00000000c3600000, 0x00000000c3600000| Untracked 
|  35|0x00000000c3700000, 0x00000000c3700000, 0x00000000c3800000|  0%| F|  |TAMS 0x00000000c3700000, 0x00000000c3700000| Untracked 
|  36|0x00000000c3800000, 0x00000000c3800000, 0x00000000c3900000|  0%| F|  |TAMS 0x00000000c3800000, 0x00000000c3800000| Untracked 
|  37|0x00000000c3900000, 0x00000000c3900000, 0x00000000c3a00000|  0%| F|  |TAMS 0x00000000c3900000, 0x00000000c3900000| Untracked 
|  38|0x00000000c3a00000, 0x00000000c3a00000, 0x00000000c3b00000|  0%| F|  |TAMS 0x00000000c3a00000, 0x00000000c3a00000| Untracked 
|  39|0x00000000c3b00000, 0x00000000c3b00000, 0x00000000c3c00000|  0%| F|  |TAMS 0x00000000c3b00000, 0x00000000c3b00000| Untracked 
|  40|0x00000000c3c00000, 0x00000000c3c00000, 0x00000000c3d00000|  0%| F|  |TAMS 0x00000000c3c00000, 0x00000000c3c00000| Untracked 
|  41|0x00000000c3d00000, 0x00000000c3d00000, 0x00000000c3e00000|  0%| F|  |TAMS 0x00000000c3d00000, 0x00000000c3d00000| Untracked 
|  42|0x00000000c3e00000, 0x00000000c3e00000, 0x00000000c3f00000|  0%| F|  |TAMS 0x00000000c3e00000, 0x00000000c3e00000| Untracked 
|  60|0x00000000c5000000, 0x00000000c5000000, 0x00000000c5100000|  0%| F|  |TAMS 0x00000000c5000000, 0x00000000c5000000| Untracked 
|  61|0x00000000c5100000, 0x00000000c5100000, 0x00000000c5200000|  0%| F|  |TAMS 0x00000000c5100000, 0x00000000c5100000| Untracked 
|  62|0x00000000c5200000, 0x00000000c5200000, 0x00000000c5300000|  0%| F|  |TAMS 0x00000000c5200000, 0x00000000c5200000| Untracked 
|  63|0x00000000c5300000, 0x00000000c5352070, 0x00000000c5400000| 32%| E|  |TAMS 0x00000000c5300000, 0x00000000c5300000| Complete 

Card table byte_map: [0x00000241fab30000,0x00000241fad30000] _byte_map_base: 0x00000241fa526000

Marking Bits (Prev, Next): (CMBitMap*) 0x00000241e3da7d30, (CMBitMap*) 0x00000241e3da7d70
 Prev Bits: [0x00000241faf30000, 0x00000241fbee0000)
 Next Bits: [0x00000241fbee0000, 0x00000241fce90000)

Polling page: 0x00000241e1d70000

Metaspace:

Usage:
  Non-class:     45.11 MB used.
      Class:      6.69 MB used.
       Both:     51.80 MB used.

Virtual space:
  Non-class space:       64.00 MB reserved,      45.44 MB ( 71%) committed,  1 nodes.
      Class space:        1.00 GB reserved,       6.94 MB ( <1%) committed,  1 nodes.
             Both:        1.06 GB reserved,      52.38 MB (  5%) committed. 

Chunk freelists:
   Non-Class:  2.61 MB
       Class:  1.09 MB
        Both:  3.70 MB

MaxMetaspaceSize: unlimited
CompressedClassSpaceSize: 1.00 GB
Initial GC threshold: 21.00 MB
Current GC threshold: 59.38 MB
CDS: on
MetaspaceReclaimPolicy: balanced
 - commit_granule_bytes: 65536.
 - commit_granule_words: 8192.
 - virtual_space_node_default_size: 8388608.
 - enlarge_chunks_in_place: 1.
 - new_chunks_are_fully_committed: 0.
 - uncommit_free_chunks: 1.
 - use_allocation_guard: 0.


Internal statistics:

num_allocs_failed_limit: 9.
num_arena_births: 748.
num_arena_deaths: 0.
num_vsnodes_births: 2.
num_vsnodes_deaths: 0.
num_space_committed: 838.
num_space_uncommitted: 0.
num_chunks_returned_to_freelist: 9.
num_chunks_taken_from_freelist: 2463.
num_chunk_merges: 6.
num_chunk_splits: 1794.
num_chunks_enlarged: 1452.
num_inconsistent_stats: 0.

CodeHeap 'non-profiled nmethods': size=120000Kb used=2011Kb max_used=2543Kb free=117988Kb
 bounds [0x00000241f3400000, 0x00000241f3680000, 0x00000241fa930000]
CodeHeap 'profiled nmethods': size=120000Kb used=8261Kb max_used=10280Kb free=111738Kb
 bounds [0x00000241ebed0000, 0x00000241ec8e0000, 0x00000241f3400000]
CodeHeap 'non-nmethods': size=5760Kb used=1425Kb max_used=1459Kb free=4334Kb
 bounds [0x00000241eb930000, 0x00000241ebba0000, 0x00000241ebed0000]
 total_blobs=4810 nmethods=4132 adapters=590
 compilation: enabled
              stopped_count=0, restarted_count=0
 full_count=0

Compilation events (20 events):
Event: 22.655 Thread 0x00000241ff34aa40 4906       1       org.hibernate.mapping.BasicValue::getResolution (5 bytes)
Event: 22.655 Thread 0x00000241ff34aa40 nmethod 4906 0x00000241f3467b10 code [0x00000241f3467ca0, 0x00000241f3467d78]
Event: 22.655 Thread 0x00000241ff34aa40 4907       3       java.util.ArrayList$ArrayListSpliterator::estimateSize (11 bytes)
Event: 22.656 Thread 0x00000241ff34aa40 nmethod 4907 0x00000241ec08c610 code [0x00000241ec08c7a0, 0x00000241ec08c958]
Event: 22.656 Thread 0x00000241ff34aa40 4908       1       org.hibernate.type.AbstractStandardBasicType::getJavaTypeDescriptor (5 bytes)
Event: 22.656 Thread 0x00000241ff34aa40 nmethod 4908 0x00000241f342a810 code [0x00000241f342a9a0, 0x00000241f342aa78]
Event: 22.765 Thread 0x00000241ff34aa40 4909       3       java.lang.invoke.InvokerBytecodeGenerator::methodPrologue (29 bytes)
Event: 22.766 Thread 0x00000241ff34aa40 nmethod 4909 0x00000241ec1f3b90 code [0x00000241ec1f3d60, 0x00000241ec1f4098]
Event: 22.766 Thread 0x00000241ff34aa40 4911       3       jdk.internal.org.objectweb.asm.Frame::getAbstractTypeFromDescriptor (415 bytes)
Event: 22.769 Thread 0x00000241ff34aa40 nmethod 4911 0x00000241ebee7f90 code [0x00000241ebee8340, 0x00000241ebee9ed8]
Event: 22.769 Thread 0x00000241ff34aa40 4910       3       java.lang.invoke.InvokerBytecodeGenerator::emitReturn (107 bytes)
Event: 22.770 Thread 0x00000241ff34aa40 nmethod 4910 0x00000241ec2ab910 code [0x00000241ec2abb00, 0x00000241ec2abfb8]
Event: 22.774 Thread 0x00000241ff34aa40 4914       3       java.lang.invoke.LambdaForm$NamedFunction::<init> (15 bytes)
Event: 22.774 Thread 0x00000241ff34aa40 nmethod 4914 0x00000241ec250610 code [0x00000241ec2507c0, 0x00000241ec2509d8]
Event: 22.863 Thread 0x00000241ff2e3380 nmethod 4886 0x00000241f3514810 code [0x00000241f3514ba0, 0x00000241f3518800]
Event: 22.863 Thread 0x00000241ff2e3380 4917   !   4       jdk.internal.loader.Resource::getBytes (244 bytes)
Event: 22.916 Thread 0x00000241ff34aa40 4925       1       org.hibernate.spi.NavigablePath::hashCode (5 bytes)
Event: 22.916 Thread 0x00000241ff34aa40 nmethod 4925 0x00000241f357fd10 code [0x00000241f357fea0, 0x00000241f357ff78]
Event: 22.916 Thread 0x00000241ff34aa40 4926       1       org.hibernate.spi.NavigablePath::getIdentifierForTableGroup (5 bytes)
Event: 22.916 Thread 0x00000241ff34aa40 nmethod 4926 0x00000241f35c7e90 code [0x00000241f35c8020, 0x00000241f35c80f8]

GC Heap History (20 events):
Event: 11.483 GC heap before
{Heap before GC invocations=5 (full 0):
 garbage-first heap   total 65536K, used 12545K [0x00000000c1400000, 0x0000000100000000)
  region size 1024K, 4 young (4096K), 3 survivors (3072K)
 Metaspace       used 21194K, committed 21504K, reserved 1114112K
  class space    used 2568K, committed 2752K, reserved 1048576K
}
Event: 11.492 GC heap after
{Heap after GC invocations=6 (full 0):
 garbage-first heap   total 65536K, used 12336K [0x00000000c1400000, 0x0000000100000000)
  region size 1024K, 3 young (3072K), 3 survivors (3072K)
 Metaspace       used 21194K, committed 21504K, reserved 1114112K
  class space    used 2568K, committed 2752K, reserved 1048576K
}
Event: 13.807 GC heap before
{Heap before GC invocations=7 (full 0):
 garbage-first heap   total 48128K, used 37936K [0x00000000c1400000, 0x0000000100000000)
  region size 1024K, 28 young (28672K), 3 survivors (3072K)
 Metaspace       used 26601K, committed 27072K, reserved 1114112K
  class space    used 3256K, committed 3456K, reserved 1048576K
}
Event: 13.832 GC heap after
{Heap after GC invocations=8 (full 0):
 garbage-first heap   total 48128K, used 15290K [0x00000000c1400000, 0x0000000100000000)
  region size 1024K, 3 young (3072K), 3 survivors (3072K)
 Metaspace       used 26601K, committed 27072K, reserved 1114112K
  class space    used 3256K, committed 3456K, reserved 1048576K
}
Event: 13.892 GC heap before
{Heap before GC invocations=8 (full 0):
 garbage-first heap   total 48128K, used 16314K [0x00000000c1400000, 0x0000000100000000)
  region size 1024K, 4 young (4096K), 3 survivors (3072K)
 Metaspace       used 26796K, committed 27264K, reserved 1114112K
  class space    used 3288K, committed 3520K, reserved 1048576K
}
Event: 13.907 GC heap after
{Heap after GC invocations=9 (full 0):
 garbage-first heap   total 48128K, used 15887K [0x00000000c1400000, 0x0000000100000000)
  region size 1024K, 1 young (1024K), 1 survivors (1024K)
 Metaspace       used 26796K, committed 27264K, reserved 1114112K
  class space    used 3288K, committed 3520K, reserved 1048576K
}
Event: 16.090 GC heap before
{Heap before GC invocations=9 (full 0):
 garbage-first heap   total 48128K, used 34319K [0x00000000c1400000, 0x0000000100000000)
  region size 1024K, 20 young (20480K), 1 survivors (1024K)
 Metaspace       used 30985K, committed 31488K, reserved 1114112K
  class space    used 3791K, committed 4032K, reserved 1048576K
}
Event: 16.096 GC heap after
{Heap after GC invocations=10 (full 0):
 garbage-first heap   total 48128K, used 16979K [0x00000000c1400000, 0x0000000100000000)
  region size 1024K, 2 young (2048K), 2 survivors (2048K)
 Metaspace       used 30985K, committed 31488K, reserved 1114112K
  class space    used 3791K, committed 4032K, reserved 1048576K
}
Event: 17.634 GC heap before
{Heap before GC invocations=10 (full 0):
 garbage-first heap   total 48128K, used 35411K [0x00000000c1400000, 0x0000000100000000)
  region size 1024K, 21 young (21504K), 2 survivors (2048K)
 Metaspace       used 35272K, committed 35776K, reserved 1114112K
  class space    used 4417K, committed 4672K, reserved 1048576K
}
Event: 17.639 GC heap after
{Heap after GC invocations=11 (full 0):
 garbage-first heap   total 48128K, used 17860K [0x00000000c1400000, 0x0000000100000000)
  region size 1024K, 3 young (3072K), 3 survivors (3072K)
 Metaspace       used 35272K, committed 35776K, reserved 1114112K
  class space    used 4417K, committed 4672K, reserved 1048576K
}
Event: 17.697 GC heap before
{Heap before GC invocations=11 (full 0):
 garbage-first heap   total 48128K, used 17860K [0x00000000c1400000, 0x0000000100000000)
  region size 1024K, 4 young (4096K), 3 survivors (3072K)
 Metaspace       used 35516K, committed 35968K, reserved 1114112K
  class space    used 4433K, committed 4672K, reserved 1048576K
}
Event: 17.702 GC heap after
{Heap after GC invocations=12 (full 0):
 garbage-first heap   total 48128K, used 17871K [0x00000000c1400000, 0x0000000100000000)
  region size 1024K, 1 young (1024K), 1 survivors (1024K)
 Metaspace       used 35516K, committed 35968K, reserved 1114112K
  class space    used 4433K, committed 4672K, reserved 1048576K
}
Event: 19.587 GC heap before
{Heap before GC invocations=13 (full 0):
 garbage-first heap   total 48128K, used 37327K [0x00000000c1400000, 0x0000000100000000)
  region size 1024K, 20 young (20480K), 1 survivors (1024K)
 Metaspace       used 41649K, committed 42176K, reserved 1114112K
  class space    used 5150K, committed 5376K, reserved 1048576K
}
Event: 19.591 GC heap after
{Heap after GC invocations=14 (full 0):
 garbage-first heap   total 48128K, used 18985K [0x00000000c1400000, 0x0000000100000000)
  region size 1024K, 2 young (2048K), 2 survivors (2048K)
 Metaspace       used 41649K, committed 42176K, reserved 1114112K
  class space    used 5150K, committed 5376K, reserved 1048576K
}
Event: 19.638 GC heap before
{Heap before GC invocations=14 (full 0):
 garbage-first heap   total 48128K, used 20009K [0x00000000c1400000, 0x0000000100000000)
  region size 1024K, 3 young (3072K), 2 survivors (2048K)
 Metaspace       used 41805K, committed 42368K, reserved 1114112K
  class space    used 5174K, committed 5440K, reserved 1048576K
}
Event: 19.644 GC heap after
{Heap after GC invocations=15 (full 0):
 garbage-first heap   total 48128K, used 19073K [0x00000000c1400000, 0x0000000100000000)
  region size 1024K, 1 young (1024K), 1 survivors (1024K)
 Metaspace       used 41805K, committed 42368K, reserved 1114112K
  class space    used 5174K, committed 5440K, reserved 1048576K
}
Event: 20.633 GC heap before
{Heap before GC invocations=15 (full 0):
 garbage-first heap   total 48128K, used 35457K [0x00000000c1400000, 0x0000000100000000)
  region size 1024K, 18 young (18432K), 1 survivors (1024K)
 Metaspace       used 44716K, committed 45248K, reserved 1114112K
  class space    used 5522K, committed 5760K, reserved 1048576K
}
Event: 20.636 GC heap after
{Heap after GC invocations=16 (full 0):
 garbage-first heap   total 48128K, used 19714K [0x00000000c1400000, 0x0000000100000000)
  region size 1024K, 2 young (2048K), 2 survivors (2048K)
 Metaspace       used 44716K, committed 45248K, reserved 1114112K
  class space    used 5522K, committed 5760K, reserved 1048576K
}
Event: 21.850 GC heap before
{Heap before GC invocations=16 (full 0):
 garbage-first heap   total 48128K, used 36098K [0x00000000c1400000, 0x0000000100000000)
  region size 1024K, 19 young (19456K), 2 survivors (2048K)
 Metaspace       used 49443K, committed 49920K, reserved 1114112K
  class space    used 6300K, committed 6528K, reserved 1048576K
}
Event: 21.856 GC heap after
{Heap after GC invocations=17 (full 0):
 garbage-first heap   total 48128K, used 20540K [0x00000000c1400000, 0x0000000100000000)
  region size 1024K, 2 young (2048K), 2 survivors (2048K)
 Metaspace       used 49443K, committed 49920K, reserved 1114112K
  class space    used 6300K, committed 6528K, reserved 1048576K
}

Deoptimization events (20 events):
Event: 22.842 Thread 0x00000241e3d64d20 DEOPT PACKING pc=0x00000241ec091c64 sp=0x000000ba47cfd1c0
Event: 22.842 Thread 0x00000241e3d64d20 DEOPT UNPACKING pc=0x00000241eb982b43 sp=0x000000ba47cfc688 mode 1
Event: 22.842 Thread 0x00000241e3d64d20 DEOPT PACKING pc=0x00000241ec0670dc sp=0x000000ba47cfd250
Event: 22.842 Thread 0x00000241e3d64d20 DEOPT UNPACKING pc=0x00000241eb982b43 sp=0x000000ba47cfc728 mode 1
Event: 22.929 Thread 0x00000241e3d64d20 DEOPT PACKING pc=0x00000241ec091c64 sp=0x000000ba47cfd8e0
Event: 22.929 Thread 0x00000241e3d64d20 DEOPT UNPACKING pc=0x00000241eb982b43 sp=0x000000ba47cfcda8 mode 1
Event: 22.929 Thread 0x00000241e3d64d20 DEOPT PACKING pc=0x00000241ec0670dc sp=0x000000ba47cfd970
Event: 22.929 Thread 0x00000241e3d64d20 DEOPT UNPACKING pc=0x00000241eb982b43 sp=0x000000ba47cfce48 mode 1
Event: 22.929 Thread 0x00000241e3d64d20 DEOPT PACKING pc=0x00000241ec091c64 sp=0x000000ba47cfd8e0
Event: 22.929 Thread 0x00000241e3d64d20 DEOPT UNPACKING pc=0x00000241eb982b43 sp=0x000000ba47cfcda8 mode 1
Event: 22.929 Thread 0x00000241e3d64d20 DEOPT PACKING pc=0x00000241ec0670dc sp=0x000000ba47cfd970
Event: 22.929 Thread 0x00000241e3d64d20 DEOPT UNPACKING pc=0x00000241eb982b43 sp=0x000000ba47cfce48 mode 1
Event: 22.936 Thread 0x00000241e3d64d20 DEOPT PACKING pc=0x00000241ec091c64 sp=0x000000ba47cfd840
Event: 22.936 Thread 0x00000241e3d64d20 DEOPT UNPACKING pc=0x00000241eb982b43 sp=0x000000ba47cfcd08 mode 1
Event: 22.936 Thread 0x00000241e3d64d20 DEOPT PACKING pc=0x00000241ec0670dc sp=0x000000ba47cfd8d0
Event: 22.936 Thread 0x00000241e3d64d20 DEOPT UNPACKING pc=0x00000241eb982b43 sp=0x000000ba47cfcda8 mode 1
Event: 22.937 Thread 0x00000241e3d64d20 DEOPT PACKING pc=0x00000241ec091c64 sp=0x000000ba47cfd840
Event: 22.937 Thread 0x00000241e3d64d20 DEOPT UNPACKING pc=0x00000241eb982b43 sp=0x000000ba47cfcd08 mode 1
Event: 22.937 Thread 0x00000241e3d64d20 DEOPT PACKING pc=0x00000241ec0670dc sp=0x000000ba47cfd8d0
Event: 22.937 Thread 0x00000241e3d64d20 DEOPT UNPACKING pc=0x00000241eb982b43 sp=0x000000ba47cfcda8 mode 1

Classes loaded (20 events):
Event: 22.968 Loading class org/hibernate/property/access/internal/PropertyAccessMapImpl$GetterImpl
Event: 22.968 Loading class org/hibernate/property/access/internal/PropertyAccessMapImpl$GetterImpl done
Event: 22.969 Loading class org/hibernate/metamodel/internal/SingularAttributeMetadataImpl
Event: 22.969 Loading class org/hibernate/metamodel/internal/SingularAttributeMetadataImpl done
Event: 22.970 Loading class org/hibernate/metamodel/internal/SingularAttributeMetadata
Event: 22.970 Loading class org/hibernate/metamodel/internal/SingularAttributeMetadata done
Event: 22.970 Loading class org/hibernate/metamodel/internal/BaseAttributeMetadata
Event: 22.970 Loading class org/hibernate/metamodel/internal/BaseAttributeMetadata done
Event: 22.971 Loading class org/hibernate/metamodel/internal/ValueContext
Event: 22.971 Loading class org/hibernate/metamodel/internal/ValueContext done
Event: 22.972 Loading class org/hibernate/metamodel/AttributeClassification
Event: 22.972 Loading class org/hibernate/metamodel/AttributeClassification done
Event: 22.972 Loading class jakarta/persistence/metamodel/Attribute$PersistentAttributeType
Event: 22.972 Loading class jakarta/persistence/metamodel/Attribute$PersistentAttributeType done
Event: 22.973 Loading class org/hibernate/metamodel/internal/SingularAttributeMetadataImpl$1
Event: 22.973 Loading class org/hibernate/metamodel/internal/SingularAttributeMetadataImpl$1 done
Event: 22.974 Loading class org/hibernate/metamodel/model/domain/internal/SingularAttributeImpl$Identifier
Event: 22.974 Loading class org/hibernate/metamodel/model/domain/internal/SingularAttributeImpl$Identifier done
Event: 22.975 Loading class org/hibernate/metamodel/internal/AttributeFactory$2
Event: 22.975 Loading class org/hibernate/metamodel/internal/AttributeFactory$2 done

Classes unloaded (0 events):
No events

Classes redefined (0 events):
No events

Internal exceptions (20 events):
Event: 14.932 Thread 0x00000241e3d64d20 Exception <a 'java/lang/NoSuchMethodError'{0x00000000c3743b18}: 'java.lang.Object java.lang.invoke.DirectMethodHandle$Holder.invokeSpecial(java.lang.Object, java.lang.Object, java.lang.Object, java.lang.Object, java.lang.Object, java.lang.Object, java.lang.Object, java.lang.Object, java.lang.Object, java.lang.Object, java.lang.Object, java.lang.Object)'> (0x00000000c3743b18) 
thrown [s\src\hotspot\share\interpreter\linkResolver.cpp, line 759]
Event: 15.667 Thread 0x00000241e3d64d20 Exception <a 'java/lang/NoSuchMethodError'{0x00000000c34d9768}: 'void java.lang.invoke.DelegatingMethodHandle$Holder.reinvoke_L(java.lang.Object, java.lang.Object, java.lang.Object, java.lang.Object, int, java.lang.Object, java.lang.Object, java.lang.Object)'> (0x00000000c34d9768) 
thrown [s\src\hotspot\share\interpreter\linkResolver.cpp, line 759]
Event: 17.773 Thread 0x00000241e3d64d20 Exception <a 'sun/nio/fs/WindowsException'{0x00000000c5379880}> (0x00000000c5379880) 
thrown [s\src\hotspot\share\prims\jni.cpp, line 516]
Event: 19.334 Thread 0x00000241e3d64d20 Exception <a 'java/lang/NoSuchMethodError'{0x00000000c3305ed8}: 'java.lang.Object java.lang.invoke.DirectMethodHandle$Holder.invokeStaticInit(java.lang.Object, java.lang.Object, java.lang.Object, java.lang.Object)'> (0x00000000c3305ed8) 
thrown [s\src\hotspot\share\interpreter\linkResolver.cpp, line 759]
Event: 19.821 Thread 0x00000241e3d64d20 Exception <a 'java/lang/NoSuchMethodError'{0x00000000c50605e0}: 'java.lang.Object java.lang.invoke.DirectMethodHandle$Holder.newInvokeSpecial(java.lang.Object, java.lang.Object, java.lang.Object, int)'> (0x00000000c50605e0) 
thrown [s\src\hotspot\share\interpreter\linkResolver.cpp, line 759]
Event: 19.822 Thread 0x00000241e3d64d20 Exception <a 'java/lang/NoSuchMethodError'{0x00000000c5064938}: 'java.lang.Object java.lang.invoke.DirectMethodHandle$Holder.invokeSpecial(java.lang.Object, java.lang.Object, java.lang.Object, java.lang.Object, int)'> (0x00000000c5064938) 
thrown [s\src\hotspot\share\interpreter\linkResolver.cpp, line 759]
Event: 19.823 Thread 0x00000241e3d64d20 Exception <a 'java/lang/NoSuchMethodError'{0x00000000c5068040}: 'java.lang.Object java.lang.invoke.Invokers$Holder.linkToTargetMethod(java.lang.Object, java.lang.Object, int, java.lang.Object)'> (0x00000000c5068040) 
thrown [s\src\hotspot\share\interpreter\linkResolver.cpp, line 759]
Event: 20.530 Thread 0x00000241e3d64d20 Exception <a 'java/lang/NoSuchMethodError'{0x00000000c32060c0}: 'java.lang.Object java.lang.invoke.DirectMethodHandle$Holder.newInvokeSpecial(java.lang.Object, java.lang.Object, int)'> (0x00000000c32060c0) 
thrown [s\src\hotspot\share\interpreter\linkResolver.cpp, line 759]
Event: 21.106 Thread 0x00000241e3d64d20 Exception <a 'java/lang/NoSuchMethodError'{0x00000000c3b9c440}: 'java.lang.Object java.lang.invoke.DirectMethodHandle$Holder.invokeStatic(java.lang.Object, java.lang.Object, int, java.lang.Object)'> (0x00000000c3b9c440) 
thrown [s\src\hotspot\share\interpreter\linkResolver.cpp, line 759]
Event: 21.107 Thread 0x00000241e3d64d20 Exception <a 'java/lang/NoSuchMethodError'{0x00000000c3b9fed0}: 'java.lang.Object java.lang.invoke.DirectMethodHandle$Holder.invokeStaticInit(java.lang.Object, java.lang.Object, int, java.lang.Object)'> (0x00000000c3b9fed0) 
thrown [s\src\hotspot\share\interpreter\linkResolver.cpp, line 759]
Event: 21.206 Thread 0x00000241e3d64d20 Exception <a 'java/lang/IncompatibleClassChangeError'{0x00000000c3963998}: Found class java.lang.Object, but interface was expected> (0x00000000c3963998) 
thrown [s\src\hotspot\share\interpreter\linkResolver.cpp, line 826]
Event: 22.590 Thread 0x00000241e3d64d20 Exception <a 'java/lang/NoSuchMethodError'{0x00000000c380cb88}: 'int java.lang.invoke.DirectMethodHandle$Holder.invokeStatic(java.lang.Object, java.lang.Object, java.lang.Object, java.lang.Object, java.lang.Object)'> (0x00000000c380cb88) 
thrown [s\src\hotspot\share\interpreter\linkResolver.cpp, line 759]
Event: 22.594 Thread 0x00000241e3d64d20 Exception <a 'java/lang/NoSuchMethodError'{0x00000000c38204f8}: 'java.lang.Object java.lang.invoke.DirectMethodHandle$Holder.newInvokeSpecial(java.lang.Object, java.lang.Object, java.lang.Object, java.lang.Object, java.lang.Object, java.lang.Object, java.lang.Object)'> (0x00000000c38204f8) 
thrown [s\src\hotspot\share\interpreter\linkResolver.cpp, line 759]
Event: 22.765 Thread 0x00000241e3d64d20 Exception <a 'java/lang/NoSuchMethodError'{0x00000000c365ae48}: 'void java.lang.invoke.DirectMethodHandle$Holder.invokeSpecial(java.lang.Object, java.lang.Object, java.lang.Object, java.lang.Object, java.lang.Object, java.lang.Object, java.lang.Object, java.lang.Object)'> (0x00000000c365ae48) 
thrown [s\src\hotspot\share\interpreter\linkResolver.cpp, line 759]
Event: 22.774 Thread 0x00000241e3d64d20 Exception <a 'java/lang/NoSuchMethodError'{0x00000000c36891f0}: 'java.lang.Object java.lang.invoke.DirectMethodHandle$Holder.newInvokeSpecial(java.lang.Object, java.lang.Object, java.lang.Object, java.lang.Object, java.lang.Object, java.lang.Object, java.lang.Object, int)'> (0x00000000c36891f0) 
thrown [s\src\hotspot\share\interpreter\linkResolver.cpp, line 759]
Event: 22.775 Thread 0x00000241e3d64d20 Exception <a 'java/lang/NoSuchMethodError'{0x00000000c368e1f0}: 'java.lang.Object java.lang.invoke.DirectMethodHandle$Holder.invokeSpecial(java.lang.Object, java.lang.Object, java.lang.Object, java.lang.Object, java.lang.Object, java.lang.Object, java.lang.Object, java.lang.Object, int)'> (0x00000000c368e1f0) 
thrown [s\src\hotspot\share\interpreter\linkResolver.cpp, line 759]
Event: 22.878 Thread 0x00000241e3d64d20 Exception <a 'java/lang/NoSuchMethodError'{0x00000000c346c638}: 'java.lang.Object java.lang.invoke.DirectMethodHandle$Holder.newInvokeSpecial(java.lang.Object, java.lang.Object, int, java.lang.Object, int, java.lang.Object, java.lang.Object, java.lang.Object)'> (0x00000000c346c638) 
thrown [s\src\hotspot\share\interpreter\linkResolver.cpp, line 759]
Event: 22.880 Thread 0x00000241e3d64d20 Exception <a 'java/lang/NoSuchMethodError'{0x00000000c3479518}: 'int java.lang.invoke.DirectMethodHandle$Holder.invokeSpecial(java.lang.Object, java.lang.Object, java.lang.Object, java.lang.Object, java.lang.Object, java.lang.Object)'> (0x00000000c3479518) 
thrown [s\src\hotspot\share\interpreter\linkResolver.cpp, line 759]
Event: 22.882 Thread 0x00000241e3d64d20 Exception <a 'java/lang/NoSuchMethodError'{0x00000000c3481f50}: 'void java.lang.invoke.DirectMethodHandle$Holder.invokeSpecial(java.lang.Object, java.lang.Object, java.lang.Object, java.lang.Object, java.lang.Object, java.lang.Object, java.lang.Object)'> (0x00000000c3481f50) 
thrown [s\src\hotspot\share\interpreter\linkResolver.cpp, line 759]
Event: 22.891 Thread 0x00000241e3d64d20 Exception <a 'java/lang/NoSuchMethodError'{0x00000000c34aec78}: 'void java.lang.invoke.DirectMethodHandle$Holder.invokeInterface(java.lang.Object, java.lang.Object)'> (0x00000000c34aec78) 
thrown [s\src\hotspot\share\interpreter\linkResolver.cpp, line 759]

VM Operations (20 events):
Event: 18.954 Executing VM operation: HandshakeAllThreads
Event: 18.954 Executing VM operation: HandshakeAllThreads done
Event: 19.586 Executing VM operation: G1CollectForAllocation
Event: 19.592 Executing VM operation: G1CollectForAllocation done
Event: 19.638 Executing VM operation: G1CollectForAllocation
Event: 19.644 Executing VM operation: G1CollectForAllocation done
Event: 20.633 Executing VM operation: G1CollectForAllocation
Event: 20.636 Executing VM operation: G1CollectForAllocation done
Event: 21.626 Executing VM operation: HandshakeAllThreads
Event: 21.626 Executing VM operation: HandshakeAllThreads done
Event: 21.850 Executing VM operation: G1CollectForAllocation
Event: 21.856 Executing VM operation: G1CollectForAllocation done
Event: 22.314 Executing VM operation: HandshakeAllThreads
Event: 22.315 Executing VM operation: HandshakeAllThreads done
Event: 22.372 Executing VM operation: HandshakeAllThreads
Event: 22.372 Executing VM operation: HandshakeAllThreads done
Event: 22.390 Executing VM operation: HandshakeAllThreads
Event: 22.390 Executing VM operation: HandshakeAllThreads done
Event: 22.478 Executing VM operation: ICBufferFull
Event: 22.479 Executing VM operation: ICBufferFull done

Events (20 events):
Event: 22.400 Thread 0x00000241ff353c60 flushing nmethod 0x00000241ec79d010
Event: 22.400 Thread 0x00000241ff353c60 flushing nmethod 0x00000241ec79d490
Event: 22.400 Thread 0x00000241ff353c60 flushing nmethod 0x00000241ec79df10
Event: 22.400 Thread 0x00000241ff353c60 flushing nmethod 0x00000241ec79ee10
Event: 22.400 Thread 0x00000241ff353c60 flushing nmethod 0x00000241ec7a1790
Event: 22.400 Thread 0x00000241ff353c60 flushing nmethod 0x00000241ec7a6710
Event: 22.400 Thread 0x00000241ff353c60 flushing nmethod 0x00000241ec7a7690
Event: 22.400 Thread 0x00000241ff353c60 flushing nmethod 0x00000241ec7a8510
Event: 22.400 Thread 0x00000241ff353c60 flushing nmethod 0x00000241ec7aaa90
Event: 22.400 Thread 0x00000241ff353c60 flushing nmethod 0x00000241ec7ab290
Event: 22.400 Thread 0x00000241ff353c60 flushing nmethod 0x00000241ec7abf90
Event: 22.400 Thread 0x00000241ff353c60 flushing nmethod 0x00000241ec7ad990
Event: 22.400 Thread 0x00000241ff353c60 flushing nmethod 0x00000241ec7b1c90
Event: 22.400 Thread 0x00000241ff353c60 flushing nmethod 0x00000241ec7bfa10
Event: 22.400 Thread 0x00000241ff353c60 flushing nmethod 0x00000241ec7d2e10
Event: 22.400 Thread 0x00000241ff353c60 flushing nmethod 0x00000241ec7e8b10
Event: 22.400 Thread 0x00000241ff353c60 flushing nmethod 0x00000241ec7eaa90
Event: 22.401 Thread 0x00000241ff353c60 flushing nmethod 0x00000241ec80d510
Event: 22.401 Thread 0x00000241ff353c60 flushing nmethod 0x00000241ec832990
Event: 22.401 Thread 0x00000241ff353c60 flushing nmethod 0x00000241ec86ab90


Dynamic libraries:
0x00007ff78a180000 - 0x00007ff78a18d000 	C:\Users\ERIN_JAVALead\.jdks\corretto-18.0.2\bin\java.exe
0x00007ffefab10000 - 0x00007ffefad07000 	C:\WINDOWS\SYSTEM32\ntdll.dll
0x00007ffef9c30000 - 0x00007ffef9ced000 	C:\WINDOWS\System32\KERNEL32.DLL
0x00007ffef81c0000 - 0x00007ffef84b6000 	C:\WINDOWS\System32\KERNELBASE.dll
0x00007ffef86b0000 - 0x00007ffef87b0000 	C:\WINDOWS\System32\ucrtbase.dll
0x00007ffef5940000 - 0x00007ffef5955000 	C:\Users\ERIN_JAVALead\.jdks\corretto-18.0.2\bin\VCRUNTIME140.dll
0x00007ffef5960000 - 0x00007ffef5977000 	C:\Users\ERIN_JAVALead\.jdks\corretto-18.0.2\bin\jli.dll
0x00007ffef9560000 - 0x00007ffef96fe000 	C:\WINDOWS\System32\USER32.dll
0x00007ffee42f0000 - 0x00007ffee458a000 	C:\WINDOWS\WinSxS\amd64_microsoft.windows.common-controls_6595b64144ccf1df_6.0.19041.3570_none_60bb2a3971f3e41a\COMCTL32.dll
0x00007ffef9ac0000 - 0x00007ffef9b5e000 	C:\WINDOWS\System32\msvcrt.dll
0x00007ffef8b40000 - 0x00007ffef8b6c000 	C:\WINDOWS\System32\GDI32.dll
0x00007ffef8600000 - 0x00007ffef8622000 	C:\WINDOWS\System32\win32u.dll
0x00007ffef8820000 - 0x00007ffef893a000 	C:\WINDOWS\System32\gdi32full.dll
0x00007ffef8940000 - 0x00007ffef89dd000 	C:\WINDOWS\System32\msvcp_win.dll
0x00007ffef8c30000 - 0x00007ffef8c60000 	C:\WINDOWS\System32\IMM32.DLL
0x00007ffedd4c0000 - 0x00007ffedd55b000 	C:\Users\ERIN_JAVALead\.jdks\corretto-18.0.2\bin\msvcp140.dll
0x00007ffead570000 - 0x00007ffeae1e1000 	C:\Users\ERIN_JAVALead\.jdks\corretto-18.0.2\bin\server\jvm.dll
0x00007ffefa210000 - 0x00007ffefa2be000 	C:\WINDOWS\System32\ADVAPI32.dll
0x00007ffefa0c0000 - 0x00007ffefa15c000 	C:\WINDOWS\System32\sechost.dll
0x00007ffef9280000 - 0x00007ffef93a6000 	C:\WINDOWS\System32\RPCRT4.dll
0x00007ffefaa10000 - 0x00007ffefaa18000 	C:\WINDOWS\System32\PSAPI.DLL
0x00007ffef59a0000 - 0x00007ffef59a9000 	C:\WINDOWS\SYSTEM32\WSOCK32.dll
0x00007ffef9fc0000 - 0x00007ffefa02b000 	C:\WINDOWS\System32\WS2_32.dll
0x00007ffed0f10000 - 0x00007ffed0f37000 	C:\WINDOWS\SYSTEM32\WINMM.dll
0x00007ffef2470000 - 0x00007ffef247a000 	C:\WINDOWS\SYSTEM32\VERSION.dll
0x00007ffef6060000 - 0x00007ffef6072000 	C:\WINDOWS\SYSTEM32\kernel.appcore.dll
0x00007ffef5990000 - 0x00007ffef599a000 	C:\Users\ERIN_JAVALead\.jdks\corretto-18.0.2\bin\jimage.dll
0x00007ffee4770000 - 0x00007ffee4954000 	C:\WINDOWS\SYSTEM32\DBGHELP.DLL
0x00007ffee4730000 - 0x00007ffee4764000 	C:\WINDOWS\SYSTEM32\dbgcore.DLL
0x00007ffef84c0000 - 0x00007ffef8542000 	C:\WINDOWS\System32\bcryptPrimitives.dll
0x00007ffedb720000 - 0x00007ffedb75a000 	C:\Users\ERIN_JAVALead\.jdks\corretto-18.0.2\bin\jdwp.dll
0x00007ffee4c30000 - 0x00007ffee4c3e000 	C:\Users\ERIN_JAVALead\.jdks\corretto-18.0.2\bin\instrument.dll
0x00007ffef3ce0000 - 0x00007ffef3d05000 	C:\Users\ERIN_JAVALead\.jdks\corretto-18.0.2\bin\java.dll
0x00007ffef3ca0000 - 0x00007ffef3cb8000 	C:\Users\ERIN_JAVALead\.jdks\corretto-18.0.2\bin\zip.dll
0x00007ffedd3e0000 - 0x00007ffedd4b6000 	C:\Users\ERIN_JAVALead\.jdks\corretto-18.0.2\bin\jsvml.dll
0x00007ffefa2c0000 - 0x00007ffefaa04000 	C:\WINDOWS\System32\SHELL32.dll
0x00007ffef6260000 - 0x00007ffef69fb000 	C:\WINDOWS\SYSTEM32\windows.storage.dll
0x00007ffef9700000 - 0x00007ffef9a54000 	C:\WINDOWS\System32\combase.dll
0x00007ffef7b30000 - 0x00007ffef7b5d000 	C:\WINDOWS\SYSTEM32\Wldp.dll
0x00007ffefa160000 - 0x00007ffefa20d000 	C:\WINDOWS\System32\SHCORE.dll
0x00007ffef8bd0000 - 0x00007ffef8c25000 	C:\WINDOWS\System32\shlwapi.dll
0x00007ffef80f0000 - 0x00007ffef8115000 	C:\WINDOWS\SYSTEM32\profapi.dll
0x00007ffee4720000 - 0x00007ffee472c000 	C:\Users\ERIN_JAVALead\.jdks\corretto-18.0.2\bin\dt_socket.dll
0x00007ffef7580000 - 0x00007ffef75bb000 	C:\WINDOWS\SYSTEM32\IPHLPAPI.DLL
0x00007ffef7890000 - 0x00007ffef78fa000 	C:\WINDOWS\system32\mswsock.dll
0x00007ffef5920000 - 0x00007ffef5933000 	C:\Users\ERIN_JAVALead\.jdks\corretto-18.0.2\bin\net.dll
0x00007ffef1ec0000 - 0x00007ffef1fca000 	C:\WINDOWS\SYSTEM32\WINHTTP.dll
0x00007ffef3cc0000 - 0x00007ffef3cd5000 	C:\Users\ERIN_JAVALead\.jdks\corretto-18.0.2\bin\nio.dll
0x00007ffef58f0000 - 0x00007ffef5900000 	C:\Users\ERIN_JAVALead\.jdks\corretto-18.0.2\bin\verify.dll
0x00007ffef7a90000 - 0x00007ffef7aa8000 	C:\WINDOWS\SYSTEM32\CRYPTSP.dll
0x00007ffef71a0000 - 0x00007ffef71d4000 	C:\WINDOWS\system32\rsaenh.dll
0x00007ffef8680000 - 0x00007ffef86a7000 	C:\WINDOWS\System32\bcrypt.dll
0x00007ffef80b0000 - 0x00007ffef80de000 	C:\WINDOWS\SYSTEM32\USERENV.dll
0x00007ffef7a80000 - 0x00007ffef7a8c000 	C:\WINDOWS\SYSTEM32\CRYPTBASE.dll
0x00007ffef9fb0000 - 0x00007ffef9fb8000 	C:\WINDOWS\System32\NSI.dll
0x00007ffef2150000 - 0x00007ffef2167000 	C:\WINDOWS\SYSTEM32\dhcpcsvc6.DLL
0x00007ffef2190000 - 0x00007ffef21ad000 	C:\WINDOWS\SYSTEM32\dhcpcsvc.DLL
0x00007ffef75c0000 - 0x00007ffef768a000 	C:\WINDOWS\SYSTEM32\DNSAPI.dll
0x00007ffee4710000 - 0x00007ffee471e000 	C:\Users\ERIN_JAVALead\.jdks\corretto-18.0.2\bin\sunmscapi.dll
0x00007ffef89e0000 - 0x00007ffef8b3d000 	C:\WINDOWS\System32\CRYPT32.dll
0x00007ffef7ba0000 - 0x00007ffef7bc7000 	C:\WINDOWS\SYSTEM32\ncrypt.dll
0x00007ffef7b60000 - 0x00007ffef7b9b000 	C:\WINDOWS\SYSTEM32\NTASN1.dll
0x00007ffee5020000 - 0x00007ffee5029000 	C:\Users\ERIN_JAVALead\.jdks\corretto-18.0.2\bin\management.dll
0x00007ffee5010000 - 0x00007ffee501b000 	C:\Users\ERIN_JAVALead\.jdks\corretto-18.0.2\bin\management_ext.dll
0x00007ffee4ba0000 - 0x00007ffee4bb7000 	C:\WINDOWS\system32\napinsp.dll
0x00007ffee4b80000 - 0x00007ffee4b9b000 	C:\WINDOWS\system32\pnrpnsp.dll
0x00007ffee4b60000 - 0x00007ffee4b72000 	C:\WINDOWS\System32\winrnr.dll
0x00007ffef3ba0000 - 0x00007ffef3bbd000 	C:\WINDOWS\system32\NLAapi.dll
0x00007ffef2fe0000 - 0x00007ffef2ff5000 	C:\WINDOWS\system32\wshbth.dll
0x00007ffeeaaf0000 - 0x00007ffeeaafa000 	C:\Windows\System32\rasadhlp.dll
0x00007ffeeab30000 - 0x00007ffeeabb2000 	C:\WINDOWS\System32\fwpuclnt.dll

dbghelp: loaded successfully - version: 4.0.5 - missing functions: none
symbol engine: initialized successfully - sym options: 0x614 - pdb path: .;C:\Users\ERIN_JAVALead\.jdks\corretto-18.0.2\bin;C:\WINDOWS\SYSTEM32;C:\WINDOWS\WinSxS\amd64_microsoft.windows.common-controls_6595b64144ccf1df_6.0.19041.3570_none_60bb2a3971f3e41a;C:\Users\ERIN_JAVALead\.jdks\corretto-18.0.2\bin\server

VM Arguments:
jvm_args: -agentlib:jdwp=transport=dt_socket,address=127.0.0.1:52019,suspend=y,server=n -javaagent:C:\Users\ERIN_JAVALead\AppData\Local\JetBrains\IdeaIC2021.3\captureAgent\debugger-agent.jar -Dfile.encoding=UTF-8 
java_command: com.devskiller.tasks.blog.BlogApplication
java_class_path (initial): C:\Users\ERIN_JAVALead\Downloads\devskiller-code-U32X-W3E7-T2E6-S3F\target\classes;C:\Users\ERIN_JAVALead\.m2\repository\org\springframework\boot\spring-boot-starter-data-jpa\3.0.0\spring-boot-starter-data-jpa-3.0.0.jar;C:\Users\ERIN_JAVALead\.m2\repository\org\springframework\boot\spring-boot-starter-aop\3.0.0\spring-boot-starter-aop-3.0.0.jar;C:\Users\ERIN_JAVALead\.m2\repository\org\springframework\spring-aop\6.0.2\spring-aop-6.0.2.jar;C:\Users\ERIN_JAVALead\.m2\repository\org\aspectj\aspectjweaver\1.9.9.1\aspectjweaver-1.9.9.1.jar;C:\Users\ERIN_JAVALead\.m2\repository\org\springframework\boot\spring-boot-starter-jdbc\3.0.0\spring-boot-starter-jdbc-3.0.0.jar;C:\Users\ERIN_JAVALead\.m2\repository\com\zaxxer\HikariCP\5.0.1\HikariCP-5.0.1.jar;C:\Users\ERIN_JAVALead\.m2\repository\org\springframework\spring-jdbc\6.0.2\spring-jdbc-6.0.2.jar;C:\Users\ERIN_JAVALead\.m2\repository\org\hibernate\orm\hibernate-core\6.1.5.Final\hibernate-core-6.1.5.Final.jar;C:\Users\ERIN_JAVALead\.m2\repository\jakarta\persistence\jakarta.persistence-api\3.1.0\jakarta.persistence-api-3.1.0.jar;C:\Users\ERIN_JAVALead\.m2\repository\jakarta\transaction\jakarta.transaction-api\2.0.1\jakarta.transaction-api-2.0.1.jar;C:\Users\ERIN_JAVALead\.m2\repository\org\jboss\logging\jboss-logging\3.5.0.Final\jboss-logging-3.5.0.Final.jar;C:\Users\ERIN_JAVALead\.m2\repository\org\hibernate\common\hibernate-commons-annotations\6.0.2.Final\hibernate-commons-annotations-6.0.2.Final.jar;C:\Users\ERIN_JAVALead\.m2\repository\org\jboss\jandex\2.4.2.Final\jandex-2.4.2.Final.jar;C:\Users\ERIN_JAVALead\.m2\repository\com\fasterxml\classmate\1.5.1\classmate-1.5.1.jar;C:\Users\ERIN_JAVALead\.m2\repository\net\bytebuddy\byte-buddy\1.12.19\byte-buddy-1.12.19.jar;C:\Users\ERIN_JAVALead\.m2\repository\org\glassfish\jaxb\jaxb-runtime\4.0.1\jaxb-runtime-4.0.1.jar;C:\Users\ERIN_JAVALead\.m2\repository\org\glassfish\jaxb\jaxb-core\4.0.1\jaxb-core-4.0.1.jar;C:\Users\ERIN_JAVALead\.m2\repository\org\eclipse\angus\angus-activation\1.0.0\angus-activation-1.0.0.jar;C:\Users\ERIN_JAVALead\.m2\repository\org\glassfish\jaxb\txw2\4.0.1\txw2-4.0.1.jar;C:\Users\ERIN_JAVALead\.m2\repository\com\sun\istack\istack-commons-runtime\4.1.1\istack-commons-runtime-4.1.1.jar;C:\Users\ERIN_JAVALead\.m2\repository\jakarta\inject\jakarta.inject-api\2.0.0\jakarta.inject-api-2.0.0.jar;C:\Users\ERIN_JAVALead\.m2\repository\org\antlr\antlr4-runtime\4.10.1\antlr4-runtime-4.10.1.jar;C:\Users\ERIN_JAVALead\.m2\repository\org\springframework\data\spring-data-jpa\3.0.0\spring-data-jpa-3.0.0.jar;C:\Users\ERIN_JAVALead\.m2\repository\org\springframework\data\spring-data-commons\3.0.0\spring-data-commons-3.0.0.jar;C:\Users\ERIN_JAVALead\.m2\repository\org\springframework\spring-orm\6.0.2\spring-orm-6.0.2.jar;C:\Users\ERIN_JAVALead\.m2\repository\org\springframework\spring-context\6.0.2\spring-context-6.0.2.jar;C:\Users\ERIN_JAVALead\.m2\repository\org\springframework\spring-tx\6.0.2\spring-tx-6.0.2.jar;C:\Users\ERIN_JAVALead\.m2\repository\org\springframework\spring-beans\6.0.2\spring-beans-6.0.2.jar;C:\Users\ERIN_JAVALead\.m2\repository\jakarta\annotation\jakarta.annotation-api\2.1.1\jakarta.annotation-api-2.1.1.jar;C:\Users\ERIN_JAVALead\.m2\repository\org\slf4j\slf4j-api\2.0.4\slf4j-api-2.0.4.jar;C:\Users\ERIN_JAVALead\.m2\repository\org\springframework\spring-aspects\6.0.2\spring-aspects-6.0.2.jar;C:\Users\ERIN_JAVALead\.m2\repository\org\springframework\boot\spring-boot-starter-web\2.4.2\spring-boot-starter-web-2.4.2.jar;C:\Users\ERIN_JAVALead\.m2\repository\org\springframework\boot\spring-boot-starter\3.0.0\spring-boot-starter-3.0.0.jar;C:\Users\ERIN_JAVALead\.m2\repository\org\springframework\boot\spring-boot\3.0.0\spring-boot-3.0.0.jar;C:\Users\ERIN_JAVALead\.m2\repository\org\springframework\boot\spring-boot-autoconfigure\3.0.0\spring-boot-autoconfigure-3.0.0.jar;C:\Users\ERIN_JAVALead\.m2\repository\org\springframework\boot\spring-boot-starter-logging\3.0.0\spring-boot-starter-logging-3.0.0.jar;C:\Users\ERIN_JAVALead\.m2\repository\ch\qos\logback\logback-classic\1.4.5\logback-classic-1.4.5.jar;C:\Users\ERIN_JAVALead\.m2\repository\ch\qos\logback\logback-core\1.4.5\logback-core-1.4.5.jar;C:\Users\ERIN_JAVALead\.m2\repository\org\apache\logging\log4j\log4j-to-slf4j\2.19.0\log4j-to-slf4j-2.19.0.jar;C:\Users\ERIN_JAVALead\.m2\repository\org\slf4j\jul-to-slf4j\2.0.4\jul-to-slf4j-2.0.4.jar;C:\Users\ERIN_JAVALead\.m2\repository\org\yaml\snakeyaml\1.33\snakeyaml-1.33.jar;C:\Users\ERIN_JAVALead\.m2\repository\org\springframework\boot\spring-boot-starter-json\3.0.0\spring-boot-starter-json-3.0.0.jar;C:\Users\ERIN_JAVALead\.m2\repository\com\fasterxml\jackson\core\jackson-databind\2.14.1\jackson-databind-2.14.1.jar;C:\Users\ERIN_JAVALead\.m2\repository\com\fasterxml\jackson\core\jackson-annotations\2.14.1\jackson-annotations-2.14.1.jar;C:\Users\ERIN_JAVALead\.m2\repository\com\fasterxml\jackson\core\jackson-core\2.14.1\jackson-core-2.14.1.jar;C:\Users\ERIN_JAVALead\.m2\repository\com\fasterxml\jackson\datatype\jackson-datatype-jdk8\2.14.1\jackson-datatype-jdk8-2.14.1.jar;C:\Users\ERIN_JAVALead\.m2\repository\com\fasterxml\jackson\datatype\jackson-datatype-jsr310\2.14.1\jackson-datatype-jsr310-2.14.1.jar;C:\Users\ERIN_JAVALead\.m2\repository\com\fasterxml\jackson\module\jackson-module-parameter-names\2.14.1\jackson-module-parameter-names-2.14.1.jar;C:\Users\ERIN_JAVALead\.m2\repository\org\springframework\boot\spring-boot-starter-tomcat\3.0.0\spring-boot-starter-tomcat-3.0.0.jar;C:\Users\ERIN_JAVALead\.m2\repository\org\apache\tomcat\embed\tomcat-embed-core\10.1.1\tomcat-embed-core-10.1.1.jar;C:\Users\ERIN_JAVALead\.m2\repository\org\apache\tomcat\embed\tomcat-embed-el\10.1.1\tomcat-embed-el-10.1.1.jar;C:\Users\ERIN_JAVALead\.m2\repository\org\apache\tomcat\embed\tomcat-embed-websocket\10.1.1\tomcat-embed-websocket-10.1.1.jar;C:\Users\ERIN_JAVALead\.m2\repository\org\springframework\spring-web\6.0.2\spring-web-6.0.2.jar;C:\Users\ERIN_JAVALead\.m2\repository\io\micrometer\micrometer-observation\1.10.2\micrometer-observation-1.10.2.jar;C:\Users\ERIN_JAVALead\.m2\repository\io\micrometer\micrometer-commons\1.10.2\micrometer-commons-1.10.2.jar;C:\Users\ERIN_JAVALead\.m2\repository\org\springframework\spring-webmvc\6.0.2\spring-webmvc-6.0.2.jar;C:\Users\ERIN_JAVALead\.m2\repository\org\springframework\spring-expression\6.0.2\spring-expression-6.0.2.jar;C:\Users\ERIN_JAVALead\.m2\repository\com\microsoft\sqlserver\mssql-jdbc\12.4.1.jre11\mssql-jdbc-12.4.1.jre11.jar;C:\Users\ERIN_JAVALead\.m2\repository\com\h2database\h2\2.1.214\h2-2.1.214.jar;C:\Users\ERIN_JAVALead\.m2\repository\jakarta\xml\bind\jakarta.xml.bind-api\4.0.0\jakarta.xml.bind-api-4.0.0.jar;C:\Users\ERIN_JAVALead\.m2\repository\jakarta\activation\jakarta.activation-api\2.1.0\jakarta.activation-api-2.1.0.jar;C:\Users\ERIN_JAVALead\.m2\repository\org\springframework\spring-core\6.0.2\spring-core-6.0.2.jar;C:\Users\ERIN_JAVALead\.m2\repository\org\springframework\spring-jcl\6.0.2\spring-jcl-6.0.2.jar;C:\Users\ERIN_JAVALead\.m2\repository\org\apache\logging\log4j\log4j-api\2.6.1\log4j-api-2.6.1.jar;C:\Users\ERIN_JAVALead\.m2\repository\org\apache\logging\log4j\log4j-core\2.6.1\log4j-core-2.6.1.jar;C:\Program Files\JetBrains\IntelliJ IDEA Community Edition 2021.3.3\lib\idea_rt.jar
Launcher Type: SUN_STANDARD

[Global flags]
     intx CICompilerCount                          = 3                                         {product} {ergonomic}
     uint ConcGCThreads                            = 1                                         {product} {ergonomic}
     uint G1ConcRefinementThreads                  = 4                                         {product} {ergonomic}
   size_t G1HeapRegionSize                         = 1048576                                   {product} {ergonomic}
    uintx GCDrainStackTargetSize                   = 64                                        {product} {ergonomic}
   size_t InitialHeapSize                          = 67108864                                  {product} {ergonomic}
   size_t MarkStackSize                            = 4194304                                   {product} {ergonomic}
   size_t MaxHeapSize                              = 1052770304                                {product} {ergonomic}
   size_t MaxNewSize                               = 631242752                                 {product} {ergonomic}
   size_t MinHeapDeltaBytes                        = 1048576                                   {product} {ergonomic}
   size_t MinHeapSize                              = 8388608                                   {product} {ergonomic}
    uintx NonNMethodCodeHeapSize                   = 5832780                                {pd product} {ergonomic}
    uintx NonProfiledCodeHeapSize                  = 122912730                              {pd product} {ergonomic}
    uintx ProfiledCodeHeapSize                     = 122912730                              {pd product} {ergonomic}
    uintx ReservedCodeCacheSize                    = 251658240                              {pd product} {ergonomic}
     bool SegmentedCodeCache                       = true                                      {product} {ergonomic}
   size_t SoftMaxHeapSize                          = 1052770304                             {manageable} {ergonomic}
     bool UseCompressedClassPointers               = true                           {product lp64_product} {ergonomic}
     bool UseCompressedOops                        = true                           {product lp64_product} {ergonomic}
     bool UseG1GC                                  = true                                      {product} {ergonomic}
     bool UseLargePagesIndividualAllocation        = false                                  {pd product} {ergonomic}

Logging:
Log output configuration:
 #0: stdout all=warning uptime,level,tags foldmultilines=false
 #1: stderr all=off uptime,level,tags foldmultilines=false

Environment Variables:
PATH=C:\WINDOWS\system32;C:\WINDOWS;C:\WINDOWS\System32\Wbem;C:\WINDOWS\System32\WindowsPowerShell\v1.0\;C:\WINDOWS\System32\OpenSSH\;C:\Program Files (x86)\nodejs\;C:\Program Files (x86)\nodejs\npm;C:\Users\ERIN_JAVALead\AppData\Roaming\npm;C:\Program Files\Git\cmd;C:\Program Files (x86)\dotnet\;C:\Program Files (x86)\Microsoft SQL Server\160\DTS\Binn\;C:\Program Files\Azure Data Studio\bin;C:\Program Files (x86)\Microsoft SQL Server\160\Tools\Binn\;C:\Program Files\Microsoft SQL Server\160\Tools\Binn\;C:\Program Files\Microsoft SQL Server\Client SDK\ODBC\170\Tools\Binn\;C:\Program Files\Microsoft SQL Server\160\DTS\Binn\;C:\Users\ERIN_JAVALead\AppData\Local\Microsoft\WindowsApps;;C:\Users\ERIN_JAVALead\AppData\Local\Programs\Microsoft VS Code\bin;C:\Users\ERIN_JAVALead\AppData\Roaming\npm;C:\Program Files\Azure Data Studio\bin
USERNAME=ERIN_JAVALead
OS=Windows_NT
PROCESSOR_IDENTIFIER=Intel64 Family 6 Model 78 Stepping 3, GenuineIntel



---------------  S Y S T E M  ---------------

OS:
 Windows 10 , 64 bit Build 19041 (10.0.19041.3570)
OS uptime: 0 days 1:17 hours

CPU: total 4 (initial active 4) (2 cores per cpu, 2 threads per core) family 6 model 78 stepping 3 microcode 0xcc, cx8, cmov, fxsr, ht, mmx, 3dnowpref, sse, sse2, sse3, ssse3, sse4.1, sse4.2, popcnt, lzcnt, tsc, tscinvbit, avx, avx2, aes, erms, clmul, bmi1, bmi2, adx, fma, vzeroupper, clflush, clflushopt

Memory: 4k page, system-wide physical 4012M (270M free)
TotalPageFile size 6060M (AvailPageFile size 5M)
current process WorkingSet (physical memory assigned to process): 201M, peak: 207M
current process commit charge ("private bytes"): 230M, peak: 239M

vm_info: OpenJDK 64-Bit Server VM (18.0.2+9-FR) for windows-amd64 JRE (18.0.2+9-FR), built on Jul 15 2022 20:03:03 by "Administrator" with MS VC++ 15.9 (VS2017)

END.
