#
# There is insufficient memory for the Java Runtime Environment to continue.
# Native memory allocation (mmap) failed to map 17825792 bytes for G1 virtual space
# Possible reasons:
#   The system is out of physical RAM or swap space
#   The process is running with CompressedOops enabled, and the Java Heap may be blocking the growth of the native heap
# Possible solutions:
#   Reduce memory load on the system
#   Increase physical memory or swap space
#   Check if swap backing store is full
#   Decrease Java heap size (-Xmx/-Xms)
#   Decrease number of Java threads
#   Decrease Java thread stack sizes (-Xss)
#   Set larger code cache with -XX:ReservedCodeCacheSize=
#   JVM is running with Unscaled Compressed Oops mode in which the Java heap is
#     placed in the first 4GB address space. The Java Heap base address is the
#     maximum limit for the native heap growth. Please use -XX:HeapBaseMinAddress
#     to set the Java Heap base and to place the Java Heap above 4GB virtual address.
# This output file may be truncated or incomplete.
#
#  Out of Memory Error (os_windows.cpp:3530), pid=13032, tid=11080
#
# JRE version: OpenJDK Runtime Environment Corretto-18.0.2.9.1 (18.0.2+9) (build 18.0.2+9-FR)
# Java VM: OpenJDK 64-Bit Server VM Corretto-18.0.2.9.1 (18.0.2+9-FR, mixed mode, sharing, tiered, compressed oops, compressed class ptrs, g1 gc, windows-amd64)
# No core dump will be written. Minidumps are not enabled by default on client versions of Windows
#

---------------  S U M M A R Y ------------

Command Line: -javaagent:C:\Program Files\JetBrains\IntelliJ IDEA Community Edition 2021.3.3\lib\idea_rt.jar=51866:C:\Program Files\JetBrains\IntelliJ IDEA Community Edition 2021.3.3\bin -Dfile.encoding=UTF-8 com.devskiller.tasks.blog.BlogApplication

Host: Intel(R) Core(TM) i3-6006U CPU @ 2.00GHz, 4 cores, 3G,  Windows 10 , 64 bit Build 19041 (10.0.19041.3570)
Time: Tue Oct 31 17:50:51 2023 Central European Standard Time elapsed time: 8.616370 seconds (0d 0h 0m 8s)

---------------  T H R E A D  ---------------

Current thread (0x0000020631c21ae0):  VMThread "VM Thread" [stack: 0x000000ebda700000,0x000000ebda800000] [id=11080]

Stack: [0x000000ebda700000,0x000000ebda800000]
Native frames: (J=compiled Java code, j=interpreted, Vv=VM code, C=native code)
V  [jvm.dll+0x685a2a]
V  [jvm.dll+0x82ae8d]
V  [jvm.dll+0x82c75e]
V  [jvm.dll+0x82ce03]
V  [jvm.dll+0x25ef4b]
V  [jvm.dll+0x6828ca]
V  [jvm.dll+0x67745a]
V  [jvm.dll+0x3243f9]
V  [jvm.dll+0x32ba86]
V  [jvm.dll+0x37e00a]
V  [jvm.dll+0x37e24f]
V  [jvm.dll+0x2fb50a]
V  [jvm.dll+0x2fb5b7]
V  [jvm.dll+0x33f162]
V  [jvm.dll+0x33d8f0]
V  [jvm.dll+0x2fad70]
V  [jvm.dll+0x33cecb]
V  [jvm.dll+0x831b3b]
V  [jvm.dll+0x8328c8]
V  [jvm.dll+0x832e15]
V  [jvm.dll+0x833254]
V  [jvm.dll+0x833315]
V  [jvm.dll+0x7d9cba]
V  [jvm.dll+0x6848a5]
C  [ucrtbase.dll+0x21bb2]
C  [KERNEL32.DLL+0x17344]
C  [ntdll.dll+0x526b1]

VM_Operation (0x000000ebda1fb2a0): G1CollectForAllocation, mode: safepoint, requested by thread 0x00000206166d74f0


---------------  P R O C E S S  ---------------

Threads class SMR info:
_java_thread_list=0x00000206387d4360, length=16, elements={
0x00000206166d74f0, 0x0000020631c26450, 0x0000020631c270b0, 0x0000020631c3dc20,
0x0000020631c3e5c0, 0x0000020631c3ef60, 0x0000020631c3f900, 0x0000020631c405d0,
0x0000020631ca6ba0, 0x0000020631ca95a0, 0x0000020636020040, 0x00000206361abe40,
0x00000206361ac300, 0x00000206371826f0, 0x00000206371813b0, 0x0000020637182220
}

Java Threads: ( => current thread )
  0x00000206166d74f0 JavaThread "main" [_thread_blocked, id=11968, stack(0x000000ebda100000,0x000000ebda200000)]
  0x0000020631c26450 JavaThread "Reference Handler" daemon [_thread_blocked, id=7080, stack(0x000000ebda800000,0x000000ebda900000)]
  0x0000020631c270b0 JavaThread "Finalizer" daemon [_thread_blocked, id=3440, stack(0x000000ebda900000,0x000000ebdaa00000)]
  0x0000020631c3dc20 JavaThread "Signal Dispatcher" daemon [_thread_blocked, id=6908, stack(0x000000ebdaa00000,0x000000ebdab00000)]
  0x0000020631c3e5c0 JavaThread "Attach Listener" daemon [_thread_blocked, id=4840, stack(0x000000ebdab00000,0x000000ebdac00000)]
  0x0000020631c3ef60 JavaThread "Service Thread" daemon [_thread_blocked, id=724, stack(0x000000ebdac00000,0x000000ebdad00000)]
  0x0000020631c3f900 JavaThread "Monitor Deflation Thread" daemon [_thread_blocked, id=6452, stack(0x000000ebdad00000,0x000000ebdae00000)]
  0x0000020631c405d0 JavaThread "C2 CompilerThread0" daemon [_thread_in_native, id=8988, stack(0x000000ebdae00000,0x000000ebdaf00000)]
  0x0000020631ca6ba0 JavaThread "C1 CompilerThread0" daemon [_thread_blocked, id=8716, stack(0x000000ebdaf00000,0x000000ebdb000000)]
  0x0000020631ca95a0 JavaThread "Sweeper thread" daemon [_thread_blocked, id=8216, stack(0x000000ebdb000000,0x000000ebdb100000)]
  0x0000020636020040 JavaThread "Common-Cleaner" daemon [_thread_blocked, id=9732, stack(0x000000ebdb100000,0x000000ebdb200000)]
  0x00000206361abe40 JavaThread "Monitor Ctrl-Break" daemon [_thread_in_native, id=2128, stack(0x000000ebdb300000,0x000000ebdb400000)]
  0x00000206361ac300 JavaThread "Notification Thread" daemon [_thread_blocked, id=11416, stack(0x000000ebdb400000,0x000000ebdb500000)]
  0x00000206371826f0 JavaThread "Catalina-utility-1" [_thread_blocked, id=552, stack(0x000000ebdb200000,0x000000ebdb300000)]
  0x00000206371813b0 JavaThread "Catalina-utility-2" [_thread_blocked, id=1260, stack(0x000000ebdba00000,0x000000ebdbb00000)]
  0x0000020637182220 JavaThread "container-0" [_thread_blocked, id=13300, stack(0x000000ebdbb00000,0x000000ebdbc00000)]

Other Threads:
=>0x0000020631c21ae0 VMThread "VM Thread" [stack: 0x000000ebda700000,0x000000ebda800000] [id=11080]
  0x000002061462e0f0 WatcherThread "VM Periodic Task Thread" [stack: 0x000000ebdb500000,0x000000ebdb600000] [id=3700]
  0x0000020616717810 WorkerThread "GC Thread#0" [stack: 0x000000ebda200000,0x000000ebda300000] [id=5044]
  0x00000206368bdc80 WorkerThread "GC Thread#1" [stack: 0x000000ebdb600000,0x000000ebdb700000] [id=5216]
  0x00000206365dabc0 WorkerThread "GC Thread#2" [stack: 0x000000ebdb700000,0x000000ebdb800000] [id=2492]
  0x00000206366edea0 WorkerThread "GC Thread#3" [stack: 0x000000ebdb800000,0x000000ebdb900000] [id=9244]
  0x00000206167214d0 ConcurrentGCThread "G1 Main Marker" [stack: 0x000000ebda300000,0x000000ebda400000] [id=2800]
  0x0000020616721ec0 WorkerThread "G1 Conc#0" [stack: 0x000000ebda400000,0x000000ebda500000] [id=10544]
  0x00000206167490c0 ConcurrentGCThread "G1 Refine#0" [stack: 0x000000ebda500000,0x000000ebda600000] [id=712]
  0x00000206368bdf20 ConcurrentGCThread "G1 Refine#1" [stack: 0x000000ebdb900000,0x000000ebdba00000] [id=9820]
  0x00000206167499d0 ConcurrentGCThread "G1 Service" [stack: 0x000000ebda600000,0x000000ebda700000] [id=9056]

Threads with active compile tasks:
C2 CompilerThread0     8678 3603       4       org.springframework.boot.context.properties.source.ConfigurationPropertyName$ElementsParser::parse (234 bytes)

VM state: at safepoint (normal execution)

VM Mutex/Monitor currently owned by a thread:  ([mutex/lock_event])
[0x00000206166d3460] Threads_lock - owner thread: 0x0000020631c21ae0
[0x00000206166d3580] Heap_lock - owner thread: 0x00000206166d74f0

Heap address: 0x00000000c1400000, size: 1004 MB, Compressed Oops mode: 32-bit

CDS archive(s) mapped at: [0x0000000800000000-0x0000000800ba0000-0x0000000800ba0000), size 12189696, SharedBaseAddress: 0x0000000800000000, ArchiveRelocationMode: 0.
Compressed class space mapped at: 0x0000000800c00000-0x0000000840c00000, reserved size: 1073741824
Narrow klass base: 0x0000000800000000, Narrow klass shift: 0, Narrow klass range: 0x100000000

GC Precious Log:
 CardTable entry size: 512
 Card Set container configuration: InlinePtr #cards 5 size 8 Array Of Cards #cards 12 size 40 Howl #buckets 4 coarsen threshold 1843 Howl Bitmap #cards 512 size 80 coarsen threshold 460 Card regions per heap region 1 cards per card region 2048
 CPUs: 4 total, 4 available
 Memory: 4012M
 Large Page Support: Disabled
 NUMA Support: Disabled
 Compressed Oops: Enabled (32-bit)
 Heap Region Size: 1M
 Heap Min Capacity: 8M
 Heap Initial Capacity: 64M
 Heap Max Capacity: 1004M
 Pre-touch: Disabled
 Parallel Workers: 4
 Concurrent Workers: 1
 Concurrent Refinement Workers: 4
 Periodic GC: Disabled

Heap:
 garbage-first heap   total 48128K, used 17416K [0x00000000c1400000, 0x0000000100000000)
  region size 1024K, 2 young (2048K), 2 survivors (2048K)
 Metaspace       used 31814K, committed 32256K, reserved 1114112K
  class space    used 4007K, committed 4224K, reserved 1048576K

Heap Regions: E=young(eden), S=young(survivor), O=old, HS=humongous(starts), HC=humongous(continues), CS=collection set, F=free, OA=open archive, CA=closed archive, TAMS=top-at-mark-start (previous, next)
|   0|0x00000000c1400000, 0x00000000c1500000, 0x00000000c1500000|100%|HS|  |TAMS 0x00000000c1500000, 0x00000000c1400000| Complete 
|   1|0x00000000c1500000, 0x00000000c1500000, 0x00000000c1600000|  0%| F|  |TAMS 0x00000000c1500000, 0x00000000c1500000| Untracked 
|   2|0x00000000c1600000, 0x00000000c1700000, 0x00000000c1700000|100%| O|  |TAMS 0x00000000c1700000, 0x00000000c1600000| Untracked 
|   3|0x00000000c1700000, 0x00000000c1800000, 0x00000000c1800000|100%| O|  |TAMS 0x00000000c1800000, 0x00000000c1700000| Untracked 
|   4|0x00000000c1800000, 0x00000000c1900000, 0x00000000c1900000|100%| O|  |TAMS 0x00000000c1900000, 0x00000000c1800000| Untracked 
|   5|0x00000000c1900000, 0x00000000c1a00000, 0x00000000c1a00000|100%| O|  |TAMS 0x00000000c1a00000, 0x00000000c1900000| Untracked 
|   6|0x00000000c1a00000, 0x00000000c1b00000, 0x00000000c1b00000|100%| O|  |TAMS 0x00000000c1b00000, 0x00000000c1a00000| Untracked 
|   7|0x00000000c1b00000, 0x00000000c1c00000, 0x00000000c1c00000|100%| O|  |TAMS 0x00000000c1b36800, 0x00000000c1b00000| Untracked 
|   8|0x00000000c1c00000, 0x00000000c1ceb800, 0x00000000c1d00000| 91%| O|  |TAMS 0x00000000c1c00000, 0x00000000c1c00000| Untracked 
|   9|0x00000000c1d00000, 0x00000000c1e00000, 0x00000000c1e00000|100%| O|  |TAMS 0x00000000c1d00000, 0x00000000c1d00000| Untracked 
|  10|0x00000000c1e00000, 0x00000000c1f00000, 0x00000000c1f00000|100%| O|  |TAMS 0x00000000c1e00000, 0x00000000c1e00000| Untracked 
|  11|0x00000000c1f00000, 0x00000000c2000000, 0x00000000c2000000|100%| O|  |TAMS 0x00000000c1f00000, 0x00000000c1f00000| Untracked 
|  12|0x00000000c2000000, 0x00000000c2100000, 0x00000000c2100000|100%| O|  |TAMS 0x00000000c2000000, 0x00000000c2000000| Untracked 
|  13|0x00000000c2100000, 0x00000000c2200000, 0x00000000c2200000|100%| O|  |TAMS 0x00000000c2100000, 0x00000000c2100000| Untracked 
|  14|0x00000000c2200000, 0x00000000c2300000, 0x00000000c2300000|100%| O|  |TAMS 0x00000000c2200000, 0x00000000c2200000| Untracked 
|  15|0x00000000c2300000, 0x00000000c2300000, 0x00000000c2400000|  0%| F|  |TAMS 0x00000000c2300000, 0x00000000c2300000| Untracked 
|  16|0x00000000c2400000, 0x00000000c2400000, 0x00000000c2500000|  0%| F|  |TAMS 0x00000000c2400000, 0x00000000c2400000| Untracked 
|  17|0x00000000c2500000, 0x00000000c2500000, 0x00000000c2600000|  0%| F|  |TAMS 0x00000000c2500000, 0x00000000c2500000| Untracked 
|  18|0x00000000c2600000, 0x00000000c2600000, 0x00000000c2700000|  0%| F|  |TAMS 0x00000000c2600000, 0x00000000c2600000| Untracked 
|  19|0x00000000c2700000, 0x00000000c2800000, 0x00000000c2800000|100%| O|  |TAMS 0x00000000c2700000, 0x00000000c2700000| Untracked 
|  20|0x00000000c2800000, 0x00000000c288d600, 0x00000000c2900000| 55%| O|  |TAMS 0x00000000c2800000, 0x00000000c2800000| Untracked 
|  21|0x00000000c2900000, 0x00000000c2900000, 0x00000000c2a00000|  0%| F|  |TAMS 0x00000000c2900000, 0x00000000c2900000| Untracked 
|  22|0x00000000c2a00000, 0x00000000c2a00000, 0x00000000c2b00000|  0%| F|  |TAMS 0x00000000c2a00000, 0x00000000c2a00000| Untracked 
|  23|0x00000000c2b00000, 0x00000000c2b00000, 0x00000000c2c00000|  0%| F|  |TAMS 0x00000000c2b00000, 0x00000000c2b00000| Untracked 
|  24|0x00000000c2c00000, 0x00000000c2c00000, 0x00000000c2d00000|  0%| F|  |TAMS 0x00000000c2c00000, 0x00000000c2c00000| Untracked 
|  25|0x00000000c2d00000, 0x00000000c2d00000, 0x00000000c2e00000|  0%| F|  |TAMS 0x00000000c2d00000, 0x00000000c2d00000| Untracked 
|  26|0x00000000c2e00000, 0x00000000c2e00000, 0x00000000c2f00000|  0%| F|  |TAMS 0x00000000c2e00000, 0x00000000c2e00000| Untracked 
|  27|0x00000000c2f00000, 0x00000000c2f89238, 0x00000000c3000000| 53%| S|CS|TAMS 0x00000000c2f00000, 0x00000000c2f00000| Complete 
|  28|0x00000000c3000000, 0x00000000c3100000, 0x00000000c3100000|100%| S|CS|TAMS 0x00000000c3000000, 0x00000000c3000000| Complete 
|  29|0x00000000c3100000, 0x00000000c3100000, 0x00000000c3200000|  0%| F|  |TAMS 0x00000000c3100000, 0x00000000c3100000| Untracked 
|  30|0x00000000c3200000, 0x00000000c3200000, 0x00000000c3300000|  0%| F|  |TAMS 0x00000000c3200000, 0x00000000c3200000| Untracked 
|  31|0x00000000c3300000, 0x00000000c3300000, 0x00000000c3400000|  0%| F|  |TAMS 0x00000000c3300000, 0x00000000c3300000| Untracked 
|  32|0x00000000c3400000, 0x00000000c3400000, 0x00000000c3500000|  0%| F|  |TAMS 0x00000000c3400000, 0x00000000c3400000| Untracked 
|  33|0x00000000c3500000, 0x00000000c3500000, 0x00000000c3600000|  0%| F|  |TAMS 0x00000000c3500000, 0x00000000c3500000| Untracked 
|  34|0x00000000c3600000, 0x00000000c3600000, 0x00000000c3700000|  0%| F|  |TAMS 0x00000000c3600000, 0x00000000c3600000| Untracked 
|  35|0x00000000c3700000, 0x00000000c3700000, 0x00000000c3800000|  0%| F|  |TAMS 0x00000000c3700000, 0x00000000c3700000| Untracked 
|  36|0x00000000c3800000, 0x00000000c3800000, 0x00000000c3900000|  0%| F|  |TAMS 0x00000000c3800000, 0x00000000c3800000| Untracked 
|  37|0x00000000c3900000, 0x00000000c3900000, 0x00000000c3a00000|  0%| F|  |TAMS 0x00000000c3900000, 0x00000000c3900000| Untracked 
|  38|0x00000000c3a00000, 0x00000000c3a00000, 0x00000000c3b00000|  0%| F|  |TAMS 0x00000000c3a00000, 0x00000000c3a00000| Untracked 
|  39|0x00000000c3b00000, 0x00000000c3b00000, 0x00000000c3c00000|  0%| F|  |TAMS 0x00000000c3b00000, 0x00000000c3b00000| Untracked 
|  40|0x00000000c3c00000, 0x00000000c3c00000, 0x00000000c3d00000|  0%| F|  |TAMS 0x00000000c3c00000, 0x00000000c3c00000| Untracked 
|  41|0x00000000c3d00000, 0x00000000c3d00000, 0x00000000c3e00000|  0%| F|  |TAMS 0x00000000c3d00000, 0x00000000c3d00000| Untracked 
|  42|0x00000000c3e00000, 0x00000000c3e00000, 0x00000000c3f00000|  0%| F|  |TAMS 0x00000000c3e00000, 0x00000000c3e00000| Untracked 
|  43|0x00000000c3f00000, 0x00000000c3f00000, 0x00000000c4000000|  0%| F|  |TAMS 0x00000000c3f00000, 0x00000000c3f00000| Untracked 
|  44|0x00000000c4000000, 0x00000000c4000000, 0x00000000c4100000|  0%| F|  |TAMS 0x00000000c4000000, 0x00000000c4000000| Untracked 
|  45|0x00000000c4100000, 0x00000000c4100000, 0x00000000c4200000|  0%| F|  |TAMS 0x00000000c4100000, 0x00000000c4100000| Untracked 
|  63|0x00000000c5300000, 0x00000000c5300000, 0x00000000c5400000|  0%| F|  |TAMS 0x00000000c5300000, 0x00000000c5300000| Untracked 

Card table byte_map: [0x000002062d4a0000,0x000002062d6a0000] _byte_map_base: 0x000002062ce96000

Marking Bits (Prev, Next): (CMBitMap*) 0x0000020616718e60, (CMBitMap*) 0x0000020616718e20
 Prev Bits: [0x000002062e850000, 0x000002062f800000)
 Next Bits: [0x000002062d8a0000, 0x000002062e850000)

Polling page: 0x0000020614660000

Metaspace:

Usage:
  Non-class:     27.16 MB used.
      Class:      3.91 MB used.
       Both:     31.07 MB used.

Virtual space:
  Non-class space:       64.00 MB reserved,      27.38 MB ( 43%) committed,  1 nodes.
      Class space:        1.00 GB reserved,       4.13 MB ( <1%) committed,  1 nodes.
             Both:        1.06 GB reserved,      31.50 MB (  3%) committed. 

Chunk freelists:
   Non-Class:  16.00 KB
       Class:  3.89 MB
        Both:  3.91 MB

MaxMetaspaceSize: unlimited
CompressedClassSpaceSize: 1.00 GB
Initial GC threshold: 21.00 MB
Current GC threshold: 35.25 MB
CDS: on
MetaspaceReclaimPolicy: balanced
 - commit_granule_bytes: 65536.
 - commit_granule_words: 8192.
 - virtual_space_node_default_size: 8388608.
 - enlarge_chunks_in_place: 1.
 - new_chunks_are_fully_committed: 0.
 - uncommit_free_chunks: 1.
 - use_allocation_guard: 0.


Internal statistics:

num_allocs_failed_limit: 3.
num_arena_births: 636.
num_arena_deaths: 0.
num_vsnodes_births: 2.
num_vsnodes_deaths: 0.
num_space_committed: 504.
num_space_uncommitted: 0.
num_chunks_returned_to_freelist: 3.
num_chunks_taken_from_freelist: 1738.
num_chunk_merges: 3.
num_chunk_splits: 1196.
num_chunks_enlarged: 896.
num_inconsistent_stats: 0.

CodeHeap 'non-profiled nmethods': size=120000Kb used=1528Kb max_used=1528Kb free=118472Kb
 bounds [0x0000020625d70000, 0x0000020625fe0000, 0x000002062d2a0000]
CodeHeap 'profiled nmethods': size=120000Kb used=7984Kb max_used=7984Kb free=112015Kb
 bounds [0x000002061e840000, 0x000002061f010000, 0x0000020625d70000]
CodeHeap 'non-nmethods': size=5760Kb used=1224Kb max_used=1303Kb free=4535Kb
 bounds [0x000002061e2a0000, 0x000002061e510000, 0x000002061e840000]
 total_blobs=4265 nmethods=3748 adapters=429
 compilation: enabled
              stopped_count=0, restarted_count=0
 full_count=0

Compilation events (20 events):
Event: 8.308 Thread 0x0000020631ca6ba0 3788       2       java.util.jar.JarFile$JarFileEntry::getRealName (5 bytes)
Event: 8.308 Thread 0x0000020631ca6ba0 nmethod 3788 0x000002061f00ab10 code [0x000002061f00aca0, 0x000002061f00adb8]
Event: 8.378 Thread 0x0000020631c405d0 nmethod 3584 0x0000020625ed9c90 code [0x0000020625eda660, 0x0000020625ee44b0]
Event: 8.382 Thread 0x0000020631c405d0 3786       4       java.lang.Object::<init> (1 bytes)
Event: 8.382 Thread 0x0000020631c405d0 nmethod 3786 0x0000020625eec210 code [0x0000020625eec380, 0x0000020625eec438]
Event: 8.382 Thread 0x0000020631c405d0 3583   !   4       org.springframework.beans.factory.support.DefaultSingletonBeanRegistry::getSingleton (147 bytes)
Event: 8.399 Thread 0x0000020631c405d0 nmethod 3583 0x0000020625eec510 code [0x0000020625eec720, 0x0000020625eecff0]
Event: 8.399 Thread 0x0000020631c405d0 3581       4       java.util.Collections$SetFromMap::contains (11 bytes)
Event: 8.401 Thread 0x0000020631ca6ba0 3789       2       java.lang.Class::getDeclaredMethods (27 bytes)
Event: 8.402 Thread 0x0000020631ca6ba0 nmethod 3789 0x000002061f00ae90 code [0x000002061f00b040, 0x000002061f00b178]
Event: 8.402 Thread 0x0000020631ca6ba0 3790       2       sun.reflect.annotation.AnnotationParser::contains (36 bytes)
Event: 8.402 Thread 0x0000020631ca6ba0 nmethod 3790 0x000002061f00b210 code [0x000002061f00b3a0, 0x000002061f00b538]
Event: 8.407 Thread 0x0000020631c405d0 nmethod 3581 0x0000020625eed810 code [0x0000020625eed9c0, 0x0000020625eedd08]
Event: 8.407 Thread 0x0000020631c405d0 3603       4       org.springframework.boot.context.properties.source.ConfigurationPropertyName$ElementsParser::parse (234 bytes)
Event: 8.410 Thread 0x0000020631ca6ba0 3791       2       java.lang.Class::getMethods (26 bytes)
Event: 8.410 Thread 0x0000020631ca6ba0 nmethod 3791 0x000002061f00b610 code [0x000002061f00b7c0, 0x000002061f00b8f8]
Event: 8.494 Thread 0x0000020631ca6ba0 3793       2       java.lang.Module::isExported (15 bytes)
Event: 8.495 Thread 0x0000020631ca6ba0 nmethod 3793 0x000002061f00b990 code [0x000002061f00bb40, 0x000002061f00bd38]
Event: 8.537 Thread 0x0000020631ca6ba0 3794       2       java.lang.invoke.MethodHandles$Lookup::getDirectConstructorNoSecurityManager (10 bytes)
Event: 8.537 Thread 0x0000020631ca6ba0 nmethod 3794 0x000002061f00be10 code [0x000002061f00bfa0, 0x000002061f00c0c8]

GC Heap History (15 events):
Event: 1.410 GC heap before
{Heap before GC invocations=0 (full 0):
 garbage-first heap   total 65536K, used 13312K [0x00000000c1400000, 0x0000000100000000)
  region size 1024K, 13 young (13312K), 0 survivors (0K)
 Metaspace       used 3766K, committed 3968K, reserved 1114112K
  class space    used 391K, committed 512K, reserved 1048576K
}
Event: 1.431 GC heap after
{Heap after GC invocations=1 (full 0):
 garbage-first heap   total 65536K, used 6304K [0x00000000c1400000, 0x0000000100000000)
  region size 1024K, 2 young (2048K), 2 survivors (2048K)
 Metaspace       used 3766K, committed 3968K, reserved 1114112K
  class space    used 391K, committed 512K, reserved 1048576K
}
Event: 2.214 GC heap before
{Heap before GC invocations=1 (full 0):
 garbage-first heap   total 65536K, used 16544K [0x00000000c1400000, 0x0000000100000000)
  region size 1024K, 12 young (12288K), 2 survivors (2048K)
 Metaspace       used 6680K, committed 6912K, reserved 1114112K
  class space    used 778K, committed 896K, reserved 1048576K
}
Event: 2.223 GC heap after
{Heap after GC invocations=2 (full 0):
 garbage-first heap   total 65536K, used 7427K [0x00000000c1400000, 0x0000000100000000)
  region size 1024K, 1 young (1024K), 1 survivors (1024K)
 Metaspace       used 6680K, committed 6912K, reserved 1114112K
  class space    used 778K, committed 896K, reserved 1048576K
}
Event: 3.206 GC heap before
{Heap before GC invocations=2 (full 0):
 garbage-first heap   total 65536K, used 27907K [0x00000000c1400000, 0x0000000100000000)
  region size 1024K, 22 young (22528K), 1 survivors (1024K)
 Metaspace       used 12372K, committed 12544K, reserved 1114112K
  class space    used 1455K, committed 1536K, reserved 1048576K
}
Event: 3.213 GC heap after
{Heap after GC invocations=3 (full 0):
 garbage-first heap   total 65536K, used 9195K [0x00000000c1400000, 0x0000000100000000)
  region size 1024K, 3 young (3072K), 3 survivors (3072K)
 Metaspace       used 12372K, committed 12544K, reserved 1114112K
  class space    used 1455K, committed 1536K, reserved 1048576K
}
Event: 5.119 GC heap before
{Heap before GC invocations=3 (full 0):
 garbage-first heap   total 65536K, used 39915K [0x00000000c1400000, 0x0000000100000000)
  region size 1024K, 34 young (34816K), 3 survivors (3072K)
 Metaspace       used 17850K, committed 18048K, reserved 1114112K
  class space    used 2119K, committed 2240K, reserved 1048576K
}
Event: 5.131 GC heap after
{Heap after GC invocations=4 (full 0):
 garbage-first heap   total 65536K, used 11482K [0x00000000c1400000, 0x0000000100000000)
  region size 1024K, 4 young (4096K), 4 survivors (4096K)
 Metaspace       used 17850K, committed 18048K, reserved 1114112K
  class space    used 2119K, committed 2240K, reserved 1048576K
}
Event: 6.276 GC heap before
{Heap before GC invocations=4 (full 0):
 garbage-first heap   total 65536K, used 29914K [0x00000000c1400000, 0x0000000100000000)
  region size 1024K, 23 young (23552K), 4 survivors (4096K)
 Metaspace       used 21185K, committed 21504K, reserved 1114112K
  class space    used 2593K, committed 2752K, reserved 1048576K
}
Event: 6.294 GC heap after
{Heap after GC invocations=5 (full 0):
 garbage-first heap   total 65536K, used 13230K [0x00000000c1400000, 0x0000000100000000)
  region size 1024K, 4 young (4096K), 4 survivors (4096K)
 Metaspace       used 21185K, committed 21504K, reserved 1114112K
  class space    used 2593K, committed 2752K, reserved 1048576K
}
Event: 7.628 GC heap before
{Heap before GC invocations=6 (full 0):
 garbage-first heap   total 48128K, used 37806K [0x00000000c1400000, 0x0000000100000000)
  region size 1024K, 28 young (28672K), 4 survivors (4096K)
 Metaspace       used 26915K, committed 27328K, reserved 1114112K
  class space    used 3350K, committed 3520K, reserved 1048576K
}
Event: 7.642 GC heap after
{Heap after GC invocations=7 (full 0):
 garbage-first heap   total 48128K, used 15923K [0x00000000c1400000, 0x0000000100000000)
  region size 1024K, 4 young (4096K), 4 survivors (4096K)
 Metaspace       used 26915K, committed 27328K, reserved 1114112K
  class space    used 3350K, committed 3520K, reserved 1048576K
}
Event: 7.672 GC heap before
{Heap before GC invocations=7 (full 0):
 garbage-first heap   total 48128K, used 16947K [0x00000000c1400000, 0x0000000100000000)
  region size 1024K, 5 young (5120K), 4 survivors (4096K)
 Metaspace       used 27014K, committed 27456K, reserved 1114112K
  class space    used 3363K, committed 3584K, reserved 1048576K
}
Event: 7.680 GC heap after
{Heap after GC invocations=8 (full 0):
 garbage-first heap   total 48128K, used 16837K [0x00000000c1400000, 0x0000000100000000)
  region size 1024K, 1 young (1024K), 1 survivors (1024K)
 Metaspace       used 27014K, committed 27456K, reserved 1114112K
  class space    used 3363K, committed 3584K, reserved 1048576K
}
Event: 8.607 GC heap before
{Heap before GC invocations=8 (full 0):
 garbage-first heap   total 48128K, used 33221K [0x00000000c1400000, 0x0000000100000000)
  region size 1024K, 18 young (18432K), 1 survivors (1024K)
 Metaspace       used 31814K, committed 32256K, reserved 1114112K
  class space    used 4007K, committed 4224K, reserved 1048576K
}

Deoptimization events (20 events):
Event: 7.827 Thread 0x00000206166d74f0 Uncommon trap: trap_request=0xffffffec fr.pc=0x0000020625e198b4 relative=0x0000000000000094
Event: 7.827 Thread 0x00000206166d74f0 Uncommon trap: reason=null_assert_or_unreached0 action=make_not_entrant pc=0x0000020625e198b4 method=java.util.jar.JarFile.maybeInstantiateVerifier()V @ 4 c2
Event: 7.827 Thread 0x00000206166d74f0 DEOPT PACKING pc=0x0000020625e198b4 sp=0x000000ebda1fc250
Event: 7.827 Thread 0x00000206166d74f0 DEOPT UNPACKING pc=0x000002061e2f23a3 sp=0x000000ebda1fc1e0 mode 2
Event: 7.880 Thread 0x00000206166d74f0 Uncommon trap: trap_request=0xffffff45 fr.pc=0x0000020625e6da3c relative=0x000000000000029c
Event: 7.880 Thread 0x00000206166d74f0 Uncommon trap: reason=unstable_if action=reinterpret pc=0x0000020625e6da3c method=java.lang.Integer.getChars(II[B)I @ 4 c2
Event: 7.880 Thread 0x00000206166d74f0 DEOPT PACKING pc=0x0000020625e6da3c sp=0x000000ebda1fc710
Event: 7.880 Thread 0x00000206166d74f0 DEOPT UNPACKING pc=0x000002061e2f23a3 sp=0x000000ebda1fc6a0 mode 2
Event: 8.037 Thread 0x00000206166d74f0 Uncommon trap: trap_request=0xffffff45 fr.pc=0x0000020625e58dc0 relative=0x0000000000003b00
Event: 8.037 Thread 0x00000206166d74f0 Uncommon trap: reason=unstable_if action=reinterpret pc=0x0000020625e58dc0 method=java.net.URL.<init>(Ljava/net/URL;Ljava/lang/String;Ljava/net/URLStreamHandler;)V @ 57 c2
Event: 8.037 Thread 0x00000206166d74f0 DEOPT PACKING pc=0x0000020625e58dc0 sp=0x000000ebda1fe2f0
Event: 8.037 Thread 0x00000206166d74f0 DEOPT UNPACKING pc=0x000002061e2f23a3 sp=0x000000ebda1fe290 mode 2
Event: 8.037 Thread 0x00000206166d74f0 Uncommon trap: trap_request=0xffffff45 fr.pc=0x0000020625dfe560 relative=0x0000000000000680
Event: 8.037 Thread 0x00000206166d74f0 Uncommon trap: reason=unstable_if action=reinterpret pc=0x0000020625dfe560 method=java.lang.String.regionMatches(ZILjava/lang/String;II)Z @ 36 c2
Event: 8.037 Thread 0x00000206166d74f0 DEOPT PACKING pc=0x0000020625dfe560 sp=0x000000ebda1fe240
Event: 8.037 Thread 0x00000206166d74f0 DEOPT UNPACKING pc=0x000002061e2f23a3 sp=0x000000ebda1fe1e8 mode 2
Event: 8.400 Thread 0x00000206166d74f0 Uncommon trap: trap_request=0xffffff45 fr.pc=0x0000020625e9258c relative=0x00000000000000ec
Event: 8.400 Thread 0x00000206166d74f0 Uncommon trap: reason=unstable_if action=reinterpret pc=0x0000020625e9258c method=java.lang.ClassLoader.getClassLoadingLock(Ljava/lang/String;)Ljava/lang/Object; @ 6 c2
Event: 8.400 Thread 0x00000206166d74f0 DEOPT PACKING pc=0x0000020625e9258c sp=0x000000ebda1f9e40
Event: 8.400 Thread 0x00000206166d74f0 DEOPT UNPACKING pc=0x000002061e2f23a3 sp=0x000000ebda1f9de0 mode 2

Classes loaded (20 events):
Event: 7.823 Loading class java/util/Base64
Event: 7.823 Loading class java/util/Base64 done
Event: 7.823 Loading class java/util/Base64$Decoder
Event: 7.824 Loading class java/util/Base64$Decoder done
Event: 7.824 Loading class java/util/Base64$Encoder
Event: 7.824 Loading class java/util/Base64$Encoder done
Event: 7.827 Loading class java/util/jar/JarVerifier$VerifierStream
Event: 7.827 Loading class java/util/jar/JarVerifier$VerifierStream done
Event: 7.828 Loading class sun/security/util/ManifestEntryVerifier$SunProviderHolder
Event: 7.828 Loading class sun/security/util/ManifestEntryVerifier$SunProviderHolder done
Event: 7.874 Loading class java/util/ResourceBundle$Control$1
Event: 7.874 Loading class java/util/ResourceBundle$Control$1 done
Event: 7.885 Loading class java/net/SocketImplFactory
Event: 7.885 Loading class java/net/SocketImplFactory done
Event: 7.980 Loading class javax/naming/Referenceable
Event: 7.980 Loading class javax/naming/Referenceable done
Event: 8.298 Loading class java/lang/Process
Event: 8.298 Loading class java/lang/Process done
Event: 8.337 Loading class java/lang/reflect/GenericSignatureFormatError
Event: 8.337 Loading class java/lang/reflect/GenericSignatureFormatError done

Classes unloaded (0 events):
No events

Classes redefined (0 events):
No events

Internal exceptions (20 events):
Event: 6.446 Thread 0x00000206166d74f0 Exception <a 'java/lang/NoSuchMethodError'{0x00000000c3c6b848}: 'java.lang.Object java.lang.invoke.DirectMethodHandle$Holder.invokeSpecialIFC(java.lang.Object, java.lang.Object, java.lang.Object)'> (0x00000000c3c6b848) 
thrown [s\src\hotspot\share\interpreter\linkResolver.cpp, line 759]
Event: 6.464 Thread 0x00000206166d74f0 Exception <a 'java/lang/NoSuchMethodError'{0x00000000c3cbcd00}: 'java.lang.Object java.lang.invoke.DirectMethodHandle$Holder.invokeVirtual(java.lang.Object, java.lang.Object, java.lang.Object, java.lang.Object, java.lang.Object)'> (0x00000000c3cbcd00) 
thrown [s\src\hotspot\share\interpreter\linkResolver.cpp, line 759]
Event: 6.639 Thread 0x00000206166d74f0 Exception <a 'java/lang/NoSuchMethodError'{0x00000000c3980b38}: 'java.lang.reflect.Field[] java.lang.Class.getDeclaredFields(java.lang.Class)'> (0x00000000c3980b38) 
thrown [s\src\hotspot\share\interpreter\linkResolver.cpp, line 759]
Event: 6.711 Thread 0x00000206166d74f0 Exception <a 'java/lang/NoSuchMethodError'{0x00000000c389a938}: 'void java.lang.invoke.DirectMethodHandle$Holder.invokeInterface(java.lang.Object, java.lang.Object, int)'> (0x00000000c389a938) 
thrown [s\src\hotspot\share\interpreter\linkResolver.cpp, line 759]
Event: 6.722 Thread 0x00000206166d74f0 Exception <a 'java/lang/IncompatibleClassChangeError'{0x00000000c38eaae0}: Found class java.lang.Object, but interface was expected> (0x00000000c38eaae0) 
thrown [s\src\hotspot\share\interpreter\linkResolver.cpp, line 826]
Event: 6.723 Thread 0x00000206166d74f0 Exception <a 'java/lang/NoSuchMethodError'{0x00000000c38efbd8}: 'void java.lang.invoke.DirectMethodHandle$Holder.invokeStatic(java.lang.Object, int, java.lang.Object)'> (0x00000000c38efbd8) 
thrown [s\src\hotspot\share\interpreter\linkResolver.cpp, line 759]
Event: 6.881 Thread 0x00000206166d74f0 Exception <a 'java/lang/NoSuchMethodError'{0x00000000c34e9f08}: 'java.lang.Object java.lang.invoke.DirectMethodHandle$Holder.invokeStaticInit(java.lang.Object, int, int, int, int)'> (0x00000000c34e9f08) 
thrown [s\src\hotspot\share\interpreter\linkResolver.cpp, line 759]
Event: 7.018 Thread 0x00000206166d74f0 Exception <a 'java/lang/NoSuchMethodError'{0x00000000c33c1628}: 'java.lang.Object java.lang.invoke.DirectMethodHandle$Holder.invokeStaticInit(java.lang.Object, java.lang.Object, int, int, int, int)'> (0x00000000c33c1628) 
thrown [s\src\hotspot\share\interpreter\linkResolver.cpp, line 759]
Event: 7.129 Thread 0x00000206166d74f0 Exception <a 'java/lang/NoSuchMethodError'{0x00000000c30243b8}: 'int java.lang.invoke.DirectMethodHandle$Holder.invokeVirtual(java.lang.Object, java.lang.Object, java.lang.Object, java.lang.Object)'> (0x00000000c30243b8) 
thrown [s\src\hotspot\share\interpreter\linkResolver.cpp, line 759]
Event: 7.130 Thread 0x00000206166d74f0 Exception <a 'java/lang/NoSuchMethodError'{0x00000000c30280b8}: 'int java.lang.invoke.DelegatingMethodHandle$Holder.reinvoke_L(java.lang.Object, java.lang.Object, java.lang.Object, java.lang.Object)'> (0x00000000c30280b8) 
thrown [s\src\hotspot\share\interpreter\linkResolver.cpp, line 759]
Event: 7.244 Thread 0x00000206166d74f0 Exception <a 'java/lang/NoSuchMethodError'{0x00000000c2ea1940}: 'java.lang.Object java.lang.invoke.DirectMethodHandle$Holder.invokeSpecial(java.lang.Object, java.lang.Object, long, java.lang.Object, java.lang.Object, java.lang.Object, java.lang.Object, java.lang.Object, java.lang.Object)'> (0x00000000c2ea1940) 
thrown [s\src\hotspot\share\interpreter\linkResolver.cpp, line 759]
Event: 7.244 Thread 0x00000206166d74f0 Exception <a 'java/lang/NoSuchMethodError'{0x00000000c2ea6470}: 'java.lang.Object java.lang.invoke.DelegatingMethodHandle$Holder.reinvoke_L(java.lang.Object, long, java.lang.Object, java.lang.Object, java.lang.Object, java.lang.Object, java.lang.Object, java.lang.Object)'> (0x00000000c2ea6470) 
thrown [s\src\hotspot\share\interpreter\linkResolver.cpp, line 759]
Event: 7.246 Thread 0x00000206166d74f0 Exception <a 'java/lang/NoSuchMethodError'{0x00000000c2eb2e68}: 'java.lang.Object java.lang.invoke.Invokers$Holder.linkToTargetMethod(java.lang.Object, java.lang.Object, java.lang.Object, java.lang.Object, java.lang.Object, java.lang.Object, java.lang.Object)'> (0x00000000c2eb2e68) 
thrown [s\src\hotspot\share\interpreter\linkResolver.cpp, line 759]
Event: 7.445 Thread 0x00000206166d74f0 Exception <a 'java/io/FileNotFoundException'{0x00000000c2b553e8}> (0x00000000c2b553e8) 
thrown [s\src\hotspot\share\prims\jni.cpp, line 516]
Event: 7.492 Thread 0x00000206166d74f0 Exception <a 'java/lang/NoSuchMethodError'{0x00000000c2aa5ce0}: 'int java.lang.invoke.DirectMethodHandle$Holder.invokeInterface(java.lang.Object, java.lang.Object, java.lang.Object, java.lang.Object)'> (0x00000000c2aa5ce0) 
thrown [s\src\hotspot\share\interpreter\linkResolver.cpp, line 759]
Event: 7.575 Thread 0x00000206166d74f0 Exception <a 'java/lang/NoSuchMethodError'{0x00000000c289c518}: 'long java.lang.invoke.DirectMethodHandle$Holder.invokeVirtual(java.lang.Object, java.lang.Object)'> (0x00000000c289c518) 
thrown [s\src\hotspot\share\interpreter\linkResolver.cpp, line 759]
Event: 7.693 Thread 0x00000206166d74f0 Exception <a 'java/lang/NoSuchMethodError'{0x00000000c532f910}: 'int java.lang.invoke.DirectMethodHandle$Holder.invokeStatic(java.lang.Object, int, java.lang.Object)'> (0x00000000c532f910) 
thrown [s\src\hotspot\share\interpreter\linkResolver.cpp, line 759]
Event: 7.941 Thread 0x00000206166d74f0 Exception <a 'java/lang/NoSuchMethodError'{0x00000000c3dd9238}: 'java.lang.Object java.lang.invoke.DirectMethodHandle$Holder.newInvokeSpecial(java.lang.Object, java.lang.Object, java.lang.Object, java.lang.Object, java.lang.Object, java.lang.Object, java.lang.Object, java.lang.Object, java.lang.Object, java.lang.Object, java.lang.Object)'> (0x00000000c3dd9238) 
thrown [s\src\hotspot\share\interpreter\linkResolver.cpp, line 759]
Event: 7.941 Thread 0x00000206166d74f0 Exception <a 'java/lang/NoSuchMethodError'{0x00000000c3dde460}: 'java.lang.Object java.lang.invoke.DirectMethodHandle$Holder.invokeSpecial(java.lang.Object, java.lang.Object, java.lang.Object, java.lang.Object, java.lang.Object, java.lang.Object, java.lang.Object, java.lang.Object, java.lang.Object, java.lang.Object, java.lang.Object, java.lang.Object)'> (0x00000000c3dde460) 
thrown [s\src\hotspot\share\interpreter\linkResolver.cpp, line 759]
Event: 8.089 Thread 0x00000206166d74f0 Exception <a 'java/lang/NoSuchMethodError'{0x00000000c3ada2a0}: 'void java.lang.invoke.DelegatingMethodHandle$Holder.reinvoke_L(java.lang.Object, java.lang.Object, java.lang.Object, java.lang.Object, int, java.lang.Object, java.lang.Object, java.lang.Object)'> (0x00000000c3ada2a0) 
thrown [s\src\hotspot\share\interpreter\linkResolver.cpp, line 759]

VM Operations (20 events):
Event: 7.431 Executing VM operation: HandshakeAllThreads done
Event: 7.530 Executing VM operation: HandshakeAllThreads
Event: 7.530 Executing VM operation: HandshakeAllThreads done
Event: 7.530 Executing VM operation: HandshakeAllThreads
Event: 7.530 Executing VM operation: HandshakeAllThreads done
Event: 7.531 Executing VM operation: HandshakeAllThreads
Event: 7.531 Executing VM operation: HandshakeAllThreads done
Event: 7.589 Executing VM operation: HandshakeAllThreads
Event: 7.589 Executing VM operation: HandshakeAllThreads done
Event: 7.628 Executing VM operation: G1CollectForAllocation
Event: 7.642 Executing VM operation: G1CollectForAllocation done
Event: 7.672 Executing VM operation: G1CollectForAllocation
Event: 7.681 Executing VM operation: G1CollectForAllocation done
Event: 7.695 Executing VM operation: HandshakeAllThreads
Event: 7.695 Executing VM operation: HandshakeAllThreads done
Event: 7.779 Executing VM operation: HandshakeAllThreads
Event: 7.779 Executing VM operation: HandshakeAllThreads done
Event: 8.231 Executing VM operation: HandshakeAllThreads
Event: 8.231 Executing VM operation: HandshakeAllThreads done
Event: 8.607 Executing VM operation: G1CollectForAllocation

Events (20 events):
Event: 0.394 Loaded shared library C:\Users\ERIN_JAVALead\.jdks\corretto-18.0.2\bin\net.dll
Event: 0.398 Loaded shared library C:\Users\ERIN_JAVALead\.jdks\corretto-18.0.2\bin\nio.dll
Event: 0.404 Loaded shared library C:\Users\ERIN_JAVALead\.jdks\corretto-18.0.2\bin\zip.dll
Event: 0.502 Thread 0x0000020636173e80 Thread added: 0x0000020636173e80
Event: 0.615 Loaded shared library C:\Program Files\JetBrains\IntelliJ IDEA Community Edition 2021.3.3\bin\breakgen64.dll
Event: 0.616 Thread 0x00000206361abe40 Thread added: 0x00000206361abe40
Event: 0.616 Thread 0x00000206361ac300 Thread added: 0x00000206361ac300
Event: 0.716 Loaded shared library C:\Users\ERIN_JAVALead\.jdks\corretto-18.0.2\bin\jimage.dll
Event: 1.455 Thread 0x0000020636173e80 Thread exited: 0x0000020636173e80
Event: 2.604 Thread 0x0000020636709580 Thread added: 0x0000020636709580
Event: 2.888 Loaded shared library C:\Users\ERIN_JAVALead\.jdks\corretto-18.0.2\bin\verify.dll
Event: 3.513 Thread 0x0000020636709580 Thread exited: 0x0000020636709580
Event: 4.049 Thread 0x00000206371966d0 Thread added: 0x00000206371966d0
Event: 4.106 Thread 0x00000206371966d0 Thread exited: 0x00000206371966d0
Event: 7.386 Loaded shared library C:\Users\ERIN_JAVALead\.jdks\corretto-18.0.2\bin\sunmscapi.dll
Event: 7.417 Loaded shared library C:\Users\ERIN_JAVALead\.jdks\corretto-18.0.2\bin\management.dll
Event: 7.421 Loaded shared library C:\Users\ERIN_JAVALead\.jdks\corretto-18.0.2\bin\management_ext.dll
Event: 7.602 Thread 0x00000206371826f0 Thread added: 0x00000206371826f0
Event: 7.605 Thread 0x00000206371813b0 Thread added: 0x00000206371813b0
Event: 7.615 Thread 0x0000020637182220 Thread added: 0x0000020637182220


Dynamic libraries:
0x00007ff76e240000 - 0x00007ff76e24d000 	C:\Users\ERIN_JAVALead\.jdks\corretto-18.0.2\bin\java.exe
0x00007fffe0450000 - 0x00007fffe0647000 	C:\WINDOWS\SYSTEM32\ntdll.dll
0x00007fffe0260000 - 0x00007fffe031d000 	C:\WINDOWS\System32\KERNEL32.DLL
0x00007fffddef0000 - 0x00007fffde1e6000 	C:\WINDOWS\System32\KERNELBASE.dll
0x00007fffde380000 - 0x00007fffde480000 	C:\WINDOWS\System32\ucrtbase.dll
0x00007fffd9630000 - 0x00007fffd9645000 	C:\Users\ERIN_JAVALead\.jdks\corretto-18.0.2\bin\VCRUNTIME140.dll
0x00007fffd8900000 - 0x00007fffd8917000 	C:\Users\ERIN_JAVALead\.jdks\corretto-18.0.2\bin\jli.dll
0x00007fffdf5e0000 - 0x00007fffdf77e000 	C:\WINDOWS\System32\USER32.dll
0x00007fffca410000 - 0x00007fffca6aa000 	C:\WINDOWS\WinSxS\amd64_microsoft.windows.common-controls_6595b64144ccf1df_6.0.19041.3570_none_60bb2a3971f3e41a\COMCTL32.dll
0x00007fffde1f0000 - 0x00007fffde212000 	C:\WINDOWS\System32\win32u.dll
0x00007fffdfe80000 - 0x00007fffdff1e000 	C:\WINDOWS\System32\msvcrt.dll
0x00007fffdf780000 - 0x00007fffdf7ac000 	C:\WINDOWS\System32\GDI32.dll
0x00007fffdddd0000 - 0x00007fffddeea000 	C:\WINDOWS\System32\gdi32full.dll
0x00007fffddb00000 - 0x00007fffddb9d000 	C:\WINDOWS\System32\msvcp_win.dll
0x00007fffdf990000 - 0x00007fffdf9c0000 	C:\WINDOWS\System32\IMM32.DLL
0x00007fffc2870000 - 0x00007fffc290b000 	C:\Users\ERIN_JAVALead\.jdks\corretto-18.0.2\bin\msvcp140.dll
0x00007fffa2660000 - 0x00007fffa32d1000 	C:\Users\ERIN_JAVALead\.jdks\corretto-18.0.2\bin\server\jvm.dll
0x00007fffe0330000 - 0x00007fffe03de000 	C:\WINDOWS\System32\ADVAPI32.dll
0x00007fffdf810000 - 0x00007fffdf8ac000 	C:\WINDOWS\System32\sechost.dll
0x00007fffdece0000 - 0x00007fffdee06000 	C:\WINDOWS\System32\RPCRT4.dll
0x00007fffe0320000 - 0x00007fffe0328000 	C:\WINDOWS\System32\PSAPI.DLL
0x00007fffdb320000 - 0x00007fffdb329000 	C:\WINDOWS\SYSTEM32\WSOCK32.dll
0x00007fffdffd0000 - 0x00007fffe003b000 	C:\WINDOWS\System32\WS2_32.dll
0x00007fffb6270000 - 0x00007fffb6297000 	C:\WINDOWS\SYSTEM32\WINMM.dll
0x00007fffd83b0000 - 0x00007fffd83ba000 	C:\WINDOWS\SYSTEM32\VERSION.dll
0x00007fffdb9a0000 - 0x00007fffdb9b2000 	C:\WINDOWS\SYSTEM32\kernel.appcore.dll
0x00007fffd6d50000 - 0x00007fffd6d5a000 	C:\Users\ERIN_JAVALead\.jdks\corretto-18.0.2\bin\jimage.dll
0x00007fffca740000 - 0x00007fffca924000 	C:\WINDOWS\SYSTEM32\DBGHELP.DLL
0x00007fffca6b0000 - 0x00007fffca6e4000 	C:\WINDOWS\SYSTEM32\dbgcore.DLL
0x00007fffddba0000 - 0x00007fffddc22000 	C:\WINDOWS\System32\bcryptPrimitives.dll
0x00007fffcabf0000 - 0x00007fffcabfe000 	C:\Users\ERIN_JAVALead\.jdks\corretto-18.0.2\bin\instrument.dll
0x00007fffc9bd0000 - 0x00007fffc9bf5000 	C:\Users\ERIN_JAVALead\.jdks\corretto-18.0.2\bin\java.dll
0x00007fffb6370000 - 0x00007fffb6446000 	C:\Users\ERIN_JAVALead\.jdks\corretto-18.0.2\bin\jsvml.dll
0x00007fffde510000 - 0x00007fffdec54000 	C:\WINDOWS\System32\SHELL32.dll
0x00007fffdbba0000 - 0x00007fffdc33b000 	C:\WINDOWS\SYSTEM32\windows.storage.dll
0x00007fffdf280000 - 0x00007fffdf5d4000 	C:\WINDOWS\System32\combase.dll
0x00007fffdd470000 - 0x00007fffdd49d000 	C:\WINDOWS\SYSTEM32\Wldp.dll
0x00007fffdff20000 - 0x00007fffdffcd000 	C:\WINDOWS\System32\SHCORE.dll
0x00007fffdfb20000 - 0x00007fffdfb75000 	C:\WINDOWS\System32\shlwapi.dll
0x00007fffdda30000 - 0x00007fffdda55000 	C:\WINDOWS\SYSTEM32\profapi.dll
0x00007fffc6580000 - 0x00007fffc6598000 	C:\Users\ERIN_JAVALead\.jdks\corretto-18.0.2\bin\zip.dll
0x00007fffc9df0000 - 0x00007fffc9e03000 	C:\Users\ERIN_JAVALead\.jdks\corretto-18.0.2\bin\net.dll
0x00007fffd7670000 - 0x00007fffd777a000 	C:\WINDOWS\SYSTEM32\WINHTTP.dll
0x00007fffdd1d0000 - 0x00007fffdd23a000 	C:\WINDOWS\system32\mswsock.dll
0x00007fffc9cf0000 - 0x00007fffc9d05000 	C:\Users\ERIN_JAVALead\.jdks\corretto-18.0.2\bin\nio.dll
0x00007fffc6550000 - 0x00007fffc656a000 	C:\Program Files\JetBrains\IntelliJ IDEA Community Edition 2021.3.3\bin\breakgen64.dll
0x00007fffc6570000 - 0x00007fffc6580000 	C:\Users\ERIN_JAVALead\.jdks\corretto-18.0.2\bin\verify.dll
0x00007fffdd3d0000 - 0x00007fffdd3e8000 	C:\WINDOWS\SYSTEM32\CRYPTSP.dll
0x00007fffdcae0000 - 0x00007fffdcb14000 	C:\WINDOWS\system32\rsaenh.dll
0x00007fffddda0000 - 0x00007fffdddc7000 	C:\WINDOWS\System32\bcrypt.dll
0x00007fffdd9b0000 - 0x00007fffdd9de000 	C:\WINDOWS\SYSTEM32\USERENV.dll
0x00007fffdd3c0000 - 0x00007fffdd3cc000 	C:\WINDOWS\SYSTEM32\CRYPTBASE.dll
0x00007fffdcec0000 - 0x00007fffdcefb000 	C:\WINDOWS\SYSTEM32\IPHLPAPI.DLL
0x00007fffe0250000 - 0x00007fffe0258000 	C:\WINDOWS\System32\NSI.dll
0x00007fffd7a10000 - 0x00007fffd7a27000 	C:\WINDOWS\SYSTEM32\dhcpcsvc6.DLL
0x00007fffd7bd0000 - 0x00007fffd7bed000 	C:\WINDOWS\SYSTEM32\dhcpcsvc.DLL
0x00007fffdcf00000 - 0x00007fffdcfca000 	C:\WINDOWS\SYSTEM32\DNSAPI.dll
0x00007fffc2bb0000 - 0x00007fffc2bbe000 	C:\Users\ERIN_JAVALead\.jdks\corretto-18.0.2\bin\sunmscapi.dll
0x00007fffde220000 - 0x00007fffde37d000 	C:\WINDOWS\System32\CRYPT32.dll
0x00007fffdd4e0000 - 0x00007fffdd507000 	C:\WINDOWS\SYSTEM32\ncrypt.dll
0x00007fffdd4a0000 - 0x00007fffdd4db000 	C:\WINDOWS\SYSTEM32\NTASN1.dll
0x00007fffc4a40000 - 0x00007fffc4a49000 	C:\Users\ERIN_JAVALead\.jdks\corretto-18.0.2\bin\management.dll
0x00007fffc37f0000 - 0x00007fffc37fb000 	C:\Users\ERIN_JAVALead\.jdks\corretto-18.0.2\bin\management_ext.dll

dbghelp: loaded successfully - version: 4.0.5 - missing functions: none
symbol engine: initialized successfully - sym options: 0x614 - pdb path: .;C:\Users\ERIN_JAVALead\.jdks\corretto-18.0.2\bin;C:\WINDOWS\SYSTEM32;C:\WINDOWS\WinSxS\amd64_microsoft.windows.common-controls_6595b64144ccf1df_6.0.19041.3570_none_60bb2a3971f3e41a;C:\Users\ERIN_JAVALead\.jdks\corretto-18.0.2\bin\server;C:\Program Files\JetBrains\IntelliJ IDEA Community Edition 2021.3.3\bin

VM Arguments:
jvm_args: -javaagent:C:\Program Files\JetBrains\IntelliJ IDEA Community Edition 2021.3.3\lib\idea_rt.jar=51866:C:\Program Files\JetBrains\IntelliJ IDEA Community Edition 2021.3.3\bin -Dfile.encoding=UTF-8 
java_command: com.devskiller.tasks.blog.BlogApplication
java_class_path (initial): C:\Users\ERIN_JAVALead\Downloads\devskiller-code-U32X-W3E7-T2E6-S3F\target\classes;C:\Users\ERIN_JAVALead\.m2\repository\org\springframework\boot\spring-boot-starter-data-jpa\3.0.0\spring-boot-starter-data-jpa-3.0.0.jar;C:\Users\ERIN_JAVALead\.m2\repository\org\springframework\boot\spring-boot-starter-aop\3.0.0\spring-boot-starter-aop-3.0.0.jar;C:\Users\ERIN_JAVALead\.m2\repository\org\springframework\spring-aop\6.0.2\spring-aop-6.0.2.jar;C:\Users\ERIN_JAVALead\.m2\repository\org\aspectj\aspectjweaver\1.9.9.1\aspectjweaver-1.9.9.1.jar;C:\Users\ERIN_JAVALead\.m2\repository\org\springframework\boot\spring-boot-starter-jdbc\3.0.0\spring-boot-starter-jdbc-3.0.0.jar;C:\Users\ERIN_JAVALead\.m2\repository\com\zaxxer\HikariCP\5.0.1\HikariCP-5.0.1.jar;C:\Users\ERIN_JAVALead\.m2\repository\org\springframework\spring-jdbc\6.0.2\spring-jdbc-6.0.2.jar;C:\Users\ERIN_JAVALead\.m2\repository\org\hibernate\orm\hibernate-core\6.1.5.Final\hibernate-core-6.1.5.Final.jar;C:\Users\ERIN_JAVALead\.m2\repository\jakarta\persistence\jakarta.persistence-api\3.1.0\jakarta.persistence-api-3.1.0.jar;C:\Users\ERIN_JAVALead\.m2\repository\jakarta\transaction\jakarta.transaction-api\2.0.1\jakarta.transaction-api-2.0.1.jar;C:\Users\ERIN_JAVALead\.m2\repository\org\jboss\logging\jboss-logging\3.5.0.Final\jboss-logging-3.5.0.Final.jar;C:\Users\ERIN_JAVALead\.m2\repository\org\hibernate\common\hibernate-commons-annotations\6.0.2.Final\hibernate-commons-annotations-6.0.2.Final.jar;C:\Users\ERIN_JAVALead\.m2\repository\org\jboss\jandex\2.4.2.Final\jandex-2.4.2.Final.jar;C:\Users\ERIN_JAVALead\.m2\repository\com\fasterxml\classmate\1.5.1\classmate-1.5.1.jar;C:\Users\ERIN_JAVALead\.m2\repository\net\bytebuddy\byte-buddy\1.12.19\byte-buddy-1.12.19.jar;C:\Users\ERIN_JAVALead\.m2\repository\org\glassfish\jaxb\jaxb-runtime\4.0.1\jaxb-runtime-4.0.1.jar;C:\Users\ERIN_JAVALead\.m2\repository\org\glassfish\jaxb\jaxb-core\4.0.1\jaxb-core-4.0.1.jar;C:\Users\ERIN_JAVALead\.m2\repository\org\eclipse\angus\angus-activation\1.0.0\angus-activation-1.0.0.jar;C:\Users\ERIN_JAVALead\.m2\repository\org\glassfish\jaxb\txw2\4.0.1\txw2-4.0.1.jar;C:\Users\ERIN_JAVALead\.m2\repository\com\sun\istack\istack-commons-runtime\4.1.1\istack-commons-runtime-4.1.1.jar;C:\Users\ERIN_JAVALead\.m2\repository\jakarta\inject\jakarta.inject-api\2.0.0\jakarta.inject-api-2.0.0.jar;C:\Users\ERIN_JAVALead\.m2\repository\org\antlr\antlr4-runtime\4.10.1\antlr4-runtime-4.10.1.jar;C:\Users\ERIN_JAVALead\.m2\repository\org\springframework\data\spring-data-jpa\3.0.0\spring-data-jpa-3.0.0.jar;C:\Users\ERIN_JAVALead\.m2\repository\org\springframework\data\spring-data-commons\3.0.0\spring-data-commons-3.0.0.jar;C:\Users\ERIN_JAVALead\.m2\repository\org\springframework\spring-orm\6.0.2\spring-orm-6.0.2.jar;C:\Users\ERIN_JAVALead\.m2\repository\org\springframework\spring-context\6.0.2\spring-context-6.0.2.jar;C:\Users\ERIN_JAVALead\.m2\repository\org\springframework\spring-tx\6.0.2\spring-tx-6.0.2.jar;C:\Users\ERIN_JAVALead\.m2\repository\org\springframework\spring-beans\6.0.2\spring-beans-6.0.2.jar;C:\Users\ERIN_JAVALead\.m2\repository\jakarta\annotation\jakarta.annotation-api\2.1.1\jakarta.annotation-api-2.1.1.jar;C:\Users\ERIN_JAVALead\.m2\repository\org\slf4j\slf4j-api\2.0.4\slf4j-api-2.0.4.jar;C:\Users\ERIN_JAVALead\.m2\repository\org\springframework\spring-aspects\6.0.2\spring-aspects-6.0.2.jar;C:\Users\ERIN_JAVALead\.m2\repository\org\springframework\boot\spring-boot-starter-web\2.4.2\spring-boot-starter-web-2.4.2.jar;C:\Users\ERIN_JAVALead\.m2\repository\org\springframework\boot\spring-boot-starter\3.0.0\spring-boot-starter-3.0.0.jar;C:\Users\ERIN_JAVALead\.m2\repository\org\springframework\boot\spring-boot\3.0.0\spring-boot-3.0.0.jar;C:\Users\ERIN_JAVALead\.m2\repository\org\springframework\boot\spring-boot-autoconfigure\3.0.0\spring-boot-autoconfigure-3.0.0.jar;C:\Users\ERIN_JAVALead\.m2\repository\org\springframework\boot\spring-boot-starter-logging\3.0.0\spring-boot-starter-logging-3.0.0.jar;C:\Users\ERIN_JAVALead\.m2\repository\ch\qos\logback\logback-classic\1.4.5\logback-classic-1.4.5.jar;C:\Users\ERIN_JAVALead\.m2\repository\ch\qos\logback\logback-core\1.4.5\logback-core-1.4.5.jar;C:\Users\ERIN_JAVALead\.m2\repository\org\apache\logging\log4j\log4j-to-slf4j\2.19.0\log4j-to-slf4j-2.19.0.jar;C:\Users\ERIN_JAVALead\.m2\repository\org\slf4j\jul-to-slf4j\2.0.4\jul-to-slf4j-2.0.4.jar;C:\Users\ERIN_JAVALead\.m2\repository\org\yaml\snakeyaml\1.33\snakeyaml-1.33.jar;C:\Users\ERIN_JAVALead\.m2\repository\org\springframework\boot\spring-boot-starter-json\3.0.0\spring-boot-starter-json-3.0.0.jar;C:\Users\ERIN_JAVALead\.m2\repository\com\fasterxml\jackson\core\jackson-databind\2.14.1\jackson-databind-2.14.1.jar;C:\Users\ERIN_JAVALead\.m2\repository\com\fasterxml\jackson\core\jackson-annotations\2.14.1\jackson-annotations-2.14.1.jar;C:\Users\ERIN_JAVALead\.m2\repository\com\fasterxml\jackson\core\jackson-core\2.14.1\jackson-core-2.14.1.jar;C:\Users\ERIN_JAVALead\.m2\repository\com\fasterxml\jackson\datatype\jackson-datatype-jdk8\2.14.1\jackson-datatype-jdk8-2.14.1.jar;C:\Users\ERIN_JAVALead\.m2\repository\com\fasterxml\jackson\datatype\jackson-datatype-jsr310\2.14.1\jackson-datatype-jsr310-2.14.1.jar;C:\Users\ERIN_JAVALead\.m2\repository\com\fasterxml\jackson\module\jackson-module-parameter-names\2.14.1\jackson-module-parameter-names-2.14.1.jar;C:\Users\ERIN_JAVALead\.m2\repository\org\springframework\boot\spring-boot-starter-tomcat\3.0.0\spring-boot-starter-tomcat-3.0.0.jar;C:\Users\ERIN_JAVALead\.m2\repository\org\apache\tomcat\embed\tomcat-embed-core\10.1.1\tomcat-embed-core-10.1.1.jar;C:\Users\ERIN_JAVALead\.m2\repository\org\apache\tomcat\embed\tomcat-embed-el\10.1.1\tomcat-embed-el-10.1.1.jar;C:\Users\ERIN_JAVALead\.m2\repository\org\apache\tomcat\embed\tomcat-embed-websocket\10.1.1\tomcat-embed-websocket-10.1.1.jar;C:\Users\ERIN_JAVALead\.m2\repository\org\springframework\spring-web\6.0.2\spring-web-6.0.2.jar;C:\Users\ERIN_JAVALead\.m2\repository\io\micrometer\micrometer-observation\1.10.2\micrometer-observation-1.10.2.jar;C:\Users\ERIN_JAVALead\.m2\repository\io\micrometer\micrometer-commons\1.10.2\micrometer-commons-1.10.2.jar;C:\Users\ERIN_JAVALead\.m2\repository\org\springframework\spring-webmvc\6.0.2\spring-webmvc-6.0.2.jar;C:\Users\ERIN_JAVALead\.m2\repository\org\springframework\spring-expression\6.0.2\spring-expression-6.0.2.jar;C:\Users\ERIN_JAVALead\.m2\repository\com\microsoft\sqlserver\mssql-jdbc\12.4.1.jre11\mssql-jdbc-12.4.1.jre11.jar;C:\Users\ERIN_JAVALead\.m2\repository\com\h2database\h2\2.1.214\h2-2.1.214.jar;C:\Users\ERIN_JAVALead\.m2\repository\jakarta\xml\bind\jakarta.xml.bind-api\4.0.0\jakarta.xml.bind-api-4.0.0.jar;C:\Users\ERIN_JAVALead\.m2\repository\jakarta\activation\jakarta.activation-api\2.1.0\jakarta.activation-api-2.1.0.jar;C:\Users\ERIN_JAVALead\.m2\repository\org\springframework\spring-core\6.0.2\spring-core-6.0.2.jar;C:\Users\ERIN_JAVALead\.m2\repository\org\springframework\spring-jcl\6.0.2\spring-jcl-6.0.2.jar;C:\Users\ERIN_JAVALead\.m2\repository\org\apache\logging\log4j\log4j-api\2.6.1\log4j-api-2.6.1.jar;C:\Users\ERIN_JAVALead\.m2\repository\org\apache\logging\log4j\log4j-core\2.6.1\log4j-core-2.6.1.jar
Launcher Type: SUN_STANDARD

[Global flags]
     intx CICompilerCount                          = 3                                         {product} {ergonomic}
     uint ConcGCThreads                            = 1                                         {product} {ergonomic}
     uint G1ConcRefinementThreads                  = 4                                         {product} {ergonomic}
   size_t G1HeapRegionSize                         = 1048576                                   {product} {ergonomic}
    uintx GCDrainStackTargetSize                   = 64                                        {product} {ergonomic}
   size_t InitialHeapSize                          = 67108864                                  {product} {ergonomic}
   size_t MarkStackSize                            = 4194304                                   {product} {ergonomic}
   size_t MaxHeapSize                              = 1052770304                                {product} {ergonomic}
   size_t MaxNewSize                               = 631242752                                 {product} {ergonomic}
   size_t MinHeapDeltaBytes                        = 1048576                                   {product} {ergonomic}
   size_t MinHeapSize                              = 8388608                                   {product} {ergonomic}
    uintx NonNMethodCodeHeapSize                   = 5832780                                {pd product} {ergonomic}
    uintx NonProfiledCodeHeapSize                  = 122912730                              {pd product} {ergonomic}
    uintx ProfiledCodeHeapSize                     = 122912730                              {pd product} {ergonomic}
    uintx ReservedCodeCacheSize                    = 251658240                              {pd product} {ergonomic}
     bool SegmentedCodeCache                       = true                                      {product} {ergonomic}
   size_t SoftMaxHeapSize                          = 1052770304                             {manageable} {ergonomic}
     bool UseCompressedClassPointers               = true                           {product lp64_product} {ergonomic}
     bool UseCompressedOops                        = true                           {product lp64_product} {ergonomic}
     bool UseG1GC                                  = true                                      {product} {ergonomic}
     bool UseLargePagesIndividualAllocation        = false                                  {pd product} {ergonomic}

Logging:
Log output configuration:
 #0: stdout all=warning uptime,level,tags foldmultilines=false
 #1: stderr all=off uptime,level,tags foldmultilines=false

Environment Variables:
PATH=C:\WINDOWS\system32;C:\WINDOWS;C:\WINDOWS\System32\Wbem;C:\WINDOWS\System32\WindowsPowerShell\v1.0\;C:\WINDOWS\System32\OpenSSH\;C:\Program Files (x86)\nodejs\;C:\Program Files (x86)\nodejs\npm;C:\Users\ERIN_JAVALead\AppData\Roaming\npm;C:\Program Files\Git\cmd;C:\Program Files (x86)\dotnet\;C:\Program Files (x86)\Microsoft SQL Server\160\DTS\Binn\;C:\Program Files\Azure Data Studio\bin;C:\Program Files (x86)\Microsoft SQL Server\160\Tools\Binn\;C:\Program Files\Microsoft SQL Server\160\Tools\Binn\;C:\Program Files\Microsoft SQL Server\Client SDK\ODBC\170\Tools\Binn\;C:\Program Files\Microsoft SQL Server\160\DTS\Binn\;C:\Users\ERIN_JAVALead\AppData\Local\Microsoft\WindowsApps;;C:\Users\ERIN_JAVALead\AppData\Local\Programs\Microsoft VS Code\bin;C:\Users\ERIN_JAVALead\AppData\Roaming\npm;C:\Program Files\Azure Data Studio\bin
USERNAME=ERIN_JAVALead
OS=Windows_NT
PROCESSOR_IDENTIFIER=Intel64 Family 6 Model 78 Stepping 3, GenuineIntel



---------------  S Y S T E M  ---------------

OS:
 Windows 10 , 64 bit Build 19041 (10.0.19041.3570)
OS uptime: 0 days 2:09 hours

CPU: total 4 (initial active 4) (2 cores per cpu, 2 threads per core) family 6 model 78 stepping 3 microcode 0xcc, cx8, cmov, fxsr, ht, mmx, 3dnowpref, sse, sse2, sse3, ssse3, sse4.1, sse4.2, popcnt, lzcnt, tsc, tscinvbit, avx, avx2, aes, erms, clmul, bmi1, bmi2, adx, fma, vzeroupper, clflush, clflushopt

Memory: 4k page, system-wide physical 4012M (328M free)
TotalPageFile size 6060M (AvailPageFile size 13M)
current process WorkingSet (physical memory assigned to process): 165M, peak: 168M
current process commit charge ("private bytes"): 196M, peak: 212M

vm_info: OpenJDK 64-Bit Server VM (18.0.2+9-FR) for windows-amd64 JRE (18.0.2+9-FR), built on Jul 15 2022 20:03:03 by "Administrator" with MS VC++ 15.9 (VS2017)

END.
