#
# There is insufficient memory for the Java Runtime Environment to continue.
# Native memory allocation (malloc) failed to allocate 1001456 bytes for Chunk::new
# Possible reasons:
#   The system is out of physical RAM or swap space
#   The process is running with CompressedOops enabled, and the Java Heap may be blocking the growth of the native heap
# Possible solutions:
#   Reduce memory load on the system
#   Increase physical memory or swap space
#   Check if swap backing store is full
#   Decrease Java heap size (-Xmx/-Xms)
#   Decrease number of Java threads
#   Decrease Java thread stack sizes (-Xss)
#   Set larger code cache with -XX:ReservedCodeCacheSize=
#   JVM is running with Unscaled Compressed Oops mode in which the Java heap is
#     placed in the first 4GB address space. The Java Heap base address is the
#     maximum limit for the native heap growth. Please use -XX:HeapBaseMinAddress
#     to set the Java Heap base and to place the Java Heap above 4GB virtual address.
# This output file may be truncated or incomplete.
#
#  Out of Memory Error (arena.cpp:184), pid=12624, tid=10768
#
# JRE version: OpenJDK Runtime Environment Corretto-18.0.2.9.1 (18.0.2+9) (build 18.0.2+9-FR)
# Java VM: OpenJDK 64-Bit Server VM Corretto-18.0.2.9.1 (18.0.2+9-FR, mixed mode, sharing, tiered, compressed oops, compressed class ptrs, g1 gc, windows-amd64)
# No core dump will be written. Minidumps are not enabled by default on client versions of Windows
#

---------------  S U M M A R Y ------------

Command Line: -javaagent:C:\Program Files\JetBrains\IntelliJ IDEA Community Edition 2021.3.3\lib\idea_rt.jar=51915:C:\Program Files\JetBrains\IntelliJ IDEA Community Edition 2021.3.3\bin -Dfile.encoding=UTF-8 com.devskiller.tasks.blog.BlogApplication

Host: Intel(R) Core(TM) i3-6006U CPU @ 2.00GHz, 4 cores, 3G,  Windows 10 , 64 bit Build 19041 (10.0.19041.3570)
Time: Mon Oct 30 19:26:11 2023 Central European Standard Time elapsed time: 41.365274 seconds (0d 0h 0m 41s)

---------------  T H R E A D  ---------------

Current thread (0x0000020eff28c300):  JavaThread "C2 CompilerThread0" daemon [_thread_in_native, id=10768, stack(0x0000007a66800000,0x0000007a66900000)]


Current CompileTask:
C2:  41365 5891   !   4       org.springframework.util.ReflectionUtils::getDeclaredMethods (183 bytes)

Stack: [0x0000007a66800000,0x0000007a66900000]
Native frames: (J=compiled Java code, j=interpreted, Vv=VM code, C=native code)
V  [jvm.dll+0x685a2a]
V  [jvm.dll+0x82ae8d]
V  [jvm.dll+0x82c75e]
V  [jvm.dll+0x82ce03]
V  [jvm.dll+0x25ef4b]
V  [jvm.dll+0xd42d2]
V  [jvm.dll+0xd4665]
V  [jvm.dll+0x385751]
V  [jvm.dll+0x34d82a]
V  [jvm.dll+0x34cc1a]
V  [jvm.dll+0x233a65]
V  [jvm.dll+0x232f37]
V  [jvm.dll+0x1c0a35]
V  [jvm.dll+0x24212c]
V  [jvm.dll+0x240534]
V  [jvm.dll+0x7df6db]
V  [jvm.dll+0x7d9cba]
V  [jvm.dll+0x6848a5]
C  [ucrtbase.dll+0x21bb2]
C  [KERNEL32.DLL+0x17344]
C  [ntdll.dll+0x526b1]


---------------  P R O C E S S  ---------------

Threads class SMR info:
_java_thread_list=0x0000020e935d46c0, length=30, elements={
0x0000020eff273810, 0x0000020eff274d50, 0x0000020eff289950, 0x0000020eff28a2f0,
0x0000020eff28ac90, 0x0000020eff28b630, 0x0000020eff28c300, 0x0000020eff2f1030,
0x0000020eff2fc630, 0x0000020eff37e1a0, 0x0000020e93063010, 0x0000020e930634d0,
0x0000020e9421ccd0, 0x0000020e9421d1a0, 0x0000020e9421c800, 0x0000020e9421d670,
0x0000020e9421c330, 0x0000020e94c81a20, 0x0000020e94c7b510, 0x0000020e94c7a1d0,
0x0000020e94c7b9e0, 0x0000020e94c7f3a0, 0x0000020e94c7beb0, 0x0000020e94c7c380,
0x0000020e94c7a6a0, 0x0000020e94c7ab70, 0x0000020e94c7b040, 0x0000020e94c80210,
0x0000020e94c7e530, 0x0000020e94c7d1f0
}

Java Threads: ( => current thread )
  0x0000020eff273810 JavaThread "Reference Handler" daemon [_thread_blocked, id=7060, stack(0x0000007a66200000,0x0000007a66300000)]
  0x0000020eff274d50 JavaThread "Finalizer" daemon [_thread_blocked, id=4588, stack(0x0000007a66300000,0x0000007a66400000)]
  0x0000020eff289950 JavaThread "Signal Dispatcher" daemon [_thread_blocked, id=5636, stack(0x0000007a66400000,0x0000007a66500000)]
  0x0000020eff28a2f0 JavaThread "Attach Listener" daemon [_thread_blocked, id=13048, stack(0x0000007a66500000,0x0000007a66600000)]
  0x0000020eff28ac90 JavaThread "Service Thread" daemon [_thread_blocked, id=13136, stack(0x0000007a66600000,0x0000007a66700000)]
  0x0000020eff28b630 JavaThread "Monitor Deflation Thread" daemon [_thread_blocked, id=13164, stack(0x0000007a66700000,0x0000007a66800000)]
=>0x0000020eff28c300 JavaThread "C2 CompilerThread0" daemon [_thread_in_native, id=10768, stack(0x0000007a66800000,0x0000007a66900000)]
  0x0000020eff2f1030 JavaThread "C1 CompilerThread0" daemon [_thread_blocked, id=3604, stack(0x0000007a66900000,0x0000007a66a00000)]
  0x0000020eff2fc630 JavaThread "Sweeper thread" daemon [_thread_blocked, id=4556, stack(0x0000007a66a00000,0x0000007a66b00000)]
  0x0000020eff37e1a0 JavaThread "Common-Cleaner" daemon [_thread_blocked, id=6968, stack(0x0000007a66b00000,0x0000007a66c00000)]
  0x0000020e93063010 JavaThread "Monitor Ctrl-Break" daemon [_thread_in_native, id=8680, stack(0x0000007a66d00000,0x0000007a66e00000)]
  0x0000020e930634d0 JavaThread "Notification Thread" daemon [_thread_blocked, id=4392, stack(0x0000007a66e00000,0x0000007a66f00000)]
  0x0000020e9421ccd0 JavaThread "Catalina-utility-1" [_thread_blocked, id=12904, stack(0x0000007a67300000,0x0000007a67400000)]
  0x0000020e9421d1a0 JavaThread "Catalina-utility-2" [_thread_blocked, id=6952, stack(0x0000007a67400000,0x0000007a67500000)]
  0x0000020e9421c800 JavaThread "container-0" [_thread_blocked, id=8136, stack(0x0000007a67500000,0x0000007a67600000)]
  0x0000020e9421d670 JavaThread "mssql-jdbc-shared-timer-core-0" daemon [_thread_blocked, id=12376, stack(0x0000007a67800000,0x0000007a67900000)]
  0x0000020e9421c330 JavaThread "HikariPool-1 housekeeper" daemon [_thread_blocked, id=7348, stack(0x0000007a67900000,0x0000007a67a00000)]
  0x0000020e94c81a20 JavaThread "http-nio-8081-exec-1" daemon [_thread_blocked, id=3884, stack(0x0000007a67a00000,0x0000007a67b00000)]
  0x0000020e94c7b510 JavaThread "http-nio-8081-exec-2" daemon [_thread_blocked, id=11188, stack(0x0000007a67b00000,0x0000007a67c00000)]
  0x0000020e94c7a1d0 JavaThread "http-nio-8081-exec-3" daemon [_thread_blocked, id=3336, stack(0x0000007a67c00000,0x0000007a67d00000)]
  0x0000020e94c7b9e0 JavaThread "http-nio-8081-exec-4" daemon [_thread_blocked, id=2408, stack(0x0000007a67d00000,0x0000007a67e00000)]
  0x0000020e94c7f3a0 JavaThread "http-nio-8081-exec-5" daemon [_thread_blocked, id=11868, stack(0x0000007a67e00000,0x0000007a67f00000)]
  0x0000020e94c7beb0 JavaThread "http-nio-8081-exec-6" daemon [_thread_blocked, id=12536, stack(0x0000007a67f00000,0x0000007a68000000)]
  0x0000020e94c7c380 JavaThread "http-nio-8081-exec-7" daemon [_thread_blocked, id=3688, stack(0x0000007a68000000,0x0000007a68100000)]
  0x0000020e94c7a6a0 JavaThread "http-nio-8081-exec-8" daemon [_thread_blocked, id=5380, stack(0x0000007a68100000,0x0000007a68200000)]
  0x0000020e94c7ab70 JavaThread "http-nio-8081-exec-9" daemon [_thread_blocked, id=7752, stack(0x0000007a68200000,0x0000007a68300000)]
  0x0000020e94c7b040 JavaThread "http-nio-8081-exec-10" daemon [_thread_blocked, id=3740, stack(0x0000007a68300000,0x0000007a68400000)]
  0x0000020e94c80210 JavaThread "http-nio-8081-Poller" daemon [_thread_in_native, id=10012, stack(0x0000007a68400000,0x0000007a68500000)]
  0x0000020e94c7e530 JavaThread "http-nio-8081-Acceptor" daemon [_thread_in_native, id=1344, stack(0x0000007a68500000,0x0000007a68600000)]
  0x0000020e94c7d1f0 JavaThread "DestroyJavaVM" [_thread_blocked, id=2332, stack(0x0000007a65b00000,0x0000007a65c00000)]

Other Threads:
  0x0000020eff26e050 VMThread "VM Thread" [stack: 0x0000007a66100000,0x0000007a66200000] [id=996]
  0x0000020ef0de61d0 WatcherThread "VM Periodic Task Thread" [stack: 0x0000007a66f00000,0x0000007a67000000] [id=9076]
  0x0000020ef0e25ae0 WorkerThread "GC Thread#0" [stack: 0x0000007a65c00000,0x0000007a65d00000] [id=5792]
  0x0000020e931ff160 WorkerThread "GC Thread#1" [stack: 0x0000007a66c00000,0x0000007a66d00000] [id=10880]
  0x0000020e93641cd0 WorkerThread "GC Thread#2" [stack: 0x0000007a67000000,0x0000007a67100000] [id=8528]
  0x0000020e9363efd0 WorkerThread "GC Thread#3" [stack: 0x0000007a67100000,0x0000007a67200000] [id=8164]
  0x0000020ef0e2fba0 ConcurrentGCThread "G1 Main Marker" [stack: 0x0000007a65d00000,0x0000007a65e00000] [id=4148]
  0x0000020ef0e30590 WorkerThread "G1 Conc#0" [stack: 0x0000007a65e00000,0x0000007a65f00000] [id=5504]
  0x0000020ef0e59640 ConcurrentGCThread "G1 Refine#0" [stack: 0x0000007a65f00000,0x0000007a66000000] [id=2476]
  0x0000020e93f12090 ConcurrentGCThread "G1 Refine#1" [stack: 0x0000007a67600000,0x0000007a67700000] [id=11064]
  0x0000020ef0e59f50 ConcurrentGCThread "G1 Service" [stack: 0x0000007a66000000,0x0000007a66100000] [id=8860]

Threads with active compile tasks:
C2 CompilerThread0    41546 5891   !   4       org.springframework.util.ReflectionUtils::getDeclaredMethods (183 bytes)

VM state: not at safepoint (normal execution)

VM Mutex/Monitor currently owned by a thread: None

Heap address: 0x00000000c1400000, size: 1004 MB, Compressed Oops mode: 32-bit

CDS archive(s) mapped at: [0x0000000800000000-0x0000000800ba0000-0x0000000800ba0000), size 12189696, SharedBaseAddress: 0x0000000800000000, ArchiveRelocationMode: 0.
Compressed class space mapped at: 0x0000000800c00000-0x0000000840c00000, reserved size: 1073741824
Narrow klass base: 0x0000000800000000, Narrow klass shift: 0, Narrow klass range: 0x100000000

GC Precious Log:
 CardTable entry size: 512
 Card Set container configuration: InlinePtr #cards 5 size 8 Array Of Cards #cards 12 size 40 Howl #buckets 4 coarsen threshold 1843 Howl Bitmap #cards 512 size 80 coarsen threshold 460 Card regions per heap region 1 cards per card region 2048
 CPUs: 4 total, 4 available
 Memory: 4012M
 Large Page Support: Disabled
 NUMA Support: Disabled
 Compressed Oops: Enabled (32-bit)
 Heap Region Size: 1M
 Heap Min Capacity: 8M
 Heap Initial Capacity: 64M
 Heap Max Capacity: 1004M
 Pre-touch: Disabled
 Parallel Workers: 4
 Concurrent Workers: 1
 Concurrent Refinement Workers: 4
 Periodic GC: Disabled

Heap:
 garbage-first heap   total 53248K, used 31736K [0x00000000c1400000, 0x0000000100000000)
  region size 1024K, 5 young (5120K), 1 survivors (1024K)
 Metaspace       used 65187K, committed 65792K, reserved 1114112K
  class space    used 8650K, committed 8896K, reserved 1048576K

Heap Regions: E=young(eden), S=young(survivor), O=old, HS=humongous(starts), HC=humongous(continues), CS=collection set, F=free, OA=open archive, CA=closed archive, TAMS=top-at-mark-start (previous, next)
|   0|0x00000000c1400000, 0x00000000c1500000, 0x00000000c1500000|100%|HS|  |TAMS 0x00000000c1500000, 0x00000000c1400000| Complete 
|   1|0x00000000c1500000, 0x00000000c1600000, 0x00000000c1600000|100%| O|  |TAMS 0x00000000c1600000, 0x00000000c1500000| Untracked 
|   2|0x00000000c1600000, 0x00000000c1700000, 0x00000000c1700000|100%| O|  |TAMS 0x00000000c1700000, 0x00000000c1600000| Untracked 
|   3|0x00000000c1700000, 0x00000000c1800000, 0x00000000c1800000|100%| O|  |TAMS 0x00000000c1800000, 0x00000000c1700000| Untracked 
|   4|0x00000000c1800000, 0x00000000c1900000, 0x00000000c1900000|100%| O|  |TAMS 0x00000000c1900000, 0x00000000c1800000| Untracked 
|   5|0x00000000c1900000, 0x00000000c1a00000, 0x00000000c1a00000|100%| O|  |TAMS 0x00000000c1a00000, 0x00000000c1900000| Untracked 
|   6|0x00000000c1a00000, 0x00000000c1b00000, 0x00000000c1b00000|100%| O|  |TAMS 0x00000000c1b00000, 0x00000000c1a00000| Untracked 
|   7|0x00000000c1b00000, 0x00000000c1c00000, 0x00000000c1c00000|100%| O|  |TAMS 0x00000000c1c00000, 0x00000000c1b00000| Untracked 
|   8|0x00000000c1c00000, 0x00000000c1ca9c00, 0x00000000c1d00000| 66%| O|  |TAMS 0x00000000c1ca9c00, 0x00000000c1c00000| Complete 
|   9|0x00000000c1d00000, 0x00000000c1e00000, 0x00000000c1e00000|100%| O|  |TAMS 0x00000000c1e00000, 0x00000000c1d00000| Untracked 
|  10|0x00000000c1e00000, 0x00000000c1f00000, 0x00000000c1f00000|100%| O|  |TAMS 0x00000000c1f00000, 0x00000000c1e00000| Untracked 
|  11|0x00000000c1f00000, 0x00000000c2000000, 0x00000000c2000000|100%| O|  |TAMS 0x00000000c2000000, 0x00000000c1f00000| Untracked 
|  12|0x00000000c2000000, 0x00000000c2100000, 0x00000000c2100000|100%| O|  |TAMS 0x00000000c2100000, 0x00000000c2000000| Untracked 
|  13|0x00000000c2100000, 0x00000000c2200000, 0x00000000c2200000|100%| O|  |TAMS 0x00000000c2200000, 0x00000000c2100000| Untracked 
|  14|0x00000000c2200000, 0x00000000c2300000, 0x00000000c2300000|100%| O|  |TAMS 0x00000000c2300000, 0x00000000c2200000| Untracked 
|  15|0x00000000c2300000, 0x00000000c2400000, 0x00000000c2400000|100%| O|  |TAMS 0x00000000c2400000, 0x00000000c2300000| Untracked 
|  16|0x00000000c2400000, 0x00000000c2500000, 0x00000000c2500000|100%| O|  |TAMS 0x00000000c2500000, 0x00000000c2400000| Untracked 
|  17|0x00000000c2500000, 0x00000000c2600000, 0x00000000c2600000|100%| O|  |TAMS 0x00000000c2600000, 0x00000000c2500000| Untracked 
|  18|0x00000000c2600000, 0x00000000c2700000, 0x00000000c2700000|100%| O|  |TAMS 0x00000000c2700000, 0x00000000c2600000| Untracked 
|  19|0x00000000c2700000, 0x00000000c2800000, 0x00000000c2800000|100%| O|  |TAMS 0x00000000c2800000, 0x00000000c2700000| Untracked 
|  20|0x00000000c2800000, 0x00000000c2900000, 0x00000000c2900000|100%| O|  |TAMS 0x00000000c2900000, 0x00000000c2800000| Untracked 
|  21|0x00000000c2900000, 0x00000000c2a00000, 0x00000000c2a00000|100%| O|  |TAMS 0x00000000c2a00000, 0x00000000c2900000| Untracked 
|  22|0x00000000c2a00000, 0x00000000c2b00000, 0x00000000c2b00000|100%| O|  |TAMS 0x00000000c2b00000, 0x00000000c2a00000| Untracked 
|  23|0x00000000c2b00000, 0x00000000c2c00000, 0x00000000c2c00000|100%| O|  |TAMS 0x00000000c2c00000, 0x00000000c2b00000| Untracked 
|  24|0x00000000c2c00000, 0x00000000c2d00000, 0x00000000c2d00000|100%| O|  |TAMS 0x00000000c2d00000, 0x00000000c2c00000| Untracked 
|  25|0x00000000c2d00000, 0x00000000c2e00000, 0x00000000c2e00000|100%| O|  |TAMS 0x00000000c2e00000, 0x00000000c2d00000| Untracked 
|  26|0x00000000c2e00000, 0x00000000c2f00000, 0x00000000c2f00000|100%| O|  |TAMS 0x00000000c2e05800, 0x00000000c2e00000| Untracked 
|  27|0x00000000c2f00000, 0x00000000c2f6ae08, 0x00000000c3000000| 41%| O|  |TAMS 0x00000000c2f00000, 0x00000000c2f00000| Untracked 
|  28|0x00000000c3000000, 0x00000000c3000000, 0x00000000c3100000|  0%| F|  |TAMS 0x00000000c3000000, 0x00000000c3000000| Untracked 
|  29|0x00000000c3100000, 0x00000000c3100000, 0x00000000c3200000|  0%| F|  |TAMS 0x00000000c3100000, 0x00000000c3100000| Untracked 
|  30|0x00000000c3200000, 0x00000000c3200000, 0x00000000c3300000|  0%| F|  |TAMS 0x00000000c3200000, 0x00000000c3200000| Untracked 
|  31|0x00000000c3300000, 0x00000000c3300000, 0x00000000c3400000|  0%| F|  |TAMS 0x00000000c3300000, 0x00000000c3300000| Untracked 
|  32|0x00000000c3400000, 0x00000000c3400000, 0x00000000c3500000|  0%| F|  |TAMS 0x00000000c3400000, 0x00000000c3400000| Untracked 
|  33|0x00000000c3500000, 0x00000000c3500000, 0x00000000c3600000|  0%| F|  |TAMS 0x00000000c3500000, 0x00000000c3500000| Untracked 
|  34|0x00000000c3600000, 0x00000000c3600000, 0x00000000c3700000|  0%| F|  |TAMS 0x00000000c3600000, 0x00000000c3600000| Untracked 
|  35|0x00000000c3700000, 0x00000000c3700000, 0x00000000c3800000|  0%| F|  |TAMS 0x00000000c3700000, 0x00000000c3700000| Untracked 
|  36|0x00000000c3800000, 0x00000000c3800000, 0x00000000c3900000|  0%| F|  |TAMS 0x00000000c3800000, 0x00000000c3800000| Untracked 
|  37|0x00000000c3900000, 0x00000000c39e9820, 0x00000000c3a00000| 91%| S|CS|TAMS 0x00000000c3900000, 0x00000000c3900000| Complete 
|  38|0x00000000c3a00000, 0x00000000c3a00000, 0x00000000c3b00000|  0%| F|  |TAMS 0x00000000c3a00000, 0x00000000c3a00000| Untracked 
|  39|0x00000000c3b00000, 0x00000000c3b00000, 0x00000000c3c00000|  0%| F|  |TAMS 0x00000000c3b00000, 0x00000000c3b00000| Untracked 
|  40|0x00000000c3c00000, 0x00000000c3c00000, 0x00000000c3d00000|  0%| F|  |TAMS 0x00000000c3c00000, 0x00000000c3c00000| Untracked 
|  41|0x00000000c3d00000, 0x00000000c3d00000, 0x00000000c3e00000|  0%| F|  |TAMS 0x00000000c3d00000, 0x00000000c3d00000| Untracked 
|  42|0x00000000c3e00000, 0x00000000c3e00000, 0x00000000c3f00000|  0%| F|  |TAMS 0x00000000c3e00000, 0x00000000c3e00000| Untracked 
|  43|0x00000000c3f00000, 0x00000000c3f00000, 0x00000000c4000000|  0%| F|  |TAMS 0x00000000c3f00000, 0x00000000c3f00000| Untracked 
|  44|0x00000000c4000000, 0x00000000c4000000, 0x00000000c4100000|  0%| F|  |TAMS 0x00000000c4000000, 0x00000000c4000000| Untracked 
|  45|0x00000000c4100000, 0x00000000c4100000, 0x00000000c4200000|  0%| F|  |TAMS 0x00000000c4100000, 0x00000000c4100000| Untracked 
|  46|0x00000000c4200000, 0x00000000c4200000, 0x00000000c4300000|  0%| F|  |TAMS 0x00000000c4200000, 0x00000000c4200000| Untracked 
|  47|0x00000000c4300000, 0x00000000c4400000, 0x00000000c4400000|100%| E|CS|TAMS 0x00000000c4300000, 0x00000000c4300000| Complete 
|  48|0x00000000c4400000, 0x00000000c4400000, 0x00000000c4500000|  0%| F|  |TAMS 0x00000000c4400000, 0x00000000c4400000| Untracked 
|  49|0x00000000c4500000, 0x00000000c45295d8, 0x00000000c4600000| 16%| E|  |TAMS 0x00000000c4500000, 0x00000000c4500000| Complete 
|  50|0x00000000c4600000, 0x00000000c4700000, 0x00000000c4700000|100%| E|CS|TAMS 0x00000000c4600000, 0x00000000c4600000| Complete 
|  63|0x00000000c5300000, 0x00000000c5400000, 0x00000000c5400000|100%| E|CS|TAMS 0x00000000c5300000, 0x00000000c5300000| Complete 

Card table byte_map: [0x0000020efa9b0000,0x0000020efabb0000] _byte_map_base: 0x0000020efa3a6000

Marking Bits (Prev, Next): (CMBitMap*) 0x0000020ef0e27530, (CMBitMap*) 0x0000020ef0e274f0
 Prev Bits: [0x0000020efbd60000, 0x0000020efcd10000)
 Next Bits: [0x0000020efadb0000, 0x0000020efbd60000)

Polling page: 0x0000020efa160000

Metaspace:

Usage:
  Non-class:     55.21 MB used.
      Class:      8.45 MB used.
       Both:     63.66 MB used.

Virtual space:
  Non-class space:       64.00 MB reserved,      55.56 MB ( 87%) committed,  1 nodes.
      Class space:        1.00 GB reserved,       8.69 MB ( <1%) committed,  1 nodes.
             Both:        1.06 GB reserved,      64.25 MB (  6%) committed. 

Chunk freelists:
   Non-Class:  352.00 KB
       Class:  3.27 MB
        Both:  3.61 MB

MaxMetaspaceSize: unlimited
CompressedClassSpaceSize: 1.00 GB
Initial GC threshold: 21.00 MB
Current GC threshold: 106.25 MB
CDS: on
MetaspaceReclaimPolicy: balanced
 - commit_granule_bytes: 65536.
 - commit_granule_words: 8192.
 - virtual_space_node_default_size: 8388608.
 - enlarge_chunks_in_place: 1.
 - new_chunks_are_fully_committed: 0.
 - uncommit_free_chunks: 1.
 - use_allocation_guard: 0.


Internal statistics:

num_allocs_failed_limit: 6.
num_arena_births: 850.
num_arena_deaths: 0.
num_vsnodes_births: 2.
num_vsnodes_deaths: 0.
num_space_committed: 1028.
num_space_uncommitted: 0.
num_chunks_returned_to_freelist: 6.
num_chunks_taken_from_freelist: 3055.
num_chunk_merges: 3.
num_chunk_splits: 2238.
num_chunks_enlarged: 1815.
num_inconsistent_stats: 0.

CodeHeap 'non-profiled nmethods': size=120000Kb used=3451Kb max_used=3451Kb free=116549Kb
 bounds [0x0000020e87ad0000, 0x0000020e87e30000, 0x0000020e8f000000]
CodeHeap 'profiled nmethods': size=120000Kb used=9923Kb max_used=9923Kb free=110076Kb
 bounds [0x0000020e805a0000, 0x0000020e80f60000, 0x0000020e87ad0000]
CodeHeap 'non-nmethods': size=5760Kb used=1373Kb max_used=1439Kb free=4386Kb
 bounds [0x0000020e80000000, 0x0000020e80270000, 0x0000020e805a0000]
 total_blobs=5774 nmethods=5072 adapters=614
 compilation: enabled
              stopped_count=0, restarted_count=0
 full_count=0

Compilation events (20 events):
Event: 41.323 Thread 0x0000020eff2f1030 nmethod 5904 0x0000020e87e2e310 code [0x0000020e87e2e4a0, 0x0000020e87e2e5b8]
Event: 41.323 Thread 0x0000020eff2f1030 5905       1       com.fasterxml.jackson.databind.util.internal.PrivateMaxEntriesMap$Node::setNext (6 bytes)
Event: 41.323 Thread 0x0000020eff2f1030 nmethod 5905 0x0000020e87e2e610 code [0x0000020e87e2e7a0, 0x0000020e87e2e8b8]
Event: 41.326 Thread 0x0000020eff2f1030 5906       1       com.fasterxml.jackson.databind.util.internal.PrivateMaxEntriesMap$Node::getPrevious (5 bytes)
Event: 41.326 Thread 0x0000020eff2f1030 nmethod 5906 0x0000020e87e2e910 code [0x0000020e87e2eaa0, 0x0000020e87e2eb78]
Event: 41.326 Thread 0x0000020eff2f1030 5907       3       java.util.concurrent.atomic.AtomicLongArray::lazySet (13 bytes)
Event: 41.328 Thread 0x0000020eff2f1030 nmethod 5907 0x0000020e80f46690 code [0x0000020e80f46880, 0x0000020e80f46e28]
Event: 41.328 Thread 0x0000020eff2f1030 5908       3       java.lang.invoke.VarHandleLongs$Array::setRelease (46 bytes)
Event: 41.329 Thread 0x0000020eff2f1030 nmethod 5908 0x0000020e80f47090 code [0x0000020e80f47260, 0x0000020e80f47648]
Event: 41.335 Thread 0x0000020eff2f1030 5910       3       com.fasterxml.jackson.databind.util.internal.PrivateMaxEntriesMap::drainReadBuffer (104 bytes)
Event: 41.340 Thread 0x0000020eff2f1030 nmethod 5910 0x0000020e80f47810 code [0x0000020e80f47c60, 0x0000020e80f4a188]
Event: 41.342 Thread 0x0000020eff2f1030 5911       3       sun.reflect.generics.repository.ClassRepository::parse (8 bytes)
Event: 41.342 Thread 0x0000020eff2f1030 nmethod 5911 0x0000020e80f4ae90 code [0x0000020e80f4b060, 0x0000020e80f4b428]
Event: 41.342 Thread 0x0000020eff2f1030 5912       3       sun.reflect.generics.parser.SignatureParser::parseClassSig (10 bytes)
Event: 41.342 Thread 0x0000020eff2f1030 nmethod 5912 0x0000020e80f4b590 code [0x0000020e80f4b740, 0x0000020e80f4b948]
Event: 41.343 Thread 0x0000020eff2f1030 5913       3       java.util.concurrent.ConcurrentLinkedQueue::poll (84 bytes)
Event: 41.350 Thread 0x0000020eff2f1030 nmethod 5913 0x0000020e80f4ba10 code [0x0000020e80f4c0c0, 0x0000020e80f4fbc8]
Event: 41.350 Thread 0x0000020eff2f1030 5914       3       java.util.concurrent.ConcurrentLinkedQueue::updateHead (26 bytes)
Event: 41.353 Thread 0x0000020eff2f1030 nmethod 5914 0x0000020e80f50c10 code [0x0000020e80f50fa0, 0x0000020e80f52638]
Event: 41.356 Thread 0x0000020eff2f1030 5915       3       sun.invoke.util.ValueConversions::boxBoolean (5 bytes)

GC Heap History (20 events):
Event: 17.286 GC heap before
{Heap before GC invocations=10 (full 0):
 garbage-first heap   total 48128K, used 34360K [0x00000000c1400000, 0x0000000100000000)
  region size 1024K, 20 young (20480K), 3 survivors (3072K)
 Metaspace       used 41558K, committed 42048K, reserved 1114112K
  class space    used 5193K, committed 5440K, reserved 1048576K
}
Event: 17.293 GC heap after
{Heap after GC invocations=11 (full 0):
 garbage-first heap   total 48128K, used 19337K [0x00000000c1400000, 0x0000000100000000)
  region size 1024K, 2 young (2048K), 2 survivors (2048K)
 Metaspace       used 41558K, committed 42048K, reserved 1114112K
  class space    used 5193K, committed 5440K, reserved 1048576K
}
Event: 19.495 GC heap before
{Heap before GC invocations=11 (full 0):
 garbage-first heap   total 48128K, used 34697K [0x00000000c1400000, 0x0000000100000000)
  region size 1024K, 18 young (18432K), 2 survivors (2048K)
 Metaspace       used 44872K, committed 45440K, reserved 1114112K
  class space    used 5625K, committed 5888K, reserved 1048576K
}
Event: 19.503 GC heap after
{Heap after GC invocations=12 (full 0):
 garbage-first heap   total 48128K, used 20490K [0x00000000c1400000, 0x0000000100000000)
  region size 1024K, 3 young (3072K), 3 survivors (3072K)
 Metaspace       used 44872K, committed 45440K, reserved 1114112K
  class space    used 5625K, committed 5888K, reserved 1048576K
}
Event: 21.200 GC heap before
{Heap before GC invocations=12 (full 0):
 garbage-first heap   total 48128K, used 35850K [0x00000000c1400000, 0x0000000100000000)
  region size 1024K, 19 young (19456K), 3 survivors (3072K)
 Metaspace       used 49935K, committed 50432K, reserved 1114112K
  class space    used 6495K, committed 6720K, reserved 1048576K
}
Event: 21.206 GC heap after
{Heap after GC invocations=13 (full 0):
 garbage-first heap   total 48128K, used 21404K [0x00000000c1400000, 0x0000000100000000)
  region size 1024K, 3 young (3072K), 3 survivors (3072K)
 Metaspace       used 49935K, committed 50432K, reserved 1114112K
  class space    used 6495K, committed 6720K, reserved 1048576K
}
Event: 22.428 GC heap before
{Heap before GC invocations=13 (full 0):
 garbage-first heap   total 48128K, used 36764K [0x00000000c1400000, 0x0000000100000000)
  region size 1024K, 18 young (18432K), 3 survivors (3072K)
 Metaspace       used 53152K, committed 53696K, reserved 1114112K
  class space    used 6923K, committed 7168K, reserved 1048576K
}
Event: 22.434 GC heap after
{Heap after GC invocations=14 (full 0):
 garbage-first heap   total 48128K, used 22532K [0x00000000c1400000, 0x0000000100000000)
  region size 1024K, 2 young (2048K), 2 survivors (2048K)
 Metaspace       used 53152K, committed 53696K, reserved 1114112K
  class space    used 6923K, committed 7168K, reserved 1048576K
}
Event: 23.479 GC heap before
{Heap before GC invocations=14 (full 0):
 garbage-first heap   total 48128K, used 37892K [0x00000000c1400000, 0x0000000100000000)
  region size 1024K, 17 young (17408K), 2 survivors (2048K)
 Metaspace       used 55055K, committed 55552K, reserved 1114112K
  class space    used 7173K, committed 7424K, reserved 1048576K
}
Event: 23.486 GC heap after
{Heap after GC invocations=15 (full 0):
 garbage-first heap   total 48128K, used 23427K [0x00000000c1400000, 0x0000000100000000)
  region size 1024K, 3 young (3072K), 3 survivors (3072K)
 Metaspace       used 55055K, committed 55552K, reserved 1114112K
  class space    used 7173K, committed 7424K, reserved 1048576K
}
Event: 24.370 GC heap before
{Heap before GC invocations=15 (full 0):
 garbage-first heap   total 48128K, used 35715K [0x00000000c1400000, 0x0000000100000000)
  region size 1024K, 16 young (16384K), 3 survivors (3072K)
 Metaspace       used 57643K, committed 58176K, reserved 1114112K
  class space    used 7622K, committed 7872K, reserved 1048576K
}
Event: 24.377 GC heap after
{Heap after GC invocations=16 (full 0):
 garbage-first heap   total 48128K, used 24725K [0x00000000c1400000, 0x0000000100000000)
  region size 1024K, 2 young (2048K), 2 survivors (2048K)
 Metaspace       used 57643K, committed 58176K, reserved 1114112K
  class space    used 7622K, committed 7872K, reserved 1048576K
}
Event: 25.559 GC heap before
{Heap before GC invocations=17 (full 0):
 garbage-first heap   total 48128K, used 37013K [0x00000000c1400000, 0x0000000100000000)
  region size 1024K, 15 young (15360K), 2 survivors (2048K)
 Metaspace       used 58618K, committed 59200K, reserved 1114112K
  class space    used 7781K, committed 8064K, reserved 1048576K
}
Event: 25.565 GC heap after
{Heap after GC invocations=18 (full 0):
 garbage-first heap   total 48128K, used 25484K [0x00000000c1400000, 0x0000000100000000)
  region size 1024K, 1 young (1024K), 1 survivors (1024K)
 Metaspace       used 58618K, committed 59200K, reserved 1114112K
  class space    used 7781K, committed 8064K, reserved 1048576K
}
Event: 26.633 GC heap before
{Heap before GC invocations=18 (full 0):
 garbage-first heap   total 48128K, used 37772K [0x00000000c1400000, 0x0000000100000000)
  region size 1024K, 13 young (13312K), 1 survivors (1024K)
 Metaspace       used 59460K, committed 60032K, reserved 1114112K
  class space    used 7896K, committed 8192K, reserved 1048576K
}
Event: 26.637 GC heap after
{Heap after GC invocations=19 (full 0):
 garbage-first heap   total 48128K, used 26373K [0x00000000c1400000, 0x0000000100000000)
  region size 1024K, 2 young (2048K), 2 survivors (2048K)
 Metaspace       used 59460K, committed 60032K, reserved 1114112K
  class space    used 7896K, committed 8192K, reserved 1048576K
}
Event: 28.507 GC heap before
{Heap before GC invocations=20 (full 0):
 garbage-first heap   total 50176K, used 38661K [0x00000000c1400000, 0x0000000100000000)
  region size 1024K, 14 young (14336K), 2 survivors (2048K)
 Metaspace       used 61027K, committed 61632K, reserved 1114112K
  class space    used 8110K, committed 8384K, reserved 1048576K
}
Event: 28.515 GC heap after
{Heap after GC invocations=21 (full 0):
 garbage-first heap   total 50176K, used 27803K [0x00000000c1400000, 0x0000000100000000)
  region size 1024K, 2 young (2048K), 2 survivors (2048K)
 Metaspace       used 61027K, committed 61632K, reserved 1114112K
  class space    used 8110K, committed 8384K, reserved 1048576K
}
Event: 40.897 GC heap before
{Heap before GC invocations=21 (full 0):
 garbage-first heap   total 50176K, used 38043K [0x00000000c1400000, 0x0000000100000000)
  region size 1024K, 13 young (13312K), 2 survivors (2048K)
 Metaspace       used 64296K, committed 64832K, reserved 1114112K
  class space    used 8534K, committed 8768K, reserved 1048576K
}
Event: 40.904 GC heap after
{Heap after GC invocations=22 (full 0):
 garbage-first heap   total 50176K, used 28664K [0x00000000c1400000, 0x0000000100000000)
  region size 1024K, 1 young (1024K), 1 survivors (1024K)
 Metaspace       used 64296K, committed 64832K, reserved 1114112K
  class space    used 8534K, committed 8768K, reserved 1048576K
}

Deoptimization events (20 events):
Event: 40.339 Thread 0x0000020e94c7b510 Uncommon trap: trap_request=0xffffffc6 fr.pc=0x0000020e87bfec80 relative=0x0000000000000a40
Event: 40.339 Thread 0x0000020e94c7b510 Uncommon trap: reason=bimorphic_or_optimized_type_check action=maybe_recompile pc=0x0000020e87bfec80 method=java.util.stream.FindOps$FindOp.evaluateSequential(Ljava/util/stream/PipelineHelper;Ljava/util/Spliterator;)Ljava/lang/Object; @ 5 c2
Event: 40.339 Thread 0x0000020e94c7b510 DEOPT PACKING pc=0x0000020e87bfec80 sp=0x0000007a67bfcc70
Event: 40.339 Thread 0x0000020e94c7b510 DEOPT UNPACKING pc=0x0000020e800523a3 sp=0x0000007a67bfcc38 mode 2
Event: 40.339 Thread 0x0000020e94c7b510 Uncommon trap: trap_request=0xffffffc6 fr.pc=0x0000020e87bfec80 relative=0x0000000000000a40
Event: 40.339 Thread 0x0000020e94c7b510 Uncommon trap: reason=bimorphic_or_optimized_type_check action=maybe_recompile pc=0x0000020e87bfec80 method=java.util.stream.FindOps$FindOp.evaluateSequential(Ljava/util/stream/PipelineHelper;Ljava/util/Spliterator;)Ljava/lang/Object; @ 5 c2
Event: 40.339 Thread 0x0000020e94c7b510 DEOPT PACKING pc=0x0000020e87bfec80 sp=0x0000007a67bfcc70
Event: 40.339 Thread 0x0000020e94c7b510 DEOPT UNPACKING pc=0x0000020e800523a3 sp=0x0000007a67bfcc38 mode 2
Event: 40.735 Thread 0x0000020e94c7b510 Uncommon trap: trap_request=0xffffff45 fr.pc=0x0000020e87ad9ebc relative=0x000000000000009c
Event: 40.735 Thread 0x0000020e94c7b510 Uncommon trap: reason=unstable_if action=reinterpret pc=0x0000020e87ad9ebc method=java.lang.String.isLatin1()Z @ 10 c2
Event: 40.735 Thread 0x0000020e94c7b510 DEOPT PACKING pc=0x0000020e87ad9ebc sp=0x0000007a67bfcce0
Event: 40.735 Thread 0x0000020e94c7b510 DEOPT UNPACKING pc=0x0000020e800523a3 sp=0x0000007a67bfcc18 mode 2
Event: 40.748 Thread 0x0000020e94c7b510 Uncommon trap: trap_request=0xffffff66 fr.pc=0x0000020e87df4160 relative=0x0000000000001220
Event: 40.748 Thread 0x0000020e94c7b510 Uncommon trap: reason=speculate_class_check action=maybe_recompile pc=0x0000020e87df4160 method=org.springframework.transaction.interceptor.AbstractFallbackTransactionAttributeSource.getTransactionAttribute(Ljava/lang/reflect/Method;Ljava/lang/Class;)Lorg
Event: 40.748 Thread 0x0000020e94c7b510 DEOPT PACKING pc=0x0000020e87df4160 sp=0x0000007a67bfcea0
Event: 40.748 Thread 0x0000020e94c7b510 DEOPT UNPACKING pc=0x0000020e800523a3 sp=0x0000007a67bfce88 mode 2
Event: 40.751 Thread 0x0000020e94c7b510 Uncommon trap: trap_request=0xffffffde fr.pc=0x0000020e87dd0330 relative=0x0000000000001390
Event: 40.751 Thread 0x0000020e94c7b510 Uncommon trap: reason=class_check action=maybe_recompile pc=0x0000020e87dd0330 method=org.springframework.core.annotation.AnnotatedElementUtils.getAnnotationAttributes(Lorg/springframework/core/annotation/MergedAnnotation;ZZ)Lorg/springframework/core/anno
Event: 40.751 Thread 0x0000020e94c7b510 DEOPT PACKING pc=0x0000020e87dd0330 sp=0x0000007a67bfcd50
Event: 40.751 Thread 0x0000020e94c7b510 DEOPT UNPACKING pc=0x0000020e800523a3 sp=0x0000007a67bfcbc8 mode 2

Classes loaded (20 events):
Event: 40.371 Loading class java/io/PushbackInputStream
Event: 40.371 Loading class java/io/PushbackInputStream done
Event: 40.374 Loading class java/util/OptionalLong
Event: 40.375 Loading class java/util/OptionalLong done
Event: 40.375 Loading class java/util/OptionalDouble
Event: 40.376 Loading class java/util/OptionalDouble done
Event: 40.475 Loading class org/w3c/dom/Node
Event: 40.475 Loading class org/w3c/dom/Node done
Event: 40.475 Loading class org/w3c/dom/Document
Event: 40.476 Loading class org/w3c/dom/Document done
Event: 41.055 Loading class jdk/internal/reflect/AccessorUtils
Event: 41.055 Loading class jdk/internal/reflect/AccessorUtils done
Event: 41.072 Loading class jdk/internal/loader/BootLoader$PackageHelper
Event: 41.072 Loading class jdk/internal/loader/BootLoader$PackageHelper done
Event: 41.147 Loading class java/util/AbstractMap$SimpleEntry
Event: 41.147 Loading class java/util/AbstractMap$SimpleEntry done
Event: 41.323 Loading class java/util/stream/LongStream
Event: 41.324 Loading class java/util/stream/LongStream done
Event: 41.324 Loading class java/util/stream/DoubleStream
Event: 41.324 Loading class java/util/stream/DoubleStream done

Classes unloaded (0 events):
No events

Classes redefined (0 events):
No events

Internal exceptions (20 events):
Event: 22.996 Thread 0x0000020ef0de5230 Exception <a 'java/lang/IncompatibleClassChangeError'{0x00000000c3c6e678}: Found class java.lang.Object, but interface was expected> (0x00000000c3c6e678) 
thrown [s\src\hotspot\share\interpreter\linkResolver.cpp, line 826]
Event: 24.758 Thread 0x0000020ef0de5230 Exception <a 'java/lang/NoSuchMethodError'{0x00000000c3c709c0}: 'int java.lang.invoke.DirectMethodHandle$Holder.invokeStatic(java.lang.Object)'> (0x00000000c3c709c0) 
thrown [s\src\hotspot\share\interpreter\linkResolver.cpp, line 759]
Event: 25.210 Thread 0x0000020ef0de5230 Exception <a 'java/lang/IncompatibleClassChangeError'{0x00000000c3a893d8}: Found class java.lang.Object, but interface was expected> (0x00000000c3a893d8) 
thrown [s\src\hotspot\share\interpreter\linkResolver.cpp, line 826]
Event: 25.211 Thread 0x0000020ef0de5230 Exception <a 'java/lang/IncompatibleClassChangeError'{0x00000000c3a8fdb0}: Found class java.lang.Object, but interface was expected> (0x00000000c3a8fdb0) 
thrown [s\src\hotspot\share\interpreter\linkResolver.cpp, line 826]
Event: 25.917 Thread 0x0000020ef0de5230 Exception <a 'java/lang/NoSuchMethodError'{0x00000000c3dead68}: 'java.lang.Object java.lang.invoke.DirectMethodHandle$Holder.newInvokeSpecial(java.lang.Object, java.lang.Object, java.lang.Object, java.lang.Object, java.lang.Object, java.lang.Object, java.lang.Object, java.lang.Object)'> (0x00000000c3dead68) 
thrown [s\src\hotspot\share\interpreter\linkResolver.cpp, line 759]
Event: 26.671 Thread 0x0000020ef0de5230 Exception <a 'java/lang/NoSuchMethodError'{0x00000000c5382348}: 'void java.lang.invoke.DirectMethodHandle$Holder.invokeVirtual(java.lang.Object, java.lang.Object, long)'> (0x00000000c5382348) 
thrown [s\src\hotspot\share\interpreter\linkResolver.cpp, line 759]
Event: 27.495 Thread 0x0000020ef0de5230 Exception <a 'java/lang/IncompatibleClassChangeError'{0x00000000c3fd5f28}: Found class java.lang.Object, but interface was expected> (0x00000000c3fd5f28) 
thrown [s\src\hotspot\share\interpreter\linkResolver.cpp, line 826]
Event: 27.720 Thread 0x0000020ef0de5230 Exception <a 'java/lang/NoSuchMethodError'{0x00000000c3d70038}: 'int java.lang.invoke.DirectMethodHandle$Holder.invokeStaticInit(java.lang.Object, java.lang.Object, java.lang.Object, java.lang.Object)'> (0x00000000c3d70038) 
thrown [s\src\hotspot\share\interpreter\linkResolver.cpp, line 759]
Event: 27.934 Thread 0x0000020ef0de5230 Implicit null exception at 0x0000020e87bd5c60 to 0x0000020e87bd5eac
Event: 28.440 Thread 0x0000020ef0de5230 Exception <a 'java/lang/NoSuchMethodError'{0x00000000c39da538}: 'java.lang.Object java.lang.invoke.DirectMethodHandle$Holder.newInvokeSpecial(java.lang.Object, java.lang.Object, int, java.lang.Object, java.lang.Object)'> (0x00000000c39da538) 
thrown [s\src\hotspot\share\interpreter\linkResolver.cpp, line 759]
Event: 28.443 Thread 0x0000020ef0de5230 Exception <a 'java/lang/NoSuchMethodError'{0x00000000c39e5df8}: 'java.lang.Object java.lang.invoke.DirectMethodHandle$Holder.invokeSpecial(java.lang.Object, java.lang.Object, int, java.lang.Object, int, java.lang.Object)'> (0x00000000c39e5df8) 
thrown [s\src\hotspot\share\interpreter\linkResolver.cpp, line 759]
Event: 28.445 Thread 0x0000020ef0de5230 Exception <a 'java/lang/NoSuchMethodError'{0x00000000c39edc00}: 'java.lang.Object java.lang.invoke.DirectMethodHandle$Holder.newInvokeSpecial(java.lang.Object, java.lang.Object, int, java.lang.Object, int)'> (0x00000000c39edc00) 
thrown [s\src\hotspot\share\interpreter\linkResolver.cpp, line 759]
Event: 28.446 Thread 0x0000020ef0de5230 Exception <a 'java/lang/NoSuchMethodError'{0x00000000c39f1d08}: 'java.lang.Object java.lang.invoke.DirectMethodHandle$Holder.invokeSpecial(java.lang.Object, java.lang.Object, java.lang.Object, int, java.lang.Object, int)'> (0x00000000c39f1d08) 
thrown [s\src\hotspot\share\interpreter\linkResolver.cpp, line 759]
Event: 39.750 Thread 0x0000020e94c7b510 Exception <a 'java/lang/NoSuchMethodError'{0x00000000c413a0e0}: 'java.lang.Object java.lang.invoke.DirectMethodHandle$Holder.invokeSpecial(java.lang.Object, java.lang.Object, java.lang.Object, java.lang.Object, java.lang.Object, long)'> (0x00000000c413a0e0) 
thrown [s\src\hotspot\share\interpreter\linkResolver.cpp, line 759]
Event: 39.752 Thread 0x0000020e94c7b510 Exception <a 'java/lang/NoSuchMethodError'{0x00000000c413db28}: 'java.lang.Object java.lang.invoke.Invokers$Holder.linkToTargetMethod(java.lang.Object, java.lang.Object, java.lang.Object, long, java.lang.Object)'> (0x00000000c413db28) 
thrown [s\src\hotspot\share\interpreter\linkResolver.cpp, line 759]
Event: 40.794 Thread 0x0000020e94c7b510 Exception <a 'java/lang/NoSuchMethodError'{0x00000000c3ba5ba0}: 'java.lang.Object java.lang.invoke.DirectMethodHandle$Holder.invokeInterface(java.lang.Object, java.lang.Object, java.lang.Object, java.lang.Object)'> (0x00000000c3ba5ba0) 
thrown [s\src\hotspot\share\interpreter\linkResolver.cpp, line 759]
Event: 40.798 Thread 0x0000020e94c7b510 Exception <a 'java/lang/NoSuchMethodError'{0x00000000c3bbaf30}: 'java.lang.Object java.lang.invoke.DirectMethodHandle$Holder.invokeInterface(java.lang.Object, java.lang.Object, java.lang.Object, java.lang.Object, java.lang.Object)'> (0x00000000c3bbaf30) 
thrown [s\src\hotspot\share\interpreter\linkResolver.cpp, line 759]
Event: 40.839 Thread 0x0000020e94c7b510 Exception <a 'java/lang/NoSuchMethodError'{0x00000000c3a5b230}: 'void java.lang.invoke.DirectMethodHandle$Holder.invokeStaticInit(java.lang.Object, java.lang.Object, java.lang.Object, java.lang.Object, java.lang.Object)'> (0x00000000c3a5b230) 
thrown [s\src\hotspot\share\interpreter\linkResolver.cpp, line 759]
Event: 40.883 Thread 0x0000020e94c7b510 Exception <a 'java/lang/IncompatibleClassChangeError'{0x00000000c3ab3b60}: Found class java.lang.Object, but interface was expected> (0x00000000c3ab3b60) 
thrown [s\src\hotspot\share\interpreter\linkResolver.cpp, line 826]
Event: 41.055 Thread 0x0000020e94c7b510 Exception <a 'java/lang/NullPointerException'{0x00000000c4370888}> (0x00000000c4370888) 
thrown [s\src\hotspot\share\interpreter\linkResolver.cpp, line 1350]

VM Operations (20 events):
Event: 28.408 Executing VM operation: Cleanup
Event: 28.410 Executing VM operation: Cleanup done
Event: 28.507 Executing VM operation: G1CollectForAllocation
Event: 28.515 Executing VM operation: G1CollectForAllocation done
Event: 29.521 Executing VM operation: Cleanup
Event: 29.521 Executing VM operation: Cleanup done
Event: 39.834 Executing VM operation: HandshakeAllThreads
Event: 39.834 Executing VM operation: HandshakeAllThreads done
Event: 39.834 Executing VM operation: Cleanup
Event: 39.834 Executing VM operation: Cleanup done
Event: 40.571 Executing VM operation: HandshakeAllThreads
Event: 40.571 Executing VM operation: HandshakeAllThreads done
Event: 40.897 Executing VM operation: G1CollectForAllocation
Event: 40.904 Executing VM operation: G1CollectForAllocation done
Event: 41.017 Executing VM operation: G1Concurrent
Event: 41.022 Executing VM operation: G1Concurrent done
Event: 41.085 Executing VM operation: G1Concurrent
Event: 41.086 Executing VM operation: G1Concurrent done
Event: 41.105 Executing VM operation: HandshakeAllThreads
Event: 41.105 Executing VM operation: HandshakeAllThreads done

Events (20 events):
Event: 23.880 Thread 0x0000020eff61d080 Thread exited: 0x0000020eff61d080
Event: 24.229 Thread 0x0000020eff61d080 Thread added: 0x0000020eff61d080
Event: 24.617 Thread 0x0000020e9421db40 Thread exited: 0x0000020e9421db40
Event: 26.796 Thread 0x0000020eff61d080 Thread exited: 0x0000020eff61d080
Event: 27.483 Thread 0x0000020eff61d080 Thread added: 0x0000020eff61d080
Event: 28.533 Thread 0x0000020e94c81a20 Thread added: 0x0000020e94c81a20
Event: 28.533 Thread 0x0000020e94c7b510 Thread added: 0x0000020e94c7b510
Event: 28.534 Thread 0x0000020e94c7a1d0 Thread added: 0x0000020e94c7a1d0
Event: 28.534 Thread 0x0000020e94c7b9e0 Thread added: 0x0000020e94c7b9e0
Event: 28.534 Thread 0x0000020e94c7f3a0 Thread added: 0x0000020e94c7f3a0
Event: 28.534 Thread 0x0000020e94c7beb0 Thread added: 0x0000020e94c7beb0
Event: 28.534 Thread 0x0000020e94c7c380 Thread added: 0x0000020e94c7c380
Event: 28.535 Thread 0x0000020e94c7a6a0 Thread added: 0x0000020e94c7a6a0
Event: 28.535 Thread 0x0000020e94c7ab70 Thread added: 0x0000020e94c7ab70
Event: 28.536 Thread 0x0000020e94c7b040 Thread added: 0x0000020e94c7b040
Event: 28.795 Thread 0x0000020e94c80210 Thread added: 0x0000020e94c80210
Event: 28.803 Thread 0x0000020e94c7e530 Thread added: 0x0000020e94c7e530
Event: 28.895 Thread 0x0000020ef0de5230 Thread exited: 0x0000020ef0de5230
Event: 28.895 Thread 0x0000020e94c7d1f0 Thread added: 0x0000020e94c7d1f0
Event: 33.904 Thread 0x0000020eff61d080 Thread exited: 0x0000020eff61d080


Dynamic libraries:
0x00007ff78a180000 - 0x00007ff78a18d000 	C:\Users\ERIN_JAVALead\.jdks\corretto-18.0.2\bin\java.exe
0x00007ffefab10000 - 0x00007ffefad07000 	C:\WINDOWS\SYSTEM32\ntdll.dll
0x00007ffef9c30000 - 0x00007ffef9ced000 	C:\WINDOWS\System32\KERNEL32.DLL
0x00007ffef81c0000 - 0x00007ffef84b6000 	C:\WINDOWS\System32\KERNELBASE.dll
0x00007ffef86b0000 - 0x00007ffef87b0000 	C:\WINDOWS\System32\ucrtbase.dll
0x00007ffef5940000 - 0x00007ffef5955000 	C:\Users\ERIN_JAVALead\.jdks\corretto-18.0.2\bin\VCRUNTIME140.dll
0x00007ffef5960000 - 0x00007ffef5977000 	C:\Users\ERIN_JAVALead\.jdks\corretto-18.0.2\bin\jli.dll
0x00007ffef9560000 - 0x00007ffef96fe000 	C:\WINDOWS\System32\USER32.dll
0x00007ffef8600000 - 0x00007ffef8622000 	C:\WINDOWS\System32\win32u.dll
0x00007ffef8b40000 - 0x00007ffef8b6c000 	C:\WINDOWS\System32\GDI32.dll
0x00007ffee42f0000 - 0x00007ffee458a000 	C:\WINDOWS\WinSxS\amd64_microsoft.windows.common-controls_6595b64144ccf1df_6.0.19041.3570_none_60bb2a3971f3e41a\COMCTL32.dll
0x00007ffef9ac0000 - 0x00007ffef9b5e000 	C:\WINDOWS\System32\msvcrt.dll
0x00007ffef8820000 - 0x00007ffef893a000 	C:\WINDOWS\System32\gdi32full.dll
0x00007ffef8940000 - 0x00007ffef89dd000 	C:\WINDOWS\System32\msvcp_win.dll
0x00007ffef8c30000 - 0x00007ffef8c60000 	C:\WINDOWS\System32\IMM32.DLL
0x00007ffedd4c0000 - 0x00007ffedd55b000 	C:\Users\ERIN_JAVALead\.jdks\corretto-18.0.2\bin\msvcp140.dll
0x00007ffeaa480000 - 0x00007ffeab0f1000 	C:\Users\ERIN_JAVALead\.jdks\corretto-18.0.2\bin\server\jvm.dll
0x00007ffefa210000 - 0x00007ffefa2be000 	C:\WINDOWS\System32\ADVAPI32.dll
0x00007ffefa0c0000 - 0x00007ffefa15c000 	C:\WINDOWS\System32\sechost.dll
0x00007ffef9280000 - 0x00007ffef93a6000 	C:\WINDOWS\System32\RPCRT4.dll
0x00007ffefaa10000 - 0x00007ffefaa18000 	C:\WINDOWS\System32\PSAPI.DLL
0x00007ffed0f10000 - 0x00007ffed0f37000 	C:\WINDOWS\SYSTEM32\WINMM.dll
0x00007ffef59a0000 - 0x00007ffef59a9000 	C:\WINDOWS\SYSTEM32\WSOCK32.dll
0x00007ffef2470000 - 0x00007ffef247a000 	C:\WINDOWS\SYSTEM32\VERSION.dll
0x00007ffef9fc0000 - 0x00007ffefa02b000 	C:\WINDOWS\System32\WS2_32.dll
0x00007ffef6060000 - 0x00007ffef6072000 	C:\WINDOWS\SYSTEM32\kernel.appcore.dll
0x00007ffef5990000 - 0x00007ffef599a000 	C:\Users\ERIN_JAVALead\.jdks\corretto-18.0.2\bin\jimage.dll
0x00007ffee4770000 - 0x00007ffee4954000 	C:\WINDOWS\SYSTEM32\DBGHELP.DLL
0x00007ffee4730000 - 0x00007ffee4764000 	C:\WINDOWS\SYSTEM32\dbgcore.DLL
0x00007ffef84c0000 - 0x00007ffef8542000 	C:\WINDOWS\System32\bcryptPrimitives.dll
0x00007ffef58f0000 - 0x00007ffef58fe000 	C:\Users\ERIN_JAVALead\.jdks\corretto-18.0.2\bin\instrument.dll
0x00007ffef3ce0000 - 0x00007ffef3d05000 	C:\Users\ERIN_JAVALead\.jdks\corretto-18.0.2\bin\java.dll
0x00007ffedd3e0000 - 0x00007ffedd4b6000 	C:\Users\ERIN_JAVALead\.jdks\corretto-18.0.2\bin\jsvml.dll
0x00007ffefa2c0000 - 0x00007ffefaa04000 	C:\WINDOWS\System32\SHELL32.dll
0x00007ffef6260000 - 0x00007ffef69fb000 	C:\WINDOWS\SYSTEM32\windows.storage.dll
0x00007ffef9700000 - 0x00007ffef9a54000 	C:\WINDOWS\System32\combase.dll
0x00007ffef7b30000 - 0x00007ffef7b5d000 	C:\WINDOWS\SYSTEM32\Wldp.dll
0x00007ffefa160000 - 0x00007ffefa20d000 	C:\WINDOWS\System32\SHCORE.dll
0x00007ffef8bd0000 - 0x00007ffef8c25000 	C:\WINDOWS\System32\shlwapi.dll
0x00007ffef80f0000 - 0x00007ffef8115000 	C:\WINDOWS\SYSTEM32\profapi.dll
0x00007ffef3ca0000 - 0x00007ffef3cb8000 	C:\Users\ERIN_JAVALead\.jdks\corretto-18.0.2\bin\zip.dll
0x00007ffef5920000 - 0x00007ffef5933000 	C:\Users\ERIN_JAVALead\.jdks\corretto-18.0.2\bin\net.dll
0x00007ffef1ec0000 - 0x00007ffef1fca000 	C:\WINDOWS\SYSTEM32\WINHTTP.dll
0x00007ffef7890000 - 0x00007ffef78fa000 	C:\WINDOWS\system32\mswsock.dll
0x00007ffef3cc0000 - 0x00007ffef3cd5000 	C:\Users\ERIN_JAVALead\.jdks\corretto-18.0.2\bin\nio.dll
0x00007ffee5030000 - 0x00007ffee504a000 	C:\Program Files\JetBrains\IntelliJ IDEA Community Edition 2021.3.3\bin\breakgen64.dll
0x00007ffee5050000 - 0x00007ffee5060000 	C:\Users\ERIN_JAVALead\.jdks\corretto-18.0.2\bin\verify.dll
0x00007ffef7a90000 - 0x00007ffef7aa8000 	C:\WINDOWS\SYSTEM32\CRYPTSP.dll
0x00007ffef71a0000 - 0x00007ffef71d4000 	C:\WINDOWS\system32\rsaenh.dll
0x00007ffef8680000 - 0x00007ffef86a7000 	C:\WINDOWS\System32\bcrypt.dll
0x00007ffef80b0000 - 0x00007ffef80de000 	C:\WINDOWS\SYSTEM32\USERENV.dll
0x00007ffef7a80000 - 0x00007ffef7a8c000 	C:\WINDOWS\SYSTEM32\CRYPTBASE.dll
0x00007ffef7580000 - 0x00007ffef75bb000 	C:\WINDOWS\SYSTEM32\IPHLPAPI.DLL
0x00007ffef9fb0000 - 0x00007ffef9fb8000 	C:\WINDOWS\System32\NSI.dll
0x00007ffef2150000 - 0x00007ffef2167000 	C:\WINDOWS\SYSTEM32\dhcpcsvc6.DLL
0x00007ffef2190000 - 0x00007ffef21ad000 	C:\WINDOWS\SYSTEM32\dhcpcsvc.DLL
0x00007ffef75c0000 - 0x00007ffef768a000 	C:\WINDOWS\SYSTEM32\DNSAPI.dll
0x00007ffee4c30000 - 0x00007ffee4c3e000 	C:\Users\ERIN_JAVALead\.jdks\corretto-18.0.2\bin\sunmscapi.dll
0x00007ffef89e0000 - 0x00007ffef8b3d000 	C:\WINDOWS\System32\CRYPT32.dll
0x00007ffef7ba0000 - 0x00007ffef7bc7000 	C:\WINDOWS\SYSTEM32\ncrypt.dll
0x00007ffef7b60000 - 0x00007ffef7b9b000 	C:\WINDOWS\SYSTEM32\NTASN1.dll
0x00007ffee5020000 - 0x00007ffee5029000 	C:\Users\ERIN_JAVALead\.jdks\corretto-18.0.2\bin\management.dll
0x00007ffee5010000 - 0x00007ffee501b000 	C:\Users\ERIN_JAVALead\.jdks\corretto-18.0.2\bin\management_ext.dll
0x00007ffee4ba0000 - 0x00007ffee4bb7000 	C:\WINDOWS\system32\napinsp.dll
0x00007ffee4b80000 - 0x00007ffee4b9b000 	C:\WINDOWS\system32\pnrpnsp.dll
0x00007ffee4b60000 - 0x00007ffee4b72000 	C:\WINDOWS\System32\winrnr.dll
0x00007ffef3ba0000 - 0x00007ffef3bbd000 	C:\WINDOWS\system32\NLAapi.dll
0x00007ffef2fe0000 - 0x00007ffef2ff5000 	C:\WINDOWS\system32\wshbth.dll
0x00007ffeeaaf0000 - 0x00007ffeeaafa000 	C:\Windows\System32\rasadhlp.dll
0x00007ffeeab30000 - 0x00007ffeeabb2000 	C:\WINDOWS\System32\fwpuclnt.dll

dbghelp: loaded successfully - version: 4.0.5 - missing functions: none
symbol engine: initialized successfully - sym options: 0x614 - pdb path: .;C:\Users\ERIN_JAVALead\.jdks\corretto-18.0.2\bin;C:\WINDOWS\SYSTEM32;C:\WINDOWS\WinSxS\amd64_microsoft.windows.common-controls_6595b64144ccf1df_6.0.19041.3570_none_60bb2a3971f3e41a;C:\Users\ERIN_JAVALead\.jdks\corretto-18.0.2\bin\server;C:\Program Files\JetBrains\IntelliJ IDEA Community Edition 2021.3.3\bin

VM Arguments:
jvm_args: -javaagent:C:\Program Files\JetBrains\IntelliJ IDEA Community Edition 2021.3.3\lib\idea_rt.jar=51915:C:\Program Files\JetBrains\IntelliJ IDEA Community Edition 2021.3.3\bin -Dfile.encoding=UTF-8 
java_command: com.devskiller.tasks.blog.BlogApplication
java_class_path (initial): C:\Users\ERIN_JAVALead\Downloads\devskiller-code-U32X-W3E7-T2E6-S3F\target\classes;C:\Users\ERIN_JAVALead\.m2\repository\org\springframework\boot\spring-boot-starter-data-jpa\3.0.0\spring-boot-starter-data-jpa-3.0.0.jar;C:\Users\ERIN_JAVALead\.m2\repository\org\springframework\boot\spring-boot-starter-aop\3.0.0\spring-boot-starter-aop-3.0.0.jar;C:\Users\ERIN_JAVALead\.m2\repository\org\springframework\spring-aop\6.0.2\spring-aop-6.0.2.jar;C:\Users\ERIN_JAVALead\.m2\repository\org\aspectj\aspectjweaver\1.9.9.1\aspectjweaver-1.9.9.1.jar;C:\Users\ERIN_JAVALead\.m2\repository\org\springframework\boot\spring-boot-starter-jdbc\3.0.0\spring-boot-starter-jdbc-3.0.0.jar;C:\Users\ERIN_JAVALead\.m2\repository\com\zaxxer\HikariCP\5.0.1\HikariCP-5.0.1.jar;C:\Users\ERIN_JAVALead\.m2\repository\org\springframework\spring-jdbc\6.0.2\spring-jdbc-6.0.2.jar;C:\Users\ERIN_JAVALead\.m2\repository\org\hibernate\orm\hibernate-core\6.1.5.Final\hibernate-core-6.1.5.Final.jar;C:\Users\ERIN_JAVALead\.m2\repository\jakarta\persistence\jakarta.persistence-api\3.1.0\jakarta.persistence-api-3.1.0.jar;C:\Users\ERIN_JAVALead\.m2\repository\jakarta\transaction\jakarta.transaction-api\2.0.1\jakarta.transaction-api-2.0.1.jar;C:\Users\ERIN_JAVALead\.m2\repository\org\jboss\logging\jboss-logging\3.5.0.Final\jboss-logging-3.5.0.Final.jar;C:\Users\ERIN_JAVALead\.m2\repository\org\hibernate\common\hibernate-commons-annotations\6.0.2.Final\hibernate-commons-annotations-6.0.2.Final.jar;C:\Users\ERIN_JAVALead\.m2\repository\org\jboss\jandex\2.4.2.Final\jandex-2.4.2.Final.jar;C:\Users\ERIN_JAVALead\.m2\repository\com\fasterxml\classmate\1.5.1\classmate-1.5.1.jar;C:\Users\ERIN_JAVALead\.m2\repository\net\bytebuddy\byte-buddy\1.12.19\byte-buddy-1.12.19.jar;C:\Users\ERIN_JAVALead\.m2\repository\org\glassfish\jaxb\jaxb-runtime\4.0.1\jaxb-runtime-4.0.1.jar;C:\Users\ERIN_JAVALead\.m2\repository\org\glassfish\jaxb\jaxb-core\4.0.1\jaxb-core-4.0.1.jar;C:\Users\ERIN_JAVALead\.m2\repository\org\eclipse\angus\angus-activation\1.0.0\angus-activation-1.0.0.jar;C:\Users\ERIN_JAVALead\.m2\repository\org\glassfish\jaxb\txw2\4.0.1\txw2-4.0.1.jar;C:\Users\ERIN_JAVALead\.m2\repository\com\sun\istack\istack-commons-runtime\4.1.1\istack-commons-runtime-4.1.1.jar;C:\Users\ERIN_JAVALead\.m2\repository\jakarta\inject\jakarta.inject-api\2.0.0\jakarta.inject-api-2.0.0.jar;C:\Users\ERIN_JAVALead\.m2\repository\org\antlr\antlr4-runtime\4.10.1\antlr4-runtime-4.10.1.jar;C:\Users\ERIN_JAVALead\.m2\repository\org\springframework\data\spring-data-jpa\3.0.0\spring-data-jpa-3.0.0.jar;C:\Users\ERIN_JAVALead\.m2\repository\org\springframework\data\spring-data-commons\3.0.0\spring-data-commons-3.0.0.jar;C:\Users\ERIN_JAVALead\.m2\repository\org\springframework\spring-orm\6.0.2\spring-orm-6.0.2.jar;C:\Users\ERIN_JAVALead\.m2\repository\org\springframework\spring-context\6.0.2\spring-context-6.0.2.jar;C:\Users\ERIN_JAVALead\.m2\repository\org\springframework\spring-tx\6.0.2\spring-tx-6.0.2.jar;C:\Users\ERIN_JAVALead\.m2\repository\org\springframework\spring-beans\6.0.2\spring-beans-6.0.2.jar;C:\Users\ERIN_JAVALead\.m2\repository\jakarta\annotation\jakarta.annotation-api\2.1.1\jakarta.annotation-api-2.1.1.jar;C:\Users\ERIN_JAVALead\.m2\repository\org\slf4j\slf4j-api\2.0.4\slf4j-api-2.0.4.jar;C:\Users\ERIN_JAVALead\.m2\repository\org\springframework\spring-aspects\6.0.2\spring-aspects-6.0.2.jar;C:\Users\ERIN_JAVALead\.m2\repository\org\springframework\boot\spring-boot-starter-web\2.4.2\spring-boot-starter-web-2.4.2.jar;C:\Users\ERIN_JAVALead\.m2\repository\org\springframework\boot\spring-boot-starter\3.0.0\spring-boot-starter-3.0.0.jar;C:\Users\ERIN_JAVALead\.m2\repository\org\springframework\boot\spring-boot\3.0.0\spring-boot-3.0.0.jar;C:\Users\ERIN_JAVALead\.m2\repository\org\springframework\boot\spring-boot-autoconfigure\3.0.0\spring-boot-autoconfigure-3.0.0.jar;C:\Users\ERIN_JAVALead\.m2\repository\org\springframework\boot\spring-boot-starter-logging\3.0.0\spring-boot-starter-logging-3.0.0.jar;C:\Users\ERIN_JAVALead\.m2\repository\ch\qos\logback\logback-classic\1.4.5\logback-classic-1.4.5.jar;C:\Users\ERIN_JAVALead\.m2\repository\ch\qos\logback\logback-core\1.4.5\logback-core-1.4.5.jar;C:\Users\ERIN_JAVALead\.m2\repository\org\apache\logging\log4j\log4j-to-slf4j\2.19.0\log4j-to-slf4j-2.19.0.jar;C:\Users\ERIN_JAVALead\.m2\repository\org\slf4j\jul-to-slf4j\2.0.4\jul-to-slf4j-2.0.4.jar;C:\Users\ERIN_JAVALead\.m2\repository\org\yaml\snakeyaml\1.33\snakeyaml-1.33.jar;C:\Users\ERIN_JAVALead\.m2\repository\org\springframework\boot\spring-boot-starter-json\3.0.0\spring-boot-starter-json-3.0.0.jar;C:\Users\ERIN_JAVALead\.m2\repository\com\fasterxml\jackson\core\jackson-databind\2.14.1\jackson-databind-2.14.1.jar;C:\Users\ERIN_JAVALead\.m2\repository\com\fasterxml\jackson\core\jackson-annotations\2.14.1\jackson-annotations-2.14.1.jar;C:\Users\ERIN_JAVALead\.m2\repository\com\fasterxml\jackson\core\jackson-core\2.14.1\jackson-core-2.14.1.jar;C:\Users\ERIN_JAVALead\.m2\repository\com\fasterxml\jackson\datatype\jackson-datatype-jdk8\2.14.1\jackson-datatype-jdk8-2.14.1.jar;C:\Users\ERIN_JAVALead\.m2\repository\com\fasterxml\jackson\datatype\jackson-datatype-jsr310\2.14.1\jackson-datatype-jsr310-2.14.1.jar;C:\Users\ERIN_JAVALead\.m2\repository\com\fasterxml\jackson\module\jackson-module-parameter-names\2.14.1\jackson-module-parameter-names-2.14.1.jar;C:\Users\ERIN_JAVALead\.m2\repository\org\springframework\boot\spring-boot-starter-tomcat\3.0.0\spring-boot-starter-tomcat-3.0.0.jar;C:\Users\ERIN_JAVALead\.m2\repository\org\apache\tomcat\embed\tomcat-embed-core\10.1.1\tomcat-embed-core-10.1.1.jar;C:\Users\ERIN_JAVALead\.m2\repository\org\apache\tomcat\embed\tomcat-embed-el\10.1.1\tomcat-embed-el-10.1.1.jar;C:\Users\ERIN_JAVALead\.m2\repository\org\apache\tomcat\embed\tomcat-embed-websocket\10.1.1\tomcat-embed-websocket-10.1.1.jar;C:\Users\ERIN_JAVALead\.m2\repository\org\springframework\spring-web\6.0.2\spring-web-6.0.2.jar;C:\Users\ERIN_JAVALead\.m2\repository\io\micrometer\micrometer-observation\1.10.2\micrometer-observation-1.10.2.jar;C:\Users\ERIN_JAVALead\.m2\repository\io\micrometer\micrometer-commons\1.10.2\micrometer-commons-1.10.2.jar;C:\Users\ERIN_JAVALead\.m2\repository\org\springframework\spring-webmvc\6.0.2\spring-webmvc-6.0.2.jar;C:\Users\ERIN_JAVALead\.m2\repository\org\springframework\spring-expression\6.0.2\spring-expression-6.0.2.jar;C:\Users\ERIN_JAVALead\.m2\repository\com\microsoft\sqlserver\mssql-jdbc\12.4.1.jre11\mssql-jdbc-12.4.1.jre11.jar;C:\Users\ERIN_JAVALead\.m2\repository\com\h2database\h2\2.1.214\h2-2.1.214.jar;C:\Users\ERIN_JAVALead\.m2\repository\jakarta\xml\bind\jakarta.xml.bind-api\4.0.0\jakarta.xml.bind-api-4.0.0.jar;C:\Users\ERIN_JAVALead\.m2\repository\jakarta\activation\jakarta.activation-api\2.1.0\jakarta.activation-api-2.1.0.jar;C:\Users\ERIN_JAVALead\.m2\repository\org\springframework\spring-core\6.0.2\spring-core-6.0.2.jar;C:\Users\ERIN_JAVALead\.m2\repository\org\springframework\spring-jcl\6.0.2\spring-jcl-6.0.2.jar;C:\Users\ERIN_JAVALead\.m2\repository\org\apache\logging\log4j\log4j-api\2.6.1\log4j-api-2.6.1.jar;C:\Users\ERIN_JAVALead\.m2\repository\org\apache\logging\log4j\log4j-core\2.6.1\log4j-core-2.6.1.jar
Launcher Type: SUN_STANDARD

[Global flags]
     intx CICompilerCount                          = 3                                         {product} {ergonomic}
     uint ConcGCThreads                            = 1                                         {product} {ergonomic}
     uint G1ConcRefinementThreads                  = 4                                         {product} {ergonomic}
   size_t G1HeapRegionSize                         = 1048576                                   {product} {ergonomic}
    uintx GCDrainStackTargetSize                   = 64                                        {product} {ergonomic}
   size_t InitialHeapSize                          = 67108864                                  {product} {ergonomic}
   size_t MarkStackSize                            = 4194304                                   {product} {ergonomic}
   size_t MaxHeapSize                              = 1052770304                                {product} {ergonomic}
   size_t MaxNewSize                               = 631242752                                 {product} {ergonomic}
   size_t MinHeapDeltaBytes                        = 1048576                                   {product} {ergonomic}
   size_t MinHeapSize                              = 8388608                                   {product} {ergonomic}
    uintx NonNMethodCodeHeapSize                   = 5832780                                {pd product} {ergonomic}
    uintx NonProfiledCodeHeapSize                  = 122912730                              {pd product} {ergonomic}
    uintx ProfiledCodeHeapSize                     = 122912730                              {pd product} {ergonomic}
    uintx ReservedCodeCacheSize                    = 251658240                              {pd product} {ergonomic}
     bool SegmentedCodeCache                       = true                                      {product} {ergonomic}
   size_t SoftMaxHeapSize                          = 1052770304                             {manageable} {ergonomic}
     bool UseCompressedClassPointers               = true                           {product lp64_product} {ergonomic}
     bool UseCompressedOops                        = true                           {product lp64_product} {ergonomic}
     bool UseG1GC                                  = true                                      {product} {ergonomic}
     bool UseLargePagesIndividualAllocation        = false                                  {pd product} {ergonomic}

Logging:
Log output configuration:
 #0: stdout all=warning uptime,level,tags foldmultilines=false
 #1: stderr all=off uptime,level,tags foldmultilines=false

Environment Variables:
PATH=C:\WINDOWS\system32;C:\WINDOWS;C:\WINDOWS\System32\Wbem;C:\WINDOWS\System32\WindowsPowerShell\v1.0\;C:\WINDOWS\System32\OpenSSH\;C:\Program Files (x86)\nodejs\;C:\Program Files (x86)\nodejs\npm;C:\Users\ERIN_JAVALead\AppData\Roaming\npm;C:\Program Files\Git\cmd;C:\Program Files (x86)\dotnet\;C:\Program Files (x86)\Microsoft SQL Server\160\DTS\Binn\;C:\Program Files\Azure Data Studio\bin;C:\Program Files (x86)\Microsoft SQL Server\160\Tools\Binn\;C:\Program Files\Microsoft SQL Server\160\Tools\Binn\;C:\Program Files\Microsoft SQL Server\Client SDK\ODBC\170\Tools\Binn\;C:\Program Files\Microsoft SQL Server\160\DTS\Binn\;C:\Users\ERIN_JAVALead\AppData\Local\Microsoft\WindowsApps;;C:\Users\ERIN_JAVALead\AppData\Local\Programs\Microsoft VS Code\bin;C:\Users\ERIN_JAVALead\AppData\Roaming\npm;C:\Program Files\Azure Data Studio\bin
USERNAME=ERIN_JAVALead
OS=Windows_NT
PROCESSOR_IDENTIFIER=Intel64 Family 6 Model 78 Stepping 3, GenuineIntel



---------------  S Y S T E M  ---------------

OS:
 Windows 10 , 64 bit Build 19041 (10.0.19041.3570)
OS uptime: 0 days 1:13 hours

CPU: total 4 (initial active 4) (2 cores per cpu, 2 threads per core) family 6 model 78 stepping 3 microcode 0xcc, cx8, cmov, fxsr, ht, mmx, 3dnowpref, sse, sse2, sse3, ssse3, sse4.1, sse4.2, popcnt, lzcnt, tsc, tscinvbit, avx, avx2, aes, erms, clmul, bmi1, bmi2, adx, fma, vzeroupper, clflush, clflushopt

Memory: 4k page, system-wide physical 4012M (418M free)
TotalPageFile size 6060M (AvailPageFile size 4M)
current process WorkingSet (physical memory assigned to process): 212M, peak: 230M
current process commit charge ("private bytes"): 247M, peak: 260M

vm_info: OpenJDK 64-Bit Server VM (18.0.2+9-FR) for windows-amd64 JRE (18.0.2+9-FR), built on Jul 15 2022 20:03:03 by "Administrator" with MS VC++ 15.9 (VS2017)

END.
