#
# There is insufficient memory for the Java Runtime Environment to continue.
# Native memory allocation (malloc) failed to allocate 32744 bytes for Chunk::new
# Possible reasons:
#   The system is out of physical RAM or swap space
#   The process is running with CompressedOops enabled, and the Java Heap may be blocking the growth of the native heap
# Possible solutions:
#   Reduce memory load on the system
#   Increase physical memory or swap space
#   Check if swap backing store is full
#   Decrease Java heap size (-Xmx/-Xms)
#   Decrease number of Java threads
#   Decrease Java thread stack sizes (-Xss)
#   Set larger code cache with -XX:ReservedCodeCacheSize=
#   JVM is running with Unscaled Compressed Oops mode in which the Java heap is
#     placed in the first 4GB address space. The Java Heap base address is the
#     maximum limit for the native heap growth. Please use -XX:HeapBaseMinAddress
#     to set the Java Heap base and to place the Java Heap above 4GB virtual address.
# This output file may be truncated or incomplete.
#
#  Out of Memory Error (arena.cpp:184), pid=4160, tid=3736
#
# JRE version: OpenJDK Runtime Environment Corretto-18.0.2.9.1 (18.0.2+9) (build 18.0.2+9-FR)
# Java VM: OpenJDK 64-Bit Server VM Corretto-18.0.2.9.1 (18.0.2+9-FR, mixed mode, sharing, tiered, compressed oops, compressed class ptrs, g1 gc, windows-amd64)
# No core dump will be written. Minidumps are not enabled by default on client versions of Windows
#

---------------  S U M M A R Y ------------

Command Line: -javaagent:C:\Program Files\JetBrains\IntelliJ IDEA Community Edition 2021.3.3\lib\idea_rt.jar=50510:C:\Program Files\JetBrains\IntelliJ IDEA Community Edition 2021.3.3\bin -Dfile.encoding=UTF-8 com.devskiller.tasks.blog.BlogApplication

Host: Intel(R) Core(TM) i3-6006U CPU @ 2.00GHz, 4 cores, 3G,  Windows 10 , 64 bit Build 19041 (10.0.19041.3570)
Time: Sun Nov  5 15:25:56 2023 Central European Standard Time elapsed time: 7.215451 seconds (0d 0h 0m 7s)

---------------  T H R E A D  ---------------

Current thread (0x0000026e7cf409a0):  JavaThread "C2 CompilerThread0" daemon [_thread_in_native, id=3736, stack(0x000000a8ca000000,0x000000a8ca100000)]


Current CompileTask:
C2:   7215 3339       4       org.springframework.beans.factory.support.AbstractBeanFactory::isTypeMatch (619 bytes)

Stack: [0x000000a8ca000000,0x000000a8ca100000]
Native frames: (J=compiled Java code, j=interpreted, Vv=VM code, C=native code)
V  [jvm.dll+0x685a2a]
V  [jvm.dll+0x82ae8d]
V  [jvm.dll+0x82c75e]
V  [jvm.dll+0x82ce03]
V  [jvm.dll+0x25ef4b]
V  [jvm.dll+0xd42d2]
V  [jvm.dll+0xd4665]
V  [jvm.dll+0x38a6d8]
V  [jvm.dll+0x572046]
V  [jvm.dll+0x5711f0]
V  [jvm.dll+0x571c7b]
V  [jvm.dll+0x34d859]
V  [jvm.dll+0x34cc1a]
V  [jvm.dll+0x233a65]
V  [jvm.dll+0x232f37]
V  [jvm.dll+0x1c0a35]
V  [jvm.dll+0x24212c]
V  [jvm.dll+0x240534]
V  [jvm.dll+0x7df6db]
V  [jvm.dll+0x7d9cba]
V  [jvm.dll+0x6848a5]
C  [ucrtbase.dll+0x21bb2]
C  [KERNEL32.DLL+0x17344]
C  [ntdll.dll+0x526b1]


---------------  P R O C E S S  ---------------

Threads class SMR info:
_java_thread_list=0x0000026e7dffb350, length=13, elements={
0x0000026e709d6280, 0x0000026e7cf25060, 0x0000026e7cf269b0, 0x0000026e7cf3cfe0,
0x0000026e7cf3e990, 0x0000026e7cf3f330, 0x0000026e7cf3fcd0, 0x0000026e7cf409a0,
0x0000026e7cf43390, 0x0000026e7cf46520, 0x0000026e7d02e830, 0x0000026e7d3b1800,
0x0000026e7d5294d0
}

Java Threads: ( => current thread )
  0x0000026e709d6280 JavaThread "main" [_thread_in_native, id=700, stack(0x000000a8c9300000,0x000000a8c9400000)]
  0x0000026e7cf25060 JavaThread "Reference Handler" daemon [_thread_blocked, id=9828, stack(0x000000a8c9a00000,0x000000a8c9b00000)]
  0x0000026e7cf269b0 JavaThread "Finalizer" daemon [_thread_blocked, id=10564, stack(0x000000a8c9b00000,0x000000a8c9c00000)]
  0x0000026e7cf3cfe0 JavaThread "Signal Dispatcher" daemon [_thread_blocked, id=11168, stack(0x000000a8c9c00000,0x000000a8c9d00000)]
  0x0000026e7cf3e990 JavaThread "Attach Listener" daemon [_thread_blocked, id=9704, stack(0x000000a8c9d00000,0x000000a8c9e00000)]
  0x0000026e7cf3f330 JavaThread "Service Thread" daemon [_thread_blocked, id=13012, stack(0x000000a8c9e00000,0x000000a8c9f00000)]
  0x0000026e7cf3fcd0 JavaThread "Monitor Deflation Thread" daemon [_thread_blocked, id=248, stack(0x000000a8c9f00000,0x000000a8ca000000)]
=>0x0000026e7cf409a0 JavaThread "C2 CompilerThread0" daemon [_thread_in_native, id=3736, stack(0x000000a8ca000000,0x000000a8ca100000)]
  0x0000026e7cf43390 JavaThread "C1 CompilerThread0" daemon [_thread_blocked, id=5060, stack(0x000000a8ca100000,0x000000a8ca200000)]
  0x0000026e7cf46520 JavaThread "Sweeper thread" daemon [_thread_blocked, id=4676, stack(0x000000a8ca200000,0x000000a8ca300000)]
  0x0000026e7d02e830 JavaThread "Common-Cleaner" daemon [_thread_blocked, id=1100, stack(0x000000a8ca300000,0x000000a8ca400000)]
  0x0000026e7d3b1800 JavaThread "Monitor Ctrl-Break" daemon [_thread_in_native, id=12084, stack(0x000000a8ca400000,0x000000a8ca500000)]
  0x0000026e7d5294d0 JavaThread "Notification Thread" daemon [_thread_blocked, id=3360, stack(0x000000a8ca500000,0x000000a8ca600000)]

Other Threads:
  0x0000026e7cf1f490 VMThread "VM Thread" [stack: 0x000000a8c9900000,0x000000a8c9a00000] [id=6252]
  0x0000026e7d3a02f0 WatcherThread "VM Periodic Task Thread" [stack: 0x000000a8ca600000,0x000000a8ca700000] [id=2960]
  0x0000026e70a16b30 WorkerThread "GC Thread#0" [stack: 0x000000a8c9400000,0x000000a8c9500000] [id=11832]
  0x0000026e7d779280 WorkerThread "GC Thread#1" [stack: 0x000000a8ca700000,0x000000a8ca800000] [id=5888]
  0x0000026e7d72c5c0 WorkerThread "GC Thread#2" [stack: 0x000000a8ca900000,0x000000a8caa00000] [id=8884]
  0x0000026e7d758b70 WorkerThread "GC Thread#3" [stack: 0x000000a8caa00000,0x000000a8cab00000] [id=8932]
  0x0000026e70a20bf0 ConcurrentGCThread "G1 Main Marker" [stack: 0x000000a8c9500000,0x000000a8c9600000] [id=7272]
  0x0000026e70a215e0 WorkerThread "G1 Conc#0" [stack: 0x000000a8c9600000,0x000000a8c9700000] [id=9456]
  0x0000026e70a487e0 ConcurrentGCThread "G1 Refine#0" [stack: 0x000000a8c9700000,0x000000a8c9800000] [id=1768]
  0x0000026e70a490f0 ConcurrentGCThread "G1 Service" [stack: 0x000000a8c9800000,0x000000a8c9900000] [id=7616]

Threads with active compile tasks:
C2 CompilerThread0     7289 3339       4       org.springframework.beans.factory.support.AbstractBeanFactory::isTypeMatch (619 bytes)

VM state: not at safepoint (normal execution)

VM Mutex/Monitor currently owned by a thread: None

Heap address: 0x00000000c1400000, size: 1004 MB, Compressed Oops mode: 32-bit

CDS archive(s) mapped at: [0x0000000800000000-0x0000000800ba0000-0x0000000800ba0000), size 12189696, SharedBaseAddress: 0x0000000800000000, ArchiveRelocationMode: 0.
Compressed class space mapped at: 0x0000000800c00000-0x0000000840c00000, reserved size: 1073741824
Narrow klass base: 0x0000000800000000, Narrow klass shift: 0, Narrow klass range: 0x100000000

GC Precious Log:
 CardTable entry size: 512
 Card Set container configuration: InlinePtr #cards 5 size 8 Array Of Cards #cards 12 size 40 Howl #buckets 4 coarsen threshold 1843 Howl Bitmap #cards 512 size 80 coarsen threshold 460 Card regions per heap region 1 cards per card region 2048
 CPUs: 4 total, 4 available
 Memory: 4012M
 Large Page Support: Disabled
 NUMA Support: Disabled
 Compressed Oops: Enabled (32-bit)
 Heap Region Size: 1M
 Heap Min Capacity: 8M
 Heap Initial Capacity: 64M
 Heap Max Capacity: 1004M
 Pre-touch: Disabled
 Parallel Workers: 4
 Concurrent Workers: 1
 Concurrent Refinement Workers: 4
 Periodic GC: Disabled

Heap:
 garbage-first heap   total 51200K, used 33108K [0x00000000c1400000, 0x0000000100000000)
  region size 1024K, 23 young (23552K), 3 survivors (3072K)
 Metaspace       used 25303K, committed 25664K, reserved 1114112K
  class space    used 3167K, committed 3328K, reserved 1048576K

Heap Regions: E=young(eden), S=young(survivor), O=old, HS=humongous(starts), HC=humongous(continues), CS=collection set, F=free, OA=open archive, CA=closed archive, TAMS=top-at-mark-start (previous, next)
|   0|0x00000000c1400000, 0x00000000c1500000, 0x00000000c1500000|100%|HS|  |TAMS 0x00000000c1500000, 0x00000000c1400000| Complete 
|   1|0x00000000c1500000, 0x00000000c1600000, 0x00000000c1600000|100%| O|  |TAMS 0x00000000c1600000, 0x00000000c1500000| Untracked 
|   2|0x00000000c1600000, 0x00000000c1700000, 0x00000000c1700000|100%| O|  |TAMS 0x00000000c1700000, 0x00000000c1600000| Untracked 
|   3|0x00000000c1700000, 0x00000000c1800000, 0x00000000c1800000|100%| O|  |TAMS 0x00000000c1800000, 0x00000000c1700000| Untracked 
|   4|0x00000000c1800000, 0x00000000c1900000, 0x00000000c1900000|100%| O|  |TAMS 0x00000000c1900000, 0x00000000c1800000| Untracked 
|   5|0x00000000c1900000, 0x00000000c1a00000, 0x00000000c1a00000|100%| O|  |TAMS 0x00000000c1a00000, 0x00000000c1900000| Untracked 
|   6|0x00000000c1a00000, 0x00000000c1b00000, 0x00000000c1b00000|100%| O|  |TAMS 0x00000000c1b00000, 0x00000000c1a00000| Complete 
|   7|0x00000000c1b00000, 0x00000000c1c00000, 0x00000000c1c00000|100%| O|  |TAMS 0x00000000c1b42c00, 0x00000000c1b00000| Untracked 
|   8|0x00000000c1c00000, 0x00000000c1d00000, 0x00000000c1d00000|100%| O|  |TAMS 0x00000000c1c00000, 0x00000000c1c00000| Untracked 
|   9|0x00000000c1d00000, 0x00000000c1e00000, 0x00000000c1e00000|100%| O|  |TAMS 0x00000000c1d00000, 0x00000000c1d00000| Untracked 
|  10|0x00000000c1e00000, 0x00000000c1ef9200, 0x00000000c1f00000| 97%| O|  |TAMS 0x00000000c1e00000, 0x00000000c1e00000| Untracked 
|  11|0x00000000c1f00000, 0x00000000c1f00000, 0x00000000c2000000|  0%| F|  |TAMS 0x00000000c1f00000, 0x00000000c1f00000| Untracked 
|  12|0x00000000c2000000, 0x00000000c2000000, 0x00000000c2100000|  0%| F|  |TAMS 0x00000000c2000000, 0x00000000c2000000| Untracked 
|  13|0x00000000c2100000, 0x00000000c2100000, 0x00000000c2200000|  0%| F|  |TAMS 0x00000000c2100000, 0x00000000c2100000| Untracked 
|  14|0x00000000c2200000, 0x00000000c2200000, 0x00000000c2300000|  0%| F|  |TAMS 0x00000000c2200000, 0x00000000c2200000| Untracked 
|  15|0x00000000c2300000, 0x00000000c2300000, 0x00000000c2400000|  0%| F|  |TAMS 0x00000000c2300000, 0x00000000c2300000| Untracked 
|  16|0x00000000c2400000, 0x00000000c2400000, 0x00000000c2500000|  0%| F|  |TAMS 0x00000000c2400000, 0x00000000c2400000| Untracked 
|  17|0x00000000c2500000, 0x00000000c2500000, 0x00000000c2600000|  0%| F|  |TAMS 0x00000000c2500000, 0x00000000c2500000| Untracked 
|  18|0x00000000c2600000, 0x00000000c2600000, 0x00000000c2700000|  0%| F|  |TAMS 0x00000000c2600000, 0x00000000c2600000| Untracked 
|  19|0x00000000c2700000, 0x00000000c2700000, 0x00000000c2800000|  0%| F|  |TAMS 0x00000000c2700000, 0x00000000c2700000| Untracked 
|  20|0x00000000c2800000, 0x00000000c2800000, 0x00000000c2900000|  0%| F|  |TAMS 0x00000000c2800000, 0x00000000c2800000| Untracked 
|  21|0x00000000c2900000, 0x00000000c2900000, 0x00000000c2a00000|  0%| F|  |TAMS 0x00000000c2900000, 0x00000000c2900000| Untracked 
|  22|0x00000000c2a00000, 0x00000000c2a00000, 0x00000000c2b00000|  0%| F|  |TAMS 0x00000000c2a00000, 0x00000000c2a00000| Untracked 
|  23|0x00000000c2b00000, 0x00000000c2b00000, 0x00000000c2c00000|  0%| F|  |TAMS 0x00000000c2b00000, 0x00000000c2b00000| Untracked 
|  24|0x00000000c2c00000, 0x00000000c2c00000, 0x00000000c2d00000|  0%| F|  |TAMS 0x00000000c2c00000, 0x00000000c2c00000| Untracked 
|  25|0x00000000c2d00000, 0x00000000c2d00000, 0x00000000c2e00000|  0%| F|  |TAMS 0x00000000c2d00000, 0x00000000c2d00000| Untracked 
|  26|0x00000000c2e00000, 0x00000000c2e00000, 0x00000000c2f00000|  0%| F|  |TAMS 0x00000000c2e00000, 0x00000000c2e00000| Untracked 
|  27|0x00000000c2f00000, 0x00000000c3000000, 0x00000000c3000000|100%| E|  |TAMS 0x00000000c2f00000, 0x00000000c2f00000| Complete 
|  28|0x00000000c3000000, 0x00000000c3100000, 0x00000000c3100000|100%| E|CS|TAMS 0x00000000c3000000, 0x00000000c3000000| Complete 
|  29|0x00000000c3100000, 0x00000000c3200000, 0x00000000c3200000|100%| E|CS|TAMS 0x00000000c3100000, 0x00000000c3100000| Complete 
|  30|0x00000000c3200000, 0x00000000c3300000, 0x00000000c3300000|100%| E|CS|TAMS 0x00000000c3200000, 0x00000000c3200000| Complete 
|  31|0x00000000c3300000, 0x00000000c3400000, 0x00000000c3400000|100%| E|CS|TAMS 0x00000000c3300000, 0x00000000c3300000| Complete 
|  32|0x00000000c3400000, 0x00000000c3500000, 0x00000000c3500000|100%| E|CS|TAMS 0x00000000c3400000, 0x00000000c3400000| Complete 
|  33|0x00000000c3500000, 0x00000000c3600000, 0x00000000c3600000|100%| E|CS|TAMS 0x00000000c3500000, 0x00000000c3500000| Complete 
|  34|0x00000000c3600000, 0x00000000c3700000, 0x00000000c3700000|100%| E|CS|TAMS 0x00000000c3600000, 0x00000000c3600000| Complete 
|  35|0x00000000c3700000, 0x00000000c3800000, 0x00000000c3800000|100%| E|CS|TAMS 0x00000000c3700000, 0x00000000c3700000| Complete 
|  36|0x00000000c3800000, 0x00000000c385c140, 0x00000000c3900000| 35%| S|CS|TAMS 0x00000000c3800000, 0x00000000c3800000| Complete 
|  37|0x00000000c3900000, 0x00000000c3a00000, 0x00000000c3a00000|100%| S|CS|TAMS 0x00000000c3900000, 0x00000000c3900000| Complete 
|  38|0x00000000c3a00000, 0x00000000c3b00000, 0x00000000c3b00000|100%| S|CS|TAMS 0x00000000c3a00000, 0x00000000c3a00000| Complete 
|  39|0x00000000c3b00000, 0x00000000c3c00000, 0x00000000c3c00000|100%| E|CS|TAMS 0x00000000c3b00000, 0x00000000c3b00000| Complete 
|  40|0x00000000c3c00000, 0x00000000c3d00000, 0x00000000c3d00000|100%| E|CS|TAMS 0x00000000c3c00000, 0x00000000c3c00000| Complete 
|  41|0x00000000c3d00000, 0x00000000c3e00000, 0x00000000c3e00000|100%| E|CS|TAMS 0x00000000c3d00000, 0x00000000c3d00000| Complete 
|  42|0x00000000c3e00000, 0x00000000c3f00000, 0x00000000c3f00000|100%| E|CS|TAMS 0x00000000c3e00000, 0x00000000c3e00000| Complete 
|  43|0x00000000c3f00000, 0x00000000c4000000, 0x00000000c4000000|100%| E|CS|TAMS 0x00000000c3f00000, 0x00000000c3f00000| Complete 
|  44|0x00000000c4000000, 0x00000000c4100000, 0x00000000c4100000|100%| E|CS|TAMS 0x00000000c4000000, 0x00000000c4000000| Complete 
|  45|0x00000000c4100000, 0x00000000c4200000, 0x00000000c4200000|100%| E|CS|TAMS 0x00000000c4100000, 0x00000000c4100000| Complete 
|  46|0x00000000c4200000, 0x00000000c4300000, 0x00000000c4300000|100%| E|CS|TAMS 0x00000000c4200000, 0x00000000c4200000| Complete 
|  47|0x00000000c4300000, 0x00000000c4400000, 0x00000000c4400000|100%| E|CS|TAMS 0x00000000c4300000, 0x00000000c4300000| Complete 
|  48|0x00000000c4400000, 0x00000000c4500000, 0x00000000c4500000|100%| E|CS|TAMS 0x00000000c4400000, 0x00000000c4400000| Complete 
|  63|0x00000000c5300000, 0x00000000c5400000, 0x00000000c5400000|100%| E|CS|TAMS 0x00000000c5300000, 0x00000000c5300000| Complete 

Card table byte_map: [0x0000026e787a0000,0x0000026e789a0000] _byte_map_base: 0x0000026e78196000

Marking Bits (Prev, Next): (CMBitMap*) 0x0000026e70a18580, (CMBitMap*) 0x0000026e70a18540
 Prev Bits: [0x0000026e79b50000, 0x0000026e7ab00000)
 Next Bits: [0x0000026e78ba0000, 0x0000026e79b50000)

Polling page: 0x0000026e6e8f0000

Metaspace:

Usage:
  Non-class:     21.63 MB used.
      Class:      3.10 MB used.
       Both:     24.72 MB used.

Virtual space:
  Non-class space:       64.00 MB reserved,      21.81 MB ( 34%) committed,  1 nodes.
      Class space:        1.00 GB reserved,       3.25 MB ( <1%) committed,  1 nodes.
             Both:        1.06 GB reserved,      25.06 MB (  2%) committed. 

Chunk freelists:
   Non-Class:  1.70 MB
       Class:  576.00 KB
        Both:  2.27 MB

MaxMetaspaceSize: unlimited
CompressedClassSpaceSize: 1.00 GB
Initial GC threshold: 21.00 MB
Current GC threshold: 35.25 MB
CDS: on
MetaspaceReclaimPolicy: balanced
 - commit_granule_bytes: 65536.
 - commit_granule_words: 8192.
 - virtual_space_node_default_size: 8388608.
 - enlarge_chunks_in_place: 1.
 - new_chunks_are_fully_committed: 0.
 - uncommit_free_chunks: 1.
 - use_allocation_guard: 0.


Internal statistics:

num_allocs_failed_limit: 3.
num_arena_births: 508.
num_arena_deaths: 0.
num_vsnodes_births: 2.
num_vsnodes_deaths: 0.
num_space_committed: 401.
num_space_uncommitted: 0.
num_chunks_returned_to_freelist: 3.
num_chunks_taken_from_freelist: 1392.
num_chunk_merges: 3.
num_chunk_splits: 956.
num_chunks_enlarged: 712.
num_inconsistent_stats: 0.

CodeHeap 'non-profiled nmethods': size=120000Kb used=1340Kb max_used=1340Kb free=118659Kb
 bounds [0x0000026e07ad0000, 0x0000026e07d40000, 0x0000026e0f000000]
CodeHeap 'profiled nmethods': size=120000Kb used=7614Kb max_used=7614Kb free=112385Kb
 bounds [0x0000026e005a0000, 0x0000026e00d10000, 0x0000026e07ad0000]
CodeHeap 'non-nmethods': size=5760Kb used=1205Kb max_used=1251Kb free=4554Kb
 bounds [0x0000026e00000000, 0x0000026e00270000, 0x0000026e005a0000]
 total_blobs=4023 nmethods=3531 adapters=404
 compilation: enabled
              stopped_count=0, restarted_count=0
 full_count=0

Compilation events (20 events):
Event: 7.204 Thread 0x0000026e7cf43390 nmethod 3535 0x0000026e00d06e10 code [0x0000026e00d06fe0, 0x0000026e00d07368]
Event: 7.204 Thread 0x0000026e7cf43390 3544       1       java.util.concurrent.atomic.AtomicLong::get (5 bytes)
Event: 7.204 Thread 0x0000026e7cf43390 nmethod 3544 0x0000026e07c1e590 code [0x0000026e07c1e720, 0x0000026e07c1e7f8]
Event: 7.204 Thread 0x0000026e7cf43390 3536       2       java.lang.String::encode (48 bytes)
Event: 7.205 Thread 0x0000026e7cf43390 nmethod 3536 0x0000026e00d07510 code [0x0000026e00d076e0, 0x0000026e00d078f8]
Event: 7.205 Thread 0x0000026e7cf43390 3538       2       java.lang.String::encodeUTF8 (141 bytes)
Event: 7.206 Thread 0x0000026e7cf43390 nmethod 3538 0x0000026e00d07a10 code [0x0000026e00d07c00, 0x0000026e00d07fd8]
Event: 7.206 Thread 0x0000026e7cf43390 3539       2       java.lang.String::getBytes (15 bytes)
Event: 7.206 Thread 0x0000026e7cf43390 nmethod 3539 0x0000026e00d08190 code [0x0000026e00d08340, 0x0000026e00d08498]
Event: 7.206 Thread 0x0000026e7cf43390 3540       2       sun.security.provider.DigestBase::engineUpdate (176 bytes)
Event: 7.208 Thread 0x0000026e7cf43390 nmethod 3540 0x0000026e00d08590 code [0x0000026e00d087a0, 0x0000026e00d08dd8]
Event: 7.208 Thread 0x0000026e7cf43390 3542       2       java.security.MessageDigest$Delegate::engineUpdate (11 bytes)
Event: 7.208 Thread 0x0000026e7cf43390 nmethod 3542 0x0000026e00d09090 code [0x0000026e00d09220, 0x0000026e00d09348]
Event: 7.208 Thread 0x0000026e7cf43390 3541       2       java.security.MessageDigest::update (14 bytes)
Event: 7.208 Thread 0x0000026e7cf43390 nmethod 3541 0x0000026e00d09410 code [0x0000026e00d095a0, 0x0000026e00d096e8]
Event: 7.208 Thread 0x0000026e7cf43390 3531       2       sun.security.provider.SHA::implCompress (13 bytes)
Event: 7.209 Thread 0x0000026e7cf43390 nmethod 3531 0x0000026e00d09810 code [0x0000026e00d099e0, 0x0000026e00d09c48]
Event: 7.209 Thread 0x0000026e7cf43390 3532       2       sun.security.provider.SHA::implCompressCheck (18 bytes)
Event: 7.209 Thread 0x0000026e7cf43390 nmethod 3532 0x0000026e00d09e10 code [0x0000026e00d09fc0, 0x0000026e00d0a1f8]
Event: 7.209 Thread 0x0000026e7cf43390 3533       2       sun.security.provider.ByteArrayAccess::b2iBig64 (231 bytes)

GC Heap History (10 events):
Event: 1.404 GC heap before
{Heap before GC invocations=0 (full 0):
 garbage-first heap   total 65536K, used 14336K [0x00000000c1400000, 0x0000000100000000)
  region size 1024K, 13 young (13312K), 0 survivors (0K)
 Metaspace       used 3479K, committed 3648K, reserved 1114112K
  class space    used 333K, committed 384K, reserved 1048576K
}
Event: 1.423 GC heap after
{Heap after GC invocations=1 (full 0):
 garbage-first heap   total 65536K, used 6487K [0x00000000c1400000, 0x0000000100000000)
  region size 1024K, 2 young (2048K), 2 survivors (2048K)
 Metaspace       used 3479K, committed 3648K, reserved 1114112K
  class space    used 333K, committed 384K, reserved 1048576K
}
Event: 2.233 GC heap before
{Heap before GC invocations=1 (full 0):
 garbage-first heap   total 65536K, used 16727K [0x00000000c1400000, 0x0000000100000000)
  region size 1024K, 12 young (12288K), 2 survivors (2048K)
 Metaspace       used 6570K, committed 6720K, reserved 1114112K
  class space    used 742K, committed 832K, reserved 1048576K
}
Event: 2.240 GC heap after
{Heap after GC invocations=2 (full 0):
 garbage-first heap   total 65536K, used 7520K [0x00000000c1400000, 0x0000000100000000)
  region size 1024K, 1 young (1024K), 1 survivors (1024K)
 Metaspace       used 6570K, committed 6720K, reserved 1114112K
  class space    used 742K, committed 832K, reserved 1048576K
}
Event: 3.263 GC heap before
{Heap before GC invocations=2 (full 0):
 garbage-first heap   total 65536K, used 26976K [0x00000000c1400000, 0x0000000100000000)
  region size 1024K, 21 young (21504K), 1 survivors (1024K)
 Metaspace       used 11725K, committed 11968K, reserved 1114112K
  class space    used 1361K, committed 1472K, reserved 1048576K
}
Event: 3.269 GC heap after
{Heap after GC invocations=3 (full 0):
 garbage-first heap   total 65536K, used 9344K [0x00000000c1400000, 0x0000000100000000)
  region size 1024K, 3 young (3072K), 3 survivors (3072K)
 Metaspace       used 11725K, committed 11968K, reserved 1114112K
  class space    used 1361K, committed 1472K, reserved 1048576K
}
Event: 4.722 GC heap before
{Heap before GC invocations=3 (full 0):
 garbage-first heap   total 65536K, used 39040K [0x00000000c1400000, 0x0000000100000000)
  region size 1024K, 33 young (33792K), 3 survivors (3072K)
 Metaspace       used 17308K, committed 17536K, reserved 1114112K
  class space    used 2048K, committed 2176K, reserved 1048576K
}
Event: 4.735 GC heap after
{Heap after GC invocations=4 (full 0):
 garbage-first heap   total 65536K, used 11957K [0x00000000c1400000, 0x0000000100000000)
  region size 1024K, 5 young (5120K), 5 survivors (5120K)
 Metaspace       used 17308K, committed 17536K, reserved 1114112K
  class space    used 2048K, committed 2176K, reserved 1048576K
}
Event: 6.105 GC heap before
{Heap before GC invocations=4 (full 0):
 garbage-first heap   total 65536K, used 36533K [0x00000000c1400000, 0x0000000100000000)
  region size 1024K, 30 young (30720K), 5 survivors (5120K)
 Metaspace       used 21139K, committed 21504K, reserved 1114112K
  class space    used 2570K, committed 2752K, reserved 1048576K
}
Event: 6.126 GC heap after
{Heap after GC invocations=5 (full 0):
 garbage-first heap   total 65536K, used 13652K [0x00000000c1400000, 0x0000000100000000)
  region size 1024K, 3 young (3072K), 3 survivors (3072K)
 Metaspace       used 21139K, committed 21504K, reserved 1114112K
  class space    used 2570K, committed 2752K, reserved 1048576K
}

Deoptimization events (20 events):
Event: 6.768 Thread 0x0000026e709d6280 DEOPT PACKING pc=0x0000026e07b7d208 sp=0x000000a8c93fc200
Event: 6.768 Thread 0x0000026e709d6280 DEOPT UNPACKING pc=0x0000026e000523a3 sp=0x000000a8c93fc170 mode 2
Event: 6.836 Thread 0x0000026e709d6280 Uncommon trap: trap_request=0xffffffde fr.pc=0x0000026e07b7d208 relative=0x0000000000000e48
Event: 6.836 Thread 0x0000026e709d6280 Uncommon trap: reason=class_check action=maybe_recompile pc=0x0000026e07b7d208 method=java.util.concurrent.ConcurrentHashMap.putVal(Ljava/lang/Object;Ljava/lang/Object;Z)Ljava/lang/Object; @ 242 c2
Event: 6.836 Thread 0x0000026e709d6280 DEOPT PACKING pc=0x0000026e07b7d208 sp=0x000000a8c93fbab0
Event: 6.836 Thread 0x0000026e709d6280 DEOPT UNPACKING pc=0x0000026e000523a3 sp=0x000000a8c93fba20 mode 2
Event: 6.846 Thread 0x0000026e709d6280 Uncommon trap: trap_request=0xffffffde fr.pc=0x0000026e07b7d208 relative=0x0000000000000e48
Event: 6.846 Thread 0x0000026e709d6280 Uncommon trap: reason=class_check action=maybe_recompile pc=0x0000026e07b7d208 method=java.util.concurrent.ConcurrentHashMap.putVal(Ljava/lang/Object;Ljava/lang/Object;Z)Ljava/lang/Object; @ 242 c2
Event: 6.846 Thread 0x0000026e709d6280 DEOPT PACKING pc=0x0000026e07b7d208 sp=0x000000a8c93fd780
Event: 6.846 Thread 0x0000026e709d6280 DEOPT UNPACKING pc=0x0000026e000523a3 sp=0x000000a8c93fd6f0 mode 2
Event: 7.061 Thread 0x0000026e709d6280 Uncommon trap: trap_request=0xffffff45 fr.pc=0x0000026e07ba1324 relative=0x0000000000000364
Event: 7.061 Thread 0x0000026e709d6280 Uncommon trap: reason=unstable_if action=reinterpret pc=0x0000026e07ba1324 method=java.util.LinkedHashMap.get(Ljava/lang/Object;)Ljava/lang/Object; @ 16 c2
Event: 7.061 Thread 0x0000026e709d6280 DEOPT PACKING pc=0x0000026e07ba1324 sp=0x000000a8c93fe270
Event: 7.061 Thread 0x0000026e709d6280 DEOPT UNPACKING pc=0x0000026e000523a3 sp=0x000000a8c93fe228 mode 2
Event: 7.069 Thread 0x0000026e709d6280 Uncommon trap: trap_request=0xffffff45 fr.pc=0x0000026e07b7ef2c relative=0x00000000000004ec
Event: 7.069 Thread 0x0000026e709d6280 Uncommon trap: reason=unstable_if action=reinterpret pc=0x0000026e07b7ef2c method=java.util.Properties.loadConvert([CIILjava/lang/StringBuilder;)Ljava/lang/String; @ 26 c2
Event: 7.069 Thread 0x0000026e709d6280 DEOPT PACKING pc=0x0000026e07b7ef2c sp=0x000000a8c93fdd30
Event: 7.069 Thread 0x0000026e709d6280 DEOPT UNPACKING pc=0x0000026e000523a3 sp=0x000000a8c93fdcc8 mode 2
Event: 7.202 Thread 0x0000026e709d6280 DEOPT PACKING pc=0x0000026e00cfd9dc sp=0x000000a8c93fd6c0
Event: 7.202 Thread 0x0000026e709d6280 DEOPT UNPACKING pc=0x0000026e00052b43 sp=0x000000a8c93fcb50 mode 0

Classes loaded (20 events):
Event: 7.096 Loading class java/lang/constant/MethodHandleDesc done
Event: 7.096 Loading class java/lang/constant/MethodHandleDesc$1
Event: 7.096 Loading class java/lang/constant/MethodHandleDesc$1 done
Event: 7.097 Loading class java/lang/constant/DirectMethodHandleDescImpl
Event: 7.097 Loading class java/lang/constant/DirectMethodHandleDesc
Event: 7.097 Loading class java/lang/constant/DirectMethodHandleDesc done
Event: 7.097 Loading class java/lang/constant/DirectMethodHandleDescImpl done
Event: 7.097 Loading class java/lang/constant/DirectMethodHandleDescImpl$1
Event: 7.097 Loading class java/lang/constant/DirectMethodHandleDescImpl$1 done
Event: 7.097 Loading class java/lang/constant/DirectMethodHandleDesc$1
Event: 7.097 Loading class java/lang/constant/DirectMethodHandleDesc$1 done
Event: 7.097 Loading class java/lang/constant/PrimitiveClassDescImpl
Event: 7.097 Loading class java/lang/constant/DynamicConstantDesc
Event: 7.097 Loading class java/lang/constant/DynamicConstantDesc done
Event: 7.097 Loading class java/lang/constant/PrimitiveClassDescImpl done
Event: 7.097 Loading class java/lang/constant/DynamicConstantDesc$AnonymousDynamicConstantDesc
Event: 7.097 Loading class java/lang/constant/DynamicConstantDesc$AnonymousDynamicConstantDesc done
Event: 7.139 Loading class java/net/NetworkInterface$1
Event: 7.139 Loading class java/net/NetworkInterface$1 done
Event: 7.210 Loading class sun/security/provider/AbstractDrbg$NonceProvider

Classes unloaded (0 events):
No events

Classes redefined (0 events):
No events

Internal exceptions (20 events):
Event: 6.267 Thread 0x0000026e709d6280 Exception <a 'java/lang/NoClassDefFoundError'{0x00000000c43e1dd8}: org/springframework/session/jdbc/JdbcIndexedSessionRepository> (0x00000000c43e1dd8) 
thrown [s\src\hotspot\share\classfile\systemDictionary.cpp, line 244]
Event: 6.367 Thread 0x0000026e709d6280 Exception <a 'java/lang/NoSuchMethodError'{0x00000000c41703e0}: 'void java.lang.invoke.DirectMethodHandle$Holder.invokeSpecial(java.lang.Object, java.lang.Object, java.lang.Object, java.lang.Object, java.lang.Object, java.lang.Object)'> (0x00000000c41703e0) 
thrown [s\src\hotspot\share\interpreter\linkResolver.cpp, line 759]
Event: 6.380 Thread 0x0000026e709d6280 Exception <a 'java/lang/NoSuchMethodError'{0x00000000c41b2c38}: 'void java.lang.invoke.DirectMethodHandle$Holder.invokeVirtual(java.lang.Object, java.lang.Object, int)'> (0x00000000c41b2c38) 
thrown [s\src\hotspot\share\interpreter\linkResolver.cpp, line 759]
Event: 6.381 Thread 0x0000026e709d6280 Exception <a 'java/lang/NoSuchMethodError'{0x00000000c41b6e30}: 'int java.lang.invoke.DirectMethodHandle$Holder.invokeSpecial(java.lang.Object, java.lang.Object, java.lang.Object, int)'> (0x00000000c41b6e30) 
thrown [s\src\hotspot\share\interpreter\linkResolver.cpp, line 759]
Event: 6.384 Thread 0x0000026e709d6280 Exception <a 'java/lang/NoSuchMethodError'{0x00000000c41c8e58}: 'java.lang.Object java.lang.invoke.DirectMethodHandle$Holder.invokeStatic(java.lang.Object, java.lang.Object, java.lang.Object, java.lang.Object, int)'> (0x00000000c41c8e58) 
thrown [s\src\hotspot\share\interpreter\linkResolver.cpp, line 759]
Event: 6.386 Thread 0x0000026e709d6280 Exception <a 'java/lang/NoSuchMethodError'{0x00000000c41d3d68}: 'void java.lang.invoke.DelegatingMethodHandle$Holder.reinvoke_L(java.lang.Object, java.lang.Object, int)'> (0x00000000c41d3d68) 
thrown [s\src\hotspot\share\interpreter\linkResolver.cpp, line 759]
Event: 6.577 Thread 0x0000026e709d6280 Exception <a 'java/lang/NoSuchMethodError'{0x00000000c3ed7728}: 'java.lang.Object java.lang.invoke.DirectMethodHandle$Holder.invokeSpecialIFC(java.lang.Object, java.lang.Object, java.lang.Object)'> (0x00000000c3ed7728) 
thrown [s\src\hotspot\share\interpreter\linkResolver.cpp, line 759]
Event: 6.603 Thread 0x0000026e709d6280 Exception <a 'java/lang/NoSuchMethodError'{0x00000000c3d26e08}: 'java.lang.Object java.lang.invoke.DirectMethodHandle$Holder.invokeVirtual(java.lang.Object, java.lang.Object, java.lang.Object, java.lang.Object, java.lang.Object)'> (0x00000000c3d26e08) 
thrown [s\src\hotspot\share\interpreter\linkResolver.cpp, line 759]
Event: 6.789 Thread 0x0000026e709d6280 Exception <a 'java/lang/NoSuchMethodError'{0x00000000c3714118}: 'java.lang.reflect.Field[] java.lang.Class.getDeclaredFields(java.lang.Class)'> (0x00000000c3714118) 
thrown [s\src\hotspot\share\interpreter\linkResolver.cpp, line 759]
Event: 6.820 Thread 0x0000026e709d6280 Exception <a 'java/lang/NoSuchMethodError'{0x00000000c37a6618}: 'java.lang.Object java.lang.invoke.DirectMethodHandle$Holder.invokeVirtual(java.lang.Object, java.lang.Object, java.lang.Object, java.lang.Object, java.lang.Object, java.lang.Object)'> (0x00000000c37a6618) 
thrown [s\src\hotspot\share\interpreter\linkResolver.cpp, line 759]
Event: 6.882 Thread 0x0000026e709d6280 Exception <a 'java/lang/NoSuchMethodError'{0x00000000c36a3968}: 'void java.lang.invoke.DirectMethodHandle$Holder.invokeInterface(java.lang.Object, java.lang.Object, int)'> (0x00000000c36a3968) 
thrown [s\src\hotspot\share\interpreter\linkResolver.cpp, line 759]
Event: 6.893 Thread 0x0000026e709d6280 Exception <a 'java/lang/IncompatibleClassChangeError'{0x00000000c36f3480}: Found class java.lang.Object, but interface was expected> (0x00000000c36f3480) 
thrown [s\src\hotspot\share\interpreter\linkResolver.cpp, line 826]
Event: 6.896 Thread 0x0000026e709d6280 Exception <a 'java/lang/NoSuchMethodError'{0x00000000c35045c8}: 'int java.lang.invoke.DirectMethodHandle$Holder.invokeSpecialIFC(java.lang.Object, java.lang.Object, java.lang.Object)'> (0x00000000c35045c8) 
thrown [s\src\hotspot\share\interpreter\linkResolver.cpp, line 759]
Event: 6.898 Thread 0x0000026e709d6280 Exception <a 'java/lang/NoSuchMethodError'{0x00000000c35124c8}: 'void java.lang.invoke.DirectMethodHandle$Holder.invokeStatic(java.lang.Object, int, java.lang.Object)'> (0x00000000c35124c8) 
thrown [s\src\hotspot\share\interpreter\linkResolver.cpp, line 759]
Event: 6.915 Thread 0x0000026e709d6280 Exception <a 'java/lang/NoSuchMethodError'{0x00000000c35507e8}: 'void java.lang.invoke.DirectMethodHandle$Holder.invokeStatic(java.lang.Object, java.lang.Object, java.lang.Object, int, java.lang.Object)'> (0x00000000c35507e8) 
thrown [s\src\hotspot\share\interpreter\linkResolver.cpp, line 759]
Event: 6.917 Thread 0x0000026e709d6280 Exception <a 'java/lang/NoSuchMethodError'{0x00000000c3557c60}: 'java.lang.Object java.lang.invoke.DirectMethodHandle$Holder.newInvokeSpecial(java.lang.Object, java.lang.Object, java.lang.Object, int)'> (0x00000000c3557c60) 
thrown [s\src\hotspot\share\interpreter\linkResolver.cpp, line 759]
Event: 6.917 Thread 0x0000026e709d6280 Exception <a 'java/lang/NoSuchMethodError'{0x00000000c355bce0}: 'java.lang.Object java.lang.invoke.DirectMethodHandle$Holder.invokeSpecial(java.lang.Object, java.lang.Object, java.lang.Object, java.lang.Object, int)'> (0x00000000c355bce0) 
thrown [s\src\hotspot\share\interpreter\linkResolver.cpp, line 759]
Event: 6.918 Thread 0x0000026e709d6280 Exception <a 'java/lang/NoSuchMethodError'{0x00000000c355f3e8}: 'java.lang.Object java.lang.invoke.Invokers$Holder.linkToTargetMethod(java.lang.Object, java.lang.Object, int, java.lang.Object)'> (0x00000000c355f3e8) 
thrown [s\src\hotspot\share\interpreter\linkResolver.cpp, line 759]
Event: 7.085 Thread 0x0000026e709d6280 Exception <a 'java/lang/NoSuchMethodError'{0x00000000c312ebe8}: 'java.lang.Object java.lang.invoke.DirectMethodHandle$Holder.invokeStaticInit(java.lang.Object, int, int, int, int)'> (0x00000000c312ebe8) 
thrown [s\src\hotspot\share\interpreter\linkResolver.cpp, line 759]
Event: 7.208 Thread 0x0000026e709d6280 Exception <a 'java/lang/NoSuchMethodError'{0x00000000c3006028}: 'java.lang.Object java.lang.invoke.DirectMethodHandle$Holder.invokeStaticInit(java.lang.Object, java.lang.Object, int, int, int, int)'> (0x00000000c3006028) 
thrown [s\src\hotspot\share\interpreter\linkResolver.cpp, line 759]

VM Operations (20 events):
Event: 6.046 Executing VM operation: HandshakeAllThreads
Event: 6.046 Executing VM operation: HandshakeAllThreads done
Event: 6.105 Executing VM operation: CollectForMetadataAllocation
Event: 6.127 Executing VM operation: CollectForMetadataAllocation done
Event: 6.153 Executing VM operation: G1Concurrent
Event: 6.158 Executing VM operation: G1Concurrent done
Event: 6.172 Executing VM operation: G1Concurrent
Event: 6.172 Executing VM operation: G1Concurrent done
Event: 6.282 Executing VM operation: HandshakeAllThreads
Event: 6.282 Executing VM operation: HandshakeAllThreads done
Event: 6.409 Executing VM operation: HandshakeAllThreads
Event: 6.409 Executing VM operation: HandshakeAllThreads done
Event: 6.535 Executing VM operation: HandshakeAllThreads
Event: 6.535 Executing VM operation: HandshakeAllThreads done
Event: 6.785 Executing VM operation: ICBufferFull
Event: 6.785 Executing VM operation: ICBufferFull done
Event: 6.804 Executing VM operation: HandshakeAllThreads
Event: 6.804 Executing VM operation: HandshakeAllThreads done
Event: 7.040 Executing VM operation: HandshakeAllThreads
Event: 7.040 Executing VM operation: HandshakeAllThreads done

Events (20 events):
Event: 0.159 Thread 0x0000026e7cf3fcd0 Thread added: 0x0000026e7cf3fcd0
Event: 0.159 Thread 0x0000026e7cf409a0 Thread added: 0x0000026e7cf409a0
Event: 0.160 Thread 0x0000026e7cf43390 Thread added: 0x0000026e7cf43390
Event: 0.161 Thread 0x0000026e7cf46520 Thread added: 0x0000026e7cf46520
Event: 0.338 Thread 0x0000026e7d02e830 Thread added: 0x0000026e7d02e830
Event: 0.389 Loaded shared library C:\Users\ERIN_JAVALead\.jdks\corretto-18.0.2\bin\zip.dll
Event: 0.395 Loaded shared library C:\Users\ERIN_JAVALead\.jdks\corretto-18.0.2\bin\instrument.dll
Event: 0.409 Loaded shared library C:\Users\ERIN_JAVALead\.jdks\corretto-18.0.2\bin\net.dll
Event: 0.413 Loaded shared library C:\Users\ERIN_JAVALead\.jdks\corretto-18.0.2\bin\nio.dll
Event: 0.421 Loaded shared library C:\Users\ERIN_JAVALead\.jdks\corretto-18.0.2\bin\zip.dll
Event: 0.742 Loaded shared library C:\Program Files\JetBrains\IntelliJ IDEA Community Edition 2021.3.3\bin\breakgen64.dll
Event: 0.744 Thread 0x0000026e7d3b1800 Thread added: 0x0000026e7d3b1800
Event: 0.744 Thread 0x0000026e7d5294d0 Thread added: 0x0000026e7d5294d0
Event: 0.861 Loaded shared library C:\Users\ERIN_JAVALead\.jdks\corretto-18.0.2\bin\jimage.dll
Event: 1.286 Thread 0x0000026e7d70a5f0 Thread added: 0x0000026e7d70a5f0
Event: 1.534 Thread 0x0000026e7d70a5f0 Thread exited: 0x0000026e7d70a5f0
Event: 2.763 Thread 0x0000026e7d73d8e0 Thread added: 0x0000026e7d73d8e0
Event: 3.720 Thread 0x0000026e7d73d8e0 Thread exited: 0x0000026e7d73d8e0
Event: 3.993 Thread 0x0000026e7db49a30 Thread added: 0x0000026e7db49a30
Event: 4.068 Thread 0x0000026e7db49a30 Thread exited: 0x0000026e7db49a30


Dynamic libraries:
0x00007ff655f10000 - 0x00007ff655f1d000 	C:\Users\ERIN_JAVALead\.jdks\corretto-18.0.2\bin\java.exe
0x00007ffeb32f0000 - 0x00007ffeb34e7000 	C:\WINDOWS\SYSTEM32\ntdll.dll
0x00007ffeb2e20000 - 0x00007ffeb2edd000 	C:\WINDOWS\System32\KERNEL32.DLL
0x00007ffeb0ca0000 - 0x00007ffeb0f96000 	C:\WINDOWS\System32\KERNELBASE.dll
0x00007ffeb1170000 - 0x00007ffeb1270000 	C:\WINDOWS\System32\ucrtbase.dll
0x00007ffeac4d0000 - 0x00007ffeac4e7000 	C:\Users\ERIN_JAVALead\.jdks\corretto-18.0.2\bin\jli.dll
0x00007ffeb1320000 - 0x00007ffeb14be000 	C:\WINDOWS\System32\USER32.dll
0x00007ffeb1140000 - 0x00007ffeb1162000 	C:\WINDOWS\System32\win32u.dll
0x00007ffeac4b0000 - 0x00007ffeac4c5000 	C:\Users\ERIN_JAVALead\.jdks\corretto-18.0.2\bin\VCRUNTIME140.dll
0x00007ffeb2010000 - 0x00007ffeb203c000 	C:\WINDOWS\System32\GDI32.dll
0x00007ffeb1020000 - 0x00007ffeb113a000 	C:\WINDOWS\System32\gdi32full.dll
0x00007ffe9d3f0000 - 0x00007ffe9d68a000 	C:\WINDOWS\WinSxS\amd64_microsoft.windows.common-controls_6595b64144ccf1df_6.0.19041.3570_none_60bb2a3971f3e41a\COMCTL32.dll
0x00007ffeb0aa0000 - 0x00007ffeb0b3d000 	C:\WINDOWS\System32\msvcp_win.dll
0x00007ffeb2ba0000 - 0x00007ffeb2c3e000 	C:\WINDOWS\System32\msvcrt.dll
0x00007ffeb1fc0000 - 0x00007ffeb1ff0000 	C:\WINDOWS\System32\IMM32.DLL
0x00007ffe993a0000 - 0x00007ffe9943b000 	C:\Users\ERIN_JAVALead\.jdks\corretto-18.0.2\bin\msvcp140.dll
0x00007ffe6fbf0000 - 0x00007ffe70861000 	C:\Users\ERIN_JAVALead\.jdks\corretto-18.0.2\bin\server\jvm.dll
0x00007ffeb2210000 - 0x00007ffeb22be000 	C:\WINDOWS\System32\ADVAPI32.dll
0x00007ffeb2ee0000 - 0x00007ffeb2f7c000 	C:\WINDOWS\System32\sechost.dll
0x00007ffeb3150000 - 0x00007ffeb3276000 	C:\WINDOWS\System32\RPCRT4.dll
0x00007ffeb1af0000 - 0x00007ffeb1af8000 	C:\WINDOWS\System32\PSAPI.DLL
0x00007ffeae0f0000 - 0x00007ffeae0f9000 	C:\WINDOWS\SYSTEM32\WSOCK32.dll
0x00007ffeb3080000 - 0x00007ffeb30eb000 	C:\WINDOWS\System32\WS2_32.dll
0x00007ffe90c80000 - 0x00007ffe90ca7000 	C:\WINDOWS\SYSTEM32\WINMM.dll
0x00007ffeaa980000 - 0x00007ffeaa98a000 	C:\WINDOWS\SYSTEM32\VERSION.dll
0x00007ffeae840000 - 0x00007ffeae852000 	C:\WINDOWS\SYSTEM32\kernel.appcore.dll
0x00007ffeae1a0000 - 0x00007ffeae1aa000 	C:\Users\ERIN_JAVALead\.jdks\corretto-18.0.2\bin\jimage.dll
0x00007ffe9f170000 - 0x00007ffe9f354000 	C:\WINDOWS\SYSTEM32\DBGHELP.DLL
0x00007ffe9f130000 - 0x00007ffe9f164000 	C:\WINDOWS\SYSTEM32\dbgcore.DLL
0x00007ffeb09a0000 - 0x00007ffeb0a22000 	C:\WINDOWS\System32\bcryptPrimitives.dll
0x00007ffeac3b0000 - 0x00007ffeac3be000 	C:\Users\ERIN_JAVALead\.jdks\corretto-18.0.2\bin\instrument.dll
0x00007ffeac430000 - 0x00007ffeac455000 	C:\Users\ERIN_JAVALead\.jdks\corretto-18.0.2\bin\java.dll
0x00007ffe95a30000 - 0x00007ffe95b06000 	C:\Users\ERIN_JAVALead\.jdks\corretto-18.0.2\bin\jsvml.dll
0x00007ffeb2450000 - 0x00007ffeb2b94000 	C:\WINDOWS\System32\SHELL32.dll
0x00007ffeaea40000 - 0x00007ffeaf1db000 	C:\WINDOWS\SYSTEM32\windows.storage.dll
0x00007ffeb1b00000 - 0x00007ffeb1e54000 	C:\WINDOWS\System32\combase.dll
0x00007ffeb0310000 - 0x00007ffeb033d000 	C:\WINDOWS\SYSTEM32\Wldp.dll
0x00007ffeb2040000 - 0x00007ffeb20ed000 	C:\WINDOWS\System32\SHCORE.dll
0x00007ffeb30f0000 - 0x00007ffeb3145000 	C:\WINDOWS\System32\shlwapi.dll
0x00007ffeb08d0000 - 0x00007ffeb08f5000 	C:\WINDOWS\SYSTEM32\profapi.dll
0x00007ffea2180000 - 0x00007ffea2198000 	C:\Users\ERIN_JAVALead\.jdks\corretto-18.0.2\bin\zip.dll
0x00007ffeac3d0000 - 0x00007ffeac3e3000 	C:\Users\ERIN_JAVALead\.jdks\corretto-18.0.2\bin\net.dll
0x00007ffeaa600000 - 0x00007ffeaa70a000 	C:\WINDOWS\SYSTEM32\WINHTTP.dll
0x00007ffeb0070000 - 0x00007ffeb00da000 	C:\WINDOWS\system32\mswsock.dll
0x00007ffea21a0000 - 0x00007ffea21b5000 	C:\Users\ERIN_JAVALead\.jdks\corretto-18.0.2\bin\nio.dll
0x00007ffe99310000 - 0x00007ffe9932a000 	C:\Program Files\JetBrains\IntelliJ IDEA Community Edition 2021.3.3\bin\breakgen64.dll
0x00007ffeb0270000 - 0x00007ffeb0288000 	C:\WINDOWS\SYSTEM32\CRYPTSP.dll
0x00007ffeaf980000 - 0x00007ffeaf9b4000 	C:\WINDOWS\system32\rsaenh.dll
0x00007ffeb0ff0000 - 0x00007ffeb1017000 	C:\WINDOWS\System32\bcrypt.dll
0x00007ffeb0890000 - 0x00007ffeb08be000 	C:\WINDOWS\SYSTEM32\USERENV.dll
0x00007ffeb0260000 - 0x00007ffeb026c000 	C:\WINDOWS\SYSTEM32\CRYPTBASE.dll
0x00007ffeafd60000 - 0x00007ffeafd9b000 	C:\WINDOWS\SYSTEM32\IPHLPAPI.DLL
0x00007ffeb3010000 - 0x00007ffeb3018000 	C:\WINDOWS\System32\NSI.dll
0x00007ffeaa9a0000 - 0x00007ffeaa9b7000 	C:\WINDOWS\SYSTEM32\dhcpcsvc6.DLL
0x00007ffeaa9e0000 - 0x00007ffeaa9fd000 	C:\WINDOWS\SYSTEM32\dhcpcsvc.DLL
0x00007ffeafda0000 - 0x00007ffeafe6a000 	C:\WINDOWS\SYSTEM32\DNSAPI.dll

dbghelp: loaded successfully - version: 4.0.5 - missing functions: none
symbol engine: initialized successfully - sym options: 0x614 - pdb path: .;C:\Users\ERIN_JAVALead\.jdks\corretto-18.0.2\bin;C:\WINDOWS\SYSTEM32;C:\WINDOWS\WinSxS\amd64_microsoft.windows.common-controls_6595b64144ccf1df_6.0.19041.3570_none_60bb2a3971f3e41a;C:\Users\ERIN_JAVALead\.jdks\corretto-18.0.2\bin\server;C:\Program Files\JetBrains\IntelliJ IDEA Community Edition 2021.3.3\bin

VM Arguments:
jvm_args: -javaagent:C:\Program Files\JetBrains\IntelliJ IDEA Community Edition 2021.3.3\lib\idea_rt.jar=50510:C:\Program Files\JetBrains\IntelliJ IDEA Community Edition 2021.3.3\bin -Dfile.encoding=UTF-8 
java_command: com.devskiller.tasks.blog.BlogApplication
java_class_path (initial): C:\Users\ERIN_JAVALead\Downloads\devskiller-code-U32X-W3E7-T2E6-S3F\target\classes;C:\Users\ERIN_JAVALead\.m2\repository\org\springframework\boot\spring-boot-starter-data-jpa\3.1.5\spring-boot-starter-data-jpa-3.1.5.jar;C:\Users\ERIN_JAVALead\.m2\repository\org\springframework\boot\spring-boot-starter-aop\3.1.5\spring-boot-starter-aop-3.1.5.jar;C:\Users\ERIN_JAVALead\.m2\repository\org\aspectj\aspectjweaver\1.9.20\aspectjweaver-1.9.20.jar;C:\Users\ERIN_JAVALead\.m2\repository\org\springframework\boot\spring-boot-starter-jdbc\3.1.5\spring-boot-starter-jdbc-3.1.5.jar;C:\Users\ERIN_JAVALead\.m2\repository\com\zaxxer\HikariCP\5.0.1\HikariCP-5.0.1.jar;C:\Users\ERIN_JAVALead\.m2\repository\org\springframework\spring-jdbc\6.0.13\spring-jdbc-6.0.13.jar;C:\Users\ERIN_JAVALead\.m2\repository\org\hibernate\orm\hibernate-core\6.2.13.Final\hibernate-core-6.2.13.Final.jar;C:\Users\ERIN_JAVALead\.m2\repository\jakarta\persistence\jakarta.persistence-api\3.1.0\jakarta.persistence-api-3.1.0.jar;C:\Users\ERIN_JAVALead\.m2\repository\jakarta\transaction\jakarta.transaction-api\2.0.1\jakarta.transaction-api-2.0.1.jar;C:\Users\ERIN_JAVALead\.m2\repository\org\jboss\logging\jboss-logging\3.5.3.Final\jboss-logging-3.5.3.Final.jar;C:\Users\ERIN_JAVALead\.m2\repository\org\hibernate\common\hibernate-commons-annotations\6.0.6.Final\hibernate-commons-annotations-6.0.6.Final.jar;C:\Users\ERIN_JAVALead\.m2\repository\io\smallrye\jandex\3.0.5\jandex-3.0.5.jar;C:\Users\ERIN_JAVALead\.m2\repository\com\fasterxml\classmate\1.5.1\classmate-1.5.1.jar;C:\Users\ERIN_JAVALead\.m2\repository\net\bytebuddy\byte-buddy\1.14.9\byte-buddy-1.14.9.jar;C:\Users\ERIN_JAVALead\.m2\repository\org\glassfish\jaxb\jaxb-runtime\4.0.3\jaxb-runtime-4.0.3.jar;C:\Users\ERIN_JAVALead\.m2\repository\org\glassfish\jaxb\jaxb-core\4.0.3\jaxb-core-4.0.3.jar;C:\Users\ERIN_JAVALead\.m2\repository\org\eclipse\angus\angus-activation\2.0.1\angus-activation-2.0.1.jar;C:\Users\ERIN_JAVALead\.m2\repository\org\glassfish\jaxb\txw2\4.0.3\txw2-4.0.3.jar;C:\Users\ERIN_JAVALead\.m2\repository\com\sun\istack\istack-commons-runtime\4.1.2\istack-commons-runtime-4.1.2.jar;C:\Users\ERIN_JAVALead\.m2\repository\jakarta\inject\jakarta.inject-api\2.0.1\jakarta.inject-api-2.0.1.jar;C:\Users\ERIN_JAVALead\.m2\repository\org\antlr\antlr4-runtime\4.10.1\antlr4-runtime-4.10.1.jar;C:\Users\ERIN_JAVALead\.m2\repository\org\springframework\data\spring-data-jpa\3.1.5\spring-data-jpa-3.1.5.jar;C:\Users\ERIN_JAVALead\.m2\repository\org\springframework\data\spring-data-commons\3.1.5\spring-data-commons-3.1.5.jar;C:\Users\ERIN_JAVALead\.m2\repository\org\springframework\spring-orm\6.0.13\spring-orm-6.0.13.jar;C:\Users\ERIN_JAVALead\.m2\repository\org\springframework\spring-context\6.0.13\spring-context-6.0.13.jar;C:\Users\ERIN_JAVALead\.m2\repository\org\springframework\spring-tx\6.0.13\spring-tx-6.0.13.jar;C:\Users\ERIN_JAVALead\.m2\repository\org\springframework\spring-beans\6.0.13\spring-beans-6.0.13.jar;C:\Users\ERIN_JAVALead\.m2\repository\jakarta\annotation\jakarta.annotation-api\2.1.1\jakarta.annotation-api-2.1.1.jar;C:\Users\ERIN_JAVALead\.m2\repository\org\slf4j\slf4j-api\2.0.9\slf4j-api-2.0.9.jar;C:\Users\ERIN_JAVALead\.m2\repository\org\springframework\spring-aspects\6.0.13\spring-aspects-6.0.13.jar;C:\Users\ERIN_JAVALead\.m2\repository\org\springframework\boot\spring-boot-starter-web\2.4.2\spring-boot-starter-web-2.4.2.jar;C:\Users\ERIN_JAVALead\.m2\repository\org\springframework\boot\spring-boot-starter\3.1.5\spring-boot-starter-3.1.5.jar;C:\Users\ERIN_JAVALead\.m2\repository\org\springframework\boot\spring-boot\3.1.5\spring-boot-3.1.5.jar;C:\Users\ERIN_JAVALead\.m2\repository\org\springframework\boot\spring-boot-autoconfigure\3.1.5\spring-boot-autoconfigure-3.1.5.jar;C:\Users\ERIN_JAVALead\.m2\repository\org\springframework\boot\spring-boot-starter-logging\3.1.5\spring-boot-starter-logging-3.1.5.jar;C:\Users\ERIN_JAVALead\.m2\repository\ch\qos\logback\logback-classic\1.4.11\logback-classic-1.4.11.jar;C:\Users\ERIN_JAVALead\.m2\repository\ch\qos\logback\logback-core\1.4.11\logback-core-1.4.11.jar;C:\Users\ERIN_JAVALead\.m2\repository\org\apache\logging\log4j\log4j-to-slf4j\2.20.0\log4j-to-slf4j-2.20.0.jar;C:\Users\ERIN_JAVALead\.m2\repository\org\apache\logging\log4j\log4j-api\2.20.0\log4j-api-2.20.0.jar;C:\Users\ERIN_JAVALead\.m2\repository\org\slf4j\jul-to-slf4j\2.0.9\jul-to-slf4j-2.0.9.jar;C:\Users\ERIN_JAVALead\.m2\repository\org\yaml\snakeyaml\1.33\snakeyaml-1.33.jar;C:\Users\ERIN_JAVALead\.m2\repository\org\springframework\boot\spring-boot-starter-json\3.1.5\spring-boot-starter-json-3.1.5.jar;C:\Users\ERIN_JAVALead\.m2\repository\com\fasterxml\jackson\core\jackson-databind\2.15.3\jackson-databind-2.15.3.jar;C:\Users\ERIN_JAVALead\.m2\repository\com\fasterxml\jackson\core\jackson-annotations\2.15.3\jackson-annotations-2.15.3.jar;C:\Users\ERIN_JAVALead\.m2\repository\com\fasterxml\jackson\core\jackson-core\2.15.3\jackson-core-2.15.3.jar;C:\Users\ERIN_JAVALead\.m2\repository\com\fasterxml\jackson\datatype\jackson-datatype-jdk8\2.15.3\jackson-datatype-jdk8-2.15.3.jar;C:\Users\ERIN_JAVALead\.m2\repository\com\fasterxml\jackson\datatype\jackson-datatype-jsr310\2.15.3\jackson-datatype-jsr310-2.15.3.jar;C:\Users\ERIN_JAVALead\.m2\repository\com\fasterxml\jackson\module\jackson-module-parameter-names\2.15.3\jackson-module-parameter-names-2.15.3.jar;C:\Users\ERIN_JAVALead\.m2\repository\org\springframework\boot\spring-boot-starter-tomcat\3.1.5\spring-boot-starter-tomcat-3.1.5.jar;C:\Users\ERIN_JAVALead\.m2\repository\org\apache\tomcat\embed\tomcat-embed-core\10.1.15\tomcat-embed-core-10.1.15.jar;C:\Users\ERIN_JAVALead\.m2\repository\org\apache\tomcat\embed\tomcat-embed-el\10.1.15\tomcat-embed-el-10.1.15.jar;C:\Users\ERIN_JAVALead\.m2\repository\org\apache\tomcat\embed\tomcat-embed-websocket\10.1.15\tomcat-embed-websocket-10.1.15.jar;C:\Users\ERIN_JAVALead\.m2\repository\org\springframework\spring-web\6.0.13\spring-web-6.0.13.jar;C:\Users\ERIN_JAVALead\.m2\repository\io\micrometer\micrometer-observation\1.11.5\micrometer-observation-1.11.5.jar;C:\Users\ERIN_JAVALead\.m2\repository\io\micrometer\micrometer-commons\1.11.5\micrometer-commons-1.11.5.jar;C:\Users\ERIN_JAVALead\.m2\repository\org\springframework\spring-webmvc\6.0.13\spring-webmvc-6.0.13.jar;C:\Users\ERIN_JAVALead\.m2\repository\org\springframework\spring-expression\6.0.13\spring-expression-6.0.13.jar;C:\Users\ERIN_JAVALead\.m2\repository\com\microsoft\sqlserver\mssql-jdbc\12.4.1.jre11\mssql-jdbc-12.4.1.jre11.jar;C:\Users\ERIN_JAVALead\.m2\repository\org\projectlombok\lombok\1.18.30\lombok-1.18.30.jar;C:\Users\ERIN_JAVALead\.m2\repository\com\h2database\h2\2.1.214\h2-2.1.214.jar;C:\Users\ERIN_JAVALead\.m2\repository\jakarta\xml\bind\jakarta.xml.bind-api\4.0.1\jakarta.xml.bind-api-4.0.1.jar;C:\Users\ERIN_JAVALead\.m2\repository\jakarta\activation\jakarta.activation-api\2.1.2\jakarta.activation-api-2.1.2.jar;C:\Users\ERIN_JAVALead\.m2\repository\org\springframework\spring-core\6.0.13\spring-core-6.0.13.jar;C:\Users\ERIN_JAVALead\.m2\repository\org\springframework\spring-jcl\6.0.13\spring-jcl-6.0.13.jar;C:\Users\ERIN_JAVALead\.m2\repository\org\springframework\boot\spring-boot-starter-security\3.1.5\spring-boot-starter-security-3.1.5.jar;C:\Users\ERIN_JAVALead\.m2\repository\org\springframework\spring-aop\6.0.13\spring-aop-6.0.13.jar;C:\Users\ERIN_JAVALead\.m2\repository\org\springframework\security\spring-security-config\6.1.5\spring-security-config-6.1.5.jar;C:\Users\ERIN_JAVALead\.m2\repository\org\springframework\security\spring-security-web\6.1.5\spring-security-web-6.1.5.jar;C:\Users\ERIN_JAVALead\.m2\repository\org\springframework\security\spring-security-core\6.1.5\spring-security-core-6.1.5.jar;C:\Users\ERIN_JAVALead\.m2\repository\org\springframework\security\spring-security-crypto\6.1.5\spring-security-crypto-6.1.5.jar
Launcher Type: SUN_STANDARD

[Global flags]
     intx CICompilerCount                          = 3                                         {product} {ergonomic}
     uint ConcGCThreads                            = 1                                         {product} {ergonomic}
     uint G1ConcRefinementThreads                  = 4                                         {product} {ergonomic}
   size_t G1HeapRegionSize                         = 1048576                                   {product} {ergonomic}
    uintx GCDrainStackTargetSize                   = 64                                        {product} {ergonomic}
   size_t InitialHeapSize                          = 67108864                                  {product} {ergonomic}
   size_t MarkStackSize                            = 4194304                                   {product} {ergonomic}
   size_t MaxHeapSize                              = 1052770304                                {product} {ergonomic}
   size_t MaxNewSize                               = 631242752                                 {product} {ergonomic}
   size_t MinHeapDeltaBytes                        = 1048576                                   {product} {ergonomic}
   size_t MinHeapSize                              = 8388608                                   {product} {ergonomic}
    uintx NonNMethodCodeHeapSize                   = 5832780                                {pd product} {ergonomic}
    uintx NonProfiledCodeHeapSize                  = 122912730                              {pd product} {ergonomic}
    uintx ProfiledCodeHeapSize                     = 122912730                              {pd product} {ergonomic}
    uintx ReservedCodeCacheSize                    = 251658240                              {pd product} {ergonomic}
     bool SegmentedCodeCache                       = true                                      {product} {ergonomic}
   size_t SoftMaxHeapSize                          = 1052770304                             {manageable} {ergonomic}
     bool UseCompressedClassPointers               = true                           {product lp64_product} {ergonomic}
     bool UseCompressedOops                        = true                           {product lp64_product} {ergonomic}
     bool UseG1GC                                  = true                                      {product} {ergonomic}
     bool UseLargePagesIndividualAllocation        = false                                  {pd product} {ergonomic}

Logging:
Log output configuration:
 #0: stdout all=warning uptime,level,tags foldmultilines=false
 #1: stderr all=off uptime,level,tags foldmultilines=false

Environment Variables:
PATH=C:\WINDOWS\system32;C:\WINDOWS;C:\WINDOWS\System32\Wbem;C:\WINDOWS\System32\WindowsPowerShell\v1.0\;C:\WINDOWS\System32\OpenSSH\;C:\Program Files (x86)\nodejs\;C:\Program Files (x86)\nodejs\npm;C:\Users\ERIN_JAVALead\AppData\Roaming\npm;C:\Program Files\Git\cmd;C:\Program Files (x86)\dotnet\;C:\Program Files (x86)\Microsoft SQL Server\160\DTS\Binn\;C:\Program Files\Azure Data Studio\bin;C:\Program Files (x86)\Microsoft SQL Server\160\Tools\Binn\;C:\Program Files\Microsoft SQL Server\160\Tools\Binn\;C:\Program Files\Microsoft SQL Server\Client SDK\ODBC\170\Tools\Binn\;C:\Program Files\Microsoft SQL Server\160\DTS\Binn\;C:\Users\ERIN_JAVALead\AppData\Local\Microsoft\WindowsApps;;C:\Users\ERIN_JAVALead\AppData\Local\Programs\Microsoft VS Code\bin;C:\Users\ERIN_JAVALead\AppData\Roaming\npm;C:\Program Files\Azure Data Studio\bin
USERNAME=ERIN_JAVALead
OS=Windows_NT
PROCESSOR_IDENTIFIER=Intel64 Family 6 Model 78 Stepping 3, GenuineIntel



---------------  S Y S T E M  ---------------

OS:
 Windows 10 , 64 bit Build 19041 (10.0.19041.3570)
OS uptime: 0 days 1:27 hours

CPU: total 4 (initial active 4) (2 cores per cpu, 2 threads per core) family 6 model 78 stepping 3 microcode 0xcc, cx8, cmov, fxsr, ht, mmx, 3dnowpref, sse, sse2, sse3, ssse3, sse4.1, sse4.2, popcnt, lzcnt, tsc, tscinvbit, avx, avx2, aes, erms, clmul, bmi1, bmi2, adx, fma, vzeroupper, clflush, clflushopt

Memory: 4k page, system-wide physical 4012M (314M free)
TotalPageFile size 6060M (AvailPageFile size 3M)
current process WorkingSet (physical memory assigned to process): 140M, peak: 140M
current process commit charge ("private bytes"): 187M, peak: 187M

vm_info: OpenJDK 64-Bit Server VM (18.0.2+9-FR) for windows-amd64 JRE (18.0.2+9-FR), built on Jul 15 2022 20:03:03 by "Administrator" with MS VC++ 15.9 (VS2017)

END.
