#
# There is insufficient memory for the Java Runtime Environment to continue.
# Native memory allocation (malloc) failed to allocate 32744 bytes for Chunk::new
# Possible reasons:
#   The system is out of physical RAM or swap space
#   The process is running with CompressedOops enabled, and the Java Heap may be blocking the growth of the native heap
# Possible solutions:
#   Reduce memory load on the system
#   Increase physical memory or swap space
#   Check if swap backing store is full
#   Decrease Java heap size (-Xmx/-Xms)
#   Decrease number of Java threads
#   Decrease Java thread stack sizes (-Xss)
#   Set larger code cache with -XX:ReservedCodeCacheSize=
#   JVM is running with Unscaled Compressed Oops mode in which the Java heap is
#     placed in the first 4GB address space. The Java Heap base address is the
#     maximum limit for the native heap growth. Please use -XX:HeapBaseMinAddress
#     to set the Java Heap base and to place the Java Heap above 4GB virtual address.
# This output file may be truncated or incomplete.
#
#  Out of Memory Error (arena.cpp:184), pid=9352, tid=7172
#
# JRE version: OpenJDK Runtime Environment Corretto-18.0.2.9.1 (18.0.2+9) (build 18.0.2+9-FR)
# Java VM: OpenJDK 64-Bit Server VM Corretto-18.0.2.9.1 (18.0.2+9-FR, mixed mode, sharing, tiered, compressed oops, compressed class ptrs, g1 gc, windows-amd64)
# No core dump will be written. Minidumps are not enabled by default on client versions of Windows
#

---------------  S U M M A R Y ------------

Command Line: -agentlib:jdwp=transport=dt_socket,address=127.0.0.1:55761,suspend=y,server=n -javaagent:C:\Users\ERIN_JAVALead\AppData\Local\JetBrains\IdeaIC2021.3\captureAgent\debugger-agent.jar -Dfile.encoding=UTF-8 com.devskiller.tasks.blog.BlogApplication

Host: Intel(R) Core(TM) i3-6006U CPU @ 2.00GHz, 4 cores, 3G,  Windows 10 , 64 bit Build 19041 (10.0.19041.3570)
Time: Mon Oct 30 15:02:35 2023 Central European Standard Time elapsed time: 19.016531 seconds (0d 0h 0m 19s)

---------------  T H R E A D  ---------------

Current thread (0x000001b357560270):  JavaThread "C2 CompilerThread0" daemon [_thread_in_native, id=7172, stack(0x000000073eb00000,0x000000073ec00000)]


Current CompileTask:
C2:  19016 4833       4       jdk.internal.loader.BuiltinClassLoader::defineClass (121 bytes)

Stack: [0x000000073eb00000,0x000000073ec00000]
Native frames: (J=compiled Java code, j=interpreted, Vv=VM code, C=native code)
V  [jvm.dll+0x685a2a]
V  [jvm.dll+0x82ae8d]
V  [jvm.dll+0x82c75e]
V  [jvm.dll+0x82ce03]
V  [jvm.dll+0x25ef4b]
V  [jvm.dll+0xd42d2]
V  [jvm.dll+0xd4665]
V  [jvm.dll+0x6aea1d]
V  [jvm.dll+0x1d8fec]
V  [jvm.dll+0x233b4f]
V  [jvm.dll+0x232f37]
V  [jvm.dll+0x1c0a35]
V  [jvm.dll+0x24212c]
V  [jvm.dll+0x240534]
V  [jvm.dll+0x7df6db]
V  [jvm.dll+0x7d9cba]
V  [jvm.dll+0x6848a5]
C  [ucrtbase.dll+0x21bb2]
C  [KERNEL32.DLL+0x17344]
C  [ntdll.dll+0x526b1]


---------------  P R O C E S S  ---------------

Threads class SMR info:
_java_thread_list=0x000001b35d13d3f0, length=21, elements={
0x000001b33bff5370, 0x000001b357547800, 0x000001b357548460, 0x000001b35755c8b0,
0x000001b35755e260, 0x000001b35755ec00, 0x000001b35755f5a0, 0x000001b357560270,
0x000001b357560c50, 0x000001b357582540, 0x000001b357641300, 0x000001b35b8f16b0,
0x000001b35b91b290, 0x000001b35b91b770, 0x000001b35b93df90, 0x000001b35d5065b0,
0x000001b35d3c2040, 0x000001b35dcb0880, 0x000001b35c920c00, 0x000001b35c9228e0,
0x000001b35c91f8c0
}

Java Threads: ( => current thread )
  0x000001b33bff5370 JavaThread "main" [_thread_blocked, id=9804, stack(0x000000073de00000,0x000000073df00000)]
  0x000001b357547800 JavaThread "Reference Handler" daemon [_thread_blocked, id=8968, stack(0x000000073e500000,0x000000073e600000)]
  0x000001b357548460 JavaThread "Finalizer" daemon [_thread_blocked, id=8500, stack(0x000000073e600000,0x000000073e700000)]
  0x000001b35755c8b0 JavaThread "Signal Dispatcher" daemon [_thread_blocked, id=2144, stack(0x000000073e700000,0x000000073e800000)]
  0x000001b35755e260 JavaThread "Attach Listener" daemon [_thread_blocked, id=8716, stack(0x000000073e800000,0x000000073e900000)]
  0x000001b35755ec00 JavaThread "Service Thread" daemon [_thread_blocked, id=12884, stack(0x000000073e900000,0x000000073ea00000)]
  0x000001b35755f5a0 JavaThread "Monitor Deflation Thread" daemon [_thread_blocked, id=6660, stack(0x000000073ea00000,0x000000073eb00000)]
=>0x000001b357560270 JavaThread "C2 CompilerThread0" daemon [_thread_in_native, id=7172, stack(0x000000073eb00000,0x000000073ec00000)]
  0x000001b357560c50 JavaThread "C1 CompilerThread0" daemon [_thread_blocked, id=13280, stack(0x000000073ec00000,0x000000073ed00000)]
  0x000001b357582540 JavaThread "Sweeper thread" daemon [_thread_blocked, id=6552, stack(0x000000073ed00000,0x000000073ee00000)]
  0x000001b357641300 JavaThread "Common-Cleaner" daemon [_thread_blocked, id=2168, stack(0x000000073ee00000,0x000000073ef00000)]
  0x000001b35b8f16b0 JavaThread "JDWP Transport Listener: dt_socket" daemon [_thread_blocked, id=7652, stack(0x000000073ef00000,0x000000073f000000)]
  0x000001b35b91b290 JavaThread "JDWP Event Helper Thread" daemon [_thread_blocked, id=10280, stack(0x000000073f000000,0x000000073f100000)]
  0x000001b35b91b770 JavaThread "JDWP Command Reader" daemon [_thread_in_native, id=10532, stack(0x000000073f100000,0x000000073f200000)]
  0x000001b35b93df90 JavaThread "Notification Thread" daemon [_thread_blocked, id=3960, stack(0x000000073f200000,0x000000073f300000)]
  0x000001b35d5065b0 JavaThread "Catalina-utility-1" [_thread_blocked, id=8408, stack(0x000000073f700000,0x000000073f800000)]
  0x000001b35d3c2040 JavaThread "Catalina-utility-2" [_thread_blocked, id=12032, stack(0x000000073f800000,0x000000073f900000)]
  0x000001b35dcb0880 JavaThread "container-0" [_thread_blocked, id=1256, stack(0x000000073f900000,0x000000073fa00000)]
  0x000001b35c920c00 JavaThread "mssql-jdbc-shared-timer-core-0" daemon [_thread_blocked, id=7072, stack(0x000000073fb00000,0x000000073fc00000)]
  0x000001b35c9228e0 JavaThread "HikariPool-1 housekeeper" daemon [_thread_blocked, id=5072, stack(0x000000073fc00000,0x000000073fd00000)]
  0x000001b35c91f8c0 JavaThread "HikariPool-1 connection adder" daemon [_thread_blocked, id=12576, stack(0x000000073fd00000,0x000000073fe00000)]

Other Threads:
  0x000001b357544060 VMThread "VM Thread" [stack: 0x000000073e400000,0x000000073e500000] [id=11640]
  0x000001b35b912b70 WatcherThread "VM Periodic Task Thread" [stack: 0x000000073f300000,0x000000073f400000] [id=9316]
  0x000001b33c036970 WorkerThread "GC Thread#0" [stack: 0x000000073df00000,0x000000073e000000] [id=11956]
  0x000001b35bdf8610 WorkerThread "GC Thread#1" [stack: 0x000000073f400000,0x000000073f500000] [id=6988]
  0x000001b35be0b820 WorkerThread "GC Thread#2" [stack: 0x000000073f500000,0x000000073f600000] [id=11664]
  0x000001b35be1d7f0 WorkerThread "GC Thread#3" [stack: 0x000000073f600000,0x000000073f700000] [id=12156]
  0x000001b33c040a30 ConcurrentGCThread "G1 Main Marker" [stack: 0x000000073e000000,0x000000073e100000] [id=4668]
  0x000001b33c041420 WorkerThread "G1 Conc#0" [stack: 0x000000073e100000,0x000000073e200000] [id=2644]
  0x000001b33c06a580 ConcurrentGCThread "G1 Refine#0" [stack: 0x000000073e200000,0x000000073e300000] [id=3816]
  0x000001b33c06ae90 ConcurrentGCThread "G1 Service" [stack: 0x000000073e300000,0x000000073e400000] [id=11912]

Threads with active compile tasks:
C2 CompilerThread0    19087 4833       4       jdk.internal.loader.BuiltinClassLoader::defineClass (121 bytes)

VM state: at safepoint (normal execution)

VM Mutex/Monitor currently owned by a thread:  ([mutex/lock_event])
[0x000001b33bff1fd0] CodeCache_lock - owner thread: 0x000001b357544060
[0x000001b33bff0cb0] Threads_lock - owner thread: 0x000001b357544060

Heap address: 0x00000000c1400000, size: 1004 MB, Compressed Oops mode: 32-bit

CDS archive(s) mapped at: [0x0000000800000000-0x0000000800ba0000-0x0000000800ba0000), size 12189696, SharedBaseAddress: 0x0000000800000000, ArchiveRelocationMode: 0.
Compressed class space mapped at: 0x0000000800c00000-0x0000000840c00000, reserved size: 1073741824
Narrow klass base: 0x0000000800000000, Narrow klass shift: 0, Narrow klass range: 0x100000000

GC Precious Log:
 CardTable entry size: 512
 Card Set container configuration: InlinePtr #cards 5 size 8 Array Of Cards #cards 12 size 40 Howl #buckets 4 coarsen threshold 1843 Howl Bitmap #cards 512 size 80 coarsen threshold 460 Card regions per heap region 1 cards per card region 2048
 CPUs: 4 total, 4 available
 Memory: 4012M
 Large Page Support: Disabled
 NUMA Support: Disabled
 Compressed Oops: Enabled (32-bit)
 Heap Region Size: 1M
 Heap Min Capacity: 8M
 Heap Initial Capacity: 64M
 Heap Max Capacity: 1004M
 Pre-touch: Disabled
 Parallel Workers: 4
 Concurrent Workers: 1
 Concurrent Refinement Workers: 4
 Periodic GC: Disabled

Heap:
 garbage-first heap   total 58368K, used 28350K [0x00000000c1400000, 0x0000000100000000)
  region size 1024K, 9 young (9216K), 3 survivors (3072K)
 Metaspace       used 55830K, committed 56384K, reserved 1114112K
  class space    used 7192K, committed 7424K, reserved 1048576K

Heap Regions: E=young(eden), S=young(survivor), O=old, HS=humongous(starts), HC=humongous(continues), CS=collection set, F=free, OA=open archive, CA=closed archive, TAMS=top-at-mark-start (previous, next)
|   0|0x00000000c1400000, 0x00000000c1500000, 0x00000000c1500000|100%|HS|  |TAMS 0x00000000c1500000, 0x00000000c1400000| Complete 
|   1|0x00000000c1500000, 0x00000000c1600000, 0x00000000c1600000|100%| O|  |TAMS 0x00000000c1600000, 0x00000000c1500000| Untracked 
|   2|0x00000000c1600000, 0x00000000c1700000, 0x00000000c1700000|100%| O|  |TAMS 0x00000000c1700000, 0x00000000c1600000| Untracked 
|   3|0x00000000c1700000, 0x00000000c1800000, 0x00000000c1800000|100%| O|  |TAMS 0x00000000c1800000, 0x00000000c1700000| Untracked 
|   4|0x00000000c1800000, 0x00000000c1900000, 0x00000000c1900000|100%| O|  |TAMS 0x00000000c1900000, 0x00000000c1800000| Untracked 
|   5|0x00000000c1900000, 0x00000000c1a00000, 0x00000000c1a00000|100%| O|  |TAMS 0x00000000c1a00000, 0x00000000c1900000| Untracked 
|   6|0x00000000c1a00000, 0x00000000c1b00000, 0x00000000c1b00000|100%| O|  |TAMS 0x00000000c1b00000, 0x00000000c1a00000| Untracked 
|   7|0x00000000c1b00000, 0x00000000c1c00000, 0x00000000c1c00000|100%| O|  |TAMS 0x00000000c1c00000, 0x00000000c1b00000| Untracked 
|   8|0x00000000c1c00000, 0x00000000c1d00000, 0x00000000c1d00000|100%| O|  |TAMS 0x00000000c1d00000, 0x00000000c1c00000| Untracked 
|   9|0x00000000c1d00000, 0x00000000c1e00000, 0x00000000c1e00000|100%| O|  |TAMS 0x00000000c1d00000, 0x00000000c1d00000| Untracked 
|  10|0x00000000c1e00000, 0x00000000c1f00000, 0x00000000c1f00000|100%| O|  |TAMS 0x00000000c1f00000, 0x00000000c1e00000| Untracked 
|  11|0x00000000c1f00000, 0x00000000c2000000, 0x00000000c2000000|100%| O|  |TAMS 0x00000000c2000000, 0x00000000c1f00000| Untracked 
|  12|0x00000000c2000000, 0x00000000c2100000, 0x00000000c2100000|100%| O|  |TAMS 0x00000000c2100000, 0x00000000c2000000| Untracked 
|  13|0x00000000c2100000, 0x00000000c2200000, 0x00000000c2200000|100%| O|  |TAMS 0x00000000c2200000, 0x00000000c2100000| Untracked 
|  14|0x00000000c2200000, 0x00000000c2300000, 0x00000000c2300000|100%| O|  |TAMS 0x00000000c2300000, 0x00000000c2200000| Untracked 
|  15|0x00000000c2300000, 0x00000000c2400000, 0x00000000c2400000|100%| O|  |TAMS 0x00000000c2300000, 0x00000000c2300000| Untracked 
|  16|0x00000000c2400000, 0x00000000c2500000, 0x00000000c2500000|100%| O|  |TAMS 0x00000000c2400000, 0x00000000c2400000| Untracked 
|  17|0x00000000c2500000, 0x00000000c25b8800, 0x00000000c2600000| 72%| O|  |TAMS 0x00000000c2500000, 0x00000000c2500000| Untracked 
|  18|0x00000000c2600000, 0x00000000c2600000, 0x00000000c2700000|  0%| F|  |TAMS 0x00000000c2600000, 0x00000000c2600000| Untracked 
|  19|0x00000000c2700000, 0x00000000c2800000, 0x00000000c2800000|100%| O|  |TAMS 0x00000000c2800000, 0x00000000c2700000| Untracked 
|  20|0x00000000c2800000, 0x00000000c2900000, 0x00000000c2900000|100%| O|  |TAMS 0x00000000c283a800, 0x00000000c2800000| Untracked 
|  21|0x00000000c2900000, 0x00000000c2900000, 0x00000000c2a00000|  0%| F|  |TAMS 0x00000000c2900000, 0x00000000c2900000| Untracked 
|  22|0x00000000c2a00000, 0x00000000c2a00000, 0x00000000c2b00000|  0%| F|  |TAMS 0x00000000c2a00000, 0x00000000c2a00000| Untracked 
|  23|0x00000000c2b00000, 0x00000000c2b00000, 0x00000000c2c00000|  0%| F|  |TAMS 0x00000000c2b00000, 0x00000000c2b00000| Untracked 
|  24|0x00000000c2c00000, 0x00000000c2c00000, 0x00000000c2d00000|  0%| F|  |TAMS 0x00000000c2c00000, 0x00000000c2c00000| Untracked 
|  25|0x00000000c2d00000, 0x00000000c2d00000, 0x00000000c2e00000|  0%| F|  |TAMS 0x00000000c2d00000, 0x00000000c2d00000| Untracked 
|  26|0x00000000c2e00000, 0x00000000c2e00000, 0x00000000c2f00000|  0%| F|  |TAMS 0x00000000c2e00000, 0x00000000c2e00000| Untracked 
|  27|0x00000000c2f00000, 0x00000000c2ff7158, 0x00000000c3000000| 96%| S|CS|TAMS 0x00000000c2f00000, 0x00000000c2f00000| Complete 
|  28|0x00000000c3000000, 0x00000000c3100000, 0x00000000c3100000|100%| S|CS|TAMS 0x00000000c3000000, 0x00000000c3000000| Complete 
|  29|0x00000000c3100000, 0x00000000c3200000, 0x00000000c3200000|100%| S|CS|TAMS 0x00000000c3100000, 0x00000000c3100000| Complete 
|  30|0x00000000c3200000, 0x00000000c3200000, 0x00000000c3300000|  0%| F|  |TAMS 0x00000000c3200000, 0x00000000c3200000| Untracked 
|  31|0x00000000c3300000, 0x00000000c3300000, 0x00000000c3400000|  0%| F|  |TAMS 0x00000000c3300000, 0x00000000c3300000| Untracked 
|  32|0x00000000c3400000, 0x00000000c3400000, 0x00000000c3500000|  0%| F|  |TAMS 0x00000000c3400000, 0x00000000c3400000| Untracked 
|  33|0x00000000c3500000, 0x00000000c3500000, 0x00000000c3600000|  0%| F|  |TAMS 0x00000000c3500000, 0x00000000c3500000| Untracked 
|  34|0x00000000c3600000, 0x00000000c3600000, 0x00000000c3700000|  0%| F|  |TAMS 0x00000000c3600000, 0x00000000c3600000| Untracked 
|  35|0x00000000c3700000, 0x00000000c3700000, 0x00000000c3800000|  0%| F|  |TAMS 0x00000000c3700000, 0x00000000c3700000| Untracked 
|  36|0x00000000c3800000, 0x00000000c3800000, 0x00000000c3900000|  0%| F|  |TAMS 0x00000000c3800000, 0x00000000c3800000| Untracked 
|  37|0x00000000c3900000, 0x00000000c3900000, 0x00000000c3a00000|  0%| F|  |TAMS 0x00000000c3900000, 0x00000000c3900000| Untracked 
|  38|0x00000000c3a00000, 0x00000000c3a00000, 0x00000000c3b00000|  0%| F|  |TAMS 0x00000000c3a00000, 0x00000000c3a00000| Untracked 
|  39|0x00000000c3b00000, 0x00000000c3b00000, 0x00000000c3c00000|  0%| F|  |TAMS 0x00000000c3b00000, 0x00000000c3b00000| Untracked 
|  40|0x00000000c3c00000, 0x00000000c3c00000, 0x00000000c3d00000|  0%| F|  |TAMS 0x00000000c3c00000, 0x00000000c3c00000| Untracked 
|  41|0x00000000c3d00000, 0x00000000c3d00000, 0x00000000c3e00000|  0%| F|  |TAMS 0x00000000c3d00000, 0x00000000c3d00000| Untracked 
|  42|0x00000000c3e00000, 0x00000000c3e00000, 0x00000000c3f00000|  0%| F|  |TAMS 0x00000000c3e00000, 0x00000000c3e00000| Untracked 
|  43|0x00000000c3f00000, 0x00000000c3f00000, 0x00000000c4000000|  0%| F|  |TAMS 0x00000000c3f00000, 0x00000000c3f00000| Untracked 
|  44|0x00000000c4000000, 0x00000000c4000000, 0x00000000c4100000|  0%| F|  |TAMS 0x00000000c4000000, 0x00000000c4000000| Untracked 
|  45|0x00000000c4100000, 0x00000000c4100000, 0x00000000c4200000|  0%| F|  |TAMS 0x00000000c4100000, 0x00000000c4100000| Untracked 
|  46|0x00000000c4200000, 0x00000000c4200000, 0x00000000c4300000|  0%| F|  |TAMS 0x00000000c4200000, 0x00000000c4200000| Untracked 
|  47|0x00000000c4300000, 0x00000000c4300000, 0x00000000c4400000|  0%| F|  |TAMS 0x00000000c4300000, 0x00000000c4300000| Untracked 
|  48|0x00000000c4400000, 0x00000000c4400000, 0x00000000c4500000|  0%| F|  |TAMS 0x00000000c4400000, 0x00000000c4400000| Untracked 
|  49|0x00000000c4500000, 0x00000000c4500000, 0x00000000c4600000|  0%| F|  |TAMS 0x00000000c4500000, 0x00000000c4500000| Untracked 
|  50|0x00000000c4600000, 0x00000000c4600000, 0x00000000c4700000|  0%| F|  |TAMS 0x00000000c4600000, 0x00000000c4600000| Untracked 
|  51|0x00000000c4700000, 0x00000000c47e3c30, 0x00000000c4800000| 88%| E|  |TAMS 0x00000000c4700000, 0x00000000c4700000| Complete 
|  52|0x00000000c4800000, 0x00000000c4900000, 0x00000000c4900000|100%| E|CS|TAMS 0x00000000c4800000, 0x00000000c4800000| Complete 
|  53|0x00000000c4900000, 0x00000000c4a00000, 0x00000000c4a00000|100%| E|CS|TAMS 0x00000000c4900000, 0x00000000c4900000| Complete 
|  54|0x00000000c4a00000, 0x00000000c4b00000, 0x00000000c4b00000|100%| E|CS|TAMS 0x00000000c4a00000, 0x00000000c4a00000| Complete 
|  55|0x00000000c4b00000, 0x00000000c4c00000, 0x00000000c4c00000|100%| E|CS|TAMS 0x00000000c4b00000, 0x00000000c4b00000| Complete 
|  63|0x00000000c5300000, 0x00000000c5400000, 0x00000000c5400000|100%| E|CS|TAMS 0x00000000c5300000, 0x00000000c5300000| Complete 

Card table byte_map: [0x000001b352dc0000,0x000001b352fc0000] _byte_map_base: 0x000001b3527b6000

Marking Bits (Prev, Next): (CMBitMap*) 0x000001b33c038380, (CMBitMap*) 0x000001b33c0383c0
 Prev Bits: [0x000001b3531c0000, 0x000001b354170000)
 Next Bits: [0x000001b354170000, 0x000001b355120000)

Polling page: 0x000001b339fc0000

Metaspace:

Usage:
  Non-class:     47.50 MB used.
      Class:      7.02 MB used.
       Both:     54.52 MB used.

Virtual space:
  Non-class space:       64.00 MB reserved,      47.81 MB ( 75%) committed,  1 nodes.
      Class space:        1.00 GB reserved,       7.25 MB ( <1%) committed,  1 nodes.
             Both:        1.06 GB reserved,      55.06 MB (  5%) committed. 

Chunk freelists:
   Non-Class:  80.00 KB
       Class:  768.00 KB
        Both:  848.00 KB

MaxMetaspaceSize: unlimited
CompressedClassSpaceSize: 1.00 GB
Initial GC threshold: 21.00 MB
Current GC threshold: 59.19 MB
CDS: on
MetaspaceReclaimPolicy: balanced
 - commit_granule_bytes: 65536.
 - commit_granule_words: 8192.
 - virtual_space_node_default_size: 8388608.
 - enlarge_chunks_in_place: 1.
 - new_chunks_are_fully_committed: 0.
 - uncommit_free_chunks: 1.
 - use_allocation_guard: 0.


Internal statistics:

num_allocs_failed_limit: 9.
num_arena_births: 766.
num_arena_deaths: 0.
num_vsnodes_births: 2.
num_vsnodes_deaths: 0.
num_space_committed: 881.
num_space_uncommitted: 0.
num_chunks_returned_to_freelist: 9.
num_chunks_taken_from_freelist: 2582.
num_chunk_merges: 6.
num_chunk_splits: 1884.
num_chunks_enlarged: 1540.
num_inconsistent_stats: 0.

CodeHeap 'non-profiled nmethods': size=120000Kb used=2429Kb max_used=2429Kb free=117570Kb
 bounds [0x000001b34b690000, 0x000001b34b900000, 0x000001b352bc0000]
CodeHeap 'profiled nmethods': size=120000Kb used=10637Kb max_used=10637Kb free=109363Kb
 bounds [0x000001b344160000, 0x000001b344bd0000, 0x000001b34b690000]
CodeHeap 'non-nmethods': size=5760Kb used=1426Kb max_used=1448Kb free=4334Kb
 bounds [0x000001b343bc0000, 0x000001b343e30000, 0x000001b344160000]
 total_blobs=5610 nmethods=4929 adapters=593
 compilation: enabled
              stopped_count=0, restarted_count=0
 full_count=0

Compilation events (20 events):
Event: 18.995 Thread 0x000001b357560c50 5027       2       org.springframework.data.repository.core.support.RepositoryComposition$$Lambda$1049/0x00000008013337b0::<init> (10 bytes)
Event: 18.995 Thread 0x000001b357560c50 nmethod 5027 0x000001b344bba890 code [0x000001b344bbaa20, 0x000001b344bbab78]
Event: 18.995 Thread 0x000001b357560c50 5028       2       org.springframework.core.annotation.AnnotationUtils::findAnnotation (70 bytes)
Event: 18.997 Thread 0x000001b357560c50 nmethod 5028 0x000001b344bbac10 code [0x000001b344bbaec0, 0x000001b344bbb738]
Event: 18.997 Thread 0x000001b357560c50 5036       2       org.springframework.data.repository.core.support.RepositoryComposition$RepositoryFragments::findMethod (83 bytes)
Event: 18.999 Thread 0x000001b357560c50 nmethod 5036 0x000001b344bbbc90 code [0x000001b344bbbee0, 0x000001b344bbc588]
Event: 18.999 Thread 0x000001b357560c50 5029       2       org.springframework.data.repository.core.support.MethodLookup$$Lambda$1035/0x000000080132b990::getLookups (14 bytes)
Event: 18.999 Thread 0x000001b357560c50 nmethod 5029 0x000001b344bbca10 code [0x000001b344bbcbc0, 0x000001b344bbcd68]
Event: 18.999 Thread 0x000001b357560c50 5030       2       org.springframework.data.repository.core.support.MethodLookup::lambda$and$0 (37 bytes)
Event: 19.000 Thread 0x000001b357560c50 nmethod 5030 0x000001b344bbce90 code [0x000001b344bbd080, 0x000001b344bbd328]
Event: 19.000 Thread 0x000001b357560c50 5031       2       org.springframework.data.repository.core.support.MethodLookups$$Lambda$1034/0x000000080132b540::getLookups (8 bytes)
Event: 19.000 Thread 0x000001b357560c50 nmethod 5031 0x000001b344bbd510 code [0x000001b344bbd6a0, 0x000001b344bbd858]
Event: 19.000 Thread 0x000001b357560c50 5032       2       org.springframework.data.repository.core.support.MethodLookups::lambda$direct$1 (5 bytes)
Event: 19.000 Thread 0x000001b357560c50 nmethod 5032 0x000001b344bbd990 code [0x000001b344bbdb20, 0x000001b344bbdcb8]
Event: 19.000 Thread 0x000001b357560c50 5033       2       org.springframework.data.repository.core.support.MethodLookups$RepositoryAwareMethodLookup::getLookups (12 bytes)
Event: 19.001 Thread 0x000001b357560c50 nmethod 5033 0x000001b344bbdd90 code [0x000001b344bbdf40, 0x000001b344bbe1a8]
Event: 19.001 Thread 0x000001b357560c50 5035       2       java.util.stream.Streams$ConcatSpliterator::estimateSize (51 bytes)
Event: 19.002 Thread 0x000001b357560c50 nmethod 5035 0x000001b344bbe390 code [0x000001b344bbe560, 0x000001b344bbe748]
Event: 19.002 Thread 0x000001b357560c50 5034       2       org.springframework.data.repository.core.support.MethodLookups$RepositoryAwareMethodLookup$$Lambda$1050/0x00000008013339c0::<init> (10 bytes)
Event: 19.002 Thread 0x000001b357560c50 nmethod 5034 0x000001b344bbe810 code [0x000001b344bbe9a0, 0x000001b344bbeaf8]

GC Heap History (20 events):
Event: 10.057 GC heap before
{Heap before GC invocations=4 (full 0):
 garbage-first heap   total 65536K, used 39245K [0x00000000c1400000, 0x0000000100000000)
  region size 1024K, 34 young (34816K), 5 survivors (5120K)
 Metaspace       used 21149K, committed 21504K, reserved 1114112K
  class space    used 2547K, committed 2688K, reserved 1048576K
}
Event: 10.080 GC heap after
{Heap after GC invocations=5 (full 0):
 garbage-first heap   total 65536K, used 12229K [0x00000000c1400000, 0x0000000100000000)
  region size 1024K, 3 young (3072K), 3 survivors (3072K)
 Metaspace       used 21149K, committed 21504K, reserved 1114112K
  class space    used 2547K, committed 2688K, reserved 1048576K
}
Event: 11.582 GC heap before
{Heap before GC invocations=6 (full 0):
 garbage-first heap   total 48128K, used 37829K [0x00000000c1400000, 0x0000000100000000)
  region size 1024K, 28 young (28672K), 3 survivors (3072K)
 Metaspace       used 26637K, committed 27072K, reserved 1114112K
  class space    used 3254K, committed 3456K, reserved 1048576K
}
Event: 11.607 GC heap after
{Heap after GC invocations=7 (full 0):
 garbage-first heap   total 48128K, used 15775K [0x00000000c1400000, 0x0000000100000000)
  region size 1024K, 4 young (4096K), 4 survivors (4096K)
 Metaspace       used 26637K, committed 27072K, reserved 1114112K
  class space    used 3254K, committed 3456K, reserved 1048576K
}
Event: 11.661 GC heap before
{Heap before GC invocations=7 (full 0):
 garbage-first heap   total 48128K, used 16799K [0x00000000c1400000, 0x0000000100000000)
  region size 1024K, 5 young (5120K), 4 survivors (4096K)
 Metaspace       used 26816K, committed 27264K, reserved 1114112K
  class space    used 3281K, committed 3520K, reserved 1048576K
}
Event: 11.678 GC heap after
{Heap after GC invocations=8 (full 0):
 garbage-first heap   total 48128K, used 16181K [0x00000000c1400000, 0x0000000100000000)
  region size 1024K, 1 young (1024K), 1 survivors (1024K)
 Metaspace       used 26816K, committed 27264K, reserved 1114112K
  class space    used 3281K, committed 3520K, reserved 1048576K
}
Event: 12.975 GC heap before
{Heap before GC invocations=8 (full 0):
 garbage-first heap   total 48128K, used 32565K [0x00000000c1400000, 0x0000000100000000)
  region size 1024K, 18 young (18432K), 1 survivors (1024K)
 Metaspace       used 30499K, committed 31040K, reserved 1114112K
  class space    used 3712K, committed 3968K, reserved 1048576K
}
Event: 12.980 GC heap after
{Heap after GC invocations=9 (full 0):
 garbage-first heap   total 48128K, used 17151K [0x00000000c1400000, 0x0000000100000000)
  region size 1024K, 2 young (2048K), 2 survivors (2048K)
 Metaspace       used 30499K, committed 31040K, reserved 1114112K
  class space    used 3712K, committed 3968K, reserved 1048576K
}
Event: 13.950 GC heap before
{Heap before GC invocations=9 (full 0):
 garbage-first heap   total 48128K, used 33535K [0x00000000c1400000, 0x0000000100000000)
  region size 1024K, 19 young (19456K), 2 survivors (2048K)
 Metaspace       used 34433K, committed 34880K, reserved 1114112K
  class space    used 4336K, committed 4544K, reserved 1048576K
}
Event: 13.954 GC heap after
{Heap after GC invocations=10 (full 0):
 garbage-first heap   total 48128K, used 17960K [0x00000000c1400000, 0x0000000100000000)
  region size 1024K, 3 young (3072K), 3 survivors (3072K)
 Metaspace       used 34433K, committed 34880K, reserved 1114112K
  class space    used 4336K, committed 4544K, reserved 1048576K
}
Event: 14.214 GC heap before
{Heap before GC invocations=10 (full 0):
 garbage-first heap   total 48128K, used 21032K [0x00000000c1400000, 0x0000000100000000)
  region size 1024K, 8 young (8192K), 3 survivors (3072K)
 Metaspace       used 35482K, committed 35968K, reserved 1114112K
  class space    used 4432K, committed 4672K, reserved 1048576K
}
Event: 14.219 GC heap after
{Heap after GC invocations=11 (full 0):
 garbage-first heap   total 48128K, used 18084K [0x00000000c1400000, 0x0000000100000000)
  region size 1024K, 1 young (1024K), 1 survivors (1024K)
 Metaspace       used 35482K, committed 35968K, reserved 1114112K
  class space    used 4432K, committed 4672K, reserved 1048576K
}
Event: 15.573 GC heap before
{Heap before GC invocations=12 (full 0):
 garbage-first heap   total 48128K, used 36516K [0x00000000c1400000, 0x0000000100000000)
  region size 1024K, 20 young (20480K), 1 survivors (1024K)
 Metaspace       used 41859K, committed 42368K, reserved 1114112K
  class space    used 5175K, committed 5440K, reserved 1048576K
}
Event: 15.578 GC heap after
{Heap after GC invocations=13 (full 0):
 garbage-first heap   total 48128K, used 19222K [0x00000000c1400000, 0x0000000100000000)
  region size 1024K, 3 young (3072K), 3 survivors (3072K)
 Metaspace       used 41859K, committed 42368K, reserved 1114112K
  class space    used 5175K, committed 5440K, reserved 1048576K
}
Event: 16.523 GC heap before
{Heap before GC invocations=13 (full 0):
 garbage-first heap   total 48128K, used 36630K [0x00000000c1400000, 0x0000000100000000)
  region size 1024K, 20 young (20480K), 3 survivors (3072K)
 Metaspace       used 44428K, committed 44928K, reserved 1114112K
  class space    used 5506K, committed 5760K, reserved 1048576K
}
Event: 16.530 GC heap after
{Heap after GC invocations=14 (full 0):
 garbage-first heap   total 58368K, used 20185K [0x00000000c1400000, 0x0000000100000000)
  region size 1024K, 3 young (3072K), 3 survivors (3072K)
 Metaspace       used 44428K, committed 44928K, reserved 1114112K
  class space    used 5506K, committed 5760K, reserved 1048576K
}
Event: 17.826 GC heap before
{Heap before GC invocations=14 (full 0):
 garbage-first heap   total 58368K, used 43737K [0x00000000c1400000, 0x0000000100000000)
  region size 1024K, 27 young (27648K), 3 survivors (3072K)
 Metaspace       used 50753K, committed 51328K, reserved 1114112K
  class space    used 6524K, committed 6784K, reserved 1048576K
}
Event: 17.832 GC heap after
{Heap after GC invocations=15 (full 0):
 garbage-first heap   total 58368K, used 21250K [0x00000000c1400000, 0x0000000100000000)
  region size 1024K, 3 young (3072K), 3 survivors (3072K)
 Metaspace       used 50753K, committed 51328K, reserved 1114112K
  class space    used 6524K, committed 6784K, reserved 1048576K
}
Event: 18.926 GC heap before
{Heap before GC invocations=15 (full 0):
 garbage-first heap   total 58368K, used 44802K [0x00000000c1400000, 0x0000000100000000)
  region size 1024K, 27 young (27648K), 3 survivors (3072K)
 Metaspace       used 55545K, committed 56128K, reserved 1114112K
  class space    used 7147K, committed 7424K, reserved 1048576K
}
Event: 18.933 GC heap after
{Heap after GC invocations=16 (full 0):
 garbage-first heap   total 58368K, used 23230K [0x00000000c1400000, 0x0000000100000000)
  region size 1024K, 3 young (3072K), 3 survivors (3072K)
 Metaspace       used 55545K, committed 56128K, reserved 1114112K
  class space    used 7147K, committed 7424K, reserved 1048576K
}

Deoptimization events (20 events):
Event: 18.957 Thread 0x000001b33bff5370 DEOPT PACKING pc=0x000001b34431ebdc sp=0x000000073defbd10
Event: 18.957 Thread 0x000001b33bff5370 DEOPT UNPACKING pc=0x000001b343c12b43 sp=0x000000073defb1e8 mode 1
Event: 18.960 Thread 0x000001b33bff5370 DEOPT PACKING pc=0x000001b34431f0e4 sp=0x000000073defb750
Event: 18.960 Thread 0x000001b33bff5370 DEOPT UNPACKING pc=0x000001b343c12b43 sp=0x000000073defac18 mode 1
Event: 18.960 Thread 0x000001b33bff5370 DEOPT PACKING pc=0x000001b34431ebdc sp=0x000000073defb7e0
Event: 18.960 Thread 0x000001b33bff5370 DEOPT UNPACKING pc=0x000001b343c12b43 sp=0x000000073defaca0 mode 1
Event: 18.960 Thread 0x000001b33bff5370 DEOPT PACKING pc=0x000001b34458665c sp=0x000000073defb860
Event: 18.960 Thread 0x000001b33bff5370 DEOPT UNPACKING pc=0x000001b343c12b43 sp=0x000000073defae98 mode 1
Event: 18.961 Thread 0x000001b33bff5370 DEOPT PACKING pc=0x000001b34431f0e4 sp=0x000000073defb8a0
Event: 18.961 Thread 0x000001b33bff5370 DEOPT UNPACKING pc=0x000001b343c12b43 sp=0x000000073defad68 mode 1
Event: 18.961 Thread 0x000001b33bff5370 DEOPT PACKING pc=0x000001b34431ebdc sp=0x000000073defb930
Event: 18.961 Thread 0x000001b33bff5370 DEOPT UNPACKING pc=0x000001b343c12b43 sp=0x000000073defae08 mode 1
Event: 18.993 Thread 0x000001b33bff5370 Uncommon trap: trap_request=0xffffff45 fr.pc=0x000001b34b872ee4 relative=0x0000000000001c64
Event: 18.993 Thread 0x000001b33bff5370 Uncommon trap: reason=unstable_if action=reinterpret pc=0x000001b34b872ee4 method=java.util.HashMap.putVal(ILjava/lang/Object;Ljava/lang/Object;ZZ)Ljava/lang/Object; @ 206 c2
Event: 18.993 Thread 0x000001b33bff5370 DEOPT PACKING pc=0x000001b34b872ee4 sp=0x000000073defc500
Event: 18.993 Thread 0x000001b33bff5370 DEOPT UNPACKING pc=0x000001b343c123a3 sp=0x000000073defc400 mode 2
Event: 18.994 Thread 0x000001b33bff5370 Uncommon trap: trap_request=0xffffff45 fr.pc=0x000001b34b88a73c relative=0x00000000000009bc
Event: 18.994 Thread 0x000001b33bff5370 Uncommon trap: reason=unstable_if action=reinterpret pc=0x000001b34b88a73c method=java.util.HashMap.putVal(ILjava/lang/Object;Ljava/lang/Object;ZZ)Ljava/lang/Object; @ 206 c2
Event: 18.994 Thread 0x000001b33bff5370 DEOPT PACKING pc=0x000001b34b88a73c sp=0x000000073defc460
Event: 18.994 Thread 0x000001b33bff5370 DEOPT UNPACKING pc=0x000001b343c123a3 sp=0x000000073defc418 mode 2

Classes loaded (20 events):
Event: 18.963 Loading class org/springframework/aop/interceptor/ExposeInvocationInterceptor$1
Event: 18.963 Loading class org/springframework/aop/interceptor/ExposeInvocationInterceptor$1 done
Event: 18.963 Loading class org/springframework/aop/support/DefaultPointcutAdvisor
Event: 18.963 Loading class org/springframework/aop/support/DefaultPointcutAdvisor done
Event: 18.964 Loading class org/springframework/aop/support/AbstractGenericPointcutAdvisor
Event: 18.964 Loading class org/springframework/aop/support/AbstractGenericPointcutAdvisor done
Event: 18.965 Loading class org/springframework/aop/TruePointcut
Event: 18.965 Loading class org/springframework/aop/TruePointcut done
Event: 18.965 Loading class org/springframework/data/repository/core/support/RepositoryFactorySupport
Event: 18.965 Loading class org/springframework/data/repository/core/support/RepositoryFactorySupport done
Event: 18.966 Loading class org/springframework/core/metrics/ApplicationStartup
Event: 18.966 Loading class org/springframework/core/metrics/ApplicationStartup done
Event: 18.966 Loading class org/springframework/data/repository/core/support/RepositoryProxyPostProcessor
Event: 18.966 Loading class org/springframework/data/repository/core/support/RepositoryProxyPostProcessor done
Event: 18.966 Loading class org/springframework/data/jpa/repository/support/CrudMethodMetadataPostProcessor$CrudMethodMetadataPopulatingMethodInterceptor
Event: 18.966 Loading class org/springframework/data/jpa/repository/support/CrudMethodMetadataPostProcessor$CrudMethodMetadataPopulatingMethodInterceptor done
Event: 18.968 Loading class org/springframework/data/repository/core/RepositoryInformation
Event: 18.968 Loading class org/springframework/data/repository/core/RepositoryInformation done
Event: 18.968 Loading class org/springframework/data/repository/core/RepositoryInformation
Event: 18.968 Loading class org/springframework/data/repository/core/RepositoryInformation done

Classes unloaded (0 events):
No events

Classes redefined (0 events):
No events

Internal exceptions (20 events):
Event: 15.693 Thread 0x000001b33bff5370 Exception <a 'java/lang/NoSuchMethodError'{0x00000000c3f40f08}: 'java.lang.Object java.lang.invoke.DirectMethodHandle$Holder.invokeSpecial(java.lang.Object, java.lang.Object, java.lang.Object, java.lang.Object, int)'> (0x00000000c3f40f08) 
thrown [s\src\hotspot\share\interpreter\linkResolver.cpp, line 759]
Event: 15.694 Thread 0x000001b33bff5370 Exception <a 'java/lang/NoSuchMethodError'{0x00000000c3f44610}: 'java.lang.Object java.lang.invoke.Invokers$Holder.linkToTargetMethod(java.lang.Object, java.lang.Object, int, java.lang.Object)'> (0x00000000c3f44610) 
thrown [s\src\hotspot\share\interpreter\linkResolver.cpp, line 759]
Event: 16.460 Thread 0x000001b33bff5370 Exception <a 'java/lang/NoSuchMethodError'{0x00000000c35def78}: 'java.lang.Object java.lang.invoke.DirectMethodHandle$Holder.newInvokeSpecial(java.lang.Object, java.lang.Object, int)'> (0x00000000c35def78) 
thrown [s\src\hotspot\share\interpreter\linkResolver.cpp, line 759]
Event: 16.460 Thread 0x000001b33bff5370 Implicit null exception at 0x000001b34b827a60 to 0x000001b34b827cd0
Event: 16.981 Thread 0x000001b33bff5370 Exception <a 'java/lang/NoSuchMethodError'{0x00000000c4451bc0}: 'java.lang.Object java.lang.invoke.DirectMethodHandle$Holder.invokeStatic(java.lang.Object, java.lang.Object, int, java.lang.Object)'> (0x00000000c4451bc0) 
thrown [s\src\hotspot\share\interpreter\linkResolver.cpp, line 759]
Event: 16.982 Thread 0x000001b33bff5370 Exception <a 'java/lang/NoSuchMethodError'{0x00000000c4455890}: 'java.lang.Object java.lang.invoke.DirectMethodHandle$Holder.invokeStaticInit(java.lang.Object, java.lang.Object, int, java.lang.Object)'> (0x00000000c4455890) 
thrown [s\src\hotspot\share\interpreter\linkResolver.cpp, line 759]
Event: 17.070 Thread 0x000001b33bff5370 Exception <a 'java/lang/IncompatibleClassChangeError'{0x00000000c4218b70}: Found class java.lang.Object, but interface was expected> (0x00000000c4218b70) 
thrown [s\src\hotspot\share\interpreter\linkResolver.cpp, line 826]
Event: 18.036 Thread 0x000001b33bff5370 Exception <a 'java/lang/NoSuchMethodError'{0x00000000c49b6130}: 'int java.lang.invoke.DirectMethodHandle$Holder.invokeStatic(java.lang.Object, java.lang.Object, java.lang.Object, java.lang.Object, java.lang.Object)'> (0x00000000c49b6130) 
thrown [s\src\hotspot\share\interpreter\linkResolver.cpp, line 759]
Event: 18.039 Thread 0x000001b33bff5370 Exception <a 'java/lang/NoSuchMethodError'{0x00000000c49c9aa0}: 'java.lang.Object java.lang.invoke.DirectMethodHandle$Holder.newInvokeSpecial(java.lang.Object, java.lang.Object, java.lang.Object, java.lang.Object, java.lang.Object, java.lang.Object, java.lang.Object)'> (0x00000000c49c9aa0) 
thrown [s\src\hotspot\share\interpreter\linkResolver.cpp, line 759]
Event: 18.156 Thread 0x000001b33bff5370 Exception <a 'java/lang/NoSuchMethodError'{0x00000000c47fb138}: 'void java.lang.invoke.DirectMethodHandle$Holder.invokeSpecial(java.lang.Object, java.lang.Object, java.lang.Object, java.lang.Object, java.lang.Object, java.lang.Object, java.lang.Object, java.lang.Object)'> (0x00000000c47fb138) 
thrown [s\src\hotspot\share\interpreter\linkResolver.cpp, line 759]
Event: 18.165 Thread 0x000001b33bff5370 Exception <a 'java/lang/NoSuchMethodError'{0x00000000c46296c0}: 'java.lang.Object java.lang.invoke.DirectMethodHandle$Holder.newInvokeSpecial(java.lang.Object, java.lang.Object, java.lang.Object, java.lang.Object, java.lang.Object, java.lang.Object, java.lang.Object, int)'> (0x00000000c46296c0) 
thrown [s\src\hotspot\share\interpreter\linkResolver.cpp, line 759]
Event: 18.166 Thread 0x000001b33bff5370 Exception <a 'java/lang/NoSuchMethodError'{0x00000000c462e6c0}: 'java.lang.Object java.lang.invoke.DirectMethodHandle$Holder.invokeSpecial(java.lang.Object, java.lang.Object, java.lang.Object, java.lang.Object, java.lang.Object, java.lang.Object, java.lang.Object, java.lang.Object, int)'> (0x00000000c462e6c0) 
thrown [s\src\hotspot\share\interpreter\linkResolver.cpp, line 759]
Event: 18.252 Thread 0x000001b33bff5370 Exception <a 'java/lang/NoSuchMethodError'{0x00000000c45f0b18}: 'java.lang.Object java.lang.invoke.DirectMethodHandle$Holder.newInvokeSpecial(java.lang.Object, java.lang.Object, int, java.lang.Object, int, java.lang.Object, java.lang.Object, java.lang.Object)'> (0x00000000c45f0b18) 
thrown [s\src\hotspot\share\interpreter\linkResolver.cpp, line 759]
Event: 18.254 Thread 0x000001b33bff5370 Exception <a 'java/lang/NoSuchMethodError'{0x00000000c45fda58}: 'int java.lang.invoke.DirectMethodHandle$Holder.invokeSpecial(java.lang.Object, java.lang.Object, java.lang.Object, java.lang.Object, java.lang.Object, java.lang.Object)'> (0x00000000c45fda58) 
thrown [s\src\hotspot\share\interpreter\linkResolver.cpp, line 759]
Event: 18.256 Thread 0x000001b33bff5370 Exception <a 'java/lang/NoSuchMethodError'{0x00000000c4406e70}: 'void java.lang.invoke.DirectMethodHandle$Holder.invokeSpecial(java.lang.Object, java.lang.Object, java.lang.Object, java.lang.Object, java.lang.Object, java.lang.Object, java.lang.Object)'> (0x00000000c4406e70) 
thrown [s\src\hotspot\share\interpreter\linkResolver.cpp, line 759]
Event: 18.264 Thread 0x000001b33bff5370 Exception <a 'java/lang/NoSuchMethodError'{0x00000000c44335a8}: 'void java.lang.invoke.DirectMethodHandle$Holder.invokeInterface(java.lang.Object, java.lang.Object)'> (0x00000000c44335a8) 
thrown [s\src\hotspot\share\interpreter\linkResolver.cpp, line 759]
Event: 18.395 Thread 0x000001b33bff5370 Exception <a 'java/lang/NoSuchMethodError'{0x00000000c413bab0}: 'void java.lang.invoke.Invokers$Holder.invokeExact_MT(java.lang.Object, java.lang.Object, java.lang.Object, java.lang.Object)'> (0x00000000c413bab0) 
thrown [s\src\hotspot\share\interpreter\linkResolver.cpp, line 759]
Event: 18.530 Thread 0x000001b33bff5370 Exception <a 'java/lang/IncompatibleClassChangeError'{0x00000000c3eddb70}: Found class java.lang.Object, but interface was expected> (0x00000000c3eddb70) 
thrown [s\src\hotspot\share\interpreter\linkResolver.cpp, line 826]
Event: 18.605 Thread 0x000001b33bff5370 Exception <a 'java/lang/IncompatibleClassChangeError'{0x00000000c3c760a8}: Found class java.lang.Object, but interface was expected> (0x00000000c3c760a8) 
thrown [s\src\hotspot\share\interpreter\linkResolver.cpp, line 826]
Event: 18.947 Thread 0x000001b33bff5370 Exception <a 'java/lang/IncompatibleClassChangeError'{0x00000000c5329238}: Found class java.lang.Object, but interface was expected> (0x00000000c5329238) 
thrown [s\src\hotspot\share\interpreter\linkResolver.cpp, line 826]

VM Operations (20 events):
Event: 14.584 Executing VM operation: HandshakeAllThreads
Event: 14.584 Executing VM operation: HandshakeAllThreads done
Event: 14.907 Executing VM operation: HandshakeAllThreads
Event: 14.907 Executing VM operation: HandshakeAllThreads done
Event: 15.573 Executing VM operation: G1CollectForAllocation
Event: 15.578 Executing VM operation: G1CollectForAllocation done
Event: 16.523 Executing VM operation: G1CollectForAllocation
Event: 16.530 Executing VM operation: G1CollectForAllocation done
Event: 17.367 Executing VM operation: HandshakeAllThreads
Event: 17.367 Executing VM operation: HandshakeAllThreads done
Event: 17.826 Executing VM operation: G1CollectForAllocation
Event: 17.832 Executing VM operation: G1CollectForAllocation done
Event: 18.445 Executing VM operation: HandshakeAllThreads
Event: 18.445 Executing VM operation: HandshakeAllThreads done
Event: 18.813 Executing VM operation: HandshakeAllThreads
Event: 18.813 Executing VM operation: HandshakeAllThreads done
Event: 18.827 Executing VM operation: ICBufferFull
Event: 18.828 Executing VM operation: ICBufferFull done
Event: 18.926 Executing VM operation: G1CollectForAllocation
Event: 18.933 Executing VM operation: G1CollectForAllocation done

Events (20 events):
Event: 1.045 Thread 0x000001b35b9e8140 Thread exited: 0x000001b35b9e8140
Event: 1.269 Loaded shared library C:\Users\ERIN_JAVALead\.jdks\corretto-18.0.2\bin\jimage.dll
Event: 3.069 Thread 0x000001b35c58e900 Thread added: 0x000001b35c58e900
Event: 3.358 Thread 0x000001b35c58e900 Thread exited: 0x000001b35c58e900
Event: 3.378 Thread 0x000001b35c5a22a0 Thread added: 0x000001b35c5a22a0
Event: 3.681 Loaded shared library C:\Users\ERIN_JAVALead\.jdks\corretto-18.0.2\bin\verify.dll
Event: 4.421 Thread 0x000001b35c5a22a0 Thread exited: 0x000001b35c5a22a0
Event: 4.549 Thread 0x000001b35c88c6c0 Thread added: 0x000001b35c88c6c0
Event: 4.719 Thread 0x000001b35c832f80 Thread added: 0x000001b35c832f80
Event: 4.977 Thread 0x000001b35c88c6c0 Thread exited: 0x000001b35c88c6c0
Event: 6.935 Thread 0x000001b35c832f80 Thread exited: 0x000001b35c832f80
Event: 11.508 Loaded shared library C:\Users\ERIN_JAVALead\.jdks\corretto-18.0.2\bin\sunmscapi.dll
Event: 11.527 Loaded shared library C:\Users\ERIN_JAVALead\.jdks\corretto-18.0.2\bin\management.dll
Event: 11.530 Loaded shared library C:\Users\ERIN_JAVALead\.jdks\corretto-18.0.2\bin\management_ext.dll
Event: 11.809 Thread 0x000001b35d5065b0 Thread added: 0x000001b35d5065b0
Event: 11.812 Thread 0x000001b35d3c2040 Thread added: 0x000001b35d3c2040
Event: 11.822 Thread 0x000001b35dcb0880 Thread added: 0x000001b35dcb0880
Event: 14.947 Thread 0x000001b35c920c00 Thread added: 0x000001b35c920c00
Event: 15.092 Thread 0x000001b35c9228e0 Thread added: 0x000001b35c9228e0
Event: 15.219 Thread 0x000001b35c91f8c0 Thread added: 0x000001b35c91f8c0


Dynamic libraries:
0x00007ff7b3370000 - 0x00007ff7b337d000 	C:\Users\ERIN_JAVALead\.jdks\corretto-18.0.2\bin\java.exe
0x00007ff9e23b0000 - 0x00007ff9e25a7000 	C:\WINDOWS\SYSTEM32\ntdll.dll
0x00007ff9e0570000 - 0x00007ff9e062d000 	C:\WINDOWS\System32\KERNEL32.DLL
0x00007ff9dfeb0000 - 0x00007ff9e01a6000 	C:\WINDOWS\System32\KERNELBASE.dll
0x00007ff9dfa90000 - 0x00007ff9dfb90000 	C:\WINDOWS\System32\ucrtbase.dll
0x00007ff9db000000 - 0x00007ff9db017000 	C:\Users\ERIN_JAVALead\.jdks\corretto-18.0.2\bin\jli.dll
0x00007ff9d0570000 - 0x00007ff9d0585000 	C:\Users\ERIN_JAVALead\.jdks\corretto-18.0.2\bin\VCRUNTIME140.dll
0x00007ff9e1ed0000 - 0x00007ff9e206e000 	C:\WINDOWS\System32\USER32.dll
0x00007ff9dfa60000 - 0x00007ff9dfa82000 	C:\WINDOWS\System32\win32u.dll
0x00007ff9deed0000 - 0x00007ff9df16a000 	C:\WINDOWS\WinSxS\amd64_microsoft.windows.common-controls_6595b64144ccf1df_6.0.19041.3570_none_60bb2a3971f3e41a\COMCTL32.dll
0x00007ff9e03e0000 - 0x00007ff9e040c000 	C:\WINDOWS\System32\GDI32.dll
0x00007ff9e0470000 - 0x00007ff9e050e000 	C:\WINDOWS\System32\msvcrt.dll
0x00007ff9dfb90000 - 0x00007ff9dfcaa000 	C:\WINDOWS\System32\gdi32full.dll
0x00007ff9dfe10000 - 0x00007ff9dfead000 	C:\WINDOWS\System32\msvcp_win.dll
0x00007ff9e2310000 - 0x00007ff9e2340000 	C:\WINDOWS\System32\IMM32.DLL
0x00007ff9cd750000 - 0x00007ff9cd7eb000 	C:\Users\ERIN_JAVALead\.jdks\corretto-18.0.2\bin\msvcp140.dll
0x00007ff9a7af0000 - 0x00007ff9a8761000 	C:\Users\ERIN_JAVALead\.jdks\corretto-18.0.2\bin\server\jvm.dll
0x00007ff9e08f0000 - 0x00007ff9e099e000 	C:\WINDOWS\System32\ADVAPI32.dll
0x00007ff9e1740000 - 0x00007ff9e17dc000 	C:\WINDOWS\System32\sechost.dll
0x00007ff9e2140000 - 0x00007ff9e2266000 	C:\WINDOWS\System32\RPCRT4.dll
0x00007ff9e07c0000 - 0x00007ff9e07c8000 	C:\WINDOWS\System32\PSAPI.DLL
0x00007ff9daef0000 - 0x00007ff9daef9000 	C:\WINDOWS\SYSTEM32\WSOCK32.dll
0x00007ff9e0f70000 - 0x00007ff9e0fdb000 	C:\WINDOWS\System32\WS2_32.dll
0x00007ff9bf6b0000 - 0x00007ff9bf6d7000 	C:\WINDOWS\SYSTEM32\WINMM.dll
0x00007ff9d9dd0000 - 0x00007ff9d9dda000 	C:\WINDOWS\SYSTEM32\VERSION.dll
0x00007ff9dd290000 - 0x00007ff9dd2a2000 	C:\WINDOWS\SYSTEM32\kernel.appcore.dll
0x00007ff9dafc0000 - 0x00007ff9dafca000 	C:\Users\ERIN_JAVALead\.jdks\corretto-18.0.2\bin\jimage.dll
0x00007ff9df370000 - 0x00007ff9df554000 	C:\WINDOWS\SYSTEM32\DBGHELP.DLL
0x00007ff9df330000 - 0x00007ff9df364000 	C:\WINDOWS\SYSTEM32\dbgcore.DLL
0x00007ff9e0320000 - 0x00007ff9e03a2000 	C:\WINDOWS\System32\bcryptPrimitives.dll
0x00007ff9cf8b0000 - 0x00007ff9cf8ea000 	C:\Users\ERIN_JAVALead\.jdks\corretto-18.0.2\bin\jdwp.dll
0x00007ff9d0530000 - 0x00007ff9d053e000 	C:\Users\ERIN_JAVALead\.jdks\corretto-18.0.2\bin\instrument.dll
0x00007ff9d0540000 - 0x00007ff9d0565000 	C:\Users\ERIN_JAVALead\.jdks\corretto-18.0.2\bin\java.dll
0x00007ff9cd230000 - 0x00007ff9cd248000 	C:\Users\ERIN_JAVALead\.jdks\corretto-18.0.2\bin\zip.dll
0x00007ff9c7590000 - 0x00007ff9c7666000 	C:\Users\ERIN_JAVALead\.jdks\corretto-18.0.2\bin\jsvml.dll
0x00007ff9e0ff0000 - 0x00007ff9e1734000 	C:\WINDOWS\System32\SHELL32.dll
0x00007ff9dd490000 - 0x00007ff9ddc2b000 	C:\WINDOWS\SYSTEM32\windows.storage.dll
0x00007ff9e19c0000 - 0x00007ff9e1d14000 	C:\WINDOWS\System32\combase.dll
0x00007ff9dec00000 - 0x00007ff9dec2d000 	C:\WINDOWS\SYSTEM32\Wldp.dll
0x00007ff9e0710000 - 0x00007ff9e07bd000 	C:\WINDOWS\System32\SHCORE.dll
0x00007ff9e0410000 - 0x00007ff9e0465000 	C:\WINDOWS\System32\shlwapi.dll
0x00007ff9df990000 - 0x00007ff9df9b5000 	C:\WINDOWS\SYSTEM32\profapi.dll
0x00007ff9cd700000 - 0x00007ff9cd70c000 	C:\Users\ERIN_JAVALead\.jdks\corretto-18.0.2\bin\dt_socket.dll
0x00007ff9de790000 - 0x00007ff9de7cb000 	C:\WINDOWS\SYSTEM32\IPHLPAPI.DLL
0x00007ff9dea70000 - 0x00007ff9deada000 	C:\WINDOWS\system32\mswsock.dll
0x00007ff9cd450000 - 0x00007ff9cd463000 	C:\Users\ERIN_JAVALead\.jdks\corretto-18.0.2\bin\net.dll
0x00007ff9d8b20000 - 0x00007ff9d8c2a000 	C:\WINDOWS\SYSTEM32\WINHTTP.dll
0x00007ff9cb060000 - 0x00007ff9cb075000 	C:\Users\ERIN_JAVALead\.jdks\corretto-18.0.2\bin\nio.dll
0x00007ff9d0520000 - 0x00007ff9d0530000 	C:\Users\ERIN_JAVALead\.jdks\corretto-18.0.2\bin\verify.dll
0x00007ff9df700000 - 0x00007ff9df718000 	C:\WINDOWS\SYSTEM32\CRYPTSP.dll
0x00007ff9de410000 - 0x00007ff9de444000 	C:\WINDOWS\system32\rsaenh.dll
0x00007ff9e03b0000 - 0x00007ff9e03d7000 	C:\WINDOWS\System32\bcrypt.dll
0x00007ff9df950000 - 0x00007ff9df97e000 	C:\WINDOWS\SYSTEM32\USERENV.dll
0x00007ff9ded00000 - 0x00007ff9ded0c000 	C:\WINDOWS\SYSTEM32\CRYPTBASE.dll
0x00007ff9e0fe0000 - 0x00007ff9e0fe8000 	C:\WINDOWS\System32\NSI.dll
0x00007ff9d9170000 - 0x00007ff9d9187000 	C:\WINDOWS\SYSTEM32\dhcpcsvc6.DLL
0x00007ff9d93b0000 - 0x00007ff9d93cd000 	C:\WINDOWS\SYSTEM32\dhcpcsvc.DLL
0x00007ff9de7d0000 - 0x00007ff9de89a000 	C:\WINDOWS\SYSTEM32\DNSAPI.dll
0x00007ff9cb040000 - 0x00007ff9cb04e000 	C:\Users\ERIN_JAVALead\.jdks\corretto-18.0.2\bin\sunmscapi.dll
0x00007ff9dfcb0000 - 0x00007ff9dfe0d000 	C:\WINDOWS\System32\CRYPT32.dll
0x00007ff9dedb0000 - 0x00007ff9dedd7000 	C:\WINDOWS\SYSTEM32\ncrypt.dll
0x00007ff9decc0000 - 0x00007ff9decfb000 	C:\WINDOWS\SYSTEM32\NTASN1.dll
0x00007ff9cb620000 - 0x00007ff9cb629000 	C:\Users\ERIN_JAVALead\.jdks\corretto-18.0.2\bin\management.dll
0x00007ff9cb130000 - 0x00007ff9cb13b000 	C:\Users\ERIN_JAVALead\.jdks\corretto-18.0.2\bin\management_ext.dll
0x00007ff9bb660000 - 0x00007ff9bb677000 	C:\WINDOWS\system32\napinsp.dll
0x00007ff9bb200000 - 0x00007ff9bb21b000 	C:\WINDOWS\system32\pnrpnsp.dll
0x00007ff9bb220000 - 0x00007ff9bb232000 	C:\WINDOWS\System32\winrnr.dll
0x00007ff9daeb0000 - 0x00007ff9daecd000 	C:\WINDOWS\system32\NLAapi.dll
0x00007ff9da2f0000 - 0x00007ff9da305000 	C:\WINDOWS\system32\wshbth.dll
0x00007ff9d6270000 - 0x00007ff9d627a000 	C:\Windows\System32\rasadhlp.dll
0x00007ff9d7710000 - 0x00007ff9d7792000 	C:\WINDOWS\System32\fwpuclnt.dll

dbghelp: loaded successfully - version: 4.0.5 - missing functions: none
symbol engine: initialized successfully - sym options: 0x614 - pdb path: .;C:\Users\ERIN_JAVALead\.jdks\corretto-18.0.2\bin;C:\WINDOWS\SYSTEM32;C:\WINDOWS\WinSxS\amd64_microsoft.windows.common-controls_6595b64144ccf1df_6.0.19041.3570_none_60bb2a3971f3e41a;C:\Users\ERIN_JAVALead\.jdks\corretto-18.0.2\bin\server

VM Arguments:
jvm_args: -agentlib:jdwp=transport=dt_socket,address=127.0.0.1:55761,suspend=y,server=n -javaagent:C:\Users\ERIN_JAVALead\AppData\Local\JetBrains\IdeaIC2021.3\captureAgent\debugger-agent.jar -Dfile.encoding=UTF-8 
java_command: com.devskiller.tasks.blog.BlogApplication
java_class_path (initial): C:\Users\ERIN_JAVALead\Downloads\devskiller-code-U32X-W3E7-T2E6-S3F\target\classes;C:\Users\ERIN_JAVALead\.m2\repository\org\springframework\boot\spring-boot-starter-data-jpa\3.0.0\spring-boot-starter-data-jpa-3.0.0.jar;C:\Users\ERIN_JAVALead\.m2\repository\org\springframework\boot\spring-boot-starter-aop\3.0.0\spring-boot-starter-aop-3.0.0.jar;C:\Users\ERIN_JAVALead\.m2\repository\org\springframework\spring-aop\6.0.2\spring-aop-6.0.2.jar;C:\Users\ERIN_JAVALead\.m2\repository\org\aspectj\aspectjweaver\1.9.9.1\aspectjweaver-1.9.9.1.jar;C:\Users\ERIN_JAVALead\.m2\repository\org\springframework\boot\spring-boot-starter-jdbc\3.0.0\spring-boot-starter-jdbc-3.0.0.jar;C:\Users\ERIN_JAVALead\.m2\repository\com\zaxxer\HikariCP\5.0.1\HikariCP-5.0.1.jar;C:\Users\ERIN_JAVALead\.m2\repository\org\springframework\spring-jdbc\6.0.2\spring-jdbc-6.0.2.jar;C:\Users\ERIN_JAVALead\.m2\repository\org\hibernate\orm\hibernate-core\6.1.5.Final\hibernate-core-6.1.5.Final.jar;C:\Users\ERIN_JAVALead\.m2\repository\jakarta\persistence\jakarta.persistence-api\3.1.0\jakarta.persistence-api-3.1.0.jar;C:\Users\ERIN_JAVALead\.m2\repository\jakarta\transaction\jakarta.transaction-api\2.0.1\jakarta.transaction-api-2.0.1.jar;C:\Users\ERIN_JAVALead\.m2\repository\org\jboss\logging\jboss-logging\3.5.0.Final\jboss-logging-3.5.0.Final.jar;C:\Users\ERIN_JAVALead\.m2\repository\org\hibernate\common\hibernate-commons-annotations\6.0.2.Final\hibernate-commons-annotations-6.0.2.Final.jar;C:\Users\ERIN_JAVALead\.m2\repository\org\jboss\jandex\2.4.2.Final\jandex-2.4.2.Final.jar;C:\Users\ERIN_JAVALead\.m2\repository\com\fasterxml\classmate\1.5.1\classmate-1.5.1.jar;C:\Users\ERIN_JAVALead\.m2\repository\net\bytebuddy\byte-buddy\1.12.19\byte-buddy-1.12.19.jar;C:\Users\ERIN_JAVALead\.m2\repository\org\glassfish\jaxb\jaxb-runtime\4.0.1\jaxb-runtime-4.0.1.jar;C:\Users\ERIN_JAVALead\.m2\repository\org\glassfish\jaxb\jaxb-core\4.0.1\jaxb-core-4.0.1.jar;C:\Users\ERIN_JAVALead\.m2\repository\org\eclipse\angus\angus-activation\1.0.0\angus-activation-1.0.0.jar;C:\Users\ERIN_JAVALead\.m2\repository\org\glassfish\jaxb\txw2\4.0.1\txw2-4.0.1.jar;C:\Users\ERIN_JAVALead\.m2\repository\com\sun\istack\istack-commons-runtime\4.1.1\istack-commons-runtime-4.1.1.jar;C:\Users\ERIN_JAVALead\.m2\repository\jakarta\inject\jakarta.inject-api\2.0.0\jakarta.inject-api-2.0.0.jar;C:\Users\ERIN_JAVALead\.m2\repository\org\antlr\antlr4-runtime\4.10.1\antlr4-runtime-4.10.1.jar;C:\Users\ERIN_JAVALead\.m2\repository\org\springframework\data\spring-data-jpa\3.0.0\spring-data-jpa-3.0.0.jar;C:\Users\ERIN_JAVALead\.m2\repository\org\springframework\data\spring-data-commons\3.0.0\spring-data-commons-3.0.0.jar;C:\Users\ERIN_JAVALead\.m2\repository\org\springframework\spring-orm\6.0.2\spring-orm-6.0.2.jar;C:\Users\ERIN_JAVALead\.m2\repository\org\springframework\spring-context\6.0.2\spring-context-6.0.2.jar;C:\Users\ERIN_JAVALead\.m2\repository\org\springframework\spring-tx\6.0.2\spring-tx-6.0.2.jar;C:\Users\ERIN_JAVALead\.m2\repository\org\springframework\spring-beans\6.0.2\spring-beans-6.0.2.jar;C:\Users\ERIN_JAVALead\.m2\repository\jakarta\annotation\jakarta.annotation-api\2.1.1\jakarta.annotation-api-2.1.1.jar;C:\Users\ERIN_JAVALead\.m2\repository\org\slf4j\slf4j-api\2.0.4\slf4j-api-2.0.4.jar;C:\Users\ERIN_JAVALead\.m2\repository\org\springframework\spring-aspects\6.0.2\spring-aspects-6.0.2.jar;C:\Users\ERIN_JAVALead\.m2\repository\org\springframework\boot\spring-boot-starter-web\2.4.2\spring-boot-starter-web-2.4.2.jar;C:\Users\ERIN_JAVALead\.m2\repository\org\springframework\boot\spring-boot-starter\3.0.0\spring-boot-starter-3.0.0.jar;C:\Users\ERIN_JAVALead\.m2\repository\org\springframework\boot\spring-boot\3.0.0\spring-boot-3.0.0.jar;C:\Users\ERIN_JAVALead\.m2\repository\org\springframework\boot\spring-boot-autoconfigure\3.0.0\spring-boot-autoconfigure-3.0.0.jar;C:\Users\ERIN_JAVALead\.m2\repository\org\springframework\boot\spring-boot-starter-logging\3.0.0\spring-boot-starter-logging-3.0.0.jar;C:\Users\ERIN_JAVALead\.m2\repository\ch\qos\logback\logback-classic\1.4.5\logback-classic-1.4.5.jar;C:\Users\ERIN_JAVALead\.m2\repository\ch\qos\logback\logback-core\1.4.5\logback-core-1.4.5.jar;C:\Users\ERIN_JAVALead\.m2\repository\org\apache\logging\log4j\log4j-to-slf4j\2.19.0\log4j-to-slf4j-2.19.0.jar;C:\Users\ERIN_JAVALead\.m2\repository\org\apache\logging\log4j\log4j-api\2.19.0\log4j-api-2.19.0.jar;C:\Users\ERIN_JAVALead\.m2\repository\org\slf4j\jul-to-slf4j\2.0.4\jul-to-slf4j-2.0.4.jar;C:\Users\ERIN_JAVALead\.m2\repository\org\yaml\snakeyaml\1.33\snakeyaml-1.33.jar;C:\Users\ERIN_JAVALead\.m2\repository\org\springframework\boot\spring-boot-starter-json\3.0.0\spring-boot-starter-json-3.0.0.jar;C:\Users\ERIN_JAVALead\.m2\repository\com\fasterxml\jackson\core\jackson-databind\2.14.1\jackson-databind-2.14.1.jar;C:\Users\ERIN_JAVALead\.m2\repository\com\fasterxml\jackson\core\jackson-annotations\2.14.1\jackson-annotations-2.14.1.jar;C:\Users\ERIN_JAVALead\.m2\repository\com\fasterxml\jackson\core\jackson-core\2.14.1\jackson-core-2.14.1.jar;C:\Users\ERIN_JAVALead\.m2\repository\com\fasterxml\jackson\datatype\jackson-datatype-jdk8\2.14.1\jackson-datatype-jdk8-2.14.1.jar;C:\Users\ERIN_JAVALead\.m2\repository\com\fasterxml\jackson\datatype\jackson-datatype-jsr310\2.14.1\jackson-datatype-jsr310-2.14.1.jar;C:\Users\ERIN_JAVALead\.m2\repository\com\fasterxml\jackson\module\jackson-module-parameter-names\2.14.1\jackson-module-parameter-names-2.14.1.jar;C:\Users\ERIN_JAVALead\.m2\repository\org\springframework\boot\spring-boot-starter-tomcat\3.0.0\spring-boot-starter-tomcat-3.0.0.jar;C:\Users\ERIN_JAVALead\.m2\repository\org\apache\tomcat\embed\tomcat-embed-core\10.1.1\tomcat-embed-core-10.1.1.jar;C:\Users\ERIN_JAVALead\.m2\repository\org\apache\tomcat\embed\tomcat-embed-el\10.1.1\tomcat-embed-el-10.1.1.jar;C:\Users\ERIN_JAVALead\.m2\repository\org\apache\tomcat\embed\tomcat-embed-websocket\10.1.1\tomcat-embed-websocket-10.1.1.jar;C:\Users\ERIN_JAVALead\.m2\repository\org\springframework\spring-web\6.0.2\spring-web-6.0.2.jar;C:\Users\ERIN_JAVALead\.m2\repository\io\micrometer\micrometer-observation\1.10.2\micrometer-observation-1.10.2.jar;C:\Users\ERIN_JAVALead\.m2\repository\io\micrometer\micrometer-commons\1.10.2\micrometer-commons-1.10.2.jar;C:\Users\ERIN_JAVALead\.m2\repository\org\springframework\spring-webmvc\6.0.2\spring-webmvc-6.0.2.jar;C:\Users\ERIN_JAVALead\.m2\repository\org\springframework\spring-expression\6.0.2\spring-expression-6.0.2.jar;C:\Users\ERIN_JAVALead\.m2\repository\com\microsoft\sqlserver\mssql-jdbc\12.4.1.jre11\mssql-jdbc-12.4.1.jre11.jar;C:\Users\ERIN_JAVALead\.m2\repository\com\h2database\h2\2.1.214\h2-2.1.214.jar;C:\Users\ERIN_JAVALead\.m2\repository\jakarta\xml\bind\jakarta.xml.bind-api\4.0.0\jakarta.xml.bind-api-4.0.0.jar;C:\Users\ERIN_JAVALead\.m2\repository\jakarta\activation\jakarta.activation-api\2.1.0\jakarta.activation-api-2.1.0.jar;C:\Users\ERIN_JAVALead\.m2\repository\org\springframework\spring-core\6.0.2\spring-core-6.0.2.jar;C:\Users\ERIN_JAVALead\.m2\repository\org\springframework\spring-jcl\6.0.2\spring-jcl-6.0.2.jar;C:\Program Files\JetBrains\IntelliJ IDEA Community Edition 2021.3.3\lib\idea_rt.jar
Launcher Type: SUN_STANDARD

[Global flags]
     intx CICompilerCount                          = 3                                         {product} {ergonomic}
     uint ConcGCThreads                            = 1                                         {product} {ergonomic}
     uint G1ConcRefinementThreads                  = 4                                         {product} {ergonomic}
   size_t G1HeapRegionSize                         = 1048576                                   {product} {ergonomic}
    uintx GCDrainStackTargetSize                   = 64                                        {product} {ergonomic}
   size_t InitialHeapSize                          = 67108864                                  {product} {ergonomic}
   size_t MarkStackSize                            = 4194304                                   {product} {ergonomic}
   size_t MaxHeapSize                              = 1052770304                                {product} {ergonomic}
   size_t MaxNewSize                               = 631242752                                 {product} {ergonomic}
   size_t MinHeapDeltaBytes                        = 1048576                                   {product} {ergonomic}
   size_t MinHeapSize                              = 8388608                                   {product} {ergonomic}
    uintx NonNMethodCodeHeapSize                   = 5832780                                {pd product} {ergonomic}
    uintx NonProfiledCodeHeapSize                  = 122912730                              {pd product} {ergonomic}
    uintx ProfiledCodeHeapSize                     = 122912730                              {pd product} {ergonomic}
    uintx ReservedCodeCacheSize                    = 251658240                              {pd product} {ergonomic}
     bool SegmentedCodeCache                       = true                                      {product} {ergonomic}
   size_t SoftMaxHeapSize                          = 1052770304                             {manageable} {ergonomic}
     bool UseCompressedClassPointers               = true                           {product lp64_product} {ergonomic}
     bool UseCompressedOops                        = true                           {product lp64_product} {ergonomic}
     bool UseG1GC                                  = true                                      {product} {ergonomic}
     bool UseLargePagesIndividualAllocation        = false                                  {pd product} {ergonomic}

Logging:
Log output configuration:
 #0: stdout all=warning uptime,level,tags foldmultilines=false
 #1: stderr all=off uptime,level,tags foldmultilines=false

Environment Variables:
PATH=C:\WINDOWS\system32;C:\WINDOWS;C:\WINDOWS\System32\Wbem;C:\WINDOWS\System32\WindowsPowerShell\v1.0\;C:\WINDOWS\System32\OpenSSH\;C:\Program Files (x86)\nodejs\;C:\Program Files (x86)\nodejs\npm;C:\Users\ERIN_JAVALead\AppData\Roaming\npm;C:\Program Files\Git\cmd;C:\Program Files (x86)\dotnet\;C:\Program Files (x86)\Microsoft SQL Server\160\DTS\Binn\;C:\Program Files\Azure Data Studio\bin;C:\Program Files (x86)\Microsoft SQL Server\160\Tools\Binn\;C:\Program Files\Microsoft SQL Server\160\Tools\Binn\;C:\Program Files\Microsoft SQL Server\Client SDK\ODBC\170\Tools\Binn\;C:\Program Files\Microsoft SQL Server\160\DTS\Binn\;C:\Users\ERIN_JAVALead\AppData\Local\Microsoft\WindowsApps;;C:\Users\ERIN_JAVALead\AppData\Local\Programs\Microsoft VS Code\bin;C:\Users\ERIN_JAVALead\AppData\Roaming\npm;C:\Program Files\Azure Data Studio\bin
USERNAME=ERIN_JAVALead
OS=Windows_NT
PROCESSOR_IDENTIFIER=Intel64 Family 6 Model 78 Stepping 3, GenuineIntel



---------------  S Y S T E M  ---------------

OS:
 Windows 10 , 64 bit Build 19041 (10.0.19041.3570)
OS uptime: 0 days 6:06 hours

CPU: total 4 (initial active 4) (2 cores per cpu, 2 threads per core) family 6 model 78 stepping 3 microcode 0xcc, cx8, cmov, fxsr, ht, mmx, 3dnowpref, sse, sse2, sse3, ssse3, sse4.1, sse4.2, popcnt, lzcnt, tsc, tscinvbit, avx, avx2, aes, erms, clmul, bmi1, bmi2, adx, fma, vzeroupper, clflush, clflushopt

Memory: 4k page, system-wide physical 4012M (262M free)
TotalPageFile size 6060M (AvailPageFile size 3M)
current process WorkingSet (physical memory assigned to process): 226M, peak: 226M
current process commit charge ("private bytes"): 256M, peak: 256M

vm_info: OpenJDK 64-Bit Server VM (18.0.2+9-FR) for windows-amd64 JRE (18.0.2+9-FR), built on Jul 15 2022 20:03:03 by "Administrator" with MS VC++ 15.9 (VS2017)

END.
