#
# There is insufficient memory for the Java Runtime Environment to continue.
# Native memory allocation (mmap) failed to map 65536 bytes for Failed to commit metaspace.
# Possible reasons:
#   The system is out of physical RAM or swap space
#   The process is running with CompressedOops enabled, and the Java Heap may be blocking the growth of the native heap
# Possible solutions:
#   Reduce memory load on the system
#   Increase physical memory or swap space
#   Check if swap backing store is full
#   Decrease Java heap size (-Xmx/-Xms)
#   Decrease number of Java threads
#   Decrease Java thread stack sizes (-Xss)
#   Set larger code cache with -XX:ReservedCodeCacheSize=
#   JVM is running with Unscaled Compressed Oops mode in which the Java heap is
#     placed in the first 4GB address space. The Java Heap base address is the
#     maximum limit for the native heap growth. Please use -XX:HeapBaseMinAddress
#     to set the Java Heap base and to place the Java Heap above 4GB virtual address.
# This output file may be truncated or incomplete.
#
#  Out of Memory Error (virtualSpaceNode.cpp:110), pid=7220, tid=13304
#
# JRE version: OpenJDK Runtime Environment Corretto-18.0.2.9.1 (18.0.2+9) (build 18.0.2+9-FR)
# Java VM: OpenJDK 64-Bit Server VM Corretto-18.0.2.9.1 (18.0.2+9-FR, mixed mode, sharing, tiered, compressed oops, compressed class ptrs, g1 gc, windows-amd64)
# No core dump will be written. Minidumps are not enabled by default on client versions of Windows
#

---------------  S U M M A R Y ------------

Command Line: -javaagent:C:\Program Files\JetBrains\IntelliJ IDEA Community Edition 2021.3.3\lib\idea_rt.jar=52690:C:\Program Files\JetBrains\IntelliJ IDEA Community Edition 2021.3.3\bin -Dfile.encoding=UTF-8 com.devskiller.tasks.blog.BlogApplication

Host: Intel(R) Core(TM) i3-6006U CPU @ 2.00GHz, 4 cores, 3G,  Windows 10 , 64 bit Build 19041 (10.0.19041.3570)
Time: Wed Nov  1 14:48:32 2023 Central European Standard Time elapsed time: 4.078867 seconds (0d 0h 0m 4s)

---------------  T H R E A D  ---------------

Current thread (0x00000268dd3950f0):  JavaThread "Thread-0" [_thread_in_vm, id=13304, stack(0x00000099da700000,0x00000099da800000)]

Stack: [0x00000099da700000,0x00000099da800000]
Native frames: (J=compiled Java code, j=interpreted, Vv=VM code, C=native code)
V  [jvm.dll+0x685a2a]
V  [jvm.dll+0x82ae8d]
V  [jvm.dll+0x82c75e]
V  [jvm.dll+0x82ce03]
V  [jvm.dll+0x25ef4b]
V  [jvm.dll+0x826bdb]
V  [jvm.dll+0x62d206]
V  [jvm.dll+0x1dd6de]
V  [jvm.dll+0x62fa7e]
V  [jvm.dll+0x62f88e]
V  [jvm.dll+0x62dbc5]
V  [jvm.dll+0x6377c7]
V  [jvm.dll+0x207486]
V  [jvm.dll+0x207915]
V  [jvm.dll+0x208351]
V  [jvm.dll+0x1fde59]
V  [jvm.dll+0x54c245]
V  [jvm.dll+0x7a896f]
V  [jvm.dll+0x7a8a54]
V  [jvm.dll+0x424844]
V  [jvm.dll+0x42a218]
C  [java.dll+0x17ec]

Java frames: (J=compiled Java code, j=interpreted, Vv=VM code)
J 1005  java.lang.ClassLoader.defineClass1(Ljava/lang/ClassLoader;Ljava/lang/String;[BIILjava/security/ProtectionDomain;Ljava/lang/String;)Ljava/lang/Class; java.base@18.0.2 (0 bytes) @ 0x00000268cba57963 [0x00000268cba578a0+0x00000000000000c3]
J 1015 c1 java.lang.ClassLoader.defineClass(Ljava/lang/String;[BIILjava/security/ProtectionDomain;)Ljava/lang/Class; java.base@18.0.2 (43 bytes) @ 0x00000268c4695ed4 [0x00000268c4695b80+0x0000000000000354]
J 1047 c1 java.security.SecureClassLoader.defineClass(Ljava/lang/String;[BIILjava/security/CodeSource;)Ljava/lang/Class; java.base@18.0.2 (16 bytes) @ 0x00000268c46a208c [0x00000268c46a1fc0+0x00000000000000cc]
J 964 c1 jdk.internal.loader.BuiltinClassLoader.defineClass(Ljava/lang/String;Ljdk/internal/loader/Resource;)Ljava/lang/Class; java.base@18.0.2 (121 bytes) @ 0x00000268c4679a64 [0x00000268c4678b00+0x0000000000000f64]
J 843 c1 jdk.internal.loader.BuiltinClassLoader.findClassOnClassPathOrNull(Ljava/lang/String;)Ljava/lang/Class; java.base@18.0.2 (64 bytes) @ 0x00000268c4638bb4 [0x00000268c4637ee0+0x0000000000000cd4]
J 491 c1 jdk.internal.loader.BuiltinClassLoader.loadClassOrNull(Ljava/lang/String;Z)Ljava/lang/Class; java.base@18.0.2 (143 bytes) @ 0x00000268c457c934 [0x00000268c457bec0+0x0000000000000a74]
J 727 c1 jdk.internal.loader.ClassLoaders$AppClassLoader.loadClass(Ljava/lang/String;Z)Ljava/lang/Class; java.base@18.0.2 (40 bytes) @ 0x00000268c45ebb44 [0x00000268c45eb960+0x00000000000001e4]
J 726 c1 java.lang.ClassLoader.loadClass(Ljava/lang/String;)Ljava/lang/Class; java.base@18.0.2 (7 bytes) @ 0x00000268c45eb64c [0x00000268c45eb540+0x000000000000010c]
v  ~StubRoutines::call_stub
J 965  java.lang.Class.forName0(Ljava/lang/String;ZLjava/lang/ClassLoader;Ljava/lang/Class;)Ljava/lang/Class; java.base@18.0.2 (0 bytes) @ 0x00000268cba5402f [0x00000268cba53fa0+0x000000000000008f]
J 1063 c1 java.lang.Class.forName(Ljava/lang/String;ZLjava/lang/ClassLoader;Ljava/lang/Class;)Ljava/lang/Class; java.base@18.0.2 (41 bytes) @ 0x00000268c46a48b4 [0x00000268c46a47c0+0x00000000000000f4]
J 1062 c1 java.lang.Class.forName(Ljava/lang/String;ZLjava/lang/ClassLoader;)Ljava/lang/Class; java.base@18.0.2 (24 bytes) @ 0x00000268c46a43bc [0x00000268c46a42c0+0x00000000000000fc]
j  org.springframework.boot.autoconfigure.condition.FilteringSpringBootCondition.resolve(Ljava/lang/String;Ljava/lang/ClassLoader;)Ljava/lang/Class;+7
j  org.springframework.boot.autoconfigure.condition.FilteringSpringBootCondition$ClassNameFilter.isPresent(Ljava/lang/String;Ljava/lang/ClassLoader;)Z+10
j  org.springframework.boot.autoconfigure.condition.FilteringSpringBootCondition$ClassNameFilter$2.matches(Ljava/lang/String;Ljava/lang/ClassLoader;)Z+2
j  org.springframework.boot.autoconfigure.condition.OnClassCondition$StandardOutcomesResolver.getOutcome(Ljava/lang/String;Ljava/lang/ClassLoader;)Lorg/springframework/boot/autoconfigure/condition/ConditionOutcome;+5
j  org.springframework.boot.autoconfigure.condition.OnClassCondition$StandardOutcomesResolver.getOutcome(Ljava/lang/String;)Lorg/springframework/boot/autoconfigure/condition/ConditionOutcome;+49
j  org.springframework.boot.autoconfigure.condition.OnClassCondition$StandardOutcomesResolver.getOutcomes([Ljava/lang/String;IILorg/springframework/boot/autoconfigure/AutoConfigurationMetadata;)[Lorg/springframework/boot/autoconfigure/condition/ConditionOutcome;+55
j  org.springframework.boot.autoconfigure.condition.OnClassCondition$StandardOutcomesResolver.resolveOutcomes()[Lorg/springframework/boot/autoconfigure/condition/ConditionOutcome;+17
j  org.springframework.boot.autoconfigure.condition.OnClassCondition$ThreadedOutcomesResolver.lambda$new$0(Lorg/springframework/boot/autoconfigure/condition/OnClassCondition$OutcomesResolver;)V+2
j  org.springframework.boot.autoconfigure.condition.OnClassCondition$ThreadedOutcomesResolver$$Lambda$329+0x0000000800dfc190.run()V+8
j  java.lang.Thread.run()V+11 java.base@18.0.2
v  ~StubRoutines::call_stub

---------------  P R O C E S S  ---------------

Threads class SMR info:
_java_thread_list=0x00000268dd3dc100, length=15, elements={
0x00000268bab97890, 0x00000268d8036000, 0x00000268d8037400, 0x00000268d804c6d0,
0x00000268d804d070, 0x00000268d804da10, 0x00000268d804e3b0, 0x00000268d804f080,
0x00000268d80b3db0, 0x00000268d80bf3b0, 0x00000268bac5cf40, 0x00000268dc988600,
0x00000268dc905420, 0x00000268dd484c20, 0x00000268dd3950f0
}

Java Threads: ( => current thread )
  0x00000268bab97890 JavaThread "main" [_thread_in_vm, id=7556, stack(0x00000099d8f00000,0x00000099d9000000)]
  0x00000268d8036000 JavaThread "Reference Handler" daemon [_thread_blocked, id=1240, stack(0x00000099d9600000,0x00000099d9700000)]
  0x00000268d8037400 JavaThread "Finalizer" daemon [_thread_blocked, id=12096, stack(0x00000099d9700000,0x00000099d9800000)]
  0x00000268d804c6d0 JavaThread "Signal Dispatcher" daemon [_thread_blocked, id=10244, stack(0x00000099d9800000,0x00000099d9900000)]
  0x00000268d804d070 JavaThread "Attach Listener" daemon [_thread_blocked, id=9228, stack(0x00000099d9900000,0x00000099d9a00000)]
  0x00000268d804da10 JavaThread "Service Thread" daemon [_thread_blocked, id=2752, stack(0x00000099d9a00000,0x00000099d9b00000)]
  0x00000268d804e3b0 JavaThread "Monitor Deflation Thread" daemon [_thread_blocked, id=7516, stack(0x00000099d9b00000,0x00000099d9c00000)]
  0x00000268d804f080 JavaThread "C2 CompilerThread0" daemon [_thread_blocked, id=12228, stack(0x00000099d9c00000,0x00000099d9d00000)]
  0x00000268d80b3db0 JavaThread "C1 CompilerThread0" daemon [_thread_blocked, id=6628, stack(0x00000099d9d00000,0x00000099d9e00000)]
  0x00000268d80bf3b0 JavaThread "Sweeper thread" daemon [_thread_blocked, id=732, stack(0x00000099d9e00000,0x00000099d9f00000)]
  0x00000268bac5cf40 JavaThread "Common-Cleaner" daemon [_thread_blocked, id=11640, stack(0x00000099d9f00000,0x00000099da000000)]
  0x00000268dc988600 JavaThread "Monitor Ctrl-Break" daemon [_thread_in_native, id=10940, stack(0x00000099da100000,0x00000099da200000)]
  0x00000268dc905420 JavaThread "Notification Thread" daemon [_thread_blocked, id=6712, stack(0x00000099da200000,0x00000099da300000)]
  0x00000268dd484c20 JavaThread "C2 CompilerThread1" daemon [_thread_blocked, id=9852, stack(0x00000099da000000,0x00000099da100000)]
=>0x00000268dd3950f0 JavaThread "Thread-0" [_thread_in_vm, id=13304, stack(0x00000099da700000,0x00000099da800000)]

Other Threads:
  0x00000268d8031850 VMThread "VM Thread" [stack: 0x00000099d9500000,0x00000099d9600000] [id=7108]
  0x00000268bab98830 WatcherThread "VM Periodic Task Thread" [stack: 0x00000099da300000,0x00000099da400000] [id=9520]
  0x00000268babd80a0 WorkerThread "GC Thread#0" [stack: 0x00000099d9000000,0x00000099d9100000] [id=2736]
  0x00000268dcbedbe0 WorkerThread "GC Thread#1" [stack: 0x00000099da400000,0x00000099da500000] [id=12704]
  0x00000268dcbb5520 WorkerThread "GC Thread#2" [stack: 0x00000099da500000,0x00000099da600000] [id=12820]
  0x00000268dcb65370 WorkerThread "GC Thread#3" [stack: 0x00000099da600000,0x00000099da700000] [id=4452]
  0x00000268babe2160 ConcurrentGCThread "G1 Main Marker" [stack: 0x00000099d9100000,0x00000099d9200000] [id=10492]
  0x00000268babe2b50 WorkerThread "G1 Conc#0" [stack: 0x00000099d9200000,0x00000099d9300000] [id=4768]
  0x00000268bac09d50 ConcurrentGCThread "G1 Refine#0" [stack: 0x00000099d9300000,0x00000099d9400000] [id=7900]
  0x00000268bac0a660 ConcurrentGCThread "G1 Service" [stack: 0x00000099d9400000,0x00000099d9500000] [id=8496]

Threads with active compile tasks:

VM state: not at safepoint (normal execution)

VM Mutex/Monitor currently owned by a thread:  ([mutex/lock_event])
[0x00000268bab83af0] Metaspace_lock - owner thread: 0x00000268dd3950f0

Heap address: 0x00000000c1400000, size: 1004 MB, Compressed Oops mode: 32-bit

CDS archive(s) mapped at: [0x0000000800000000-0x0000000800ba0000-0x0000000800ba0000), size 12189696, SharedBaseAddress: 0x0000000800000000, ArchiveRelocationMode: 0.
Compressed class space mapped at: 0x0000000800c00000-0x0000000840c00000, reserved size: 1073741824
Narrow klass base: 0x0000000800000000, Narrow klass shift: 0, Narrow klass range: 0x100000000

GC Precious Log:
 CardTable entry size: 512
 Card Set container configuration: InlinePtr #cards 5 size 8 Array Of Cards #cards 12 size 40 Howl #buckets 4 coarsen threshold 1843 Howl Bitmap #cards 512 size 80 coarsen threshold 460 Card regions per heap region 1 cards per card region 2048
 CPUs: 4 total, 4 available
 Memory: 4012M
 Large Page Support: Disabled
 NUMA Support: Disabled
 Compressed Oops: Enabled (32-bit)
 Heap Region Size: 1M
 Heap Min Capacity: 8M
 Heap Initial Capacity: 64M
 Heap Max Capacity: 1004M
 Pre-touch: Disabled
 Parallel Workers: 4
 Concurrent Workers: 1
 Concurrent Refinement Workers: 4
 Periodic GC: Disabled

Heap:
 garbage-first heap   total 65536K, used 31602K [0x00000000c1400000, 0x0000000100000000)
  region size 1024K, 27 young (27648K), 3 survivors (3072K)
 Metaspace       used 15819K, committed 16064K, reserved 1114112K
  class space    used 1888K, committed 2048K, reserved 1048576K

Heap Regions: E=young(eden), S=young(survivor), O=old, HS=humongous(starts), HC=humongous(continues), CS=collection set, F=free, OA=open archive, CA=closed archive, TAMS=top-at-mark-start (previous, next)
|   0|0x00000000c1400000, 0x00000000c1500000, 0x00000000c1500000|100%|HS|  |TAMS 0x00000000c1400000, 0x00000000c1400000| Complete 
|   1|0x00000000c1500000, 0x00000000c1600000, 0x00000000c1600000|100%| O|  |TAMS 0x00000000c1500000, 0x00000000c1500000| Untracked 
|   2|0x00000000c1600000, 0x00000000c1700000, 0x00000000c1700000|100%| O|  |TAMS 0x00000000c1600000, 0x00000000c1600000| Untracked 
|   3|0x00000000c1700000, 0x00000000c1800000, 0x00000000c1800000|100%| O|  |TAMS 0x00000000c1700000, 0x00000000c1700000| Untracked 
|   4|0x00000000c1800000, 0x00000000c1900000, 0x00000000c1900000|100%| O|  |TAMS 0x00000000c1800000, 0x00000000c1800000| Untracked 
|   5|0x00000000c1900000, 0x00000000c1a00000, 0x00000000c1a00000|100%| O|  |TAMS 0x00000000c1900000, 0x00000000c1900000| Untracked 
|   6|0x00000000c1a00000, 0x00000000c1aa6c00, 0x00000000c1b00000| 65%| O|  |TAMS 0x00000000c1a00000, 0x00000000c1a00000| Untracked 
|   7|0x00000000c1b00000, 0x00000000c1b00000, 0x00000000c1c00000|  0%| F|  |TAMS 0x00000000c1b00000, 0x00000000c1b00000| Untracked 
|   8|0x00000000c1c00000, 0x00000000c1c00000, 0x00000000c1d00000|  0%| F|  |TAMS 0x00000000c1c00000, 0x00000000c1c00000| Untracked 
|   9|0x00000000c1d00000, 0x00000000c1d00000, 0x00000000c1e00000|  0%| F|  |TAMS 0x00000000c1d00000, 0x00000000c1d00000| Untracked 
|  10|0x00000000c1e00000, 0x00000000c1e00000, 0x00000000c1f00000|  0%| F|  |TAMS 0x00000000c1e00000, 0x00000000c1e00000| Untracked 
|  11|0x00000000c1f00000, 0x00000000c1f00000, 0x00000000c2000000|  0%| F|  |TAMS 0x00000000c1f00000, 0x00000000c1f00000| Untracked 
|  12|0x00000000c2000000, 0x00000000c2000000, 0x00000000c2100000|  0%| F|  |TAMS 0x00000000c2000000, 0x00000000c2000000| Untracked 
|  13|0x00000000c2100000, 0x00000000c2100000, 0x00000000c2200000|  0%| F|  |TAMS 0x00000000c2100000, 0x00000000c2100000| Untracked 
|  14|0x00000000c2200000, 0x00000000c2200000, 0x00000000c2300000|  0%| F|  |TAMS 0x00000000c2200000, 0x00000000c2200000| Untracked 
|  15|0x00000000c2300000, 0x00000000c2300000, 0x00000000c2400000|  0%| F|  |TAMS 0x00000000c2300000, 0x00000000c2300000| Untracked 
|  16|0x00000000c2400000, 0x00000000c2400000, 0x00000000c2500000|  0%| F|  |TAMS 0x00000000c2400000, 0x00000000c2400000| Untracked 
|  17|0x00000000c2500000, 0x00000000c2500000, 0x00000000c2600000|  0%| F|  |TAMS 0x00000000c2500000, 0x00000000c2500000| Untracked 
|  18|0x00000000c2600000, 0x00000000c2600000, 0x00000000c2700000|  0%| F|  |TAMS 0x00000000c2600000, 0x00000000c2600000| Untracked 
|  19|0x00000000c2700000, 0x00000000c2700000, 0x00000000c2800000|  0%| F|  |TAMS 0x00000000c2700000, 0x00000000c2700000| Untracked 
|  20|0x00000000c2800000, 0x00000000c2800000, 0x00000000c2900000|  0%| F|  |TAMS 0x00000000c2800000, 0x00000000c2800000| Untracked 
|  21|0x00000000c2900000, 0x00000000c2900000, 0x00000000c2a00000|  0%| F|  |TAMS 0x00000000c2900000, 0x00000000c2900000| Untracked 
|  22|0x00000000c2a00000, 0x00000000c2a00000, 0x00000000c2b00000|  0%| F|  |TAMS 0x00000000c2a00000, 0x00000000c2a00000| Untracked 
|  23|0x00000000c2b00000, 0x00000000c2b00000, 0x00000000c2c00000|  0%| F|  |TAMS 0x00000000c2b00000, 0x00000000c2b00000| Untracked 
|  24|0x00000000c2c00000, 0x00000000c2c00000, 0x00000000c2d00000|  0%| F|  |TAMS 0x00000000c2c00000, 0x00000000c2c00000| Untracked 
|  25|0x00000000c2d00000, 0x00000000c2d00000, 0x00000000c2e00000|  0%| F|  |TAMS 0x00000000c2d00000, 0x00000000c2d00000| Untracked 
|  26|0x00000000c2e00000, 0x00000000c2e00000, 0x00000000c2f00000|  0%| F|  |TAMS 0x00000000c2e00000, 0x00000000c2e00000| Untracked 
|  27|0x00000000c2f00000, 0x00000000c2f00000, 0x00000000c3000000|  0%| F|  |TAMS 0x00000000c2f00000, 0x00000000c2f00000| Untracked 
|  28|0x00000000c3000000, 0x00000000c3000000, 0x00000000c3100000|  0%| F|  |TAMS 0x00000000c3000000, 0x00000000c3000000| Untracked 
|  29|0x00000000c3100000, 0x00000000c3100000, 0x00000000c3200000|  0%| F|  |TAMS 0x00000000c3100000, 0x00000000c3100000| Untracked 
|  30|0x00000000c3200000, 0x00000000c3200000, 0x00000000c3300000|  0%| F|  |TAMS 0x00000000c3200000, 0x00000000c3200000| Untracked 
|  31|0x00000000c3300000, 0x00000000c3300000, 0x00000000c3400000|  0%| F|  |TAMS 0x00000000c3300000, 0x00000000c3300000| Untracked 
|  32|0x00000000c3400000, 0x00000000c3400000, 0x00000000c3500000|  0%| F|  |TAMS 0x00000000c3400000, 0x00000000c3400000| Untracked 
|  33|0x00000000c3500000, 0x00000000c3500000, 0x00000000c3600000|  0%| F|  |TAMS 0x00000000c3500000, 0x00000000c3500000| Untracked 
|  34|0x00000000c3600000, 0x00000000c3600000, 0x00000000c3700000|  0%| F|  |TAMS 0x00000000c3600000, 0x00000000c3600000| Untracked 
|  35|0x00000000c3700000, 0x00000000c3700000, 0x00000000c3800000|  0%| F|  |TAMS 0x00000000c3700000, 0x00000000c3700000| Untracked 
|  36|0x00000000c3800000, 0x00000000c3800000, 0x00000000c3900000|  0%| F|  |TAMS 0x00000000c3800000, 0x00000000c3800000| Untracked 
|  37|0x00000000c3900000, 0x00000000c39c8928, 0x00000000c3a00000| 78%| E|  |TAMS 0x00000000c3900000, 0x00000000c3900000| Complete 
|  38|0x00000000c3a00000, 0x00000000c3b00000, 0x00000000c3b00000|100%| E|  |TAMS 0x00000000c3a00000, 0x00000000c3a00000| Complete 
|  39|0x00000000c3b00000, 0x00000000c3c00000, 0x00000000c3c00000|100%| E|CS|TAMS 0x00000000c3b00000, 0x00000000c3b00000| Complete 
|  40|0x00000000c3c00000, 0x00000000c3d00000, 0x00000000c3d00000|100%| E|CS|TAMS 0x00000000c3c00000, 0x00000000c3c00000| Complete 
|  41|0x00000000c3d00000, 0x00000000c3e00000, 0x00000000c3e00000|100%| E|CS|TAMS 0x00000000c3d00000, 0x00000000c3d00000| Complete 
|  42|0x00000000c3e00000, 0x00000000c3e35e58, 0x00000000c3f00000| 21%| S|CS|TAMS 0x00000000c3e00000, 0x00000000c3e00000| Complete 
|  43|0x00000000c3f00000, 0x00000000c4000000, 0x00000000c4000000|100%| S|CS|TAMS 0x00000000c3f00000, 0x00000000c3f00000| Complete 
|  44|0x00000000c4000000, 0x00000000c4100000, 0x00000000c4100000|100%| S|CS|TAMS 0x00000000c4000000, 0x00000000c4000000| Complete 
|  45|0x00000000c4100000, 0x00000000c4200000, 0x00000000c4200000|100%| E|CS|TAMS 0x00000000c4100000, 0x00000000c4100000| Complete 
|  46|0x00000000c4200000, 0x00000000c4300000, 0x00000000c4300000|100%| E|CS|TAMS 0x00000000c4200000, 0x00000000c4200000| Complete 
|  47|0x00000000c4300000, 0x00000000c4400000, 0x00000000c4400000|100%| E|CS|TAMS 0x00000000c4300000, 0x00000000c4300000| Complete 
|  48|0x00000000c4400000, 0x00000000c4500000, 0x00000000c4500000|100%| E|CS|TAMS 0x00000000c4400000, 0x00000000c4400000| Complete 
|  49|0x00000000c4500000, 0x00000000c4600000, 0x00000000c4600000|100%| E|CS|TAMS 0x00000000c4500000, 0x00000000c4500000| Complete 
|  50|0x00000000c4600000, 0x00000000c4700000, 0x00000000c4700000|100%| E|CS|TAMS 0x00000000c4600000, 0x00000000c4600000| Complete 
|  51|0x00000000c4700000, 0x00000000c4800000, 0x00000000c4800000|100%| E|CS|TAMS 0x00000000c4700000, 0x00000000c4700000| Complete 
|  52|0x00000000c4800000, 0x00000000c4900000, 0x00000000c4900000|100%| E|CS|TAMS 0x00000000c4800000, 0x00000000c4800000| Complete 
|  53|0x00000000c4900000, 0x00000000c4a00000, 0x00000000c4a00000|100%| E|CS|TAMS 0x00000000c4900000, 0x00000000c4900000| Complete 
|  54|0x00000000c4a00000, 0x00000000c4b00000, 0x00000000c4b00000|100%| E|CS|TAMS 0x00000000c4a00000, 0x00000000c4a00000| Complete 
|  55|0x00000000c4b00000, 0x00000000c4c00000, 0x00000000c4c00000|100%| E|CS|TAMS 0x00000000c4b00000, 0x00000000c4b00000| Complete 
|  56|0x00000000c4c00000, 0x00000000c4d00000, 0x00000000c4d00000|100%| E|CS|TAMS 0x00000000c4c00000, 0x00000000c4c00000| Complete 
|  57|0x00000000c4d00000, 0x00000000c4e00000, 0x00000000c4e00000|100%| E|CS|TAMS 0x00000000c4d00000, 0x00000000c4d00000| Complete 
|  58|0x00000000c4e00000, 0x00000000c4f00000, 0x00000000c4f00000|100%| E|CS|TAMS 0x00000000c4e00000, 0x00000000c4e00000| Complete 
|  59|0x00000000c4f00000, 0x00000000c5000000, 0x00000000c5000000|100%| E|CS|TAMS 0x00000000c4f00000, 0x00000000c4f00000| Complete 
|  60|0x00000000c5000000, 0x00000000c5100000, 0x00000000c5100000|100%| E|CS|TAMS 0x00000000c5000000, 0x00000000c5000000| Complete 
|  61|0x00000000c5100000, 0x00000000c5200000, 0x00000000c5200000|100%| E|CS|TAMS 0x00000000c5100000, 0x00000000c5100000| Complete 
|  62|0x00000000c5200000, 0x00000000c5300000, 0x00000000c5300000|100%| E|CS|TAMS 0x00000000c5200000, 0x00000000c5200000| Complete 
|  63|0x00000000c5300000, 0x00000000c5400000, 0x00000000c5400000|100%| E|CS|TAMS 0x00000000c5300000, 0x00000000c5300000| Complete 

Card table byte_map: [0x00000268d3770000,0x00000268d3970000] _byte_map_base: 0x00000268d3166000

Marking Bits (Prev, Next): (CMBitMap*) 0x00000268babd9ab0, (CMBitMap*) 0x00000268babd9af0
 Prev Bits: [0x00000268d3b70000, 0x00000268d4b20000)
 Next Bits: [0x00000268d4b20000, 0x00000268d5ad0000)

Polling page: 0x00000268c3f10000

Metaspace:

Usage:
  Non-class:     13.60 MB used.
      Class:      1.84 MB used.
       Both:     15.45 MB used.

Virtual space:
  Non-class space:       64.00 MB reserved,      13.69 MB ( 21%) committed,  1 nodes.
      Class space:        1.00 GB reserved,       2.00 MB ( <1%) committed,  1 nodes.
             Both:        1.06 GB reserved,      15.69 MB (  1%) committed. 

Chunk freelists:
   Non-Class:  1.42 MB
       Class:  1.98 MB
        Both:  3.40 MB

MaxMetaspaceSize: unlimited
CompressedClassSpaceSize: 1.00 GB
Initial GC threshold: 21.00 MB
Current GC threshold: 21.00 MB
CDS: on
MetaspaceReclaimPolicy: balanced
 - commit_granule_bytes: 65536.
 - commit_granule_words: 8192.
 - virtual_space_node_default_size: 8388608.
 - enlarge_chunks_in_place: 1.
 - new_chunks_are_fully_committed: 0.
 - uncommit_free_chunks: 1.
 - use_allocation_guard: 0.


Internal statistics:

num_allocs_failed_limit: 0.
num_arena_births: 232.
num_arena_deaths: 0.
num_vsnodes_births: 2.
num_vsnodes_deaths: 0.
num_space_committed: 251.
num_space_uncommitted: 0.
num_chunks_returned_to_freelist: 0.
num_chunks_taken_from_freelist: 741.
num_chunk_merges: 0.
num_chunk_splits: 511.
num_chunks_enlarged: 401.
num_inconsistent_stats: 0.

CodeHeap 'non-profiled nmethods': size=120000Kb used=740Kb max_used=740Kb free=119260Kb
 bounds [0x00000268cba00000, 0x00000268cbc70000, 0x00000268d2f30000]
CodeHeap 'profiled nmethods': size=120000Kb used=3814Kb max_used=3814Kb free=116185Kb
 bounds [0x00000268c44d0000, 0x00000268c4890000, 0x00000268cba00000]
CodeHeap 'non-nmethods': size=5760Kb used=1194Kb max_used=1270Kb free=4565Kb
 bounds [0x00000268c3f30000, 0x00000268c41a0000, 0x00000268c44d0000]
 total_blobs=2513 nmethods=2037 adapters=388
 compilation: enabled
              stopped_count=0, restarted_count=0
 full_count=0

Compilation events (20 events):
Event: 4.051 Thread 0x00000268d804f080 nmethod 2024% 0x00000268cbab5190 code [0x00000268cbab5340, 0x00000268cbab5b38]
Event: 4.051 Thread 0x00000268d804f080 2000       4       org.springframework.util.ConcurrentReferenceHashMap$Segment::getIndex (7 bytes)
Event: 4.051 Thread 0x00000268d80b3db0 2030       3       java.lang.invoke.DelegatingMethodHandle$Holder::reinvoke_L (20 bytes)
Event: 4.052 Thread 0x00000268d80b3db0 nmethod 2030 0x00000268c4884710 code [0x00000268c48848e0, 0x00000268c4884d58]
Event: 4.052 Thread 0x00000268d804f080 nmethod 2000 0x00000268cbab5f90 code [0x00000268cbab6100, 0x00000268cbab6198]
Event: 4.060 Thread 0x00000268d80b3db0 2031       3       java.util.Arrays$ArrayList::iterator (12 bytes)
Event: 4.061 Thread 0x00000268d80b3db0 nmethod 2031 0x00000268c4884e90 code [0x00000268c4885040, 0x00000268c48852d8]
Event: 4.061 Thread 0x00000268d80b3db0 2032       3       java.util.Arrays$ArrayItr::<init> (10 bytes)
Event: 4.061 Thread 0x00000268d80b3db0 nmethod 2032 0x00000268c4885410 code [0x00000268c48855a0, 0x00000268c4885758]
Event: 4.061 Thread 0x00000268d80b3db0 2033       3       java.util.jar.Manifest$FastInputStream::readLine (296 bytes)
Event: 4.062 Thread 0x00000268d80b3db0 nmethod 2033 0x00000268c4885810 code [0x00000268c4885a40, 0x00000268c4886348]
Event: 4.062 Thread 0x00000268d80b3db0 2034       3       java.util.concurrent.ConcurrentHashMap::get (162 bytes)
Event: 4.063 Thread 0x00000268d804f080 2036       4       java.util.jar.Manifest$FastInputStream::readLine (296 bytes)
Event: 4.064 Thread 0x00000268d80b3db0 nmethod 2034 0x00000268c4886690 code [0x00000268c48868e0, 0x00000268c48873c8]
Event: 4.064 Thread 0x00000268d80b3db0 2035       3       java.lang.invoke.DirectMethodHandle$Holder::invokeStatic (14 bytes)
Event: 4.064 Thread 0x00000268d80b3db0 nmethod 2035 0x00000268c4887710 code [0x00000268c48878e0, 0x00000268c4887d38]
Event: 4.064 Thread 0x00000268d80b3db0 2037       3       java.lang.invoke.LambdaForm$MH/0x0000000800c01800::invoke (25 bytes)
Event: 4.064 Thread 0x00000268d80b3db0 nmethod 2037 0x00000268c4887e90 code [0x00000268c4888060, 0x00000268c48885b8]
Event: 4.071 Thread 0x00000268d80b3db0 2038       3       java.lang.NamedPackage::<init> (59 bytes)
Event: 4.073 Thread 0x00000268d80b3db0 nmethod 2038 0x00000268c4888710 code [0x00000268c48889a0, 0x00000268c4889478]

GC Heap History (6 events):
Event: 1.360 GC heap before
{Heap before GC invocations=0 (full 0):
 garbage-first heap   total 65536K, used 13312K [0x00000000c1400000, 0x0000000100000000)
  region size 1024K, 13 young (13312K), 0 survivors (0K)
 Metaspace       used 2750K, committed 2944K, reserved 1114112K
  class space    used 259K, committed 384K, reserved 1048576K
}
Event: 1.377 GC heap after
{Heap after GC invocations=1 (full 0):
 garbage-first heap   total 65536K, used 6747K [0x00000000c1400000, 0x0000000100000000)
  region size 1024K, 2 young (2048K), 2 survivors (2048K)
 Metaspace       used 2750K, committed 2944K, reserved 1114112K
  class space    used 259K, committed 384K, reserved 1048576K
}
Event: 2.133 GC heap before
{Heap before GC invocations=1 (full 0):
 garbage-first heap   total 65536K, used 15963K [0x00000000c1400000, 0x0000000100000000)
  region size 1024K, 11 young (11264K), 2 survivors (2048K)
 Metaspace       used 5650K, committed 5888K, reserved 1114112K
  class space    used 614K, committed 704K, reserved 1048576K
}
Event: 2.140 GC heap after
{Heap after GC invocations=2 (full 0):
 garbage-first heap   total 65536K, used 7831K [0x00000000c1400000, 0x0000000100000000)
  region size 1024K, 1 young (1024K), 1 survivors (1024K)
 Metaspace       used 5650K, committed 5888K, reserved 1114112K
  class space    used 614K, committed 704K, reserved 1048576K
}
Event: 3.048 GC heap before
{Heap before GC invocations=2 (full 0):
 garbage-first heap   total 65536K, used 25239K [0x00000000c1400000, 0x0000000100000000)
  region size 1024K, 19 young (19456K), 1 survivors (1024K)
 Metaspace       used 10347K, committed 10560K, reserved 1114112K
  class space    used 1205K, committed 1344K, reserved 1048576K
}
Event: 3.053 GC heap after
{Heap after GC invocations=3 (full 0):
 garbage-first heap   total 65536K, used 9074K [0x00000000c1400000, 0x0000000100000000)
  region size 1024K, 3 young (3072K), 3 survivors (3072K)
 Metaspace       used 10347K, committed 10560K, reserved 1114112K
  class space    used 1205K, committed 1344K, reserved 1048576K
}

Deoptimization events (20 events):
Event: 4.063 Thread 0x00000268bab97890 DEOPT PACKING pc=0x00000268c48861e8 sp=0x00000099d8ffcfa0
Event: 4.063 Thread 0x00000268bab97890 DEOPT UNPACKING pc=0x00000268c3f82b43 sp=0x00000099d8ffc430 mode 0
Event: 4.063 Thread 0x00000268bab97890 DEOPT PACKING pc=0x00000268c48861e8 sp=0x00000099d8ffcfa0
Event: 4.063 Thread 0x00000268bab97890 DEOPT UNPACKING pc=0x00000268c3f82b43 sp=0x00000099d8ffc430 mode 0
Event: 4.063 Thread 0x00000268bab97890 DEOPT PACKING pc=0x00000268c48861e8 sp=0x00000099d8ffcfa0
Event: 4.063 Thread 0x00000268bab97890 DEOPT UNPACKING pc=0x00000268c3f82b43 sp=0x00000099d8ffc430 mode 0
Event: 4.063 Thread 0x00000268bab97890 DEOPT PACKING pc=0x00000268c48861e8 sp=0x00000099d8ffcfa0
Event: 4.063 Thread 0x00000268bab97890 DEOPT UNPACKING pc=0x00000268c3f82b43 sp=0x00000099d8ffc430 mode 0
Event: 4.064 Thread 0x00000268bab97890 DEOPT PACKING pc=0x00000268c48861e8 sp=0x00000099d8ffcfa0
Event: 4.064 Thread 0x00000268bab97890 DEOPT UNPACKING pc=0x00000268c3f82b43 sp=0x00000099d8ffc430 mode 0
Event: 4.065 Thread 0x00000268bab97890 DEOPT PACKING pc=0x00000268c48861e8 sp=0x00000099d8ffcfa0
Event: 4.065 Thread 0x00000268bab97890 DEOPT UNPACKING pc=0x00000268c3f82b43 sp=0x00000099d8ffc430 mode 0
Event: 4.065 Thread 0x00000268bab97890 DEOPT PACKING pc=0x00000268c48861e8 sp=0x00000099d8ffcfa0
Event: 4.065 Thread 0x00000268bab97890 DEOPT UNPACKING pc=0x00000268c3f82b43 sp=0x00000099d8ffc430 mode 0
Event: 4.065 Thread 0x00000268bab97890 DEOPT PACKING pc=0x00000268c48861e8 sp=0x00000099d8ffcfa0
Event: 4.065 Thread 0x00000268bab97890 DEOPT UNPACKING pc=0x00000268c3f82b43 sp=0x00000099d8ffc430 mode 0
Event: 4.066 Thread 0x00000268bab97890 DEOPT PACKING pc=0x00000268c48861e8 sp=0x00000099d8ffcfa0
Event: 4.066 Thread 0x00000268bab97890 DEOPT UNPACKING pc=0x00000268c3f82b43 sp=0x00000099d8ffc430 mode 0
Event: 4.066 Thread 0x00000268bab97890 DEOPT PACKING pc=0x00000268c48861e8 sp=0x00000099d8ffcfa0
Event: 4.066 Thread 0x00000268bab97890 DEOPT UNPACKING pc=0x00000268c3f82b43 sp=0x00000099d8ffc430 mode 0

Classes loaded (20 events):
Event: 3.585 Loading class java/util/stream/SortedOps$AbstractRefSortingSink done
Event: 3.585 Loading class java/util/stream/SortedOps$RefSortingSink done
Event: 3.586 Loading class sun/nio/fs/WindowsPath$WindowsPathWithAttributes
Event: 3.586 Loading class sun/nio/fs/BasicFileAttributesHolder
Event: 3.586 Loading class sun/nio/fs/BasicFileAttributesHolder done
Event: 3.586 Loading class sun/nio/fs/WindowsPath$WindowsPathWithAttributes done
Event: 3.588 Loading class java/util/regex/Pattern$LazyLoop
Event: 3.589 Loading class java/util/regex/Pattern$Loop
Event: 3.589 Loading class java/util/regex/Pattern$Loop done
Event: 3.589 Loading class java/util/regex/Pattern$LazyLoop done
Event: 3.589 Loading class java/util/regex/Pattern$Prolog
Event: 3.589 Loading class java/util/regex/Pattern$Prolog done
Event: 3.633 Loading class java/util/regex/Pattern$Pos
Event: 3.633 Loading class java/util/regex/Pattern$Pos done
Event: 3.726 Loading class java/lang/AssertionError
Event: 3.726 Loading class java/lang/AssertionError done
Event: 4.059 Loading class javax/naming/ldap/LdapContext
Event: 4.059 Loading class javax/naming/directory/DirContext
Event: 4.059 Loading class javax/naming/directory/DirContext done
Event: 4.059 Loading class javax/naming/ldap/LdapContext done

Classes unloaded (0 events):
No events

Classes redefined (0 events):
No events

Internal exceptions (20 events):
Event: 2.708 Thread 0x00000268bab97890 Exception <a 'java/lang/NoSuchMethodError'{0x00000000c4b47570}: 'java.lang.Object java.lang.invoke.DirectMethodHandle$Holder.invokeStatic(java.lang.Object, java.lang.Object, long, java.lang.Object)'> (0x00000000c4b47570) 
thrown [s\src\hotspot\share\interpreter\linkResolver.cpp, line 759]
Event: 2.709 Thread 0x00000268bab97890 Exception <a 'java/lang/NoSuchMethodError'{0x00000000c4b4b000}: 'java.lang.Object java.lang.invoke.DirectMethodHandle$Holder.invokeStaticInit(java.lang.Object, java.lang.Object, long, java.lang.Object)'> (0x00000000c4b4b000) 
thrown [s\src\hotspot\share\interpreter\linkResolver.cpp, line 759]
Event: 2.710 Thread 0x00000268bab97890 Exception <a 'java/lang/NoSuchMethodError'{0x00000000c4b51740}: 'java.lang.Object java.lang.invoke.DirectMethodHandle$Holder.newInvokeSpecial(java.lang.Object, java.lang.Object, long)'> (0x00000000c4b51740) 
thrown [s\src\hotspot\share\interpreter\linkResolver.cpp, line 759]
Event: 2.711 Thread 0x00000268bab97890 Exception <a 'java/lang/NoSuchMethodError'{0x00000000c4b552b8}: 'java.lang.Object java.lang.invoke.Invokers$Holder.linkToTargetMethod(java.lang.Object, long, java.lang.Object)'> (0x00000000c4b552b8) 
thrown [s\src\hotspot\share\interpreter\linkResolver.cpp, line 759]
Event: 2.737 Thread 0x00000268bab97890 Exception <a 'java/lang/NoSuchMethodError'{0x00000000c4ba89c0}: 'void java.lang.invoke.DirectMethodHandle$Holder.invokeVirtual(java.lang.Object, java.lang.Object, java.lang.Object, java.lang.Object)'> (0x00000000c4ba89c0) 
thrown [s\src\hotspot\share\interpreter\linkResolver.cpp, line 759]
Event: 2.823 Thread 0x00000268bab97890 Exception <a 'java/lang/NoSuchMethodError'{0x00000000c49faf18}: 'void java.lang.invoke.DirectMethodHandle$Holder.invokeSpecial(java.lang.Object, java.lang.Object, java.lang.Object)'> (0x00000000c49faf18) 
thrown [s\src\hotspot\share\interpreter\linkResolver.cpp, line 759]
Event: 2.825 Thread 0x00000268bab97890 Exception <a 'java/lang/NoSuchMethodError'{0x00000000c48019c0}: 'void java.lang.invoke.DirectMethodHandle$Holder.invokeSpecial(java.lang.Object, java.lang.Object, java.lang.Object, java.lang.Object, java.lang.Object)'> (0x00000000c48019c0) 
thrown [s\src\hotspot\share\interpreter\linkResolver.cpp, line 759]
Event: 2.837 Thread 0x00000268bab97890 Exception <a 'java/lang/IncompatibleClassChangeError'{0x00000000c482da00}: Found class java.lang.Object, but interface was expected> (0x00000000c482da00) 
thrown [s\src\hotspot\share\interpreter\linkResolver.cpp, line 826]
Event: 2.845 Thread 0x00000268dcfa10c0 Exception <a 'java/lang/NoClassDefFoundError'{0x00000000c4848590}: jakarta/validation/Validation> (0x00000000c4848590) 
thrown [s\src\hotspot\share\classfile\systemDictionary.cpp, line 244]
Event: 3.119 Thread 0x00000268bab97890 Exception <a 'java/lang/NoSuchMethodError'{0x00000000c5277ea0}: 'java.lang.Object java.lang.invoke.DirectMethodHandle$Holder.invokeStatic(java.lang.Object, int, java.lang.Object)'> (0x00000000c5277ea0) 
thrown [s\src\hotspot\share\interpreter\linkResolver.cpp, line 759]
Event: 3.138 Thread 0x00000268bab97890 Exception <a 'java/lang/NoSuchMethodError'{0x00000000c5173d08}: 'int java.lang.invoke.Invokers$Holder.invokeExact_MT(java.lang.Object, java.lang.Object)'> (0x00000000c5173d08) 
thrown [s\src\hotspot\share\interpreter\linkResolver.cpp, line 759]
Event: 3.575 Thread 0x00000268bab97890 Exception <a 'sun/nio/fs/WindowsException'{0x00000000c443adb8}> (0x00000000c443adb8) 
thrown [s\src\hotspot\share\prims\jni.cpp, line 516]
Event: 3.577 Thread 0x00000268bab97890 Exception <a 'java/lang/NoSuchMethodError'{0x00000000c443c7d0}: 'int java.lang.invoke.DirectMethodHandle$Holder.invokeSpecial(java.lang.Object, java.lang.Object, java.lang.Object, java.lang.Object, java.lang.Object)'> (0x00000000c443c7d0) 
thrown [s\src\hotspot\share\interpreter\linkResolver.cpp, line 759]
Event: 3.582 Thread 0x00000268bab97890 Exception <a 'java/lang/NoSuchMethodError'{0x00000000c44455c0}: 'void java.lang.invoke.DirectMethodHandle$Holder.invokeVirtual(java.lang.Object, java.lang.Object)'> (0x00000000c44455c0) 
thrown [s\src\hotspot\share\interpreter\linkResolver.cpp, line 759]
Event: 3.656 Thread 0x00000268dcfa10c0 Exception <a 'java/lang/NoSuchMethodError'{0x00000000c4244688}: 'long java.lang.invoke.DirectMethodHandle$Holder.invokeSpecial(java.lang.Object, java.lang.Object)'> (0x00000000c4244688) 
thrown [s\src\hotspot\share\interpreter\linkResolver.cpp, line 759]
Event: 3.660 Thread 0x00000268dcfa10c0 Exception <a 'java/lang/NoSuchMethodError'{0x00000000c424fea8}: 'long java.lang.invoke.DirectMethodHandle$Holder.invokeStatic(java.lang.Object, java.lang.Object)'> (0x00000000c424fea8) 
thrown [s\src\hotspot\share\interpreter\linkResolver.cpp, line 759]
Event: 3.660 Thread 0x00000268dcfa10c0 Exception <a 'java/lang/NoSuchMethodError'{0x00000000c42534a0}: 'long java.lang.invoke.DirectMethodHandle$Holder.invokeStaticInit(java.lang.Object, java.lang.Object)'> (0x00000000c42534a0) 
thrown [s\src\hotspot\share\interpreter\linkResolver.cpp, line 759]
Event: 3.664 Thread 0x00000268dcfa10c0 Exception <a 'java/lang/NoSuchMethodError'{0x00000000c4261588}: 'long java.lang.invoke.DirectMethodHandle$Holder.invokeInterface(java.lang.Object, java.lang.Object)'> (0x00000000c4261588) 
thrown [s\src\hotspot\share\interpreter\linkResolver.cpp, line 759]
Event: 3.665 Thread 0x00000268dcfa10c0 Exception <a 'java/lang/IncompatibleClassChangeError'{0x00000000c4264b10}: Found class java.lang.Object, but interface was expected> (0x00000000c4264b10) 
thrown [s\src\hotspot\share\interpreter\linkResolver.cpp, line 826]
Event: 3.688 Thread 0x00000268dcfa10c0 Exception <a 'java/lang/NoSuchMethodError'{0x00000000c411f6e8}: 'java.lang.Object java.lang.invoke.DirectMethodHandle$Holder.invokeVirtual(java.lang.Object, java.lang.Object, java.lang.Object, java.lang.Object)'> (0x00000000c411f6e8) 
thrown [s\src\hotspot\share\interpreter\linkResolver.cpp, line 759]

VM Operations (20 events):
Event: 1.214 Executing VM operation: Cleanup
Event: 1.214 Executing VM operation: Cleanup done
Event: 1.360 Executing VM operation: G1CollectForAllocation
Event: 1.377 Executing VM operation: G1CollectForAllocation done
Event: 2.029 Executing VM operation: HandshakeAllThreads
Event: 2.029 Executing VM operation: HandshakeAllThreads done
Event: 2.133 Executing VM operation: G1CollectForAllocation
Event: 2.140 Executing VM operation: G1CollectForAllocation done
Event: 2.510 Executing VM operation: HandshakeAllThreads
Event: 2.510 Executing VM operation: HandshakeAllThreads done
Event: 2.818 Executing VM operation: HandshakeAllThreads
Event: 2.818 Executing VM operation: HandshakeAllThreads done
Event: 2.819 Executing VM operation: HandshakeAllThreads
Event: 2.819 Executing VM operation: HandshakeAllThreads done
Event: 3.048 Executing VM operation: G1CollectForAllocation
Event: 3.053 Executing VM operation: G1CollectForAllocation done
Event: 3.191 Executing VM operation: HandshakeAllThreads
Event: 3.191 Executing VM operation: HandshakeAllThreads done
Event: 3.537 Executing VM operation: HandshakeAllThreads
Event: 3.537 Executing VM operation: HandshakeAllThreads done

Events (20 events):
Event: 0.110 Thread 0x00000268d80bf3b0 Thread added: 0x00000268d80bf3b0
Event: 0.372 Thread 0x00000268bac5cf40 Thread added: 0x00000268bac5cf40
Event: 0.440 Loaded shared library C:\Users\ERIN_JAVALead\.jdks\corretto-18.0.2\bin\zip.dll
Event: 0.447 Loaded shared library C:\Users\ERIN_JAVALead\.jdks\corretto-18.0.2\bin\instrument.dll
Event: 0.463 Loaded shared library C:\Users\ERIN_JAVALead\.jdks\corretto-18.0.2\bin\net.dll
Event: 0.467 Loaded shared library C:\Users\ERIN_JAVALead\.jdks\corretto-18.0.2\bin\nio.dll
Event: 0.473 Loaded shared library C:\Users\ERIN_JAVALead\.jdks\corretto-18.0.2\bin\zip.dll
Event: 0.519 Thread 0x00000268dc55b520 Thread added: 0x00000268dc55b520
Event: 0.778 Loaded shared library C:\Program Files\JetBrains\IntelliJ IDEA Community Edition 2021.3.3\bin\breakgen64.dll
Event: 0.780 Thread 0x00000268dc988600 Thread added: 0x00000268dc988600
Event: 0.780 Thread 0x00000268dc905420 Thread added: 0x00000268dc905420
Event: 0.926 Loaded shared library C:\Users\ERIN_JAVALead\.jdks\corretto-18.0.2\bin\jimage.dll
Event: 1.631 Thread 0x00000268dc55b520 Thread exited: 0x00000268dc55b520
Event: 2.832 Thread 0x00000268dcfa10c0 Thread added: 0x00000268dcfa10c0
Event: 2.900 Thread 0x00000268dd0825b0 Thread added: 0x00000268dd0825b0
Event: 3.053 Thread 0x00000268dd0825b0 Thread exited: 0x00000268dd0825b0
Event: 3.692 Thread 0x00000268dcfa10c0 Thread exited: 0x00000268dcfa10c0
Event: 3.754 Loaded shared library C:\Users\ERIN_JAVALead\.jdks\corretto-18.0.2\bin\verify.dll
Event: 3.821 Thread 0x00000268dd484c20 Thread added: 0x00000268dd484c20
Event: 4.029 Thread 0x00000268dd3950f0 Thread added: 0x00000268dd3950f0


Dynamic libraries:
0x00007ff7ceee0000 - 0x00007ff7ceeed000 	C:\Users\ERIN_JAVALead\.jdks\corretto-18.0.2\bin\java.exe
0x00007ffd7e770000 - 0x00007ffd7e967000 	C:\WINDOWS\SYSTEM32\ntdll.dll
0x00007ffd7d9a0000 - 0x00007ffd7da5d000 	C:\WINDOWS\System32\KERNEL32.DLL
0x00007ffd7c140000 - 0x00007ffd7c436000 	C:\WINDOWS\System32\KERNELBASE.dll
0x00007ffd7c040000 - 0x00007ffd7c140000 	C:\WINDOWS\System32\ucrtbase.dll
0x00007ffd6af20000 - 0x00007ffd6af35000 	C:\Users\ERIN_JAVALead\.jdks\corretto-18.0.2\bin\VCRUNTIME140.dll
0x00007ffd79520000 - 0x00007ffd79537000 	C:\Users\ERIN_JAVALead\.jdks\corretto-18.0.2\bin\jli.dll
0x00007ffd7cf00000 - 0x00007ffd7d09e000 	C:\WINDOWS\System32\USER32.dll
0x00007ffd7bf30000 - 0x00007ffd7bf52000 	C:\WINDOWS\System32\win32u.dll
0x00007ffd7d370000 - 0x00007ffd7d39c000 	C:\WINDOWS\System32\GDI32.dll
0x00007ffd7c5d0000 - 0x00007ffd7c6ea000 	C:\WINDOWS\System32\gdi32full.dll
0x00007ffd7be90000 - 0x00007ffd7bf2d000 	C:\WINDOWS\System32\msvcp_win.dll
0x00007ffd6ab70000 - 0x00007ffd6ae0a000 	C:\WINDOWS\WinSxS\amd64_microsoft.windows.common-controls_6595b64144ccf1df_6.0.19041.3570_none_60bb2a3971f3e41a\COMCTL32.dll
0x00007ffd7cc10000 - 0x00007ffd7ccae000 	C:\WINDOWS\System32\msvcrt.dll
0x00007ffd7cea0000 - 0x00007ffd7ced0000 	C:\WINDOWS\System32\IMM32.DLL
0x00007ffd695f0000 - 0x00007ffd6968b000 	C:\Users\ERIN_JAVALead\.jdks\corretto-18.0.2\bin\msvcp140.dll
0x00007ffd443b0000 - 0x00007ffd45021000 	C:\Users\ERIN_JAVALead\.jdks\corretto-18.0.2\bin\server\jvm.dll
0x00007ffd7db90000 - 0x00007ffd7dc3e000 	C:\WINDOWS\System32\ADVAPI32.dll
0x00007ffd7d3a0000 - 0x00007ffd7d43c000 	C:\WINDOWS\System32\sechost.dll
0x00007ffd7d240000 - 0x00007ffd7d366000 	C:\WINDOWS\System32\RPCRT4.dll
0x00007ffd7e6f0000 - 0x00007ffd7e6f8000 	C:\WINDOWS\System32\PSAPI.DLL
0x00007ffd79550000 - 0x00007ffd79559000 	C:\WINDOWS\SYSTEM32\WSOCK32.dll
0x00007ffd7d0a0000 - 0x00007ffd7d10b000 	C:\WINDOWS\System32\WS2_32.dll
0x00007ffd578a0000 - 0x00007ffd578c7000 	C:\WINDOWS\SYSTEM32\WINMM.dll
0x00007ffd76220000 - 0x00007ffd7622a000 	C:\WINDOWS\SYSTEM32\VERSION.dll
0x00007ffd79be0000 - 0x00007ffd79bf2000 	C:\WINDOWS\SYSTEM32\kernel.appcore.dll
0x00007ffd75ac0000 - 0x00007ffd75aca000 	C:\Users\ERIN_JAVALead\.jdks\corretto-18.0.2\bin\jimage.dll
0x00007ffd65500000 - 0x00007ffd656e4000 	C:\WINDOWS\SYSTEM32\DBGHELP.DLL
0x00007ffd654c0000 - 0x00007ffd654f4000 	C:\WINDOWS\SYSTEM32\dbgcore.DLL
0x00007ffd7bfb0000 - 0x00007ffd7c032000 	C:\WINDOWS\System32\bcryptPrimitives.dll
0x00007ffd6a3d0000 - 0x00007ffd6a3de000 	C:\Users\ERIN_JAVALead\.jdks\corretto-18.0.2\bin\instrument.dll
0x00007ffd6a2a0000 - 0x00007ffd6a2c5000 	C:\Users\ERIN_JAVALead\.jdks\corretto-18.0.2\bin\java.dll
0x00007ffd5cd70000 - 0x00007ffd5ce46000 	C:\Users\ERIN_JAVALead\.jdks\corretto-18.0.2\bin\jsvml.dll
0x00007ffd7de80000 - 0x00007ffd7e5c4000 	C:\WINDOWS\System32\SHELL32.dll
0x00007ffd79ec0000 - 0x00007ffd7a65b000 	C:\WINDOWS\SYSTEM32\windows.storage.dll
0x00007ffd7c7a0000 - 0x00007ffd7caf4000 	C:\WINDOWS\System32\combase.dll
0x00007ffd7b790000 - 0x00007ffd7b7bd000 	C:\WINDOWS\SYSTEM32\Wldp.dll
0x00007ffd7cb60000 - 0x00007ffd7cc0d000 	C:\WINDOWS\System32\SHCORE.dll
0x00007ffd7cb00000 - 0x00007ffd7cb55000 	C:\WINDOWS\System32\shlwapi.dll
0x00007ffd7bd50000 - 0x00007ffd7bd75000 	C:\WINDOWS\SYSTEM32\profapi.dll
0x00007ffd69ef0000 - 0x00007ffd69f08000 	C:\Users\ERIN_JAVALead\.jdks\corretto-18.0.2\bin\zip.dll
0x00007ffd69f90000 - 0x00007ffd69fa3000 	C:\Users\ERIN_JAVALead\.jdks\corretto-18.0.2\bin\net.dll
0x00007ffd75b20000 - 0x00007ffd75c2a000 	C:\WINDOWS\SYSTEM32\WINHTTP.dll
0x00007ffd7b4f0000 - 0x00007ffd7b55a000 	C:\WINDOWS\system32\mswsock.dll
0x00007ffd69f70000 - 0x00007ffd69f85000 	C:\Users\ERIN_JAVALead\.jdks\corretto-18.0.2\bin\nio.dll
0x00007ffd69c00000 - 0x00007ffd69c1a000 	C:\Program Files\JetBrains\IntelliJ IDEA Community Edition 2021.3.3\bin\breakgen64.dll
0x00007ffd69fc0000 - 0x00007ffd69fd0000 	C:\Users\ERIN_JAVALead\.jdks\corretto-18.0.2\bin\verify.dll

dbghelp: loaded successfully - version: 4.0.5 - missing functions: none
symbol engine: initialized successfully - sym options: 0x614 - pdb path: .;C:\Users\ERIN_JAVALead\.jdks\corretto-18.0.2\bin;C:\WINDOWS\SYSTEM32;C:\WINDOWS\WinSxS\amd64_microsoft.windows.common-controls_6595b64144ccf1df_6.0.19041.3570_none_60bb2a3971f3e41a;C:\Users\ERIN_JAVALead\.jdks\corretto-18.0.2\bin\server;C:\Program Files\JetBrains\IntelliJ IDEA Community Edition 2021.3.3\bin

VM Arguments:
jvm_args: -javaagent:C:\Program Files\JetBrains\IntelliJ IDEA Community Edition 2021.3.3\lib\idea_rt.jar=52690:C:\Program Files\JetBrains\IntelliJ IDEA Community Edition 2021.3.3\bin -Dfile.encoding=UTF-8 
java_command: com.devskiller.tasks.blog.BlogApplication
java_class_path (initial): C:\Users\ERIN_JAVALead\Downloads\devskiller-code-U32X-W3E7-T2E6-S3F\target\classes;C:\Users\ERIN_JAVALead\.m2\repository\org\springframework\boot\spring-boot-starter-data-jpa\3.1.5\spring-boot-starter-data-jpa-3.1.5.jar;C:\Users\ERIN_JAVALead\.m2\repository\org\springframework\boot\spring-boot-starter-aop\3.1.5\spring-boot-starter-aop-3.1.5.jar;C:\Users\ERIN_JAVALead\.m2\repository\org\aspectj\aspectjweaver\1.9.20\aspectjweaver-1.9.20.jar;C:\Users\ERIN_JAVALead\.m2\repository\org\springframework\boot\spring-boot-starter-jdbc\3.1.5\spring-boot-starter-jdbc-3.1.5.jar;C:\Users\ERIN_JAVALead\.m2\repository\com\zaxxer\HikariCP\5.0.1\HikariCP-5.0.1.jar;C:\Users\ERIN_JAVALead\.m2\repository\org\springframework\spring-jdbc\6.0.13\spring-jdbc-6.0.13.jar;C:\Users\ERIN_JAVALead\.m2\repository\org\hibernate\orm\hibernate-core\6.2.13.Final\hibernate-core-6.2.13.Final.jar;C:\Users\ERIN_JAVALead\.m2\repository\jakarta\persistence\jakarta.persistence-api\3.1.0\jakarta.persistence-api-3.1.0.jar;C:\Users\ERIN_JAVALead\.m2\repository\jakarta\transaction\jakarta.transaction-api\2.0.1\jakarta.transaction-api-2.0.1.jar;C:\Users\ERIN_JAVALead\.m2\repository\org\jboss\logging\jboss-logging\3.5.3.Final\jboss-logging-3.5.3.Final.jar;C:\Users\ERIN_JAVALead\.m2\repository\org\hibernate\common\hibernate-commons-annotations\6.0.6.Final\hibernate-commons-annotations-6.0.6.Final.jar;C:\Users\ERIN_JAVALead\.m2\repository\io\smallrye\jandex\3.0.5\jandex-3.0.5.jar;C:\Users\ERIN_JAVALead\.m2\repository\com\fasterxml\classmate\1.5.1\classmate-1.5.1.jar;C:\Users\ERIN_JAVALead\.m2\repository\net\bytebuddy\byte-buddy\1.14.9\byte-buddy-1.14.9.jar;C:\Users\ERIN_JAVALead\.m2\repository\org\glassfish\jaxb\jaxb-runtime\4.0.3\jaxb-runtime-4.0.3.jar;C:\Users\ERIN_JAVALead\.m2\repository\org\glassfish\jaxb\jaxb-core\4.0.3\jaxb-core-4.0.3.jar;C:\Users\ERIN_JAVALead\.m2\repository\org\eclipse\angus\angus-activation\2.0.1\angus-activation-2.0.1.jar;C:\Users\ERIN_JAVALead\.m2\repository\org\glassfish\jaxb\txw2\4.0.3\txw2-4.0.3.jar;C:\Users\ERIN_JAVALead\.m2\repository\com\sun\istack\istack-commons-runtime\4.1.2\istack-commons-runtime-4.1.2.jar;C:\Users\ERIN_JAVALead\.m2\repository\jakarta\inject\jakarta.inject-api\2.0.1\jakarta.inject-api-2.0.1.jar;C:\Users\ERIN_JAVALead\.m2\repository\org\antlr\antlr4-runtime\4.10.1\antlr4-runtime-4.10.1.jar;C:\Users\ERIN_JAVALead\.m2\repository\org\springframework\data\spring-data-jpa\3.1.5\spring-data-jpa-3.1.5.jar;C:\Users\ERIN_JAVALead\.m2\repository\org\springframework\data\spring-data-commons\3.1.5\spring-data-commons-3.1.5.jar;C:\Users\ERIN_JAVALead\.m2\repository\org\springframework\spring-orm\6.0.13\spring-orm-6.0.13.jar;C:\Users\ERIN_JAVALead\.m2\repository\org\springframework\spring-tx\6.0.13\spring-tx-6.0.13.jar;C:\Users\ERIN_JAVALead\.m2\repository\org\slf4j\slf4j-api\2.0.9\slf4j-api-2.0.9.jar;C:\Users\ERIN_JAVALead\.m2\repository\org\springframework\spring-aspects\6.0.13\spring-aspects-6.0.13.jar;C:\Users\ERIN_JAVALead\.m2\repository\org\springframework\boot\spring-boot-starter-web\2.4.2\spring-boot-starter-web-2.4.2.jar;C:\Users\ERIN_JAVALead\.m2\repository\org\springframework\boot\spring-boot-starter\3.1.5\spring-boot-starter-3.1.5.jar;C:\Users\ERIN_JAVALead\.m2\repository\org\springframework\boot\spring-boot\3.1.5\spring-boot-3.1.5.jar;C:\Users\ERIN_JAVALead\.m2\repository\org\springframework\boot\spring-boot-autoconfigure\3.1.5\spring-boot-autoconfigure-3.1.5.jar;C:\Users\ERIN_JAVALead\.m2\repository\org\springframework\boot\spring-boot-starter-logging\3.1.5\spring-boot-starter-logging-3.1.5.jar;C:\Users\ERIN_JAVALead\.m2\repository\ch\qos\logback\logback-classic\1.4.11\logback-classic-1.4.11.jar;C:\Users\ERIN_JAVALead\.m2\repository\ch\qos\logback\logback-core\1.4.11\logback-core-1.4.11.jar;C:\Users\ERIN_JAVALead\.m2\repository\org\apache\logging\log4j\log4j-to-slf4j\2.20.0\log4j-to-slf4j-2.20.0.jar;C:\Users\ERIN_JAVALead\.m2\repository\org\apache\logging\log4j\log4j-api\2.20.0\log4j-api-2.20.0.jar;C:\Users\ERIN_JAVALead\.m2\repository\org\slf4j\jul-to-slf4j\2.0.9\jul-to-slf4j-2.0.9.jar;C:\Users\ERIN_JAVALead\.m2\repository\org\yaml\snakeyaml\1.33\snakeyaml-1.33.jar;C:\Users\ERIN_JAVALead\.m2\repository\org\springframework\boot\spring-boot-starter-json\3.1.5\spring-boot-starter-json-3.1.5.jar;C:\Users\ERIN_JAVALead\.m2\repository\com\fasterxml\jackson\core\jackson-databind\2.15.3\jackson-databind-2.15.3.jar;C:\Users\ERIN_JAVALead\.m2\repository\com\fasterxml\jackson\core\jackson-annotations\2.15.3\jackson-annotations-2.15.3.jar;C:\Users\ERIN_JAVALead\.m2\repository\com\fasterxml\jackson\core\jackson-core\2.15.3\jackson-core-2.15.3.jar;C:\Users\ERIN_JAVALead\.m2\repository\com\fasterxml\jackson\datatype\jackson-datatype-jdk8\2.15.3\jackson-datatype-jdk8-2.15.3.jar;C:\Users\ERIN_JAVALead\.m2\repository\com\fasterxml\jackson\datatype\jackson-datatype-jsr310\2.15.3\jackson-datatype-jsr310-2.15.3.jar;C:\Users\ERIN_JAVALead\.m2\repository\com\fasterxml\jackson\module\jackson-module-parameter-names\2.15.3\jackson-module-parameter-names-2.15.3.jar;C:\Users\ERIN_JAVALead\.m2\repository\org\springframework\spring-web\6.0.13\spring-web-6.0.13.jar;C:\Users\ERIN_JAVALead\.m2\repository\io\micrometer\micrometer-observation\1.11.5\micrometer-observation-1.11.5.jar;C:\Users\ERIN_JAVALead\.m2\repository\io\micrometer\micrometer-commons\1.11.5\micrometer-commons-1.11.5.jar;C:\Users\ERIN_JAVALead\.m2\repository\org\springframework\spring-webmvc\6.0.13\spring-webmvc-6.0.13.jar;C:\Users\ERIN_JAVALead\.m2\repository\com\microsoft\sqlserver\mssql-jdbc\12.4.1.jre11\mssql-jdbc-12.4.1.jre11.jar;C:\Users\ERIN_JAVALead\.m2\repository\com\h2database\h2\2.1.214\h2-2.1.214.jar;C:\Users\ERIN_JAVALead\.m2\repository\jakarta\xml\bind\jakarta.xml.bind-api\4.0.1\jakarta.xml.bind-api-4.0.1.jar;C:\Users\ERIN_JAVALead\.m2\repository\jakarta\activation\jakarta.activation-api\2.1.2\jakarta.activation-api-2.1.2.jar;C:\Users\ERIN_JAVALead\.m2\repository\org\springframework\spring-core\6.0.13\spring-core-6.0.13.jar;C:\Users\ERIN_JAVALead\.m2\repository\org\springframework\spring-jcl\6.0.13\spring-jcl-6.0.13.jar;C:\Users\ERIN_JAVALead\.m2\repository\org\springframework\boot\spring-boot-starter-security\3.1.5\spring-boot-starter-security-3.1.5.jar;C:\Users\ERIN_JAVALead\.m2\repository\org\springframework\spring-aop\6.0.13\spring-aop-6.0.13.jar;C:\Users\ERIN_JAVALead\.m2\repository\org\springframework\security\spring-security-web\6.1.5\spring-security-web-6.1.5.jar;C:\Users\ERIN_JAVALead\.m2\repository\org\springframework\security\spring-security-config\3.2.0.RELEASE\spring-security-config-3.2.0.RELEASE.jar;C:\Users\ERIN_JAVALead\.m2\repository\aopalliance\aopalliance\1.0\aopalliance-1.0.jar;C:\Users\ERIN_JAVALead\.m2\repository\org\springframework\spring-beans\6.0.13\spring-beans-6.0.13.jar;C:\Users\ERIN_JAVALead\.m2\repository\org\springframework\spring-context\6.0.13\spring-context-6.0.13.jar;C:\Users\ERIN_JAVALead\.m2\repository\org\springframework\security\spring-security-jwt\1.1.1.RELEASE\spring-security-jwt-1.1.1.RELEASE.jar;C:\Users\ERIN_JAVALead\.m2\repository\org\bouncycastle\bcpkix-jdk15on\1.64\bcpkix-jdk15on-1.64.jar;C:\Users\ERIN_JAVALead\.m2\repository\org\bouncycastle\bcprov-jdk15on\1.64\bcprov-jdk15on-1.64.jar;C:\Users\ERIN_JAVALead\.m2\repository\org\springframework\security\spring-security-core\3.2.0.RELEASE\spring-security-core-3.2.0.RELEASE.jar;C:\Users\ERIN_JAVALead\.m2\repository\org\springframework\spring-expression\6.0.13\spring-expression-6.0.13.jar;C:\Users\ERIN_JAVALead\.m2\repository\org\springframework\boot\spring-boot-starter-tomcat\3.1.5\spring-boot-starter-tomcat-3.1.5.jar;C:\Users\ERIN_JAVALead\.m2\repository\jakarta\annotation\jakarta.annotation-api\2.1.1\jakarta.annotation-api-2.1.1.jar;C:\Users\ERIN_JAVALead\.m2\repository\org\apache\tomcat\embed\tomcat-embed-core\10.1.15\tomcat-embed-core-10.1.15.jar;C:\Users\ERIN_JAVALead\.m2\repository\org\apache\tomcat\embed\tomcat-embed-el\10.1.15\tomcat-embed-el-10.1.15.jar;C:\Users\ERIN_JAVALead\.m2\repository\org\apache\tomcat\embed\tomcat-embed-websocket\10.1.15\tomcat-embed-websocket-10.1.15.jar;C:\Users\ERIN_JAVALead\.m2\repository\javax\javaee-api\8.0\javaee-api-8.0.jar;C:\Users\ERIN_JAVALead\.m2\repository\com\sun\mail\javax.mail\1.6.0\javax.mail-1.6.0.jar;C:\Users\ERIN_JAVALead\.m2\repository\javax\activation\activation\1.1\activation-1.1.jar;C:\Users\ERIN_JAVALead\.m2\repository\io\jsonwebtoken\jjwt\0.12.3\jjwt-0.12.3.jar;C:\Users\ERIN_JAVALead\.m2\repository\io\jsonwebtoken\jjwt-api\0.12.3\jjwt-api-0.12.3.jar;C:\Users\ERIN_JAVALead\.m2\repository\io\jsonwebtoken\jjwt-impl\0.12.3\jjwt-impl-0.12.3.jar;C:\Users\ERIN_JAVALead\.m2\repository\io\jsonwebtoken\jjwt-jackson\0.12.3\jjwt-jackson-0.12.3.jar
Launcher Type: SUN_STANDARD

[Global flags]
     intx CICompilerCount                          = 3                                         {product} {ergonomic}
     uint ConcGCThreads                            = 1                                         {product} {ergonomic}
     uint G1ConcRefinementThreads                  = 4                                         {product} {ergonomic}
   size_t G1HeapRegionSize                         = 1048576                                   {product} {ergonomic}
    uintx GCDrainStackTargetSize                   = 64                                        {product} {ergonomic}
   size_t InitialHeapSize                          = 67108864                                  {product} {ergonomic}
   size_t MarkStackSize                            = 4194304                                   {product} {ergonomic}
   size_t MaxHeapSize                              = 1052770304                                {product} {ergonomic}
   size_t MaxNewSize                               = 631242752                                 {product} {ergonomic}
   size_t MinHeapDeltaBytes                        = 1048576                                   {product} {ergonomic}
   size_t MinHeapSize                              = 8388608                                   {product} {ergonomic}
    uintx NonNMethodCodeHeapSize                   = 5832780                                {pd product} {ergonomic}
    uintx NonProfiledCodeHeapSize                  = 122912730                              {pd product} {ergonomic}
    uintx ProfiledCodeHeapSize                     = 122912730                              {pd product} {ergonomic}
    uintx ReservedCodeCacheSize                    = 251658240                              {pd product} {ergonomic}
     bool SegmentedCodeCache                       = true                                      {product} {ergonomic}
   size_t SoftMaxHeapSize                          = 1052770304                             {manageable} {ergonomic}
     bool UseCompressedClassPointers               = true                           {product lp64_product} {ergonomic}
     bool UseCompressedOops                        = true                           {product lp64_product} {ergonomic}
     bool UseG1GC                                  = true                                      {product} {ergonomic}
     bool UseLargePagesIndividualAllocation        = false                                  {pd product} {ergonomic}

Logging:
Log output configuration:
 #0: stdout all=warning uptime,level,tags foldmultilines=false
 #1: stderr all=off uptime,level,tags foldmultilines=false

Environment Variables:
PATH=C:\WINDOWS\system32;C:\WINDOWS;C:\WINDOWS\System32\Wbem;C:\WINDOWS\System32\WindowsPowerShell\v1.0\;C:\WINDOWS\System32\OpenSSH\;C:\Program Files (x86)\nodejs\;C:\Program Files (x86)\nodejs\npm;C:\Users\ERIN_JAVALead\AppData\Roaming\npm;C:\Program Files\Git\cmd;C:\Program Files (x86)\dotnet\;C:\Program Files (x86)\Microsoft SQL Server\160\DTS\Binn\;C:\Program Files\Azure Data Studio\bin;C:\Program Files (x86)\Microsoft SQL Server\160\Tools\Binn\;C:\Program Files\Microsoft SQL Server\160\Tools\Binn\;C:\Program Files\Microsoft SQL Server\Client SDK\ODBC\170\Tools\Binn\;C:\Program Files\Microsoft SQL Server\160\DTS\Binn\;C:\Users\ERIN_JAVALead\AppData\Local\Microsoft\WindowsApps;;C:\Users\ERIN_JAVALead\AppData\Local\Programs\Microsoft VS Code\bin;C:\Users\ERIN_JAVALead\AppData\Roaming\npm;C:\Program Files\Azure Data Studio\bin
USERNAME=ERIN_JAVALead
OS=Windows_NT
PROCESSOR_IDENTIFIER=Intel64 Family 6 Model 78 Stepping 3, GenuineIntel



---------------  S Y S T E M  ---------------

OS:
 Windows 10 , 64 bit Build 19041 (10.0.19041.3570)
OS uptime: 0 days 1:32 hours

CPU: total 4 (initial active 4) (2 cores per cpu, 2 threads per core) family 6 model 78 stepping 3 microcode 0xcc, cx8, cmov, fxsr, ht, mmx, 3dnowpref, sse, sse2, sse3, ssse3, sse4.1, sse4.2, popcnt, lzcnt, tsc, tscinvbit, avx, avx2, aes, erms, clmul, bmi1, bmi2, adx, fma, vzeroupper, clflush, clflushopt

Memory: 4k page, system-wide physical 4012M (484M free)
TotalPageFile size 6060M (AvailPageFile size 4M)
current process WorkingSet (physical memory assigned to process): 107M, peak: 107M
current process commit charge ("private bytes"): 174M, peak: 176M

vm_info: OpenJDK 64-Bit Server VM (18.0.2+9-FR) for windows-amd64 JRE (18.0.2+9-FR), built on Jul 15 2022 20:03:03 by "Administrator" with MS VC++ 15.9 (VS2017)

END.
