#
# There is insufficient memory for the Java Runtime Environment to continue.
# Native memory allocation (malloc) failed to allocate 1651248 bytes for Chunk::new
# Possible reasons:
#   The system is out of physical RAM or swap space
#   The process is running with CompressedOops enabled, and the Java Heap may be blocking the growth of the native heap
# Possible solutions:
#   Reduce memory load on the system
#   Increase physical memory or swap space
#   Check if swap backing store is full
#   Decrease Java heap size (-Xmx/-Xms)
#   Decrease number of Java threads
#   Decrease Java thread stack sizes (-Xss)
#   Set larger code cache with -XX:ReservedCodeCacheSize=
#   JVM is running with Unscaled Compressed Oops mode in which the Java heap is
#     placed in the first 4GB address space. The Java Heap base address is the
#     maximum limit for the native heap growth. Please use -XX:HeapBaseMinAddress
#     to set the Java Heap base and to place the Java Heap above 4GB virtual address.
# This output file may be truncated or incomplete.
#
#  Out of Memory Error (arena.cpp:184), pid=1328, tid=10008
#
# JRE version: OpenJDK Runtime Environment Corretto-18.0.2.9.1 (18.0.2+9) (build 18.0.2+9-FR)
# Java VM: OpenJDK 64-Bit Server VM Corretto-18.0.2.9.1 (18.0.2+9-FR, mixed mode, sharing, tiered, compressed oops, compressed class ptrs, g1 gc, windows-amd64)
# No core dump will be written. Minidumps are not enabled by default on client versions of Windows
#

---------------  S U M M A R Y ------------

Command Line: -ea -Didea.test.cyclic.buffer.size=1048576 -javaagent:C:\Program Files\JetBrains\IntelliJ IDEA Community Edition 2021.3.3\lib\idea_rt.jar=55766:C:\Program Files\JetBrains\IntelliJ IDEA Community Edition 2021.3.3\bin -Dfile.encoding=UTF-8 com.intellij.rt.junit.JUnitStarter -ideVersion5 -junit5 com.devskiller.tasks.blog.rest.CommentControllerTest,shouldAddComment

Host: Intel(R) Core(TM) i3-6006U CPU @ 2.00GHz, 4 cores, 3G,  Windows 10 , 64 bit Build 19041 (10.0.19041.3570)
Time: Thu Nov  2 16:23:40 2023 Central European Standard Time elapsed time: 6.375485 seconds (0d 0h 0m 6s)

---------------  T H R E A D  ---------------

Current thread (0x000002372c915f30):  JavaThread "C2 CompilerThread0" daemon [_thread_in_native, id=10008, stack(0x00000065a0b00000,0x00000065a0c00000)]


Current CompileTask:
C2:   6375 3060   !   4       jdk.internal.loader.BuiltinClassLoader::loadClassOrNull (143 bytes)

Stack: [0x00000065a0b00000,0x00000065a0c00000]
Native frames: (J=compiled Java code, j=interpreted, Vv=VM code, C=native code)
V  [jvm.dll+0x685a2a]
V  [jvm.dll+0x82ae8d]
V  [jvm.dll+0x82c75e]
V  [jvm.dll+0x82ce03]
V  [jvm.dll+0x25ef4b]
V  [jvm.dll+0xd42d2]
V  [jvm.dll+0xd4665]
V  [jvm.dll+0x38578b]
V  [jvm.dll+0x1d8d32]
V  [jvm.dll+0x233b4f]
V  [jvm.dll+0x232f37]
V  [jvm.dll+0x1c0a35]
V  [jvm.dll+0x24212c]
V  [jvm.dll+0x240534]
V  [jvm.dll+0x7df6db]
V  [jvm.dll+0x7d9cba]
V  [jvm.dll+0x6848a5]
C  [ucrtbase.dll+0x21bb2]
C  [KERNEL32.DLL+0x17344]
C  [ntdll.dll+0x526b1]


---------------  P R O C E S S  ---------------

Threads class SMR info:
_java_thread_list=0x000002374cf217b0, length=14, elements={
0x000002372c85bc70, 0x000002372c8fee50, 0x000002372c9009d0, 0x000002372c913940,
0x000002372c9141f0, 0x000002372c914aa0, 0x000002372c915350, 0x000002372c915f30,
0x000002372c917830, 0x0000023747e327c0, 0x000002374c01d3d0, 0x000002374c0bc560,
0x000002374c0bca20, 0x000002374cd1c060
}

Java Threads: ( => current thread )
  0x000002372c85bc70 JavaThread "main" [_thread_in_native, id=6032, stack(0x000000659fe00000,0x000000659ff00000)]
  0x000002372c8fee50 JavaThread "Reference Handler" daemon [_thread_blocked, id=10156, stack(0x00000065a0500000,0x00000065a0600000)]
  0x000002372c9009d0 JavaThread "Finalizer" daemon [_thread_blocked, id=8176, stack(0x00000065a0600000,0x00000065a0700000)]
  0x000002372c913940 JavaThread "Signal Dispatcher" daemon [_thread_blocked, id=1740, stack(0x00000065a0700000,0x00000065a0800000)]
  0x000002372c9141f0 JavaThread "Attach Listener" daemon [_thread_blocked, id=8840, stack(0x00000065a0800000,0x00000065a0900000)]
  0x000002372c914aa0 JavaThread "Service Thread" daemon [_thread_blocked, id=8020, stack(0x00000065a0900000,0x00000065a0a00000)]
  0x000002372c915350 JavaThread "Monitor Deflation Thread" daemon [_thread_blocked, id=8704, stack(0x00000065a0a00000,0x00000065a0b00000)]
=>0x000002372c915f30 JavaThread "C2 CompilerThread0" daemon [_thread_in_native, id=10008, stack(0x00000065a0b00000,0x00000065a0c00000)]
  0x000002372c917830 JavaThread "C1 CompilerThread0" daemon [_thread_blocked, id=5576, stack(0x00000065a0c00000,0x00000065a0d00000)]
  0x0000023747e327c0 JavaThread "Sweeper thread" daemon [_thread_blocked, id=9380, stack(0x00000065a0d00000,0x00000065a0e00000)]
  0x000002374c01d3d0 JavaThread "Common-Cleaner" daemon [_thread_blocked, id=9368, stack(0x00000065a0e00000,0x00000065a0f00000)]
  0x000002374c0bc560 JavaThread "Monitor Ctrl-Break" daemon [_thread_in_native, id=5748, stack(0x00000065a0f00000,0x00000065a1000000)]
  0x000002374c0bca20 JavaThread "Notification Thread" daemon [_thread_blocked, id=524, stack(0x00000065a1000000,0x00000065a1100000)]
  0x000002374cd1c060 JavaThread "C2 CompilerThread1" daemon [_thread_blocked, id=8076, stack(0x00000065a1200000,0x00000065a1300000)]

Other Threads:
  0x000002372c8fa390 VMThread "VM Thread" [stack: 0x00000065a0400000,0x00000065a0500000] [id=6068]
  0x000002374c0c43b0 WatcherThread "VM Periodic Task Thread" [stack: 0x00000065a1100000,0x00000065a1200000] [id=3932]
  0x000002372c89d740 WorkerThread "GC Thread#0" [stack: 0x000000659ff00000,0x00000065a0000000] [id=1272]
  0x000002374c711bc0 WorkerThread "GC Thread#1" [stack: 0x00000065a1300000,0x00000065a1400000] [id=7792]
  0x000002374c6558d0 WorkerThread "GC Thread#2" [stack: 0x00000065a1400000,0x00000065a1500000] [id=6008]
  0x000002374c6f6e80 WorkerThread "GC Thread#3" [stack: 0x00000065a1500000,0x00000065a1600000] [id=10452]
  0x000002372c8a6300 ConcurrentGCThread "G1 Main Marker" [stack: 0x00000065a0000000,0x00000065a0100000] [id=8968]
  0x000002372c8a6c00 WorkerThread "G1 Conc#0" [stack: 0x00000065a0100000,0x00000065a0200000] [id=12924]
  0x000002372c8cdd10 ConcurrentGCThread "G1 Refine#0" [stack: 0x00000065a0200000,0x00000065a0300000] [id=4528]
  0x000002372c8ce530 ConcurrentGCThread "G1 Service" [stack: 0x00000065a0300000,0x00000065a0400000] [id=4004]

Threads with active compile tasks:
C2 CompilerThread0     6612 3060   !   4       jdk.internal.loader.BuiltinClassLoader::loadClassOrNull (143 bytes)

VM state: not at safepoint (normal execution)

VM Mutex/Monitor currently owned by a thread: None

Heap address: 0x00000000c1400000, size: 1004 MB, Compressed Oops mode: 32-bit

CDS archive(s) mapped at: [0x0000000800000000-0x0000000800ba0000-0x0000000800ba0000), size 12189696, SharedBaseAddress: 0x0000000800000000, ArchiveRelocationMode: 0.
Compressed class space mapped at: 0x0000000800c00000-0x0000000840c00000, reserved size: 1073741824
Narrow klass base: 0x0000000800000000, Narrow klass shift: 0, Narrow klass range: 0x100000000

GC Precious Log:
 CardTable entry size: 512
 Card Set container configuration: InlinePtr #cards 5 size 8 Array Of Cards #cards 12 size 40 Howl #buckets 4 coarsen threshold 1843 Howl Bitmap #cards 512 size 80 coarsen threshold 460 Card regions per heap region 1 cards per card region 2048
 CPUs: 4 total, 4 available
 Memory: 4012M
 Large Page Support: Disabled
 NUMA Support: Disabled
 Compressed Oops: Enabled (32-bit)
 Heap Region Size: 1M
 Heap Min Capacity: 8M
 Heap Initial Capacity: 64M
 Heap Max Capacity: 1004M
 Pre-touch: Disabled
 Parallel Workers: 4
 Concurrent Workers: 1
 Concurrent Refinement Workers: 4
 Periodic GC: Disabled

Heap:
 garbage-first heap   total 48128K, used 22133K [0x00000000c1400000, 0x0000000100000000)
  region size 1024K, 14 young (14336K), 4 survivors (4096K)
 Metaspace       used 23089K, committed 23488K, reserved 1114112K
  class space    used 2935K, committed 3136K, reserved 1048576K

Heap Regions: E=young(eden), S=young(survivor), O=old, HS=humongous(starts), HC=humongous(continues), CS=collection set, F=free, OA=open archive, CA=closed archive, TAMS=top-at-mark-start (previous, next)
|   0|0x00000000c1400000, 0x00000000c1500000, 0x00000000c1500000|100%|HS|  |TAMS 0x00000000c1500000, 0x00000000c1400000| Complete 
|   1|0x00000000c1500000, 0x00000000c1600000, 0x00000000c1600000|100%| O|  |TAMS 0x00000000c1600000, 0x00000000c1500000| Untracked 
|   2|0x00000000c1600000, 0x00000000c1700000, 0x00000000c1700000|100%| O|  |TAMS 0x00000000c1700000, 0x00000000c1600000| Untracked 
|   3|0x00000000c1700000, 0x00000000c1800000, 0x00000000c1800000|100%| O|  |TAMS 0x00000000c1800000, 0x00000000c1700000| Untracked 
|   4|0x00000000c1800000, 0x00000000c1900000, 0x00000000c1900000|100%| O|  |TAMS 0x00000000c1900000, 0x00000000c1800000| Untracked 
|   5|0x00000000c1900000, 0x00000000c1a00000, 0x00000000c1a00000|100%| O|  |TAMS 0x00000000c1a00000, 0x00000000c1900000| Untracked 
|   6|0x00000000c1a00000, 0x00000000c1b00000, 0x00000000c1b00000|100%| O|  |TAMS 0x00000000c1ad3200, 0x00000000c1a00000| Untracked 
|   7|0x00000000c1b00000, 0x00000000c1c00000, 0x00000000c1c00000|100%| O|  |TAMS 0x00000000c1b00000, 0x00000000c1b00000| Untracked 
|   8|0x00000000c1c00000, 0x00000000c1ca9600, 0x00000000c1d00000| 66%| O|  |TAMS 0x00000000c1c00000, 0x00000000c1c00000| Untracked 
|   9|0x00000000c1d00000, 0x00000000c1d00000, 0x00000000c1e00000|  0%| F|  |TAMS 0x00000000c1d00000, 0x00000000c1d00000| Untracked 
|  10|0x00000000c1e00000, 0x00000000c1e00000, 0x00000000c1f00000|  0%| F|  |TAMS 0x00000000c1e00000, 0x00000000c1e00000| Untracked 
|  11|0x00000000c1f00000, 0x00000000c1f00000, 0x00000000c2000000|  0%| F|  |TAMS 0x00000000c1f00000, 0x00000000c1f00000| Untracked 
|  12|0x00000000c2000000, 0x00000000c2000000, 0x00000000c2100000|  0%| F|  |TAMS 0x00000000c2000000, 0x00000000c2000000| Untracked 
|  13|0x00000000c2100000, 0x00000000c2100000, 0x00000000c2200000|  0%| F|  |TAMS 0x00000000c2100000, 0x00000000c2100000| Untracked 
|  14|0x00000000c2200000, 0x00000000c2200000, 0x00000000c2300000|  0%| F|  |TAMS 0x00000000c2200000, 0x00000000c2200000| Untracked 
|  15|0x00000000c2300000, 0x00000000c2300000, 0x00000000c2400000|  0%| F|  |TAMS 0x00000000c2300000, 0x00000000c2300000| Untracked 
|  16|0x00000000c2400000, 0x00000000c2400000, 0x00000000c2500000|  0%| F|  |TAMS 0x00000000c2400000, 0x00000000c2400000| Untracked 
|  17|0x00000000c2500000, 0x00000000c2500000, 0x00000000c2600000|  0%| F|  |TAMS 0x00000000c2500000, 0x00000000c2500000| Untracked 
|  18|0x00000000c2600000, 0x00000000c2600000, 0x00000000c2700000|  0%| F|  |TAMS 0x00000000c2600000, 0x00000000c2600000| Untracked 
|  19|0x00000000c2700000, 0x00000000c2700000, 0x00000000c2800000|  0%| F|  |TAMS 0x00000000c2700000, 0x00000000c2700000| Untracked 
|  20|0x00000000c2800000, 0x00000000c2800000, 0x00000000c2900000|  0%| F|  |TAMS 0x00000000c2800000, 0x00000000c2800000| Untracked 
|  21|0x00000000c2900000, 0x00000000c2900000, 0x00000000c2a00000|  0%| F|  |TAMS 0x00000000c2900000, 0x00000000c2900000| Untracked 
|  22|0x00000000c2a00000, 0x00000000c2a00000, 0x00000000c2b00000|  0%| F|  |TAMS 0x00000000c2a00000, 0x00000000c2a00000| Untracked 
|  23|0x00000000c2b00000, 0x00000000c2b00000, 0x00000000c2c00000|  0%| F|  |TAMS 0x00000000c2b00000, 0x00000000c2b00000| Untracked 
|  24|0x00000000c2c00000, 0x00000000c2c00000, 0x00000000c2d00000|  0%| F|  |TAMS 0x00000000c2c00000, 0x00000000c2c00000| Untracked 
|  25|0x00000000c2d00000, 0x00000000c2d00000, 0x00000000c2e00000|  0%| F|  |TAMS 0x00000000c2d00000, 0x00000000c2d00000| Untracked 
|  26|0x00000000c2e00000, 0x00000000c2e00000, 0x00000000c2f00000|  0%| F|  |TAMS 0x00000000c2e00000, 0x00000000c2e00000| Untracked 
|  27|0x00000000c2f00000, 0x00000000c2f00000, 0x00000000c3000000|  0%| F|  |TAMS 0x00000000c2f00000, 0x00000000c2f00000| Untracked 
|  28|0x00000000c3000000, 0x00000000c3000000, 0x00000000c3100000|  0%| F|  |TAMS 0x00000000c3000000, 0x00000000c3000000| Untracked 
|  29|0x00000000c3100000, 0x00000000c3100000, 0x00000000c3200000|  0%| F|  |TAMS 0x00000000c3100000, 0x00000000c3100000| Untracked 
|  30|0x00000000c3200000, 0x00000000c3200000, 0x00000000c3300000|  0%| F|  |TAMS 0x00000000c3200000, 0x00000000c3200000| Untracked 
|  31|0x00000000c3300000, 0x00000000c3300000, 0x00000000c3400000|  0%| F|  |TAMS 0x00000000c3300000, 0x00000000c3300000| Untracked 
|  32|0x00000000c3400000, 0x00000000c3400000, 0x00000000c3500000|  0%| F|  |TAMS 0x00000000c3400000, 0x00000000c3400000| Untracked 
|  33|0x00000000c3500000, 0x00000000c3600000, 0x00000000c3600000|100%| E|  |TAMS 0x00000000c3500000, 0x00000000c3500000| Complete 
|  34|0x00000000c3600000, 0x00000000c3700000, 0x00000000c3700000|100%| E|CS|TAMS 0x00000000c3600000, 0x00000000c3600000| Complete 
|  35|0x00000000c3700000, 0x00000000c3800000, 0x00000000c3800000|100%| E|CS|TAMS 0x00000000c3700000, 0x00000000c3700000| Complete 
|  36|0x00000000c3800000, 0x00000000c3900000, 0x00000000c3900000|100%| E|CS|TAMS 0x00000000c3800000, 0x00000000c3800000| Complete 
|  37|0x00000000c3900000, 0x00000000c3a00000, 0x00000000c3a00000|100%| E|CS|TAMS 0x00000000c3900000, 0x00000000c3900000| Complete 
|  38|0x00000000c3a00000, 0x00000000c3af3f40, 0x00000000c3b00000| 95%| S|CS|TAMS 0x00000000c3a00000, 0x00000000c3a00000| Complete 
|  39|0x00000000c3b00000, 0x00000000c3c00000, 0x00000000c3c00000|100%| S|CS|TAMS 0x00000000c3b00000, 0x00000000c3b00000| Complete 
|  40|0x00000000c3c00000, 0x00000000c3d00000, 0x00000000c3d00000|100%| S|CS|TAMS 0x00000000c3c00000, 0x00000000c3c00000| Complete 
|  41|0x00000000c3d00000, 0x00000000c3e00000, 0x00000000c3e00000|100%| S|CS|TAMS 0x00000000c3d00000, 0x00000000c3d00000| Complete 
|  42|0x00000000c3e00000, 0x00000000c3f00000, 0x00000000c3f00000|100%| E|CS|TAMS 0x00000000c3e00000, 0x00000000c3e00000| Complete 
|  43|0x00000000c3f00000, 0x00000000c4000000, 0x00000000c4000000|100%| E|CS|TAMS 0x00000000c3f00000, 0x00000000c3f00000| Complete 
|  44|0x00000000c4000000, 0x00000000c4100000, 0x00000000c4100000|100%| E|CS|TAMS 0x00000000c4000000, 0x00000000c4000000| Complete 
|  45|0x00000000c4100000, 0x00000000c4200000, 0x00000000c4200000|100%| E|CS|TAMS 0x00000000c4100000, 0x00000000c4100000| Complete 
|  63|0x00000000c5300000, 0x00000000c5400000, 0x00000000c5400000|100%| E|CS|TAMS 0x00000000c5300000, 0x00000000c5300000| Complete 

Card table byte_map: [0x0000023743620000,0x0000023743820000] _byte_map_base: 0x0000023743016000

Marking Bits (Prev, Next): (CMBitMap*) 0x000002372c89dc90, (CMBitMap*) 0x000002372c89dc50
 Prev Bits: [0x00000237449d0000, 0x0000023745980000)
 Next Bits: [0x0000023743a20000, 0x00000237449d0000)

Polling page: 0x000002372c020000

Metaspace:

Usage:
  Non-class:     19.68 MB used.
      Class:      2.87 MB used.
       Both:     22.55 MB used.

Virtual space:
  Non-class space:       64.00 MB reserved,      19.88 MB ( 31%) committed,  1 nodes.
      Class space:        1.00 GB reserved,       3.06 MB ( <1%) committed,  1 nodes.
             Both:        1.06 GB reserved,      22.94 MB (  2%) committed. 

Chunk freelists:
   Non-Class:  69.00 KB
       Class:  886.00 KB
        Both:  955.00 KB

MaxMetaspaceSize: unlimited
CompressedClassSpaceSize: 1.00 GB
Initial GC threshold: 21.00 MB
Current GC threshold: 35.13 MB
CDS: on
MetaspaceReclaimPolicy: balanced
 - commit_granule_bytes: 65536.
 - commit_granule_words: 8192.
 - virtual_space_node_default_size: 8388608.
 - enlarge_chunks_in_place: 1.
 - new_chunks_are_fully_committed: 0.
 - uncommit_free_chunks: 1.
 - use_allocation_guard: 0.


Internal statistics:

num_allocs_failed_limit: 3.
num_arena_births: 448.
num_arena_deaths: 0.
num_vsnodes_births: 2.
num_vsnodes_deaths: 0.
num_space_committed: 367.
num_space_uncommitted: 0.
num_chunks_returned_to_freelist: 3.
num_chunks_taken_from_freelist: 1268.
num_chunk_merges: 3.
num_chunk_splits: 859.
num_chunks_enlarged: 640.
num_inconsistent_stats: 0.

CodeHeap 'non-profiled nmethods': size=120000Kb used=1332Kb max_used=1332Kb free=118668Kb
 bounds [0x000002373bef0000, 0x000002373c160000, 0x0000023743420000]
CodeHeap 'profiled nmethods': size=120000Kb used=6426Kb max_used=6426Kb free=113573Kb
 bounds [0x00000237349c0000, 0x0000023735010000, 0x000002373bef0000]
CodeHeap 'non-nmethods': size=5760Kb used=1208Kb max_used=1241Kb free=4552Kb
 bounds [0x0000023734420000, 0x0000023734690000, 0x00000237349c0000]
 total_blobs=3614 nmethods=3121 adapters=405
 compilation: enabled
              stopped_count=0, restarted_count=0
 full_count=0

Compilation events (20 events):
Event: 6.131 Thread 0x000002374cd1c060 3112       4       org.springframework.core.annotation.PackagesAnnotationFilter::matches (42 bytes)
Event: 6.145 Thread 0x000002374cd1c060 nmethod 3112 0x000002373c03a090 code [0x000002373c03a220, 0x000002373c03a538]
Event: 6.145 Thread 0x000002374cd1c060 3113   !   4       org.springframework.beans.factory.support.AbstractBeanFactory::getBeanPostProcessorCache (181 bytes)
Event: 6.186 Thread 0x000002374cd1c060 nmethod 3113 0x000002373c03a790 code [0x000002373c03aa00, 0x000002373c03bc70]
Event: 6.190 Thread 0x000002374cd1c060 3114       4       jdk.internal.org.objectweb.asm.Frame::getLocal (46 bytes)
Event: 6.190 Thread 0x000002372c917830 3115       3       java.lang.invoke.LambdaForm$Name::withConstraint (20 bytes)
Event: 6.191 Thread 0x000002372c917830 nmethod 3115 0x0000023735002f90 code [0x0000023735003140, 0x0000023735003368]
Event: 6.192 Thread 0x000002374cd1c060 nmethod 3114 0x000002373c03c390 code [0x000002373c03c500, 0x000002373c03c5f8]
Event: 6.204 Thread 0x000002372c917830 3116       3       java.util.List::of (9 bytes)
Event: 6.205 Thread 0x000002372c917830 nmethod 3116 0x0000023735003410 code [0x0000023735003600, 0x0000023735003b48]
Event: 6.205 Thread 0x000002372c917830 3117       3       java.lang.invoke.MethodType::genericMethodType (95 bytes)
Event: 6.206 Thread 0x000002372c917830 nmethod 3117 0x0000023735003d10 code [0x0000023735003f80, 0x0000023735004ae8]
Event: 6.206 Thread 0x000002372c917830 3118       3       jdk.internal.reflect.ReflectionFactory::useMethodHandleAccessor (15 bytes)
Event: 6.206 Thread 0x000002372c917830 nmethod 3118 0x0000023735004e90 code [0x0000023735005020, 0x0000023735005178]
Event: 6.206 Thread 0x000002372c917830 3119       3       jdk.internal.reflect.MethodHandleAccessorFactory::useNativeAccessor (74 bytes)
Event: 6.207 Thread 0x000002372c917830 nmethod 3119 0x0000023735005210 code [0x0000023735005460, 0x0000023735005cb8]
Event: 6.211 Thread 0x000002374cd1c060 3120       4       java.net.URI::match (56 bytes)
Event: 6.212 Thread 0x000002374cd1c060 nmethod 3120 0x000002373c03c690 code [0x000002373c03c800, 0x000002373c03c918]
Event: 6.215 Thread 0x000002372c917830 3121       3       java.net.URI$Parser::at (23 bytes)
Event: 6.215 Thread 0x000002372c917830 nmethod 3121 0x0000023735005f10 code [0x0000023735006100, 0x0000023735006738]

GC Heap History (10 events):
Event: 1.378 GC heap before
{Heap before GC invocations=0 (full 0):
 garbage-first heap   total 65536K, used 13312K [0x00000000c1400000, 0x0000000100000000)
  region size 1024K, 13 young (13312K), 0 survivors (0K)
 Metaspace       used 2779K, committed 2880K, reserved 1114112K
  class space    used 266K, committed 320K, reserved 1048576K
}
Event: 1.401 GC heap after
{Heap after GC invocations=1 (full 0):
 garbage-first heap   total 65536K, used 6794K [0x00000000c1400000, 0x0000000100000000)
  region size 1024K, 2 young (2048K), 2 survivors (2048K)
 Metaspace       used 2779K, committed 2880K, reserved 1114112K
  class space    used 266K, committed 320K, reserved 1048576K
}
Event: 2.046 GC heap before
{Heap before GC invocations=1 (full 0):
 garbage-first heap   total 65536K, used 14986K [0x00000000c1400000, 0x0000000100000000)
  region size 1024K, 11 young (11264K), 2 survivors (2048K)
 Metaspace       used 4874K, committed 5120K, reserved 1114112K
  class space    used 581K, committed 704K, reserved 1048576K
}
Event: 2.054 GC heap after
{Heap after GC invocations=2 (full 0):
 garbage-first heap   total 65536K, used 7638K [0x00000000c1400000, 0x0000000100000000)
  region size 1024K, 1 young (1024K), 1 survivors (1024K)
 Metaspace       used 4874K, committed 5120K, reserved 1114112K
  class space    used 581K, committed 704K, reserved 1048576K
}
Event: 3.495 GC heap before
{Heap before GC invocations=2 (full 0):
 garbage-first heap   total 65536K, used 28118K [0x00000000c1400000, 0x0000000100000000)
  region size 1024K, 21 young (21504K), 1 survivors (1024K)
 Metaspace       used 10226K, committed 10496K, reserved 1114112K
  class space    used 1268K, committed 1408K, reserved 1048576K
}
Event: 3.503 GC heap after
{Heap after GC invocations=3 (full 0):
 garbage-first heap   total 65536K, used 9016K [0x00000000c1400000, 0x0000000100000000)
  region size 1024K, 2 young (2048K), 2 survivors (2048K)
 Metaspace       used 10226K, committed 10496K, reserved 1114112K
  class space    used 1268K, committed 1408K, reserved 1048576K
}
Event: 4.722 GC heap before
{Heap before GC invocations=3 (full 0):
 garbage-first heap   total 65536K, used 39736K [0x00000000c1400000, 0x0000000100000000)
  region size 1024K, 33 young (33792K), 2 survivors (2048K)
 Metaspace       used 18168K, committed 18496K, reserved 1114112K
  class space    used 2268K, committed 2432K, reserved 1048576K
}
Event: 4.732 GC heap after
{Heap after GC invocations=4 (full 0):
 garbage-first heap   total 65536K, used 11491K [0x00000000c1400000, 0x0000000100000000)
  region size 1024K, 5 young (5120K), 5 survivors (5120K)
 Metaspace       used 18168K, committed 18496K, reserved 1114112K
  class space    used 2268K, committed 2432K, reserved 1048576K
}
Event: 5.687 GC heap before
{Heap before GC invocations=4 (full 0):
 garbage-first heap   total 65536K, used 32995K [0x00000000c1400000, 0x0000000100000000)
  region size 1024K, 27 young (27648K), 5 survivors (5120K)
 Metaspace       used 21228K, committed 21504K, reserved 1114112K
  class space    used 2664K, committed 2816K, reserved 1048576K
}
Event: 5.704 GC heap after
{Heap after GC invocations=5 (full 0):
 garbage-first heap   total 65536K, used 12917K [0x00000000c1400000, 0x0000000100000000)
  region size 1024K, 4 young (4096K), 4 survivors (4096K)
 Metaspace       used 21228K, committed 21504K, reserved 1114112K
  class space    used 2664K, committed 2816K, reserved 1048576K
}

Deoptimization events (20 events):
Event: 6.107 Thread 0x000002372c85bc70 Uncommon trap: trap_request=0xffffff45 fr.pc=0x000002373c003c3c relative=0x000000000000065c
Event: 6.107 Thread 0x000002372c85bc70 Uncommon trap: reason=unstable_if action=reinterpret pc=0x000002373c003c3c method=org.springframework.util.ConcurrentReferenceHashMap$Segment.findInChain(Lorg/springframework/util/ConcurrentReferenceHashMap$Reference;Ljava/lang/Object;I)Lorg/springframewo
Event: 6.107 Thread 0x000002372c85bc70 DEOPT PACKING pc=0x000002373c003c3c sp=0x000000659fefbba0
Event: 6.107 Thread 0x000002372c85bc70 DEOPT UNPACKING pc=0x00000237344723a3 sp=0x000000659fefb9d8 mode 2
Event: 6.121 Thread 0x000002372c85bc70 Uncommon trap: trap_request=0xffffff45 fr.pc=0x000002373c0027bc relative=0x00000000000005dc
Event: 6.121 Thread 0x000002372c85bc70 Uncommon trap: reason=unstable_if action=reinterpret pc=0x000002373c0027bc method=org.springframework.util.ConcurrentReferenceHashMap$Segment.findInChain(Lorg/springframework/util/ConcurrentReferenceHashMap$Reference;Ljava/lang/Object;I)Lorg/springframewo
Event: 6.121 Thread 0x000002372c85bc70 DEOPT PACKING pc=0x000002373c0027bc sp=0x000000659fefbb50
Event: 6.121 Thread 0x000002372c85bc70 DEOPT UNPACKING pc=0x00000237344723a3 sp=0x000000659fefba00 mode 2
Event: 6.188 Thread 0x000002372c85bc70 Uncommon trap: trap_request=0xffffff45 fr.pc=0x000002373bf3e6f4 relative=0x0000000000000254
Event: 6.188 Thread 0x000002372c85bc70 Uncommon trap: reason=unstable_if action=reinterpret pc=0x000002373bf3e6f4 method=java.util.concurrent.ConcurrentHashMap.get(Ljava/lang/Object;)Ljava/lang/Object; @ 76 c2
Event: 6.188 Thread 0x000002372c85bc70 DEOPT PACKING pc=0x000002373bf3e6f4 sp=0x000000659fef7b90
Event: 6.188 Thread 0x000002372c85bc70 DEOPT UNPACKING pc=0x00000237344723a3 sp=0x000000659fef7b08 mode 2
Event: 6.213 Thread 0x000002372c85bc70 Uncommon trap: trap_request=0xffffffde fr.pc=0x000002373bfd3d1c relative=0x000000000000167c
Event: 6.213 Thread 0x000002372c85bc70 Uncommon trap: reason=class_check action=maybe_recompile pc=0x000002373bfd3d1c method=java.util.zip.InflaterInputStream.read([BII)I @ 84 c2
Event: 6.213 Thread 0x000002372c85bc70 DEOPT PACKING pc=0x000002373bfd3d1c sp=0x000000659fef8ee0
Event: 6.213 Thread 0x000002372c85bc70 DEOPT UNPACKING pc=0x00000237344723a3 sp=0x000000659fef8f30 mode 2
Event: 6.213 Thread 0x000002372c85bc70 Uncommon trap: trap_request=0xffffffde fr.pc=0x000002373bfd3d1c relative=0x000000000000167c
Event: 6.213 Thread 0x000002372c85bc70 Uncommon trap: reason=class_check action=maybe_recompile pc=0x000002373bfd3d1c method=java.util.zip.InflaterInputStream.read([BII)I @ 84 c2
Event: 6.213 Thread 0x000002372c85bc70 DEOPT PACKING pc=0x000002373bfd3d1c sp=0x000000659fef8ee0
Event: 6.213 Thread 0x000002372c85bc70 DEOPT UNPACKING pc=0x00000237344723a3 sp=0x000000659fef8f30 mode 2

Classes loaded (20 events):
Event: 6.212 Loading class java/util/zip/ZipInputStream done
Event: 6.212 Loading class java/util/jar/JarInputStream done
Event: 6.212 Loading class java/io/PushbackInputStream
Event: 6.212 Loading class java/io/PushbackInputStream done
Event: 6.213 Loading class sun/security/util/ManifestEntryVerifier
Event: 6.214 Loading class sun/security/util/ManifestEntryVerifier done
Event: 6.216 Loading class java/lang/ProcessBuilder
Event: 6.217 Loading class java/lang/ProcessBuilder done
Event: 6.217 Loading class java/lang/ProcessImpl
Event: 6.217 Loading class java/lang/Process
Event: 6.218 Loading class java/lang/Process done
Event: 6.218 Loading class java/lang/ProcessImpl done
Event: 6.227 Loading class java/lang/ProcessImpl$2
Event: 6.227 Loading class java/lang/ProcessImpl$2 done
Event: 6.227 Loading class java/lang/Process$PipeInputStream
Event: 6.227 Loading class java/lang/Process$PipeInputStream done
Event: 6.228 Loading class jdk/internal/event/ProcessStartEvent
Event: 6.228 Loading class jdk/internal/event/Event
Event: 6.228 Loading class jdk/internal/event/Event done
Event: 6.228 Loading class jdk/internal/event/ProcessStartEvent done

Classes unloaded (0 events):
No events

Classes redefined (0 events):
No events

Internal exceptions (20 events):
Event: 5.973 Thread 0x000002372c85bc70 Exception <a 'java/lang/NoSuchMethodError'{0x00000000c392a248}: 'java.lang.Object java.lang.invoke.DirectMethodHandle$Holder.invokeSpecial(java.lang.Object, java.lang.Object, java.lang.Object, java.lang.Object, java.lang.Object, java.lang.Object, java.lang.Object, java.lang.Object, java.lang.Object, java.lang.Object, java.lang.Object, java.lang.Object, java.lang.Object, java.lang.Object)'> (0x00000000c392a248) 
thrown [s\src\hotspot\share\interpreter\linkResolver.cpp, line 759]
Event: 5.974 Thread 0x000002372c85bc70 Exception <a 'java/lang/NoSuchMethodError'{0x00000000c392f470}: 'java.lang.Object java.lang.invoke.Invokers$Holder.invoker(java.lang.Object, java.lang.Object, java.lang.Object, java.lang.Object, java.lang.Object, java.lang.Object, java.lang.Object, java.lang.Object, java.lang.Object, java.lang.Object, java.lang.Object, java.lang.Object, java.lang.Object, java.lang.Object)'> (0x00000000c392f470) 
thrown [s\src\hotspot\share\interpreter\linkResolver.cpp, line 759]
Event: 5.975 Thread 0x000002372c85bc70 Exception <a 'java/lang/NoSuchMethodError'{0x00000000c39356b8}: 'java.lang.Object java.lang.invoke.DirectMethodHandle$Holder.invokeSpecial(java.lang.Object, java.lang.Object, java.lang.Object, java.lang.Object, java.lang.Object, java.lang.Object, java.lang.Object, java.lang.Object, java.lang.Object, java.lang.Object, java.lang.Object, java.lang.Object, java.lang.Object, java.lang.Object, java.lang.Object)'> (0x00000000c39356b8) 
thrown [s\src\hotspot\share\interpreter\linkResolver.cpp, line 759]
Event: 5.980 Thread 0x000002372c85bc70 Exception <a 'java/lang/NoSuchMethodError'{0x00000000c3949930}: 'int java.lang.invoke.DirectMethodHandle$Holder.invokeStaticInit(java.lang.Object, int, int)'> (0x00000000c3949930) 
thrown [s\src\hotspot\share\interpreter\linkResolver.cpp, line 759]
Event: 5.981 Thread 0x000002372c85bc70 Exception <a 'java/lang/NoSuchMethodError'{0x00000000c3951780}: 'int java.lang.invoke.DirectMethodHandle$Holder.invokeStaticInit(java.lang.Object, long, long)'> (0x00000000c3951780) 
thrown [s\src\hotspot\share\interpreter\linkResolver.cpp, line 759]
Event: 5.982 Thread 0x000002372c85bc70 Exception <a 'java/lang/NoSuchMethodError'{0x00000000c3958b28}: 'int java.lang.invoke.DirectMethodHandle$Holder.invokeStaticInit(java.lang.Object, float, float)'> (0x00000000c3958b28) 
thrown [s\src\hotspot\share\interpreter\linkResolver.cpp, line 759]
Event: 5.983 Thread 0x000002372c85bc70 Exception <a 'java/lang/NoSuchMethodError'{0x00000000c395fec8}: 'int java.lang.invoke.DirectMethodHandle$Holder.invokeStaticInit(java.lang.Object, double, double)'> (0x00000000c395fec8) 
thrown [s\src\hotspot\share\interpreter\linkResolver.cpp, line 759]
Event: 5.984 Thread 0x000002372c85bc70 Exception <a 'java/lang/NoSuchMethodError'{0x00000000c3964a18}: 'int java.lang.invoke.DirectMethodHandle$Holder.invokeStatic(java.lang.Object, long)'> (0x00000000c3964a18) 
thrown [s\src\hotspot\share\interpreter\linkResolver.cpp, line 759]
Event: 5.990 Thread 0x000002372c85bc70 Exception <a 'java/lang/NoSuchMethodError'{0x00000000c398c238}: 'int java.lang.invoke.DirectMethodHandle$Holder.invokeSpecial(java.lang.Object, java.lang.Object, int)'> (0x00000000c398c238) 
thrown [s\src\hotspot\share\interpreter\linkResolver.cpp, line 759]
Event: 5.991 Thread 0x000002372c85bc70 Exception <a 'java/lang/NoSuchMethodError'{0x00000000c39943f8}: 'int java.lang.invoke.Invokers$Holder.linkToTargetMethod(java.lang.Object, java.lang.Object)'> (0x00000000c39943f8) 
thrown [s\src\hotspot\share\interpreter\linkResolver.cpp, line 759]
Event: 6.023 Thread 0x000002372c85bc70 Exception <a 'java/lang/NoSuchMethodError'{0x00000000c3841e00}: 'java.lang.Object java.lang.invoke.DirectMethodHandle$Holder.invokeSpecial(java.lang.Object, java.lang.Object, java.lang.Object, java.lang.Object, java.lang.Object, java.lang.Object, java.lang.Object, java.lang.Object, java.lang.Object, java.lang.Object)'> (0x00000000c3841e00) 
thrown [s\src\hotspot\share\interpreter\linkResolver.cpp, line 759]
Event: 6.024 Thread 0x000002372c85bc70 Exception <a 'java/lang/NoSuchMethodError'{0x00000000c3846be0}: 'java.lang.Object java.lang.invoke.Invokers$Holder.invoke_MT(java.lang.Object, java.lang.Object, java.lang.Object, java.lang.Object, java.lang.Object, java.lang.Object, java.lang.Object, java.lang.Object, java.lang.Object, java.lang.Object)'> (0x00000000c3846be0) 
thrown [s\src\hotspot\share\interpreter\linkResolver.cpp, line 759]
Event: 6.036 Thread 0x000002372c85bc70 Exception <a 'java/lang/NoSuchMethodError'{0x00000000c3886ce0}: 'java.lang.Object java.lang.invoke.DirectMethodHandle$Holder.invokeSpecial(java.lang.Object, java.lang.Object, int, java.lang.Object, java.lang.Object)'> (0x00000000c3886ce0) 
thrown [s\src\hotspot\share\interpreter\linkResolver.cpp, line 759]
Event: 6.037 Thread 0x000002372c85bc70 Exception <a 'java/lang/NoSuchMethodError'{0x00000000c388aed8}: 'java.lang.Object java.lang.invoke.DelegatingMethodHandle$Holder.delegate(java.lang.Object, int, java.lang.Object, java.lang.Object)'> (0x00000000c388aed8) 
thrown [s\src\hotspot\share\interpreter\linkResolver.cpp, line 759]
Event: 6.040 Thread 0x000002372c85bc70 Exception <a 'java/lang/NoSuchMethodError'{0x00000000c389bb50}: 'int java.lang.invoke.Invokers$Holder.linkToTargetMethod(java.lang.Object, java.lang.Object, java.lang.Object)'> (0x00000000c389bb50) 
thrown [s\src\hotspot\share\interpreter\linkResolver.cpp, line 759]
Event: 6.087 Thread 0x000002372c85bc70 Exception <a 'java/lang/NoSuchMethodError'{0x00000000c3745c60}: 'void java.lang.invoke.Invokers$Holder.invokeExact_MT(java.lang.Object, java.lang.Object, java.lang.Object)'> (0x00000000c3745c60) 
thrown [s\src\hotspot\share\interpreter\linkResolver.cpp, line 759]
Event: 6.189 Thread 0x000002372c85bc70 Exception <a 'java/lang/NoSuchMethodError'{0x00000000c3569698}: method resolution failed> (0x00000000c3569698) 
thrown [s\src\hotspot\share\prims\methodHandles.cpp, line 1264]
Event: 6.206 Thread 0x000002372c85bc70 Exception <a 'java/lang/NoSuchMethodError'{0x00000000c35b0a90}: 'long java.lang.invoke.DelegatingMethodHandle$Holder.reinvoke_L(java.lang.Object, java.lang.Object)'> (0x00000000c35b0a90) 
thrown [s\src\hotspot\share\interpreter\linkResolver.cpp, line 759]
Event: 6.226 Thread 0x000002372c85bc70 Exception <a 'java/lang/NoSuchMethodError'{0x00000000c35d8f68}: 'void java.lang.invoke.DirectMethodHandle$Holder.invokeStatic(java.lang.Object, long)'> (0x00000000c35d8f68) 
thrown [s\src\hotspot\share\interpreter\linkResolver.cpp, line 759]
Event: 6.227 Thread 0x000002372c85bc70 Exception <a 'java/lang/NoSuchMethodError'{0x00000000c35decb8}: 'java.lang.Object java.lang.invoke.DirectMethodHandle$Holder.newInvokeSpecial(java.lang.Object, long)'> (0x00000000c35decb8) 
thrown [s\src\hotspot\share\interpreter\linkResolver.cpp, line 759]

VM Operations (20 events):
Event: 4.544 Executing VM operation: HandshakeAllThreads
Event: 4.544 Executing VM operation: HandshakeAllThreads done
Event: 4.649 Executing VM operation: HandshakeAllThreads
Event: 4.649 Executing VM operation: HandshakeAllThreads done
Event: 4.722 Executing VM operation: G1CollectForAllocation
Event: 4.732 Executing VM operation: G1CollectForAllocation done
Event: 5.559 Executing VM operation: ICBufferFull
Event: 5.559 Executing VM operation: ICBufferFull done
Event: 5.686 Executing VM operation: CollectForMetadataAllocation
Event: 5.704 Executing VM operation: CollectForMetadataAllocation done
Event: 5.726 Executing VM operation: G1Concurrent
Event: 5.730 Executing VM operation: G1Concurrent done
Event: 5.739 Executing VM operation: G1Concurrent
Event: 5.739 Executing VM operation: G1Concurrent done
Event: 5.891 Executing VM operation: HandshakeAllThreads
Event: 5.891 Executing VM operation: HandshakeAllThreads done
Event: 5.892 Executing VM operation: HandshakeAllThreads
Event: 5.892 Executing VM operation: HandshakeAllThreads done
Event: 6.001 Executing VM operation: HandshakeAllThreads
Event: 6.001 Executing VM operation: HandshakeAllThreads done

Events (20 events):
Event: 0.573 Loaded shared library C:\Users\ERIN_JAVALead\.jdks\corretto-18.0.2\bin\instrument.dll
Event: 0.583 Loaded shared library C:\Users\ERIN_JAVALead\.jdks\corretto-18.0.2\bin\net.dll
Event: 0.588 Loaded shared library C:\Users\ERIN_JAVALead\.jdks\corretto-18.0.2\bin\nio.dll
Event: 0.594 Loaded shared library C:\Users\ERIN_JAVALead\.jdks\corretto-18.0.2\bin\zip.dll
Event: 0.620 Loaded shared library C:\Program Files\JetBrains\IntelliJ IDEA Community Edition 2021.3.3\bin\breakgen64.dll
Event: 0.621 Thread 0x000002374c0bc560 Thread added: 0x000002374c0bc560
Event: 0.621 Thread 0x000002374c0bca20 Thread added: 0x000002374c0bca20
Event: 0.708 Thread 0x000002374c1046d0 Thread added: 0x000002374c1046d0
Event: 0.933 Thread 0x000002374c1046d0 Thread exited: 0x000002374c1046d0
Event: 0.945 Loaded shared library C:\Users\ERIN_JAVALead\.jdks\corretto-18.0.2\bin\jimage.dll
Event: 1.233 Thread 0x000002374c630aa0 Thread added: 0x000002374c630aa0
Event: 1.862 Thread 0x000002374c630aa0 Thread exited: 0x000002374c630aa0
Event: 2.655 Thread 0x000002374cd1dec0 Thread added: 0x000002374cd1dec0
Event: 4.222 Thread 0x000002374d4b8a70 Thread added: 0x000002374d4b8a70
Event: 4.674 Thread 0x000002374cd1dec0 Thread exited: 0x000002374cd1dec0
Event: 4.813 Thread 0x000002374cd1c060 Thread added: 0x000002374cd1c060
Event: 4.952 Thread 0x000002374cf47830 Thread added: 0x000002374cf47830
Event: 4.971 Thread 0x000002374d4b8a70 Thread exited: 0x000002374d4b8a70
Event: 4.994 Thread 0x000002374cf47830 Thread exited: 0x000002374cf47830
Event: 6.182 Loaded shared library C:\Users\ERIN_JAVALead\.jdks\corretto-18.0.2\bin\verify.dll


Dynamic libraries:
0x00007ff7b9e50000 - 0x00007ff7b9e5d000 	C:\Users\ERIN_JAVALead\.jdks\corretto-18.0.2\bin\java.exe
0x00007ffafef70000 - 0x00007ffaff167000 	C:\WINDOWS\SYSTEM32\ntdll.dll
0x00007ffafd140000 - 0x00007ffafd1fd000 	C:\WINDOWS\System32\KERNEL32.DLL
0x00007ffafc720000 - 0x00007ffafca16000 	C:\WINDOWS\System32\KERNELBASE.dll
0x00007ffafc620000 - 0x00007ffafc720000 	C:\WINDOWS\System32\ucrtbase.dll
0x00007ffaf7b60000 - 0x00007ffaf7b77000 	C:\Users\ERIN_JAVALead\.jdks\corretto-18.0.2\bin\jli.dll
0x00007ffafcfa0000 - 0x00007ffafd13e000 	C:\WINDOWS\System32\USER32.dll
0x00007ffafca20000 - 0x00007ffafca42000 	C:\WINDOWS\System32\win32u.dll
0x00007ffafd5b0000 - 0x00007ffafd5dc000 	C:\WINDOWS\System32\GDI32.dll
0x00007ffafcb50000 - 0x00007ffafcc6a000 	C:\WINDOWS\System32\gdi32full.dll
0x00007ffaf7b80000 - 0x00007ffaf7b95000 	C:\Users\ERIN_JAVALead\.jdks\corretto-18.0.2\bin\VCRUNTIME140.dll
0x00007ffafcc70000 - 0x00007ffafcd0d000 	C:\WINDOWS\System32\msvcp_win.dll
0x00007ffafba90000 - 0x00007ffafbd2a000 	C:\WINDOWS\WinSxS\amd64_microsoft.windows.common-controls_6595b64144ccf1df_6.0.19041.3570_none_60bb2a3971f3e41a\COMCTL32.dll
0x00007ffafdc90000 - 0x00007ffafdd2e000 	C:\WINDOWS\System32\msvcrt.dll
0x00007ffafdc60000 - 0x00007ffafdc90000 	C:\WINDOWS\System32\IMM32.DLL
0x00007ffae8170000 - 0x00007ffae820b000 	C:\Users\ERIN_JAVALead\.jdks\corretto-18.0.2\bin\msvcp140.dll
0x00007ffab73c0000 - 0x00007ffab8031000 	C:\Users\ERIN_JAVALead\.jdks\corretto-18.0.2\bin\server\jvm.dll
0x00007ffafe9f0000 - 0x00007ffafea9e000 	C:\WINDOWS\System32\ADVAPI32.dll
0x00007ffafeaa0000 - 0x00007ffafeb3c000 	C:\WINDOWS\System32\sechost.dll
0x00007ffafda10000 - 0x00007ffafdb36000 	C:\WINDOWS\System32\RPCRT4.dll
0x00007ffafeef0000 - 0x00007ffafeef8000 	C:\WINDOWS\System32\PSAPI.DLL
0x00007ffaf7b10000 - 0x00007ffaf7b19000 	C:\WINDOWS\SYSTEM32\WSOCK32.dll
0x00007ffafdbf0000 - 0x00007ffafdc5b000 	C:\WINDOWS\System32\WS2_32.dll
0x00007ffadc1a0000 - 0x00007ffadc1c7000 	C:\WINDOWS\SYSTEM32\WINMM.dll
0x00007ffaf78e0000 - 0x00007ffaf78ea000 	C:\WINDOWS\SYSTEM32\VERSION.dll
0x00007ffaf9e50000 - 0x00007ffaf9e62000 	C:\WINDOWS\SYSTEM32\kernel.appcore.dll
0x00007ffaea560000 - 0x00007ffaea56a000 	C:\Users\ERIN_JAVALead\.jdks\corretto-18.0.2\bin\jimage.dll
0x00007ffafbf30000 - 0x00007ffafc114000 	C:\WINDOWS\SYSTEM32\DBGHELP.DLL
0x00007ffafbef0000 - 0x00007ffafbf24000 	C:\WINDOWS\SYSTEM32\dbgcore.DLL
0x00007ffafcac0000 - 0x00007ffafcb42000 	C:\WINDOWS\System32\bcryptPrimitives.dll
0x00007ffaea460000 - 0x00007ffaea46e000 	C:\Users\ERIN_JAVALead\.jdks\corretto-18.0.2\bin\instrument.dll
0x00007ffaea530000 - 0x00007ffaea555000 	C:\Users\ERIN_JAVALead\.jdks\corretto-18.0.2\bin\java.dll
0x00007ffad6690000 - 0x00007ffad6766000 	C:\Users\ERIN_JAVALead\.jdks\corretto-18.0.2\bin\jsvml.dll
0x00007ffafe240000 - 0x00007ffafe984000 	C:\WINDOWS\System32\SHELL32.dll
0x00007ffafa050000 - 0x00007ffafa7eb000 	C:\WINDOWS\SYSTEM32\windows.storage.dll
0x00007ffafd6b0000 - 0x00007ffafda04000 	C:\WINDOWS\System32\combase.dll
0x00007ffafb7c0000 - 0x00007ffafb7ed000 	C:\WINDOWS\SYSTEM32\Wldp.dll
0x00007ffafdb40000 - 0x00007ffafdbed000 	C:\WINDOWS\System32\SHCORE.dll
0x00007ffafeb40000 - 0x00007ffafeb95000 	C:\WINDOWS\System32\shlwapi.dll
0x00007ffafc550000 - 0x00007ffafc575000 	C:\WINDOWS\SYSTEM32\profapi.dll
0x00007ffaea470000 - 0x00007ffaea488000 	C:\Users\ERIN_JAVALead\.jdks\corretto-18.0.2\bin\zip.dll
0x00007ffaea510000 - 0x00007ffaea523000 	C:\Users\ERIN_JAVALead\.jdks\corretto-18.0.2\bin\net.dll
0x00007ffaf5480000 - 0x00007ffaf558a000 	C:\WINDOWS\SYSTEM32\WINHTTP.dll
0x00007ffafb610000 - 0x00007ffafb67a000 	C:\WINDOWS\system32\mswsock.dll
0x00007ffaea490000 - 0x00007ffaea4a5000 	C:\Users\ERIN_JAVALead\.jdks\corretto-18.0.2\bin\nio.dll
0x00007ffae8de0000 - 0x00007ffae8dfa000 	C:\Program Files\JetBrains\IntelliJ IDEA Community Edition 2021.3.3\bin\breakgen64.dll
0x00007ffaea500000 - 0x00007ffaea510000 	C:\Users\ERIN_JAVALead\.jdks\corretto-18.0.2\bin\verify.dll

dbghelp: loaded successfully - version: 4.0.5 - missing functions: none
symbol engine: initialized successfully - sym options: 0x614 - pdb path: .;C:\Users\ERIN_JAVALead\.jdks\corretto-18.0.2\bin;C:\WINDOWS\SYSTEM32;C:\WINDOWS\WinSxS\amd64_microsoft.windows.common-controls_6595b64144ccf1df_6.0.19041.3570_none_60bb2a3971f3e41a;C:\Users\ERIN_JAVALead\.jdks\corretto-18.0.2\bin\server;C:\Program Files\JetBrains\IntelliJ IDEA Community Edition 2021.3.3\bin

VM Arguments:
jvm_args: -ea -Didea.test.cyclic.buffer.size=1048576 -javaagent:C:\Program Files\JetBrains\IntelliJ IDEA Community Edition 2021.3.3\lib\idea_rt.jar=55766:C:\Program Files\JetBrains\IntelliJ IDEA Community Edition 2021.3.3\bin -Dfile.encoding=UTF-8 
java_command: com.intellij.rt.junit.JUnitStarter -ideVersion5 -junit5 com.devskiller.tasks.blog.rest.CommentControllerTest,shouldAddComment
java_class_path (initial): C:\Users\ERIN_JAVALead\.m2\repository\org\junit\platform\junit-platform-launcher\1.9.3\junit-platform-launcher-1.9.3.jar;C:\Program Files\JetBrains\IntelliJ IDEA Community Edition 2021.3.3\lib\idea_rt.jar;C:\Program Files\JetBrains\IntelliJ IDEA Community Edition 2021.3.3\plugins\junit\lib\junit5-rt.jar;C:\Program Files\JetBrains\IntelliJ IDEA Community Edition 2021.3.3\plugins\junit\lib\junit-rt.jar;C:\Users\ERIN_JAVALead\Downloads\devskiller-code-U32X-W3E7-T2E6-S3F\target\test-classes;C:\Users\ERIN_JAVALead\Downloads\devskiller-code-U32X-W3E7-T2E6-S3F\target\classes;C:\Users\ERIN_JAVALead\.m2\repository\org\springframework\boot\spring-boot-starter-data-jpa\3.1.5\spring-boot-starter-data-jpa-3.1.5.jar;C:\Users\ERIN_JAVALead\.m2\repository\org\springframework\boot\spring-boot-starter-aop\3.1.5\spring-boot-starter-aop-3.1.5.jar;C:\Users\ERIN_JAVALead\.m2\repository\org\aspectj\aspectjweaver\1.9.20\aspectjweaver-1.9.20.jar;C:\Users\ERIN_JAVALead\.m2\repository\org\springframework\boot\spring-boot-starter-jdbc\3.1.5\spring-boot-starter-jdbc-3.1.5.jar;C:\Users\ERIN_JAVALead\.m2\repository\com\zaxxer\HikariCP\5.0.1\HikariCP-5.0.1.jar;C:\Users\ERIN_JAVALead\.m2\repository\org\springframework\spring-jdbc\6.0.13\spring-jdbc-6.0.13.jar;C:\Users\ERIN_JAVALead\.m2\repository\org\hibernate\orm\hibernate-core\6.2.13.Final\hibernate-core-6.2.13.Final.jar;C:\Users\ERIN_JAVALead\.m2\repository\jakarta\persistence\jakarta.persistence-api\3.1.0\jakarta.persistence-api-3.1.0.jar;C:\Users\ERIN_JAVALead\.m2\repository\jakarta\transaction\jakarta.transaction-api\2.0.1\jakarta.transaction-api-2.0.1.jar;C:\Users\ERIN_JAVALead\.m2\repository\org\jboss\logging\jboss-logging\3.5.3.Final\jboss-logging-3.5.3.Final.jar;C:\Users\ERIN_JAVALead\.m2\repository\org\hibernate\common\hibernate-commons-annotations\6.0.6.Final\hibernate-commons-annotations-6.0.6.Final.jar;C:\Users\ERIN_JAVALead\.m2\repository\io\smallrye\jandex\3.0.5\jandex-3.0.5.jar;C:\Users\ERIN_JAVALead\.m2\repository\com\fasterxml\classmate\1.5.1\classmate-1.5.1.jar;C:\Users\ERIN_JAVALead\.m2\repository\net\bytebuddy\byte-buddy\1.14.9\byte-buddy-1.14.9.jar;C:\Users\ERIN_JAVALead\.m2\repository\org\glassfish\jaxb\jaxb-runtime\4.0.3\jaxb-runtime-4.0.3.jar;C:\Users\ERIN_JAVALead\.m2\repository\org\glassfish\jaxb\jaxb-core\4.0.3\jaxb-core-4.0.3.jar;C:\Users\ERIN_JAVALead\.m2\repository\org\eclipse\angus\angus-activation\2.0.1\angus-activation-2.0.1.jar;C:\Users\ERIN_JAVALead\.m2\repository\org\glassfish\jaxb\txw2\4.0.3\txw2-4.0.3.jar;C:\Users\ERIN_JAVALead\.m2\repository\com\sun\istack\istack-commons-runtime\4.1.2\istack-commons-runtime-4.1.2.jar;C:\Users\ERIN_JAVALead\.m2\repository\jakarta\inject\jakarta.inject-api\2.0.1\jakarta.inject-api-2.0.1.jar;C:\Users\ERIN_JAVALead\.m2\repository\org\antlr\antlr4-runtime\4.10.1\antlr4-runtime-4.10.1.jar;C:\Users\ERIN_JAVALead\.m2\repository\org\springframework\data\spring-data-jpa\3.1.5\spring-data-jpa-3.1.5.jar;C:\Users\ERIN_JAVALead\.m2\repository\org\springframework\data\spring-data-commons\3.1.5\spring-data-commons-3.1.5.jar;C:\Users\ERIN_JAVALead\.m2\repository\org\springframework\spring-orm\6.0.13\spring-orm-6.0.13.jar;C:\Users\ERIN_JAVALead\.m2\repository\org\springframework\spring-context\6.0.13\spring-context-6.0.13.jar;C:\Users\ERIN_JAVALead\.m2\repository\org\springframework\spring-tx\6.0.13\spring-tx-6.0.13.jar;C:\Users\ERIN_JAVALead\.m2\repository\org\springframework\spring-beans\6.0.13\spring-beans-6.0.13.jar;C:\Users\ERIN_JAVALead\.m2\repository\jakarta\annotation\jakarta.annotation-api\2.1.1\jakarta.annotation-api-2.1.1.jar;C:\Users\ERIN_JAVALead\.m2\repository\org\slf4j\slf4j-api\2.0.9\slf4j-api-2.0.9.jar;C:\Users\ERIN_JAVALead\.m2\repository\org\springframework\spring-aspects\6.0.13\spring-aspects-6.0.13.jar;C:\Users\ERIN_JAVALead\.m2\repository\org\springframework\boot\spring-boot-starter-web\2.4.2\spring-boot-starter-web-2.4.2.jar;C:\Users\ERIN_JAVALead\.m2\repository\org\springframework\boot\spring-boot-starter\3.1.5\spring-boot-starter-3.1.5.jar;C:\Users\ERIN_JAVALead\.m2\repository\org\springframework\boot\spring-boot\3.1.5\spring-boot-3.1.5.jar;C:\Users\ERIN_JAVALead\.m2\repository\org\springframework\boot\spring-boot-autoconfigure\3.1.5\spring-boot-autoconfigure-3.1.5.jar;C:\Users\ERIN_JAVALead\.m2\repository\org\springframework\boot\spring-boot-starter-logging\3.1.5\spring-boot-starter-logging-3.1.5.jar;C:\Users\ERIN_JAVALead\.m2\repository\ch\qos\logback\logback-classic\1.4.11\logback-classic-1.4.11.jar;C:\Users\ERIN_JAVALead\.m2\repository\ch\qos\logback\logback-core\1.4.11\logback-core-1.4.11.jar;C:\Users\ERIN_JAVALead\.m2\repository\org\apache\logging\log4j\log4j-to-slf4j\2.20.0\log4j-to-slf4j-2.20.0.jar;C:\Users\ERIN_JAVALead\.m2\repository\org\apache\logging\log4j\log4j-api\2.20.0\log4j-api-2.20.0.jar;C:\Users\ERIN_JAVALead\.m2\repository\org\slf4j\jul-to-slf4j\2.0.9\jul-to-slf4j-2.0.9.jar;C:\Users\ERIN_JAVALead\.m2\repository\org\yaml\snakeyaml\1.33\snakeyaml-1.33.jar;C:\Users\ERIN_JAVALead\.m2\repository\org\springframework\boot\spring-boot-starter-json\3.1.5\spring-boot-starter-json-3.1.5.jar;C:\Users\ERIN_JAVALead\.m2\repository\com\fasterxml\jackson\core\jackson-databind\2.15.3\jackson-databind-2.15.3.jar;C:\Users\ERIN_JAVALead\.m2\repository\com\fasterxml\jackson\core\jackson-annotations\2.15.3\jackson-annotations-2.15.3.jar;C:\Users\ERIN_JAVALead\.m2\repository\com\fasterxml\jackson\core\jackson-core\2.15.3\jackson-core-2.15.3.jar;C:\Users\ERIN_JAVALead\.m2\repository\com\fasterxml\jackson\datatype\jackson-datatype-jdk8\2.15.3\jackson-datatype-jdk8-2.15.3.jar;C:\Users\ERIN_JAVALead\.m2\repository\com\fasterxml\jackson\datatype\jackson-datatype-jsr310\2.15.3\jackson-datatype-jsr310-2.15.3.jar;C:\Users\ERIN_JAVALead\.m2\repository\com\fasterxml\jackson\module\jackson-module-parameter-names\2.15.3\jackson-module-parameter-names-2.15.3.jar;C:\Users\ERIN_JAVALead\.m2\repository\org\springframework\boot\spring-boot-starter-tomcat\3.1.5\spring-boot-starter-tomcat-3.1.5.jar;C:\Users\ERIN_JAVALead\.m2\repository\org\apache\tomcat\embed\tomcat-embed-core\10.1.15\tomcat-embed-core-10.1.15.jar;C:\Users\ERIN_JAVALead\.m2\repository\org\apache\tomcat\embed\tomcat-embed-el\10.1.15\tomcat-embed-el-10.1.15.jar;C:\Users\ERIN_JAVALead\.m2\repository\org\apache\tomcat\embed\tomcat-embed-websocket\10.1.15\tomcat-embed-websocket-10.1.15.jar;C:\Users\ERIN_JAVALead\.m2\repository\org\springframework\spring-web\6.0.13\spring-web-6.0.13.jar;C:\Users\ERIN_JAVALead\.m2\repository\io\micrometer\micrometer-observation\1.11.5\micrometer-observation-1.11.5.jar;C:\Users\ERIN_JAVALead\.m2\repository\io\micrometer\micrometer-commons\1.11.5\micrometer-commons-1.11.5.jar;C:\Users\ERIN_JAVALead\.m2\repository\org\springframework\spring-webmvc\6.0.13\spring-webmvc-6.0.13.jar;C:\Users\ERIN_JAVALead\.m2\repository\org\springframework\spring-expression\6.0.13\spring-expression-6.0.13.jar;C:\Users\ERIN_JAVALead\.m2\repository\com\microsoft\sqlserver\mssql-jdbc\12.4.1.jre11\mssql-jdbc-12.4.1.jre11.jar;C:\Users\ERIN_JAVALead\.m2\repository\com\h2database\h2\2.1.214\h2-2.1.214.jar;C:\Users\ERIN_JAVALead\.m2\repository\org\springframework\boot\spring-boot-starter-test\3.1.5\spring-boot-starter-test-3.1.5.jar;C:\Users\ERIN_JAVALead\.m2\repository\org\springframework\boot\spring-boot-test\3.1.5\spring-boot-test-3.1.5.jar;C:\Users\ERIN_JAVALead\.m2\repository\org\springframework\boot\spring-boot-test-autoconfigure\3.1.5\spring-boot-test-autoconfigure-3.1.5.jar;C:\Users\ERIN_JAVALead\.m2\repository\com\jayway\jsonpath\json-path\2.8.0\json-path-2.8.0.jar;C:\Users\ERIN_JAVALead\.m2\repository\jakarta\xml\bind\jakarta.xml.bind-api\4.0.1\jakarta.xml.bind-api-4.0.1.jar;C:\Users\ERIN_JAVALead\.m2\repository\jakarta\activation\jakarta.activation-api\2.1.2\jakarta.activation-api-2.1.2.jar;C:\Users\ERIN_JAVALead\.m2\repository\net\minidev\json-smart\2.4.11\json-smart-2.4.11.jar;C:\Users\ERIN_JAVALead\.m2\repository\net\minidev\accessors-smart\2.4.11\accessors-smart-2.4.11.jar;C:\Users\ERIN_JAVALead\.m2\repository\org\ow2\asm\asm\9.3\asm-9.3.jar;C:\Users\ERIN_JAVALead\.m2\repository\org\assertj\assertj-core\3.24.2\assertj-core-3.24.2.jar;C:\Users\ERIN_JAVALead\.m2\repository\org\hamcrest\hamcrest\2.2\hamcrest-2.2.jar;C:\Users\ERIN_JAVALead\.m2\repository\org\junit\jupiter\junit-jupiter\5.9.3\junit-jupiter-5.9.3.jar;C:\Users\ERIN_JAVALead\.m2\repository\org\junit\jupiter\junit-jupiter-api\5.9.3\junit-jupiter-api-5.9.3.jar;C:\Users\ERIN_JAVALead\.m2\repository\org\opentest4j\opentest4j\1.2.0\opentest4j-1.2.0.jar;C:\Users\ERIN_JAVALead\.m2\repository\org\junit\platform\junit-platform-commons\1.9.3\junit-platform-commons-1.9.3.jar;C:\Users\ERIN_JAVALead\.m2\repository\org\apiguardian\apiguardian-api\1.1.2\apiguardian-api-1.1.2.jar;C:\Users\ERIN_JAVALead\.m2\repository\org\junit\jupiter\junit-jupiter-params\5.9.3\junit-jupiter-params-5.9.3.jar;C:\Users\ERIN_JAVALead\.m2\repository\org\junit\jupiter\junit-jupiter-engine\5.9.3\junit-jupiter-engine-5.9.3.jar;C:\Users\ERIN_JAVALead\.m2\repository\org\junit\platform\junit-platform-engine\1.9.3\junit-platform-engine-1.9.3.jar;C:\Users\ERIN_JAVALead\.m2\repository\org\mockito\mockito-core\5.3.1\mockito-core-5.3.1.jar;C:\Users\ERIN_JAVALead\.m2\repository\net\bytebuddy\byte-buddy-agent\1.14.9\byte-buddy-agent-1.14.9.jar;C:\Users\ERIN_JAVALead\.m2\repository\org\objenesis\objenesis\3.3\objenesis-3.3.jar;C:\Users\ERIN_JAVALead\.m2\repository\org\mockito\mockito-junit-jupiter\5.3.1\mockito-junit-jupiter-5.3.1.jar;C:\Users\ERIN_JAVALead\.m2\repository\org\skyscreamer\jsonassert\1.5.1\jsonassert-1.5.1.jar;C:\Users\ERIN_JAVALead\.m2\repository\com\vaadin\external\google\android-json\0.0.20131108.vaadin1\android-json-0.0.20131108.vaadin1.jar;C:\Users\ERIN_JAVALead\.m2\repository\org\springframework\spring-core\6.0.13\spring-core-6.0.13.jar;C:\Users\ERIN_JAVALead\.m2\repository\org\springframework\spring-jcl\6.0.13\spring-jcl-6.0.13.jar;C:\Users\ERIN_JAVALead\.m2\repository\org\springframework\spring-test\6.0.13\spring-test-6.0.13.jar;C:\Users\ERIN_JAVALead\.m2\repository\org\xmlunit\xmlunit-core\2.9.1\xmlunit-core-2.9.1.jar;C:\Users\ERIN_JAVALead\.m2\repository\org\springframework\boot\spring-boot-starter-security\3.1.5\spring-boot-starter-security-3.1.5.jar;C:\Users\ERIN_JAVALead\.m2\repository\org\springframework\spring-aop\6.0.13\spring-aop-6.0.13.jar;C:\Users\ERIN_JAVALead\.m2\repository\org\springframework\security\spring-security-config\6.1.5\spring-security-config-6.1.5.jar;C:\Users\ERIN_JAVALead\.m2\repository\org\springframework\security\spring-security-core\6.1.5\spring-security-core-6.1.5.jar;C:\Users\ERIN_JAVALead\.m2\repository\org\springframework\security\spring-security-crypto\6.1.5\spring-security-crypto-6.1.5.jar;C:\Users\ERIN_JAVALead\.m2\repository\org\springframework\security\spring-security-web\6.1.5\spring-security-web-6.1.5.jar
Launcher Type: SUN_STANDARD

[Global flags]
     intx CICompilerCount                          = 3                                         {product} {ergonomic}
     uint ConcGCThreads                            = 1                                         {product} {ergonomic}
     uint G1ConcRefinementThreads                  = 4                                         {product} {ergonomic}
   size_t G1HeapRegionSize                         = 1048576                                   {product} {ergonomic}
    uintx GCDrainStackTargetSize                   = 64                                        {product} {ergonomic}
   size_t InitialHeapSize                          = 67108864                                  {product} {ergonomic}
   size_t MarkStackSize                            = 4194304                                   {product} {ergonomic}
   size_t MaxHeapSize                              = 1052770304                                {product} {ergonomic}
   size_t MaxNewSize                               = 631242752                                 {product} {ergonomic}
   size_t MinHeapDeltaBytes                        = 1048576                                   {product} {ergonomic}
   size_t MinHeapSize                              = 8388608                                   {product} {ergonomic}
    uintx NonNMethodCodeHeapSize                   = 5832780                                {pd product} {ergonomic}
    uintx NonProfiledCodeHeapSize                  = 122912730                              {pd product} {ergonomic}
    uintx ProfiledCodeHeapSize                     = 122912730                              {pd product} {ergonomic}
    uintx ReservedCodeCacheSize                    = 251658240                              {pd product} {ergonomic}
     bool SegmentedCodeCache                       = true                                      {product} {ergonomic}
   size_t SoftMaxHeapSize                          = 1052770304                             {manageable} {ergonomic}
     bool UseCompressedClassPointers               = true                           {product lp64_product} {ergonomic}
     bool UseCompressedOops                        = true                           {product lp64_product} {ergonomic}
     bool UseG1GC                                  = true                                      {product} {ergonomic}
     bool UseLargePagesIndividualAllocation        = false                                  {pd product} {ergonomic}

Logging:
Log output configuration:
 #0: stdout all=warning uptime,level,tags foldmultilines=false
 #1: stderr all=off uptime,level,tags foldmultilines=false

Environment Variables:
PATH=C:\WINDOWS\system32;C:\WINDOWS;C:\WINDOWS\System32\Wbem;C:\WINDOWS\System32\WindowsPowerShell\v1.0\;C:\WINDOWS\System32\OpenSSH\;C:\Program Files (x86)\nodejs\;C:\Program Files (x86)\nodejs\npm;C:\Users\ERIN_JAVALead\AppData\Roaming\npm;C:\Program Files\Git\cmd;C:\Program Files (x86)\dotnet\;C:\Program Files (x86)\Microsoft SQL Server\160\DTS\Binn\;C:\Program Files\Azure Data Studio\bin;C:\Program Files (x86)\Microsoft SQL Server\160\Tools\Binn\;C:\Program Files\Microsoft SQL Server\160\Tools\Binn\;C:\Program Files\Microsoft SQL Server\Client SDK\ODBC\170\Tools\Binn\;C:\Program Files\Microsoft SQL Server\160\DTS\Binn\;C:\Users\ERIN_JAVALead\AppData\Local\Microsoft\WindowsApps;;C:\Users\ERIN_JAVALead\AppData\Local\Programs\Microsoft VS Code\bin;C:\Users\ERIN_JAVALead\AppData\Roaming\npm;C:\Program Files\Azure Data Studio\bin
USERNAME=ERIN_JAVALead
OS=Windows_NT
PROCESSOR_IDENTIFIER=Intel64 Family 6 Model 78 Stepping 3, GenuineIntel



---------------  S Y S T E M  ---------------

OS:
 Windows 10 , 64 bit Build 19041 (10.0.19041.3570)
OS uptime: 0 days 7:18 hours

CPU: total 4 (initial active 4) (2 cores per cpu, 2 threads per core) family 6 model 78 stepping 3 microcode 0xcc, cx8, cmov, fxsr, ht, mmx, 3dnowpref, sse, sse2, sse3, ssse3, sse4.1, sse4.2, popcnt, lzcnt, tsc, tscinvbit, avx, avx2, aes, erms, clmul, bmi1, bmi2, adx, fma, vzeroupper, clflush, clflushopt

Memory: 4k page, system-wide physical 4012M (529M free)
TotalPageFile size 6060M (AvailPageFile size 0M)
current process WorkingSet (physical memory assigned to process): 123M, peak: 130M
current process commit charge ("private bytes"): 176M, peak: 185M

vm_info: OpenJDK 64-Bit Server VM (18.0.2+9-FR) for windows-amd64 JRE (18.0.2+9-FR), built on Jul 15 2022 20:03:03 by "Administrator" with MS VC++ 15.9 (VS2017)

END.
