#
# There is insufficient memory for the Java Runtime Environment to continue.
# Native memory allocation (malloc) failed to allocate 1094912 bytes for Chunk::new
# Possible reasons:
#   The system is out of physical RAM or swap space
#   The process is running with CompressedOops enabled, and the Java Heap may be blocking the growth of the native heap
# Possible solutions:
#   Reduce memory load on the system
#   Increase physical memory or swap space
#   Check if swap backing store is full
#   Decrease Java heap size (-Xmx/-Xms)
#   Decrease number of Java threads
#   Decrease Java thread stack sizes (-Xss)
#   Set larger code cache with -XX:ReservedCodeCacheSize=
#   JVM is running with Unscaled Compressed Oops mode in which the Java heap is
#     placed in the first 4GB address space. The Java Heap base address is the
#     maximum limit for the native heap growth. Please use -XX:HeapBaseMinAddress
#     to set the Java Heap base and to place the Java Heap above 4GB virtual address.
# This output file may be truncated or incomplete.
#
#  Out of Memory Error (arena.cpp:184), pid=2988, tid=5764
#
# JRE version: OpenJDK Runtime Environment Corretto-18.0.2.9.1 (18.0.2+9) (build 18.0.2+9-FR)
# Java VM: OpenJDK 64-Bit Server VM Corretto-18.0.2.9.1 (18.0.2+9-FR, mixed mode, sharing, tiered, compressed oops, compressed class ptrs, g1 gc, windows-amd64)
# No core dump will be written. Minidumps are not enabled by default on client versions of Windows
#

---------------  S U M M A R Y ------------

Command Line: -javaagent:C:\Program Files\JetBrains\IntelliJ IDEA Community Edition 2021.3.3\lib\idea_rt.jar=52935:C:\Program Files\JetBrains\IntelliJ IDEA Community Edition 2021.3.3\bin -Dfile.encoding=UTF-8 com.devskiller.tasks.blog.BlogApplication

Host: Intel(R) Core(TM) i3-6006U CPU @ 2.00GHz, 4 cores, 3G,  Windows 10 , 64 bit Build 19041 (10.0.19041.3570)
Time: Mon Oct 30 17:52:27 2023 Central European Standard Time elapsed time: 25.782206 seconds (0d 0h 0m 25s)

---------------  T H R E A D  ---------------

Current thread (0x0000025c32d7bf20):  JavaThread "C2 CompilerThread0" daemon [_thread_in_native, id=5764, stack(0x000000d00d800000,0x000000d00d900000)]


Current CompileTask:
C2:  25782 5667       4       jdk.internal.loader.BuiltinClassLoader::defineClass (121 bytes)

Stack: [0x000000d00d800000,0x000000d00d900000]
Native frames: (J=compiled Java code, j=interpreted, Vv=VM code, C=native code)
V  [jvm.dll+0x685a2a]
V  [jvm.dll+0x82ae8d]
V  [jvm.dll+0x82c75e]
V  [jvm.dll+0x82ce03]
V  [jvm.dll+0x25ef4b]
V  [jvm.dll+0xd42d2]
V  [jvm.dll+0xd4665]
V  [jvm.dll+0x38578b]
V  [jvm.dll+0x34d82a]
V  [jvm.dll+0x34cc1a]
V  [jvm.dll+0x233a65]
V  [jvm.dll+0x232f37]
V  [jvm.dll+0x1c0a35]
V  [jvm.dll+0x24212c]
V  [jvm.dll+0x240534]
V  [jvm.dll+0x7df6db]
V  [jvm.dll+0x7d9cba]
V  [jvm.dll+0x6848a5]
C  [ucrtbase.dll+0x21bb2]
C  [KERNEL32.DLL+0x17344]
C  [ntdll.dll+0x526b1]


---------------  P R O C E S S  ---------------

Threads class SMR info:
_java_thread_list=0x0000025c3a1b2220, length=30, elements={
0x0000025c32d63480, 0x0000025c32d640e0, 0x0000025c32d78650, 0x0000025c32d79f10,
0x0000025c32d7a8b0, 0x0000025c32d7b250, 0x0000025c32d7bf20, 0x0000025c32d7c900,
0x0000025c32defac0, 0x0000025c370183c0, 0x0000025c373f73b0, 0x0000025c373f7870,
0x0000025c38262de0, 0x0000025c38263720, 0x0000025c372504a0, 0x0000025c38c819b0,
0x0000025c397da8a0, 0x0000025c38c943a0, 0x0000025c38c96a20, 0x0000025c38c94870,
0x0000025c38c96080, 0x0000025c38c94d40, 0x0000025c38c95210, 0x0000025c38c93ed0,
0x0000025c38c93530, 0x0000025c38c93060, 0x0000025c38c956e0, 0x0000025c3a2238e0,
0x0000025c3a222a70, 0x0000025c3a221730
}

Java Threads: ( => current thread )
  0x0000025c32d63480 JavaThread "Reference Handler" daemon [_thread_blocked, id=2992, stack(0x000000d00d200000,0x000000d00d300000)]
  0x0000025c32d640e0 JavaThread "Finalizer" daemon [_thread_blocked, id=108, stack(0x000000d00d300000,0x000000d00d400000)]
  0x0000025c32d78650 JavaThread "Signal Dispatcher" daemon [_thread_blocked, id=8956, stack(0x000000d00d400000,0x000000d00d500000)]
  0x0000025c32d79f10 JavaThread "Attach Listener" daemon [_thread_blocked, id=11900, stack(0x000000d00d500000,0x000000d00d600000)]
  0x0000025c32d7a8b0 JavaThread "Service Thread" daemon [_thread_blocked, id=10304, stack(0x000000d00d600000,0x000000d00d700000)]
  0x0000025c32d7b250 JavaThread "Monitor Deflation Thread" daemon [_thread_blocked, id=2584, stack(0x000000d00d700000,0x000000d00d800000)]
=>0x0000025c32d7bf20 JavaThread "C2 CompilerThread0" daemon [_thread_in_native, id=5764, stack(0x000000d00d800000,0x000000d00d900000)]
  0x0000025c32d7c900 JavaThread "C1 CompilerThread0" daemon [_thread_blocked, id=10140, stack(0x000000d00d900000,0x000000d00da00000)]
  0x0000025c32defac0 JavaThread "Sweeper thread" daemon [_thread_blocked, id=2468, stack(0x000000d00da00000,0x000000d00db00000)]
  0x0000025c370183c0 JavaThread "Common-Cleaner" daemon [_thread_blocked, id=2552, stack(0x000000d00db00000,0x000000d00dc00000)]
  0x0000025c373f73b0 JavaThread "Monitor Ctrl-Break" daemon [_thread_in_native, id=6888, stack(0x000000d00dc00000,0x000000d00dd00000)]
  0x0000025c373f7870 JavaThread "Notification Thread" daemon [_thread_blocked, id=2116, stack(0x000000d00dd00000,0x000000d00de00000)]
  0x0000025c38262de0 JavaThread "Catalina-utility-1" [_thread_blocked, id=2660, stack(0x000000d00e300000,0x000000d00e400000)]
  0x0000025c38263720 JavaThread "Catalina-utility-2" [_thread_blocked, id=10072, stack(0x000000d00e400000,0x000000d00e500000)]
  0x0000025c372504a0 JavaThread "container-0" [_thread_blocked, id=6092, stack(0x000000d00e500000,0x000000d00e600000)]
  0x0000025c38c819b0 JavaThread "mssql-jdbc-shared-timer-core-0" daemon [_thread_blocked, id=3172, stack(0x000000d00e700000,0x000000d00e800000)]
  0x0000025c397da8a0 JavaThread "HikariPool-1 housekeeper" daemon [_thread_blocked, id=2892, stack(0x000000d00e800000,0x000000d00e900000)]
  0x0000025c38c943a0 JavaThread "http-nio-8081-exec-1" daemon [_thread_in_native, id=10204, stack(0x000000d00ea00000,0x000000d00eb00000)]
  0x0000025c38c96a20 JavaThread "http-nio-8081-exec-2" daemon [_thread_blocked, id=8240, stack(0x000000d00eb00000,0x000000d00ec00000)]
  0x0000025c38c94870 JavaThread "http-nio-8081-exec-3" daemon [_thread_blocked, id=5268, stack(0x000000d00ec00000,0x000000d00ed00000)]
  0x0000025c38c96080 JavaThread "http-nio-8081-exec-4" daemon [_thread_blocked, id=7248, stack(0x000000d00ed00000,0x000000d00ee00000)]
  0x0000025c38c94d40 JavaThread "http-nio-8081-exec-5" daemon [_thread_blocked, id=2768, stack(0x000000d00ee00000,0x000000d00ef00000)]
  0x0000025c38c95210 JavaThread "http-nio-8081-exec-6" daemon [_thread_blocked, id=12880, stack(0x000000d00ef00000,0x000000d00f000000)]
  0x0000025c38c93ed0 JavaThread "http-nio-8081-exec-7" daemon [_thread_blocked, id=6140, stack(0x000000d00f000000,0x000000d00f100000)]
  0x0000025c38c93530 JavaThread "http-nio-8081-exec-8" daemon [_thread_blocked, id=12220, stack(0x000000d00f100000,0x000000d00f200000)]
  0x0000025c38c93060 JavaThread "http-nio-8081-exec-9" daemon [_thread_blocked, id=6272, stack(0x000000d00f200000,0x000000d00f300000)]
  0x0000025c38c956e0 JavaThread "http-nio-8081-exec-10" daemon [_thread_blocked, id=5548, stack(0x000000d00f300000,0x000000d00f400000)]
  0x0000025c3a2238e0 JavaThread "http-nio-8081-Poller" daemon [_thread_in_native, id=8724, stack(0x000000d00f400000,0x000000d00f500000)]
  0x0000025c3a222a70 JavaThread "http-nio-8081-Acceptor" daemon [_thread_in_native, id=8028, stack(0x000000d00f500000,0x000000d00f600000)]
  0x0000025c3a221730 JavaThread "DestroyJavaVM" [_thread_blocked, id=10960, stack(0x000000d00cb00000,0x000000d00cc00000)]

Other Threads:
  0x0000025c32d5ccb0 VMThread "VM Thread" [stack: 0x000000d00d100000,0x000000d00d200000] [id=9032]
  0x0000025c17815b00 WatcherThread "VM Periodic Task Thread" [stack: 0x000000d00de00000,0x000000d00df00000] [id=9232]
  0x0000025c17855410 WorkerThread "GC Thread#0" [stack: 0x000000d00cc00000,0x000000d00cd00000] [id=7448]
  0x0000025c377c2ef0 WorkerThread "GC Thread#1" [stack: 0x000000d00df00000,0x000000d00e000000] [id=11044]
  0x0000025c379dc600 WorkerThread "GC Thread#2" [stack: 0x000000d00e000000,0x000000d00e100000] [id=10596]
  0x0000025c376d82d0 WorkerThread "GC Thread#3" [stack: 0x000000d00e100000,0x000000d00e200000] [id=8932]
  0x0000025c1785f4d0 ConcurrentGCThread "G1 Main Marker" [stack: 0x000000d00cd00000,0x000000d00ce00000] [id=268]
  0x0000025c1785fec0 WorkerThread "G1 Conc#0" [stack: 0x000000d00ce00000,0x000000d00cf00000] [id=9516]
  0x0000025c17886fc0 ConcurrentGCThread "G1 Refine#0" [stack: 0x000000d00cf00000,0x000000d00d000000] [id=8936]
  0x0000025c376d8570 ConcurrentGCThread "G1 Refine#1" [stack: 0x000000d00e200000,0x000000d00e300000] [id=5716]
  0x0000025c178878d0 ConcurrentGCThread "G1 Service" [stack: 0x000000d00d000000,0x000000d00d100000] [id=12084]

Threads with active compile tasks:
C2 CompilerThread0    25845 5667       4       jdk.internal.loader.BuiltinClassLoader::defineClass (121 bytes)

VM state: not at safepoint (normal execution)

VM Mutex/Monitor currently owned by a thread: None

Heap address: 0x00000000c1400000, size: 1004 MB, Compressed Oops mode: 32-bit

CDS archive(s) mapped at: [0x0000000800000000-0x0000000800ba0000-0x0000000800ba0000), size 12189696, SharedBaseAddress: 0x0000000800000000, ArchiveRelocationMode: 0.
Compressed class space mapped at: 0x0000000800c00000-0x0000000840c00000, reserved size: 1073741824
Narrow klass base: 0x0000000800000000, Narrow klass shift: 0, Narrow klass range: 0x100000000

GC Precious Log:
 CardTable entry size: 512
 Card Set container configuration: InlinePtr #cards 5 size 8 Array Of Cards #cards 12 size 40 Howl #buckets 4 coarsen threshold 1843 Howl Bitmap #cards 512 size 80 coarsen threshold 460 Card regions per heap region 1 cards per card region 2048
 CPUs: 4 total, 4 available
 Memory: 4012M
 Large Page Support: Disabled
 NUMA Support: Disabled
 Compressed Oops: Enabled (32-bit)
 Heap Region Size: 1M
 Heap Min Capacity: 8M
 Heap Initial Capacity: 64M
 Heap Max Capacity: 1004M
 Pre-touch: Disabled
 Parallel Workers: 4
 Concurrent Workers: 1
 Concurrent Refinement Workers: 4
 Periodic GC: Disabled

Heap:
 garbage-first heap   total 71680K, used 48378K [0x00000000c1400000, 0x0000000100000000)
  region size 1024K, 28 young (28672K), 4 survivors (4096K)
 Metaspace       used 64429K, committed 65088K, reserved 1114112K
  class space    used 8554K, committed 8832K, reserved 1048576K

Heap Regions: E=young(eden), S=young(survivor), O=old, HS=humongous(starts), HC=humongous(continues), CS=collection set, F=free, OA=open archive, CA=closed archive, TAMS=top-at-mark-start (previous, next)
|   0|0x00000000c1400000, 0x00000000c1500000, 0x00000000c1500000|100%|HS|  |TAMS 0x00000000c1500000, 0x00000000c1400000| Complete 
|   1|0x00000000c1500000, 0x00000000c1600000, 0x00000000c1600000|100%| O|  |TAMS 0x00000000c1600000, 0x00000000c1500000| Untracked 
|   2|0x00000000c1600000, 0x00000000c1700000, 0x00000000c1700000|100%| O|  |TAMS 0x00000000c1700000, 0x00000000c1600000| Untracked 
|   3|0x00000000c1700000, 0x00000000c1800000, 0x00000000c1800000|100%| O|  |TAMS 0x00000000c1800000, 0x00000000c1700000| Untracked 
|   4|0x00000000c1800000, 0x00000000c1900000, 0x00000000c1900000|100%| O|  |TAMS 0x00000000c1900000, 0x00000000c1800000| Untracked 
|   5|0x00000000c1900000, 0x00000000c1a00000, 0x00000000c1a00000|100%| O|  |TAMS 0x00000000c1a00000, 0x00000000c1900000| Untracked 
|   6|0x00000000c1a00000, 0x00000000c1b00000, 0x00000000c1b00000|100%| O|  |TAMS 0x00000000c1b00000, 0x00000000c1a00000| Untracked 
|   7|0x00000000c1b00000, 0x00000000c1c00000, 0x00000000c1c00000|100%| O|  |TAMS 0x00000000c1c00000, 0x00000000c1b00000| Untracked 
|   8|0x00000000c1c00000, 0x00000000c1d00000, 0x00000000c1d00000|100%| O|  |TAMS 0x00000000c1d00000, 0x00000000c1c00000| Untracked 
|   9|0x00000000c1d00000, 0x00000000c1e00000, 0x00000000c1e00000|100%| O|  |TAMS 0x00000000c1e00000, 0x00000000c1d00000| Untracked 
|  10|0x00000000c1e00000, 0x00000000c1f00000, 0x00000000c1f00000|100%| O|  |TAMS 0x00000000c1f00000, 0x00000000c1e00000| Untracked 
|  11|0x00000000c1f00000, 0x00000000c2000000, 0x00000000c2000000|100%| O|  |TAMS 0x00000000c2000000, 0x00000000c1f00000| Untracked 
|  12|0x00000000c2000000, 0x00000000c2100000, 0x00000000c2100000|100%| O|  |TAMS 0x00000000c2100000, 0x00000000c2000000| Untracked 
|  13|0x00000000c2100000, 0x00000000c2200000, 0x00000000c2200000|100%| O|  |TAMS 0x00000000c2200000, 0x00000000c2100000| Untracked 
|  14|0x00000000c2200000, 0x00000000c2300000, 0x00000000c2300000|100%| O|  |TAMS 0x00000000c2300000, 0x00000000c2200000| Untracked 
|  15|0x00000000c2300000, 0x00000000c2400000, 0x00000000c2400000|100%| O|  |TAMS 0x00000000c2400000, 0x00000000c2300000| Untracked 
|  16|0x00000000c2400000, 0x00000000c2500000, 0x00000000c2500000|100%| O|  |TAMS 0x00000000c2500000, 0x00000000c2400000| Untracked 
|  17|0x00000000c2500000, 0x00000000c2600000, 0x00000000c2600000|100%| O|  |TAMS 0x00000000c2600000, 0x00000000c2500000| Untracked 
|  18|0x00000000c2600000, 0x00000000c2700000, 0x00000000c2700000|100%| O|  |TAMS 0x00000000c2682a00, 0x00000000c2600000| Untracked 
|  19|0x00000000c2700000, 0x00000000c2800000, 0x00000000c2800000|100%| O|  |TAMS 0x00000000c2800000, 0x00000000c2700000| Untracked 
|  20|0x00000000c2800000, 0x00000000c2838800, 0x00000000c2900000| 22%| O|  |TAMS 0x00000000c2838800, 0x00000000c2800000| Untracked 
|  21|0x00000000c2900000, 0x00000000c2a00000, 0x00000000c2a00000|100%| O|  |TAMS 0x00000000c2900000, 0x00000000c2900000| Untracked 
|  22|0x00000000c2a00000, 0x00000000c2aae800, 0x00000000c2b00000| 68%| O|  |TAMS 0x00000000c2a00000, 0x00000000c2a00000| Untracked 
|  23|0x00000000c2b00000, 0x00000000c2b00000, 0x00000000c2c00000|  0%| F|  |TAMS 0x00000000c2b00000, 0x00000000c2b00000| Untracked 
|  24|0x00000000c2c00000, 0x00000000c2c00000, 0x00000000c2d00000|  0%| F|  |TAMS 0x00000000c2c00000, 0x00000000c2c00000| Untracked 
|  25|0x00000000c2d00000, 0x00000000c2d00000, 0x00000000c2e00000|  0%| F|  |TAMS 0x00000000c2d00000, 0x00000000c2d00000| Untracked 
|  26|0x00000000c2e00000, 0x00000000c2e00000, 0x00000000c2f00000|  0%| F|  |TAMS 0x00000000c2e00000, 0x00000000c2e00000| Untracked 
|  27|0x00000000c2f00000, 0x00000000c2f00000, 0x00000000c3000000|  0%| F|  |TAMS 0x00000000c2f00000, 0x00000000c2f00000| Untracked 
|  28|0x00000000c3000000, 0x00000000c3000000, 0x00000000c3100000|  0%| F|  |TAMS 0x00000000c3000000, 0x00000000c3000000| Untracked 
|  29|0x00000000c3100000, 0x00000000c3100000, 0x00000000c3200000|  0%| F|  |TAMS 0x00000000c3100000, 0x00000000c3100000| Untracked 
|  30|0x00000000c3200000, 0x00000000c3200000, 0x00000000c3300000|  0%| F|  |TAMS 0x00000000c3200000, 0x00000000c3200000| Untracked 
|  31|0x00000000c3300000, 0x00000000c3300000, 0x00000000c3400000|  0%| F|  |TAMS 0x00000000c3300000, 0x00000000c3300000| Untracked 
|  32|0x00000000c3400000, 0x00000000c3400000, 0x00000000c3500000|  0%| F|  |TAMS 0x00000000c3400000, 0x00000000c3400000| Untracked 
|  33|0x00000000c3500000, 0x00000000c3500000, 0x00000000c3600000|  0%| F|  |TAMS 0x00000000c3500000, 0x00000000c3500000| Untracked 
|  34|0x00000000c3600000, 0x00000000c3600000, 0x00000000c3700000|  0%| F|  |TAMS 0x00000000c3600000, 0x00000000c3600000| Untracked 
|  35|0x00000000c3700000, 0x00000000c3700000, 0x00000000c3800000|  0%| F|  |TAMS 0x00000000c3700000, 0x00000000c3700000| Untracked 
|  36|0x00000000c3800000, 0x00000000c3800000, 0x00000000c3900000|  0%| F|  |TAMS 0x00000000c3800000, 0x00000000c3800000| Untracked 
|  37|0x00000000c3900000, 0x00000000c3900000, 0x00000000c3a00000|  0%| F|  |TAMS 0x00000000c3900000, 0x00000000c3900000| Untracked 
|  38|0x00000000c3a00000, 0x00000000c3a00000, 0x00000000c3b00000|  0%| F|  |TAMS 0x00000000c3a00000, 0x00000000c3a00000| Untracked 
|  39|0x00000000c3b00000, 0x00000000c3b00000, 0x00000000c3c00000|  0%| F|  |TAMS 0x00000000c3b00000, 0x00000000c3b00000| Untracked 
|  40|0x00000000c3c00000, 0x00000000c3c00000, 0x00000000c3d00000|  0%| F|  |TAMS 0x00000000c3c00000, 0x00000000c3c00000| Untracked 
|  41|0x00000000c3d00000, 0x00000000c3d00000, 0x00000000c3e00000|  0%| F|  |TAMS 0x00000000c3d00000, 0x00000000c3d00000| Untracked 
|  42|0x00000000c3e00000, 0x00000000c3e9c0d0, 0x00000000c3f00000| 60%| E|  |TAMS 0x00000000c3e00000, 0x00000000c3e00000| Complete 
|  43|0x00000000c3f00000, 0x00000000c4000000, 0x00000000c4000000|100%| E|CS|TAMS 0x00000000c3f00000, 0x00000000c3f00000| Complete 
|  44|0x00000000c4000000, 0x00000000c4100000, 0x00000000c4100000|100%| E|CS|TAMS 0x00000000c4000000, 0x00000000c4000000| Complete 
|  45|0x00000000c4100000, 0x00000000c4200000, 0x00000000c4200000|100%| E|CS|TAMS 0x00000000c4100000, 0x00000000c4100000| Complete 
|  46|0x00000000c4200000, 0x00000000c4300000, 0x00000000c4300000|100%| E|CS|TAMS 0x00000000c4200000, 0x00000000c4200000| Complete 
|  47|0x00000000c4300000, 0x00000000c4357990, 0x00000000c4400000| 34%| S|CS|TAMS 0x00000000c4300000, 0x00000000c4300000| Complete 
|  48|0x00000000c4400000, 0x00000000c4500000, 0x00000000c4500000|100%| S|CS|TAMS 0x00000000c4400000, 0x00000000c4400000| Complete 
|  49|0x00000000c4500000, 0x00000000c4600000, 0x00000000c4600000|100%| S|CS|TAMS 0x00000000c4500000, 0x00000000c4500000| Complete 
|  50|0x00000000c4600000, 0x00000000c4700000, 0x00000000c4700000|100%| S|CS|TAMS 0x00000000c4600000, 0x00000000c4600000| Complete 
|  51|0x00000000c4700000, 0x00000000c4800000, 0x00000000c4800000|100%| E|CS|TAMS 0x00000000c4700000, 0x00000000c4700000| Complete 
|  52|0x00000000c4800000, 0x00000000c4900000, 0x00000000c4900000|100%| E|  |TAMS 0x00000000c4800000, 0x00000000c4800000| Complete 
|  53|0x00000000c4900000, 0x00000000c4a00000, 0x00000000c4a00000|100%| E|CS|TAMS 0x00000000c4900000, 0x00000000c4900000| Complete 
|  54|0x00000000c4a00000, 0x00000000c4b00000, 0x00000000c4b00000|100%| E|CS|TAMS 0x00000000c4a00000, 0x00000000c4a00000| Complete 
|  55|0x00000000c4b00000, 0x00000000c4c00000, 0x00000000c4c00000|100%| E|CS|TAMS 0x00000000c4b00000, 0x00000000c4b00000| Complete 
|  56|0x00000000c4c00000, 0x00000000c4d00000, 0x00000000c4d00000|100%| E|CS|TAMS 0x00000000c4c00000, 0x00000000c4c00000| Complete 
|  57|0x00000000c4d00000, 0x00000000c4e00000, 0x00000000c4e00000|100%| E|CS|TAMS 0x00000000c4d00000, 0x00000000c4d00000| Complete 
|  58|0x00000000c4e00000, 0x00000000c4f00000, 0x00000000c4f00000|100%| E|CS|TAMS 0x00000000c4e00000, 0x00000000c4e00000| Complete 
|  59|0x00000000c4f00000, 0x00000000c5000000, 0x00000000c5000000|100%| E|CS|TAMS 0x00000000c4f00000, 0x00000000c4f00000| Complete 
|  60|0x00000000c5000000, 0x00000000c5100000, 0x00000000c5100000|100%| E|CS|TAMS 0x00000000c5000000, 0x00000000c5000000| Complete 
|  61|0x00000000c5100000, 0x00000000c5200000, 0x00000000c5200000|100%| E|CS|TAMS 0x00000000c5100000, 0x00000000c5100000| Complete 
|  62|0x00000000c5200000, 0x00000000c5300000, 0x00000000c5300000|100%| E|CS|TAMS 0x00000000c5200000, 0x00000000c5200000| Complete 
|  63|0x00000000c5300000, 0x00000000c5400000, 0x00000000c5400000|100%| E|CS|TAMS 0x00000000c5300000, 0x00000000c5300000| Complete 
|  64|0x00000000c5400000, 0x00000000c5500000, 0x00000000c5500000|100%| E|CS|TAMS 0x00000000c5400000, 0x00000000c5400000| Complete 
|  65|0x00000000c5500000, 0x00000000c5600000, 0x00000000c5600000|100%| E|CS|TAMS 0x00000000c5500000, 0x00000000c5500000| Complete 
|  66|0x00000000c5600000, 0x00000000c5700000, 0x00000000c5700000|100%| E|CS|TAMS 0x00000000c5600000, 0x00000000c5600000| Complete 
|  67|0x00000000c5700000, 0x00000000c5800000, 0x00000000c5800000|100%| E|CS|TAMS 0x00000000c5700000, 0x00000000c5700000| Complete 
|  74|0x00000000c5e00000, 0x00000000c5f00000, 0x00000000c5f00000|100%| E|CS|TAMS 0x00000000c5e00000, 0x00000000c5e00000| Complete 
|  75|0x00000000c5f00000, 0x00000000c6000000, 0x00000000c6000000|100%| E|CS|TAMS 0x00000000c5f00000, 0x00000000c5f00000| Complete 

Card table byte_map: [0x0000025c2e5e0000,0x0000025c2e7e0000] _byte_map_base: 0x0000025c2dfd6000

Marking Bits (Prev, Next): (CMBitMap*) 0x0000025c17856e60, (CMBitMap*) 0x0000025c17856e20
 Prev Bits: [0x0000025c2f990000, 0x0000025c30940000)
 Next Bits: [0x0000025c2e9e0000, 0x0000025c2f990000)

Polling page: 0x0000025c15790000

Metaspace:

Usage:
  Non-class:     54.57 MB used.
      Class:      8.35 MB used.
       Both:     62.92 MB used.

Virtual space:
  Non-class space:       64.00 MB reserved,      54.94 MB ( 86%) committed,  1 nodes.
      Class space:        1.00 GB reserved,       8.63 MB ( <1%) committed,  1 nodes.
             Both:        1.06 GB reserved,      63.56 MB (  6%) committed. 

Chunk freelists:
   Non-Class:  688.00 KB
       Class:  3.34 MB
        Both:  4.02 MB

MaxMetaspaceSize: unlimited
CompressedClassSpaceSize: 1.00 GB
Initial GC threshold: 21.00 MB
Current GC threshold: 99.38 MB
CDS: on
MetaspaceReclaimPolicy: balanced
 - commit_granule_bytes: 65536.
 - commit_granule_words: 8192.
 - virtual_space_node_default_size: 8388608.
 - enlarge_chunks_in_place: 1.
 - new_chunks_are_fully_committed: 0.
 - uncommit_free_chunks: 1.
 - use_allocation_guard: 0.


Internal statistics:

num_allocs_failed_limit: 9.
num_arena_births: 858.
num_arena_deaths: 0.
num_vsnodes_births: 2.
num_vsnodes_deaths: 0.
num_space_committed: 1017.
num_space_uncommitted: 0.
num_chunks_returned_to_freelist: 9.
num_chunks_taken_from_freelist: 3064.
num_chunk_merges: 6.
num_chunk_splits: 2216.
num_chunks_enlarged: 1775.
num_inconsistent_stats: 0.

CodeHeap 'non-profiled nmethods': size=120000Kb used=2492Kb max_used=2724Kb free=117507Kb
 bounds [0x0000025c26eb0000, 0x0000025c27160000, 0x0000025c2e3e0000]
CodeHeap 'profiled nmethods': size=120000Kb used=9586Kb max_used=10881Kb free=110413Kb
 bounds [0x0000025c1f980000, 0x0000025c20430000, 0x0000025c26eb0000]
CodeHeap 'non-nmethods': size=5760Kb used=1368Kb max_used=1438Kb free=4391Kb
 bounds [0x0000025c1f3e0000, 0x0000025c1f650000, 0x0000025c1f980000]
 total_blobs=5768 nmethods=5072 adapters=608
 compilation: enabled
              stopped_count=0, restarted_count=0
 full_count=0

Compilation events (20 events):
Event: 25.580 Thread 0x0000025c32d7c900 5668       3       java.lang.invoke.MethodHandles::identity (87 bytes)
Event: 25.581 Thread 0x0000025c32d7c900 nmethod 5668 0x0000025c2041fe90 code [0x0000025c20420080, 0x0000025c204204b8]
Event: 25.592 Thread 0x0000025c32d7bf20 nmethod 5660 0x0000025c27157e90 code [0x0000025c27158080, 0x0000025c27158558]
Event: 25.592 Thread 0x0000025c32d7bf20 5666       4       java.security.SecureClassLoader::defineClass (16 bytes)
Event: 25.597 Thread 0x0000025c32d7bf20 nmethod 5666 0x0000025c27158b10 code [0x0000025c27158cc0, 0x0000025c27158f98]
Event: 25.597 Thread 0x0000025c32d7bf20 5669       4       java.lang.invoke.MemberName::initResolved (53 bytes)
Event: 25.599 Thread 0x0000025c32d7bf20 nmethod 5669 0x0000025c26eb8f90 code [0x0000025c26eb9100, 0x0000025c26eb91d8]
Event: 25.600 Thread 0x0000025c32d7bf20 5670       4       java.security.SecureClassLoader::getProtectionDomain (38 bytes)
Event: 25.605 Thread 0x0000025c32d7bf20 nmethod 5670 0x0000025c26f3e810 code [0x0000025c26f3e9c0, 0x0000025c26f3ebe8]
Event: 25.605 Thread 0x0000025c32d7bf20 5667       4       jdk.internal.loader.BuiltinClassLoader::defineClass (121 bytes)
Event: 25.647 Thread 0x0000025c32d7c900 5672       3       java.lang.invoke.LambdaFormEditor::getInCache (165 bytes)
Event: 25.649 Thread 0x0000025c32d7c900 nmethod 5672 0x0000025c1fa9ec90 code [0x0000025c1fa9ef00, 0x0000025c1fa9fe78]
Event: 25.650 Thread 0x0000025c32d7c900 5673       3       java.util.Base64$Decoder::decodeBlock (186 bytes)
Event: 25.650 Thread 0x0000025c32d7c900 nmethod 5673 0x0000025c1f988d90 code [0x0000025c1f988f60, 0x0000025c1f9893f8]
Event: 25.657 Thread 0x0000025c32d7c900 5674       3       sun.security.provider.SHA2::<init> (26 bytes)
Event: 25.658 Thread 0x0000025c32d7c900 nmethod 5674 0x0000025c1f983a10 code [0x0000025c1f983be0, 0x0000025c1f984108]
Event: 25.663 Thread 0x0000025c32d7c900 5675       3       com.microsoft.sqlserver.jdbc.TDSWriter::writeShort (88 bytes)
Event: 25.664 Thread 0x0000025c32d7c900 nmethod 5675 0x0000025c1fa59390 code [0x0000025c1fa595a0, 0x0000025c1fa59c38]
Event: 25.664 Thread 0x0000025c32d7c900 5676       3       java.nio.HeapByteBuffer::putShort (31 bytes)
Event: 25.665 Thread 0x0000025c32d7c900 nmethod 5676 0x0000025c1fa03f90 code [0x0000025c1fa041e0, 0x0000025c1fa04c48]

GC Heap History (20 events):
Event: 5.506 GC heap before
{Heap before GC invocations=3 (full 0):
 garbage-first heap   total 65536K, used 40466K [0x00000000c1400000, 0x0000000100000000)
  region size 1024K, 35 young (35840K), 3 survivors (3072K)
 Metaspace       used 18039K, committed 18368K, reserved 1114112K
  class space    used 2144K, committed 2304K, reserved 1048576K
}
Event: 5.518 GC heap after
{Heap after GC invocations=4 (full 0):
 garbage-first heap   total 65536K, used 10942K [0x00000000c1400000, 0x0000000100000000)
  region size 1024K, 4 young (4096K), 4 survivors (4096K)
 Metaspace       used 18039K, committed 18368K, reserved 1114112K
  class space    used 2144K, committed 2304K, reserved 1048576K
}
Event: 6.483 GC heap before
{Heap before GC invocations=4 (full 0):
 garbage-first heap   total 65536K, used 27326K [0x00000000c1400000, 0x0000000100000000)
  region size 1024K, 22 young (22528K), 4 survivors (4096K)
 Metaspace       used 21178K, committed 21504K, reserved 1114112K
  class space    used 2595K, committed 2752K, reserved 1048576K
}
Event: 6.502 GC heap after
{Heap after GC invocations=5 (full 0):
 garbage-first heap   total 65536K, used 12709K [0x00000000c1400000, 0x0000000100000000)
  region size 1024K, 4 young (4096K), 4 survivors (4096K)
 Metaspace       used 21178K, committed 21504K, reserved 1114112K
  class space    used 2595K, committed 2752K, reserved 1048576K
}
Event: 7.804 GC heap before
{Heap before GC invocations=6 (full 0):
 garbage-first heap   total 48128K, used 37285K [0x00000000c1400000, 0x0000000100000000)
  region size 1024K, 28 young (28672K), 4 survivors (4096K)
 Metaspace       used 26897K, committed 27392K, reserved 1114112K
  class space    used 3354K, committed 3584K, reserved 1048576K
}
Event: 7.818 GC heap after
{Heap after GC invocations=7 (full 0):
 garbage-first heap   total 48128K, used 15406K [0x00000000c1400000, 0x0000000100000000)
  region size 1024K, 4 young (4096K), 4 survivors (4096K)
 Metaspace       used 26897K, committed 27392K, reserved 1114112K
  class space    used 3354K, committed 3584K, reserved 1048576K
}
Event: 7.854 GC heap before
{Heap before GC invocations=7 (full 0):
 garbage-first heap   total 48128K, used 16430K [0x00000000c1400000, 0x0000000100000000)
  region size 1024K, 5 young (5120K), 4 survivors (4096K)
 Metaspace       used 26993K, committed 27456K, reserved 1114112K
  class space    used 3367K, committed 3584K, reserved 1048576K
}
Event: 7.863 GC heap after
{Heap after GC invocations=8 (full 0):
 garbage-first heap   total 48128K, used 16578K [0x00000000c1400000, 0x0000000100000000)
  region size 1024K, 1 young (1024K), 1 survivors (1024K)
 Metaspace       used 26993K, committed 27456K, reserved 1114112K
  class space    used 3367K, committed 3584K, reserved 1048576K
}
Event: 10.120 GC heap before
{Heap before GC invocations=8 (full 0):
 garbage-first heap   total 48128K, used 32962K [0x00000000c1400000, 0x0000000100000000)
  region size 1024K, 18 young (18432K), 1 survivors (1024K)
 Metaspace       used 31780K, committed 32256K, reserved 1114112K
  class space    used 4005K, committed 4224K, reserved 1048576K
}
Event: 10.125 GC heap after
{Heap after GC invocations=9 (full 0):
 garbage-first heap   total 77824K, used 17224K [0x00000000c1400000, 0x0000000100000000)
  region size 1024K, 2 young (2048K), 2 survivors (2048K)
 Metaspace       used 31780K, committed 32256K, reserved 1114112K
  class space    used 4005K, committed 4224K, reserved 1048576K
}
Event: 11.177 GC heap before
{Heap before GC invocations=9 (full 0):
 garbage-first heap   total 77824K, used 28488K [0x00000000c1400000, 0x0000000100000000)
  region size 1024K, 14 young (14336K), 2 survivors (2048K)
 Metaspace       used 35633K, committed 36096K, reserved 1114112K
  class space    used 4496K, committed 4736K, reserved 1048576K
}
Event: 11.189 GC heap after
{Heap after GC invocations=10 (full 0):
 garbage-first heap   total 77824K, used 17775K [0x00000000c1400000, 0x0000000100000000)
  region size 1024K, 3 young (3072K), 3 survivors (3072K)
 Metaspace       used 35633K, committed 36096K, reserved 1114112K
  class space    used 4496K, committed 4736K, reserved 1048576K
}
Event: 13.576 GC heap before
{Heap before GC invocations=11 (full 0):
 garbage-first heap   total 71680K, used 55663K [0x00000000c1400000, 0x0000000100000000)
  region size 1024K, 41 young (41984K), 3 survivors (3072K)
 Metaspace       used 46849K, committed 47360K, reserved 1114112K
  class space    used 5984K, committed 6208K, reserved 1048576K
}
Event: 13.583 GC heap after
{Heap after GC invocations=12 (full 0):
 garbage-first heap   total 71680K, used 20426K [0x00000000c1400000, 0x0000000100000000)
  region size 1024K, 5 young (5120K), 5 survivors (5120K)
 Metaspace       used 46849K, committed 47360K, reserved 1114112K
  class space    used 5984K, committed 6208K, reserved 1048576K
}
Event: 15.165 GC heap before
{Heap before GC invocations=12 (full 0):
 garbage-first heap   total 71680K, used 53194K [0x00000000c1400000, 0x0000000100000000)
  region size 1024K, 37 young (37888K), 5 survivors (5120K)
 Metaspace       used 54784K, committed 55296K, reserved 1114112K
  class space    used 7142K, committed 7360K, reserved 1048576K
}
Event: 15.176 GC heap after
{Heap after GC invocations=13 (full 0):
 garbage-first heap   total 71680K, used 22635K [0x00000000c1400000, 0x0000000100000000)
  region size 1024K, 3 young (3072K), 3 survivors (3072K)
 Metaspace       used 54784K, committed 55296K, reserved 1114112K
  class space    used 7142K, committed 7360K, reserved 1048576K
}
Event: 16.094 GC heap before
{Heap before GC invocations=13 (full 0):
 garbage-first heap   total 71680K, used 53355K [0x00000000c1400000, 0x0000000100000000)
  region size 1024K, 33 young (33792K), 3 survivors (3072K)
 Metaspace       used 58937K, committed 59520K, reserved 1114112K
  class space    used 7777K, committed 8064K, reserved 1048576K
}
Event: 16.102 GC heap after
{Heap after GC invocations=14 (full 0):
 garbage-first heap   total 71680K, used 24300K [0x00000000c1400000, 0x0000000100000000)
  region size 1024K, 4 young (4096K), 4 survivors (4096K)
 Metaspace       used 58937K, committed 59520K, reserved 1114112K
  class space    used 7777K, committed 8064K, reserved 1048576K
}
Event: 16.555 GC heap before
{Heap before GC invocations=14 (full 0):
 garbage-first heap   total 71680K, used 42732K [0x00000000c1400000, 0x0000000100000000)
  region size 1024K, 23 young (23552K), 4 survivors (4096K)
 Metaspace       used 60162K, committed 60736K, reserved 1114112K
  class space    used 7945K, committed 8256K, reserved 1048576K
}
Event: 16.567 GC heap after
{Heap after GC invocations=15 (full 0):
 garbage-first heap   total 71680K, used 25850K [0x00000000c1400000, 0x0000000100000000)
  region size 1024K, 4 young (4096K), 4 survivors (4096K)
 Metaspace       used 60162K, committed 60736K, reserved 1114112K
  class space    used 7945K, committed 8256K, reserved 1048576K
}

Deoptimization events (20 events):
Event: 16.846 Thread 0x0000025c17814c50 Uncommon trap: trap_request=0xffffff45 fr.pc=0x0000025c27008ba8 relative=0x0000000000000508
Event: 16.846 Thread 0x0000025c17814c50 Uncommon trap: reason=unstable_if action=reinterpret pc=0x0000025c27008ba8 method=org.springframework.beans.factory.support.DefaultSingletonBeanRegistry.getSingleton(Ljava/lang/String;Z)Ljava/lang/Object; @ 39 c2
Event: 16.846 Thread 0x0000025c17814c50 DEOPT PACKING pc=0x0000025c27008ba8 sp=0x000000d00cbfe0e0
Event: 16.846 Thread 0x0000025c17814c50 DEOPT UNPACKING pc=0x0000025c1f4323a3 sp=0x000000d00cbfe078 mode 2
Event: 16.846 Thread 0x0000025c17814c50 Uncommon trap: trap_request=0xffffff45 fr.pc=0x0000025c270b63ec relative=0x000000000000090c
Event: 16.846 Thread 0x0000025c17814c50 Uncommon trap: reason=unstable_if action=reinterpret pc=0x0000025c270b63ec method=java.util.Collections$SetFromMap.add(Ljava/lang/Object;)Z @ 13 c2
Event: 16.846 Thread 0x0000025c17814c50 DEOPT PACKING pc=0x0000025c270b63ec sp=0x000000d00cbfdf60
Event: 16.846 Thread 0x0000025c17814c50 DEOPT UNPACKING pc=0x0000025c1f4323a3 sp=0x000000d00cbfdf60 mode 2
Event: 16.897 Thread 0x0000025c17814c50 Uncommon trap: trap_request=0xfffffff4 fr.pc=0x0000025c26fd6f48 relative=0x0000000000000288
Event: 16.897 Thread 0x0000025c17814c50 Uncommon trap: reason=null_check action=make_not_entrant pc=0x0000025c26fd6f48 method=org.springframework.util.ClassUtils.isAssignable(Ljava/lang/Class;Ljava/lang/Class;)Z @ 14 c2
Event: 16.897 Thread 0x0000025c17814c50 DEOPT PACKING pc=0x0000025c26fd6f48 sp=0x000000d00cbfe520
Event: 16.897 Thread 0x0000025c17814c50 DEOPT UNPACKING pc=0x0000025c1f4323a3 sp=0x000000d00cbfe4b0 mode 2
Event: 17.067 Thread 0x0000025c17814c50 Uncommon trap: trap_request=0xffffff45 fr.pc=0x0000025c26f288e0 relative=0x0000000000000060
Event: 17.067 Thread 0x0000025c17814c50 Uncommon trap: reason=unstable_if action=reinterpret pc=0x0000025c26f288e0 method=org.springframework.util.ConcurrentReferenceHashMap$Segment.clear()V @ 7 c2
Event: 17.067 Thread 0x0000025c17814c50 DEOPT PACKING pc=0x0000025c26f288e0 sp=0x000000d00cbfeb50
Event: 17.067 Thread 0x0000025c17814c50 DEOPT UNPACKING pc=0x0000025c1f4323a3 sp=0x000000d00cbfeae0 mode 2
Event: 25.448 Thread 0x0000025c38c943a0 Uncommon trap: trap_request=0xffffff45 fr.pc=0x0000025c26eb8e3c relative=0x000000000000009c
Event: 25.448 Thread 0x0000025c38c943a0 Uncommon trap: reason=unstable_if action=reinterpret pc=0x0000025c26eb8e3c method=java.lang.String.isLatin1()Z @ 10 c2
Event: 25.448 Thread 0x0000025c38c943a0 DEOPT PACKING pc=0x0000025c26eb8e3c sp=0x000000d00eafc710
Event: 25.448 Thread 0x0000025c38c943a0 DEOPT UNPACKING pc=0x0000025c1f4323a3 sp=0x000000d00eafc648 mode 2

Classes loaded (20 events):
Event: 25.068 Loading class sun/nio/cs/ThreadLocalCoders$1
Event: 25.068 Loading class sun/nio/cs/ThreadLocalCoders$Cache
Event: 25.068 Loading class sun/nio/cs/ThreadLocalCoders$Cache done
Event: 25.068 Loading class sun/nio/cs/ThreadLocalCoders$1 done
Event: 25.068 Loading class sun/nio/cs/ThreadLocalCoders$2
Event: 25.068 Loading class sun/nio/cs/ThreadLocalCoders$2 done
Event: 25.257 Loading class java/time/format/DateTimeFormatterBuilder$ZoneTextPrinterParser
Event: 25.258 Loading class java/time/format/DateTimeFormatterBuilder$ZoneTextPrinterParser done
Event: 25.258 Loading class java/time/format/DateTimeFormatterBuilder$ReducedPrinterParser
Event: 25.258 Loading class java/time/format/DateTimeFormatterBuilder$ReducedPrinterParser done
Event: 25.263 Loading class java/io/PushbackInputStream
Event: 25.263 Loading class java/io/PushbackInputStream done
Event: 25.265 Loading class java/util/OptionalLong
Event: 25.265 Loading class java/util/OptionalLong done
Event: 25.265 Loading class java/util/OptionalDouble
Event: 25.265 Loading class java/util/OptionalDouble done
Event: 25.277 Loading class org/w3c/dom/Node
Event: 25.278 Loading class org/w3c/dom/Node done
Event: 25.278 Loading class org/w3c/dom/Document
Event: 25.278 Loading class org/w3c/dom/Document done

Classes unloaded (0 events):
No events

Classes redefined (0 events):
No events

Internal exceptions (20 events):
Event: 14.815 Thread 0x0000025c17814c50 Exception <a 'java/lang/IncompatibleClassChangeError'{0x00000000c41beba8}: Found class java.lang.Object, but interface was expected> (0x00000000c41beba8) 
thrown [s\src\hotspot\share\interpreter\linkResolver.cpp, line 826]
Event: 15.145 Thread 0x0000025c17814c50 Exception <a 'java/lang/IncompatibleClassChangeError'{0x00000000c3a64d98}: Found class java.lang.Object, but interface was expected> (0x00000000c3a64d98) 
thrown [s\src\hotspot\share\interpreter\linkResolver.cpp, line 826]
Event: 15.958 Thread 0x0000025c17814c50 Exception <a 'java/lang/NoSuchMethodError'{0x00000000c3e73fe8}: 'int java.lang.invoke.DirectMethodHandle$Holder.invokeStatic(java.lang.Object)'> (0x00000000c3e73fe8) 
thrown [s\src\hotspot\share\interpreter\linkResolver.cpp, line 759]
Event: 16.068 Thread 0x0000025c17814c50 Exception <a 'java/lang/IncompatibleClassChangeError'{0x00000000c3c83a30}: Found class java.lang.Object, but interface was expected> (0x00000000c3c83a30) 
thrown [s\src\hotspot\share\interpreter\linkResolver.cpp, line 826]
Event: 16.069 Thread 0x0000025c17814c50 Exception <a 'java/lang/IncompatibleClassChangeError'{0x00000000c3c8a408}: Found class java.lang.Object, but interface was expected> (0x00000000c3c8a408) 
thrown [s\src\hotspot\share\interpreter\linkResolver.cpp, line 826]
Event: 16.256 Thread 0x0000025c17814c50 Exception <a 'java/lang/NoSuchMethodError'{0x00000000c50e9250}: 'java.lang.Object java.lang.invoke.DirectMethodHandle$Holder.newInvokeSpecial(java.lang.Object, java.lang.Object, java.lang.Object, java.lang.Object, java.lang.Object, java.lang.Object, java.lang.Object, java.lang.Object)'> (0x00000000c50e9250) 
thrown [s\src\hotspot\share\interpreter\linkResolver.cpp, line 759]
Event: 16.504 Thread 0x0000025c17814c50 Exception <a 'java/lang/NoSuchMethodError'{0x00000000c49a5ac0}: 'void java.lang.invoke.DirectMethodHandle$Holder.invokeVirtual(java.lang.Object, java.lang.Object, long)'> (0x00000000c49a5ac0) 
thrown [s\src\hotspot\share\interpreter\linkResolver.cpp, line 759]
Event: 16.769 Thread 0x0000025c17814c50 Exception <a 'java/lang/IncompatibleClassChangeError'{0x00000000c56e92a0}: Found class java.lang.Object, but interface was expected> (0x00000000c56e92a0) 
thrown [s\src\hotspot\share\interpreter\linkResolver.cpp, line 826]
Event: 16.837 Thread 0x0000025c17814c50 Exception <a 'java/lang/NoSuchMethodError'{0x00000000c54f85e8}: 'int java.lang.invoke.DirectMethodHandle$Holder.invokeStaticInit(java.lang.Object, java.lang.Object, java.lang.Object, java.lang.Object)'> (0x00000000c54f85e8) 
thrown [s\src\hotspot\share\interpreter\linkResolver.cpp, line 759]
Event: 16.897 Thread 0x0000025c17814c50 Implicit null exception at 0x0000025c26fd6ce0 to 0x0000025c26fd6f34
Event: 16.993 Thread 0x0000025c17814c50 Exception <a 'java/lang/NoSuchMethodError'{0x00000000c4f52be8}: 'java.lang.Object java.lang.invoke.DirectMethodHandle$Holder.newInvokeSpecial(java.lang.Object, java.lang.Object, int, java.lang.Object, java.lang.Object)'> (0x00000000c4f52be8) 
thrown [s\src\hotspot\share\interpreter\linkResolver.cpp, line 759]
Event: 16.995 Thread 0x0000025c17814c50 Exception <a 'java/lang/NoSuchMethodError'{0x00000000c4f5e268}: 'java.lang.Object java.lang.invoke.DirectMethodHandle$Holder.invokeSpecial(java.lang.Object, java.lang.Object, int, java.lang.Object, int, java.lang.Object)'> (0x00000000c4f5e268) 
thrown [s\src\hotspot\share\interpreter\linkResolver.cpp, line 759]
Event: 16.996 Thread 0x0000025c17814c50 Exception <a 'java/lang/NoSuchMethodError'{0x00000000c4f66070}: 'java.lang.Object java.lang.invoke.DirectMethodHandle$Holder.newInvokeSpecial(java.lang.Object, java.lang.Object, int, java.lang.Object, int)'> (0x00000000c4f66070) 
thrown [s\src\hotspot\share\interpreter\linkResolver.cpp, line 759]
Event: 16.997 Thread 0x0000025c17814c50 Exception <a 'java/lang/NoSuchMethodError'{0x00000000c4f6a178}: 'java.lang.Object java.lang.invoke.DirectMethodHandle$Holder.invokeSpecial(java.lang.Object, java.lang.Object, java.lang.Object, int, java.lang.Object, int)'> (0x00000000c4f6a178) 
thrown [s\src\hotspot\share\interpreter\linkResolver.cpp, line 759]
Event: 25.062 Thread 0x0000025c38c96a20 Exception <a 'java/lang/NoSuchMethodError'{0x00000000c4a305c0}: 'java.lang.Object java.lang.invoke.DirectMethodHandle$Holder.invokeSpecial(java.lang.Object, java.lang.Object, java.lang.Object, java.lang.Object, java.lang.Object, long)'> (0x00000000c4a305c0) 
thrown [s\src\hotspot\share\interpreter\linkResolver.cpp, line 759]
Event: 25.062 Thread 0x0000025c38c96a20 Exception <a 'java/lang/NoSuchMethodError'{0x00000000c4a34270}: 'java.lang.Object java.lang.invoke.Invokers$Holder.linkToTargetMethod(java.lang.Object, java.lang.Object, java.lang.Object, long, java.lang.Object)'> (0x00000000c4a34270) 
thrown [s\src\hotspot\share\interpreter\linkResolver.cpp, line 759]
Event: 25.532 Thread 0x0000025c38c943a0 Exception <a 'java/lang/NoSuchMethodError'{0x00000000c4093bb0}: 'java.lang.Object java.lang.invoke.DirectMethodHandle$Holder.invokeInterface(java.lang.Object, java.lang.Object, java.lang.Object, java.lang.Object)'> (0x00000000c4093bb0) 
thrown [s\src\hotspot\share\interpreter\linkResolver.cpp, line 759]
Event: 25.535 Thread 0x0000025c38c943a0 Exception <a 'java/lang/NoSuchMethodError'{0x00000000c40a8fb0}: 'java.lang.Object java.lang.invoke.DirectMethodHandle$Holder.invokeInterface(java.lang.Object, java.lang.Object, java.lang.Object, java.lang.Object, java.lang.Object)'> (0x00000000c40a8fb0) 
thrown [s\src\hotspot\share\interpreter\linkResolver.cpp, line 759]
Event: 25.579 Thread 0x0000025c38c943a0 Exception <a 'java/lang/NoSuchMethodError'{0x00000000c3f49fb0}: 'void java.lang.invoke.DirectMethodHandle$Holder.invokeStaticInit(java.lang.Object, java.lang.Object, java.lang.Object, java.lang.Object, java.lang.Object)'> (0x00000000c3f49fb0) 
thrown [s\src\hotspot\share\interpreter\linkResolver.cpp, line 759]
Event: 25.609 Thread 0x0000025c38c943a0 Exception <a 'java/lang/IncompatibleClassChangeError'{0x00000000c3fa8ac0}: Found class java.lang.Object, but interface was expected> (0x00000000c3fa8ac0) 
thrown [s\src\hotspot\share\interpreter\linkResolver.cpp, line 826]

VM Operations (20 events):
Event: 16.555 Executing VM operation: CollectForMetadataAllocation
Event: 16.567 Executing VM operation: CollectForMetadataAllocation done
Event: 16.657 Executing VM operation: G1Concurrent
Event: 16.664 Executing VM operation: G1Concurrent done
Event: 16.707 Executing VM operation: G1Concurrent
Event: 16.707 Executing VM operation: G1Concurrent done
Event: 16.730 Executing VM operation: HandshakeAllThreads
Event: 16.730 Executing VM operation: HandshakeAllThreads done
Event: 17.733 Executing VM operation: Cleanup
Event: 17.733 Executing VM operation: Cleanup done
Event: 25.101 Executing VM operation: HandshakeAllThreads
Event: 25.101 Executing VM operation: HandshakeAllThreads done
Event: 25.101 Executing VM operation: Cleanup
Event: 25.102 Executing VM operation: Cleanup done
Event: 25.308 Executing VM operation: HandshakeAllThreads
Event: 25.308 Executing VM operation: HandshakeAllThreads done
Event: 25.576 Executing VM operation: HandshakeAllThreads
Event: 25.576 Executing VM operation: HandshakeAllThreads done
Event: 25.597 Executing VM operation: HandshakeAllThreads
Event: 25.597 Executing VM operation: HandshakeAllThreads done

Events (20 events):
Event: 25.608 Thread 0x0000025c32defac0 flushing nmethod 0x0000025c1ff60610
Event: 25.608 Thread 0x0000025c32defac0 flushing nmethod 0x0000025c1ff69890
Event: 25.608 Thread 0x0000025c32defac0 flushing nmethod 0x0000025c1ff80790
Event: 25.608 Thread 0x0000025c32defac0 flushing nmethod 0x0000025c1ff83d90
Event: 25.608 Thread 0x0000025c32defac0 flushing nmethod 0x0000025c1ff86290
Event: 25.608 Thread 0x0000025c32defac0 flushing nmethod 0x0000025c1ff86e90
Event: 25.608 Thread 0x0000025c32defac0 flushing nmethod 0x0000025c1ffb8990
Event: 25.608 Thread 0x0000025c32defac0 flushing nmethod 0x0000025c1ffc7190
Event: 25.608 Thread 0x0000025c32defac0 flushing nmethod 0x0000025c1ffc7590
Event: 25.608 Thread 0x0000025c32defac0 flushing nmethod 0x0000025c1ffd2710
Event: 25.608 Thread 0x0000025c32defac0 flushing nmethod 0x0000025c1ffd2c90
Event: 25.608 Thread 0x0000025c32defac0 flushing nmethod 0x0000025c1ffd3410
Event: 25.608 Thread 0x0000025c32defac0 flushing nmethod 0x0000025c1ffe6510
Event: 25.608 Thread 0x0000025c32defac0 flushing nmethod 0x0000025c1fff9010
Event: 25.609 Thread 0x0000025c32defac0 flushing nmethod 0x0000025c2002fe10
Event: 25.609 Thread 0x0000025c32defac0 flushing nmethod 0x0000025c20059210
Event: 25.609 Thread 0x0000025c32defac0 flushing nmethod 0x0000025c2005ca10
Event: 25.609 Thread 0x0000025c32defac0 flushing nmethod 0x0000025c2006db10
Event: 25.609 Thread 0x0000025c32defac0 flushing nmethod 0x0000025c2007d610
Event: 25.610 Thread 0x0000025c32defac0 flushing nmethod 0x0000025c200c0310


Dynamic libraries:
0x00007ff705e00000 - 0x00007ff705e0d000 	C:\Users\ERIN_JAVALead\.jdks\corretto-18.0.2\bin\java.exe
0x00007ffe83750000 - 0x00007ffe83947000 	C:\WINDOWS\SYSTEM32\ntdll.dll
0x00007ffe82740000 - 0x00007ffe827fd000 	C:\WINDOWS\System32\KERNEL32.DLL
0x00007ffe81200000 - 0x00007ffe814f6000 	C:\WINDOWS\System32\KERNELBASE.dll
0x00007ffe80ff0000 - 0x00007ffe810f0000 	C:\WINDOWS\System32\ucrtbase.dll
0x00007ffe62910000 - 0x00007ffe62927000 	C:\Users\ERIN_JAVALead\.jdks\corretto-18.0.2\bin\jli.dll
0x00007ffe81cf0000 - 0x00007ffe81e8e000 	C:\WINDOWS\System32\USER32.dll
0x00007ffe811a0000 - 0x00007ffe811c2000 	C:\WINDOWS\System32\win32u.dll
0x00007ffe82a60000 - 0x00007ffe82a8c000 	C:\WINDOWS\System32\GDI32.dll
0x00007ffe815f0000 - 0x00007ffe8170a000 	C:\WINDOWS\System32\gdi32full.dll
0x00007ffe81500000 - 0x00007ffe8159d000 	C:\WINDOWS\System32\msvcp_win.dll
0x00007ffe628f0000 - 0x00007ffe62905000 	C:\Users\ERIN_JAVALead\.jdks\corretto-18.0.2\bin\VCRUNTIME140.dll
0x00007ffe6bfb0000 - 0x00007ffe6c24a000 	C:\WINDOWS\WinSxS\amd64_microsoft.windows.common-controls_6595b64144ccf1df_6.0.19041.3570_none_60bb2a3971f3e41a\COMCTL32.dll
0x00007ffe81780000 - 0x00007ffe8181e000 	C:\WINDOWS\System32\msvcrt.dll
0x00007ffe818e0000 - 0x00007ffe81910000 	C:\WINDOWS\System32\IMM32.DLL
0x00007ffe518f0000 - 0x00007ffe5198b000 	C:\Users\ERIN_JAVALead\.jdks\corretto-18.0.2\bin\msvcp140.dll
0x00007ffe3e1d0000 - 0x00007ffe3ee41000 	C:\Users\ERIN_JAVALead\.jdks\corretto-18.0.2\bin\server\jvm.dll
0x00007ffe833c0000 - 0x00007ffe8346e000 	C:\WINDOWS\System32\ADVAPI32.dll
0x00007ffe82a90000 - 0x00007ffe82b2c000 	C:\WINDOWS\System32\sechost.dll
0x00007ffe834d0000 - 0x00007ffe835f6000 	C:\WINDOWS\System32\RPCRT4.dll
0x00007ffe822c0000 - 0x00007ffe822c8000 	C:\WINDOWS\System32\PSAPI.DLL
0x00007ffe7c940000 - 0x00007ffe7c949000 	C:\WINDOWS\SYSTEM32\WSOCK32.dll
0x00007ffe81910000 - 0x00007ffe8197b000 	C:\WINDOWS\System32\WS2_32.dll
0x00007ffe7ba10000 - 0x00007ffe7ba1a000 	C:\WINDOWS\SYSTEM32\VERSION.dll
0x00007ffe60c10000 - 0x00007ffe60c37000 	C:\WINDOWS\SYSTEM32\WINMM.dll
0x00007ffe7eca0000 - 0x00007ffe7ecb2000 	C:\WINDOWS\SYSTEM32\kernel.appcore.dll
0x00007ffe6e480000 - 0x00007ffe6e48a000 	C:\Users\ERIN_JAVALead\.jdks\corretto-18.0.2\bin\jimage.dll
0x00007ffe6df40000 - 0x00007ffe6e124000 	C:\WINDOWS\SYSTEM32\DBGHELP.DLL
0x00007ffe6de40000 - 0x00007ffe6de74000 	C:\WINDOWS\SYSTEM32\dbgcore.DLL
0x00007ffe80f60000 - 0x00007ffe80fe2000 	C:\WINDOWS\System32\bcryptPrimitives.dll
0x00007ffe65e30000 - 0x00007ffe65e3e000 	C:\Users\ERIN_JAVALead\.jdks\corretto-18.0.2\bin\instrument.dll
0x00007ffe5f180000 - 0x00007ffe5f1a5000 	C:\Users\ERIN_JAVALead\.jdks\corretto-18.0.2\bin\java.dll
0x00007ffe4cde0000 - 0x00007ffe4ceb6000 	C:\Users\ERIN_JAVALead\.jdks\corretto-18.0.2\bin\jsvml.dll
0x00007ffe82be0000 - 0x00007ffe83324000 	C:\WINDOWS\System32\SHELL32.dll
0x00007ffe7eea0000 - 0x00007ffe7f63b000 	C:\WINDOWS\SYSTEM32\windows.storage.dll
0x00007ffe81f60000 - 0x00007ffe822b4000 	C:\WINDOWS\System32\combase.dll
0x00007ffe80770000 - 0x00007ffe8079d000 	C:\WINDOWS\SYSTEM32\Wldp.dll
0x00007ffe82b30000 - 0x00007ffe82bdd000 	C:\WINDOWS\System32\SHCORE.dll
0x00007ffe81c90000 - 0x00007ffe81ce5000 	C:\WINDOWS\System32\shlwapi.dll
0x00007ffe80d30000 - 0x00007ffe80d55000 	C:\WINDOWS\SYSTEM32\profapi.dll
0x00007ffe5f160000 - 0x00007ffe5f178000 	C:\Users\ERIN_JAVALead\.jdks\corretto-18.0.2\bin\zip.dll
0x00007ffe628d0000 - 0x00007ffe628e3000 	C:\Users\ERIN_JAVALead\.jdks\corretto-18.0.2\bin\net.dll
0x00007ffe7a590000 - 0x00007ffe7a69a000 	C:\WINDOWS\SYSTEM32\WINHTTP.dll
0x00007ffe804d0000 - 0x00007ffe8053a000 	C:\WINDOWS\system32\mswsock.dll
0x00007ffe60bf0000 - 0x00007ffe60c05000 	C:\Users\ERIN_JAVALead\.jdks\corretto-18.0.2\bin\nio.dll
0x00007ffe5f140000 - 0x00007ffe5f15a000 	C:\Program Files\JetBrains\IntelliJ IDEA Community Edition 2021.3.3\bin\breakgen64.dll
0x00007ffe65f50000 - 0x00007ffe65f60000 	C:\Users\ERIN_JAVALead\.jdks\corretto-18.0.2\bin\verify.dll
0x00007ffe806d0000 - 0x00007ffe806e8000 	C:\WINDOWS\SYSTEM32\CRYPTSP.dll
0x00007ffe7fde0000 - 0x00007ffe7fe14000 	C:\WINDOWS\system32\rsaenh.dll
0x00007ffe811d0000 - 0x00007ffe811f7000 	C:\WINDOWS\System32\bcrypt.dll
0x00007ffe80cf0000 - 0x00007ffe80d1e000 	C:\WINDOWS\SYSTEM32\USERENV.dll
0x00007ffe806c0000 - 0x00007ffe806cc000 	C:\WINDOWS\SYSTEM32\CRYPTBASE.dll
0x00007ffe801c0000 - 0x00007ffe801fb000 	C:\WINDOWS\SYSTEM32\IPHLPAPI.DLL
0x00007ffe82920000 - 0x00007ffe82928000 	C:\WINDOWS\System32\NSI.dll
0x00007ffe7ac40000 - 0x00007ffe7ac57000 	C:\WINDOWS\SYSTEM32\dhcpcsvc6.DLL
0x00007ffe7aca0000 - 0x00007ffe7acbd000 	C:\WINDOWS\SYSTEM32\dhcpcsvc.DLL
0x00007ffe80200000 - 0x00007ffe802ca000 	C:\WINDOWS\SYSTEM32\DNSAPI.dll
0x00007ffe643c0000 - 0x00007ffe643ce000 	C:\Users\ERIN_JAVALead\.jdks\corretto-18.0.2\bin\sunmscapi.dll
0x00007ffe80e00000 - 0x00007ffe80f5d000 	C:\WINDOWS\System32\CRYPT32.dll
0x00007ffe807e0000 - 0x00007ffe80807000 	C:\WINDOWS\SYSTEM32\ncrypt.dll
0x00007ffe807a0000 - 0x00007ffe807db000 	C:\WINDOWS\SYSTEM32\NTASN1.dll
0x00007ffe65dd0000 - 0x00007ffe65dd9000 	C:\Users\ERIN_JAVALead\.jdks\corretto-18.0.2\bin\management.dll
0x00007ffe64540000 - 0x00007ffe6454b000 	C:\Users\ERIN_JAVALead\.jdks\corretto-18.0.2\bin\management_ext.dll
0x00007ffe5cca0000 - 0x00007ffe5ccb7000 	C:\WINDOWS\system32\napinsp.dll
0x00007ffe541f0000 - 0x00007ffe5420b000 	C:\WINDOWS\system32\pnrpnsp.dll
0x00007ffe541d0000 - 0x00007ffe541e2000 	C:\WINDOWS\System32\winrnr.dll
0x00007ffe7c7e0000 - 0x00007ffe7c7fd000 	C:\WINDOWS\system32\NLAapi.dll
0x00007ffe7bc80000 - 0x00007ffe7bc95000 	C:\WINDOWS\system32\wshbth.dll
0x00007ffe78ce0000 - 0x00007ffe78cea000 	C:\Windows\System32\rasadhlp.dll
0x00007ffe78d20000 - 0x00007ffe78da2000 	C:\WINDOWS\System32\fwpuclnt.dll

dbghelp: loaded successfully - version: 4.0.5 - missing functions: none
symbol engine: initialized successfully - sym options: 0x614 - pdb path: .;C:\Users\ERIN_JAVALead\.jdks\corretto-18.0.2\bin;C:\WINDOWS\SYSTEM32;C:\WINDOWS\WinSxS\amd64_microsoft.windows.common-controls_6595b64144ccf1df_6.0.19041.3570_none_60bb2a3971f3e41a;C:\Users\ERIN_JAVALead\.jdks\corretto-18.0.2\bin\server;C:\Program Files\JetBrains\IntelliJ IDEA Community Edition 2021.3.3\bin

VM Arguments:
jvm_args: -javaagent:C:\Program Files\JetBrains\IntelliJ IDEA Community Edition 2021.3.3\lib\idea_rt.jar=52935:C:\Program Files\JetBrains\IntelliJ IDEA Community Edition 2021.3.3\bin -Dfile.encoding=UTF-8 
java_command: com.devskiller.tasks.blog.BlogApplication
java_class_path (initial): C:\Users\ERIN_JAVALead\Downloads\devskiller-code-U32X-W3E7-T2E6-S3F\target\classes;C:\Users\ERIN_JAVALead\.m2\repository\org\springframework\boot\spring-boot-starter-data-jpa\3.0.0\spring-boot-starter-data-jpa-3.0.0.jar;C:\Users\ERIN_JAVALead\.m2\repository\org\springframework\boot\spring-boot-starter-aop\3.0.0\spring-boot-starter-aop-3.0.0.jar;C:\Users\ERIN_JAVALead\.m2\repository\org\springframework\spring-aop\6.0.2\spring-aop-6.0.2.jar;C:\Users\ERIN_JAVALead\.m2\repository\org\aspectj\aspectjweaver\1.9.9.1\aspectjweaver-1.9.9.1.jar;C:\Users\ERIN_JAVALead\.m2\repository\org\springframework\boot\spring-boot-starter-jdbc\3.0.0\spring-boot-starter-jdbc-3.0.0.jar;C:\Users\ERIN_JAVALead\.m2\repository\com\zaxxer\HikariCP\5.0.1\HikariCP-5.0.1.jar;C:\Users\ERIN_JAVALead\.m2\repository\org\springframework\spring-jdbc\6.0.2\spring-jdbc-6.0.2.jar;C:\Users\ERIN_JAVALead\.m2\repository\org\hibernate\orm\hibernate-core\6.1.5.Final\hibernate-core-6.1.5.Final.jar;C:\Users\ERIN_JAVALead\.m2\repository\jakarta\persistence\jakarta.persistence-api\3.1.0\jakarta.persistence-api-3.1.0.jar;C:\Users\ERIN_JAVALead\.m2\repository\jakarta\transaction\jakarta.transaction-api\2.0.1\jakarta.transaction-api-2.0.1.jar;C:\Users\ERIN_JAVALead\.m2\repository\org\jboss\logging\jboss-logging\3.5.0.Final\jboss-logging-3.5.0.Final.jar;C:\Users\ERIN_JAVALead\.m2\repository\org\hibernate\common\hibernate-commons-annotations\6.0.2.Final\hibernate-commons-annotations-6.0.2.Final.jar;C:\Users\ERIN_JAVALead\.m2\repository\org\jboss\jandex\2.4.2.Final\jandex-2.4.2.Final.jar;C:\Users\ERIN_JAVALead\.m2\repository\com\fasterxml\classmate\1.5.1\classmate-1.5.1.jar;C:\Users\ERIN_JAVALead\.m2\repository\net\bytebuddy\byte-buddy\1.12.19\byte-buddy-1.12.19.jar;C:\Users\ERIN_JAVALead\.m2\repository\org\glassfish\jaxb\jaxb-runtime\4.0.1\jaxb-runtime-4.0.1.jar;C:\Users\ERIN_JAVALead\.m2\repository\org\glassfish\jaxb\jaxb-core\4.0.1\jaxb-core-4.0.1.jar;C:\Users\ERIN_JAVALead\.m2\repository\org\eclipse\angus\angus-activation\1.0.0\angus-activation-1.0.0.jar;C:\Users\ERIN_JAVALead\.m2\repository\org\glassfish\jaxb\txw2\4.0.1\txw2-4.0.1.jar;C:\Users\ERIN_JAVALead\.m2\repository\com\sun\istack\istack-commons-runtime\4.1.1\istack-commons-runtime-4.1.1.jar;C:\Users\ERIN_JAVALead\.m2\repository\jakarta\inject\jakarta.inject-api\2.0.0\jakarta.inject-api-2.0.0.jar;C:\Users\ERIN_JAVALead\.m2\repository\org\antlr\antlr4-runtime\4.10.1\antlr4-runtime-4.10.1.jar;C:\Users\ERIN_JAVALead\.m2\repository\org\springframework\data\spring-data-jpa\3.0.0\spring-data-jpa-3.0.0.jar;C:\Users\ERIN_JAVALead\.m2\repository\org\springframework\data\spring-data-commons\3.0.0\spring-data-commons-3.0.0.jar;C:\Users\ERIN_JAVALead\.m2\repository\org\springframework\spring-orm\6.0.2\spring-orm-6.0.2.jar;C:\Users\ERIN_JAVALead\.m2\repository\org\springframework\spring-context\6.0.2\spring-context-6.0.2.jar;C:\Users\ERIN_JAVALead\.m2\repository\org\springframework\spring-tx\6.0.2\spring-tx-6.0.2.jar;C:\Users\ERIN_JAVALead\.m2\repository\org\springframework\spring-beans\6.0.2\spring-beans-6.0.2.jar;C:\Users\ERIN_JAVALead\.m2\repository\jakarta\annotation\jakarta.annotation-api\2.1.1\jakarta.annotation-api-2.1.1.jar;C:\Users\ERIN_JAVALead\.m2\repository\org\slf4j\slf4j-api\2.0.4\slf4j-api-2.0.4.jar;C:\Users\ERIN_JAVALead\.m2\repository\org\springframework\spring-aspects\6.0.2\spring-aspects-6.0.2.jar;C:\Users\ERIN_JAVALead\.m2\repository\org\springframework\boot\spring-boot-starter-web\2.4.2\spring-boot-starter-web-2.4.2.jar;C:\Users\ERIN_JAVALead\.m2\repository\org\springframework\boot\spring-boot-starter\3.0.0\spring-boot-starter-3.0.0.jar;C:\Users\ERIN_JAVALead\.m2\repository\org\springframework\boot\spring-boot\3.0.0\spring-boot-3.0.0.jar;C:\Users\ERIN_JAVALead\.m2\repository\org\springframework\boot\spring-boot-autoconfigure\3.0.0\spring-boot-autoconfigure-3.0.0.jar;C:\Users\ERIN_JAVALead\.m2\repository\org\springframework\boot\spring-boot-starter-logging\3.0.0\spring-boot-starter-logging-3.0.0.jar;C:\Users\ERIN_JAVALead\.m2\repository\ch\qos\logback\logback-classic\1.4.5\logback-classic-1.4.5.jar;C:\Users\ERIN_JAVALead\.m2\repository\ch\qos\logback\logback-core\1.4.5\logback-core-1.4.5.jar;C:\Users\ERIN_JAVALead\.m2\repository\org\apache\logging\log4j\log4j-to-slf4j\2.19.0\log4j-to-slf4j-2.19.0.jar;C:\Users\ERIN_JAVALead\.m2\repository\org\slf4j\jul-to-slf4j\2.0.4\jul-to-slf4j-2.0.4.jar;C:\Users\ERIN_JAVALead\.m2\repository\org\yaml\snakeyaml\1.33\snakeyaml-1.33.jar;C:\Users\ERIN_JAVALead\.m2\repository\org\springframework\boot\spring-boot-starter-json\3.0.0\spring-boot-starter-json-3.0.0.jar;C:\Users\ERIN_JAVALead\.m2\repository\com\fasterxml\jackson\core\jackson-databind\2.14.1\jackson-databind-2.14.1.jar;C:\Users\ERIN_JAVALead\.m2\repository\com\fasterxml\jackson\core\jackson-annotations\2.14.1\jackson-annotations-2.14.1.jar;C:\Users\ERIN_JAVALead\.m2\repository\com\fasterxml\jackson\core\jackson-core\2.14.1\jackson-core-2.14.1.jar;C:\Users\ERIN_JAVALead\.m2\repository\com\fasterxml\jackson\datatype\jackson-datatype-jdk8\2.14.1\jackson-datatype-jdk8-2.14.1.jar;C:\Users\ERIN_JAVALead\.m2\repository\com\fasterxml\jackson\datatype\jackson-datatype-jsr310\2.14.1\jackson-datatype-jsr310-2.14.1.jar;C:\Users\ERIN_JAVALead\.m2\repository\com\fasterxml\jackson\module\jackson-module-parameter-names\2.14.1\jackson-module-parameter-names-2.14.1.jar;C:\Users\ERIN_JAVALead\.m2\repository\org\springframework\boot\spring-boot-starter-tomcat\3.0.0\spring-boot-starter-tomcat-3.0.0.jar;C:\Users\ERIN_JAVALead\.m2\repository\org\apache\tomcat\embed\tomcat-embed-core\10.1.1\tomcat-embed-core-10.1.1.jar;C:\Users\ERIN_JAVALead\.m2\repository\org\apache\tomcat\embed\tomcat-embed-el\10.1.1\tomcat-embed-el-10.1.1.jar;C:\Users\ERIN_JAVALead\.m2\repository\org\apache\tomcat\embed\tomcat-embed-websocket\10.1.1\tomcat-embed-websocket-10.1.1.jar;C:\Users\ERIN_JAVALead\.m2\repository\org\springframework\spring-web\6.0.2\spring-web-6.0.2.jar;C:\Users\ERIN_JAVALead\.m2\repository\io\micrometer\micrometer-observation\1.10.2\micrometer-observation-1.10.2.jar;C:\Users\ERIN_JAVALead\.m2\repository\io\micrometer\micrometer-commons\1.10.2\micrometer-commons-1.10.2.jar;C:\Users\ERIN_JAVALead\.m2\repository\org\springframework\spring-webmvc\6.0.2\spring-webmvc-6.0.2.jar;C:\Users\ERIN_JAVALead\.m2\repository\org\springframework\spring-expression\6.0.2\spring-expression-6.0.2.jar;C:\Users\ERIN_JAVALead\.m2\repository\com\microsoft\sqlserver\mssql-jdbc\12.4.1.jre11\mssql-jdbc-12.4.1.jre11.jar;C:\Users\ERIN_JAVALead\.m2\repository\com\h2database\h2\2.1.214\h2-2.1.214.jar;C:\Users\ERIN_JAVALead\.m2\repository\jakarta\xml\bind\jakarta.xml.bind-api\4.0.0\jakarta.xml.bind-api-4.0.0.jar;C:\Users\ERIN_JAVALead\.m2\repository\jakarta\activation\jakarta.activation-api\2.1.0\jakarta.activation-api-2.1.0.jar;C:\Users\ERIN_JAVALead\.m2\repository\org\springframework\spring-core\6.0.2\spring-core-6.0.2.jar;C:\Users\ERIN_JAVALead\.m2\repository\org\springframework\spring-jcl\6.0.2\spring-jcl-6.0.2.jar;C:\Users\ERIN_JAVALead\.m2\repository\org\apache\logging\log4j\log4j-api\2.6.1\log4j-api-2.6.1.jar;C:\Users\ERIN_JAVALead\.m2\repository\org\apache\logging\log4j\log4j-core\2.6.1\log4j-core-2.6.1.jar
Launcher Type: SUN_STANDARD

[Global flags]
     intx CICompilerCount                          = 3                                         {product} {ergonomic}
     uint ConcGCThreads                            = 1                                         {product} {ergonomic}
     uint G1ConcRefinementThreads                  = 4                                         {product} {ergonomic}
   size_t G1HeapRegionSize                         = 1048576                                   {product} {ergonomic}
    uintx GCDrainStackTargetSize                   = 64                                        {product} {ergonomic}
   size_t InitialHeapSize                          = 67108864                                  {product} {ergonomic}
   size_t MarkStackSize                            = 4194304                                   {product} {ergonomic}
   size_t MaxHeapSize                              = 1052770304                                {product} {ergonomic}
   size_t MaxNewSize                               = 631242752                                 {product} {ergonomic}
   size_t MinHeapDeltaBytes                        = 1048576                                   {product} {ergonomic}
   size_t MinHeapSize                              = 8388608                                   {product} {ergonomic}
    uintx NonNMethodCodeHeapSize                   = 5832780                                {pd product} {ergonomic}
    uintx NonProfiledCodeHeapSize                  = 122912730                              {pd product} {ergonomic}
    uintx ProfiledCodeHeapSize                     = 122912730                              {pd product} {ergonomic}
    uintx ReservedCodeCacheSize                    = 251658240                              {pd product} {ergonomic}
     bool SegmentedCodeCache                       = true                                      {product} {ergonomic}
   size_t SoftMaxHeapSize                          = 1052770304                             {manageable} {ergonomic}
     bool UseCompressedClassPointers               = true                           {product lp64_product} {ergonomic}
     bool UseCompressedOops                        = true                           {product lp64_product} {ergonomic}
     bool UseG1GC                                  = true                                      {product} {ergonomic}
     bool UseLargePagesIndividualAllocation        = false                                  {pd product} {ergonomic}

Logging:
Log output configuration:
 #0: stdout all=warning uptime,level,tags foldmultilines=false
 #1: stderr all=off uptime,level,tags foldmultilines=false

Environment Variables:
PATH=C:\WINDOWS\system32;C:\WINDOWS;C:\WINDOWS\System32\Wbem;C:\WINDOWS\System32\WindowsPowerShell\v1.0\;C:\WINDOWS\System32\OpenSSH\;C:\Program Files (x86)\nodejs\;C:\Program Files (x86)\nodejs\npm;C:\Users\ERIN_JAVALead\AppData\Roaming\npm;C:\Program Files\Git\cmd;C:\Program Files (x86)\dotnet\;C:\Program Files (x86)\Microsoft SQL Server\160\DTS\Binn\;C:\Program Files\Azure Data Studio\bin;C:\Program Files (x86)\Microsoft SQL Server\160\Tools\Binn\;C:\Program Files\Microsoft SQL Server\160\Tools\Binn\;C:\Program Files\Microsoft SQL Server\Client SDK\ODBC\170\Tools\Binn\;C:\Program Files\Microsoft SQL Server\160\DTS\Binn\;C:\Users\ERIN_JAVALead\AppData\Local\Microsoft\WindowsApps;;C:\Users\ERIN_JAVALead\AppData\Local\Programs\Microsoft VS Code\bin;C:\Users\ERIN_JAVALead\AppData\Roaming\npm;C:\Program Files\Azure Data Studio\bin
USERNAME=ERIN_JAVALead
OS=Windows_NT
PROCESSOR_IDENTIFIER=Intel64 Family 6 Model 78 Stepping 3, GenuineIntel



---------------  S Y S T E M  ---------------

OS:
 Windows 10 , 64 bit Build 19041 (10.0.19041.3570)
OS uptime: 0 days 2:48 hours

CPU: total 4 (initial active 4) (2 cores per cpu, 2 threads per core) family 6 model 78 stepping 3 microcode 0xcc, cx8, cmov, fxsr, ht, mmx, 3dnowpref, sse, sse2, sse3, ssse3, sse4.1, sse4.2, popcnt, lzcnt, tsc, tscinvbit, avx, avx2, aes, erms, clmul, bmi1, bmi2, adx, fma, vzeroupper, clflush, clflushopt

Memory: 4k page, system-wide physical 4012M (212M free)
TotalPageFile size 6060M (AvailPageFile size 6M)
current process WorkingSet (physical memory assigned to process): 227M, peak: 239M
current process commit charge ("private bytes"): 258M, peak: 268M

vm_info: OpenJDK 64-Bit Server VM (18.0.2+9-FR) for windows-amd64 JRE (18.0.2+9-FR), built on Jul 15 2022 20:03:03 by "Administrator" with MS VC++ 15.9 (VS2017)

END.
