#
# There is insufficient memory for the Java Runtime Environment to continue.
# Native memory allocation (malloc) failed to allocate 2518400 bytes for Chunk::new
# Possible reasons:
#   The system is out of physical RAM or swap space
#   The process is running with CompressedOops enabled, and the Java Heap may be blocking the growth of the native heap
# Possible solutions:
#   Reduce memory load on the system
#   Increase physical memory or swap space
#   Check if swap backing store is full
#   Decrease Java heap size (-Xmx/-Xms)
#   Decrease number of Java threads
#   Decrease Java thread stack sizes (-Xss)
#   Set larger code cache with -XX:ReservedCodeCacheSize=
#   JVM is running with Unscaled Compressed Oops mode in which the Java heap is
#     placed in the first 4GB address space. The Java Heap base address is the
#     maximum limit for the native heap growth. Please use -XX:HeapBaseMinAddress
#     to set the Java Heap base and to place the Java Heap above 4GB virtual address.
# This output file may be truncated or incomplete.
#
#  Out of Memory Error (arena.cpp:184), pid=6804, tid=5228
#
# JRE version: OpenJDK Runtime Environment Corretto-18.0.2.9.1 (18.0.2+9) (build 18.0.2+9-FR)
# Java VM: OpenJDK 64-Bit Server VM Corretto-18.0.2.9.1 (18.0.2+9-FR, mixed mode, sharing, tiered, compressed oops, compressed class ptrs, g1 gc, windows-amd64)
# No core dump will be written. Minidumps are not enabled by default on client versions of Windows
#

---------------  S U M M A R Y ------------

Command Line: -javaagent:C:\Program Files\JetBrains\IntelliJ IDEA Community Edition 2021.3.3\lib\idea_rt.jar=51281:C:\Program Files\JetBrains\IntelliJ IDEA Community Edition 2021.3.3\bin -Dfile.encoding=UTF-8 com.devskiller.tasks.blog.BlogApplication

Host: Intel(R) Core(TM) i3-6006U CPU @ 2.00GHz, 4 cores, 3G,  Windows 10 , 64 bit Build 19041 (10.0.19041.3570)
Time: Tue Oct 31 17:08:05 2023 Central European Standard Time elapsed time: 7.100575 seconds (0d 0h 0m 7s)

---------------  T H R E A D  ---------------

Current thread (0x000002039d9ea390):  JavaThread "C2 CompilerThread1" daemon [_thread_in_native, id=5228, stack(0x0000008d14f00000,0x0000008d15000000)]


Current CompileTask:
C2:   7100 3134   !   4       jdk.internal.loader.BuiltinClassLoader::loadClassOrNull (143 bytes)

Stack: [0x0000008d14f00000,0x0000008d15000000]
Native frames: (J=compiled Java code, j=interpreted, Vv=VM code, C=native code)
V  [jvm.dll+0x685a2a]
V  [jvm.dll+0x82ae8d]
V  [jvm.dll+0x82c75e]
V  [jvm.dll+0x82ce03]
V  [jvm.dll+0x25ef4b]
V  [jvm.dll+0xd42d2]
V  [jvm.dll+0xd4665]
V  [jvm.dll+0x38578b]
V  [jvm.dll+0x1d8f20]
V  [jvm.dll+0x233b4f]
V  [jvm.dll+0x232f37]
V  [jvm.dll+0x1c0a35]
V  [jvm.dll+0x24212c]
V  [jvm.dll+0x240534]
V  [jvm.dll+0x7df6db]
V  [jvm.dll+0x7d9cba]
V  [jvm.dll+0x6848a5]
C  [ucrtbase.dll+0x21bb2]
C  [KERNEL32.DLL+0x17344]
C  [ntdll.dll+0x526b1]


---------------  P R O C E S S  ---------------

Threads class SMR info:
_java_thread_list=0x000002039dcf6320, length=14, elements={
0x00000203fa566570, 0x00000203feef2bd0, 0x00000203feef3830, 0x00000203fef0ade0,
0x00000203fef0b780, 0x00000203fef0c120, 0x00000203fef0cac0, 0x00000203fef0f7a0,
0x00000203fef10f30, 0x00000203fef2f970, 0x00000203fa62ad40, 0x000002039cd8d660,
0x000002039cd8db20, 0x000002039d9ea390
}

Java Threads: ( => current thread )
  0x00000203fa566570 JavaThread "main" [_thread_in_native, id=11988, stack(0x0000008d13700000,0x0000008d13800000)]
  0x00000203feef2bd0 JavaThread "Reference Handler" daemon [_thread_blocked, id=10884, stack(0x0000008d13e00000,0x0000008d13f00000)]
  0x00000203feef3830 JavaThread "Finalizer" daemon [_thread_blocked, id=11904, stack(0x0000008d13f00000,0x0000008d14000000)]
  0x00000203fef0ade0 JavaThread "Signal Dispatcher" daemon [_thread_blocked, id=5148, stack(0x0000008d14000000,0x0000008d14100000)]
  0x00000203fef0b780 JavaThread "Attach Listener" daemon [_thread_blocked, id=4544, stack(0x0000008d14100000,0x0000008d14200000)]
  0x00000203fef0c120 JavaThread "Service Thread" daemon [_thread_blocked, id=4888, stack(0x0000008d14200000,0x0000008d14300000)]
  0x00000203fef0cac0 JavaThread "Monitor Deflation Thread" daemon [_thread_blocked, id=9880, stack(0x0000008d14300000,0x0000008d14400000)]
  0x00000203fef0f7a0 JavaThread "C2 CompilerThread0" daemon [_thread_in_native, id=9108, stack(0x0000008d14400000,0x0000008d14500000)]
  0x00000203fef10f30 JavaThread "C1 CompilerThread0" daemon [_thread_blocked, id=7220, stack(0x0000008d14500000,0x0000008d14600000)]
  0x00000203fef2f970 JavaThread "Sweeper thread" daemon [_thread_blocked, id=11196, stack(0x0000008d14600000,0x0000008d14700000)]
  0x00000203fa62ad40 JavaThread "Common-Cleaner" daemon [_thread_blocked, id=12480, stack(0x0000008d14700000,0x0000008d14800000)]
  0x000002039cd8d660 JavaThread "Monitor Ctrl-Break" daemon [_thread_in_native, id=1136, stack(0x0000008d14800000,0x0000008d14900000)]
  0x000002039cd8db20 JavaThread "Notification Thread" daemon [_thread_blocked, id=8268, stack(0x0000008d14900000,0x0000008d14a00000)]
=>0x000002039d9ea390 JavaThread "C2 CompilerThread1" daemon [_thread_in_native, id=5228, stack(0x0000008d14f00000,0x0000008d15000000)]

Other Threads:
  0x00000203feeee420 VMThread "VM Thread" [stack: 0x0000008d13d00000,0x0000008d13e00000] [id=9204]
  0x00000203fa567420 WatcherThread "VM Periodic Task Thread" [stack: 0x0000008d14a00000,0x0000008d14b00000] [id=1284]
  0x00000203fa5a7090 WorkerThread "GC Thread#0" [stack: 0x0000008d13800000,0x0000008d13900000] [id=9912]
  0x000002039d1676c0 WorkerThread "GC Thread#1" [stack: 0x0000008d14d00000,0x0000008d14e00000] [id=8712]
  0x000002039d2d8100 WorkerThread "GC Thread#2" [stack: 0x0000008d14c00000,0x0000008d14d00000] [id=11796]
  0x000002039d683ad0 WorkerThread "GC Thread#3" [stack: 0x0000008d14e00000,0x0000008d14f00000] [id=8836]
  0x00000203fa5b0d50 ConcurrentGCThread "G1 Main Marker" [stack: 0x0000008d13900000,0x0000008d13a00000] [id=13284]
  0x00000203fa5b1740 WorkerThread "G1 Conc#0" [stack: 0x0000008d13a00000,0x0000008d13b00000] [id=9036]
  0x00000203fa5da8a0 ConcurrentGCThread "G1 Refine#0" [stack: 0x0000008d13b00000,0x0000008d13c00000] [id=10288]
  0x00000203fa5db1b0 ConcurrentGCThread "G1 Service" [stack: 0x0000008d13c00000,0x0000008d13d00000] [id=8436]

Threads with active compile tasks:
C2 CompilerThread0     7274 3249       4       org.springframework.beans.factory.support.AbstractBeanFactory::isTypeMatch (619 bytes)
C2 CompilerThread1     7274 3134   !   4       jdk.internal.loader.BuiltinClassLoader::loadClassOrNull (143 bytes)

VM state: not at safepoint (normal execution)

VM Mutex/Monitor currently owned by a thread: None

Heap address: 0x00000000c1400000, size: 1004 MB, Compressed Oops mode: 32-bit

CDS archive(s) mapped at: [0x0000000800000000-0x0000000800ba0000-0x0000000800ba0000), size 12189696, SharedBaseAddress: 0x0000000800000000, ArchiveRelocationMode: 0.
Compressed class space mapped at: 0x0000000800c00000-0x0000000840c00000, reserved size: 1073741824
Narrow klass base: 0x0000000800000000, Narrow klass shift: 0, Narrow klass range: 0x100000000

GC Precious Log:
 CardTable entry size: 512
 Card Set container configuration: InlinePtr #cards 5 size 8 Array Of Cards #cards 12 size 40 Howl #buckets 4 coarsen threshold 1843 Howl Bitmap #cards 512 size 80 coarsen threshold 460 Card regions per heap region 1 cards per card region 2048
 CPUs: 4 total, 4 available
 Memory: 4012M
 Large Page Support: Disabled
 NUMA Support: Disabled
 Compressed Oops: Enabled (32-bit)
 Heap Region Size: 1M
 Heap Min Capacity: 8M
 Heap Initial Capacity: 64M
 Heap Max Capacity: 1004M
 Pre-touch: Disabled
 Parallel Workers: 4
 Concurrent Workers: 1
 Concurrent Refinement Workers: 4
 Periodic GC: Disabled

Heap:
 garbage-first heap   total 48128K, used 24352K [0x00000000c1400000, 0x0000000100000000)
  region size 1024K, 16 young (16384K), 4 survivors (4096K)
 Metaspace       used 23851K, committed 24320K, reserved 1114112K
  class space    used 2997K, committed 3200K, reserved 1048576K

Heap Regions: E=young(eden), S=young(survivor), O=old, HS=humongous(starts), HC=humongous(continues), CS=collection set, F=free, OA=open archive, CA=closed archive, TAMS=top-at-mark-start (previous, next)
|   0|0x00000000c1400000, 0x00000000c1500000, 0x00000000c1500000|100%|HS|  |TAMS 0x00000000c1500000, 0x00000000c1400000| Complete 
|   1|0x00000000c1500000, 0x00000000c1600000, 0x00000000c1600000|100%| O|  |TAMS 0x00000000c1600000, 0x00000000c1500000| Untracked 
|   2|0x00000000c1600000, 0x00000000c1700000, 0x00000000c1700000|100%| O|  |TAMS 0x00000000c1700000, 0x00000000c1600000| Untracked 
|   3|0x00000000c1700000, 0x00000000c1800000, 0x00000000c1800000|100%| O|  |TAMS 0x00000000c1800000, 0x00000000c1700000| Untracked 
|   4|0x00000000c1800000, 0x00000000c1900000, 0x00000000c1900000|100%| O|  |TAMS 0x00000000c1900000, 0x00000000c1800000| Untracked 
|   5|0x00000000c1900000, 0x00000000c1a00000, 0x00000000c1a00000|100%| O|  |TAMS 0x00000000c1a00000, 0x00000000c1900000| Untracked 
|   6|0x00000000c1a00000, 0x00000000c1b00000, 0x00000000c1b00000|100%| O|  |TAMS 0x00000000c1b00000, 0x00000000c1a00000| Untracked 
|   7|0x00000000c1b00000, 0x00000000c1c00000, 0x00000000c1c00000|100%| O|  |TAMS 0x00000000c1b0e400, 0x00000000c1b00000| Untracked 
|   8|0x00000000c1c00000, 0x00000000c1cc8000, 0x00000000c1d00000| 78%| O|  |TAMS 0x00000000c1c00000, 0x00000000c1c00000| Untracked 
|   9|0x00000000c1d00000, 0x00000000c1d00000, 0x00000000c1e00000|  0%| F|  |TAMS 0x00000000c1d00000, 0x00000000c1d00000| Untracked 
|  10|0x00000000c1e00000, 0x00000000c1e00000, 0x00000000c1f00000|  0%| F|  |TAMS 0x00000000c1e00000, 0x00000000c1e00000| Untracked 
|  11|0x00000000c1f00000, 0x00000000c1f00000, 0x00000000c2000000|  0%| F|  |TAMS 0x00000000c1f00000, 0x00000000c1f00000| Untracked 
|  12|0x00000000c2000000, 0x00000000c2000000, 0x00000000c2100000|  0%| F|  |TAMS 0x00000000c2000000, 0x00000000c2000000| Untracked 
|  13|0x00000000c2100000, 0x00000000c2100000, 0x00000000c2200000|  0%| F|  |TAMS 0x00000000c2100000, 0x00000000c2100000| Untracked 
|  14|0x00000000c2200000, 0x00000000c2200000, 0x00000000c2300000|  0%| F|  |TAMS 0x00000000c2200000, 0x00000000c2200000| Untracked 
|  15|0x00000000c2300000, 0x00000000c2300000, 0x00000000c2400000|  0%| F|  |TAMS 0x00000000c2300000, 0x00000000c2300000| Untracked 
|  16|0x00000000c2400000, 0x00000000c2400000, 0x00000000c2500000|  0%| F|  |TAMS 0x00000000c2400000, 0x00000000c2400000| Untracked 
|  17|0x00000000c2500000, 0x00000000c2500000, 0x00000000c2600000|  0%| F|  |TAMS 0x00000000c2500000, 0x00000000c2500000| Untracked 
|  18|0x00000000c2600000, 0x00000000c2600000, 0x00000000c2700000|  0%| F|  |TAMS 0x00000000c2600000, 0x00000000c2600000| Untracked 
|  19|0x00000000c2700000, 0x00000000c2700000, 0x00000000c2800000|  0%| F|  |TAMS 0x00000000c2700000, 0x00000000c2700000| Untracked 
|  20|0x00000000c2800000, 0x00000000c2800000, 0x00000000c2900000|  0%| F|  |TAMS 0x00000000c2800000, 0x00000000c2800000| Untracked 
|  21|0x00000000c2900000, 0x00000000c2900000, 0x00000000c2a00000|  0%| F|  |TAMS 0x00000000c2900000, 0x00000000c2900000| Untracked 
|  22|0x00000000c2a00000, 0x00000000c2a00000, 0x00000000c2b00000|  0%| F|  |TAMS 0x00000000c2a00000, 0x00000000c2a00000| Untracked 
|  23|0x00000000c2b00000, 0x00000000c2b00000, 0x00000000c2c00000|  0%| F|  |TAMS 0x00000000c2b00000, 0x00000000c2b00000| Untracked 
|  24|0x00000000c2c00000, 0x00000000c2c00000, 0x00000000c2d00000|  0%| F|  |TAMS 0x00000000c2c00000, 0x00000000c2c00000| Untracked 
|  25|0x00000000c2d00000, 0x00000000c2d00000, 0x00000000c2e00000|  0%| F|  |TAMS 0x00000000c2d00000, 0x00000000c2d00000| Untracked 
|  26|0x00000000c2e00000, 0x00000000c2e00000, 0x00000000c2f00000|  0%| F|  |TAMS 0x00000000c2e00000, 0x00000000c2e00000| Untracked 
|  27|0x00000000c2f00000, 0x00000000c2f00000, 0x00000000c3000000|  0%| F|  |TAMS 0x00000000c2f00000, 0x00000000c2f00000| Untracked 
|  28|0x00000000c3000000, 0x00000000c3000000, 0x00000000c3100000|  0%| F|  |TAMS 0x00000000c3000000, 0x00000000c3000000| Untracked 
|  29|0x00000000c3100000, 0x00000000c3100000, 0x00000000c3200000|  0%| F|  |TAMS 0x00000000c3100000, 0x00000000c3100000| Untracked 
|  30|0x00000000c3200000, 0x00000000c3200000, 0x00000000c3300000|  0%| F|  |TAMS 0x00000000c3200000, 0x00000000c3200000| Untracked 
|  31|0x00000000c3300000, 0x00000000c3380800, 0x00000000c3400000| 50%| E|  |TAMS 0x00000000c3300000, 0x00000000c3300000| Complete 
|  32|0x00000000c3400000, 0x00000000c3500000, 0x00000000c3500000|100%| E|CS|TAMS 0x00000000c3400000, 0x00000000c3400000| Complete 
|  33|0x00000000c3500000, 0x00000000c3600000, 0x00000000c3600000|100%| E|CS|TAMS 0x00000000c3500000, 0x00000000c3500000| Complete 
|  34|0x00000000c3600000, 0x00000000c3700000, 0x00000000c3700000|100%| E|CS|TAMS 0x00000000c3600000, 0x00000000c3600000| Complete 
|  35|0x00000000c3700000, 0x00000000c3800000, 0x00000000c3800000|100%| E|CS|TAMS 0x00000000c3700000, 0x00000000c3700000| Complete 
|  36|0x00000000c3800000, 0x00000000c3900000, 0x00000000c3900000|100%| E|CS|TAMS 0x00000000c3800000, 0x00000000c3800000| Complete 
|  37|0x00000000c3900000, 0x00000000c3a00000, 0x00000000c3a00000|100%| E|CS|TAMS 0x00000000c3900000, 0x00000000c3900000| Complete 
|  38|0x00000000c3a00000, 0x00000000c3b00000, 0x00000000c3b00000|100%| E|CS|TAMS 0x00000000c3a00000, 0x00000000c3a00000| Complete 
|  39|0x00000000c3b00000, 0x00000000c3c00000, 0x00000000c3c00000|100%| E|CS|TAMS 0x00000000c3b00000, 0x00000000c3b00000| Complete 
|  40|0x00000000c3c00000, 0x00000000c3d00000, 0x00000000c3d00000|100%| E|CS|TAMS 0x00000000c3c00000, 0x00000000c3c00000| Complete 
|  41|0x00000000c3d00000, 0x00000000c3e00000, 0x00000000c3e00000|100%| S|CS|TAMS 0x00000000c3d00000, 0x00000000c3d00000| Complete 
|  42|0x00000000c3e00000, 0x00000000c3f00000, 0x00000000c3f00000|100%| S|CS|TAMS 0x00000000c3e00000, 0x00000000c3e00000| Complete 
|  43|0x00000000c3f00000, 0x00000000c4000000, 0x00000000c4000000|100%| S|CS|TAMS 0x00000000c3f00000, 0x00000000c3f00000| Complete 
|  44|0x00000000c4000000, 0x00000000c4100000, 0x00000000c4100000|100%| S|CS|TAMS 0x00000000c4000000, 0x00000000c4000000| Complete 
|  45|0x00000000c4100000, 0x00000000c4200000, 0x00000000c4200000|100%| E|CS|TAMS 0x00000000c4100000, 0x00000000c4100000| Complete 
|  63|0x00000000c5300000, 0x00000000c5400000, 0x00000000c5400000|100%| E|CS|TAMS 0x00000000c5300000, 0x00000000c5300000| Complete 

Card table byte_map: [0x00000203fc630000,0x00000203fc830000] _byte_map_base: 0x00000203fc026000

Marking Bits (Prev, Next): (CMBitMap*) 0x00000203fa5a86e0, (CMBitMap*) 0x00000203fa5a86a0
 Prev Bits: [0x00000203fd9e0000, 0x00000203fe990000)
 Next Bits: [0x00000203fca30000, 0x00000203fd9e0000)

Polling page: 0x00000203fa630000

Metaspace:

Usage:
  Non-class:     20.37 MB used.
      Class:      2.93 MB used.
       Both:     23.29 MB used.

Virtual space:
  Non-class space:       64.00 MB reserved,      20.63 MB ( 32%) committed,  1 nodes.
      Class space:        1.00 GB reserved,       3.13 MB ( <1%) committed,  1 nodes.
             Both:        1.06 GB reserved,      23.75 MB (  2%) committed. 

Chunk freelists:
   Non-Class:  2.75 MB
       Class:  718.00 KB
        Both:  3.45 MB

MaxMetaspaceSize: unlimited
CompressedClassSpaceSize: 1.00 GB
Initial GC threshold: 21.00 MB
Current GC threshold: 35.25 MB
CDS: on
MetaspaceReclaimPolicy: balanced
 - commit_granule_bytes: 65536.
 - commit_granule_words: 8192.
 - virtual_space_node_default_size: 8388608.
 - enlarge_chunks_in_place: 1.
 - new_chunks_are_fully_committed: 0.
 - uncommit_free_chunks: 1.
 - use_allocation_guard: 0.


Internal statistics:

num_allocs_failed_limit: 3.
num_arena_births: 464.
num_arena_deaths: 0.
num_vsnodes_births: 2.
num_vsnodes_deaths: 0.
num_space_committed: 380.
num_space_uncommitted: 0.
num_chunks_returned_to_freelist: 3.
num_chunks_taken_from_freelist: 1305.
num_chunk_merges: 3.
num_chunk_splits: 887.
num_chunks_enlarged: 664.
num_inconsistent_stats: 0.

CodeHeap 'non-profiled nmethods': size=120000Kb used=1444Kb max_used=1444Kb free=118555Kb
 bounds [0x000002038f5d0000, 0x000002038f840000, 0x0000020396b00000]
CodeHeap 'profiled nmethods': size=120000Kb used=7274Kb max_used=7274Kb free=112725Kb
 bounds [0x00000203880a0000, 0x00000203887c0000, 0x000002038f5d0000]
CodeHeap 'non-nmethods': size=5760Kb used=1202Kb max_used=1273Kb free=4557Kb
 bounds [0x0000020387b00000, 0x0000020387d70000, 0x00000203880a0000]
 total_blobs=3853 nmethods=3365 adapters=399
 compilation: enabled
              stopped_count=0, restarted_count=0
 full_count=0

Compilation events (20 events):
Event: 7.038 Thread 0x00000203fef10f30 3312       3       org.springframework.boot.context.properties.bind.JavaBeanBinder$Bean$$Lambda$492/0x0000000800ee5848::apply (8 bytes)
Event: 7.039 Thread 0x00000203fef10f30 nmethod 3312 0x0000020388793290 code [0x0000020388793420, 0x0000020388793658]
Event: 7.039 Thread 0x00000203fef10f30 3315       3       java.lang.CharacterDataLatin1::isUpperCase (16 bytes)
Event: 7.039 Thread 0x00000203fef10f30 nmethod 3315 0x0000020388793710 code [0x00000203887938c0, 0x0000020388793ad8]
Event: 7.039 Thread 0x00000203fef10f30 3316       3       java.lang.CharacterDataLatin1::getPropertiesEx (11 bytes)
Event: 7.039 Thread 0x00000203fef10f30 nmethod 3316 0x0000020388793c10 code [0x0000020388793da0, 0x0000020388793ed8]
Event: 7.039 Thread 0x00000203fef10f30 3313       3       java.util.Comparator$$Lambda$112/0x0000000800cc65f0::compare (10 bytes)
Event: 7.040 Thread 0x00000203fef10f30 nmethod 3313 0x0000020388793f90 code [0x0000020388794160, 0x0000020388794648]
Event: 7.040 Thread 0x00000203fef10f30 3314       3       java.util.Comparator::lambda$comparing$77a9974f$1 (23 bytes)
Event: 7.040 Thread 0x00000203fef10f30 nmethod 3314 0x0000020388794790 code [0x0000020388794960, 0x0000020388794dc8]
Event: 7.040 Thread 0x00000203fef10f30 3317       3       java.util.concurrent.ConcurrentHashMap$KeySetView::iterator (34 bytes)
Event: 7.040 Thread 0x00000203fef10f30 nmethod 3317 0x0000020388794f10 code [0x00000203887950c0, 0x00000203887952e8]
Event: 7.040 Thread 0x00000203fef10f30 3318   !   3       java.util.Collections$SynchronizedCollection::toArray (25 bytes)
Event: 7.041 Thread 0x00000203fef10f30 nmethod 3318 0x0000020388795410 code [0x00000203887955c0, 0x0000020388795868]
Event: 7.042 Thread 0x00000203fef10f30 3320       3       org.springframework.boot.context.properties.source.SpringConfigurationPropertySource::containsDescendantOf (61 bytes)
Event: 7.043 Thread 0x00000203fef10f30 nmethod 3320 0x0000020388795990 code [0x0000020388795c20, 0x0000020388796988]
Event: 7.043 Thread 0x00000203fef10f30 3321       3       java.lang.ProcessEnvironment::get (6 bytes)
Event: 7.044 Thread 0x00000203fef10f30 nmethod 3321 0x0000020388796c90 code [0x0000020388796e80, 0x0000020388797418]
Event: 7.044 Thread 0x00000203fef10f30 3322       3       java.lang.ProcessEnvironment::get (12 bytes)
Event: 7.044 Thread 0x00000203fef10f30 nmethod 3322 0x0000020388797610 code [0x0000020388797800, 0x0000020388797d58]

GC Heap History (10 events):
Event: 1.369 GC heap before
{Heap before GC invocations=0 (full 0):
 garbage-first heap   total 65536K, used 13312K [0x00000000c1400000, 0x0000000100000000)
  region size 1024K, 13 young (13312K), 0 survivors (0K)
 Metaspace       used 3802K, committed 4032K, reserved 1114112K
  class space    used 392K, committed 512K, reserved 1048576K
}
Event: 1.383 GC heap after
{Heap after GC invocations=1 (full 0):
 garbage-first heap   total 65536K, used 6224K [0x00000000c1400000, 0x0000000100000000)
  region size 1024K, 2 young (2048K), 2 survivors (2048K)
 Metaspace       used 3802K, committed 4032K, reserved 1114112K
  class space    used 392K, committed 512K, reserved 1048576K
}
Event: 2.242 GC heap before
{Heap before GC invocations=1 (full 0):
 garbage-first heap   total 65536K, used 15440K [0x00000000c1400000, 0x0000000100000000)
  region size 1024K, 12 young (12288K), 2 survivors (2048K)
 Metaspace       used 6627K, committed 6848K, reserved 1114112K
  class space    used 772K, committed 896K, reserved 1048576K
}
Event: 2.251 GC heap after
{Heap after GC invocations=2 (full 0):
 garbage-first heap   total 65536K, used 7308K [0x00000000c1400000, 0x0000000100000000)
  region size 1024K, 1 young (1024K), 1 survivors (1024K)
 Metaspace       used 6627K, committed 6848K, reserved 1114112K
  class space    used 772K, committed 896K, reserved 1048576K
}
Event: 3.213 GC heap before
{Heap before GC invocations=2 (full 0):
 garbage-first heap   total 65536K, used 28812K [0x00000000c1400000, 0x0000000100000000)
  region size 1024K, 22 young (22528K), 1 survivors (1024K)
 Metaspace       used 12245K, committed 12480K, reserved 1114112K
  class space    used 1427K, committed 1536K, reserved 1048576K
}
Event: 3.220 GC heap after
{Heap after GC invocations=3 (full 0):
 garbage-first heap   total 65536K, used 9123K [0x00000000c1400000, 0x0000000100000000)
  region size 1024K, 3 young (3072K), 3 survivors (3072K)
 Metaspace       used 12245K, committed 12480K, reserved 1114112K
  class space    used 1427K, committed 1536K, reserved 1048576K
}
Event: 5.108 GC heap before
{Heap before GC invocations=3 (full 0):
 garbage-first heap   total 65536K, used 39843K [0x00000000c1400000, 0x0000000100000000)
  region size 1024K, 34 young (34816K), 3 survivors (3072K)
 Metaspace       used 17829K, committed 18048K, reserved 1114112K
  class space    used 2124K, committed 2240K, reserved 1048576K
}
Event: 5.122 GC heap after
{Heap after GC invocations=4 (full 0):
 garbage-first heap   total 65536K, used 11465K [0x00000000c1400000, 0x0000000100000000)
  region size 1024K, 5 young (5120K), 5 survivors (5120K)
 Metaspace       used 17829K, committed 18048K, reserved 1114112K
  class space    used 2124K, committed 2240K, reserved 1048576K
}
Event: 6.416 GC heap before
{Heap before GC invocations=4 (full 0):
 garbage-first heap   total 65536K, used 28873K [0x00000000c1400000, 0x0000000100000000)
  region size 1024K, 24 young (24576K), 5 survivors (5120K)
 Metaspace       used 21170K, committed 21504K, reserved 1114112K
  class space    used 2596K, committed 2752K, reserved 1048576K
}
Event: 6.436 GC heap after
{Heap after GC invocations=5 (full 0):
 garbage-first heap   total 65536K, used 13088K [0x00000000c1400000, 0x0000000100000000)
  region size 1024K, 4 young (4096K), 4 survivors (4096K)
 Metaspace       used 21170K, committed 21504K, reserved 1114112K
  class space    used 2596K, committed 2752K, reserved 1048576K
}

Deoptimization events (20 events):
Event: 6.834 Thread 0x00000203fa566570 Uncommon trap: trap_request=0xffffff45 fr.pc=0x000002038f61f674 relative=0x0000000000000254
Event: 6.834 Thread 0x00000203fa566570 Uncommon trap: reason=unstable_if action=reinterpret pc=0x000002038f61f674 method=java.util.concurrent.ConcurrentHashMap.get(Ljava/lang/Object;)Ljava/lang/Object; @ 76 c2
Event: 6.834 Thread 0x00000203fa566570 DEOPT PACKING pc=0x000002038f61f674 sp=0x0000008d137fd9e0
Event: 6.834 Thread 0x00000203fa566570 DEOPT UNPACKING pc=0x0000020387b523a3 sp=0x0000008d137fd958 mode 2
Event: 6.834 Thread 0x00000203fa566570 Uncommon trap: trap_request=0xffffffde fr.pc=0x000002038f688804 relative=0x0000000000000ec4
Event: 6.834 Thread 0x00000203fa566570 Uncommon trap: reason=class_check action=maybe_recompile pc=0x000002038f688804 method=java.util.concurrent.ConcurrentHashMap.putVal(Ljava/lang/Object;Ljava/lang/Object;Z)Ljava/lang/Object; @ 242 c2
Event: 6.834 Thread 0x00000203fa566570 DEOPT PACKING pc=0x000002038f688804 sp=0x0000008d137fd930
Event: 6.834 Thread 0x00000203fa566570 DEOPT UNPACKING pc=0x0000020387b523a3 sp=0x0000008d137fd8a0 mode 2
Event: 6.862 Thread 0x00000203fa566570 Uncommon trap: trap_request=0xffffffde fr.pc=0x000002038f688804 relative=0x0000000000000ec4
Event: 6.862 Thread 0x00000203fa566570 Uncommon trap: reason=class_check action=maybe_recompile pc=0x000002038f688804 method=java.util.concurrent.ConcurrentHashMap.putVal(Ljava/lang/Object;Ljava/lang/Object;Z)Ljava/lang/Object; @ 242 c2
Event: 6.862 Thread 0x00000203fa566570 DEOPT PACKING pc=0x000002038f688804 sp=0x0000008d137fc3b0
Event: 6.862 Thread 0x00000203fa566570 DEOPT UNPACKING pc=0x0000020387b523a3 sp=0x0000008d137fc320 mode 2
Event: 6.918 Thread 0x00000203fa566570 Uncommon trap: trap_request=0xffffffde fr.pc=0x000002038f688804 relative=0x0000000000000ec4
Event: 6.918 Thread 0x00000203fa566570 Uncommon trap: reason=class_check action=maybe_recompile pc=0x000002038f688804 method=java.util.concurrent.ConcurrentHashMap.putVal(Ljava/lang/Object;Ljava/lang/Object;Z)Ljava/lang/Object; @ 242 c2
Event: 6.918 Thread 0x00000203fa566570 DEOPT PACKING pc=0x000002038f688804 sp=0x0000008d137fd930
Event: 6.918 Thread 0x00000203fa566570 DEOPT UNPACKING pc=0x0000020387b523a3 sp=0x0000008d137fd8a0 mode 2
Event: 6.921 Thread 0x00000203fa566570 Uncommon trap: trap_request=0xffffffde fr.pc=0x000002038f688804 relative=0x0000000000000ec4
Event: 6.921 Thread 0x00000203fa566570 Uncommon trap: reason=class_check action=maybe_recompile pc=0x000002038f688804 method=java.util.concurrent.ConcurrentHashMap.putVal(Ljava/lang/Object;Ljava/lang/Object;Z)Ljava/lang/Object; @ 242 c2
Event: 6.922 Thread 0x00000203fa566570 DEOPT PACKING pc=0x000002038f688804 sp=0x0000008d137fd930
Event: 6.922 Thread 0x00000203fa566570 DEOPT UNPACKING pc=0x0000020387b523a3 sp=0x0000008d137fd8a0 mode 2

Classes loaded (20 events):
Event: 6.675 Loading class sun/util/PropertyResourceBundleCharset
Event: 6.676 Loading class sun/util/PropertyResourceBundleCharset done
Event: 6.676 Loading class sun/util/PropertyResourceBundleCharset$PropertiesFileDecoder
Event: 6.676 Loading class sun/util/PropertyResourceBundleCharset$PropertiesFileDecoder done
Event: 6.728 Loading class java/util/ResourceBundle$BundleReference
Event: 6.728 Loading class java/util/ResourceBundle$BundleReference done
Event: 6.791 Loading class javax/management/NotificationEmitter
Event: 6.791 Loading class javax/management/NotificationBroadcaster
Event: 6.791 Loading class javax/management/NotificationBroadcaster done
Event: 6.791 Loading class javax/management/NotificationEmitter done
Event: 6.803 Loading class javax/management/MBeanRegistration
Event: 6.803 Loading class javax/management/MBeanRegistration done
Event: 6.884 Loading class java/beans/Introspector
Event: 6.885 Loading class java/beans/Introspector done
Event: 6.885 Loading class java/beans/EventSetDescriptor
Event: 6.885 Loading class java/beans/EventSetDescriptor done
Event: 6.885 Loading class java/beans/Introspector$1
Event: 6.885 Loading class jdk/internal/access/JavaBeansAccess
Event: 6.885 Loading class jdk/internal/access/JavaBeansAccess done
Event: 6.885 Loading class java/beans/Introspector$1 done

Classes unloaded (0 events):
No events

Classes redefined (0 events):
No events

Internal exceptions (20 events):
Event: 6.117 Thread 0x00000203fa566570 Exception <a 'java/lang/NoSuchMethodError'{0x00000000c46e3468}: 'java.lang.Object java.lang.invoke.DelegatingMethodHandle$Holder.delegate(java.lang.Object, int, java.lang.Object, java.lang.Object)'> (0x00000000c46e3468) 
thrown [s\src\hotspot\share\interpreter\linkResolver.cpp, line 759]
Event: 6.121 Thread 0x00000203fa566570 Exception <a 'java/lang/NoSuchMethodError'{0x00000000c46f38e8}: 'int java.lang.invoke.Invokers$Holder.linkToTargetMethod(java.lang.Object, java.lang.Object, java.lang.Object)'> (0x00000000c46f38e8) 
thrown [s\src\hotspot\share\interpreter\linkResolver.cpp, line 759]
Event: 6.169 Thread 0x00000203fa566570 Exception <a 'java/lang/NoSuchMethodError'{0x00000000c458f068}: 'void java.lang.invoke.Invokers$Holder.invokeExact_MT(java.lang.Object, java.lang.Object, java.lang.Object)'> (0x00000000c458f068) 
thrown [s\src\hotspot\share\interpreter\linkResolver.cpp, line 759]
Event: 6.203 Thread 0x00000203fa566570 Exception <a 'java/lang/NoClassDefFoundError'{0x00000000c4404f78}: org/flywaydb/core/Flyway> (0x00000000c4404f78) 
thrown [s\src\hotspot\share\classfile\systemDictionary.cpp, line 244]
Event: 6.203 Thread 0x00000203fa566570 Exception <a 'java/lang/NoClassDefFoundError'{0x00000000c4405f10}: liquibase/integration/spring/SpringLiquibase> (0x00000000c4405f10) 
thrown [s\src\hotspot\share\classfile\systemDictionary.cpp, line 244]
Event: 6.270 Thread 0x00000203fa566570 Exception <a 'java/lang/NoClassDefFoundError'{0x00000000c439b288}: org/jooq/DSLContext> (0x00000000c439b288) 
thrown [s\src\hotspot\share\classfile\systemDictionary.cpp, line 244]
Event: 6.272 Thread 0x00000203fa566570 Exception <a 'java/lang/NoClassDefFoundError'{0x00000000c43a9240}: org/springframework/batch/core/repository/JobRepository> (0x00000000c43a9240) 
thrown [s\src\hotspot\share\classfile\systemDictionary.cpp, line 244]
Event: 6.273 Thread 0x00000203fa566570 Exception <a 'java/lang/NoClassDefFoundError'{0x00000000c43a9fd8}: org/quartz/Scheduler> (0x00000000c43a9fd8) 
thrown [s\src\hotspot\share\classfile\systemDictionary.cpp, line 244]
Event: 6.273 Thread 0x00000203fa566570 Exception <a 'java/lang/NoClassDefFoundError'{0x00000000c43ab0a0}: org/springframework/session/jdbc/JdbcIndexedSessionRepository> (0x00000000c43ab0a0) 
thrown [s\src\hotspot\share\classfile\systemDictionary.cpp, line 244]
Event: 6.329 Thread 0x00000203fa566570 Exception <a 'java/lang/NoSuchMethodError'{0x00000000c4285af0}: 'void java.lang.invoke.DirectMethodHandle$Holder.invokeSpecial(java.lang.Object, java.lang.Object, java.lang.Object, java.lang.Object, java.lang.Object, java.lang.Object)'> (0x00000000c4285af0) 
thrown [s\src\hotspot\share\interpreter\linkResolver.cpp, line 759]
Event: 6.339 Thread 0x00000203fa566570 Exception <a 'java/lang/NoSuchMethodError'{0x00000000c42c69d0}: 'void java.lang.invoke.DirectMethodHandle$Holder.invokeVirtual(java.lang.Object, java.lang.Object, int)'> (0x00000000c42c69d0) 
thrown [s\src\hotspot\share\interpreter\linkResolver.cpp, line 759]
Event: 6.340 Thread 0x00000203fa566570 Exception <a 'java/lang/NoSuchMethodError'{0x00000000c42cab40}: 'int java.lang.invoke.DirectMethodHandle$Holder.invokeSpecial(java.lang.Object, java.lang.Object, java.lang.Object, int)'> (0x00000000c42cab40) 
thrown [s\src\hotspot\share\interpreter\linkResolver.cpp, line 759]
Event: 6.342 Thread 0x00000203fa566570 Exception <a 'java/lang/NoSuchMethodError'{0x00000000c42dcb68}: 'java.lang.Object java.lang.invoke.DirectMethodHandle$Holder.invokeStatic(java.lang.Object, java.lang.Object, java.lang.Object, java.lang.Object, int)'> (0x00000000c42dcb68) 
thrown [s\src\hotspot\share\interpreter\linkResolver.cpp, line 759]
Event: 6.344 Thread 0x00000203fa566570 Exception <a 'java/lang/NoSuchMethodError'{0x00000000c42e7a78}: 'void java.lang.invoke.DelegatingMethodHandle$Holder.reinvoke_L(java.lang.Object, java.lang.Object, int)'> (0x00000000c42e7a78) 
thrown [s\src\hotspot\share\interpreter\linkResolver.cpp, line 759]
Event: 6.592 Thread 0x00000203fa566570 Exception <a 'java/lang/NoSuchMethodError'{0x00000000c3c78408}: 'java.lang.Object java.lang.invoke.DirectMethodHandle$Holder.invokeSpecialIFC(java.lang.Object, java.lang.Object, java.lang.Object)'> (0x00000000c3c78408) 
thrown [s\src\hotspot\share\interpreter\linkResolver.cpp, line 759]
Event: 6.613 Thread 0x00000203fa566570 Exception <a 'java/lang/NoSuchMethodError'{0x00000000c3cc99e8}: 'java.lang.Object java.lang.invoke.DirectMethodHandle$Holder.invokeVirtual(java.lang.Object, java.lang.Object, java.lang.Object, java.lang.Object, java.lang.Object)'> (0x00000000c3cc99e8) 
thrown [s\src\hotspot\share\interpreter\linkResolver.cpp, line 759]
Event: 6.879 Thread 0x00000203fa566570 Exception <a 'java/lang/NoSuchMethodError'{0x00000000c3991868}: 'java.lang.reflect.Field[] java.lang.Class.getDeclaredFields(java.lang.Class)'> (0x00000000c3991868) 
thrown [s\src\hotspot\share\interpreter\linkResolver.cpp, line 759]
Event: 6.962 Thread 0x00000203fa566570 Exception <a 'java/lang/NoSuchMethodError'{0x00000000c38c4db8}: 'void java.lang.invoke.DirectMethodHandle$Holder.invokeInterface(java.lang.Object, java.lang.Object, int)'> (0x00000000c38c4db8) 
thrown [s\src\hotspot\share\interpreter\linkResolver.cpp, line 759]
Event: 6.978 Thread 0x00000203fa566570 Exception <a 'java/lang/IncompatibleClassChangeError'{0x00000000c3715360}: Found class java.lang.Object, but interface was expected> (0x00000000c3715360) 
thrown [s\src\hotspot\share\interpreter\linkResolver.cpp, line 826]
Event: 6.979 Thread 0x00000203fa566570 Exception <a 'java/lang/NoSuchMethodError'{0x00000000c371a458}: 'void java.lang.invoke.DirectMethodHandle$Holder.invokeStatic(java.lang.Object, int, java.lang.Object)'> (0x00000000c371a458) 
thrown [s\src\hotspot\share\interpreter\linkResolver.cpp, line 759]

VM Operations (20 events):
Event: 5.562 Executing VM operation: HandshakeAllThreads
Event: 5.562 Executing VM operation: HandshakeAllThreads done
Event: 5.879 Executing VM operation: ICBufferFull
Event: 5.880 Executing VM operation: ICBufferFull done
Event: 6.001 Executing VM operation: HandshakeAllThreads
Event: 6.002 Executing VM operation: HandshakeAllThreads done
Event: 6.044 Executing VM operation: HandshakeAllThreads
Event: 6.044 Executing VM operation: HandshakeAllThreads done
Event: 6.416 Executing VM operation: CollectForMetadataAllocation
Event: 6.436 Executing VM operation: CollectForMetadataAllocation done
Event: 6.460 Executing VM operation: G1Concurrent
Event: 6.464 Executing VM operation: G1Concurrent done
Event: 6.473 Executing VM operation: G1Concurrent
Event: 6.473 Executing VM operation: G1Concurrent done
Event: 6.557 Executing VM operation: HandshakeAllThreads
Event: 6.557 Executing VM operation: HandshakeAllThreads done
Event: 6.892 Executing VM operation: HandshakeAllThreads
Event: 6.892 Executing VM operation: HandshakeAllThreads done
Event: 6.892 Executing VM operation: HandshakeAllThreads
Event: 6.892 Executing VM operation: HandshakeAllThreads done

Events (20 events):
Event: 0.109 Thread 0x00000203fef10f30 Thread added: 0x00000203fef10f30
Event: 0.109 Thread 0x00000203fef2f970 Thread added: 0x00000203fef2f970
Event: 0.251 Thread 0x00000203fa62ad40 Thread added: 0x00000203fa62ad40
Event: 0.312 Loaded shared library C:\Users\ERIN_JAVALead\.jdks\corretto-18.0.2\bin\zip.dll
Event: 0.320 Loaded shared library C:\Users\ERIN_JAVALead\.jdks\corretto-18.0.2\bin\instrument.dll
Event: 0.349 Loaded shared library C:\Users\ERIN_JAVALead\.jdks\corretto-18.0.2\bin\net.dll
Event: 0.356 Loaded shared library C:\Users\ERIN_JAVALead\.jdks\corretto-18.0.2\bin\nio.dll
Event: 0.370 Loaded shared library C:\Users\ERIN_JAVALead\.jdks\corretto-18.0.2\bin\zip.dll
Event: 0.622 Loaded shared library C:\Program Files\JetBrains\IntelliJ IDEA Community Edition 2021.3.3\bin\breakgen64.dll
Event: 0.623 Thread 0x000002039cd8d660 Thread added: 0x000002039cd8d660
Event: 0.624 Thread 0x000002039cd8db20 Thread added: 0x000002039cd8db20
Event: 0.800 Loaded shared library C:\Users\ERIN_JAVALead\.jdks\corretto-18.0.2\bin\jimage.dll
Event: 1.164 Thread 0x000002039d1314c0 Thread added: 0x000002039d1314c0
Event: 1.975 Thread 0x000002039d1314c0 Thread exited: 0x000002039d1314c0
Event: 2.611 Thread 0x000002039d771e10 Thread added: 0x000002039d771e10
Event: 2.871 Loaded shared library C:\Users\ERIN_JAVALead\.jdks\corretto-18.0.2\bin\verify.dll
Event: 3.048 Thread 0x000002039d9ea390 Thread added: 0x000002039d9ea390
Event: 3.596 Thread 0x000002039d771e10 Thread exited: 0x000002039d771e10
Event: 3.840 Thread 0x000002039dc4b1f0 Thread added: 0x000002039dc4b1f0
Event: 3.934 Thread 0x000002039dc4b1f0 Thread exited: 0x000002039dc4b1f0


Dynamic libraries:
0x00007ff76e240000 - 0x00007ff76e24d000 	C:\Users\ERIN_JAVALead\.jdks\corretto-18.0.2\bin\java.exe
0x00007fffe0450000 - 0x00007fffe0647000 	C:\WINDOWS\SYSTEM32\ntdll.dll
0x00007fffe0260000 - 0x00007fffe031d000 	C:\WINDOWS\System32\KERNEL32.DLL
0x00007fffddef0000 - 0x00007fffde1e6000 	C:\WINDOWS\System32\KERNELBASE.dll
0x00007fffde380000 - 0x00007fffde480000 	C:\WINDOWS\System32\ucrtbase.dll
0x00007fffd9790000 - 0x00007fffd97a5000 	C:\Users\ERIN_JAVALead\.jdks\corretto-18.0.2\bin\VCRUNTIME140.dll
0x00007fffdb310000 - 0x00007fffdb327000 	C:\Users\ERIN_JAVALead\.jdks\corretto-18.0.2\bin\jli.dll
0x00007fffdf5e0000 - 0x00007fffdf77e000 	C:\WINDOWS\System32\USER32.dll
0x00007fffca410000 - 0x00007fffca6aa000 	C:\WINDOWS\WinSxS\amd64_microsoft.windows.common-controls_6595b64144ccf1df_6.0.19041.3570_none_60bb2a3971f3e41a\COMCTL32.dll
0x00007fffde1f0000 - 0x00007fffde212000 	C:\WINDOWS\System32\win32u.dll
0x00007fffdf780000 - 0x00007fffdf7ac000 	C:\WINDOWS\System32\GDI32.dll
0x00007fffdfe80000 - 0x00007fffdff1e000 	C:\WINDOWS\System32\msvcrt.dll
0x00007fffdddd0000 - 0x00007fffddeea000 	C:\WINDOWS\System32\gdi32full.dll
0x00007fffddb00000 - 0x00007fffddb9d000 	C:\WINDOWS\System32\msvcp_win.dll
0x00007fffdf990000 - 0x00007fffdf9c0000 	C:\WINDOWS\System32\IMM32.DLL
0x00007fffd9580000 - 0x00007fffd961b000 	C:\Users\ERIN_JAVALead\.jdks\corretto-18.0.2\bin\msvcp140.dll
0x00007fffa67f0000 - 0x00007fffa7461000 	C:\Users\ERIN_JAVALead\.jdks\corretto-18.0.2\bin\server\jvm.dll
0x00007fffe0330000 - 0x00007fffe03de000 	C:\WINDOWS\System32\ADVAPI32.dll
0x00007fffdf810000 - 0x00007fffdf8ac000 	C:\WINDOWS\System32\sechost.dll
0x00007fffdece0000 - 0x00007fffdee06000 	C:\WINDOWS\System32\RPCRT4.dll
0x00007fffe0320000 - 0x00007fffe0328000 	C:\WINDOWS\System32\PSAPI.DLL
0x00007fffcabf0000 - 0x00007fffcabf9000 	C:\WINDOWS\SYSTEM32\WSOCK32.dll
0x00007fffdffd0000 - 0x00007fffe003b000 	C:\WINDOWS\System32\WS2_32.dll
0x00007fffb6270000 - 0x00007fffb6297000 	C:\WINDOWS\SYSTEM32\WINMM.dll
0x00007fffd83b0000 - 0x00007fffd83ba000 	C:\WINDOWS\SYSTEM32\VERSION.dll
0x00007fffdb9a0000 - 0x00007fffdb9b2000 	C:\WINDOWS\SYSTEM32\kernel.appcore.dll
0x00007fffd9780000 - 0x00007fffd978a000 	C:\Users\ERIN_JAVALead\.jdks\corretto-18.0.2\bin\jimage.dll
0x00007fffca740000 - 0x00007fffca924000 	C:\WINDOWS\SYSTEM32\DBGHELP.DLL
0x00007fffca6b0000 - 0x00007fffca6e4000 	C:\WINDOWS\SYSTEM32\dbgcore.DLL
0x00007fffddba0000 - 0x00007fffddc22000 	C:\WINDOWS\System32\bcryptPrimitives.dll
0x00007fffd88f0000 - 0x00007fffd88fe000 	C:\Users\ERIN_JAVALead\.jdks\corretto-18.0.2\bin\instrument.dll
0x00007fffd6d60000 - 0x00007fffd6d85000 	C:\Users\ERIN_JAVALead\.jdks\corretto-18.0.2\bin\java.dll
0x00007fffc6570000 - 0x00007fffc6646000 	C:\Users\ERIN_JAVALead\.jdks\corretto-18.0.2\bin\jsvml.dll
0x00007fffde510000 - 0x00007fffdec54000 	C:\WINDOWS\System32\SHELL32.dll
0x00007fffdbba0000 - 0x00007fffdc33b000 	C:\WINDOWS\SYSTEM32\windows.storage.dll
0x00007fffdf280000 - 0x00007fffdf5d4000 	C:\WINDOWS\System32\combase.dll
0x00007fffdd470000 - 0x00007fffdd49d000 	C:\WINDOWS\SYSTEM32\Wldp.dll
0x00007fffdff20000 - 0x00007fffdffcd000 	C:\WINDOWS\System32\SHCORE.dll
0x00007fffdfb20000 - 0x00007fffdfb75000 	C:\WINDOWS\System32\shlwapi.dll
0x00007fffdda30000 - 0x00007fffdda55000 	C:\WINDOWS\SYSTEM32\profapi.dll
0x00007fffce3b0000 - 0x00007fffce3c8000 	C:\Users\ERIN_JAVALead\.jdks\corretto-18.0.2\bin\zip.dll
0x00007fffd9560000 - 0x00007fffd9573000 	C:\Users\ERIN_JAVALead\.jdks\corretto-18.0.2\bin\net.dll
0x00007fffd7670000 - 0x00007fffd777a000 	C:\WINDOWS\SYSTEM32\WINHTTP.dll
0x00007fffdd1d0000 - 0x00007fffdd23a000 	C:\WINDOWS\system32\mswsock.dll
0x00007fffd9500000 - 0x00007fffd9515000 	C:\Users\ERIN_JAVALead\.jdks\corretto-18.0.2\bin\nio.dll
0x00007fffc9df0000 - 0x00007fffc9e0a000 	C:\Program Files\JetBrains\IntelliJ IDEA Community Edition 2021.3.3\bin\breakgen64.dll
0x00007fffca210000 - 0x00007fffca220000 	C:\Users\ERIN_JAVALead\.jdks\corretto-18.0.2\bin\verify.dll
0x00007fffdd3d0000 - 0x00007fffdd3e8000 	C:\WINDOWS\SYSTEM32\CRYPTSP.dll
0x00007fffdcae0000 - 0x00007fffdcb14000 	C:\WINDOWS\system32\rsaenh.dll
0x00007fffddda0000 - 0x00007fffdddc7000 	C:\WINDOWS\System32\bcrypt.dll
0x00007fffdd9b0000 - 0x00007fffdd9de000 	C:\WINDOWS\SYSTEM32\USERENV.dll
0x00007fffdd3c0000 - 0x00007fffdd3cc000 	C:\WINDOWS\SYSTEM32\CRYPTBASE.dll
0x00007fffdcec0000 - 0x00007fffdcefb000 	C:\WINDOWS\SYSTEM32\IPHLPAPI.DLL
0x00007fffe0250000 - 0x00007fffe0258000 	C:\WINDOWS\System32\NSI.dll
0x00007fffd7a10000 - 0x00007fffd7a27000 	C:\WINDOWS\SYSTEM32\dhcpcsvc6.DLL
0x00007fffd7bd0000 - 0x00007fffd7bed000 	C:\WINDOWS\SYSTEM32\dhcpcsvc.DLL
0x00007fffdcf00000 - 0x00007fffdcfca000 	C:\WINDOWS\SYSTEM32\DNSAPI.dll

dbghelp: loaded successfully - version: 4.0.5 - missing functions: none
symbol engine: initialized successfully - sym options: 0x614 - pdb path: .;C:\Users\ERIN_JAVALead\.jdks\corretto-18.0.2\bin;C:\WINDOWS\SYSTEM32;C:\WINDOWS\WinSxS\amd64_microsoft.windows.common-controls_6595b64144ccf1df_6.0.19041.3570_none_60bb2a3971f3e41a;C:\Users\ERIN_JAVALead\.jdks\corretto-18.0.2\bin\server;C:\Program Files\JetBrains\IntelliJ IDEA Community Edition 2021.3.3\bin

VM Arguments:
jvm_args: -javaagent:C:\Program Files\JetBrains\IntelliJ IDEA Community Edition 2021.3.3\lib\idea_rt.jar=51281:C:\Program Files\JetBrains\IntelliJ IDEA Community Edition 2021.3.3\bin -Dfile.encoding=UTF-8 
java_command: com.devskiller.tasks.blog.BlogApplication
java_class_path (initial): C:\Users\ERIN_JAVALead\Downloads\devskiller-code-U32X-W3E7-T2E6-S3F\target\classes;C:\Users\ERIN_JAVALead\.m2\repository\org\springframework\boot\spring-boot-starter-data-jpa\3.0.0\spring-boot-starter-data-jpa-3.0.0.jar;C:\Users\ERIN_JAVALead\.m2\repository\org\springframework\boot\spring-boot-starter-aop\3.0.0\spring-boot-starter-aop-3.0.0.jar;C:\Users\ERIN_JAVALead\.m2\repository\org\springframework\spring-aop\6.0.2\spring-aop-6.0.2.jar;C:\Users\ERIN_JAVALead\.m2\repository\org\aspectj\aspectjweaver\1.9.9.1\aspectjweaver-1.9.9.1.jar;C:\Users\ERIN_JAVALead\.m2\repository\org\springframework\boot\spring-boot-starter-jdbc\3.0.0\spring-boot-starter-jdbc-3.0.0.jar;C:\Users\ERIN_JAVALead\.m2\repository\com\zaxxer\HikariCP\5.0.1\HikariCP-5.0.1.jar;C:\Users\ERIN_JAVALead\.m2\repository\org\springframework\spring-jdbc\6.0.2\spring-jdbc-6.0.2.jar;C:\Users\ERIN_JAVALead\.m2\repository\org\hibernate\orm\hibernate-core\6.1.5.Final\hibernate-core-6.1.5.Final.jar;C:\Users\ERIN_JAVALead\.m2\repository\jakarta\persistence\jakarta.persistence-api\3.1.0\jakarta.persistence-api-3.1.0.jar;C:\Users\ERIN_JAVALead\.m2\repository\jakarta\transaction\jakarta.transaction-api\2.0.1\jakarta.transaction-api-2.0.1.jar;C:\Users\ERIN_JAVALead\.m2\repository\org\jboss\logging\jboss-logging\3.5.0.Final\jboss-logging-3.5.0.Final.jar;C:\Users\ERIN_JAVALead\.m2\repository\org\hibernate\common\hibernate-commons-annotations\6.0.2.Final\hibernate-commons-annotations-6.0.2.Final.jar;C:\Users\ERIN_JAVALead\.m2\repository\org\jboss\jandex\2.4.2.Final\jandex-2.4.2.Final.jar;C:\Users\ERIN_JAVALead\.m2\repository\com\fasterxml\classmate\1.5.1\classmate-1.5.1.jar;C:\Users\ERIN_JAVALead\.m2\repository\net\bytebuddy\byte-buddy\1.12.19\byte-buddy-1.12.19.jar;C:\Users\ERIN_JAVALead\.m2\repository\org\glassfish\jaxb\jaxb-runtime\4.0.1\jaxb-runtime-4.0.1.jar;C:\Users\ERIN_JAVALead\.m2\repository\org\glassfish\jaxb\jaxb-core\4.0.1\jaxb-core-4.0.1.jar;C:\Users\ERIN_JAVALead\.m2\repository\org\eclipse\angus\angus-activation\1.0.0\angus-activation-1.0.0.jar;C:\Users\ERIN_JAVALead\.m2\repository\org\glassfish\jaxb\txw2\4.0.1\txw2-4.0.1.jar;C:\Users\ERIN_JAVALead\.m2\repository\com\sun\istack\istack-commons-runtime\4.1.1\istack-commons-runtime-4.1.1.jar;C:\Users\ERIN_JAVALead\.m2\repository\jakarta\inject\jakarta.inject-api\2.0.0\jakarta.inject-api-2.0.0.jar;C:\Users\ERIN_JAVALead\.m2\repository\org\antlr\antlr4-runtime\4.10.1\antlr4-runtime-4.10.1.jar;C:\Users\ERIN_JAVALead\.m2\repository\org\springframework\data\spring-data-jpa\3.0.0\spring-data-jpa-3.0.0.jar;C:\Users\ERIN_JAVALead\.m2\repository\org\springframework\data\spring-data-commons\3.0.0\spring-data-commons-3.0.0.jar;C:\Users\ERIN_JAVALead\.m2\repository\org\springframework\spring-orm\6.0.2\spring-orm-6.0.2.jar;C:\Users\ERIN_JAVALead\.m2\repository\org\springframework\spring-context\6.0.2\spring-context-6.0.2.jar;C:\Users\ERIN_JAVALead\.m2\repository\org\springframework\spring-tx\6.0.2\spring-tx-6.0.2.jar;C:\Users\ERIN_JAVALead\.m2\repository\org\springframework\spring-beans\6.0.2\spring-beans-6.0.2.jar;C:\Users\ERIN_JAVALead\.m2\repository\jakarta\annotation\jakarta.annotation-api\2.1.1\jakarta.annotation-api-2.1.1.jar;C:\Users\ERIN_JAVALead\.m2\repository\org\slf4j\slf4j-api\2.0.4\slf4j-api-2.0.4.jar;C:\Users\ERIN_JAVALead\.m2\repository\org\springframework\spring-aspects\6.0.2\spring-aspects-6.0.2.jar;C:\Users\ERIN_JAVALead\.m2\repository\org\springframework\boot\spring-boot-starter-web\2.4.2\spring-boot-starter-web-2.4.2.jar;C:\Users\ERIN_JAVALead\.m2\repository\org\springframework\boot\spring-boot-starter\3.0.0\spring-boot-starter-3.0.0.jar;C:\Users\ERIN_JAVALead\.m2\repository\org\springframework\boot\spring-boot\3.0.0\spring-boot-3.0.0.jar;C:\Users\ERIN_JAVALead\.m2\repository\org\springframework\boot\spring-boot-autoconfigure\3.0.0\spring-boot-autoconfigure-3.0.0.jar;C:\Users\ERIN_JAVALead\.m2\repository\org\springframework\boot\spring-boot-starter-logging\3.0.0\spring-boot-starter-logging-3.0.0.jar;C:\Users\ERIN_JAVALead\.m2\repository\ch\qos\logback\logback-classic\1.4.5\logback-classic-1.4.5.jar;C:\Users\ERIN_JAVALead\.m2\repository\ch\qos\logback\logback-core\1.4.5\logback-core-1.4.5.jar;C:\Users\ERIN_JAVALead\.m2\repository\org\apache\logging\log4j\log4j-to-slf4j\2.19.0\log4j-to-slf4j-2.19.0.jar;C:\Users\ERIN_JAVALead\.m2\repository\org\slf4j\jul-to-slf4j\2.0.4\jul-to-slf4j-2.0.4.jar;C:\Users\ERIN_JAVALead\.m2\repository\org\yaml\snakeyaml\1.33\snakeyaml-1.33.jar;C:\Users\ERIN_JAVALead\.m2\repository\org\springframework\boot\spring-boot-starter-json\3.0.0\spring-boot-starter-json-3.0.0.jar;C:\Users\ERIN_JAVALead\.m2\repository\com\fasterxml\jackson\core\jackson-databind\2.14.1\jackson-databind-2.14.1.jar;C:\Users\ERIN_JAVALead\.m2\repository\com\fasterxml\jackson\core\jackson-annotations\2.14.1\jackson-annotations-2.14.1.jar;C:\Users\ERIN_JAVALead\.m2\repository\com\fasterxml\jackson\core\jackson-core\2.14.1\jackson-core-2.14.1.jar;C:\Users\ERIN_JAVALead\.m2\repository\com\fasterxml\jackson\datatype\jackson-datatype-jdk8\2.14.1\jackson-datatype-jdk8-2.14.1.jar;C:\Users\ERIN_JAVALead\.m2\repository\com\fasterxml\jackson\datatype\jackson-datatype-jsr310\2.14.1\jackson-datatype-jsr310-2.14.1.jar;C:\Users\ERIN_JAVALead\.m2\repository\com\fasterxml\jackson\module\jackson-module-parameter-names\2.14.1\jackson-module-parameter-names-2.14.1.jar;C:\Users\ERIN_JAVALead\.m2\repository\org\springframework\boot\spring-boot-starter-tomcat\3.0.0\spring-boot-starter-tomcat-3.0.0.jar;C:\Users\ERIN_JAVALead\.m2\repository\org\apache\tomcat\embed\tomcat-embed-core\10.1.1\tomcat-embed-core-10.1.1.jar;C:\Users\ERIN_JAVALead\.m2\repository\org\apache\tomcat\embed\tomcat-embed-el\10.1.1\tomcat-embed-el-10.1.1.jar;C:\Users\ERIN_JAVALead\.m2\repository\org\apache\tomcat\embed\tomcat-embed-websocket\10.1.1\tomcat-embed-websocket-10.1.1.jar;C:\Users\ERIN_JAVALead\.m2\repository\org\springframework\spring-web\6.0.2\spring-web-6.0.2.jar;C:\Users\ERIN_JAVALead\.m2\repository\io\micrometer\micrometer-observation\1.10.2\micrometer-observation-1.10.2.jar;C:\Users\ERIN_JAVALead\.m2\repository\io\micrometer\micrometer-commons\1.10.2\micrometer-commons-1.10.2.jar;C:\Users\ERIN_JAVALead\.m2\repository\org\springframework\spring-webmvc\6.0.2\spring-webmvc-6.0.2.jar;C:\Users\ERIN_JAVALead\.m2\repository\org\springframework\spring-expression\6.0.2\spring-expression-6.0.2.jar;C:\Users\ERIN_JAVALead\.m2\repository\com\microsoft\sqlserver\mssql-jdbc\12.4.1.jre11\mssql-jdbc-12.4.1.jre11.jar;C:\Users\ERIN_JAVALead\.m2\repository\com\h2database\h2\2.1.214\h2-2.1.214.jar;C:\Users\ERIN_JAVALead\.m2\repository\jakarta\xml\bind\jakarta.xml.bind-api\4.0.0\jakarta.xml.bind-api-4.0.0.jar;C:\Users\ERIN_JAVALead\.m2\repository\jakarta\activation\jakarta.activation-api\2.1.0\jakarta.activation-api-2.1.0.jar;C:\Users\ERIN_JAVALead\.m2\repository\org\springframework\spring-core\6.0.2\spring-core-6.0.2.jar;C:\Users\ERIN_JAVALead\.m2\repository\org\springframework\spring-jcl\6.0.2\spring-jcl-6.0.2.jar;C:\Users\ERIN_JAVALead\.m2\repository\org\apache\logging\log4j\log4j-api\2.6.1\log4j-api-2.6.1.jar;C:\Users\ERIN_JAVALead\.m2\repository\org\apache\logging\log4j\log4j-core\2.6.1\log4j-core-2.6.1.jar
Launcher Type: SUN_STANDARD

[Global flags]
     intx CICompilerCount                          = 3                                         {product} {ergonomic}
     uint ConcGCThreads                            = 1                                         {product} {ergonomic}
     uint G1ConcRefinementThreads                  = 4                                         {product} {ergonomic}
   size_t G1HeapRegionSize                         = 1048576                                   {product} {ergonomic}
    uintx GCDrainStackTargetSize                   = 64                                        {product} {ergonomic}
   size_t InitialHeapSize                          = 67108864                                  {product} {ergonomic}
   size_t MarkStackSize                            = 4194304                                   {product} {ergonomic}
   size_t MaxHeapSize                              = 1052770304                                {product} {ergonomic}
   size_t MaxNewSize                               = 631242752                                 {product} {ergonomic}
   size_t MinHeapDeltaBytes                        = 1048576                                   {product} {ergonomic}
   size_t MinHeapSize                              = 8388608                                   {product} {ergonomic}
    uintx NonNMethodCodeHeapSize                   = 5832780                                {pd product} {ergonomic}
    uintx NonProfiledCodeHeapSize                  = 122912730                              {pd product} {ergonomic}
    uintx ProfiledCodeHeapSize                     = 122912730                              {pd product} {ergonomic}
    uintx ReservedCodeCacheSize                    = 251658240                              {pd product} {ergonomic}
     bool SegmentedCodeCache                       = true                                      {product} {ergonomic}
   size_t SoftMaxHeapSize                          = 1052770304                             {manageable} {ergonomic}
     bool UseCompressedClassPointers               = true                           {product lp64_product} {ergonomic}
     bool UseCompressedOops                        = true                           {product lp64_product} {ergonomic}
     bool UseG1GC                                  = true                                      {product} {ergonomic}
     bool UseLargePagesIndividualAllocation        = false                                  {pd product} {ergonomic}

Logging:
Log output configuration:
 #0: stdout all=warning uptime,level,tags foldmultilines=false
 #1: stderr all=off uptime,level,tags foldmultilines=false

Environment Variables:
PATH=C:\WINDOWS\system32;C:\WINDOWS;C:\WINDOWS\System32\Wbem;C:\WINDOWS\System32\WindowsPowerShell\v1.0\;C:\WINDOWS\System32\OpenSSH\;C:\Program Files (x86)\nodejs\;C:\Program Files (x86)\nodejs\npm;C:\Users\ERIN_JAVALead\AppData\Roaming\npm;C:\Program Files\Git\cmd;C:\Program Files (x86)\dotnet\;C:\Program Files (x86)\Microsoft SQL Server\160\DTS\Binn\;C:\Program Files\Azure Data Studio\bin;C:\Program Files (x86)\Microsoft SQL Server\160\Tools\Binn\;C:\Program Files\Microsoft SQL Server\160\Tools\Binn\;C:\Program Files\Microsoft SQL Server\Client SDK\ODBC\170\Tools\Binn\;C:\Program Files\Microsoft SQL Server\160\DTS\Binn\;C:\Users\ERIN_JAVALead\AppData\Local\Microsoft\WindowsApps;;C:\Users\ERIN_JAVALead\AppData\Local\Programs\Microsoft VS Code\bin;C:\Users\ERIN_JAVALead\AppData\Roaming\npm;C:\Program Files\Azure Data Studio\bin
USERNAME=ERIN_JAVALead
OS=Windows_NT
PROCESSOR_IDENTIFIER=Intel64 Family 6 Model 78 Stepping 3, GenuineIntel



---------------  S Y S T E M  ---------------

OS:
 Windows 10 , 64 bit Build 19041 (10.0.19041.3570)
OS uptime: 0 days 1:26 hours

CPU: total 4 (initial active 4) (2 cores per cpu, 2 threads per core) family 6 model 78 stepping 3 microcode 0xcc, cx8, cmov, fxsr, ht, mmx, 3dnowpref, sse, sse2, sse3, ssse3, sse4.1, sse4.2, popcnt, lzcnt, tsc, tscinvbit, avx, avx2, aes, erms, clmul, bmi1, bmi2, adx, fma, vzeroupper, clflush, clflushopt

Memory: 4k page, system-wide physical 4012M (378M free)
TotalPageFile size 6060M (AvailPageFile size 9M)
current process WorkingSet (physical memory assigned to process): 148M, peak: 150M
current process commit charge ("private bytes"): 200M, peak: 201M

vm_info: OpenJDK 64-Bit Server VM (18.0.2+9-FR) for windows-amd64 JRE (18.0.2+9-FR), built on Jul 15 2022 20:03:03 by "Administrator" with MS VC++ 15.9 (VS2017)

END.
