#
# There is insufficient memory for the Java Runtime Environment to continue.
# Native memory allocation (malloc) failed to allocate 456096 bytes for Chunk::new
# Possible reasons:
#   The system is out of physical RAM or swap space
#   The process is running with CompressedOops enabled, and the Java Heap may be blocking the growth of the native heap
# Possible solutions:
#   Reduce memory load on the system
#   Increase physical memory or swap space
#   Check if swap backing store is full
#   Decrease Java heap size (-Xmx/-Xms)
#   Decrease number of Java threads
#   Decrease Java thread stack sizes (-Xss)
#   Set larger code cache with -XX:ReservedCodeCacheSize=
#   JVM is running with Unscaled Compressed Oops mode in which the Java heap is
#     placed in the first 4GB address space. The Java Heap base address is the
#     maximum limit for the native heap growth. Please use -XX:HeapBaseMinAddress
#     to set the Java Heap base and to place the Java Heap above 4GB virtual address.
# This output file may be truncated or incomplete.
#
#  Out of Memory Error (arena.cpp:184), pid=5936, tid=10584
#
# JRE version: OpenJDK Runtime Environment Corretto-18.0.2.9.1 (18.0.2+9) (build 18.0.2+9-FR)
# Java VM: OpenJDK 64-Bit Server VM Corretto-18.0.2.9.1 (18.0.2+9-FR, mixed mode, sharing, tiered, compressed oops, compressed class ptrs, g1 gc, windows-amd64)
# No core dump will be written. Minidumps are not enabled by default on client versions of Windows
#

---------------  S U M M A R Y ------------

Command Line: -javaagent:C:\Program Files\JetBrains\IntelliJ IDEA Community Edition 2021.3.3\lib\idea_rt.jar=55230:C:\Program Files\JetBrains\IntelliJ IDEA Community Edition 2021.3.3\bin -Dfile.encoding=UTF-8 com.devskiller.tasks.blog.BlogApplication

Host: Intel(R) Core(TM) i3-6006U CPU @ 2.00GHz, 4 cores, 3G,  Windows 10 , 64 bit Build 19041 (10.0.19041.3570)
Time: Mon Oct 30 13:32:23 2023 Central European Standard Time elapsed time: 8.265777 seconds (0d 0h 0m 8s)

---------------  T H R E A D  ---------------

Current thread (0x00000217f904cc10):  JavaThread "C2 CompilerThread0" daemon [_thread_in_native, id=10584, stack(0x0000005b6d200000,0x0000005b6d300000)]


Current CompileTask:
C2:   8266 2515   !   4       java.net.URL::<init> (543 bytes)

Stack: [0x0000005b6d200000,0x0000005b6d300000]
Native frames: (J=compiled Java code, j=interpreted, Vv=VM code, C=native code)
V  [jvm.dll+0x685a2a]
V  [jvm.dll+0x82ae8d]
V  [jvm.dll+0x82c75e]
V  [jvm.dll+0x82ce03]
V  [jvm.dll+0x25ef4b]
V  [jvm.dll+0xd42d2]
V  [jvm.dll+0xd4665]
V  [jvm.dll+0x2ca852]
V  [jvm.dll+0x5907bf]
V  [jvm.dll+0x23bae0]
V  [jvm.dll+0x234e99]
V  [jvm.dll+0x232e1f]
V  [jvm.dll+0x1c0a35]
V  [jvm.dll+0x24212c]
V  [jvm.dll+0x240534]
V  [jvm.dll+0x7df6db]
V  [jvm.dll+0x7d9cba]
V  [jvm.dll+0x6848a5]
C  [ucrtbase.dll+0x21bb2]
C  [KERNEL32.DLL+0x17344]
C  [ntdll.dll+0x526b1]


---------------  P R O C E S S  ---------------

Threads class SMR info:
_java_thread_list=0x00000217fe1e5900, length=13, elements={
0x00000217ddae4a20, 0x00000217f90341a0, 0x00000217f9034e00, 0x00000217f904a260,
0x00000217f904ac00, 0x00000217f904b5a0, 0x00000217f904bf40, 0x00000217f904cc10,
0x00000217f904d5f0, 0x00000217f9051790, 0x00000217fd418050, 0x00000217fd79b1a0,
0x00000217fd6abea0
}

Java Threads: ( => current thread )
  0x00000217ddae4a20 JavaThread "main" [_thread_in_vm, id=9904, stack(0x0000005b6c500000,0x0000005b6c600000)]
  0x00000217f90341a0 JavaThread "Reference Handler" daemon [_thread_blocked, id=5276, stack(0x0000005b6cc00000,0x0000005b6cd00000)]
  0x00000217f9034e00 JavaThread "Finalizer" daemon [_thread_blocked, id=6344, stack(0x0000005b6cd00000,0x0000005b6ce00000)]
  0x00000217f904a260 JavaThread "Signal Dispatcher" daemon [_thread_blocked, id=3032, stack(0x0000005b6ce00000,0x0000005b6cf00000)]
  0x00000217f904ac00 JavaThread "Attach Listener" daemon [_thread_blocked, id=4468, stack(0x0000005b6cf00000,0x0000005b6d000000)]
  0x00000217f904b5a0 JavaThread "Service Thread" daemon [_thread_blocked, id=8476, stack(0x0000005b6d000000,0x0000005b6d100000)]
  0x00000217f904bf40 JavaThread "Monitor Deflation Thread" daemon [_thread_blocked, id=9896, stack(0x0000005b6d100000,0x0000005b6d200000)]
=>0x00000217f904cc10 JavaThread "C2 CompilerThread0" daemon [_thread_in_native, id=10584, stack(0x0000005b6d200000,0x0000005b6d300000)]
  0x00000217f904d5f0 JavaThread "C1 CompilerThread0" daemon [_thread_blocked, id=10652, stack(0x0000005b6d300000,0x0000005b6d400000)]
  0x00000217f9051790 JavaThread "Sweeper thread" daemon [_thread_blocked, id=7664, stack(0x0000005b6d400000,0x0000005b6d500000)]
  0x00000217fd418050 JavaThread "Common-Cleaner" daemon [_thread_blocked, id=2348, stack(0x0000005b6d500000,0x0000005b6d600000)]
  0x00000217fd79b1a0 JavaThread "Monitor Ctrl-Break" daemon [_thread_in_native, id=7628, stack(0x0000005b6d600000,0x0000005b6d700000)]
  0x00000217fd6abea0 JavaThread "Notification Thread" daemon [_thread_blocked, id=11276, stack(0x0000005b6d700000,0x0000005b6d800000)]

Other Threads:
  0x00000217f902e9e0 VMThread "VM Thread" [stack: 0x0000005b6cb00000,0x0000005b6cc00000] [id=3416]
  0x00000217fd79b660 WatcherThread "VM Periodic Task Thread" [stack: 0x0000005b6d800000,0x0000005b6d900000] [id=12852]
  0x00000217ddb251e0 WorkerThread "GC Thread#0" [stack: 0x0000005b6c600000,0x0000005b6c700000] [id=9396]
  0x00000217fd9c56d0 WorkerThread "GC Thread#1" [stack: 0x0000005b6d900000,0x0000005b6da00000] [id=6328]
  0x00000217fd9dc880 WorkerThread "GC Thread#2" [stack: 0x0000005b6da00000,0x0000005b6db00000] [id=8124]
  0x00000217fde75a50 WorkerThread "GC Thread#3" [stack: 0x0000005b6db00000,0x0000005b6dc00000] [id=4968]
  0x00000217ddb2f2a0 ConcurrentGCThread "G1 Main Marker" [stack: 0x0000005b6c700000,0x0000005b6c800000] [id=2364]
  0x00000217ddb2fc90 WorkerThread "G1 Conc#0" [stack: 0x0000005b6c800000,0x0000005b6c900000] [id=9568]
  0x00000217ddb56e90 ConcurrentGCThread "G1 Refine#0" [stack: 0x0000005b6c900000,0x0000005b6ca00000] [id=636]
  0x00000217ddb577a0 ConcurrentGCThread "G1 Service" [stack: 0x0000005b6ca00000,0x0000005b6cb00000] [id=5900]

Threads with active compile tasks:
C2 CompilerThread0     8369 2515   !   4       java.net.URL::<init> (543 bytes)

VM state: not at safepoint (normal execution)

VM Mutex/Monitor currently owned by a thread:  ([mutex/lock_event])
[0x00000217ddad0a80] Metaspace_lock - owner thread: 0x00000217ddae4a20

Heap address: 0x00000000c1400000, size: 1004 MB, Compressed Oops mode: 32-bit

CDS archive(s) mapped at: [0x0000000800000000-0x0000000800ba0000-0x0000000800ba0000), size 12189696, SharedBaseAddress: 0x0000000800000000, ArchiveRelocationMode: 0.
Compressed class space mapped at: 0x0000000800c00000-0x0000000840c00000, reserved size: 1073741824
Narrow klass base: 0x0000000800000000, Narrow klass shift: 0, Narrow klass range: 0x100000000

GC Precious Log:
 CardTable entry size: 512
 Card Set container configuration: InlinePtr #cards 5 size 8 Array Of Cards #cards 12 size 40 Howl #buckets 4 coarsen threshold 1843 Howl Bitmap #cards 512 size 80 coarsen threshold 460 Card regions per heap region 1 cards per card region 2048
 CPUs: 4 total, 4 available
 Memory: 4012M
 Large Page Support: Disabled
 NUMA Support: Disabled
 Compressed Oops: Enabled (32-bit)
 Heap Region Size: 1M
 Heap Min Capacity: 8M
 Heap Initial Capacity: 64M
 Heap Max Capacity: 1004M
 Pre-touch: Disabled
 Parallel Workers: 4
 Concurrent Workers: 1
 Concurrent Refinement Workers: 4
 Periodic GC: Disabled

Heap:
 garbage-first heap   total 65536K, used 11132K [0x00000000c1400000, 0x0000000100000000)
  region size 1024K, 5 young (5120K), 4 survivors (4096K)
 Metaspace       used 18135K, committed 18432K, reserved 1114112K
  class space    used 2142K, committed 2304K, reserved 1048576K

Heap Regions: E=young(eden), S=young(survivor), O=old, HS=humongous(starts), HC=humongous(continues), CS=collection set, F=free, OA=open archive, CA=closed archive, TAMS=top-at-mark-start (previous, next)
|   0|0x00000000c1400000, 0x00000000c1500000, 0x00000000c1500000|100%|HS|  |TAMS 0x00000000c1400000, 0x00000000c1400000| Complete 
|   1|0x00000000c1500000, 0x00000000c1600000, 0x00000000c1600000|100%| O|  |TAMS 0x00000000c1500000, 0x00000000c1500000| Untracked 
|   2|0x00000000c1600000, 0x00000000c1700000, 0x00000000c1700000|100%| O|  |TAMS 0x00000000c1600000, 0x00000000c1600000| Untracked 
|   3|0x00000000c1700000, 0x00000000c1800000, 0x00000000c1800000|100%| O|  |TAMS 0x00000000c1700000, 0x00000000c1700000| Untracked 
|   4|0x00000000c1800000, 0x00000000c1900000, 0x00000000c1900000|100%| O|  |TAMS 0x00000000c1800000, 0x00000000c1800000| Untracked 
|   5|0x00000000c1900000, 0x00000000c1a00000, 0x00000000c1a00000|100%| O|  |TAMS 0x00000000c1900000, 0x00000000c1900000| Untracked 
|   6|0x00000000c1a00000, 0x00000000c1adf000, 0x00000000c1b00000| 87%| O|  |TAMS 0x00000000c1a00000, 0x00000000c1a00000| Untracked 
|   7|0x00000000c1b00000, 0x00000000c1b00000, 0x00000000c1c00000|  0%| F|  |TAMS 0x00000000c1b00000, 0x00000000c1b00000| Untracked 
|   8|0x00000000c1c00000, 0x00000000c1c00000, 0x00000000c1d00000|  0%| F|  |TAMS 0x00000000c1c00000, 0x00000000c1c00000| Untracked 
|   9|0x00000000c1d00000, 0x00000000c1d00000, 0x00000000c1e00000|  0%| F|  |TAMS 0x00000000c1d00000, 0x00000000c1d00000| Untracked 
|  10|0x00000000c1e00000, 0x00000000c1e00000, 0x00000000c1f00000|  0%| F|  |TAMS 0x00000000c1e00000, 0x00000000c1e00000| Untracked 
|  11|0x00000000c1f00000, 0x00000000c1f00000, 0x00000000c2000000|  0%| F|  |TAMS 0x00000000c1f00000, 0x00000000c1f00000| Untracked 
|  12|0x00000000c2000000, 0x00000000c2000000, 0x00000000c2100000|  0%| F|  |TAMS 0x00000000c2000000, 0x00000000c2000000| Untracked 
|  13|0x00000000c2100000, 0x00000000c2100000, 0x00000000c2200000|  0%| F|  |TAMS 0x00000000c2100000, 0x00000000c2100000| Untracked 
|  14|0x00000000c2200000, 0x00000000c2200000, 0x00000000c2300000|  0%| F|  |TAMS 0x00000000c2200000, 0x00000000c2200000| Untracked 
|  15|0x00000000c2300000, 0x00000000c2300000, 0x00000000c2400000|  0%| F|  |TAMS 0x00000000c2300000, 0x00000000c2300000| Untracked 
|  16|0x00000000c2400000, 0x00000000c2400000, 0x00000000c2500000|  0%| F|  |TAMS 0x00000000c2400000, 0x00000000c2400000| Untracked 
|  17|0x00000000c2500000, 0x00000000c2500000, 0x00000000c2600000|  0%| F|  |TAMS 0x00000000c2500000, 0x00000000c2500000| Untracked 
|  18|0x00000000c2600000, 0x00000000c2600000, 0x00000000c2700000|  0%| F|  |TAMS 0x00000000c2600000, 0x00000000c2600000| Untracked 
|  19|0x00000000c2700000, 0x00000000c2700000, 0x00000000c2800000|  0%| F|  |TAMS 0x00000000c2700000, 0x00000000c2700000| Untracked 
|  20|0x00000000c2800000, 0x00000000c2800000, 0x00000000c2900000|  0%| F|  |TAMS 0x00000000c2800000, 0x00000000c2800000| Untracked 
|  21|0x00000000c2900000, 0x00000000c2900000, 0x00000000c2a00000|  0%| F|  |TAMS 0x00000000c2900000, 0x00000000c2900000| Untracked 
|  22|0x00000000c2a00000, 0x00000000c2a00000, 0x00000000c2b00000|  0%| F|  |TAMS 0x00000000c2a00000, 0x00000000c2a00000| Untracked 
|  23|0x00000000c2b00000, 0x00000000c2b00000, 0x00000000c2c00000|  0%| F|  |TAMS 0x00000000c2b00000, 0x00000000c2b00000| Untracked 
|  24|0x00000000c2c00000, 0x00000000c2c00000, 0x00000000c2d00000|  0%| F|  |TAMS 0x00000000c2c00000, 0x00000000c2c00000| Untracked 
|  25|0x00000000c2d00000, 0x00000000c2d00000, 0x00000000c2e00000|  0%| F|  |TAMS 0x00000000c2d00000, 0x00000000c2d00000| Untracked 
|  26|0x00000000c2e00000, 0x00000000c2e00000, 0x00000000c2f00000|  0%| F|  |TAMS 0x00000000c2e00000, 0x00000000c2e00000| Untracked 
|  27|0x00000000c2f00000, 0x00000000c3000000, 0x00000000c3000000|100%| S|CS|TAMS 0x00000000c2f00000, 0x00000000c2f00000| Complete 
|  28|0x00000000c3000000, 0x00000000c3100000, 0x00000000c3100000|100%| S|CS|TAMS 0x00000000c3000000, 0x00000000c3000000| Complete 
|  29|0x00000000c3100000, 0x00000000c3200000, 0x00000000c3200000|100%| S|CS|TAMS 0x00000000c3100000, 0x00000000c3100000| Complete 
|  30|0x00000000c3200000, 0x00000000c3300000, 0x00000000c3300000|100%| S|CS|TAMS 0x00000000c3200000, 0x00000000c3200000| Complete 
|  31|0x00000000c3300000, 0x00000000c3300000, 0x00000000c3400000|  0%| F|  |TAMS 0x00000000c3300000, 0x00000000c3300000| Untracked 
|  32|0x00000000c3400000, 0x00000000c3400000, 0x00000000c3500000|  0%| F|  |TAMS 0x00000000c3400000, 0x00000000c3400000| Untracked 
|  33|0x00000000c3500000, 0x00000000c3500000, 0x00000000c3600000|  0%| F|  |TAMS 0x00000000c3500000, 0x00000000c3500000| Untracked 
|  34|0x00000000c3600000, 0x00000000c3600000, 0x00000000c3700000|  0%| F|  |TAMS 0x00000000c3600000, 0x00000000c3600000| Untracked 
|  35|0x00000000c3700000, 0x00000000c3700000, 0x00000000c3800000|  0%| F|  |TAMS 0x00000000c3700000, 0x00000000c3700000| Untracked 
|  36|0x00000000c3800000, 0x00000000c3800000, 0x00000000c3900000|  0%| F|  |TAMS 0x00000000c3800000, 0x00000000c3800000| Untracked 
|  37|0x00000000c3900000, 0x00000000c3900000, 0x00000000c3a00000|  0%| F|  |TAMS 0x00000000c3900000, 0x00000000c3900000| Untracked 
|  38|0x00000000c3a00000, 0x00000000c3a00000, 0x00000000c3b00000|  0%| F|  |TAMS 0x00000000c3a00000, 0x00000000c3a00000| Untracked 
|  39|0x00000000c3b00000, 0x00000000c3b00000, 0x00000000c3c00000|  0%| F|  |TAMS 0x00000000c3b00000, 0x00000000c3b00000| Untracked 
|  40|0x00000000c3c00000, 0x00000000c3c00000, 0x00000000c3d00000|  0%| F|  |TAMS 0x00000000c3c00000, 0x00000000c3c00000| Untracked 
|  41|0x00000000c3d00000, 0x00000000c3d00000, 0x00000000c3e00000|  0%| F|  |TAMS 0x00000000c3d00000, 0x00000000c3d00000| Untracked 
|  42|0x00000000c3e00000, 0x00000000c3e00000, 0x00000000c3f00000|  0%| F|  |TAMS 0x00000000c3e00000, 0x00000000c3e00000| Untracked 
|  43|0x00000000c3f00000, 0x00000000c3f00000, 0x00000000c4000000|  0%| F|  |TAMS 0x00000000c3f00000, 0x00000000c3f00000| Untracked 
|  44|0x00000000c4000000, 0x00000000c4000000, 0x00000000c4100000|  0%| F|  |TAMS 0x00000000c4000000, 0x00000000c4000000| Untracked 
|  45|0x00000000c4100000, 0x00000000c4100000, 0x00000000c4200000|  0%| F|  |TAMS 0x00000000c4100000, 0x00000000c4100000| Untracked 
|  46|0x00000000c4200000, 0x00000000c4200000, 0x00000000c4300000|  0%| F|  |TAMS 0x00000000c4200000, 0x00000000c4200000| Untracked 
|  47|0x00000000c4300000, 0x00000000c4300000, 0x00000000c4400000|  0%| F|  |TAMS 0x00000000c4300000, 0x00000000c4300000| Untracked 
|  48|0x00000000c4400000, 0x00000000c4400000, 0x00000000c4500000|  0%| F|  |TAMS 0x00000000c4400000, 0x00000000c4400000| Untracked 
|  49|0x00000000c4500000, 0x00000000c4500000, 0x00000000c4600000|  0%| F|  |TAMS 0x00000000c4500000, 0x00000000c4500000| Untracked 
|  50|0x00000000c4600000, 0x00000000c4600000, 0x00000000c4700000|  0%| F|  |TAMS 0x00000000c4600000, 0x00000000c4600000| Untracked 
|  51|0x00000000c4700000, 0x00000000c4700000, 0x00000000c4800000|  0%| F|  |TAMS 0x00000000c4700000, 0x00000000c4700000| Untracked 
|  52|0x00000000c4800000, 0x00000000c4800000, 0x00000000c4900000|  0%| F|  |TAMS 0x00000000c4800000, 0x00000000c4800000| Untracked 
|  53|0x00000000c4900000, 0x00000000c4900000, 0x00000000c4a00000|  0%| F|  |TAMS 0x00000000c4900000, 0x00000000c4900000| Untracked 
|  54|0x00000000c4a00000, 0x00000000c4a00000, 0x00000000c4b00000|  0%| F|  |TAMS 0x00000000c4a00000, 0x00000000c4a00000| Untracked 
|  55|0x00000000c4b00000, 0x00000000c4b00000, 0x00000000c4c00000|  0%| F|  |TAMS 0x00000000c4b00000, 0x00000000c4b00000| Untracked 
|  56|0x00000000c4c00000, 0x00000000c4c00000, 0x00000000c4d00000|  0%| F|  |TAMS 0x00000000c4c00000, 0x00000000c4c00000| Untracked 
|  57|0x00000000c4d00000, 0x00000000c4d00000, 0x00000000c4e00000|  0%| F|  |TAMS 0x00000000c4d00000, 0x00000000c4d00000| Untracked 
|  58|0x00000000c4e00000, 0x00000000c4e00000, 0x00000000c4f00000|  0%| F|  |TAMS 0x00000000c4e00000, 0x00000000c4e00000| Untracked 
|  59|0x00000000c4f00000, 0x00000000c4f00000, 0x00000000c5000000|  0%| F|  |TAMS 0x00000000c4f00000, 0x00000000c4f00000| Untracked 
|  60|0x00000000c5000000, 0x00000000c5000000, 0x00000000c5100000|  0%| F|  |TAMS 0x00000000c5000000, 0x00000000c5000000| Untracked 
|  61|0x00000000c5100000, 0x00000000c5100000, 0x00000000c5200000|  0%| F|  |TAMS 0x00000000c5100000, 0x00000000c5100000| Untracked 
|  62|0x00000000c5200000, 0x00000000c5200000, 0x00000000c5300000|  0%| F|  |TAMS 0x00000000c5200000, 0x00000000c5200000| Untracked 
|  63|0x00000000c5300000, 0x00000000c5400000, 0x00000000c5400000|100%| E|  |TAMS 0x00000000c5300000, 0x00000000c5300000| Complete 

Card table byte_map: [0x00000217f48b0000,0x00000217f4ab0000] _byte_map_base: 0x00000217f42a6000

Marking Bits (Prev, Next): (CMBitMap*) 0x00000217ddb26bf0, (CMBitMap*) 0x00000217ddb26c30
 Prev Bits: [0x00000217f4cb0000, 0x00000217f5c60000)
 Next Bits: [0x00000217f5c60000, 0x00000217f6c10000)

Polling page: 0x00000217dd2b0000

Metaspace:

Usage:
  Non-class:     15.62 MB used.
      Class:      2.09 MB used.
       Both:     17.71 MB used.

Virtual space:
  Non-class space:       64.00 MB reserved,      15.75 MB ( 25%) committed,  1 nodes.
      Class space:        1.00 GB reserved,       2.25 MB ( <1%) committed,  1 nodes.
             Both:        1.06 GB reserved,      18.00 MB (  2%) committed. 

Chunk freelists:
   Non-Class:  3.55 MB
       Class:  1.73 MB
        Both:  5.28 MB

MaxMetaspaceSize: unlimited
CompressedClassSpaceSize: 1.00 GB
Initial GC threshold: 21.00 MB
Current GC threshold: 21.00 MB
CDS: on
MetaspaceReclaimPolicy: balanced
 - commit_granule_bytes: 65536.
 - commit_granule_words: 8192.
 - virtual_space_node_default_size: 8388608.
 - enlarge_chunks_in_place: 1.
 - new_chunks_are_fully_committed: 0.
 - uncommit_free_chunks: 1.
 - use_allocation_guard: 0.


Internal statistics:

num_allocs_failed_limit: 0.
num_arena_births: 226.
num_arena_deaths: 0.
num_vsnodes_births: 2.
num_vsnodes_deaths: 0.
num_space_committed: 288.
num_space_uncommitted: 0.
num_chunks_returned_to_freelist: 0.
num_chunks_taken_from_freelist: 812.
num_chunk_merges: 0.
num_chunk_splits: 581.
num_chunks_enlarged: 467.
num_inconsistent_stats: 0.

CodeHeap 'non-profiled nmethods': size=120000Kb used=851Kb max_used=851Kb free=119148Kb
 bounds [0x00000217ed180000, 0x00000217ed3f0000, 0x00000217f46b0000]
CodeHeap 'profiled nmethods': size=120000Kb used=5315Kb max_used=5315Kb free=114684Kb
 bounds [0x00000217e5c50000, 0x00000217e6190000, 0x00000217ed180000]
CodeHeap 'non-nmethods': size=5760Kb used=1190Kb max_used=1221Kb free=4569Kb
 bounds [0x00000217e56b0000, 0x00000217e5920000, 0x00000217e5c50000]
 total_blobs=3044 nmethods=2569 adapters=387
 compilation: enabled
              stopped_count=0, restarted_count=0
 full_count=0

Compilation events (20 events):
Event: 8.215 Thread 0x00000217f904d5f0 2528       3       java.util.LinkedHashMap::forEach (65 bytes)
Event: 8.216 Thread 0x00000217f904d5f0 nmethod 2528 0x00000217e6157e10 code [0x00000217e6158000, 0x00000217e61584c8]
Event: 8.218 Thread 0x00000217f904d5f0 2529       1       org.springframework.beans.factory.support.AbstractBeanDefinition::getScope (5 bytes)
Event: 8.218 Thread 0x00000217f904d5f0 nmethod 2529 0x00000217ed252d90 code [0x00000217ed252f20, 0x00000217ed252ff8]
Event: 8.219 Thread 0x00000217f904d5f0 2531       3       sun.reflect.annotation.AnnotationParser::parseStringArray (85 bytes)
Event: 8.220 Thread 0x00000217f904d5f0 nmethod 2531 0x00000217e6158690 code [0x00000217e61588a0, 0x00000217e6159048]
Event: 8.220 Thread 0x00000217f904d5f0 2533       3       java.util.stream.Sink$ChainedReference::begin (11 bytes)
Event: 8.220 Thread 0x00000217f904d5f0 nmethod 2533 0x00000217e6159310 code [0x00000217e61594c0, 0x00000217e6159688]
Event: 8.220 Thread 0x00000217f904d5f0 2532       3       org.springframework.core.type.AnnotatedTypeMetadata::getAllAnnotationAttributes (59 bytes)
Event: 8.222 Thread 0x00000217f904d5f0 nmethod 2532 0x00000217e6159790 code [0x00000217e6159ae0, 0x00000217e615b238]
Event: 8.222 Thread 0x00000217f904d5f0 2536       3       org.springframework.context.annotation.AnnotationConfigUtils::attributesFor (9 bytes)
Event: 8.223 Thread 0x00000217f904d5f0 nmethod 2536 0x00000217e615ba10 code [0x00000217e615bc40, 0x00000217e615c588]
Event: 8.223 Thread 0x00000217f904d5f0 2535       3       org.springframework.context.annotation.AnnotationConfigUtils::attributesFor (11 bytes)
Event: 8.224 Thread 0x00000217f904d5f0 nmethod 2535 0x00000217e615c810 code [0x00000217e615ca20, 0x00000217e615d1f8]
Event: 8.224 Thread 0x00000217f904d5f0 2534       3       sun.reflect.annotation.AnnotationParser::parseConst (209 bytes)
Event: 8.226 Thread 0x00000217f904d5f0 nmethod 2534 0x00000217e615d410 code [0x00000217e615d860, 0x00000217e615f298]
Event: 8.226 Thread 0x00000217f904d5f0 2537       3       java.util.concurrent.ConcurrentHashMap::isEmpty (15 bytes)
Event: 8.227 Thread 0x00000217f904d5f0 nmethod 2537 0x00000217e615fc10 code [0x00000217e615fdc0, 0x00000217e615ff68]
Event: 8.227 Thread 0x00000217f904d5f0 2539   !   3       org.springframework.beans.BeanUtils::instantiateClass (208 bytes)
Event: 8.230 Thread 0x00000217f904d5f0 nmethod 2539 0x00000217e6160010 code [0x00000217e6160380, 0x00000217e6161b58]

GC Heap History (6 events):
Event: 2.586 GC heap before
{Heap before GC invocations=0 (full 0):
 garbage-first heap   total 65536K, used 13312K [0x00000000c1400000, 0x0000000100000000)
  region size 1024K, 13 young (13312K), 0 survivors (0K)
 Metaspace       used 3911K, committed 4096K, reserved 1114112K
  class space    used 393K, committed 512K, reserved 1048576K
}
Event: 2.597 GC heap after
{Heap after GC invocations=1 (full 0):
 garbage-first heap   total 65536K, used 6160K [0x00000000c1400000, 0x0000000100000000)
  region size 1024K, 2 young (2048K), 2 survivors (2048K)
 Metaspace       used 3911K, committed 4096K, reserved 1114112K
  class space    used 393K, committed 512K, reserved 1048576K
}
Event: 5.304 GC heap before
{Heap before GC invocations=1 (full 0):
 garbage-first heap   total 65536K, used 17424K [0x00000000c1400000, 0x0000000100000000)
  region size 1024K, 13 young (13312K), 2 survivors (2048K)
 Metaspace       used 7019K, committed 7232K, reserved 1114112K
  class space    used 819K, committed 896K, reserved 1048576K
}
Event: 5.313 GC heap after
{Heap after GC invocations=2 (full 0):
 garbage-first heap   total 65536K, used 7168K [0x00000000c1400000, 0x0000000100000000)
  region size 1024K, 1 young (1024K), 1 survivors (1024K)
 Metaspace       used 7019K, committed 7232K, reserved 1114112K
  class space    used 819K, committed 896K, reserved 1048576K
}
Event: 6.372 GC heap before
{Heap before GC invocations=2 (full 0):
 garbage-first heap   total 65536K, used 27648K [0x00000000c1400000, 0x0000000100000000)
  region size 1024K, 22 young (22528K), 1 survivors (1024K)
 Metaspace       used 12866K, committed 13056K, reserved 1114112K
  class space    used 1500K, committed 1600K, reserved 1048576K
}
Event: 6.378 GC heap after
{Heap after GC invocations=3 (full 0):
 garbage-first heap   total 65536K, used 8872K [0x00000000c1400000, 0x0000000100000000)
  region size 1024K, 3 young (3072K), 3 survivors (3072K)
 Metaspace       used 12866K, committed 13056K, reserved 1114112K
  class space    used 1500K, committed 1600K, reserved 1048576K
}

Deoptimization events (20 events):
Event: 7.835 Thread 0x00000217ddae4a20 Uncommon trap: trap_request=0xffffff45 fr.pc=0x00000217ed235478 relative=0x0000000000001038
Event: 7.835 Thread 0x00000217ddae4a20 Uncommon trap: reason=unstable_if action=reinterpret pc=0x00000217ed235478 method=jdk.internal.jimage.ImageLocation.verifyName(Ljava/lang/String;Ljava/lang/String;IIIIIILjdk/internal/jimage/ImageStrings;)Z @ 2 c2
Event: 7.835 Thread 0x00000217ddae4a20 DEOPT PACKING pc=0x00000217ed235478 sp=0x0000005b6c5fdbb0
Event: 7.835 Thread 0x00000217ddae4a20 DEOPT UNPACKING pc=0x00000217e57023a3 sp=0x0000005b6c5fda88 mode 2
Event: 8.063 Thread 0x00000217ddae4a20 Uncommon trap: trap_request=0xffffffde fr.pc=0x00000217ed19c0a8 relative=0x00000000000001a8
Event: 8.063 Thread 0x00000217ddae4a20 Uncommon trap: reason=class_check action=maybe_recompile pc=0x00000217ed19c0a8 method=java.lang.String.equals(Ljava/lang/Object;)Z @ 8 c2
Event: 8.063 Thread 0x00000217ddae4a20 DEOPT PACKING pc=0x00000217ed19c0a8 sp=0x0000005b6c5fe7d0
Event: 8.063 Thread 0x00000217ddae4a20 DEOPT UNPACKING pc=0x00000217e57023a3 sp=0x0000005b6c5fe768 mode 2
Event: 8.063 Thread 0x00000217ddae4a20 Uncommon trap: trap_request=0xffffffde fr.pc=0x00000217ed19c0a8 relative=0x00000000000001a8
Event: 8.063 Thread 0x00000217ddae4a20 Uncommon trap: reason=class_check action=maybe_recompile pc=0x00000217ed19c0a8 method=java.lang.String.equals(Ljava/lang/Object;)Z @ 8 c2
Event: 8.063 Thread 0x00000217ddae4a20 DEOPT PACKING pc=0x00000217ed19c0a8 sp=0x0000005b6c5fe7d0
Event: 8.063 Thread 0x00000217ddae4a20 DEOPT UNPACKING pc=0x00000217e57023a3 sp=0x0000005b6c5fe768 mode 2
Event: 8.063 Thread 0x00000217ddae4a20 Uncommon trap: trap_request=0xffffffde fr.pc=0x00000217ed19c0a8 relative=0x00000000000001a8
Event: 8.063 Thread 0x00000217ddae4a20 Uncommon trap: reason=class_check action=maybe_recompile pc=0x00000217ed19c0a8 method=java.lang.String.equals(Ljava/lang/Object;)Z @ 8 c2
Event: 8.063 Thread 0x00000217ddae4a20 DEOPT PACKING pc=0x00000217ed19c0a8 sp=0x0000005b6c5fe7d0
Event: 8.063 Thread 0x00000217ddae4a20 DEOPT UNPACKING pc=0x00000217e57023a3 sp=0x0000005b6c5fe768 mode 2
Event: 8.065 Thread 0x00000217ddae4a20 Uncommon trap: trap_request=0xffffffde fr.pc=0x00000217ed19c0a8 relative=0x00000000000001a8
Event: 8.065 Thread 0x00000217ddae4a20 Uncommon trap: reason=class_check action=maybe_recompile pc=0x00000217ed19c0a8 method=java.lang.String.equals(Ljava/lang/Object;)Z @ 8 c2
Event: 8.065 Thread 0x00000217ddae4a20 DEOPT PACKING pc=0x00000217ed19c0a8 sp=0x0000005b6c5fe420
Event: 8.065 Thread 0x00000217ddae4a20 DEOPT UNPACKING pc=0x00000217e57023a3 sp=0x0000005b6c5fe3b8 mode 2

Classes loaded (20 events):
Event: 6.525 Loading class java/util/regex/Pattern$LazyLoop
Event: 6.526 Loading class java/util/regex/Pattern$Loop
Event: 6.526 Loading class java/util/regex/Pattern$Loop done
Event: 6.526 Loading class java/util/regex/Pattern$LazyLoop done
Event: 6.526 Loading class java/util/regex/Pattern$Prolog
Event: 6.527 Loading class java/util/regex/Pattern$Prolog done
Event: 6.638 Loading class java/lang/AssertionError
Event: 6.638 Loading class java/lang/AssertionError done
Event: 6.732 Loading class java/util/regex/Pattern$BnM
Event: 6.732 Loading class java/util/regex/Pattern$BnM done
Event: 6.733 Loading class java/util/regex/Pattern$Pos
Event: 6.733 Loading class java/util/regex/Pattern$Pos done
Event: 7.235 Loading class javax/naming/ldap/LdapContext
Event: 7.236 Loading class javax/naming/directory/DirContext
Event: 7.236 Loading class javax/naming/directory/DirContext done
Event: 7.236 Loading class javax/naming/ldap/LdapContext done
Event: 7.783 Loading class java/beans/PropertyVetoException
Event: 7.783 Loading class java/beans/PropertyVetoException done
Event: 7.820 Loading class java/nio/charset/CharacterCodingException
Event: 7.820 Loading class java/nio/charset/CharacterCodingException done

Classes unloaded (0 events):
No events

Classes redefined (0 events):
No events

Internal exceptions (20 events):
Event: 5.437 Thread 0x00000217ddae4a20 Exception <a 'java/lang/NoSuchMethodError'{0x00000000c52d70e8}: 'java.lang.Object java.lang.invoke.DirectMethodHandle$Holder.invokeStaticInit(java.lang.Object, java.lang.Object, long, java.lang.Object)'> (0x00000000c52d70e8) 
thrown [s\src\hotspot\share\interpreter\linkResolver.cpp, line 759]
Event: 5.437 Thread 0x00000217ddae4a20 Exception <a 'java/lang/NoSuchMethodError'{0x00000000c52dd828}: 'java.lang.Object java.lang.invoke.DirectMethodHandle$Holder.newInvokeSpecial(java.lang.Object, java.lang.Object, long)'> (0x00000000c52dd828) 
thrown [s\src\hotspot\share\interpreter\linkResolver.cpp, line 759]
Event: 5.438 Thread 0x00000217ddae4a20 Exception <a 'java/lang/NoSuchMethodError'{0x00000000c52e13a0}: 'java.lang.Object java.lang.invoke.Invokers$Holder.linkToTargetMethod(java.lang.Object, long, java.lang.Object)'> (0x00000000c52e13a0) 
thrown [s\src\hotspot\share\interpreter\linkResolver.cpp, line 759]
Event: 5.466 Thread 0x00000217ddae4a20 Exception <a 'java/lang/NoSuchMethodError'{0x00000000c5121140}: 'void java.lang.invoke.DirectMethodHandle$Holder.invokeVirtual(java.lang.Object, java.lang.Object, java.lang.Object, java.lang.Object)'> (0x00000000c5121140) 
thrown [s\src\hotspot\share\interpreter\linkResolver.cpp, line 759]
Event: 5.578 Thread 0x00000217ddae4a20 Exception <a 'java/lang/NoSuchMethodError'{0x00000000c506ed48}: 'void java.lang.invoke.DirectMethodHandle$Holder.invokeSpecial(java.lang.Object, java.lang.Object, java.lang.Object)'> (0x00000000c506ed48) 
thrown [s\src\hotspot\share\interpreter\linkResolver.cpp, line 759]
Event: 5.581 Thread 0x00000217ddae4a20 Exception <a 'java/lang/NoSuchMethodError'{0x00000000c5075330}: 'void java.lang.invoke.DirectMethodHandle$Holder.invokeSpecial(java.lang.Object, java.lang.Object, java.lang.Object, java.lang.Object, java.lang.Object)'> (0x00000000c5075330) 
thrown [s\src\hotspot\share\interpreter\linkResolver.cpp, line 759]
Event: 5.601 Thread 0x00000217ddae4a20 Exception <a 'java/lang/IncompatibleClassChangeError'{0x00000000c50a3700}: Found class java.lang.Object, but interface was expected> (0x00000000c50a3700) 
thrown [s\src\hotspot\share\interpreter\linkResolver.cpp, line 826]
Event: 5.627 Thread 0x00000217fdac93f0 Exception <a 'java/lang/NoClassDefFoundError'{0x00000000c4f07798}: jakarta/validation/Validation> (0x00000000c4f07798) 
thrown [s\src\hotspot\share\classfile\systemDictionary.cpp, line 244]
Event: 5.993 Thread 0x00000217ddae4a20 Exception <a 'java/lang/NoSuchMethodError'{0x00000000c461fd70}: 'java.lang.Object java.lang.invoke.DirectMethodHandle$Holder.invokeStatic(java.lang.Object, int, java.lang.Object)'> (0x00000000c461fd70) 
thrown [s\src\hotspot\share\interpreter\linkResolver.cpp, line 759]
Event: 6.025 Thread 0x00000217ddae4a20 Exception <a 'java/lang/NoSuchMethodError'{0x00000000c46bdaf0}: 'int java.lang.invoke.Invokers$Holder.invokeExact_MT(java.lang.Object, java.lang.Object)'> (0x00000000c46bdaf0) 
thrown [s\src\hotspot\share\interpreter\linkResolver.cpp, line 759]
Event: 6.507 Thread 0x00000217ddae4a20 Exception <a 'java/lang/NoSuchMethodError'{0x00000000c516e6b0}: 'int java.lang.invoke.DirectMethodHandle$Holder.invokeSpecial(java.lang.Object, java.lang.Object, java.lang.Object, java.lang.Object, java.lang.Object)'> (0x00000000c516e6b0) 
thrown [s\src\hotspot\share\interpreter\linkResolver.cpp, line 759]
Event: 6.515 Thread 0x00000217ddae4a20 Exception <a 'java/lang/NoSuchMethodError'{0x00000000c5177810}: 'void java.lang.invoke.DirectMethodHandle$Holder.invokeVirtual(java.lang.Object, java.lang.Object)'> (0x00000000c5177810) 
thrown [s\src\hotspot\share\interpreter\linkResolver.cpp, line 759]
Event: 6.766 Thread 0x00000217fdac93f0 Exception <a 'java/lang/NoSuchMethodError'{0x00000000c4b7ce08}: 'long java.lang.invoke.DirectMethodHandle$Holder.invokeSpecial(java.lang.Object, java.lang.Object)'> (0x00000000c4b7ce08) 
thrown [s\src\hotspot\share\interpreter\linkResolver.cpp, line 759]
Event: 6.769 Thread 0x00000217fdac93f0 Exception <a 'java/lang/NoSuchMethodError'{0x00000000c4b88338}: 'long java.lang.invoke.DirectMethodHandle$Holder.invokeStatic(java.lang.Object, java.lang.Object)'> (0x00000000c4b88338) 
thrown [s\src\hotspot\share\interpreter\linkResolver.cpp, line 759]
Event: 6.770 Thread 0x00000217fdac93f0 Exception <a 'java/lang/NoSuchMethodError'{0x00000000c4b8b930}: 'long java.lang.invoke.DirectMethodHandle$Holder.invokeStaticInit(java.lang.Object, java.lang.Object)'> (0x00000000c4b8b930) 
thrown [s\src\hotspot\share\interpreter\linkResolver.cpp, line 759]
Event: 6.774 Thread 0x00000217fdac93f0 Exception <a 'java/lang/NoSuchMethodError'{0x00000000c4b99a98}: 'long java.lang.invoke.DirectMethodHandle$Holder.invokeInterface(java.lang.Object, java.lang.Object)'> (0x00000000c4b99a98) 
thrown [s\src\hotspot\share\interpreter\linkResolver.cpp, line 759]
Event: 6.774 Thread 0x00000217fdac93f0 Exception <a 'java/lang/IncompatibleClassChangeError'{0x00000000c4b9d020}: Found class java.lang.Object, but interface was expected> (0x00000000c4b9d020) 
thrown [s\src\hotspot\share\interpreter\linkResolver.cpp, line 826]
Event: 6.807 Thread 0x00000217fdac93f0 Exception <a 'java/lang/NoSuchMethodError'{0x00000000c4a034b8}: 'java.lang.Object java.lang.invoke.DirectMethodHandle$Holder.invokeVirtual(java.lang.Object, java.lang.Object, java.lang.Object, java.lang.Object)'> (0x00000000c4a034b8) 
thrown [s\src\hotspot\share\interpreter\linkResolver.cpp, line 759]
Event: 7.350 Thread 0x00000217ddae4a20 Exception <a 'java/lang/IncompatibleClassChangeError'{0x00000000c46a6df0}: Found class java.lang.Object, but interface was expected> (0x00000000c46a6df0) 
thrown [s\src\hotspot\share\interpreter\linkResolver.cpp, line 826]
Event: 7.430 Thread 0x00000217ddae4a20 Exception <a 'java/lang/NoSuchMethodError'{0x00000000c45ccac0}: 'void java.lang.invoke.DirectMethodHandle$Holder.invokeInterface(java.lang.Object, java.lang.Object, java.lang.Object, java.lang.Object)'> (0x00000000c45ccac0) 
thrown [s\src\hotspot\share\interpreter\linkResolver.cpp, line 759]

VM Operations (20 events):
Event: 5.304 Executing VM operation: G1CollectForAllocation
Event: 5.313 Executing VM operation: G1CollectForAllocation done
Event: 5.572 Executing VM operation: HandshakeAllThreads
Event: 5.572 Executing VM operation: HandshakeAllThreads done
Event: 5.573 Executing VM operation: HandshakeAllThreads
Event: 5.573 Executing VM operation: HandshakeAllThreads done
Event: 6.177 Executing VM operation: HandshakeAllThreads
Event: 6.177 Executing VM operation: HandshakeAllThreads done
Event: 6.371 Executing VM operation: G1CollectForAllocation
Event: 6.378 Executing VM operation: G1CollectForAllocation done
Event: 6.387 Executing VM operation: HandshakeAllThreads
Event: 6.387 Executing VM operation: HandshakeAllThreads done
Event: 6.432 Executing VM operation: HandshakeAllThreads
Event: 6.433 Executing VM operation: HandshakeAllThreads done
Event: 7.434 Executing VM operation: Cleanup
Event: 7.435 Executing VM operation: Cleanup done
Event: 8.077 Executing VM operation: HandshakeAllThreads
Event: 8.077 Executing VM operation: HandshakeAllThreads done
Event: 8.177 Executing VM operation: ICBufferFull
Event: 8.177 Executing VM operation: ICBufferFull done

Events (20 events):
Event: 0.151 Thread 0x00000217f904b5a0 Thread added: 0x00000217f904b5a0
Event: 0.151 Thread 0x00000217f904bf40 Thread added: 0x00000217f904bf40
Event: 0.151 Thread 0x00000217f904cc10 Thread added: 0x00000217f904cc10
Event: 0.176 Thread 0x00000217f904d5f0 Thread added: 0x00000217f904d5f0
Event: 0.203 Thread 0x00000217f9051790 Thread added: 0x00000217f9051790
Event: 0.405 Thread 0x00000217fd418050 Thread added: 0x00000217fd418050
Event: 0.465 Loaded shared library C:\Users\ERIN_JAVALead\.jdks\corretto-18.0.2\bin\zip.dll
Event: 0.471 Loaded shared library C:\Users\ERIN_JAVALead\.jdks\corretto-18.0.2\bin\instrument.dll
Event: 0.491 Loaded shared library C:\Users\ERIN_JAVALead\.jdks\corretto-18.0.2\bin\net.dll
Event: 0.496 Loaded shared library C:\Users\ERIN_JAVALead\.jdks\corretto-18.0.2\bin\nio.dll
Event: 0.503 Loaded shared library C:\Users\ERIN_JAVALead\.jdks\corretto-18.0.2\bin\zip.dll
Event: 0.766 Loaded shared library C:\Program Files\JetBrains\IntelliJ IDEA Community Edition 2021.3.3\bin\breakgen64.dll
Event: 0.767 Thread 0x00000217fd79b1a0 Thread added: 0x00000217fd79b1a0
Event: 0.768 Thread 0x00000217fd6abea0 Thread added: 0x00000217fd6abea0
Event: 0.876 Loaded shared library C:\Users\ERIN_JAVALead\.jdks\corretto-18.0.2\bin\jimage.dll
Event: 5.588 Thread 0x00000217fdac93f0 Thread added: 0x00000217fdac93f0
Event: 5.912 Loaded shared library C:\Users\ERIN_JAVALead\.jdks\corretto-18.0.2\bin\verify.dll
Event: 6.811 Thread 0x00000217fdac93f0 Thread exited: 0x00000217fdac93f0
Event: 7.205 Thread 0x00000217fdffc820 Thread added: 0x00000217fdffc820
Event: 7.281 Thread 0x00000217fdffc820 Thread exited: 0x00000217fdffc820


Dynamic libraries:
0x00007ff7b3370000 - 0x00007ff7b337d000 	C:\Users\ERIN_JAVALead\.jdks\corretto-18.0.2\bin\java.exe
0x00007ff9e23b0000 - 0x00007ff9e25a7000 	C:\WINDOWS\SYSTEM32\ntdll.dll
0x00007ff9e0570000 - 0x00007ff9e062d000 	C:\WINDOWS\System32\KERNEL32.DLL
0x00007ff9dfeb0000 - 0x00007ff9e01a6000 	C:\WINDOWS\System32\KERNELBASE.dll
0x00007ff9dfa90000 - 0x00007ff9dfb90000 	C:\WINDOWS\System32\ucrtbase.dll
0x00007ff9daf80000 - 0x00007ff9daf97000 	C:\Users\ERIN_JAVALead\.jdks\corretto-18.0.2\bin\jli.dll
0x00007ff9e1ed0000 - 0x00007ff9e206e000 	C:\WINDOWS\System32\USER32.dll
0x00007ff9dfa60000 - 0x00007ff9dfa82000 	C:\WINDOWS\System32\win32u.dll
0x00007ff9e03e0000 - 0x00007ff9e040c000 	C:\WINDOWS\System32\GDI32.dll
0x00007ff9dfb90000 - 0x00007ff9dfcaa000 	C:\WINDOWS\System32\gdi32full.dll
0x00007ff9dfe10000 - 0x00007ff9dfead000 	C:\WINDOWS\System32\msvcp_win.dll
0x00007ff9d05e0000 - 0x00007ff9d05f5000 	C:\Users\ERIN_JAVALead\.jdks\corretto-18.0.2\bin\VCRUNTIME140.dll
0x00007ff9deed0000 - 0x00007ff9df16a000 	C:\WINDOWS\WinSxS\amd64_microsoft.windows.common-controls_6595b64144ccf1df_6.0.19041.3570_none_60bb2a3971f3e41a\COMCTL32.dll
0x00007ff9e0470000 - 0x00007ff9e050e000 	C:\WINDOWS\System32\msvcrt.dll
0x00007ff9e2310000 - 0x00007ff9e2340000 	C:\WINDOWS\System32\IMM32.DLL
0x00007ff9cab80000 - 0x00007ff9cac1b000 	C:\Users\ERIN_JAVALead\.jdks\corretto-18.0.2\bin\msvcp140.dll
0x00007ff9a5020000 - 0x00007ff9a5c91000 	C:\Users\ERIN_JAVALead\.jdks\corretto-18.0.2\bin\server\jvm.dll
0x00007ff9e08f0000 - 0x00007ff9e099e000 	C:\WINDOWS\System32\ADVAPI32.dll
0x00007ff9e1740000 - 0x00007ff9e17dc000 	C:\WINDOWS\System32\sechost.dll
0x00007ff9e2140000 - 0x00007ff9e2266000 	C:\WINDOWS\System32\RPCRT4.dll
0x00007ff9e07c0000 - 0x00007ff9e07c8000 	C:\WINDOWS\System32\PSAPI.DLL
0x00007ff9db010000 - 0x00007ff9db019000 	C:\WINDOWS\SYSTEM32\WSOCK32.dll
0x00007ff9e0f70000 - 0x00007ff9e0fdb000 	C:\WINDOWS\System32\WS2_32.dll
0x00007ff9bf6b0000 - 0x00007ff9bf6d7000 	C:\WINDOWS\SYSTEM32\WINMM.dll
0x00007ff9d9dd0000 - 0x00007ff9d9dda000 	C:\WINDOWS\SYSTEM32\VERSION.dll
0x00007ff9dd290000 - 0x00007ff9dd2a2000 	C:\WINDOWS\SYSTEM32\kernel.appcore.dll
0x00007ff9d03e0000 - 0x00007ff9d03ea000 	C:\Users\ERIN_JAVALead\.jdks\corretto-18.0.2\bin\jimage.dll
0x00007ff9df370000 - 0x00007ff9df554000 	C:\WINDOWS\SYSTEM32\DBGHELP.DLL
0x00007ff9df330000 - 0x00007ff9df364000 	C:\WINDOWS\SYSTEM32\dbgcore.DLL
0x00007ff9e0320000 - 0x00007ff9e03a2000 	C:\WINDOWS\System32\bcryptPrimitives.dll
0x00007ff9cf8f0000 - 0x00007ff9cf8fe000 	C:\Users\ERIN_JAVALead\.jdks\corretto-18.0.2\bin\instrument.dll
0x00007ff9cb140000 - 0x00007ff9cb165000 	C:\Users\ERIN_JAVALead\.jdks\corretto-18.0.2\bin\java.dll
0x00007ff9caaa0000 - 0x00007ff9cab76000 	C:\Users\ERIN_JAVALead\.jdks\corretto-18.0.2\bin\jsvml.dll
0x00007ff9e0ff0000 - 0x00007ff9e1734000 	C:\WINDOWS\System32\SHELL32.dll
0x00007ff9dd490000 - 0x00007ff9ddc2b000 	C:\WINDOWS\SYSTEM32\windows.storage.dll
0x00007ff9e19c0000 - 0x00007ff9e1d14000 	C:\WINDOWS\System32\combase.dll
0x00007ff9dec00000 - 0x00007ff9dec2d000 	C:\WINDOWS\SYSTEM32\Wldp.dll
0x00007ff9e0710000 - 0x00007ff9e07bd000 	C:\WINDOWS\System32\SHCORE.dll
0x00007ff9e0410000 - 0x00007ff9e0465000 	C:\WINDOWS\System32\shlwapi.dll
0x00007ff9df990000 - 0x00007ff9df9b5000 	C:\WINDOWS\SYSTEM32\profapi.dll
0x00007ff9cd6e0000 - 0x00007ff9cd6f8000 	C:\Users\ERIN_JAVALead\.jdks\corretto-18.0.2\bin\zip.dll
0x00007ff9cd9d0000 - 0x00007ff9cd9e3000 	C:\Users\ERIN_JAVALead\.jdks\corretto-18.0.2\bin\net.dll
0x00007ff9d8b20000 - 0x00007ff9d8c2a000 	C:\WINDOWS\SYSTEM32\WINHTTP.dll
0x00007ff9dea70000 - 0x00007ff9deada000 	C:\WINDOWS\system32\mswsock.dll
0x00007ff9cd890000 - 0x00007ff9cd8a5000 	C:\Users\ERIN_JAVALead\.jdks\corretto-18.0.2\bin\nio.dll
0x00007ff9cd250000 - 0x00007ff9cd26a000 	C:\Program Files\JetBrains\IntelliJ IDEA Community Edition 2021.3.3\bin\breakgen64.dll
0x00007ff9cf8e0000 - 0x00007ff9cf8f0000 	C:\Users\ERIN_JAVALead\.jdks\corretto-18.0.2\bin\verify.dll

dbghelp: loaded successfully - version: 4.0.5 - missing functions: none
symbol engine: initialized successfully - sym options: 0x614 - pdb path: .;C:\Users\ERIN_JAVALead\.jdks\corretto-18.0.2\bin;C:\WINDOWS\SYSTEM32;C:\WINDOWS\WinSxS\amd64_microsoft.windows.common-controls_6595b64144ccf1df_6.0.19041.3570_none_60bb2a3971f3e41a;C:\Users\ERIN_JAVALead\.jdks\corretto-18.0.2\bin\server;C:\Program Files\JetBrains\IntelliJ IDEA Community Edition 2021.3.3\bin

VM Arguments:
jvm_args: -javaagent:C:\Program Files\JetBrains\IntelliJ IDEA Community Edition 2021.3.3\lib\idea_rt.jar=55230:C:\Program Files\JetBrains\IntelliJ IDEA Community Edition 2021.3.3\bin -Dfile.encoding=UTF-8 
java_command: com.devskiller.tasks.blog.BlogApplication
java_class_path (initial): C:\Users\ERIN_JAVALead\Downloads\devskiller-code-U32X-W3E7-T2E6-S3F\target\classes;C:\Users\ERIN_JAVALead\.m2\repository\org\springframework\boot\spring-boot-starter-data-jpa\3.0.0\spring-boot-starter-data-jpa-3.0.0.jar;C:\Users\ERIN_JAVALead\.m2\repository\org\springframework\boot\spring-boot-starter-aop\3.0.0\spring-boot-starter-aop-3.0.0.jar;C:\Users\ERIN_JAVALead\.m2\repository\org\springframework\spring-aop\6.0.2\spring-aop-6.0.2.jar;C:\Users\ERIN_JAVALead\.m2\repository\org\aspectj\aspectjweaver\1.9.9.1\aspectjweaver-1.9.9.1.jar;C:\Users\ERIN_JAVALead\.m2\repository\org\springframework\boot\spring-boot-starter-jdbc\3.0.0\spring-boot-starter-jdbc-3.0.0.jar;C:\Users\ERIN_JAVALead\.m2\repository\com\zaxxer\HikariCP\5.0.1\HikariCP-5.0.1.jar;C:\Users\ERIN_JAVALead\.m2\repository\org\springframework\spring-jdbc\6.0.2\spring-jdbc-6.0.2.jar;C:\Users\ERIN_JAVALead\.m2\repository\org\hibernate\orm\hibernate-core\6.1.5.Final\hibernate-core-6.1.5.Final.jar;C:\Users\ERIN_JAVALead\.m2\repository\jakarta\persistence\jakarta.persistence-api\3.1.0\jakarta.persistence-api-3.1.0.jar;C:\Users\ERIN_JAVALead\.m2\repository\jakarta\transaction\jakarta.transaction-api\2.0.1\jakarta.transaction-api-2.0.1.jar;C:\Users\ERIN_JAVALead\.m2\repository\org\jboss\logging\jboss-logging\3.5.0.Final\jboss-logging-3.5.0.Final.jar;C:\Users\ERIN_JAVALead\.m2\repository\org\hibernate\common\hibernate-commons-annotations\6.0.2.Final\hibernate-commons-annotations-6.0.2.Final.jar;C:\Users\ERIN_JAVALead\.m2\repository\org\jboss\jandex\2.4.2.Final\jandex-2.4.2.Final.jar;C:\Users\ERIN_JAVALead\.m2\repository\com\fasterxml\classmate\1.5.1\classmate-1.5.1.jar;C:\Users\ERIN_JAVALead\.m2\repository\net\bytebuddy\byte-buddy\1.12.19\byte-buddy-1.12.19.jar;C:\Users\ERIN_JAVALead\.m2\repository\org\glassfish\jaxb\jaxb-runtime\4.0.1\jaxb-runtime-4.0.1.jar;C:\Users\ERIN_JAVALead\.m2\repository\org\glassfish\jaxb\jaxb-core\4.0.1\jaxb-core-4.0.1.jar;C:\Users\ERIN_JAVALead\.m2\repository\org\eclipse\angus\angus-activation\1.0.0\angus-activation-1.0.0.jar;C:\Users\ERIN_JAVALead\.m2\repository\org\glassfish\jaxb\txw2\4.0.1\txw2-4.0.1.jar;C:\Users\ERIN_JAVALead\.m2\repository\com\sun\istack\istack-commons-runtime\4.1.1\istack-commons-runtime-4.1.1.jar;C:\Users\ERIN_JAVALead\.m2\repository\jakarta\inject\jakarta.inject-api\2.0.0\jakarta.inject-api-2.0.0.jar;C:\Users\ERIN_JAVALead\.m2\repository\org\antlr\antlr4-runtime\4.10.1\antlr4-runtime-4.10.1.jar;C:\Users\ERIN_JAVALead\.m2\repository\org\springframework\data\spring-data-jpa\3.0.0\spring-data-jpa-3.0.0.jar;C:\Users\ERIN_JAVALead\.m2\repository\org\springframework\data\spring-data-commons\3.0.0\spring-data-commons-3.0.0.jar;C:\Users\ERIN_JAVALead\.m2\repository\org\springframework\spring-orm\6.0.2\spring-orm-6.0.2.jar;C:\Users\ERIN_JAVALead\.m2\repository\org\springframework\spring-context\6.0.2\spring-context-6.0.2.jar;C:\Users\ERIN_JAVALead\.m2\repository\org\springframework\spring-tx\6.0.2\spring-tx-6.0.2.jar;C:\Users\ERIN_JAVALead\.m2\repository\org\springframework\spring-beans\6.0.2\spring-beans-6.0.2.jar;C:\Users\ERIN_JAVALead\.m2\repository\jakarta\annotation\jakarta.annotation-api\2.1.1\jakarta.annotation-api-2.1.1.jar;C:\Users\ERIN_JAVALead\.m2\repository\org\slf4j\slf4j-api\2.0.4\slf4j-api-2.0.4.jar;C:\Users\ERIN_JAVALead\.m2\repository\org\springframework\spring-aspects\6.0.2\spring-aspects-6.0.2.jar;C:\Users\ERIN_JAVALead\.m2\repository\org\springframework\boot\spring-boot-starter-web\2.4.2\spring-boot-starter-web-2.4.2.jar;C:\Users\ERIN_JAVALead\.m2\repository\org\springframework\boot\spring-boot-starter\3.0.0\spring-boot-starter-3.0.0.jar;C:\Users\ERIN_JAVALead\.m2\repository\org\springframework\boot\spring-boot\3.0.0\spring-boot-3.0.0.jar;C:\Users\ERIN_JAVALead\.m2\repository\org\springframework\boot\spring-boot-autoconfigure\3.0.0\spring-boot-autoconfigure-3.0.0.jar;C:\Users\ERIN_JAVALead\.m2\repository\org\springframework\boot\spring-boot-starter-logging\3.0.0\spring-boot-starter-logging-3.0.0.jar;C:\Users\ERIN_JAVALead\.m2\repository\ch\qos\logback\logback-classic\1.4.5\logback-classic-1.4.5.jar;C:\Users\ERIN_JAVALead\.m2\repository\ch\qos\logback\logback-core\1.4.5\logback-core-1.4.5.jar;C:\Users\ERIN_JAVALead\.m2\repository\org\apache\logging\log4j\log4j-to-slf4j\2.19.0\log4j-to-slf4j-2.19.0.jar;C:\Users\ERIN_JAVALead\.m2\repository\org\apache\logging\log4j\log4j-api\2.19.0\log4j-api-2.19.0.jar;C:\Users\ERIN_JAVALead\.m2\repository\org\slf4j\jul-to-slf4j\2.0.4\jul-to-slf4j-2.0.4.jar;C:\Users\ERIN_JAVALead\.m2\repository\org\yaml\snakeyaml\1.33\snakeyaml-1.33.jar;C:\Users\ERIN_JAVALead\.m2\repository\org\springframework\boot\spring-boot-starter-json\3.0.0\spring-boot-starter-json-3.0.0.jar;C:\Users\ERIN_JAVALead\.m2\repository\com\fasterxml\jackson\core\jackson-databind\2.14.1\jackson-databind-2.14.1.jar;C:\Users\ERIN_JAVALead\.m2\repository\com\fasterxml\jackson\core\jackson-annotations\2.14.1\jackson-annotations-2.14.1.jar;C:\Users\ERIN_JAVALead\.m2\repository\com\fasterxml\jackson\core\jackson-core\2.14.1\jackson-core-2.14.1.jar;C:\Users\ERIN_JAVALead\.m2\repository\com\fasterxml\jackson\datatype\jackson-datatype-jdk8\2.14.1\jackson-datatype-jdk8-2.14.1.jar;C:\Users\ERIN_JAVALead\.m2\repository\com\fasterxml\jackson\datatype\jackson-datatype-jsr310\2.14.1\jackson-datatype-jsr310-2.14.1.jar;C:\Users\ERIN_JAVALead\.m2\repository\com\fasterxml\jackson\module\jackson-module-parameter-names\2.14.1\jackson-module-parameter-names-2.14.1.jar;C:\Users\ERIN_JAVALead\.m2\repository\org\springframework\boot\spring-boot-starter-tomcat\3.0.0\spring-boot-starter-tomcat-3.0.0.jar;C:\Users\ERIN_JAVALead\.m2\repository\org\apache\tomcat\embed\tomcat-embed-core\10.1.1\tomcat-embed-core-10.1.1.jar;C:\Users\ERIN_JAVALead\.m2\repository\org\apache\tomcat\embed\tomcat-embed-el\10.1.1\tomcat-embed-el-10.1.1.jar;C:\Users\ERIN_JAVALead\.m2\repository\org\apache\tomcat\embed\tomcat-embed-websocket\10.1.1\tomcat-embed-websocket-10.1.1.jar;C:\Users\ERIN_JAVALead\.m2\repository\org\springframework\spring-web\6.0.2\spring-web-6.0.2.jar;C:\Users\ERIN_JAVALead\.m2\repository\io\micrometer\micrometer-observation\1.10.2\micrometer-observation-1.10.2.jar;C:\Users\ERIN_JAVALead\.m2\repository\io\micrometer\micrometer-commons\1.10.2\micrometer-commons-1.10.2.jar;C:\Users\ERIN_JAVALead\.m2\repository\org\springframework\spring-webmvc\6.0.2\spring-webmvc-6.0.2.jar;C:\Users\ERIN_JAVALead\.m2\repository\org\springframework\spring-expression\6.0.2\spring-expression-6.0.2.jar;C:\Users\ERIN_JAVALead\.m2\repository\com\microsoft\sqlserver\mssql-jdbc\12.4.1.jre11\mssql-jdbc-12.4.1.jre11.jar;C:\Users\ERIN_JAVALead\.m2\repository\com\h2database\h2\2.1.214\h2-2.1.214.jar;C:\Users\ERIN_JAVALead\.m2\repository\jakarta\xml\bind\jakarta.xml.bind-api\4.0.0\jakarta.xml.bind-api-4.0.0.jar;C:\Users\ERIN_JAVALead\.m2\repository\jakarta\activation\jakarta.activation-api\2.1.0\jakarta.activation-api-2.1.0.jar;C:\Users\ERIN_JAVALead\.m2\repository\org\springframework\spring-core\6.0.2\spring-core-6.0.2.jar;C:\Users\ERIN_JAVALead\.m2\repository\org\springframework\spring-jcl\6.0.2\spring-jcl-6.0.2.jar
Launcher Type: SUN_STANDARD

[Global flags]
     intx CICompilerCount                          = 3                                         {product} {ergonomic}
     uint ConcGCThreads                            = 1                                         {product} {ergonomic}
     uint G1ConcRefinementThreads                  = 4                                         {product} {ergonomic}
   size_t G1HeapRegionSize                         = 1048576                                   {product} {ergonomic}
    uintx GCDrainStackTargetSize                   = 64                                        {product} {ergonomic}
   size_t InitialHeapSize                          = 67108864                                  {product} {ergonomic}
   size_t MarkStackSize                            = 4194304                                   {product} {ergonomic}
   size_t MaxHeapSize                              = 1052770304                                {product} {ergonomic}
   size_t MaxNewSize                               = 631242752                                 {product} {ergonomic}
   size_t MinHeapDeltaBytes                        = 1048576                                   {product} {ergonomic}
   size_t MinHeapSize                              = 8388608                                   {product} {ergonomic}
    uintx NonNMethodCodeHeapSize                   = 5832780                                {pd product} {ergonomic}
    uintx NonProfiledCodeHeapSize                  = 122912730                              {pd product} {ergonomic}
    uintx ProfiledCodeHeapSize                     = 122912730                              {pd product} {ergonomic}
    uintx ReservedCodeCacheSize                    = 251658240                              {pd product} {ergonomic}
     bool SegmentedCodeCache                       = true                                      {product} {ergonomic}
   size_t SoftMaxHeapSize                          = 1052770304                             {manageable} {ergonomic}
     bool UseCompressedClassPointers               = true                           {product lp64_product} {ergonomic}
     bool UseCompressedOops                        = true                           {product lp64_product} {ergonomic}
     bool UseG1GC                                  = true                                      {product} {ergonomic}
     bool UseLargePagesIndividualAllocation        = false                                  {pd product} {ergonomic}

Logging:
Log output configuration:
 #0: stdout all=warning uptime,level,tags foldmultilines=false
 #1: stderr all=off uptime,level,tags foldmultilines=false

Environment Variables:
PATH=C:\WINDOWS\system32;C:\WINDOWS;C:\WINDOWS\System32\Wbem;C:\WINDOWS\System32\WindowsPowerShell\v1.0\;C:\WINDOWS\System32\OpenSSH\;C:\Program Files (x86)\nodejs\;C:\Program Files (x86)\nodejs\npm;C:\Users\ERIN_JAVALead\AppData\Roaming\npm;C:\Program Files\Git\cmd;C:\Program Files (x86)\dotnet\;C:\Program Files (x86)\Microsoft SQL Server\160\DTS\Binn\;C:\Program Files\Azure Data Studio\bin;C:\Program Files (x86)\Microsoft SQL Server\160\Tools\Binn\;C:\Program Files\Microsoft SQL Server\160\Tools\Binn\;C:\Program Files\Microsoft SQL Server\Client SDK\ODBC\170\Tools\Binn\;C:\Program Files\Microsoft SQL Server\160\DTS\Binn\;C:\Users\ERIN_JAVALead\AppData\Local\Microsoft\WindowsApps;;C:\Users\ERIN_JAVALead\AppData\Local\Programs\Microsoft VS Code\bin;C:\Users\ERIN_JAVALead\AppData\Roaming\npm;C:\Program Files\Azure Data Studio\bin
USERNAME=ERIN_JAVALead
OS=Windows_NT
PROCESSOR_IDENTIFIER=Intel64 Family 6 Model 78 Stepping 3, GenuineIntel



---------------  S Y S T E M  ---------------

OS:
 Windows 10 , 64 bit Build 19041 (10.0.19041.3570)
OS uptime: 0 days 4:35 hours

CPU: total 4 (initial active 4) (2 cores per cpu, 2 threads per core) family 6 model 78 stepping 3 microcode 0xcc, cx8, cmov, fxsr, ht, mmx, 3dnowpref, sse, sse2, sse3, ssse3, sse4.1, sse4.2, popcnt, lzcnt, tsc, tscinvbit, avx, avx2, aes, erms, clmul, bmi1, bmi2, adx, fma, vzeroupper, clflush, clflushopt

Memory: 4k page, system-wide physical 4012M (265M free)
TotalPageFile size 6060M (AvailPageFile size 2M)
current process WorkingSet (physical memory assigned to process): 117M, peak: 117M
current process commit charge ("private bytes"): 172M, peak: 172M

vm_info: OpenJDK 64-Bit Server VM (18.0.2+9-FR) for windows-amd64 JRE (18.0.2+9-FR), built on Jul 15 2022 20:03:03 by "Administrator" with MS VC++ 15.9 (VS2017)

END.
