#
# There is insufficient memory for the Java Runtime Environment to continue.
# Native memory allocation (malloc) failed to allocate 1762480 bytes for Chunk::new
# Possible reasons:
#   The system is out of physical RAM or swap space
#   The process is running with CompressedOops enabled, and the Java Heap may be blocking the growth of the native heap
# Possible solutions:
#   Reduce memory load on the system
#   Increase physical memory or swap space
#   Check if swap backing store is full
#   Decrease Java heap size (-Xmx/-Xms)
#   Decrease number of Java threads
#   Decrease Java thread stack sizes (-Xss)
#   Set larger code cache with -XX:ReservedCodeCacheSize=
#   JVM is running with Unscaled Compressed Oops mode in which the Java heap is
#     placed in the first 4GB address space. The Java Heap base address is the
#     maximum limit for the native heap growth. Please use -XX:HeapBaseMinAddress
#     to set the Java Heap base and to place the Java Heap above 4GB virtual address.
# This output file may be truncated or incomplete.
#
#  Out of Memory Error (arena.cpp:184), pid=4348, tid=9564
#
# JRE version: OpenJDK Runtime Environment Corretto-18.0.2.9.1 (18.0.2+9) (build 18.0.2+9-FR)
# Java VM: OpenJDK 64-Bit Server VM Corretto-18.0.2.9.1 (18.0.2+9-FR, mixed mode, sharing, tiered, compressed oops, compressed class ptrs, g1 gc, windows-amd64)
# No core dump will be written. Minidumps are not enabled by default on client versions of Windows
#

---------------  S U M M A R Y ------------

Command Line: -javaagent:C:\Program Files\JetBrains\IntelliJ IDEA Community Edition 2021.3.3\lib\idea_rt.jar=53505:C:\Program Files\JetBrains\IntelliJ IDEA Community Edition 2021.3.3\bin -Dfile.encoding=UTF-8 com.devskiller.tasks.blog.BlogApplication

Host: Intel(R) Core(TM) i3-6006U CPU @ 2.00GHz, 4 cores, 3G,  Windows 10 , 64 bit Build 19041 (10.0.19041.3570)
Time: Mon Oct 30 18:11:27 2023 Central European Standard Time elapsed time: 12.819984 seconds (0d 0h 0m 12s)

---------------  T H R E A D  ---------------

Current thread (0x00000284abc524f0):  JavaThread "C2 CompilerThread0" daemon [_thread_in_native, id=9564, stack(0x000000c99c700000,0x000000c99c800000)]


Current CompileTask:
C2:  12820 4849       4       org.springframework.beans.factory.support.AbstractBeanFactory::isTypeMatch (619 bytes)

Stack: [0x000000c99c700000,0x000000c99c800000]
Native frames: (J=compiled Java code, j=interpreted, Vv=VM code, C=native code)
V  [jvm.dll+0x685a2a]
V  [jvm.dll+0x82ae8d]
V  [jvm.dll+0x82c75e]
V  [jvm.dll+0x82ce03]
V  [jvm.dll+0x25ef4b]
V  [jvm.dll+0xd42d2]
V  [jvm.dll+0xd4665]
V  [jvm.dll+0x38578b]
V  [jvm.dll+0x1d8f20]
V  [jvm.dll+0x233b4f]
V  [jvm.dll+0x232f37]
V  [jvm.dll+0x1c0a35]
V  [jvm.dll+0x24212c]
V  [jvm.dll+0x240534]
V  [jvm.dll+0x7df6db]
V  [jvm.dll+0x7d9cba]
V  [jvm.dll+0x6848a5]
C  [ucrtbase.dll+0x21bb2]
C  [KERNEL32.DLL+0x17344]
C  [ntdll.dll+0x526b1]


---------------  P R O C E S S  ---------------

Threads class SMR info:
_java_thread_list=0x00000284b0fa1370, length=19, elements={
0x00000284906e5030, 0x00000284abc34880, 0x00000284abc354e0, 0x00000284abc4b8e0,
0x00000284abc4c280, 0x00000284abc4d3c0, 0x00000284abc4dea0, 0x00000284abc524f0,
0x00000284abc5eab0, 0x00000284abc6e090, 0x00000284907a9da0, 0x00000284b0420510,
0x00000284b0348d30, 0x00000284b1568fe0, 0x00000284b1567ca0, 0x00000284b1566e30,
0x00000284b1568b10, 0x00000284b1568170, 0x00000284b1567300
}

Java Threads: ( => current thread )
  0x00000284906e5030 JavaThread "main" [_thread_in_Java, id=6392, stack(0x000000c99ba00000,0x000000c99bb00000)]
  0x00000284abc34880 JavaThread "Reference Handler" daemon [_thread_blocked, id=4256, stack(0x000000c99c100000,0x000000c99c200000)]
  0x00000284abc354e0 JavaThread "Finalizer" daemon [_thread_blocked, id=13220, stack(0x000000c99c200000,0x000000c99c300000)]
  0x00000284abc4b8e0 JavaThread "Signal Dispatcher" daemon [_thread_blocked, id=6384, stack(0x000000c99c300000,0x000000c99c400000)]
  0x00000284abc4c280 JavaThread "Attach Listener" daemon [_thread_blocked, id=12052, stack(0x000000c99c400000,0x000000c99c500000)]
  0x00000284abc4d3c0 JavaThread "Service Thread" daemon [_thread_blocked, id=1804, stack(0x000000c99c500000,0x000000c99c600000)]
  0x00000284abc4dea0 JavaThread "Monitor Deflation Thread" daemon [_thread_blocked, id=10000, stack(0x000000c99c600000,0x000000c99c700000)]
=>0x00000284abc524f0 JavaThread "C2 CompilerThread0" daemon [_thread_in_native, id=9564, stack(0x000000c99c700000,0x000000c99c800000)]
  0x00000284abc5eab0 JavaThread "C1 CompilerThread0" daemon [_thread_blocked, id=12032, stack(0x000000c99c800000,0x000000c99c900000)]
  0x00000284abc6e090 JavaThread "Sweeper thread" daemon [_thread_blocked, id=8816, stack(0x000000c99c900000,0x000000c99ca00000)]
  0x00000284907a9da0 JavaThread "Common-Cleaner" daemon [_thread_blocked, id=3856, stack(0x000000c99ca00000,0x000000c99cb00000)]
  0x00000284b0420510 JavaThread "Monitor Ctrl-Break" daemon [_thread_in_native, id=11368, stack(0x000000c99cc00000,0x000000c99cd00000)]
  0x00000284b0348d30 JavaThread "Notification Thread" daemon [_thread_blocked, id=11268, stack(0x000000c99cd00000,0x000000c99ce00000)]
  0x00000284b1568fe0 JavaThread "Catalina-utility-1" [_thread_blocked, id=2988, stack(0x000000c99d200000,0x000000c99d300000)]
  0x00000284b1567ca0 JavaThread "Catalina-utility-2" [_thread_blocked, id=3484, stack(0x000000c99d300000,0x000000c99d400000)]
  0x00000284b1566e30 JavaThread "container-0" [_thread_blocked, id=6096, stack(0x000000c99d400000,0x000000c99d500000)]
  0x00000284b1568b10 JavaThread "mssql-jdbc-shared-timer-core-0" daemon [_thread_blocked, id=1368, stack(0x000000c99cb00000,0x000000c99cc00000)]
  0x00000284b1568170 JavaThread "HikariPool-1 housekeeper" daemon [_thread_blocked, id=8624, stack(0x000000c99d600000,0x000000c99d700000)]
  0x00000284b1567300 JavaThread "HikariPool-1 connection adder" daemon [_thread_blocked, id=2920, stack(0x000000c99d700000,0x000000c99d800000)]

Other Threads:
  0x00000284abc300d0 VMThread "VM Thread" [stack: 0x000000c99c000000,0x000000c99c100000] [id=1096]
  0x00000284b029c9c0 WatcherThread "VM Periodic Task Thread" [stack: 0x000000c99ce00000,0x000000c99cf00000] [id=2552]
  0x00000284907257f0 WorkerThread "GC Thread#0" [stack: 0x000000c99bb00000,0x000000c99bc00000] [id=11044]
  0x00000284b08053d0 WorkerThread "GC Thread#1" [stack: 0x000000c99cf00000,0x000000c99d000000] [id=2952]
  0x00000284b07192d0 WorkerThread "GC Thread#2" [stack: 0x000000c99d000000,0x000000c99d100000] [id=8732]
  0x00000284b07071c0 WorkerThread "GC Thread#3" [stack: 0x000000c99d100000,0x000000c99d200000] [id=8320]
  0x000002849072f8b0 ConcurrentGCThread "G1 Main Marker" [stack: 0x000000c99bc00000,0x000000c99bd00000] [id=11944]
  0x00000284907302a0 WorkerThread "G1 Conc#0" [stack: 0x000000c99bd00000,0x000000c99be00000] [id=12708]
  0x0000028490757550 ConcurrentGCThread "G1 Refine#0" [stack: 0x000000c99be00000,0x000000c99bf00000] [id=4304]
  0x0000028490757e60 ConcurrentGCThread "G1 Service" [stack: 0x000000c99bf00000,0x000000c99c000000] [id=10180]

Threads with active compile tasks:
C2 CompilerThread0    12877 4849       4       org.springframework.beans.factory.support.AbstractBeanFactory::isTypeMatch (619 bytes)

VM state: not at safepoint (normal execution)

VM Mutex/Monitor currently owned by a thread: None

Heap address: 0x00000000c1400000, size: 1004 MB, Compressed Oops mode: 32-bit

CDS archive(s) mapped at: [0x0000000800000000-0x0000000800ba0000-0x0000000800ba0000), size 12189696, SharedBaseAddress: 0x0000000800000000, ArchiveRelocationMode: 0.
Compressed class space mapped at: 0x0000000800c00000-0x0000000840c00000, reserved size: 1073741824
Narrow klass base: 0x0000000800000000, Narrow klass shift: 0, Narrow klass range: 0x100000000

GC Precious Log:
 CardTable entry size: 512
 Card Set container configuration: InlinePtr #cards 5 size 8 Array Of Cards #cards 12 size 40 Howl #buckets 4 coarsen threshold 1843 Howl Bitmap #cards 512 size 80 coarsen threshold 460 Card regions per heap region 1 cards per card region 2048
 CPUs: 4 total, 4 available
 Memory: 4012M
 Large Page Support: Disabled
 NUMA Support: Disabled
 Compressed Oops: Enabled (32-bit)
 Heap Region Size: 1M
 Heap Min Capacity: 8M
 Heap Initial Capacity: 64M
 Heap Max Capacity: 1004M
 Pre-touch: Disabled
 Parallel Workers: 4
 Concurrent Workers: 1
 Concurrent Refinement Workers: 4
 Periodic GC: Disabled

Heap:
 garbage-first heap   total 58368K, used 34684K [0x00000000c1400000, 0x0000000100000000)
  region size 1024K, 17 young (17408K), 4 survivors (4096K)
 Metaspace       used 56530K, committed 57024K, reserved 1114112K
  class space    used 7347K, committed 7552K, reserved 1048576K

Heap Regions: E=young(eden), S=young(survivor), O=old, HS=humongous(starts), HC=humongous(continues), CS=collection set, F=free, OA=open archive, CA=closed archive, TAMS=top-at-mark-start (previous, next)
|   0|0x00000000c1400000, 0x00000000c1500000, 0x00000000c1500000|100%|HS|  |TAMS 0x00000000c1500000, 0x00000000c1400000| Complete 
|   1|0x00000000c1500000, 0x00000000c1600000, 0x00000000c1600000|100%| O|  |TAMS 0x00000000c1600000, 0x00000000c1500000| Untracked 
|   2|0x00000000c1600000, 0x00000000c1700000, 0x00000000c1700000|100%| O|  |TAMS 0x00000000c1700000, 0x00000000c1600000| Untracked 
|   3|0x00000000c1700000, 0x00000000c1800000, 0x00000000c1800000|100%| O|  |TAMS 0x00000000c1800000, 0x00000000c1700000| Untracked 
|   4|0x00000000c1800000, 0x00000000c1900000, 0x00000000c1900000|100%| O|  |TAMS 0x00000000c1900000, 0x00000000c1800000| Untracked 
|   5|0x00000000c1900000, 0x00000000c1a00000, 0x00000000c1a00000|100%| O|  |TAMS 0x00000000c1a00000, 0x00000000c1900000| Untracked 
|   6|0x00000000c1a00000, 0x00000000c1b00000, 0x00000000c1b00000|100%| O|  |TAMS 0x00000000c1b00000, 0x00000000c1a00000| Untracked 
|   7|0x00000000c1b00000, 0x00000000c1c00000, 0x00000000c1c00000|100%| O|  |TAMS 0x00000000c1c00000, 0x00000000c1b00000| Untracked 
|   8|0x00000000c1c00000, 0x00000000c1d00000, 0x00000000c1d00000|100%| O|  |TAMS 0x00000000c1c00000, 0x00000000c1c00000| Untracked 
|   9|0x00000000c1d00000, 0x00000000c1e00000, 0x00000000c1e00000|100%| O|  |TAMS 0x00000000c1e00000, 0x00000000c1d00000| Untracked 
|  10|0x00000000c1e00000, 0x00000000c1f00000, 0x00000000c1f00000|100%| O|  |TAMS 0x00000000c1f00000, 0x00000000c1e00000| Untracked 
|  11|0x00000000c1f00000, 0x00000000c1f00000, 0x00000000c2000000|  0%| F|  |TAMS 0x00000000c1f00000, 0x00000000c1f00000| Untracked 
|  12|0x00000000c2000000, 0x00000000c2100000, 0x00000000c2100000|100%| O|  |TAMS 0x00000000c2100000, 0x00000000c2000000| Untracked 
|  13|0x00000000c2100000, 0x00000000c2200000, 0x00000000c2200000|100%| O|  |TAMS 0x00000000c2200000, 0x00000000c2100000| Untracked 
|  14|0x00000000c2200000, 0x00000000c2300000, 0x00000000c2300000|100%| O|  |TAMS 0x00000000c2300000, 0x00000000c2200000| Untracked 
|  15|0x00000000c2300000, 0x00000000c2400000, 0x00000000c2400000|100%| O|  |TAMS 0x00000000c2300000, 0x00000000c2300000| Untracked 
|  16|0x00000000c2400000, 0x00000000c2500000, 0x00000000c2500000|100%| O|  |TAMS 0x00000000c2400000, 0x00000000c2400000| Untracked 
|  17|0x00000000c2500000, 0x00000000c2544e00, 0x00000000c2600000| 26%| O|  |TAMS 0x00000000c2500000, 0x00000000c2500000| Untracked 
|  18|0x00000000c2600000, 0x00000000c2600000, 0x00000000c2700000|  0%| F|  |TAMS 0x00000000c2600000, 0x00000000c2600000| Untracked 
|  19|0x00000000c2700000, 0x00000000c2800000, 0x00000000c2800000|100%| O|  |TAMS 0x00000000c2800000, 0x00000000c2700000| Untracked 
|  20|0x00000000c2800000, 0x00000000c2900000, 0x00000000c2900000|100%| O|  |TAMS 0x00000000c2836c00, 0x00000000c2800000| Untracked 
|  21|0x00000000c2900000, 0x00000000c2900000, 0x00000000c2a00000|  0%| F|  |TAMS 0x00000000c2900000, 0x00000000c2900000| Untracked 
|  22|0x00000000c2a00000, 0x00000000c2a00000, 0x00000000c2b00000|  0%| F|  |TAMS 0x00000000c2a00000, 0x00000000c2a00000| Untracked 
|  23|0x00000000c2b00000, 0x00000000c2b00000, 0x00000000c2c00000|  0%| F|  |TAMS 0x00000000c2b00000, 0x00000000c2b00000| Untracked 
|  24|0x00000000c2c00000, 0x00000000c2c00000, 0x00000000c2d00000|  0%| F|  |TAMS 0x00000000c2c00000, 0x00000000c2c00000| Untracked 
|  25|0x00000000c2d00000, 0x00000000c2d00000, 0x00000000c2e00000|  0%| F|  |TAMS 0x00000000c2d00000, 0x00000000c2d00000| Untracked 
|  26|0x00000000c2e00000, 0x00000000c2e00000, 0x00000000c2f00000|  0%| F|  |TAMS 0x00000000c2e00000, 0x00000000c2e00000| Untracked 
|  27|0x00000000c2f00000, 0x00000000c2f00000, 0x00000000c3000000|  0%| F|  |TAMS 0x00000000c2f00000, 0x00000000c2f00000| Untracked 
|  28|0x00000000c3000000, 0x00000000c309a490, 0x00000000c3100000| 60%| S|CS|TAMS 0x00000000c3000000, 0x00000000c3000000| Complete 
|  29|0x00000000c3100000, 0x00000000c3200000, 0x00000000c3200000|100%| S|CS|TAMS 0x00000000c3100000, 0x00000000c3100000| Complete 
|  30|0x00000000c3200000, 0x00000000c3200000, 0x00000000c3300000|  0%| F|  |TAMS 0x00000000c3200000, 0x00000000c3200000| Untracked 
|  31|0x00000000c3300000, 0x00000000c3400000, 0x00000000c3400000|100%| S|CS|TAMS 0x00000000c3300000, 0x00000000c3300000| Complete 
|  32|0x00000000c3400000, 0x00000000c3500000, 0x00000000c3500000|100%| S|CS|TAMS 0x00000000c3400000, 0x00000000c3400000| Complete 
|  33|0x00000000c3500000, 0x00000000c3500000, 0x00000000c3600000|  0%| F|  |TAMS 0x00000000c3500000, 0x00000000c3500000| Untracked 
|  34|0x00000000c3600000, 0x00000000c3600000, 0x00000000c3700000|  0%| F|  |TAMS 0x00000000c3600000, 0x00000000c3600000| Untracked 
|  35|0x00000000c3700000, 0x00000000c3700000, 0x00000000c3800000|  0%| F|  |TAMS 0x00000000c3700000, 0x00000000c3700000| Untracked 
|  36|0x00000000c3800000, 0x00000000c3800000, 0x00000000c3900000|  0%| F|  |TAMS 0x00000000c3800000, 0x00000000c3800000| Untracked 
|  37|0x00000000c3900000, 0x00000000c3900000, 0x00000000c3a00000|  0%| F|  |TAMS 0x00000000c3900000, 0x00000000c3900000| Untracked 
|  38|0x00000000c3a00000, 0x00000000c3a00000, 0x00000000c3b00000|  0%| F|  |TAMS 0x00000000c3a00000, 0x00000000c3a00000| Untracked 
|  39|0x00000000c3b00000, 0x00000000c3b00000, 0x00000000c3c00000|  0%| F|  |TAMS 0x00000000c3b00000, 0x00000000c3b00000| Untracked 
|  40|0x00000000c3c00000, 0x00000000c3c00000, 0x00000000c3d00000|  0%| F|  |TAMS 0x00000000c3c00000, 0x00000000c3c00000| Untracked 
|  41|0x00000000c3d00000, 0x00000000c3d00000, 0x00000000c3e00000|  0%| F|  |TAMS 0x00000000c3d00000, 0x00000000c3d00000| Untracked 
|  42|0x00000000c3e00000, 0x00000000c3e00000, 0x00000000c3f00000|  0%| F|  |TAMS 0x00000000c3e00000, 0x00000000c3e00000| Untracked 
|  43|0x00000000c3f00000, 0x00000000c3f00000, 0x00000000c4000000|  0%| F|  |TAMS 0x00000000c3f00000, 0x00000000c3f00000| Untracked 
|  44|0x00000000c4000000, 0x00000000c4068340, 0x00000000c4100000| 40%| E|  |TAMS 0x00000000c4000000, 0x00000000c4000000| Complete 
|  45|0x00000000c4100000, 0x00000000c4200000, 0x00000000c4200000|100%| E|CS|TAMS 0x00000000c4100000, 0x00000000c4100000| Complete 
|  46|0x00000000c4200000, 0x00000000c4300000, 0x00000000c4300000|100%| E|CS|TAMS 0x00000000c4200000, 0x00000000c4200000| Complete 
|  47|0x00000000c4300000, 0x00000000c4400000, 0x00000000c4400000|100%| E|CS|TAMS 0x00000000c4300000, 0x00000000c4300000| Complete 
|  48|0x00000000c4400000, 0x00000000c4500000, 0x00000000c4500000|100%| E|CS|TAMS 0x00000000c4400000, 0x00000000c4400000| Complete 
|  49|0x00000000c4500000, 0x00000000c4600000, 0x00000000c4600000|100%| E|CS|TAMS 0x00000000c4500000, 0x00000000c4500000| Complete 
|  50|0x00000000c4600000, 0x00000000c4700000, 0x00000000c4700000|100%| E|CS|TAMS 0x00000000c4600000, 0x00000000c4600000| Complete 
|  51|0x00000000c4700000, 0x00000000c4800000, 0x00000000c4800000|100%| E|CS|TAMS 0x00000000c4700000, 0x00000000c4700000| Complete 
|  52|0x00000000c4800000, 0x00000000c4900000, 0x00000000c4900000|100%| E|CS|TAMS 0x00000000c4800000, 0x00000000c4800000| Complete 
|  53|0x00000000c4900000, 0x00000000c4a00000, 0x00000000c4a00000|100%| E|CS|TAMS 0x00000000c4900000, 0x00000000c4900000| Complete 
|  54|0x00000000c4a00000, 0x00000000c4b00000, 0x00000000c4b00000|100%| E|CS|TAMS 0x00000000c4a00000, 0x00000000c4a00000| Complete 
|  55|0x00000000c4b00000, 0x00000000c4c00000, 0x00000000c4c00000|100%| E|CS|TAMS 0x00000000c4b00000, 0x00000000c4b00000| Complete 
|  63|0x00000000c5300000, 0x00000000c5400000, 0x00000000c5400000|100%| E|CS|TAMS 0x00000000c5300000, 0x00000000c5300000| Complete 

Card table byte_map: [0x00000284a74b0000,0x00000284a76b0000] _byte_map_base: 0x00000284a6ea6000

Marking Bits (Prev, Next): (CMBitMap*) 0x0000028490727200, (CMBitMap*) 0x0000028490727240
 Prev Bits: [0x00000284a78b0000, 0x00000284a8860000)
 Next Bits: [0x00000284a8860000, 0x00000284a9810000)

Polling page: 0x000002848e5b0000

Metaspace:

Usage:
  Non-class:     48.04 MB used.
      Class:      7.18 MB used.
       Both:     55.22 MB used.

Virtual space:
  Non-class space:       64.00 MB reserved,      48.31 MB ( 75%) committed,  1 nodes.
      Class space:        1.00 GB reserved,       7.44 MB ( <1%) committed,  1 nodes.
             Both:        1.06 GB reserved,      55.75 MB (  5%) committed. 

Chunk freelists:
   Non-Class:  2.95 MB
       Class:  624.00 KB
        Both:  3.56 MB

MaxMetaspaceSize: unlimited
CompressedClassSpaceSize: 1.00 GB
Initial GC threshold: 21.00 MB
Current GC threshold: 59.19 MB
CDS: on
MetaspaceReclaimPolicy: balanced
 - commit_granule_bytes: 65536.
 - commit_granule_words: 8192.
 - virtual_space_node_default_size: 8388608.
 - enlarge_chunks_in_place: 1.
 - new_chunks_are_fully_committed: 0.
 - uncommit_free_chunks: 1.
 - use_allocation_guard: 0.


Internal statistics:

num_allocs_failed_limit: 9.
num_arena_births: 754.
num_arena_deaths: 0.
num_vsnodes_births: 2.
num_vsnodes_deaths: 0.
num_space_committed: 892.
num_space_uncommitted: 0.
num_chunks_returned_to_freelist: 9.
num_chunks_taken_from_freelist: 2616.
num_chunk_merges: 3.
num_chunk_splits: 1930.
num_chunks_enlarged: 1553.
num_inconsistent_stats: 0.

CodeHeap 'non-profiled nmethods': size=120000Kb used=2635Kb max_used=2635Kb free=117364Kb
 bounds [0x000002849fd80000, 0x00000284a0020000, 0x00000284a72b0000]
CodeHeap 'profiled nmethods': size=120000Kb used=10469Kb max_used=10469Kb free=109530Kb
 bounds [0x0000028498850000, 0x0000028499290000, 0x000002849fd80000]
CodeHeap 'non-nmethods': size=5760Kb used=1357Kb max_used=1411Kb free=4403Kb
 bounds [0x00000284982b0000, 0x0000028498520000, 0x0000028498850000]
 total_blobs=5700 nmethods=5017 adapters=595
 compilation: enabled
              stopped_count=0, restarted_count=0
 full_count=0

Compilation events (20 events):
Event: 12.545 Thread 0x00000284abc5eab0 5057       2       java.util.regex.Pattern::nextEscaped (19 bytes)
Event: 12.545 Thread 0x00000284abc5eab0 nmethod 5057 0x0000028499279410 code [0x00000284992795a0, 0x00000284992796d8]
Event: 12.545 Thread 0x00000284abc5eab0 5056       2       java.util.regex.Pattern::escape (1327 bytes)
Event: 12.551 Thread 0x00000284abc5eab0 nmethod 5056 0x0000028499279790 code [0x0000028499279f00, 0x000002849927ce18]
Event: 12.570 Thread 0x00000284abc5eab0 5062       2       java.lang.invoke.LambdaForm$DMH/0x0000000800c34400::invokeInterface (25 bytes)
Event: 12.570 Thread 0x00000284abc5eab0 nmethod 5062 0x000002849927db10 code [0x000002849927dcc0, 0x000002849927de88]
Event: 12.572 Thread 0x00000284abc5eab0 5063       2       java.util.regex.Matcher::search (154 bytes)
Event: 12.572 Thread 0x00000284abc5eab0 nmethod 5063 0x000002849927e010 code [0x000002849927e1c0, 0x000002849927e498]
Event: 12.573 Thread 0x00000284abc5eab0 5064       2       java.lang.Character::equals (29 bytes)
Event: 12.573 Thread 0x00000284abc5eab0 nmethod 5064 0x000002849927e610 code [0x000002849927e7a0, 0x000002849927e998]
Event: 12.573 Thread 0x00000284abc5eab0 5068       2       java.util.regex.Pattern$SliceI::match (96 bytes)
Event: 12.573 Thread 0x00000284abc5eab0 nmethod 5068 0x000002849927ea90 code [0x000002849927ec60, 0x000002849927ef58]
Event: 12.573 Thread 0x00000284abc5eab0 5065       2       java.util.regex.Pattern$BitClass::is (22 bytes)
Event: 12.574 Thread 0x00000284abc5eab0 nmethod 5065 0x000002849927f110 code [0x000002849927f2a0, 0x000002849927f3f8]
Event: 12.574 Thread 0x00000284abc5eab0 5067       2       java.util.regex.Pattern$Ques::match (196 bytes)
Event: 12.574 Thread 0x00000284abc5eab0 nmethod 5067 0x000002849927f510 code [0x000002849927f760, 0x000002849927fc78]
Event: 12.574 Thread 0x00000284abc5eab0 5066       2       java.lang.Character::valueOf (21 bytes)
Event: 12.575 Thread 0x00000284abc5eab0 nmethod 5066 0x000002849927ff10 code [0x00000284992800a0, 0x0000028499280258]
Event: 12.575 Thread 0x00000284abc5eab0 5069       2       java.util.regex.Pattern$Bound::isWord (38 bytes)
Event: 12.575 Thread 0x00000284abc5eab0 nmethod 5069 0x0000028499280310 code [0x0000028499280500, 0x00000284992807c8]

GC Heap History (20 events):
Event: 5.781 GC heap before
{Heap before GC invocations=4 (full 0):
 garbage-first heap   total 65536K, used 28514K [0x00000000c1400000, 0x0000000100000000)
  region size 1024K, 22 young (22528K), 4 survivors (4096K)
 Metaspace       used 21183K, committed 21504K, reserved 1114112K
  class space    used 2593K, committed 2752K, reserved 1048576K
}
Event: 5.808 GC heap after
{Heap after GC invocations=5 (full 0):
 garbage-first heap   total 65536K, used 12869K [0x00000000c1400000, 0x0000000100000000)
  region size 1024K, 4 young (4096K), 4 survivors (4096K)
 Metaspace       used 21183K, committed 21504K, reserved 1114112K
  class space    used 2593K, committed 2752K, reserved 1048576K
}
Event: 7.538 GC heap before
{Heap before GC invocations=6 (full 0):
 garbage-first heap   total 48128K, used 37445K [0x00000000c1400000, 0x0000000100000000)
  region size 1024K, 28 young (28672K), 4 survivors (4096K)
 Metaspace       used 26916K, committed 27392K, reserved 1114112K
  class space    used 3352K, committed 3584K, reserved 1048576K
}
Event: 7.551 GC heap after
{Heap after GC invocations=7 (full 0):
 garbage-first heap   total 48128K, used 15496K [0x00000000c1400000, 0x0000000100000000)
  region size 1024K, 4 young (4096K), 4 survivors (4096K)
 Metaspace       used 26916K, committed 27392K, reserved 1114112K
  class space    used 3352K, committed 3584K, reserved 1048576K
}
Event: 7.576 GC heap before
{Heap before GC invocations=7 (full 0):
 garbage-first heap   total 48128K, used 16520K [0x00000000c1400000, 0x0000000100000000)
  region size 1024K, 5 young (5120K), 4 survivors (4096K)
 Metaspace       used 27012K, committed 27456K, reserved 1114112K
  class space    used 3365K, committed 3584K, reserved 1048576K
}
Event: 7.585 GC heap after
{Heap after GC invocations=8 (full 0):
 garbage-first heap   total 48128K, used 16575K [0x00000000c1400000, 0x0000000100000000)
  region size 1024K, 1 young (1024K), 1 survivors (1024K)
 Metaspace       used 27012K, committed 27456K, reserved 1114112K
  class space    used 3365K, committed 3584K, reserved 1048576K
}
Event: 8.424 GC heap before
{Heap before GC invocations=8 (full 0):
 garbage-first heap   total 48128K, used 32959K [0x00000000c1400000, 0x0000000100000000)
  region size 1024K, 18 young (18432K), 1 survivors (1024K)
 Metaspace       used 31727K, committed 32192K, reserved 1114112K
  class space    used 3998K, committed 4224K, reserved 1048576K
}
Event: 8.428 GC heap after
{Heap after GC invocations=9 (full 0):
 garbage-first heap   total 48128K, used 17156K [0x00000000c1400000, 0x0000000100000000)
  region size 1024K, 2 young (2048K), 2 survivors (2048K)
 Metaspace       used 31727K, committed 32192K, reserved 1114112K
  class space    used 3998K, committed 4224K, reserved 1048576K
}
Event: 9.003 GC heap before
{Heap before GC invocations=9 (full 0):
 garbage-first heap   total 48128K, used 28420K [0x00000000c1400000, 0x0000000100000000)
  region size 1024K, 14 young (14336K), 2 survivors (2048K)
 Metaspace       used 35479K, committed 35968K, reserved 1114112K
  class space    used 4474K, committed 4736K, reserved 1048576K
}
Event: 9.009 GC heap after
{Heap after GC invocations=10 (full 0):
 garbage-first heap   total 48128K, used 17768K [0x00000000c1400000, 0x0000000100000000)
  region size 1024K, 3 young (3072K), 3 survivors (3072K)
 Metaspace       used 35479K, committed 35968K, reserved 1114112K
  class space    used 4474K, committed 4736K, reserved 1048576K
}
Event: 10.046 GC heap before
{Heap before GC invocations=11 (full 0):
 garbage-first heap   total 48128K, used 34152K [0x00000000c1400000, 0x0000000100000000)
  region size 1024K, 20 young (20480K), 3 survivors (3072K)
 Metaspace       used 41651K, committed 42176K, reserved 1114112K
  class space    used 5212K, committed 5440K, reserved 1048576K
}
Event: 10.053 GC heap after
{Heap after GC invocations=12 (full 0):
 garbage-first heap   total 48128K, used 18971K [0x00000000c1400000, 0x0000000100000000)
  region size 1024K, 2 young (2048K), 2 survivors (2048K)
 Metaspace       used 41651K, committed 42176K, reserved 1114112K
  class space    used 5212K, committed 5440K, reserved 1048576K
}
Event: 10.094 GC heap before
{Heap before GC invocations=12 (full 0):
 garbage-first heap   total 48128K, used 19995K [0x00000000c1400000, 0x0000000100000000)
  region size 1024K, 3 young (3072K), 2 survivors (2048K)
 Metaspace       used 41852K, committed 42368K, reserved 1114112K
  class space    used 5245K, committed 5504K, reserved 1048576K
}
Event: 10.101 GC heap after
{Heap after GC invocations=13 (full 0):
 garbage-first heap   total 48128K, used 18970K [0x00000000c1400000, 0x0000000100000000)
  region size 1024K, 1 young (1024K), 1 survivors (1024K)
 Metaspace       used 41852K, committed 42368K, reserved 1114112K
  class space    used 5245K, committed 5504K, reserved 1048576K
}
Event: 10.697 GC heap before
{Heap before GC invocations=13 (full 0):
 garbage-first heap   total 48128K, used 34330K [0x00000000c1400000, 0x0000000100000000)
  region size 1024K, 17 young (17408K), 1 survivors (1024K)
 Metaspace       used 45393K, committed 45888K, reserved 1114112K
  class space    used 5667K, committed 5888K, reserved 1048576K
}
Event: 10.700 GC heap after
{Heap after GC invocations=14 (full 0):
 garbage-first heap   total 48128K, used 19966K [0x00000000c1400000, 0x0000000100000000)
  region size 1024K, 2 young (2048K), 2 survivors (2048K)
 Metaspace       used 45393K, committed 45888K, reserved 1114112K
  class space    used 5667K, committed 5888K, reserved 1048576K
}
Event: 11.492 GC heap before
{Heap before GC invocations=14 (full 0):
 garbage-first heap   total 48128K, used 35326K [0x00000000c1400000, 0x0000000100000000)
  region size 1024K, 18 young (18432K), 2 survivors (2048K)
 Metaspace       used 50096K, committed 50624K, reserved 1114112K
  class space    used 6525K, committed 6784K, reserved 1048576K
}
Event: 11.497 GC heap after
{Heap after GC invocations=15 (full 0):
 garbage-first heap   total 58368K, used 20755K [0x00000000c1400000, 0x0000000100000000)
  region size 1024K, 2 young (2048K), 2 survivors (2048K)
 Metaspace       used 50096K, committed 50624K, reserved 1114112K
  class space    used 6525K, committed 6784K, reserved 1048576K
}
Event: 12.366 GC heap before
{Heap before GC invocations=15 (full 0):
 garbage-first heap   total 58368K, used 44307K [0x00000000c1400000, 0x0000000100000000)
  region size 1024K, 26 young (26624K), 2 survivors (2048K)
 Metaspace       used 54803K, committed 55296K, reserved 1114112K
  class space    used 7143K, committed 7360K, reserved 1048576K
}
Event: 12.373 GC heap after
{Heap after GC invocations=16 (full 0):
 garbage-first heap   total 58368K, used 22396K [0x00000000c1400000, 0x0000000100000000)
  region size 1024K, 4 young (4096K), 4 survivors (4096K)
 Metaspace       used 54803K, committed 55296K, reserved 1114112K
  class space    used 7143K, committed 7360K, reserved 1048576K
}

Deoptimization events (20 events):
Event: 12.543 Thread 0x00000284906e5030 Uncommon trap: trap_request=0xffffffc6 fr.pc=0x000002849ff962fc relative=0x0000000000000b1c
Event: 12.543 Thread 0x00000284906e5030 Uncommon trap: reason=bimorphic_or_optimized_type_check action=maybe_recompile pc=0x000002849ff962fc method=java.util.regex.Pattern$Branch.match(Ljava/util/regex/Matcher;ILjava/lang/CharSequence;)Z @ 50 c2
Event: 12.543 Thread 0x00000284906e5030 DEOPT PACKING pc=0x000002849ff962fc sp=0x000000c99bafc6a0
Event: 12.543 Thread 0x00000284906e5030 DEOPT UNPACKING pc=0x00000284983023a3 sp=0x000000c99bafc6c0 mode 2
Event: 12.551 Thread 0x00000284906e5030 Uncommon trap: trap_request=0xffffffc6 fr.pc=0x000002849ff9284c relative=0x000000000000030c
Event: 12.551 Thread 0x00000284906e5030 Uncommon trap: reason=bimorphic_or_optimized_type_check action=maybe_recompile pc=0x000002849ff9284c method=java.util.regex.Pattern$SliceI.match(Ljava/util/regex/Matcher;ILjava/lang/CharSequence;)Z @ 92 c2
Event: 12.551 Thread 0x00000284906e5030 DEOPT PACKING pc=0x000002849ff9284c sp=0x000000c99bafc730
Event: 12.551 Thread 0x00000284906e5030 DEOPT UNPACKING pc=0x00000284983023a3 sp=0x000000c99bafc6d8 mode 2
Event: 12.572 Thread 0x00000284906e5030 Uncommon trap: trap_request=0xffffffc6 fr.pc=0x000002849ff9284c relative=0x000000000000030c
Event: 12.572 Thread 0x00000284906e5030 Uncommon trap: reason=bimorphic_or_optimized_type_check action=maybe_recompile pc=0x000002849ff9284c method=java.util.regex.Pattern$SliceI.match(Ljava/util/regex/Matcher;ILjava/lang/CharSequence;)Z @ 92 c2
Event: 12.572 Thread 0x00000284906e5030 DEOPT PACKING pc=0x000002849ff9284c sp=0x000000c99bafc5a0
Event: 12.572 Thread 0x00000284906e5030 DEOPT UNPACKING pc=0x00000284983023a3 sp=0x000000c99bafc548 mode 2
Event: 12.572 Thread 0x00000284906e5030 Uncommon trap: trap_request=0xffffffc6 fr.pc=0x000002849ff9284c relative=0x000000000000030c
Event: 12.572 Thread 0x00000284906e5030 Uncommon trap: reason=bimorphic_or_optimized_type_check action=maybe_recompile pc=0x000002849ff9284c method=java.util.regex.Pattern$SliceI.match(Ljava/util/regex/Matcher;ILjava/lang/CharSequence;)Z @ 92 c2
Event: 12.572 Thread 0x00000284906e5030 DEOPT PACKING pc=0x000002849ff9284c sp=0x000000c99bafc540
Event: 12.572 Thread 0x00000284906e5030 DEOPT UNPACKING pc=0x00000284983023a3 sp=0x000000c99bafc4c8 mode 2
Event: 12.572 Thread 0x00000284906e5030 Uncommon trap: trap_request=0xffffffc6 fr.pc=0x000002849ff9284c relative=0x000000000000030c
Event: 12.572 Thread 0x00000284906e5030 Uncommon trap: reason=bimorphic_or_optimized_type_check action=maybe_recompile pc=0x000002849ff9284c method=java.util.regex.Pattern$SliceI.match(Ljava/util/regex/Matcher;ILjava/lang/CharSequence;)Z @ 92 c2
Event: 12.572 Thread 0x00000284906e5030 DEOPT PACKING pc=0x000002849ff9284c sp=0x000000c99bafbdf0
Event: 12.572 Thread 0x00000284906e5030 DEOPT UNPACKING pc=0x00000284983023a3 sp=0x000000c99bafbd78 mode 2

Classes loaded (20 events):
Event: 12.257 Loading class java/util/WeakHashMap$EntrySet
Event: 12.257 Loading class java/util/WeakHashMap$EntrySet done
Event: 12.257 Loading class java/util/WeakHashMap$EntryIterator
Event: 12.258 Loading class java/util/WeakHashMap$EntryIterator done
Event: 12.315 Loading class java/lang/Package$1PackageInfoProxy
Event: 12.316 Loading class java/lang/Package$1PackageInfoProxy done
Event: 12.508 Loading class java/util/stream/ReduceOps$5
Event: 12.508 Loading class java/util/stream/ReduceOps$5 done
Event: 12.508 Loading class java/util/stream/ReduceOps$CountingSink$OfRef
Event: 12.508 Loading class java/util/stream/ReduceOps$CountingSink
Event: 12.508 Loading class java/util/stream/ReduceOps$CountingSink done
Event: 12.509 Loading class java/util/stream/ReduceOps$CountingSink$OfRef done
Event: 12.534 Loading class java/util/regex/Pattern$Bound
Event: 12.535 Loading class java/util/regex/Pattern$Bound done
Event: 12.536 Loading class java/util/regex/Pattern$Behind
Event: 12.536 Loading class java/util/regex/Pattern$Behind done
Event: 12.542 Loading class java/util/regex/Pattern$1
Event: 12.542 Loading class java/util/regex/Pattern$1 done
Event: 12.614 Loading class java/util/EmptyStackException
Event: 12.614 Loading class java/util/EmptyStackException done

Classes unloaded (0 events):
No events

Classes redefined (0 events):
No events

Internal exceptions (20 events):
Event: 10.068 Thread 0x00000284906e5030 Exception <a 'java/lang/NoSuchMethodError'{0x00000000c535b0d8}: 'java.lang.Object java.lang.invoke.DirectMethodHandle$Holder.invokeSpecial(java.lang.Object, java.lang.Object, java.lang.Object, java.lang.Object, int)'> (0x00000000c535b0d8) 
thrown [s\src\hotspot\share\interpreter\linkResolver.cpp, line 759]
Event: 10.068 Thread 0x00000284906e5030 Exception <a 'java/lang/NoSuchMethodError'{0x00000000c535e7e0}: 'java.lang.Object java.lang.invoke.Invokers$Holder.linkToTargetMethod(java.lang.Object, java.lang.Object, int, java.lang.Object)'> (0x00000000c535e7e0) 
thrown [s\src\hotspot\share\interpreter\linkResolver.cpp, line 759]
Event: 10.440 Thread 0x00000284906e5030 Exception <a 'java/lang/NoSuchMethodError'{0x00000000c3742a20}: 'java.lang.Object java.lang.invoke.DirectMethodHandle$Holder.newInvokeSpecial(java.lang.Object, java.lang.Object, int)'> (0x00000000c3742a20) 
thrown [s\src\hotspot\share\interpreter\linkResolver.cpp, line 759]
Event: 10.441 Thread 0x00000284906e5030 Implicit null exception at 0x000002849ff52d64 to 0x000002849ff52f90
Event: 10.780 Thread 0x00000284906e5030 Exception <a 'java/lang/NoSuchMethodError'{0x00000000c41ef1b0}: 'java.lang.Object java.lang.invoke.DirectMethodHandle$Holder.invokeStatic(java.lang.Object, java.lang.Object, int, java.lang.Object)'> (0x00000000c41ef1b0) 
thrown [s\src\hotspot\share\interpreter\linkResolver.cpp, line 759]
Event: 10.780 Thread 0x00000284906e5030 Exception <a 'java/lang/NoSuchMethodError'{0x00000000c41f2c40}: 'java.lang.Object java.lang.invoke.DirectMethodHandle$Holder.invokeStaticInit(java.lang.Object, java.lang.Object, int, java.lang.Object)'> (0x00000000c41f2c40) 
thrown [s\src\hotspot\share\interpreter\linkResolver.cpp, line 759]
Event: 10.848 Thread 0x00000284906e5030 Exception <a 'java/lang/IncompatibleClassChangeError'{0x00000000c3f62600}: Found class java.lang.Object, but interface was expected> (0x00000000c3f62600) 
thrown [s\src\hotspot\share\interpreter\linkResolver.cpp, line 826]
Event: 11.597 Thread 0x00000284906e5030 Exception <a 'java/lang/NoSuchMethodError'{0x00000000c4a65af8}: 'int java.lang.invoke.DirectMethodHandle$Holder.invokeStatic(java.lang.Object, java.lang.Object, java.lang.Object, java.lang.Object, java.lang.Object)'> (0x00000000c4a65af8) 
thrown [s\src\hotspot\share\interpreter\linkResolver.cpp, line 759]
Event: 11.598 Thread 0x00000284906e5030 Exception <a 'java/lang/NoSuchMethodError'{0x00000000c4a79468}: 'java.lang.Object java.lang.invoke.DirectMethodHandle$Holder.newInvokeSpecial(java.lang.Object, java.lang.Object, java.lang.Object, java.lang.Object, java.lang.Object, java.lang.Object, java.lang.Object)'> (0x00000000c4a79468) 
thrown [s\src\hotspot\share\interpreter\linkResolver.cpp, line 759]
Event: 11.681 Thread 0x00000284906e5030 Exception <a 'java/lang/NoSuchMethodError'{0x00000000c485b618}: 'void java.lang.invoke.DirectMethodHandle$Holder.invokeSpecial(java.lang.Object, java.lang.Object, java.lang.Object, java.lang.Object, java.lang.Object, java.lang.Object, java.lang.Object, java.lang.Object)'> (0x00000000c485b618) 
thrown [s\src\hotspot\share\interpreter\linkResolver.cpp, line 759]
Event: 11.690 Thread 0x00000284906e5030 Exception <a 'java/lang/NoSuchMethodError'{0x00000000c4886cb8}: 'java.lang.Object java.lang.invoke.DirectMethodHandle$Holder.newInvokeSpecial(java.lang.Object, java.lang.Object, java.lang.Object, java.lang.Object, java.lang.Object, java.lang.Object, java.lang.Object, int)'> (0x00000000c4886cb8) 
thrown [s\src\hotspot\share\interpreter\linkResolver.cpp, line 759]
Event: 11.690 Thread 0x00000284906e5030 Exception <a 'java/lang/NoSuchMethodError'{0x00000000c488bcb8}: 'java.lang.Object java.lang.invoke.DirectMethodHandle$Holder.invokeSpecial(java.lang.Object, java.lang.Object, java.lang.Object, java.lang.Object, java.lang.Object, java.lang.Object, java.lang.Object, java.lang.Object, int)'> (0x00000000c488bcb8) 
thrown [s\src\hotspot\share\interpreter\linkResolver.cpp, line 759]
Event: 11.778 Thread 0x00000284906e5030 Exception <a 'java/lang/NoSuchMethodError'{0x00000000c47ff560}: 'java.lang.Object java.lang.invoke.DirectMethodHandle$Holder.newInvokeSpecial(java.lang.Object, java.lang.Object, int, java.lang.Object, int, java.lang.Object, java.lang.Object, java.lang.Object)'> (0x00000000c47ff560) 
thrown [s\src\hotspot\share\interpreter\linkResolver.cpp, line 759]
Event: 11.779 Thread 0x00000284906e5030 Exception <a 'java/lang/NoSuchMethodError'{0x00000000c460cbf0}: 'int java.lang.invoke.DirectMethodHandle$Holder.invokeSpecial(java.lang.Object, java.lang.Object, java.lang.Object, java.lang.Object, java.lang.Object, java.lang.Object)'> (0x00000000c460cbf0) 
thrown [s\src\hotspot\share\interpreter\linkResolver.cpp, line 759]
Event: 11.781 Thread 0x00000284906e5030 Exception <a 'java/lang/NoSuchMethodError'{0x00000000c4615628}: 'void java.lang.invoke.DirectMethodHandle$Holder.invokeSpecial(java.lang.Object, java.lang.Object, java.lang.Object, java.lang.Object, java.lang.Object, java.lang.Object, java.lang.Object)'> (0x00000000c4615628) 
thrown [s\src\hotspot\share\interpreter\linkResolver.cpp, line 759]
Event: 11.790 Thread 0x00000284906e5030 Exception <a 'java/lang/NoSuchMethodError'{0x00000000c463f938}: 'void java.lang.invoke.DirectMethodHandle$Holder.invokeInterface(java.lang.Object, java.lang.Object)'> (0x00000000c463f938) 
thrown [s\src\hotspot\share\interpreter\linkResolver.cpp, line 759]
Event: 11.890 Thread 0x00000284906e5030 Exception <a 'java/lang/NoSuchMethodError'{0x00000000c44e5ab0}: 'void java.lang.invoke.Invokers$Holder.invokeExact_MT(java.lang.Object, java.lang.Object, java.lang.Object, java.lang.Object)'> (0x00000000c44e5ab0) 
thrown [s\src\hotspot\share\interpreter\linkResolver.cpp, line 759]
Event: 11.993 Thread 0x00000284906e5030 Exception <a 'java/lang/IncompatibleClassChangeError'{0x00000000c4049a80}: Found class java.lang.Object, but interface was expected> (0x00000000c4049a80) 
thrown [s\src\hotspot\share\interpreter\linkResolver.cpp, line 826]
Event: 12.058 Thread 0x00000284906e5030 Exception <a 'java/lang/IncompatibleClassChangeError'{0x00000000c3fa6a00}: Found class java.lang.Object, but interface was expected> (0x00000000c3fa6a00) 
thrown [s\src\hotspot\share\interpreter\linkResolver.cpp, line 826]
Event: 12.308 Thread 0x00000284906e5030 Exception <a 'java/lang/IncompatibleClassChangeError'{0x00000000c3882768}: Found class java.lang.Object, but interface was expected> (0x00000000c3882768) 
thrown [s\src\hotspot\share\interpreter\linkResolver.cpp, line 826]

VM Operations (20 events):
Event: 10.046 Executing VM operation: G1CollectForAllocation
Event: 10.053 Executing VM operation: G1CollectForAllocation done
Event: 10.094 Executing VM operation: G1CollectForAllocation
Event: 10.101 Executing VM operation: G1CollectForAllocation done
Event: 10.697 Executing VM operation: G1CollectForAllocation
Event: 10.701 Executing VM operation: G1CollectForAllocation done
Event: 11.081 Executing VM operation: HandshakeAllThreads
Event: 11.081 Executing VM operation: HandshakeAllThreads done
Event: 11.492 Executing VM operation: G1CollectForAllocation
Event: 11.497 Executing VM operation: G1CollectForAllocation done
Event: 12.238 Executing VM operation: HandshakeAllThreads
Event: 12.238 Executing VM operation: HandshakeAllThreads done
Event: 12.254 Executing VM operation: ICBufferFull
Event: 12.254 Executing VM operation: ICBufferFull done
Event: 12.366 Executing VM operation: G1CollectForAllocation
Event: 12.373 Executing VM operation: G1CollectForAllocation done
Event: 12.381 Executing VM operation: HandshakeAllThreads
Event: 12.381 Executing VM operation: HandshakeAllThreads done
Event: 12.382 Executing VM operation: HandshakeAllThreads
Event: 12.382 Executing VM operation: HandshakeAllThreads done

Events (20 events):
Event: 0.709 Thread 0x00000284b0420510 Thread added: 0x00000284b0420510
Event: 0.710 Thread 0x00000284b0348d30 Thread added: 0x00000284b0348d30
Event: 0.845 Loaded shared library C:\Users\ERIN_JAVALead\.jdks\corretto-18.0.2\bin\jimage.dll
Event: 2.041 Thread 0x00000284abc5db80 Thread exited: 0x00000284abc5db80
Event: 2.457 Thread 0x00000284abc5b810 Thread added: 0x00000284abc5b810
Event: 2.715 Thread 0x00000284b0bc3140 Thread added: 0x00000284b0bc3140
Event: 2.919 Loaded shared library C:\Users\ERIN_JAVALead\.jdks\corretto-18.0.2\bin\verify.dll
Event: 3.513 Thread 0x00000284b0bc3140 Thread exited: 0x00000284b0bc3140
Event: 3.676 Thread 0x00000284b0eadb20 Thread added: 0x00000284b0eadb20
Event: 3.733 Thread 0x00000284b0eadb20 Thread exited: 0x00000284b0eadb20
Event: 7.271 Loaded shared library C:\Users\ERIN_JAVALead\.jdks\corretto-18.0.2\bin\sunmscapi.dll
Event: 7.284 Loaded shared library C:\Users\ERIN_JAVALead\.jdks\corretto-18.0.2\bin\management.dll
Event: 7.288 Loaded shared library C:\Users\ERIN_JAVALead\.jdks\corretto-18.0.2\bin\management_ext.dll
Event: 7.516 Thread 0x00000284b1568fe0 Thread added: 0x00000284b1568fe0
Event: 7.518 Thread 0x00000284b1567ca0 Thread added: 0x00000284b1567ca0
Event: 7.524 Thread 0x00000284b1566e30 Thread added: 0x00000284b1566e30
Event: 8.979 Thread 0x00000284abc5b810 Thread exited: 0x00000284abc5b810
Event: 9.538 Thread 0x00000284b1568b10 Thread added: 0x00000284b1568b10
Event: 9.654 Thread 0x00000284b1568170 Thread added: 0x00000284b1568170
Event: 9.764 Thread 0x00000284b1567300 Thread added: 0x00000284b1567300


Dynamic libraries:
0x00007ff705e00000 - 0x00007ff705e0d000 	C:\Users\ERIN_JAVALead\.jdks\corretto-18.0.2\bin\java.exe
0x00007ffe83750000 - 0x00007ffe83947000 	C:\WINDOWS\SYSTEM32\ntdll.dll
0x00007ffe82740000 - 0x00007ffe827fd000 	C:\WINDOWS\System32\KERNEL32.DLL
0x00007ffe81200000 - 0x00007ffe814f6000 	C:\WINDOWS\System32\KERNELBASE.dll
0x00007ffe80ff0000 - 0x00007ffe810f0000 	C:\WINDOWS\System32\ucrtbase.dll
0x00007ffe6dea0000 - 0x00007ffe6deb5000 	C:\Users\ERIN_JAVALead\.jdks\corretto-18.0.2\bin\VCRUNTIME140.dll
0x00007ffe6e180000 - 0x00007ffe6e197000 	C:\Users\ERIN_JAVALead\.jdks\corretto-18.0.2\bin\jli.dll
0x00007ffe81cf0000 - 0x00007ffe81e8e000 	C:\WINDOWS\System32\USER32.dll
0x00007ffe811a0000 - 0x00007ffe811c2000 	C:\WINDOWS\System32\win32u.dll
0x00007ffe82a60000 - 0x00007ffe82a8c000 	C:\WINDOWS\System32\GDI32.dll
0x00007ffe815f0000 - 0x00007ffe8170a000 	C:\WINDOWS\System32\gdi32full.dll
0x00007ffe81500000 - 0x00007ffe8159d000 	C:\WINDOWS\System32\msvcp_win.dll
0x00007ffe6bfb0000 - 0x00007ffe6c24a000 	C:\WINDOWS\WinSxS\amd64_microsoft.windows.common-controls_6595b64144ccf1df_6.0.19041.3570_none_60bb2a3971f3e41a\COMCTL32.dll
0x00007ffe81780000 - 0x00007ffe8181e000 	C:\WINDOWS\System32\msvcrt.dll
0x00007ffe818e0000 - 0x00007ffe81910000 	C:\WINDOWS\System32\IMM32.DLL
0x00007ffe5b400000 - 0x00007ffe5b49b000 	C:\Users\ERIN_JAVALead\.jdks\corretto-18.0.2\bin\msvcp140.dll
0x00007ffe3e1d0000 - 0x00007ffe3ee41000 	C:\Users\ERIN_JAVALead\.jdks\corretto-18.0.2\bin\server\jvm.dll
0x00007ffe833c0000 - 0x00007ffe8346e000 	C:\WINDOWS\System32\ADVAPI32.dll
0x00007ffe82a90000 - 0x00007ffe82b2c000 	C:\WINDOWS\System32\sechost.dll
0x00007ffe834d0000 - 0x00007ffe835f6000 	C:\WINDOWS\System32\RPCRT4.dll
0x00007ffe822c0000 - 0x00007ffe822c8000 	C:\WINDOWS\System32\PSAPI.DLL
0x00007ffe7c940000 - 0x00007ffe7c949000 	C:\WINDOWS\SYSTEM32\WSOCK32.dll
0x00007ffe81910000 - 0x00007ffe8197b000 	C:\WINDOWS\System32\WS2_32.dll
0x00007ffe60c10000 - 0x00007ffe60c37000 	C:\WINDOWS\SYSTEM32\WINMM.dll
0x00007ffe7ba10000 - 0x00007ffe7ba1a000 	C:\WINDOWS\SYSTEM32\VERSION.dll
0x00007ffe7eca0000 - 0x00007ffe7ecb2000 	C:\WINDOWS\SYSTEM32\kernel.appcore.dll
0x00007ffe7e5a0000 - 0x00007ffe7e5aa000 	C:\Users\ERIN_JAVALead\.jdks\corretto-18.0.2\bin\jimage.dll
0x00007ffe6df40000 - 0x00007ffe6e124000 	C:\WINDOWS\SYSTEM32\DBGHELP.DLL
0x00007ffe6de40000 - 0x00007ffe6de74000 	C:\WINDOWS\SYSTEM32\dbgcore.DLL
0x00007ffe80f60000 - 0x00007ffe80fe2000 	C:\WINDOWS\System32\bcryptPrimitives.dll
0x00007ffe6e480000 - 0x00007ffe6e48e000 	C:\Users\ERIN_JAVALead\.jdks\corretto-18.0.2\bin\instrument.dll
0x00007ffe64580000 - 0x00007ffe645a5000 	C:\Users\ERIN_JAVALead\.jdks\corretto-18.0.2\bin\java.dll
0x00007ffe4cde0000 - 0x00007ffe4ceb6000 	C:\Users\ERIN_JAVALead\.jdks\corretto-18.0.2\bin\jsvml.dll
0x00007ffe82be0000 - 0x00007ffe83324000 	C:\WINDOWS\System32\SHELL32.dll
0x00007ffe7eea0000 - 0x00007ffe7f63b000 	C:\WINDOWS\SYSTEM32\windows.storage.dll
0x00007ffe81f60000 - 0x00007ffe822b4000 	C:\WINDOWS\System32\combase.dll
0x00007ffe80770000 - 0x00007ffe8079d000 	C:\WINDOWS\SYSTEM32\Wldp.dll
0x00007ffe82b30000 - 0x00007ffe82bdd000 	C:\WINDOWS\System32\SHCORE.dll
0x00007ffe81c90000 - 0x00007ffe81ce5000 	C:\WINDOWS\System32\shlwapi.dll
0x00007ffe80d30000 - 0x00007ffe80d55000 	C:\WINDOWS\SYSTEM32\profapi.dll
0x00007ffe62910000 - 0x00007ffe62928000 	C:\Users\ERIN_JAVALead\.jdks\corretto-18.0.2\bin\zip.dll
0x00007ffe64470000 - 0x00007ffe64483000 	C:\Users\ERIN_JAVALead\.jdks\corretto-18.0.2\bin\net.dll
0x00007ffe7a590000 - 0x00007ffe7a69a000 	C:\WINDOWS\SYSTEM32\WINHTTP.dll
0x00007ffe804d0000 - 0x00007ffe8053a000 	C:\WINDOWS\system32\mswsock.dll
0x00007ffe64450000 - 0x00007ffe64465000 	C:\Users\ERIN_JAVALead\.jdks\corretto-18.0.2\bin\nio.dll
0x00007ffe60bf0000 - 0x00007ffe60c0a000 	C:\Program Files\JetBrains\IntelliJ IDEA Community Edition 2021.3.3\bin\breakgen64.dll
0x00007ffe6e640000 - 0x00007ffe6e650000 	C:\Users\ERIN_JAVALead\.jdks\corretto-18.0.2\bin\verify.dll
0x00007ffe806d0000 - 0x00007ffe806e8000 	C:\WINDOWS\SYSTEM32\CRYPTSP.dll
0x00007ffe7fde0000 - 0x00007ffe7fe14000 	C:\WINDOWS\system32\rsaenh.dll
0x00007ffe811d0000 - 0x00007ffe811f7000 	C:\WINDOWS\System32\bcrypt.dll
0x00007ffe80cf0000 - 0x00007ffe80d1e000 	C:\WINDOWS\SYSTEM32\USERENV.dll
0x00007ffe806c0000 - 0x00007ffe806cc000 	C:\WINDOWS\SYSTEM32\CRYPTBASE.dll
0x00007ffe801c0000 - 0x00007ffe801fb000 	C:\WINDOWS\SYSTEM32\IPHLPAPI.DLL
0x00007ffe82920000 - 0x00007ffe82928000 	C:\WINDOWS\System32\NSI.dll
0x00007ffe7ac40000 - 0x00007ffe7ac57000 	C:\WINDOWS\SYSTEM32\dhcpcsvc6.DLL
0x00007ffe7aca0000 - 0x00007ffe7acbd000 	C:\WINDOWS\SYSTEM32\dhcpcsvc.DLL
0x00007ffe80200000 - 0x00007ffe802ca000 	C:\WINDOWS\SYSTEM32\DNSAPI.dll
0x00007ffe643c0000 - 0x00007ffe643ce000 	C:\Users\ERIN_JAVALead\.jdks\corretto-18.0.2\bin\sunmscapi.dll
0x00007ffe80e00000 - 0x00007ffe80f5d000 	C:\WINDOWS\System32\CRYPT32.dll
0x00007ffe807e0000 - 0x00007ffe80807000 	C:\WINDOWS\SYSTEM32\ncrypt.dll
0x00007ffe807a0000 - 0x00007ffe807db000 	C:\WINDOWS\SYSTEM32\NTASN1.dll
0x00007ffe65e30000 - 0x00007ffe65e39000 	C:\Users\ERIN_JAVALead\.jdks\corretto-18.0.2\bin\management.dll
0x00007ffe64570000 - 0x00007ffe6457b000 	C:\Users\ERIN_JAVALead\.jdks\corretto-18.0.2\bin\management_ext.dll
0x00007ffe5cca0000 - 0x00007ffe5ccb7000 	C:\WINDOWS\system32\napinsp.dll
0x00007ffe541f0000 - 0x00007ffe5420b000 	C:\WINDOWS\system32\pnrpnsp.dll
0x00007ffe541d0000 - 0x00007ffe541e2000 	C:\WINDOWS\System32\winrnr.dll
0x00007ffe7c7e0000 - 0x00007ffe7c7fd000 	C:\WINDOWS\system32\NLAapi.dll
0x00007ffe7bc80000 - 0x00007ffe7bc95000 	C:\WINDOWS\system32\wshbth.dll
0x00007ffe78ce0000 - 0x00007ffe78cea000 	C:\Windows\System32\rasadhlp.dll
0x00007ffe78d20000 - 0x00007ffe78da2000 	C:\WINDOWS\System32\fwpuclnt.dll

dbghelp: loaded successfully - version: 4.0.5 - missing functions: none
symbol engine: initialized successfully - sym options: 0x614 - pdb path: .;C:\Users\ERIN_JAVALead\.jdks\corretto-18.0.2\bin;C:\WINDOWS\SYSTEM32;C:\WINDOWS\WinSxS\amd64_microsoft.windows.common-controls_6595b64144ccf1df_6.0.19041.3570_none_60bb2a3971f3e41a;C:\Users\ERIN_JAVALead\.jdks\corretto-18.0.2\bin\server;C:\Program Files\JetBrains\IntelliJ IDEA Community Edition 2021.3.3\bin

VM Arguments:
jvm_args: -javaagent:C:\Program Files\JetBrains\IntelliJ IDEA Community Edition 2021.3.3\lib\idea_rt.jar=53505:C:\Program Files\JetBrains\IntelliJ IDEA Community Edition 2021.3.3\bin -Dfile.encoding=UTF-8 
java_command: com.devskiller.tasks.blog.BlogApplication
java_class_path (initial): C:\Users\ERIN_JAVALead\Downloads\devskiller-code-U32X-W3E7-T2E6-S3F\target\classes;C:\Users\ERIN_JAVALead\.m2\repository\org\springframework\boot\spring-boot-starter-data-jpa\3.0.0\spring-boot-starter-data-jpa-3.0.0.jar;C:\Users\ERIN_JAVALead\.m2\repository\org\springframework\boot\spring-boot-starter-aop\3.0.0\spring-boot-starter-aop-3.0.0.jar;C:\Users\ERIN_JAVALead\.m2\repository\org\springframework\spring-aop\6.0.2\spring-aop-6.0.2.jar;C:\Users\ERIN_JAVALead\.m2\repository\org\aspectj\aspectjweaver\1.9.9.1\aspectjweaver-1.9.9.1.jar;C:\Users\ERIN_JAVALead\.m2\repository\org\springframework\boot\spring-boot-starter-jdbc\3.0.0\spring-boot-starter-jdbc-3.0.0.jar;C:\Users\ERIN_JAVALead\.m2\repository\com\zaxxer\HikariCP\5.0.1\HikariCP-5.0.1.jar;C:\Users\ERIN_JAVALead\.m2\repository\org\springframework\spring-jdbc\6.0.2\spring-jdbc-6.0.2.jar;C:\Users\ERIN_JAVALead\.m2\repository\org\hibernate\orm\hibernate-core\6.1.5.Final\hibernate-core-6.1.5.Final.jar;C:\Users\ERIN_JAVALead\.m2\repository\jakarta\persistence\jakarta.persistence-api\3.1.0\jakarta.persistence-api-3.1.0.jar;C:\Users\ERIN_JAVALead\.m2\repository\jakarta\transaction\jakarta.transaction-api\2.0.1\jakarta.transaction-api-2.0.1.jar;C:\Users\ERIN_JAVALead\.m2\repository\org\jboss\logging\jboss-logging\3.5.0.Final\jboss-logging-3.5.0.Final.jar;C:\Users\ERIN_JAVALead\.m2\repository\org\hibernate\common\hibernate-commons-annotations\6.0.2.Final\hibernate-commons-annotations-6.0.2.Final.jar;C:\Users\ERIN_JAVALead\.m2\repository\org\jboss\jandex\2.4.2.Final\jandex-2.4.2.Final.jar;C:\Users\ERIN_JAVALead\.m2\repository\com\fasterxml\classmate\1.5.1\classmate-1.5.1.jar;C:\Users\ERIN_JAVALead\.m2\repository\net\bytebuddy\byte-buddy\1.12.19\byte-buddy-1.12.19.jar;C:\Users\ERIN_JAVALead\.m2\repository\org\glassfish\jaxb\jaxb-runtime\4.0.1\jaxb-runtime-4.0.1.jar;C:\Users\ERIN_JAVALead\.m2\repository\org\glassfish\jaxb\jaxb-core\4.0.1\jaxb-core-4.0.1.jar;C:\Users\ERIN_JAVALead\.m2\repository\org\eclipse\angus\angus-activation\1.0.0\angus-activation-1.0.0.jar;C:\Users\ERIN_JAVALead\.m2\repository\org\glassfish\jaxb\txw2\4.0.1\txw2-4.0.1.jar;C:\Users\ERIN_JAVALead\.m2\repository\com\sun\istack\istack-commons-runtime\4.1.1\istack-commons-runtime-4.1.1.jar;C:\Users\ERIN_JAVALead\.m2\repository\jakarta\inject\jakarta.inject-api\2.0.0\jakarta.inject-api-2.0.0.jar;C:\Users\ERIN_JAVALead\.m2\repository\org\antlr\antlr4-runtime\4.10.1\antlr4-runtime-4.10.1.jar;C:\Users\ERIN_JAVALead\.m2\repository\org\springframework\data\spring-data-jpa\3.0.0\spring-data-jpa-3.0.0.jar;C:\Users\ERIN_JAVALead\.m2\repository\org\springframework\data\spring-data-commons\3.0.0\spring-data-commons-3.0.0.jar;C:\Users\ERIN_JAVALead\.m2\repository\org\springframework\spring-orm\6.0.2\spring-orm-6.0.2.jar;C:\Users\ERIN_JAVALead\.m2\repository\org\springframework\spring-context\6.0.2\spring-context-6.0.2.jar;C:\Users\ERIN_JAVALead\.m2\repository\org\springframework\spring-tx\6.0.2\spring-tx-6.0.2.jar;C:\Users\ERIN_JAVALead\.m2\repository\org\springframework\spring-beans\6.0.2\spring-beans-6.0.2.jar;C:\Users\ERIN_JAVALead\.m2\repository\jakarta\annotation\jakarta.annotation-api\2.1.1\jakarta.annotation-api-2.1.1.jar;C:\Users\ERIN_JAVALead\.m2\repository\org\slf4j\slf4j-api\2.0.4\slf4j-api-2.0.4.jar;C:\Users\ERIN_JAVALead\.m2\repository\org\springframework\spring-aspects\6.0.2\spring-aspects-6.0.2.jar;C:\Users\ERIN_JAVALead\.m2\repository\org\springframework\boot\spring-boot-starter-web\2.4.2\spring-boot-starter-web-2.4.2.jar;C:\Users\ERIN_JAVALead\.m2\repository\org\springframework\boot\spring-boot-starter\3.0.0\spring-boot-starter-3.0.0.jar;C:\Users\ERIN_JAVALead\.m2\repository\org\springframework\boot\spring-boot\3.0.0\spring-boot-3.0.0.jar;C:\Users\ERIN_JAVALead\.m2\repository\org\springframework\boot\spring-boot-autoconfigure\3.0.0\spring-boot-autoconfigure-3.0.0.jar;C:\Users\ERIN_JAVALead\.m2\repository\org\springframework\boot\spring-boot-starter-logging\3.0.0\spring-boot-starter-logging-3.0.0.jar;C:\Users\ERIN_JAVALead\.m2\repository\ch\qos\logback\logback-classic\1.4.5\logback-classic-1.4.5.jar;C:\Users\ERIN_JAVALead\.m2\repository\ch\qos\logback\logback-core\1.4.5\logback-core-1.4.5.jar;C:\Users\ERIN_JAVALead\.m2\repository\org\apache\logging\log4j\log4j-to-slf4j\2.19.0\log4j-to-slf4j-2.19.0.jar;C:\Users\ERIN_JAVALead\.m2\repository\org\slf4j\jul-to-slf4j\2.0.4\jul-to-slf4j-2.0.4.jar;C:\Users\ERIN_JAVALead\.m2\repository\org\yaml\snakeyaml\1.33\snakeyaml-1.33.jar;C:\Users\ERIN_JAVALead\.m2\repository\org\springframework\boot\spring-boot-starter-json\3.0.0\spring-boot-starter-json-3.0.0.jar;C:\Users\ERIN_JAVALead\.m2\repository\com\fasterxml\jackson\core\jackson-databind\2.14.1\jackson-databind-2.14.1.jar;C:\Users\ERIN_JAVALead\.m2\repository\com\fasterxml\jackson\core\jackson-annotations\2.14.1\jackson-annotations-2.14.1.jar;C:\Users\ERIN_JAVALead\.m2\repository\com\fasterxml\jackson\core\jackson-core\2.14.1\jackson-core-2.14.1.jar;C:\Users\ERIN_JAVALead\.m2\repository\com\fasterxml\jackson\datatype\jackson-datatype-jdk8\2.14.1\jackson-datatype-jdk8-2.14.1.jar;C:\Users\ERIN_JAVALead\.m2\repository\com\fasterxml\jackson\datatype\jackson-datatype-jsr310\2.14.1\jackson-datatype-jsr310-2.14.1.jar;C:\Users\ERIN_JAVALead\.m2\repository\com\fasterxml\jackson\module\jackson-module-parameter-names\2.14.1\jackson-module-parameter-names-2.14.1.jar;C:\Users\ERIN_JAVALead\.m2\repository\org\springframework\boot\spring-boot-starter-tomcat\3.0.0\spring-boot-starter-tomcat-3.0.0.jar;C:\Users\ERIN_JAVALead\.m2\repository\org\apache\tomcat\embed\tomcat-embed-core\10.1.1\tomcat-embed-core-10.1.1.jar;C:\Users\ERIN_JAVALead\.m2\repository\org\apache\tomcat\embed\tomcat-embed-el\10.1.1\tomcat-embed-el-10.1.1.jar;C:\Users\ERIN_JAVALead\.m2\repository\org\apache\tomcat\embed\tomcat-embed-websocket\10.1.1\tomcat-embed-websocket-10.1.1.jar;C:\Users\ERIN_JAVALead\.m2\repository\org\springframework\spring-web\6.0.2\spring-web-6.0.2.jar;C:\Users\ERIN_JAVALead\.m2\repository\io\micrometer\micrometer-observation\1.10.2\micrometer-observation-1.10.2.jar;C:\Users\ERIN_JAVALead\.m2\repository\io\micrometer\micrometer-commons\1.10.2\micrometer-commons-1.10.2.jar;C:\Users\ERIN_JAVALead\.m2\repository\org\springframework\spring-webmvc\6.0.2\spring-webmvc-6.0.2.jar;C:\Users\ERIN_JAVALead\.m2\repository\org\springframework\spring-expression\6.0.2\spring-expression-6.0.2.jar;C:\Users\ERIN_JAVALead\.m2\repository\com\microsoft\sqlserver\mssql-jdbc\12.4.1.jre11\mssql-jdbc-12.4.1.jre11.jar;C:\Users\ERIN_JAVALead\.m2\repository\com\h2database\h2\2.1.214\h2-2.1.214.jar;C:\Users\ERIN_JAVALead\.m2\repository\jakarta\xml\bind\jakarta.xml.bind-api\4.0.0\jakarta.xml.bind-api-4.0.0.jar;C:\Users\ERIN_JAVALead\.m2\repository\jakarta\activation\jakarta.activation-api\2.1.0\jakarta.activation-api-2.1.0.jar;C:\Users\ERIN_JAVALead\.m2\repository\org\springframework\spring-core\6.0.2\spring-core-6.0.2.jar;C:\Users\ERIN_JAVALead\.m2\repository\org\springframework\spring-jcl\6.0.2\spring-jcl-6.0.2.jar;C:\Users\ERIN_JAVALead\.m2\repository\org\apache\logging\log4j\log4j-api\2.6.1\log4j-api-2.6.1.jar;C:\Users\ERIN_JAVALead\.m2\repository\org\apache\logging\log4j\log4j-core\2.6.1\log4j-core-2.6.1.jar
Launcher Type: SUN_STANDARD

[Global flags]
     intx CICompilerCount                          = 3                                         {product} {ergonomic}
     uint ConcGCThreads                            = 1                                         {product} {ergonomic}
     uint G1ConcRefinementThreads                  = 4                                         {product} {ergonomic}
   size_t G1HeapRegionSize                         = 1048576                                   {product} {ergonomic}
    uintx GCDrainStackTargetSize                   = 64                                        {product} {ergonomic}
   size_t InitialHeapSize                          = 67108864                                  {product} {ergonomic}
   size_t MarkStackSize                            = 4194304                                   {product} {ergonomic}
   size_t MaxHeapSize                              = 1052770304                                {product} {ergonomic}
   size_t MaxNewSize                               = 631242752                                 {product} {ergonomic}
   size_t MinHeapDeltaBytes                        = 1048576                                   {product} {ergonomic}
   size_t MinHeapSize                              = 8388608                                   {product} {ergonomic}
    uintx NonNMethodCodeHeapSize                   = 5832780                                {pd product} {ergonomic}
    uintx NonProfiledCodeHeapSize                  = 122912730                              {pd product} {ergonomic}
    uintx ProfiledCodeHeapSize                     = 122912730                              {pd product} {ergonomic}
    uintx ReservedCodeCacheSize                    = 251658240                              {pd product} {ergonomic}
     bool SegmentedCodeCache                       = true                                      {product} {ergonomic}
   size_t SoftMaxHeapSize                          = 1052770304                             {manageable} {ergonomic}
     bool UseCompressedClassPointers               = true                           {product lp64_product} {ergonomic}
     bool UseCompressedOops                        = true                           {product lp64_product} {ergonomic}
     bool UseG1GC                                  = true                                      {product} {ergonomic}
     bool UseLargePagesIndividualAllocation        = false                                  {pd product} {ergonomic}

Logging:
Log output configuration:
 #0: stdout all=warning uptime,level,tags foldmultilines=false
 #1: stderr all=off uptime,level,tags foldmultilines=false

Environment Variables:
PATH=C:\WINDOWS\system32;C:\WINDOWS;C:\WINDOWS\System32\Wbem;C:\WINDOWS\System32\WindowsPowerShell\v1.0\;C:\WINDOWS\System32\OpenSSH\;C:\Program Files (x86)\nodejs\;C:\Program Files (x86)\nodejs\npm;C:\Users\ERIN_JAVALead\AppData\Roaming\npm;C:\Program Files\Git\cmd;C:\Program Files (x86)\dotnet\;C:\Program Files (x86)\Microsoft SQL Server\160\DTS\Binn\;C:\Program Files\Azure Data Studio\bin;C:\Program Files (x86)\Microsoft SQL Server\160\Tools\Binn\;C:\Program Files\Microsoft SQL Server\160\Tools\Binn\;C:\Program Files\Microsoft SQL Server\Client SDK\ODBC\170\Tools\Binn\;C:\Program Files\Microsoft SQL Server\160\DTS\Binn\;C:\Users\ERIN_JAVALead\AppData\Local\Microsoft\WindowsApps;;C:\Users\ERIN_JAVALead\AppData\Local\Programs\Microsoft VS Code\bin;C:\Users\ERIN_JAVALead\AppData\Roaming\npm;C:\Program Files\Azure Data Studio\bin
USERNAME=ERIN_JAVALead
OS=Windows_NT
PROCESSOR_IDENTIFIER=Intel64 Family 6 Model 78 Stepping 3, GenuineIntel



---------------  S Y S T E M  ---------------

OS:
 Windows 10 , 64 bit Build 19041 (10.0.19041.3570)
OS uptime: 0 days 3:07 hours

CPU: total 4 (initial active 4) (2 cores per cpu, 2 threads per core) family 6 model 78 stepping 3 microcode 0xcc, cx8, cmov, fxsr, ht, mmx, 3dnowpref, sse, sse2, sse3, ssse3, sse4.1, sse4.2, popcnt, lzcnt, tsc, tscinvbit, avx, avx2, aes, erms, clmul, bmi1, bmi2, adx, fma, vzeroupper, clflush, clflushopt

Memory: 4k page, system-wide physical 4012M (362M free)
TotalPageFile size 6060M (AvailPageFile size 9M)
current process WorkingSet (physical memory assigned to process): 214M, peak: 216M
current process commit charge ("private bytes"): 245M, peak: 246M

vm_info: OpenJDK 64-Bit Server VM (18.0.2+9-FR) for windows-amd64 JRE (18.0.2+9-FR), built on Jul 15 2022 20:03:03 by "Administrator" with MS VC++ 15.9 (VS2017)

END.
