#
# There is insufficient memory for the Java Runtime Environment to continue.
# Native memory allocation (mmap) failed to map 17825792 bytes for G1 virtual space
# Possible reasons:
#   The system is out of physical RAM or swap space
#   The process is running with CompressedOops enabled, and the Java Heap may be blocking the growth of the native heap
# Possible solutions:
#   Reduce memory load on the system
#   Increase physical memory or swap space
#   Check if swap backing store is full
#   Decrease Java heap size (-Xmx/-Xms)
#   Decrease number of Java threads
#   Decrease Java thread stack sizes (-Xss)
#   Set larger code cache with -XX:ReservedCodeCacheSize=
#   JVM is running with Unscaled Compressed Oops mode in which the Java heap is
#     placed in the first 4GB address space. The Java Heap base address is the
#     maximum limit for the native heap growth. Please use -XX:HeapBaseMinAddress
#     to set the Java Heap base and to place the Java Heap above 4GB virtual address.
# This output file may be truncated or incomplete.
#
#  Out of Memory Error (os_windows.cpp:3530), pid=11832, tid=11156
#
# JRE version: OpenJDK Runtime Environment Corretto-18.0.2.9.1 (18.0.2+9) (build 18.0.2+9-FR)
# Java VM: OpenJDK 64-Bit Server VM Corretto-18.0.2.9.1 (18.0.2+9-FR, mixed mode, sharing, tiered, compressed oops, compressed class ptrs, g1 gc, windows-amd64)
# No core dump will be written. Minidumps are not enabled by default on client versions of Windows
#

---------------  S U M M A R Y ------------

Command Line: -ea -Didea.test.cyclic.buffer.size=1048576 -javaagent:C:\Program Files\JetBrains\IntelliJ IDEA Community Edition 2021.3.3\lib\idea_rt.jar=56300:C:\Program Files\JetBrains\IntelliJ IDEA Community Edition 2021.3.3\bin -Dfile.encoding=UTF-8 com.intellij.rt.junit.JUnitStarter -ideVersion5 -junit5 com.devskiller.tasks.blog.rest.UserControllerTest,shouldReturnFoundUser

Host: Intel(R) Core(TM) i3-6006U CPU @ 2.00GHz, 4 cores, 3G,  Windows 10 , 64 bit Build 19041 (10.0.19041.3570)
Time: Tue Oct 31 13:02:36 2023 Central European Standard Time elapsed time: 8.491014 seconds (0d 0h 0m 8s)

---------------  T H R E A D  ---------------

Current thread (0x00000281f5a71410):  VMThread "VM Thread" [stack: 0x000000db9e100000,0x000000db9e200000] [id=11156]

Stack: [0x000000db9e100000,0x000000db9e200000]
Native frames: (J=compiled Java code, j=interpreted, Vv=VM code, C=native code)
V  [jvm.dll+0x685a2a]
V  [jvm.dll+0x82ae8d]
V  [jvm.dll+0x82c75e]
V  [jvm.dll+0x82ce03]
V  [jvm.dll+0x25ef4b]
V  [jvm.dll+0x6828ca]
V  [jvm.dll+0x67745a]
V  [jvm.dll+0x3243f9]
V  [jvm.dll+0x32ba86]
V  [jvm.dll+0x37e00a]
V  [jvm.dll+0x37e24f]
V  [jvm.dll+0x2fb50a]
V  [jvm.dll+0x2fb5b7]
V  [jvm.dll+0x33f162]
V  [jvm.dll+0x33d8f0]
V  [jvm.dll+0x2fad70]
V  [jvm.dll+0x33cecb]
V  [jvm.dll+0x831b3b]
V  [jvm.dll+0x8328c8]
V  [jvm.dll+0x832e15]
V  [jvm.dll+0x833254]
V  [jvm.dll+0x833315]
V  [jvm.dll+0x7d9cba]
V  [jvm.dll+0x6848a5]
C  [ucrtbase.dll+0x21bb2]
C  [KERNEL32.DLL+0x17344]
C  [ntdll.dll+0x526b1]

VM_Operation (0x000000db9dbfb5d0): G1CollectForAllocation, mode: safepoint, requested by thread 0x00000281e952f6b0


---------------  P R O C E S S  ---------------

Threads class SMR info:
_java_thread_list=0x00000281fb8b8f50, length=13, elements={
0x00000281e952f6b0, 0x00000281f5a75bc0, 0x00000281f5a76fc0, 0x00000281f5a8e160,
0x00000281f5a8fb10, 0x00000281f5a90c50, 0x00000281f5a92010, 0x00000281f5a989d0,
0x00000281f5a973f0, 0x00000281f5aa0140, 0x00000281f9d22100, 0x00000281f9d225d0,
0x00000281f9d24780
}

Java Threads: ( => current thread )
  0x00000281e952f6b0 JavaThread "main" [_thread_blocked, id=4876, stack(0x000000db9db00000,0x000000db9dc00000)]
  0x00000281f5a75bc0 JavaThread "Reference Handler" daemon [_thread_blocked, id=10840, stack(0x000000db9e200000,0x000000db9e300000)]
  0x00000281f5a76fc0 JavaThread "Finalizer" daemon [_thread_blocked, id=9776, stack(0x000000db9e300000,0x000000db9e400000)]
  0x00000281f5a8e160 JavaThread "Signal Dispatcher" daemon [_thread_blocked, id=6588, stack(0x000000db9e500000,0x000000db9e600000)]
  0x00000281f5a8fb10 JavaThread "Attach Listener" daemon [_thread_blocked, id=10756, stack(0x000000db9e600000,0x000000db9e700000)]
  0x00000281f5a90c50 JavaThread "Service Thread" daemon [_thread_blocked, id=11516, stack(0x000000db9e700000,0x000000db9e800000)]
  0x00000281f5a92010 JavaThread "Monitor Deflation Thread" daemon [_thread_blocked, id=7744, stack(0x000000db9e800000,0x000000db9e900000)]
  0x00000281f5a989d0 JavaThread "C2 CompilerThread0" daemon [_thread_in_native, id=7736, stack(0x000000db9e900000,0x000000db9ea00000)]
  0x00000281f5a973f0 JavaThread "C1 CompilerThread0" daemon [_thread_blocked, id=10180, stack(0x000000db9ea00000,0x000000db9eb00000)]
  0x00000281f5aa0140 JavaThread "Sweeper thread" daemon [_thread_blocked, id=9716, stack(0x000000db9eb00000,0x000000db9ec00000)]
  0x00000281f9d22100 JavaThread "Common-Cleaner" daemon [_thread_blocked, id=4788, stack(0x000000db9ec00000,0x000000db9ed00000)]
  0x00000281f9d225d0 JavaThread "Monitor Ctrl-Break" daemon [_thread_in_native, id=9056, stack(0x000000db9ed00000,0x000000db9ee00000)]
  0x00000281f9d24780 JavaThread "Notification Thread" daemon [_thread_blocked, id=9744, stack(0x000000db9ee00000,0x000000db9ef00000)]

Other Threads:
=>0x00000281f5a71410 VMThread "VM Thread" [stack: 0x000000db9e100000,0x000000db9e200000] [id=11156]
  0x00000281f9da9730 WatcherThread "VM Periodic Task Thread" [stack: 0x000000db9ef00000,0x000000db9f000000] [id=8716]
  0x00000281e956ff60 WorkerThread "GC Thread#0" [stack: 0x000000db9dc00000,0x000000db9dd00000] [id=3768]
  0x00000281fa3c70e0 WorkerThread "GC Thread#1" [stack: 0x000000db9f100000,0x000000db9f200000] [id=6696]
  0x00000281fa3a5f80 WorkerThread "GC Thread#2" [stack: 0x000000db9f200000,0x000000db9f300000] [id=3120]
  0x00000281fa3a6220 WorkerThread "GC Thread#3" [stack: 0x000000db9f300000,0x000000db9f400000] [id=13192]
  0x00000281e95780b0 ConcurrentGCThread "G1 Main Marker" [stack: 0x000000db9dd00000,0x000000db9de00000] [id=1676]
  0x00000281e9578aa0 WorkerThread "G1 Conc#0" [stack: 0x000000db9de00000,0x000000db9df00000] [id=5760]
  0x00000281e959ce10 ConcurrentGCThread "G1 Refine#0" [stack: 0x000000db9df00000,0x000000db9e000000] [id=8924]
  0x00000281fa475740 ConcurrentGCThread "G1 Refine#1" [stack: 0x000000db9f400000,0x000000db9f500000] [id=1468]
  0x00000281e959d630 ConcurrentGCThread "G1 Service" [stack: 0x000000db9e000000,0x000000db9e100000] [id=3436]

Threads with active compile tasks:
C2 CompilerThread0     8556 3590       4       org.springframework.boot.context.properties.source.ConfigurationPropertyName$ElementsParser::parse (234 bytes)

VM state: at safepoint (normal execution)

VM Mutex/Monitor currently owned by a thread:  ([mutex/lock_event])
[0x00000281e952c8b0] Threads_lock - owner thread: 0x00000281f5a71410
[0x00000281e952b470] Heap_lock - owner thread: 0x00000281e952f6b0

Heap address: 0x00000000c1400000, size: 1004 MB, Compressed Oops mode: 32-bit

CDS archive(s) mapped at: [0x0000000800000000-0x0000000800ba0000-0x0000000800ba0000), size 12189696, SharedBaseAddress: 0x0000000800000000, ArchiveRelocationMode: 0.
Compressed class space mapped at: 0x0000000800c00000-0x0000000840c00000, reserved size: 1073741824
Narrow klass base: 0x0000000800000000, Narrow klass shift: 0, Narrow klass range: 0x100000000

GC Precious Log:
 CardTable entry size: 512
 Card Set container configuration: InlinePtr #cards 5 size 8 Array Of Cards #cards 12 size 40 Howl #buckets 4 coarsen threshold 1843 Howl Bitmap #cards 512 size 80 coarsen threshold 460 Card regions per heap region 1 cards per card region 2048
 CPUs: 4 total, 4 available
 Memory: 4012M
 Large Page Support: Disabled
 NUMA Support: Disabled
 Compressed Oops: Enabled (32-bit)
 Heap Region Size: 1M
 Heap Min Capacity: 8M
 Heap Initial Capacity: 64M
 Heap Max Capacity: 1004M
 Pre-touch: Disabled
 Parallel Workers: 4
 Concurrent Workers: 1
 Concurrent Refinement Workers: 4
 Periodic GC: Disabled

Heap:
 garbage-first heap   total 48128K, used 16122K [0x00000000c1400000, 0x0000000100000000)
  region size 1024K, 2 young (2048K), 2 survivors (2048K)
 Metaspace       used 30434K, committed 30976K, reserved 1114112K
  class space    used 4225K, committed 4480K, reserved 1048576K

Heap Regions: E=young(eden), S=young(survivor), O=old, HS=humongous(starts), HC=humongous(continues), CS=collection set, F=free, OA=open archive, CA=closed archive, TAMS=top-at-mark-start (previous, next)
|   0|0x00000000c1400000, 0x00000000c1500000, 0x00000000c1500000|100%|HS|  |TAMS 0x00000000c1500000, 0x00000000c1400000| Complete 
|   1|0x00000000c1500000, 0x00000000c1600000, 0x00000000c1600000|100%| O|  |TAMS 0x00000000c1600000, 0x00000000c1500000| Untracked 
|   2|0x00000000c1600000, 0x00000000c1700000, 0x00000000c1700000|100%| O|  |TAMS 0x00000000c1700000, 0x00000000c1600000| Untracked 
|   3|0x00000000c1700000, 0x00000000c1800000, 0x00000000c1800000|100%| O|  |TAMS 0x00000000c1800000, 0x00000000c1700000| Untracked 
|   4|0x00000000c1800000, 0x00000000c1900000, 0x00000000c1900000|100%| O|  |TAMS 0x00000000c1900000, 0x00000000c1800000| Untracked 
|   5|0x00000000c1900000, 0x00000000c1a00000, 0x00000000c1a00000|100%| O|  |TAMS 0x00000000c1a00000, 0x00000000c1900000| Untracked 
|   6|0x00000000c1a00000, 0x00000000c1b00000, 0x00000000c1b00000|100%| O|  |TAMS 0x00000000c1a8b200, 0x00000000c1a00000| Untracked 
|   7|0x00000000c1b00000, 0x00000000c1c00000, 0x00000000c1c00000|100%| O|  |TAMS 0x00000000c1b00000, 0x00000000c1b00000| Untracked 
|   8|0x00000000c1c00000, 0x00000000c1c00000, 0x00000000c1d00000|  0%| F|  |TAMS 0x00000000c1c00000, 0x00000000c1c00000| Untracked 
|   9|0x00000000c1d00000, 0x00000000c1e00000, 0x00000000c1e00000|100%| O|  |TAMS 0x00000000c1d00000, 0x00000000c1d00000| Untracked 
|  10|0x00000000c1e00000, 0x00000000c1f00000, 0x00000000c1f00000|100%| O|  |TAMS 0x00000000c1e00000, 0x00000000c1e00000| Untracked 
|  11|0x00000000c1f00000, 0x00000000c2000000, 0x00000000c2000000|100%| O|  |TAMS 0x00000000c1f00000, 0x00000000c1f00000| Untracked 
|  12|0x00000000c2000000, 0x00000000c2100000, 0x00000000c2100000|100%| O|  |TAMS 0x00000000c2000000, 0x00000000c2000000| Untracked 
|  13|0x00000000c2100000, 0x00000000c2200000, 0x00000000c2200000|100%| O|  |TAMS 0x00000000c2100000, 0x00000000c2100000| Untracked 
|  14|0x00000000c2200000, 0x00000000c22cf000, 0x00000000c2300000| 80%| O|  |TAMS 0x00000000c2200000, 0x00000000c2200000| Untracked 
|  15|0x00000000c2300000, 0x00000000c2300000, 0x00000000c2400000|  0%| F|  |TAMS 0x00000000c2300000, 0x00000000c2300000| Untracked 
|  16|0x00000000c2400000, 0x00000000c2400000, 0x00000000c2500000|  0%| F|  |TAMS 0x00000000c2400000, 0x00000000c2400000| Untracked 
|  17|0x00000000c2500000, 0x00000000c2500000, 0x00000000c2600000|  0%| F|  |TAMS 0x00000000c2500000, 0x00000000c2500000| Untracked 
|  18|0x00000000c2600000, 0x00000000c2600000, 0x00000000c2700000|  0%| F|  |TAMS 0x00000000c2600000, 0x00000000c2600000| Untracked 
|  19|0x00000000c2700000, 0x00000000c2700000, 0x00000000c2800000|  0%| F|  |TAMS 0x00000000c2700000, 0x00000000c2700000| Untracked 
|  20|0x00000000c2800000, 0x00000000c2800000, 0x00000000c2900000|  0%| F|  |TAMS 0x00000000c2800000, 0x00000000c2800000| Untracked 
|  21|0x00000000c2900000, 0x00000000c2900000, 0x00000000c2a00000|  0%| F|  |TAMS 0x00000000c2900000, 0x00000000c2900000| Untracked 
|  22|0x00000000c2a00000, 0x00000000c2a00000, 0x00000000c2b00000|  0%| F|  |TAMS 0x00000000c2a00000, 0x00000000c2a00000| Untracked 
|  23|0x00000000c2b00000, 0x00000000c2b00000, 0x00000000c2c00000|  0%| F|  |TAMS 0x00000000c2b00000, 0x00000000c2b00000| Untracked 
|  24|0x00000000c2c00000, 0x00000000c2c00000, 0x00000000c2d00000|  0%| F|  |TAMS 0x00000000c2c00000, 0x00000000c2c00000| Untracked 
|  25|0x00000000c2d00000, 0x00000000c2def940, 0x00000000c2e00000| 93%| S|CS|TAMS 0x00000000c2d00000, 0x00000000c2d00000| Complete 
|  26|0x00000000c2e00000, 0x00000000c2f00000, 0x00000000c2f00000|100%| S|CS|TAMS 0x00000000c2e00000, 0x00000000c2e00000| Complete 
|  27|0x00000000c2f00000, 0x00000000c2f00000, 0x00000000c3000000|  0%| F|  |TAMS 0x00000000c2f00000, 0x00000000c2f00000| Untracked 
|  28|0x00000000c3000000, 0x00000000c3000000, 0x00000000c3100000|  0%| F|  |TAMS 0x00000000c3000000, 0x00000000c3000000| Untracked 
|  29|0x00000000c3100000, 0x00000000c3100000, 0x00000000c3200000|  0%| F|  |TAMS 0x00000000c3100000, 0x00000000c3100000| Untracked 
|  30|0x00000000c3200000, 0x00000000c3200000, 0x00000000c3300000|  0%| F|  |TAMS 0x00000000c3200000, 0x00000000c3200000| Untracked 
|  31|0x00000000c3300000, 0x00000000c3300000, 0x00000000c3400000|  0%| F|  |TAMS 0x00000000c3300000, 0x00000000c3300000| Untracked 
|  32|0x00000000c3400000, 0x00000000c3400000, 0x00000000c3500000|  0%| F|  |TAMS 0x00000000c3400000, 0x00000000c3400000| Untracked 
|  33|0x00000000c3500000, 0x00000000c3500000, 0x00000000c3600000|  0%| F|  |TAMS 0x00000000c3500000, 0x00000000c3500000| Untracked 
|  34|0x00000000c3600000, 0x00000000c3600000, 0x00000000c3700000|  0%| F|  |TAMS 0x00000000c3600000, 0x00000000c3600000| Untracked 
|  35|0x00000000c3700000, 0x00000000c3700000, 0x00000000c3800000|  0%| F|  |TAMS 0x00000000c3700000, 0x00000000c3700000| Untracked 
|  36|0x00000000c3800000, 0x00000000c3800000, 0x00000000c3900000|  0%| F|  |TAMS 0x00000000c3800000, 0x00000000c3800000| Untracked 
|  37|0x00000000c3900000, 0x00000000c3900000, 0x00000000c3a00000|  0%| F|  |TAMS 0x00000000c3900000, 0x00000000c3900000| Untracked 
|  38|0x00000000c3a00000, 0x00000000c3a00000, 0x00000000c3b00000|  0%| F|  |TAMS 0x00000000c3a00000, 0x00000000c3a00000| Untracked 
|  39|0x00000000c3b00000, 0x00000000c3b00000, 0x00000000c3c00000|  0%| F|  |TAMS 0x00000000c3b00000, 0x00000000c3b00000| Untracked 
|  40|0x00000000c3c00000, 0x00000000c3c00000, 0x00000000c3d00000|  0%| F|  |TAMS 0x00000000c3c00000, 0x00000000c3c00000| Untracked 
|  41|0x00000000c3d00000, 0x00000000c3d00000, 0x00000000c3e00000|  0%| F|  |TAMS 0x00000000c3d00000, 0x00000000c3d00000| Untracked 
|  42|0x00000000c3e00000, 0x00000000c3e00000, 0x00000000c3f00000|  0%| F|  |TAMS 0x00000000c3e00000, 0x00000000c3e00000| Untracked 
|  43|0x00000000c3f00000, 0x00000000c3f00000, 0x00000000c4000000|  0%| F|  |TAMS 0x00000000c3f00000, 0x00000000c3f00000| Untracked 
|  44|0x00000000c4000000, 0x00000000c4000000, 0x00000000c4100000|  0%| F|  |TAMS 0x00000000c4000000, 0x00000000c4000000| Untracked 
|  45|0x00000000c4100000, 0x00000000c4100000, 0x00000000c4200000|  0%| F|  |TAMS 0x00000000c4100000, 0x00000000c4100000| Untracked 
|  63|0x00000000c5300000, 0x00000000c5300000, 0x00000000c5400000|  0%| F|  |TAMS 0x00000000c5300000, 0x00000000c5300000| Untracked 

Card table byte_map: [0x00000281f12f0000,0x00000281f14f0000] _byte_map_base: 0x00000281f0ce6000

Marking Bits (Prev, Next): (CMBitMap*) 0x00000281e95719b0, (CMBitMap*) 0x00000281e9571970
 Prev Bits: [0x00000281f26a0000, 0x00000281f3650000)
 Next Bits: [0x00000281f16f0000, 0x00000281f26a0000)

Polling page: 0x00000281e7490000

Metaspace:

Usage:
  Non-class:     25.59 MB used.
      Class:      4.13 MB used.
       Both:     29.72 MB used.

Virtual space:
  Non-class space:       64.00 MB reserved,      25.88 MB ( 40%) committed,  1 nodes.
      Class space:        1.00 GB reserved,       4.38 MB ( <1%) committed,  1 nodes.
             Both:        1.06 GB reserved,      30.25 MB (  3%) committed. 

Chunk freelists:
   Non-Class:  2.04 MB
       Class:  3.45 MB
        Both:  5.49 MB

MaxMetaspaceSize: unlimited
CompressedClassSpaceSize: 1.00 GB
Initial GC threshold: 21.00 MB
Current GC threshold: 35.25 MB
CDS: on
MetaspaceReclaimPolicy: balanced
 - commit_granule_bytes: 65536.
 - commit_granule_words: 8192.
 - virtual_space_node_default_size: 8388608.
 - enlarge_chunks_in_place: 1.
 - new_chunks_are_fully_committed: 0.
 - uncommit_free_chunks: 1.
 - use_allocation_guard: 0.


Internal statistics:

num_allocs_failed_limit: 3.
num_arena_births: 626.
num_arena_deaths: 0.
num_vsnodes_births: 2.
num_vsnodes_deaths: 0.
num_space_committed: 484.
num_space_uncommitted: 0.
num_chunks_returned_to_freelist: 3.
num_chunks_taken_from_freelist: 1750.
num_chunk_merges: 3.
num_chunk_splits: 1204.
num_chunks_enlarged: 908.
num_inconsistent_stats: 0.

CodeHeap 'non-profiled nmethods': size=120000Kb used=1598Kb max_used=1598Kb free=118401Kb
 bounds [0x0000028187ad0000, 0x0000028187d40000, 0x000002818f000000]
CodeHeap 'profiled nmethods': size=120000Kb used=7764Kb max_used=7764Kb free=112235Kb
 bounds [0x00000281805a0000, 0x0000028180d40000, 0x0000028187ad0000]
CodeHeap 'non-nmethods': size=5760Kb used=1221Kb max_used=1282Kb free=4538Kb
 bounds [0x0000028180000000, 0x0000028180270000, 0x00000281805a0000]
 total_blobs=4276 nmethods=3765 adapters=423
 compilation: enabled
              stopped_count=0, restarted_count=0
 full_count=0

Compilation events (20 events):
Event: 8.394 Thread 0x00000281f5a973f0 3768       3       org.springframework.boot.test.mock.mockito.MockitoPostProcessor::postProcessField (29 bytes)
Event: 8.395 Thread 0x00000281f5a973f0 nmethod 3768 0x0000028180d27690 code [0x0000028180d27880, 0x0000028180d27e28]
Event: 8.395 Thread 0x00000281f5a973f0 3770       3       org.springframework.core.annotation.AnnotationsScanner::getBaseTypeMethods (145 bytes)
Event: 8.398 Thread 0x00000281f5a973f0 nmethod 3770 0x0000028180d28010 code [0x0000028180d282c0, 0x0000028180d28fa8]
Event: 8.398 Thread 0x00000281f5a973f0 3771       3       org.springframework.beans.factory.support.AbstractBeanFactory::getType (246 bytes)
Event: 8.401 Thread 0x00000281f5a973f0 nmethod 3771 0x0000028180d29410 code [0x0000028180d29880, 0x0000028180d2c088]
Event: 8.402 Thread 0x00000281f5a973f0 3772       3       org.springframework.beans.factory.support.DefaultListableBeanFactory::findAnnotationOnBean (8 bytes)
Event: 8.402 Thread 0x00000281f5a973f0 nmethod 3772 0x0000028180d2cc10 code [0x0000028180d2cdc0, 0x0000028180d2cf08]
Event: 8.426 Thread 0x00000281f5a973f0 3773       3       ch.qos.logback.classic.Logger::<init> (25 bytes)
Event: 8.426 Thread 0x00000281f5a973f0 nmethod 3773 0x0000028180d2d010 code [0x0000028180d2d1c0, 0x0000028180d2d438]
Event: 8.451 Thread 0x00000281f5a973f0 3774       3       java.lang.Package::<init> (47 bytes)
Event: 8.451 Thread 0x00000281f5a973f0 nmethod 3774 0x0000028180d2d510 code [0x0000028180d2d700, 0x0000028180d2db68]
Event: 8.469 Thread 0x00000281f5a973f0 3775       3       org.springframework.beans.factory.support.AbstractBeanFactory::isTypeMatch (619 bytes)
Event: 8.475 Thread 0x00000281f5a973f0 nmethod 3775 0x0000028180d2dd90 code [0x0000028180d2e460, 0x0000028180d33488]
Event: 8.475 Thread 0x00000281f5a973f0 3776       3       org.springframework.core.ResolvableType::hasGenerics (14 bytes)
Event: 8.475 Thread 0x00000281f5a973f0 nmethod 3776 0x0000028180d34890 code [0x0000028180d34a40, 0x0000028180d34c68]
Event: 8.475 Thread 0x00000281f5a973f0 3777       3       org.springframework.core.ResolvableType::isInstance (21 bytes)
Event: 8.475 Thread 0x00000281f5a973f0 nmethod 3777 0x0000028180d34d10 code [0x0000028180d34ec0, 0x0000028180d35148]
Event: 8.475 Thread 0x00000281f5a973f0 3778       1       java.lang.invoke.LambdaForm::arity (5 bytes)
Event: 8.475 Thread 0x00000281f5a973f0 nmethod 3778 0x0000028187c5f810 code [0x0000028187c5f9a0, 0x0000028187c5fa78]

GC Heap History (15 events):
Event: 1.549 GC heap before
{Heap before GC invocations=0 (full 0):
 garbage-first heap   total 65536K, used 13312K [0x00000000c1400000, 0x0000000100000000)
  region size 1024K, 13 young (13312K), 0 survivors (0K)
 Metaspace       used 2922K, committed 3072K, reserved 1114112K
  class space    used 283K, committed 384K, reserved 1048576K
}
Event: 1.574 GC heap after
{Heap after GC invocations=1 (full 0):
 garbage-first heap   total 65536K, used 6570K [0x00000000c1400000, 0x0000000100000000)
  region size 1024K, 2 young (2048K), 2 survivors (2048K)
 Metaspace       used 2922K, committed 3072K, reserved 1114112K
  class space    used 283K, committed 384K, reserved 1048576K
}
Event: 2.308 GC heap before
{Heap before GC invocations=1 (full 0):
 garbage-first heap   total 65536K, used 15786K [0x00000000c1400000, 0x0000000100000000)
  region size 1024K, 11 young (11264K), 2 survivors (2048K)
 Metaspace       used 5043K, committed 5248K, reserved 1114112K
  class space    used 622K, committed 704K, reserved 1048576K
}
Event: 2.317 GC heap after
{Heap after GC invocations=2 (full 0):
 garbage-first heap   total 65536K, used 7273K [0x00000000c1400000, 0x0000000100000000)
  region size 1024K, 1 young (1024K), 1 survivors (1024K)
 Metaspace       used 5043K, committed 5248K, reserved 1114112K
  class space    used 622K, committed 704K, reserved 1048576K
}
Event: 3.917 GC heap before
{Heap before GC invocations=2 (full 0):
 garbage-first heap   total 65536K, used 26729K [0x00000000c1400000, 0x0000000100000000)
  region size 1024K, 21 young (21504K), 1 survivors (1024K)
 Metaspace       used 10506K, committed 10688K, reserved 1114112K
  class space    used 1336K, committed 1408K, reserved 1048576K
}
Event: 3.926 GC heap after
{Heap after GC invocations=3 (full 0):
 garbage-first heap   total 65536K, used 8748K [0x00000000c1400000, 0x0000000100000000)
  region size 1024K, 2 young (2048K), 2 survivors (2048K)
 Metaspace       used 10506K, committed 10688K, reserved 1114112K
  class space    used 1336K, committed 1408K, reserved 1048576K
}
Event: 5.118 GC heap before
{Heap before GC invocations=3 (full 0):
 garbage-first heap   total 65536K, used 39468K [0x00000000c1400000, 0x0000000100000000)
  region size 1024K, 33 young (33792K), 2 survivors (2048K)
 Metaspace       used 18256K, committed 18560K, reserved 1114112K
  class space    used 2287K, committed 2432K, reserved 1048576K
}
Event: 5.130 GC heap after
{Heap after GC invocations=4 (full 0):
 garbage-first heap   total 65536K, used 11212K [0x00000000c1400000, 0x0000000100000000)
  region size 1024K, 5 young (5120K), 5 survivors (5120K)
 Metaspace       used 18256K, committed 18560K, reserved 1114112K
  class space    used 2287K, committed 2432K, reserved 1048576K
}
Event: 6.056 GC heap before
{Heap before GC invocations=4 (full 0):
 garbage-first heap   total 65536K, used 30668K [0x00000000c1400000, 0x0000000100000000)
  region size 1024K, 26 young (26624K), 5 survivors (5120K)
 Metaspace       used 21227K, committed 21504K, reserved 1114112K
  class space    used 2690K, committed 2816K, reserved 1048576K
}
Event: 6.069 GC heap after
{Heap after GC invocations=5 (full 0):
 garbage-first heap   total 65536K, used 12742K [0x00000000c1400000, 0x0000000100000000)
  region size 1024K, 4 young (4096K), 4 survivors (4096K)
 Metaspace       used 21227K, committed 21504K, reserved 1114112K
  class space    used 2690K, committed 2816K, reserved 1048576K
}
Event: 7.268 GC heap before
{Heap before GC invocations=6 (full 0):
 garbage-first heap   total 48128K, used 37318K [0x00000000c1400000, 0x0000000100000000)
  region size 1024K, 28 young (28672K), 4 survivors (4096K)
 Metaspace       used 26726K, committed 27200K, reserved 1114112K
  class space    used 3645K, committed 3840K, reserved 1048576K
}
Event: 7.287 GC heap after
{Heap after GC invocations=7 (full 0):
 garbage-first heap   total 48128K, used 14187K [0x00000000c1400000, 0x0000000100000000)
  region size 1024K, 3 young (3072K), 3 survivors (3072K)
 Metaspace       used 26726K, committed 27200K, reserved 1114112K
  class space    used 3645K, committed 3840K, reserved 1048576K
}
Event: 7.338 GC heap before
{Heap before GC invocations=7 (full 0):
 garbage-first heap   total 48128K, used 15211K [0x00000000c1400000, 0x0000000100000000)
  region size 1024K, 4 young (4096K), 3 survivors (3072K)
 Metaspace       used 26993K, committed 27456K, reserved 1114112K
  class space    used 3708K, committed 3904K, reserved 1048576K
}
Event: 7.348 GC heap after
{Heap after GC invocations=8 (full 0):
 garbage-first heap   total 48128K, used 14740K [0x00000000c1400000, 0x0000000100000000)
  region size 1024K, 1 young (1024K), 1 survivors (1024K)
 Metaspace       used 26993K, committed 27456K, reserved 1114112K
  class space    used 3708K, committed 3904K, reserved 1048576K
}
Event: 8.477 GC heap before
{Heap before GC invocations=8 (full 0):
 garbage-first heap   total 48128K, used 33172K [0x00000000c1400000, 0x0000000100000000)
  region size 1024K, 20 young (20480K), 1 survivors (1024K)
 Metaspace       used 30434K, committed 30976K, reserved 1114112K
  class space    used 4225K, committed 4480K, reserved 1048576K
}

Deoptimization events (20 events):
Event: 8.259 Thread 0x00000281e952f6b0 Uncommon trap: trap_request=0xffffffde fr.pc=0x0000028187bc605c relative=0x0000000000000e1c
Event: 8.259 Thread 0x00000281e952f6b0 Uncommon trap: reason=class_check action=maybe_recompile pc=0x0000028187bc605c method=java.util.concurrent.ConcurrentHashMap.putVal(Ljava/lang/Object;Ljava/lang/Object;Z)Ljava/lang/Object; @ 159 c2
Event: 8.259 Thread 0x00000281e952f6b0 DEOPT PACKING pc=0x0000028187bc605c sp=0x000000db9dbfa750
Event: 8.259 Thread 0x00000281e952f6b0 DEOPT UNPACKING pc=0x00000281800523a3 sp=0x000000db9dbfa6d0 mode 2
Event: 8.262 Thread 0x00000281e952f6b0 Uncommon trap: trap_request=0xffffff45 fr.pc=0x0000028187c4da94 relative=0x0000000000000274
Event: 8.262 Thread 0x00000281e952f6b0 Uncommon trap: reason=unstable_if action=reinterpret pc=0x0000028187c4da94 method=java.util.concurrent.ConcurrentHashMap.get(Ljava/lang/Object;)Ljava/lang/Object; @ 152 c2
Event: 8.262 Thread 0x00000281e952f6b0 DEOPT PACKING pc=0x0000028187c4da94 sp=0x000000db9dbfa3a0
Event: 8.262 Thread 0x00000281e952f6b0 DEOPT UNPACKING pc=0x00000281800523a3 sp=0x000000db9dbfa318 mode 2
Event: 8.262 Thread 0x00000281e952f6b0 Uncommon trap: trap_request=0xffffffde fr.pc=0x0000028187bc605c relative=0x0000000000000e1c
Event: 8.262 Thread 0x00000281e952f6b0 Uncommon trap: reason=class_check action=maybe_recompile pc=0x0000028187bc605c method=java.util.concurrent.ConcurrentHashMap.putVal(Ljava/lang/Object;Ljava/lang/Object;Z)Ljava/lang/Object; @ 159 c2
Event: 8.262 Thread 0x00000281e952f6b0 DEOPT PACKING pc=0x0000028187bc605c sp=0x000000db9dbf9dd0
Event: 8.262 Thread 0x00000281e952f6b0 DEOPT UNPACKING pc=0x00000281800523a3 sp=0x000000db9dbf9d50 mode 2
Event: 8.263 Thread 0x00000281e952f6b0 Uncommon trap: trap_request=0xffffffde fr.pc=0x0000028187bc605c relative=0x0000000000000e1c
Event: 8.263 Thread 0x00000281e952f6b0 Uncommon trap: reason=class_check action=maybe_recompile pc=0x0000028187bc605c method=java.util.concurrent.ConcurrentHashMap.putVal(Ljava/lang/Object;Ljava/lang/Object;Z)Ljava/lang/Object; @ 159 c2
Event: 8.263 Thread 0x00000281e952f6b0 DEOPT PACKING pc=0x0000028187bc605c sp=0x000000db9dbfa010
Event: 8.263 Thread 0x00000281e952f6b0 DEOPT UNPACKING pc=0x00000281800523a3 sp=0x000000db9dbf9f90 mode 2
Event: 8.393 Thread 0x00000281e952f6b0 Uncommon trap: trap_request=0xffffff45 fr.pc=0x0000028187c55834 relative=0x0000000000004d54
Event: 8.393 Thread 0x00000281e952f6b0 Uncommon trap: reason=unstable_if action=reinterpret pc=0x0000028187c55834 method=org.springframework.beans.factory.support.AbstractBeanFactory.isTypeMatch(Ljava/lang/String;Lorg/springframework/core/ResolvableType;Z)Z @ 77 c2
Event: 8.393 Thread 0x00000281e952f6b0 DEOPT PACKING pc=0x0000028187c55834 sp=0x000000db9dbfbb80
Event: 8.393 Thread 0x00000281e952f6b0 DEOPT UNPACKING pc=0x00000281800523a3 sp=0x000000db9dbfbb88 mode 2

Classes loaded (20 events):
Event: 7.748 Loading class jdk/internal/access/JavaBeansAccess done
Event: 7.748 Loading class java/beans/Introspector$1 done
Event: 7.760 Loading class java/lang/Class$EnclosingMethodInfo
Event: 7.760 Loading class java/lang/Class$EnclosingMethodInfo done
Event: 8.199 Loading class java/lang/SafeVarargs
Event: 8.199 Loading class java/lang/SafeVarargs done
Event: 8.203 Loading class java/lang/reflect/MalformedParametersException
Event: 8.203 Loading class java/lang/reflect/MalformedParametersException done
Event: 8.300 Loading class java/util/OptionalLong
Event: 8.300 Loading class java/util/OptionalLong done
Event: 8.300 Loading class java/util/OptionalDouble
Event: 8.300 Loading class java/util/OptionalDouble done
Event: 8.359 Loading class java/util/concurrent/RejectedExecutionException
Event: 8.359 Loading class java/util/concurrent/RejectedExecutionException done
Event: 8.379 Loading class java/util/concurrent/CompletableFuture
Event: 8.380 Loading class java/util/concurrent/CompletionStage
Event: 8.380 Loading class java/util/concurrent/CompletionStage done
Event: 8.380 Loading class java/util/concurrent/CompletableFuture done
Event: 8.437 Loading class java/nio/charset/UnsupportedCharsetException
Event: 8.437 Loading class java/nio/charset/UnsupportedCharsetException done

Classes unloaded (0 events):
No events

Classes redefined (0 events):
No events

Internal exceptions (20 events):
Event: 6.702 Thread 0x00000281e952f6b0 Exception <a 'java/lang/NoSuchMethodError'{0x00000000c3299390}: method resolution failed> (0x00000000c3299390) 
thrown [s\src\hotspot\share\prims\methodHandles.cpp, line 1264]
Event: 6.704 Thread 0x00000281e952f6b0 Implicit null exception at 0x0000028187c0f76d to 0x0000028187c0fff4
Event: 6.713 Thread 0x00000281e952f6b0 Exception <a 'java/lang/NoSuchMethodError'{0x00000000c32afb38}: 'java.lang.Class java.lang.Class.getNestHost(java.lang.Class)'> (0x00000000c32afb38) 
thrown [s\src\hotspot\share\interpreter\linkResolver.cpp, line 759]
Event: 6.714 Thread 0x00000281e952f6b0 Exception <a 'java/lang/NoSuchMethodError'{0x00000000c32b2430}: 'java.lang.Class[] java.lang.Class.getNestMembers(java.lang.Class)'> (0x00000000c32b2430) 
thrown [s\src\hotspot\share\interpreter\linkResolver.cpp, line 759]
Event: 6.938 Thread 0x00000281e952f6b0 Exception <a 'java/lang/NoSuchMethodError'{0x00000000c2d9b9d0}: 'long java.lang.invoke.DirectMethodHandle$Holder.invokeStatic(java.lang.Object, java.lang.Object, int)'> (0x00000000c2d9b9d0) 
thrown [s\src\hotspot\share\interpreter\linkResolver.cpp, line 759]
Event: 6.940 Thread 0x00000281e952f6b0 Exception <a 'java/lang/NoSuchMethodError'{0x00000000c2db1c68}: 'java.lang.Object java.lang.invoke.DirectMethodHandle$Holder.invokeStatic(java.lang.Object, java.lang.Object, java.lang.Object, java.lang.Object, int)'> (0x00000000c2db1c68) 
thrown [s\src\hotspot\share\interpreter\linkResolver.cpp, line 759]
Event: 6.941 Thread 0x00000281e952f6b0 Exception <a 'java/lang/NoSuchMethodError'{0x00000000c2dba0a8}: 'int java.lang.invoke.DirectMethodHandle$Holder.invokeSpecial(java.lang.Object, java.lang.Object, java.lang.Object, int)'> (0x00000000c2dba0a8) 
thrown [s\src\hotspot\share\interpreter\linkResolver.cpp, line 759]
Event: 6.942 Thread 0x00000281e952f6b0 Exception <a 'java/lang/NoSuchMethodError'{0x00000000c2dc5490}: 'void java.lang.invoke.DelegatingMethodHandle$Holder.reinvoke_L(java.lang.Object, java.lang.Object, java.lang.Object, long, int)'> (0x00000000c2dc5490) 
thrown [s\src\hotspot\share\interpreter\linkResolver.cpp, line 759]
Event: 6.951 Thread 0x00000281e952f6b0 Exception <a 'java/lang/NoSuchMethodError'{0x00000000c2c124f0}: 'int java.lang.invoke.DirectMethodHandle$Holder.invokeStaticInit(java.lang.Object, java.lang.Object, java.lang.Object, java.lang.Object)'> (0x00000000c2c124f0) 
thrown [s\src\hotspot\share\interpreter\linkResolver.cpp, line 759]
Event: 7.077 Thread 0x00000281e952f6b0 Exception <a 'java/lang/ClassNotFoundException'{0x00000000c2a94858}: java/lang/ClassLoader$ByteBuddyAccessor$V1> (0x00000000c2a94858) 
thrown [s\src\hotspot\share\classfile\systemDictionary.cpp, line 255]
Event: 7.079 Thread 0x00000281e952f6b0 Exception <a 'java/lang/NoSuchMethodError'{0x00000000c2a9ea58}: 'java.lang.Object java.lang.invoke.DelegatingMethodHandle$Holder.reinvoke_L(java.lang.Object, java.lang.Object, java.lang.Object, java.lang.Object, int, int, java.lang.Object, java.lang.Object)'> (0x00000000c2a9ea58) 
thrown [s\src\hotspot\share\interpreter\linkResolver.cpp, line 759]
Event: 7.452 Thread 0x00000281e952f6b0 Exception <a 'java/lang/NoSuchMethodError'{0x00000000c40e7ac0}: 'java.lang.Object java.lang.invoke.DelegatingMethodHandle$Holder.reinvoke_L(java.lang.Object, java.lang.Object, java.lang.Object, java.lang.Object, java.lang.Object, int, int, java.lang.Object)'> (0x00000000c40e7ac0) 
thrown [s\src\hotspot\share\interpreter\linkResolver.cpp, line 759]
Event: 7.678 Thread 0x00000281e952f6b0 Exception <a 'java/lang/NoSuchMethodError'{0x00000000c3c67b18}: 'java.lang.Object java.lang.invoke.DirectMethodHandle$Holder.invokeSpecialIFC(java.lang.Object, java.lang.Object, java.lang.Object)'> (0x00000000c3c67b18) 
thrown [s\src\hotspot\share\interpreter\linkResolver.cpp, line 759]
Event: 7.704 Thread 0x00000281e952f6b0 Exception <a 'java/lang/NoSuchMethodError'{0x00000000c3cf4ab0}: 'void java.lang.invoke.Invokers$Holder.invokeExact_MT(java.lang.Object, java.lang.Object, java.lang.Object, java.lang.Object)'> (0x00000000c3cf4ab0) 
thrown [s\src\hotspot\share\interpreter\linkResolver.cpp, line 759]
Event: 7.742 Thread 0x00000281e952f6b0 Exception <a 'java/lang/NoSuchMethodError'{0x00000000c3be7d80}: 'java.lang.reflect.Field[] java.lang.Class.getDeclaredFields(java.lang.Class)'> (0x00000000c3be7d80) 
thrown [s\src\hotspot\share\interpreter\linkResolver.cpp, line 759]
Event: 7.753 Thread 0x00000281e952f6b0 Exception <a 'java/lang/NoSuchMethodError'{0x00000000c3a2a270}: 'java.lang.Object java.lang.invoke.DirectMethodHandle$Holder.invokeVirtual(java.lang.Object, java.lang.Object, java.lang.Object, java.lang.Object, java.lang.Object)'> (0x00000000c3a2a270) 
thrown [s\src\hotspot\share\interpreter\linkResolver.cpp, line 759]
Event: 7.994 Thread 0x00000281e952f6b0 Implicit null exception at 0x0000028187c1ea4c to 0x0000028187c1eafd
Event: 8.003 Thread 0x00000281e952f6b0 Exception <a 'java/lang/NoSuchMethodError'{0x00000000c38c8548}: 'java.lang.Object java.lang.invoke.DirectMethodHandle$Holder.newInvokeSpecial(java.lang.Object, java.lang.Object, java.lang.Object, java.lang.Object, java.lang.Object, java.lang.Object, java.lang.Object, java.lang.Object)'> (0x00000000c38c8548) 
thrown [s\src\hotspot\share\interpreter\linkResolver.cpp, line 759]
Event: 8.370 Thread 0x00000281e952f6b0 Exception <a 'java/lang/NoSuchMethodError'{0x00000000c31a4b70}: 'void java.lang.invoke.DirectMethodHandle$Holder.invokeVirtual(java.lang.Object, java.lang.Object, int)'> (0x00000000c31a4b70) 
thrown [s\src\hotspot\share\interpreter\linkResolver.cpp, line 759]
Event: 8.376 Thread 0x00000281e952f6b0 Exception <a 'java/lang/NoSuchMethodError'{0x00000000c31cd600}: 'void java.lang.invoke.DirectMethodHandle$Holder.invokeVirtual(java.lang.Object, java.lang.Object, long)'> (0x00000000c31cd600) 
thrown [s\src\hotspot\share\interpreter\linkResolver.cpp, line 759]

VM Operations (20 events):
Event: 6.800 Executing VM operation: ICBufferFull done
Event: 7.268 Executing VM operation: G1CollectForAllocation
Event: 7.287 Executing VM operation: G1CollectForAllocation done
Event: 7.338 Executing VM operation: G1CollectForAllocation
Event: 7.348 Executing VM operation: G1CollectForAllocation done
Event: 7.700 Executing VM operation: ICBufferFull
Event: 7.700 Executing VM operation: ICBufferFull done
Event: 8.092 Executing VM operation: HandshakeAllThreads
Event: 8.092 Executing VM operation: HandshakeAllThreads done
Event: 8.110 Executing VM operation: HandshakeAllThreads
Event: 8.110 Executing VM operation: HandshakeAllThreads done
Event: 8.110 Executing VM operation: HandshakeAllThreads
Event: 8.110 Executing VM operation: HandshakeAllThreads done
Event: 8.114 Executing VM operation: HandshakeAllThreads
Event: 8.114 Executing VM operation: HandshakeAllThreads done
Event: 8.257 Executing VM operation: HandshakeAllThreads
Event: 8.257 Executing VM operation: HandshakeAllThreads done
Event: 8.415 Executing VM operation: HandshakeAllThreads
Event: 8.415 Executing VM operation: HandshakeAllThreads done
Event: 8.477 Executing VM operation: G1CollectForAllocation

Events (20 events):
Event: 0.105 Thread 0x00000281f5aa0140 Thread added: 0x00000281f5aa0140
Event: 0.325 Thread 0x00000281f9d22100 Thread added: 0x00000281f9d22100
Event: 0.367 Loaded shared library C:\Users\ERIN_JAVALead\.jdks\corretto-18.0.2\bin\zip.dll
Event: 0.377 Loaded shared library C:\Users\ERIN_JAVALead\.jdks\corretto-18.0.2\bin\instrument.dll
Event: 0.387 Loaded shared library C:\Users\ERIN_JAVALead\.jdks\corretto-18.0.2\bin\net.dll
Event: 0.391 Loaded shared library C:\Users\ERIN_JAVALead\.jdks\corretto-18.0.2\bin\nio.dll
Event: 0.398 Loaded shared library C:\Users\ERIN_JAVALead\.jdks\corretto-18.0.2\bin\zip.dll
Event: 0.434 Loaded shared library C:\Program Files\JetBrains\IntelliJ IDEA Community Edition 2021.3.3\bin\breakgen64.dll
Event: 0.435 Thread 0x00000281f9d225d0 Thread added: 0x00000281f9d225d0
Event: 0.435 Thread 0x00000281f9d24780 Thread added: 0x00000281f9d24780
Event: 0.826 Loaded shared library C:\Users\ERIN_JAVALead\.jdks\corretto-18.0.2\bin\jimage.dll
Event: 1.268 Thread 0x00000281fa3b0f40 Thread added: 0x00000281fa3b0f40
Event: 1.577 Thread 0x00000281fa3b0f40 Thread exited: 0x00000281fa3b0f40
Event: 2.925 Thread 0x00000281fac96e90 Thread added: 0x00000281fac96e90
Event: 4.535 Thread 0x00000281f9d23de0 Thread added: 0x00000281f9d23de0
Event: 4.748 Loaded shared library C:\Users\ERIN_JAVALead\.jdks\corretto-18.0.2\bin\verify.dll
Event: 5.238 Thread 0x00000281f9d22f70 Thread added: 0x00000281f9d22f70
Event: 5.276 Thread 0x00000281f9d22f70 Thread exited: 0x00000281f9d22f70
Event: 5.387 Thread 0x00000281f9d23de0 Thread exited: 0x00000281f9d23de0
Event: 6.391 Thread 0x00000281fac96e90 Thread exited: 0x00000281fac96e90


Dynamic libraries:
0x00007ff71b350000 - 0x00007ff71b35d000 	C:\Users\ERIN_JAVALead\.jdks\corretto-18.0.2\bin\java.exe
0x00007ffc0a6f0000 - 0x00007ffc0a8e7000 	C:\WINDOWS\SYSTEM32\ntdll.dll
0x00007ffc08d80000 - 0x00007ffc08e3d000 	C:\WINDOWS\System32\KERNEL32.DLL
0x00007ffc08420000 - 0x00007ffc08716000 	C:\WINDOWS\System32\KERNELBASE.dll
0x00007ffc082f0000 - 0x00007ffc083f0000 	C:\WINDOWS\System32\ucrtbase.dll
0x00007ffc038c0000 - 0x00007ffc038d7000 	C:\Users\ERIN_JAVALead\.jdks\corretto-18.0.2\bin\jli.dll
0x00007ffc098c0000 - 0x00007ffc09a5e000 	C:\WINDOWS\System32\USER32.dll
0x00007ffc07da0000 - 0x00007ffc07dc2000 	C:\WINDOWS\System32\win32u.dll
0x00007ffc087a0000 - 0x00007ffc087cc000 	C:\WINDOWS\System32\GDI32.dll
0x00007ffc07f00000 - 0x00007ffc0801a000 	C:\WINDOWS\System32\gdi32full.dll
0x00007ffc07e60000 - 0x00007ffc07efd000 	C:\WINDOWS\System32\msvcp_win.dll
0x00007ffc03830000 - 0x00007ffc03845000 	C:\Users\ERIN_JAVALead\.jdks\corretto-18.0.2\bin\VCRUNTIME140.dll
0x00007ffbf40e0000 - 0x00007ffbf437a000 	C:\WINDOWS\WinSxS\amd64_microsoft.windows.common-controls_6595b64144ccf1df_6.0.19041.3570_none_60bb2a3971f3e41a\COMCTL32.dll
0x00007ffc08a50000 - 0x00007ffc08aee000 	C:\WINDOWS\System32\msvcrt.dll
0x00007ffc08ce0000 - 0x00007ffc08d10000 	C:\WINDOWS\System32\IMM32.DLL
0x00007ffbf2cb0000 - 0x00007ffbf2d4b000 	C:\Users\ERIN_JAVALead\.jdks\corretto-18.0.2\bin\msvcp140.dll
0x00007ffbcacd0000 - 0x00007ffbcb941000 	C:\Users\ERIN_JAVALead\.jdks\corretto-18.0.2\bin\server\jvm.dll
0x00007ffc08880000 - 0x00007ffc0892e000 	C:\WINDOWS\System32\ADVAPI32.dll
0x00007ffc0a490000 - 0x00007ffc0a52c000 	C:\WINDOWS\System32\sechost.dll
0x00007ffc09790000 - 0x00007ffc098b6000 	C:\WINDOWS\System32\RPCRT4.dll
0x00007ffc08c60000 - 0x00007ffc08c68000 	C:\WINDOWS\System32\PSAPI.DLL
0x00007ffc038b0000 - 0x00007ffc038b9000 	C:\WINDOWS\SYSTEM32\WSOCK32.dll
0x00007ffc08d10000 - 0x00007ffc08d7b000 	C:\WINDOWS\System32\WS2_32.dll
0x00007ffbe6f40000 - 0x00007ffbe6f67000 	C:\WINDOWS\SYSTEM32\WINMM.dll
0x00007ffc026f0000 - 0x00007ffc026fa000 	C:\WINDOWS\SYSTEM32\VERSION.dll
0x00007ffc05b60000 - 0x00007ffc05b72000 	C:\WINDOWS\SYSTEM32\kernel.appcore.dll
0x00007ffc03870000 - 0x00007ffc0387a000 	C:\Users\ERIN_JAVALead\.jdks\corretto-18.0.2\bin\jimage.dll
0x00007ffbf4a10000 - 0x00007ffbf4bf4000 	C:\WINDOWS\SYSTEM32\DBGHELP.DLL
0x00007ffbf4990000 - 0x00007ffbf49c4000 	C:\WINDOWS\SYSTEM32\dbgcore.DLL
0x00007ffc07dd0000 - 0x00007ffc07e52000 	C:\WINDOWS\System32\bcryptPrimitives.dll
0x00007ffbf92c0000 - 0x00007ffbf92ce000 	C:\Users\ERIN_JAVALead\.jdks\corretto-18.0.2\bin\instrument.dll
0x00007ffc03800000 - 0x00007ffc03825000 	C:\Users\ERIN_JAVALead\.jdks\corretto-18.0.2\bin\java.dll
0x00007ffbea540000 - 0x00007ffbea616000 	C:\Users\ERIN_JAVALead\.jdks\corretto-18.0.2\bin\jsvml.dll
0x00007ffc09a60000 - 0x00007ffc0a1a4000 	C:\WINDOWS\System32\SHELL32.dll
0x00007ffc05e40000 - 0x00007ffc065db000 	C:\WINDOWS\SYSTEM32\windows.storage.dll
0x00007ffc08f00000 - 0x00007ffc09254000 	C:\WINDOWS\System32\combase.dll
0x00007ffc07710000 - 0x00007ffc0773d000 	C:\WINDOWS\SYSTEM32\Wldp.dll
0x00007ffc096d0000 - 0x00007ffc0977d000 	C:\WINDOWS\System32\SHCORE.dll
0x00007ffc08ea0000 - 0x00007ffc08ef5000 	C:\WINDOWS\System32\shlwapi.dll
0x00007ffc07cd0000 - 0x00007ffc07cf5000 	C:\WINDOWS\SYSTEM32\profapi.dll
0x00007ffbf9300000 - 0x00007ffbf9318000 	C:\Users\ERIN_JAVALead\.jdks\corretto-18.0.2\bin\zip.dll
0x00007ffbfee00000 - 0x00007ffbfee13000 	C:\Users\ERIN_JAVALead\.jdks\corretto-18.0.2\bin\net.dll
0x00007ffc01380000 - 0x00007ffc0148a000 	C:\WINDOWS\SYSTEM32\WINHTTP.dll
0x00007ffc07470000 - 0x00007ffc074da000 	C:\WINDOWS\system32\mswsock.dll
0x00007ffbf9320000 - 0x00007ffbf9335000 	C:\Users\ERIN_JAVALead\.jdks\corretto-18.0.2\bin\nio.dll
0x00007ffbf44b0000 - 0x00007ffbf44ca000 	C:\Program Files\JetBrains\IntelliJ IDEA Community Edition 2021.3.3\bin\breakgen64.dll
0x00007ffbf92f0000 - 0x00007ffbf9300000 	C:\Users\ERIN_JAVALead\.jdks\corretto-18.0.2\bin\verify.dll

dbghelp: loaded successfully - version: 4.0.5 - missing functions: none
symbol engine: initialized successfully - sym options: 0x614 - pdb path: .;C:\Users\ERIN_JAVALead\.jdks\corretto-18.0.2\bin;C:\WINDOWS\SYSTEM32;C:\WINDOWS\WinSxS\amd64_microsoft.windows.common-controls_6595b64144ccf1df_6.0.19041.3570_none_60bb2a3971f3e41a;C:\Users\ERIN_JAVALead\.jdks\corretto-18.0.2\bin\server;C:\Program Files\JetBrains\IntelliJ IDEA Community Edition 2021.3.3\bin

VM Arguments:
jvm_args: -ea -Didea.test.cyclic.buffer.size=1048576 -javaagent:C:\Program Files\JetBrains\IntelliJ IDEA Community Edition 2021.3.3\lib\idea_rt.jar=56300:C:\Program Files\JetBrains\IntelliJ IDEA Community Edition 2021.3.3\bin -Dfile.encoding=UTF-8 
java_command: com.intellij.rt.junit.JUnitStarter -ideVersion5 -junit5 com.devskiller.tasks.blog.rest.UserControllerTest,shouldReturnFoundUser
java_class_path (initial): C:\Users\ERIN_JAVALead\.m2\repository\org\junit\platform\junit-platform-launcher\1.9.1\junit-platform-launcher-1.9.1.jar;C:\Program Files\JetBrains\IntelliJ IDEA Community Edition 2021.3.3\lib\idea_rt.jar;C:\Program Files\JetBrains\IntelliJ IDEA Community Edition 2021.3.3\plugins\junit\lib\junit5-rt.jar;C:\Program Files\JetBrains\IntelliJ IDEA Community Edition 2021.3.3\plugins\junit\lib\junit-rt.jar;C:\Users\ERIN_JAVALead\Downloads\devskiller-code-U32X-W3E7-T2E6-S3F\target\test-classes;C:\Users\ERIN_JAVALead\Downloads\devskiller-code-U32X-W3E7-T2E6-S3F\target\classes;C:\Users\ERIN_JAVALead\.m2\repository\org\springframework\boot\spring-boot-starter-data-jpa\3.0.0\spring-boot-starter-data-jpa-3.0.0.jar;C:\Users\ERIN_JAVALead\.m2\repository\org\springframework\boot\spring-boot-starter-aop\3.0.0\spring-boot-starter-aop-3.0.0.jar;C:\Users\ERIN_JAVALead\.m2\repository\org\springframework\spring-aop\6.0.2\spring-aop-6.0.2.jar;C:\Users\ERIN_JAVALead\.m2\repository\org\aspectj\aspectjweaver\1.9.9.1\aspectjweaver-1.9.9.1.jar;C:\Users\ERIN_JAVALead\.m2\repository\org\springframework\boot\spring-boot-starter-jdbc\3.0.0\spring-boot-starter-jdbc-3.0.0.jar;C:\Users\ERIN_JAVALead\.m2\repository\com\zaxxer\HikariCP\5.0.1\HikariCP-5.0.1.jar;C:\Users\ERIN_JAVALead\.m2\repository\org\springframework\spring-jdbc\6.0.2\spring-jdbc-6.0.2.jar;C:\Users\ERIN_JAVALead\.m2\repository\org\hibernate\orm\hibernate-core\6.1.5.Final\hibernate-core-6.1.5.Final.jar;C:\Users\ERIN_JAVALead\.m2\repository\jakarta\persistence\jakarta.persistence-api\3.1.0\jakarta.persistence-api-3.1.0.jar;C:\Users\ERIN_JAVALead\.m2\repository\jakarta\transaction\jakarta.transaction-api\2.0.1\jakarta.transaction-api-2.0.1.jar;C:\Users\ERIN_JAVALead\.m2\repository\org\jboss\logging\jboss-logging\3.5.0.Final\jboss-logging-3.5.0.Final.jar;C:\Users\ERIN_JAVALead\.m2\repository\org\hibernate\common\hibernate-commons-annotations\6.0.2.Final\hibernate-commons-annotations-6.0.2.Final.jar;C:\Users\ERIN_JAVALead\.m2\repository\org\jboss\jandex\2.4.2.Final\jandex-2.4.2.Final.jar;C:\Users\ERIN_JAVALead\.m2\repository\com\fasterxml\classmate\1.5.1\classmate-1.5.1.jar;C:\Users\ERIN_JAVALead\.m2\repository\net\bytebuddy\byte-buddy\1.12.19\byte-buddy-1.12.19.jar;C:\Users\ERIN_JAVALead\.m2\repository\org\glassfish\jaxb\jaxb-runtime\4.0.1\jaxb-runtime-4.0.1.jar;C:\Users\ERIN_JAVALead\.m2\repository\org\glassfish\jaxb\jaxb-core\4.0.1\jaxb-core-4.0.1.jar;C:\Users\ERIN_JAVALead\.m2\repository\org\eclipse\angus\angus-activation\1.0.0\angus-activation-1.0.0.jar;C:\Users\ERIN_JAVALead\.m2\repository\org\glassfish\jaxb\txw2\4.0.1\txw2-4.0.1.jar;C:\Users\ERIN_JAVALead\.m2\repository\com\sun\istack\istack-commons-runtime\4.1.1\istack-commons-runtime-4.1.1.jar;C:\Users\ERIN_JAVALead\.m2\repository\jakarta\inject\jakarta.inject-api\2.0.0\jakarta.inject-api-2.0.0.jar;C:\Users\ERIN_JAVALead\.m2\repository\org\antlr\antlr4-runtime\4.10.1\antlr4-runtime-4.10.1.jar;C:\Users\ERIN_JAVALead\.m2\repository\org\springframework\data\spring-data-jpa\3.0.0\spring-data-jpa-3.0.0.jar;C:\Users\ERIN_JAVALead\.m2\repository\org\springframework\data\spring-data-commons\3.0.0\spring-data-commons-3.0.0.jar;C:\Users\ERIN_JAVALead\.m2\repository\org\springframework\spring-orm\6.0.2\spring-orm-6.0.2.jar;C:\Users\ERIN_JAVALead\.m2\repository\org\springframework\spring-context\6.0.2\spring-context-6.0.2.jar;C:\Users\ERIN_JAVALead\.m2\repository\org\springframework\spring-tx\6.0.2\spring-tx-6.0.2.jar;C:\Users\ERIN_JAVALead\.m2\repository\org\springframework\spring-beans\6.0.2\spring-beans-6.0.2.jar;C:\Users\ERIN_JAVALead\.m2\repository\jakarta\annotation\jakarta.annotation-api\2.1.1\jakarta.annotation-api-2.1.1.jar;C:\Users\ERIN_JAVALead\.m2\repository\org\slf4j\slf4j-api\2.0.4\slf4j-api-2.0.4.jar;C:\Users\ERIN_JAVALead\.m2\repository\org\springframework\spring-aspects\6.0.2\spring-aspects-6.0.2.jar;C:\Users\ERIN_JAVALead\.m2\repository\org\springframework\boot\spring-boot-starter-web\2.4.2\spring-boot-starter-web-2.4.2.jar;C:\Users\ERIN_JAVALead\.m2\repository\org\springframework\boot\spring-boot-starter\3.0.0\spring-boot-starter-3.0.0.jar;C:\Users\ERIN_JAVALead\.m2\repository\org\springframework\boot\spring-boot\3.0.0\spring-boot-3.0.0.jar;C:\Users\ERIN_JAVALead\.m2\repository\org\springframework\boot\spring-boot-autoconfigure\3.0.0\spring-boot-autoconfigure-3.0.0.jar;C:\Users\ERIN_JAVALead\.m2\repository\org\springframework\boot\spring-boot-starter-logging\3.0.0\spring-boot-starter-logging-3.0.0.jar;C:\Users\ERIN_JAVALead\.m2\repository\ch\qos\logback\logback-classic\1.4.5\logback-classic-1.4.5.jar;C:\Users\ERIN_JAVALead\.m2\repository\ch\qos\logback\logback-core\1.4.5\logback-core-1.4.5.jar;C:\Users\ERIN_JAVALead\.m2\repository\org\apache\logging\log4j\log4j-to-slf4j\2.19.0\log4j-to-slf4j-2.19.0.jar;C:\Users\ERIN_JAVALead\.m2\repository\org\slf4j\jul-to-slf4j\2.0.4\jul-to-slf4j-2.0.4.jar;C:\Users\ERIN_JAVALead\.m2\repository\org\yaml\snakeyaml\1.33\snakeyaml-1.33.jar;C:\Users\ERIN_JAVALead\.m2\repository\org\springframework\boot\spring-boot-starter-json\3.0.0\spring-boot-starter-json-3.0.0.jar;C:\Users\ERIN_JAVALead\.m2\repository\com\fasterxml\jackson\core\jackson-databind\2.14.1\jackson-databind-2.14.1.jar;C:\Users\ERIN_JAVALead\.m2\repository\com\fasterxml\jackson\core\jackson-annotations\2.14.1\jackson-annotations-2.14.1.jar;C:\Users\ERIN_JAVALead\.m2\repository\com\fasterxml\jackson\core\jackson-core\2.14.1\jackson-core-2.14.1.jar;C:\Users\ERIN_JAVALead\.m2\repository\com\fasterxml\jackson\datatype\jackson-datatype-jdk8\2.14.1\jackson-datatype-jdk8-2.14.1.jar;C:\Users\ERIN_JAVALead\.m2\repository\com\fasterxml\jackson\datatype\jackson-datatype-jsr310\2.14.1\jackson-datatype-jsr310-2.14.1.jar;C:\Users\ERIN_JAVALead\.m2\repository\com\fasterxml\jackson\module\jackson-module-parameter-names\2.14.1\jackson-module-parameter-names-2.14.1.jar;C:\Users\ERIN_JAVALead\.m2\repository\org\springframework\boot\spring-boot-starter-tomcat\3.0.0\spring-boot-starter-tomcat-3.0.0.jar;C:\Users\ERIN_JAVALead\.m2\repository\org\apache\tomcat\embed\tomcat-embed-core\10.1.1\tomcat-embed-core-10.1.1.jar;C:\Users\ERIN_JAVALead\.m2\repository\org\apache\tomcat\embed\tomcat-embed-el\10.1.1\tomcat-embed-el-10.1.1.jar;C:\Users\ERIN_JAVALead\.m2\repository\org\apache\tomcat\embed\tomcat-embed-websocket\10.1.1\tomcat-embed-websocket-10.1.1.jar;C:\Users\ERIN_JAVALead\.m2\repository\org\springframework\spring-web\6.0.2\spring-web-6.0.2.jar;C:\Users\ERIN_JAVALead\.m2\repository\io\micrometer\micrometer-observation\1.10.2\micrometer-observation-1.10.2.jar;C:\Users\ERIN_JAVALead\.m2\repository\io\micrometer\micrometer-commons\1.10.2\micrometer-commons-1.10.2.jar;C:\Users\ERIN_JAVALead\.m2\repository\org\springframework\spring-webmvc\6.0.2\spring-webmvc-6.0.2.jar;C:\Users\ERIN_JAVALead\.m2\repository\org\springframework\spring-expression\6.0.2\spring-expression-6.0.2.jar;C:\Users\ERIN_JAVALead\.m2\repository\com\microsoft\sqlserver\mssql-jdbc\12.4.1.jre11\mssql-jdbc-12.4.1.jre11.jar;C:\Users\ERIN_JAVALead\.m2\repository\com\h2database\h2\2.1.214\h2-2.1.214.jar;C:\Users\ERIN_JAVALead\.m2\repository\org\springframework\boot\spring-boot-starter-test\3.0.0\spring-boot-starter-test-3.0.0.jar;C:\Users\ERIN_JAVALead\.m2\repository\org\springframework\boot\spring-boot-test\3.0.0\spring-boot-test-3.0.0.jar;C:\Users\ERIN_JAVALead\.m2\repository\org\springframework\boot\spring-boot-test-autoconfigure\3.0.0\spring-boot-test-autoconfigure-3.0.0.jar;C:\Users\ERIN_JAVALead\.m2\repository\com\jayway\jsonpath\json-path\2.7.0\json-path-2.7.0.jar;C:\Users\ERIN_JAVALead\.m2\repository\net\minidev\json-smart\2.4.8\json-smart-2.4.8.jar;C:\Users\ERIN_JAVALead\.m2\repository\net\minidev\accessors-smart\2.4.8\accessors-smart-2.4.8.jar;C:\Users\ERIN_JAVALead\.m2\repository\org\ow2\asm\asm\9.1\asm-9.1.jar;C:\Users\ERIN_JAVALead\.m2\repository\jakarta\xml\bind\jakarta.xml.bind-api\4.0.0\jakarta.xml.bind-api-4.0.0.jar;C:\Users\ERIN_JAVALead\.m2\repository\jakarta\activation\jakarta.activation-api\2.1.0\jakarta.activation-api-2.1.0.jar;C:\Users\ERIN_JAVALead\.m2\repository\org\assertj\assertj-core\3.23.1\assertj-core-3.23.1.jar;C:\Users\ERIN_JAVALead\.m2\repository\org\hamcrest\hamcrest\2.2\hamcrest-2.2.jar;C:\Users\ERIN_JAVALead\.m2\repository\org\junit\jupiter\junit-jupiter\5.9.1\junit-jupiter-5.9.1.jar;C:\Users\ERIN_JAVALead\.m2\repository\org\junit\jupiter\junit-jupiter-api\5.9.1\junit-jupiter-api-5.9.1.jar;C:\Users\ERIN_JAVALead\.m2\repository\org\opentest4j\opentest4j\1.2.0\opentest4j-1.2.0.jar;C:\Users\ERIN_JAVALead\.m2\repository\org\junit\platform\junit-platform-commons\1.9.1\junit-platform-commons-1.9.1.jar;C:\Users\ERIN_JAVALead\.m2\repository\org\apiguardian\apiguardian-api\1.1.2\apiguardian-api-1.1.2.jar;C:\Users\ERIN_JAVALead\.m2\repository\org\junit\jupiter\junit-jupiter-params\5.9.1\junit-jupiter-params-5.9.1.jar;C:\Users\ERIN_JAVALead\.m2\repository\org\junit\jupiter\junit-jupiter-engine\5.9.1\junit-jupiter-engine-5.9.1.jar;C:\Users\ERIN_JAVALead\.m2\repository\org\junit\platform\junit-platform-engine\1.9.1\junit-platform-engine-1.9.1.jar;C:\Users\ERIN_JAVALead\.m2\repository\org\mockito\mockito-core\4.8.1\mockito-core-4.8.1.jar;C:\Users\ERIN_JAVALead\.m2\repository\net\bytebuddy\byte-buddy-agent\1.12.19\byte-buddy-agent-1.12.19.jar;C:\Users\ERIN_JAVALead\.m2\repository\org\objenesis\objenesis\3.2\objenesis-3.2.jar;C:\Users\ERIN_JAVALead\.m2\repository\org\mockito\mockito-junit-jupiter\4.8.1\mockito-junit-jupiter-4.8.1.jar;C:\Users\ERIN_JAVALead\.m2\repository\org\skyscreamer\jsonassert\1.5.1\jsonassert-1.5.1.jar;C:\Users\ERIN_JAVALead\.m2\repository\com\vaadin\external\google\android-json\0.0.20131108.vaadin1\android-json-0.0.20131108.vaadin1.jar;C:\Users\ERIN_JAVALead\.m2\repository\org\springframework\spring-core\6.0.2\spring-core-6.0.2.jar;C:\Users\ERIN_JAVALead\.m2\repository\org\springframework\spring-jcl\6.0.2\spring-jcl-6.0.2.jar;C:\Users\ERIN_JAVALead\.m2\repository\org\springframework\spring-test\6.0.2\spring-test-6.0.2.jar;C:\Users\ERIN_JAVALead\.m2\repository\org\xmlunit\xmlunit-core\2.9.0\xmlunit-core-2.9.0.jar;C:\Users\ERIN_JAVALead\.m2\repository\org\apache\logging\log4j\log4j-api\2.6.1\log4j-api-2.6.1.jar;C:\Users\ERIN_JAVALead\.m2\repository\org\apache\logging\log4j\log4j-core\2.6.1\log4j-core-2.6.1.jar
Launcher Type: SUN_STANDARD

[Global flags]
     intx CICompilerCount                          = 3                                         {product} {ergonomic}
     uint ConcGCThreads                            = 1                                         {product} {ergonomic}
     uint G1ConcRefinementThreads                  = 4                                         {product} {ergonomic}
   size_t G1HeapRegionSize                         = 1048576                                   {product} {ergonomic}
    uintx GCDrainStackTargetSize                   = 64                                        {product} {ergonomic}
   size_t InitialHeapSize                          = 67108864                                  {product} {ergonomic}
   size_t MarkStackSize                            = 4194304                                   {product} {ergonomic}
   size_t MaxHeapSize                              = 1052770304                                {product} {ergonomic}
   size_t MaxNewSize                               = 631242752                                 {product} {ergonomic}
   size_t MinHeapDeltaBytes                        = 1048576                                   {product} {ergonomic}
   size_t MinHeapSize                              = 8388608                                   {product} {ergonomic}
    uintx NonNMethodCodeHeapSize                   = 5832780                                {pd product} {ergonomic}
    uintx NonProfiledCodeHeapSize                  = 122912730                              {pd product} {ergonomic}
    uintx ProfiledCodeHeapSize                     = 122912730                              {pd product} {ergonomic}
    uintx ReservedCodeCacheSize                    = 251658240                              {pd product} {ergonomic}
     bool SegmentedCodeCache                       = true                                      {product} {ergonomic}
   size_t SoftMaxHeapSize                          = 1052770304                             {manageable} {ergonomic}
     bool UseCompressedClassPointers               = true                           {product lp64_product} {ergonomic}
     bool UseCompressedOops                        = true                           {product lp64_product} {ergonomic}
     bool UseG1GC                                  = true                                      {product} {ergonomic}
     bool UseLargePagesIndividualAllocation        = false                                  {pd product} {ergonomic}

Logging:
Log output configuration:
 #0: stdout all=warning uptime,level,tags foldmultilines=false
 #1: stderr all=off uptime,level,tags foldmultilines=false

Environment Variables:
PATH=C:\WINDOWS\system32;C:\WINDOWS;C:\WINDOWS\System32\Wbem;C:\WINDOWS\System32\WindowsPowerShell\v1.0\;C:\WINDOWS\System32\OpenSSH\;C:\Program Files (x86)\nodejs\;C:\Program Files (x86)\nodejs\npm;C:\Users\ERIN_JAVALead\AppData\Roaming\npm;C:\Program Files\Git\cmd;C:\Program Files (x86)\dotnet\;C:\Program Files (x86)\Microsoft SQL Server\160\DTS\Binn\;C:\Program Files\Azure Data Studio\bin;C:\Program Files (x86)\Microsoft SQL Server\160\Tools\Binn\;C:\Program Files\Microsoft SQL Server\160\Tools\Binn\;C:\Program Files\Microsoft SQL Server\Client SDK\ODBC\170\Tools\Binn\;C:\Program Files\Microsoft SQL Server\160\DTS\Binn\;C:\Users\ERIN_JAVALead\AppData\Local\Microsoft\WindowsApps;;C:\Users\ERIN_JAVALead\AppData\Local\Programs\Microsoft VS Code\bin;C:\Users\ERIN_JAVALead\AppData\Roaming\npm;C:\Program Files\Azure Data Studio\bin
USERNAME=ERIN_JAVALead
OS=Windows_NT
PROCESSOR_IDENTIFIER=Intel64 Family 6 Model 78 Stepping 3, GenuineIntel



---------------  S Y S T E M  ---------------

OS:
 Windows 10 , 64 bit Build 19041 (10.0.19041.3570)
OS uptime: 0 days 4:08 hours

CPU: total 4 (initial active 4) (2 cores per cpu, 2 threads per core) family 6 model 78 stepping 3 microcode 0xcc, cx8, cmov, fxsr, ht, mmx, 3dnowpref, sse, sse2, sse3, ssse3, sse4.1, sse4.2, popcnt, lzcnt, tsc, tscinvbit, avx, avx2, aes, erms, clmul, bmi1, bmi2, adx, fma, vzeroupper, clflush, clflushopt

Memory: 4k page, system-wide physical 4012M (379M free)
TotalPageFile size 6060M (AvailPageFile size 8M)
current process WorkingSet (physical memory assigned to process): 161M, peak: 161M
current process commit charge ("private bytes"): 197M, peak: 213M

vm_info: OpenJDK 64-Bit Server VM (18.0.2+9-FR) for windows-amd64 JRE (18.0.2+9-FR), built on Jul 15 2022 20:03:03 by "Administrator" with MS VC++ 15.9 (VS2017)

END.
