#
# There is insufficient memory for the Java Runtime Environment to continue.
# Native memory allocation (malloc) failed to allocate 1585072 bytes for Chunk::new
# Possible reasons:
#   The system is out of physical RAM or swap space
#   The process is running with CompressedOops enabled, and the Java Heap may be blocking the growth of the native heap
# Possible solutions:
#   Reduce memory load on the system
#   Increase physical memory or swap space
#   Check if swap backing store is full
#   Decrease Java heap size (-Xmx/-Xms)
#   Decrease number of Java threads
#   Decrease Java thread stack sizes (-Xss)
#   Set larger code cache with -XX:ReservedCodeCacheSize=
#   JVM is running with Unscaled Compressed Oops mode in which the Java heap is
#     placed in the first 4GB address space. The Java Heap base address is the
#     maximum limit for the native heap growth. Please use -XX:HeapBaseMinAddress
#     to set the Java Heap base and to place the Java Heap above 4GB virtual address.
# This output file may be truncated or incomplete.
#
#  Out of Memory Error (arena.cpp:184), pid=5724, tid=4644
#
# JRE version: OpenJDK Runtime Environment Corretto-18.0.2.9.1 (18.0.2+9) (build 18.0.2+9-FR)
# Java VM: OpenJDK 64-Bit Server VM Corretto-18.0.2.9.1 (18.0.2+9-FR, mixed mode, sharing, tiered, compressed oops, compressed class ptrs, g1 gc, windows-amd64)
# No core dump will be written. Minidumps are not enabled by default on client versions of Windows
#

---------------  S U M M A R Y ------------

Command Line: -javaagent:C:\Program Files\JetBrains\IntelliJ IDEA Community Edition 2021.3.3\lib\idea_rt.jar=52373:C:\Program Files\JetBrains\IntelliJ IDEA Community Edition 2021.3.3\bin -Dfile.encoding=UTF-8 com.devskiller.tasks.blog.BlogApplication

Host: Intel(R) Core(TM) i3-6006U CPU @ 2.00GHz, 4 cores, 3G,  Windows 10 , 64 bit Build 19041 (10.0.19041.3570)
Time: Wed Nov  1 14:27:48 2023 Central European Standard Time elapsed time: 6.124121 seconds (0d 0h 0m 6s)

---------------  T H R E A D  ---------------

Current thread (0x000001a0409fb570):  JavaThread "C2 CompilerThread1" daemon [_thread_in_native, id=4644, stack(0x00000088ca900000,0x00000088caa00000)]


Current CompileTask:
C2:   6124 2701   !   4       jdk.internal.loader.BuiltinClassLoader::loadClassOrNull (143 bytes)

Stack: [0x00000088ca900000,0x00000088caa00000]
Native frames: (J=compiled Java code, j=interpreted, Vv=VM code, C=native code)
V  [jvm.dll+0x685a2a]
V  [jvm.dll+0x82ae8d]
V  [jvm.dll+0x82c75e]
V  [jvm.dll+0x82ce03]
V  [jvm.dll+0x25ef4b]
V  [jvm.dll+0xd42d2]
V  [jvm.dll+0xd4665]
V  [jvm.dll+0x38578b]
V  [jvm.dll+0x1d8d32]
V  [jvm.dll+0x233b4f]
V  [jvm.dll+0x232f37]
V  [jvm.dll+0x1c0a35]
V  [jvm.dll+0x24212c]
V  [jvm.dll+0x240534]
V  [jvm.dll+0x7df6db]
V  [jvm.dll+0x7d9cba]
V  [jvm.dll+0x6848a5]
C  [ucrtbase.dll+0x21bb2]
C  [KERNEL32.DLL+0x17344]
C  [ntdll.dll+0x526b1]


---------------  P R O C E S S  ---------------

Threads class SMR info:
_java_thread_list=0x000001a0409f21d0, length=14, elements={
0x000001a020186ae0, 0x000001a03b6d8540, 0x000001a03b6d91a0, 0x000001a03b6ee230,
0x000001a03b6eebd0, 0x000001a03b6ef570, 0x000001a03b6eff10, 0x000001a03b6f0be0,
0x000001a03b74f1c0, 0x000001a03b75b800, 0x000001a02024c0a0, 0x000001a03faf4a90,
0x000001a03faf63e0, 0x000001a0409fb570
}

Java Threads: ( => current thread )
  0x000001a020186ae0 JavaThread "main" [_thread_in_vm, id=10744, stack(0x00000088c9700000,0x00000088c9800000)]
  0x000001a03b6d8540 JavaThread "Reference Handler" daemon [_thread_blocked, id=828, stack(0x00000088c9f00000,0x00000088ca000000)]
  0x000001a03b6d91a0 JavaThread "Finalizer" daemon [_thread_blocked, id=12468, stack(0x00000088ca000000,0x00000088ca100000)]
  0x000001a03b6ee230 JavaThread "Signal Dispatcher" daemon [_thread_blocked, id=6464, stack(0x00000088ca100000,0x00000088ca200000)]
  0x000001a03b6eebd0 JavaThread "Attach Listener" daemon [_thread_blocked, id=10048, stack(0x00000088ca200000,0x00000088ca300000)]
  0x000001a03b6ef570 JavaThread "Service Thread" daemon [_thread_blocked, id=7056, stack(0x00000088ca300000,0x00000088ca400000)]
  0x000001a03b6eff10 JavaThread "Monitor Deflation Thread" daemon [_thread_blocked, id=5780, stack(0x00000088ca400000,0x00000088ca500000)]
  0x000001a03b6f0be0 JavaThread "C2 CompilerThread0" daemon [_thread_blocked, id=8660, stack(0x00000088ca500000,0x00000088ca600000)]
  0x000001a03b74f1c0 JavaThread "C1 CompilerThread0" daemon [_thread_blocked, id=12752, stack(0x00000088ca600000,0x00000088ca700000)]
  0x000001a03b75b800 JavaThread "Sweeper thread" daemon [_thread_blocked, id=8960, stack(0x00000088ca700000,0x00000088ca800000)]
  0x000001a02024c0a0 JavaThread "Common-Cleaner" daemon [_thread_blocked, id=13300, stack(0x00000088ca800000,0x00000088ca900000)]
  0x000001a03faf4a90 JavaThread "Monitor Ctrl-Break" daemon [_thread_in_native, id=6948, stack(0x00000088caa00000,0x00000088cab00000)]
  0x000001a03faf63e0 JavaThread "Notification Thread" daemon [_thread_blocked, id=4844, stack(0x00000088cab00000,0x00000088cac00000)]
=>0x000001a0409fb570 JavaThread "C2 CompilerThread1" daemon [_thread_in_native, id=4644, stack(0x00000088ca900000,0x00000088caa00000)]

Other Threads:
  0x000001a03b6d2980 VMThread "VM Thread" [stack: 0x00000088c9e00000,0x00000088c9f00000] [id=8944]
  0x000001a020187990 WatcherThread "VM Periodic Task Thread" [stack: 0x00000088cac00000,0x00000088cad00000] [id=7860]
  0x000001a0201c7200 WorkerThread "GC Thread#0" [stack: 0x00000088c9900000,0x00000088c9a00000] [id=9980]
  0x000001a0403f4ba0 WorkerThread "GC Thread#1" [stack: 0x00000088cad00000,0x00000088cae00000] [id=6520]
  0x000001a03ff33240 WorkerThread "GC Thread#2" [stack: 0x00000088cae00000,0x00000088caf00000] [id=6920]
  0x000001a03ff334e0 WorkerThread "GC Thread#3" [stack: 0x00000088caf00000,0x00000088cb000000] [id=5696]
  0x000001a0201d12c0 ConcurrentGCThread "G1 Main Marker" [stack: 0x00000088c9a00000,0x00000088c9b00000] [id=12376]
  0x000001a0201d1cb0 WorkerThread "G1 Conc#0" [stack: 0x00000088c9b00000,0x00000088c9c00000] [id=6612]
  0x000001a0201f8eb0 ConcurrentGCThread "G1 Refine#0" [stack: 0x00000088c9c00000,0x00000088c9d00000] [id=11280]
  0x000001a0201f97c0 ConcurrentGCThread "G1 Service" [stack: 0x00000088c9d00000,0x00000088c9e00000] [id=3652]

Threads with active compile tasks:
C2 CompilerThread1     6226 2701   !   4       jdk.internal.loader.BuiltinClassLoader::loadClassOrNull (143 bytes)

VM state: not at safepoint (normal execution)

VM Mutex/Monitor currently owned by a thread: None

Heap address: 0x00000000c1400000, size: 1004 MB, Compressed Oops mode: 32-bit

CDS archive(s) mapped at: [0x0000000800000000-0x0000000800ba0000-0x0000000800ba0000), size 12189696, SharedBaseAddress: 0x0000000800000000, ArchiveRelocationMode: 0.
Compressed class space mapped at: 0x0000000800c00000-0x0000000840c00000, reserved size: 1073741824
Narrow klass base: 0x0000000800000000, Narrow klass shift: 0, Narrow klass range: 0x100000000

GC Precious Log:
 CardTable entry size: 512
 Card Set container configuration: InlinePtr #cards 5 size 8 Array Of Cards #cards 12 size 40 Howl #buckets 4 coarsen threshold 1843 Howl Bitmap #cards 512 size 80 coarsen threshold 460 Card regions per heap region 1 cards per card region 2048
 CPUs: 4 total, 4 available
 Memory: 4012M
 Large Page Support: Disabled
 NUMA Support: Disabled
 Compressed Oops: Enabled (32-bit)
 Heap Region Size: 1M
 Heap Min Capacity: 8M
 Heap Initial Capacity: 64M
 Heap Max Capacity: 1004M
 Pre-touch: Disabled
 Parallel Workers: 4
 Concurrent Workers: 1
 Concurrent Refinement Workers: 4
 Periodic GC: Disabled

Heap:
 garbage-first heap   total 65536K, used 25812K [0x00000000c1400000, 0x0000000100000000)
  region size 1024K, 19 young (19456K), 4 survivors (4096K)
 Metaspace       used 19882K, committed 20160K, reserved 1114112K
  class space    used 2393K, committed 2496K, reserved 1048576K

Heap Regions: E=young(eden), S=young(survivor), O=old, HS=humongous(starts), HC=humongous(continues), CS=collection set, F=free, OA=open archive, CA=closed archive, TAMS=top-at-mark-start (previous, next)
|   0|0x00000000c1400000, 0x00000000c1500000, 0x00000000c1500000|100%|HS|  |TAMS 0x00000000c1400000, 0x00000000c1400000| Complete 
|   1|0x00000000c1500000, 0x00000000c1600000, 0x00000000c1600000|100%| O|  |TAMS 0x00000000c1500000, 0x00000000c1500000| Untracked 
|   2|0x00000000c1600000, 0x00000000c1700000, 0x00000000c1700000|100%| O|  |TAMS 0x00000000c1600000, 0x00000000c1600000| Untracked 
|   3|0x00000000c1700000, 0x00000000c1800000, 0x00000000c1800000|100%| O|  |TAMS 0x00000000c1700000, 0x00000000c1700000| Untracked 
|   4|0x00000000c1800000, 0x00000000c1900000, 0x00000000c1900000|100%| O|  |TAMS 0x00000000c1800000, 0x00000000c1800000| Untracked 
|   5|0x00000000c1900000, 0x00000000c1a00000, 0x00000000c1a00000|100%| O|  |TAMS 0x00000000c1900000, 0x00000000c1900000| Untracked 
|   6|0x00000000c1a00000, 0x00000000c1b00000, 0x00000000c1b00000|100%| O|  |TAMS 0x00000000c1a00000, 0x00000000c1a00000| Untracked 
|   7|0x00000000c1b00000, 0x00000000c1b38a00, 0x00000000c1c00000| 22%| O|  |TAMS 0x00000000c1b00000, 0x00000000c1b00000| Untracked 
|   8|0x00000000c1c00000, 0x00000000c1c00000, 0x00000000c1d00000|  0%| F|  |TAMS 0x00000000c1c00000, 0x00000000c1c00000| Untracked 
|   9|0x00000000c1d00000, 0x00000000c1d00000, 0x00000000c1e00000|  0%| F|  |TAMS 0x00000000c1d00000, 0x00000000c1d00000| Untracked 
|  10|0x00000000c1e00000, 0x00000000c1e00000, 0x00000000c1f00000|  0%| F|  |TAMS 0x00000000c1e00000, 0x00000000c1e00000| Untracked 
|  11|0x00000000c1f00000, 0x00000000c1f00000, 0x00000000c2000000|  0%| F|  |TAMS 0x00000000c1f00000, 0x00000000c1f00000| Untracked 
|  12|0x00000000c2000000, 0x00000000c2000000, 0x00000000c2100000|  0%| F|  |TAMS 0x00000000c2000000, 0x00000000c2000000| Untracked 
|  13|0x00000000c2100000, 0x00000000c2100000, 0x00000000c2200000|  0%| F|  |TAMS 0x00000000c2100000, 0x00000000c2100000| Untracked 
|  14|0x00000000c2200000, 0x00000000c2200000, 0x00000000c2300000|  0%| F|  |TAMS 0x00000000c2200000, 0x00000000c2200000| Untracked 
|  15|0x00000000c2300000, 0x00000000c2300000, 0x00000000c2400000|  0%| F|  |TAMS 0x00000000c2300000, 0x00000000c2300000| Untracked 
|  16|0x00000000c2400000, 0x00000000c2400000, 0x00000000c2500000|  0%| F|  |TAMS 0x00000000c2400000, 0x00000000c2400000| Untracked 
|  17|0x00000000c2500000, 0x00000000c2500000, 0x00000000c2600000|  0%| F|  |TAMS 0x00000000c2500000, 0x00000000c2500000| Untracked 
|  18|0x00000000c2600000, 0x00000000c2600000, 0x00000000c2700000|  0%| F|  |TAMS 0x00000000c2600000, 0x00000000c2600000| Untracked 
|  19|0x00000000c2700000, 0x00000000c2700000, 0x00000000c2800000|  0%| F|  |TAMS 0x00000000c2700000, 0x00000000c2700000| Untracked 
|  20|0x00000000c2800000, 0x00000000c2800000, 0x00000000c2900000|  0%| F|  |TAMS 0x00000000c2800000, 0x00000000c2800000| Untracked 
|  21|0x00000000c2900000, 0x00000000c2900000, 0x00000000c2a00000|  0%| F|  |TAMS 0x00000000c2900000, 0x00000000c2900000| Untracked 
|  22|0x00000000c2a00000, 0x00000000c2a00000, 0x00000000c2b00000|  0%| F|  |TAMS 0x00000000c2a00000, 0x00000000c2a00000| Untracked 
|  23|0x00000000c2b00000, 0x00000000c2b00000, 0x00000000c2c00000|  0%| F|  |TAMS 0x00000000c2b00000, 0x00000000c2b00000| Untracked 
|  24|0x00000000c2c00000, 0x00000000c2c00000, 0x00000000c2d00000|  0%| F|  |TAMS 0x00000000c2c00000, 0x00000000c2c00000| Untracked 
|  25|0x00000000c2d00000, 0x00000000c2d00000, 0x00000000c2e00000|  0%| F|  |TAMS 0x00000000c2d00000, 0x00000000c2d00000| Untracked 
|  26|0x00000000c2e00000, 0x00000000c2efc9a0, 0x00000000c2f00000| 98%| S|CS|TAMS 0x00000000c2e00000, 0x00000000c2e00000| Complete 
|  27|0x00000000c2f00000, 0x00000000c3000000, 0x00000000c3000000|100%| S|CS|TAMS 0x00000000c2f00000, 0x00000000c2f00000| Complete 
|  28|0x00000000c3000000, 0x00000000c3100000, 0x00000000c3100000|100%| S|CS|TAMS 0x00000000c3000000, 0x00000000c3000000| Complete 
|  29|0x00000000c3100000, 0x00000000c3200000, 0x00000000c3200000|100%| S|CS|TAMS 0x00000000c3100000, 0x00000000c3100000| Complete 
|  30|0x00000000c3200000, 0x00000000c3200000, 0x00000000c3300000|  0%| F|  |TAMS 0x00000000c3200000, 0x00000000c3200000| Untracked 
|  31|0x00000000c3300000, 0x00000000c3300000, 0x00000000c3400000|  0%| F|  |TAMS 0x00000000c3300000, 0x00000000c3300000| Untracked 
|  32|0x00000000c3400000, 0x00000000c3400000, 0x00000000c3500000|  0%| F|  |TAMS 0x00000000c3400000, 0x00000000c3400000| Untracked 
|  33|0x00000000c3500000, 0x00000000c3500000, 0x00000000c3600000|  0%| F|  |TAMS 0x00000000c3500000, 0x00000000c3500000| Untracked 
|  34|0x00000000c3600000, 0x00000000c3600000, 0x00000000c3700000|  0%| F|  |TAMS 0x00000000c3600000, 0x00000000c3600000| Untracked 
|  35|0x00000000c3700000, 0x00000000c3700000, 0x00000000c3800000|  0%| F|  |TAMS 0x00000000c3700000, 0x00000000c3700000| Untracked 
|  36|0x00000000c3800000, 0x00000000c3800000, 0x00000000c3900000|  0%| F|  |TAMS 0x00000000c3800000, 0x00000000c3800000| Untracked 
|  37|0x00000000c3900000, 0x00000000c3900000, 0x00000000c3a00000|  0%| F|  |TAMS 0x00000000c3900000, 0x00000000c3900000| Untracked 
|  38|0x00000000c3a00000, 0x00000000c3a00000, 0x00000000c3b00000|  0%| F|  |TAMS 0x00000000c3a00000, 0x00000000c3a00000| Untracked 
|  39|0x00000000c3b00000, 0x00000000c3b00000, 0x00000000c3c00000|  0%| F|  |TAMS 0x00000000c3b00000, 0x00000000c3b00000| Untracked 
|  40|0x00000000c3c00000, 0x00000000c3c00000, 0x00000000c3d00000|  0%| F|  |TAMS 0x00000000c3c00000, 0x00000000c3c00000| Untracked 
|  41|0x00000000c3d00000, 0x00000000c3d00000, 0x00000000c3e00000|  0%| F|  |TAMS 0x00000000c3d00000, 0x00000000c3d00000| Untracked 
|  42|0x00000000c3e00000, 0x00000000c3e00000, 0x00000000c3f00000|  0%| F|  |TAMS 0x00000000c3e00000, 0x00000000c3e00000| Untracked 
|  43|0x00000000c3f00000, 0x00000000c3f00000, 0x00000000c4000000|  0%| F|  |TAMS 0x00000000c3f00000, 0x00000000c3f00000| Untracked 
|  44|0x00000000c4000000, 0x00000000c4000000, 0x00000000c4100000|  0%| F|  |TAMS 0x00000000c4000000, 0x00000000c4000000| Untracked 
|  45|0x00000000c4100000, 0x00000000c4100000, 0x00000000c4200000|  0%| F|  |TAMS 0x00000000c4100000, 0x00000000c4100000| Untracked 
|  46|0x00000000c4200000, 0x00000000c4200000, 0x00000000c4300000|  0%| F|  |TAMS 0x00000000c4200000, 0x00000000c4200000| Untracked 
|  47|0x00000000c4300000, 0x00000000c4300000, 0x00000000c4400000|  0%| F|  |TAMS 0x00000000c4300000, 0x00000000c4300000| Untracked 
|  48|0x00000000c4400000, 0x00000000c4400000, 0x00000000c4500000|  0%| F|  |TAMS 0x00000000c4400000, 0x00000000c4400000| Untracked 
|  49|0x00000000c4500000, 0x00000000c457b3e8, 0x00000000c4600000| 48%| E|  |TAMS 0x00000000c4500000, 0x00000000c4500000| Complete 
|  50|0x00000000c4600000, 0x00000000c4700000, 0x00000000c4700000|100%| E|CS|TAMS 0x00000000c4600000, 0x00000000c4600000| Complete 
|  51|0x00000000c4700000, 0x00000000c4800000, 0x00000000c4800000|100%| E|CS|TAMS 0x00000000c4700000, 0x00000000c4700000| Complete 
|  52|0x00000000c4800000, 0x00000000c4900000, 0x00000000c4900000|100%| E|CS|TAMS 0x00000000c4800000, 0x00000000c4800000| Complete 
|  53|0x00000000c4900000, 0x00000000c4a00000, 0x00000000c4a00000|100%| E|CS|TAMS 0x00000000c4900000, 0x00000000c4900000| Complete 
|  54|0x00000000c4a00000, 0x00000000c4b00000, 0x00000000c4b00000|100%| E|CS|TAMS 0x00000000c4a00000, 0x00000000c4a00000| Complete 
|  55|0x00000000c4b00000, 0x00000000c4c00000, 0x00000000c4c00000|100%| E|CS|TAMS 0x00000000c4b00000, 0x00000000c4b00000| Complete 
|  56|0x00000000c4c00000, 0x00000000c4d00000, 0x00000000c4d00000|100%| E|CS|TAMS 0x00000000c4c00000, 0x00000000c4c00000| Complete 
|  57|0x00000000c4d00000, 0x00000000c4e00000, 0x00000000c4e00000|100%| E|CS|TAMS 0x00000000c4d00000, 0x00000000c4d00000| Complete 
|  58|0x00000000c4e00000, 0x00000000c4f00000, 0x00000000c4f00000|100%| E|CS|TAMS 0x00000000c4e00000, 0x00000000c4e00000| Complete 
|  59|0x00000000c4f00000, 0x00000000c5000000, 0x00000000c5000000|100%| E|CS|TAMS 0x00000000c4f00000, 0x00000000c4f00000| Complete 
|  60|0x00000000c5000000, 0x00000000c5100000, 0x00000000c5100000|100%| E|CS|TAMS 0x00000000c5000000, 0x00000000c5000000| Complete 
|  61|0x00000000c5100000, 0x00000000c5200000, 0x00000000c5200000|100%| E|CS|TAMS 0x00000000c5100000, 0x00000000c5100000| Complete 
|  62|0x00000000c5200000, 0x00000000c5300000, 0x00000000c5300000|100%| E|CS|TAMS 0x00000000c5200000, 0x00000000c5200000| Complete 
|  63|0x00000000c5300000, 0x00000000c5400000, 0x00000000c5400000|100%| E|CS|TAMS 0x00000000c5300000, 0x00000000c5300000| Complete 

Card table byte_map: [0x000001a036f50000,0x000001a037150000] _byte_map_base: 0x000001a036946000

Marking Bits (Prev, Next): (CMBitMap*) 0x000001a0201c8c10, (CMBitMap*) 0x000001a0201c8c50
 Prev Bits: [0x000001a037350000, 0x000001a038300000)
 Next Bits: [0x000001a038300000, 0x000001a0392b0000)

Polling page: 0x000001a01f950000

Metaspace:

Usage:
  Non-class:     17.10 MB used.
      Class:      2.34 MB used.
       Both:     19.44 MB used.

Virtual space:
  Non-class space:       64.00 MB reserved,      17.25 MB ( 27%) committed,  1 nodes.
      Class space:        1.00 GB reserved,       2.44 MB ( <1%) committed,  1 nodes.
             Both:        1.06 GB reserved,      19.69 MB (  2%) committed. 

Chunk freelists:
   Non-Class:  2.20 MB
       Class:  1.50 MB
        Both:  3.70 MB

MaxMetaspaceSize: unlimited
CompressedClassSpaceSize: 1.00 GB
Initial GC threshold: 21.00 MB
Current GC threshold: 21.00 MB
CDS: on
MetaspaceReclaimPolicy: balanced
 - commit_granule_bytes: 65536.
 - commit_granule_words: 8192.
 - virtual_space_node_default_size: 8388608.
 - enlarge_chunks_in_place: 1.
 - new_chunks_are_fully_committed: 0.
 - uncommit_free_chunks: 1.
 - use_allocation_guard: 0.


Internal statistics:

num_allocs_failed_limit: 0.
num_arena_births: 236.
num_arena_deaths: 0.
num_vsnodes_births: 2.
num_vsnodes_deaths: 0.
num_space_committed: 315.
num_space_uncommitted: 0.
num_chunks_returned_to_freelist: 0.
num_chunks_taken_from_freelist: 902.
num_chunk_merges: 0.
num_chunk_splits: 634.
num_chunks_enlarged: 514.
num_inconsistent_stats: 0.

CodeHeap 'non-profiled nmethods': size=120000Kb used=1139Kb max_used=1139Kb free=118860Kb
 bounds [0x000001a02f820000, 0x000001a02fa90000, 0x000001a036d50000]
CodeHeap 'profiled nmethods': size=120000Kb used=6081Kb max_used=6081Kb free=113918Kb
 bounds [0x000001a0282f0000, 0x000001a0288f0000, 0x000001a02f820000]
CodeHeap 'non-nmethods': size=5760Kb used=1194Kb max_used=1252Kb free=4565Kb
 bounds [0x000001a027d50000, 0x000001a027fc0000, 0x000001a0282f0000]
 total_blobs=3394 nmethods=2918 adapters=388
 compilation: enabled
              stopped_count=0, restarted_count=0
 full_count=0

Compilation events (20 events):
Event: 6.082 Thread 0x000001a03b74f1c0 2871   !   3       org.springframework.beans.factory.support.AbstractBeanFactory::doGetBean (714 bytes)
Event: 6.091 Thread 0x000001a03b74f1c0 nmethod 2871 0x000001a0288b6910 code [0x000001a0288b71a0, 0x000001a0288bccb8]
Event: 6.091 Thread 0x000001a03b74f1c0 2873       3       sun.reflect.generics.reflectiveObjects.TypeVariableImpl::hashCode (18 bytes)
Event: 6.091 Thread 0x000001a03b74f1c0 nmethod 2873 0x000001a0288bf990 code [0x000001a0288bfb40, 0x000001a0288bfd78]
Event: 6.091 Thread 0x000001a03b74f1c0 2872       3       org.springframework.core.MethodParameter::getMethod (22 bytes)
Event: 6.092 Thread 0x000001a03b74f1c0 nmethod 2872 0x000001a0288bfe90 code [0x000001a0288c0040, 0x000001a0288c03b8]
Event: 6.098 Thread 0x000001a03b74f1c0 2874       3       org.springframework.core.annotation.RepeatableContainers::findRepeatedAnnotations (18 bytes)
Event: 6.099 Thread 0x000001a03b74f1c0 nmethod 2874 0x000001a0288c0490 code [0x000001a0288c0640, 0x000001a0288c0888]
Event: 6.108 Thread 0x000001a03b74f1c0 2875       3       org.springframework.core.ResolvableType::forType (17 bytes)
Event: 6.109 Thread 0x000001a03b74f1c0 nmethod 2875 0x000001a0288c0990 code [0x000001a0288c0b60, 0x000001a0288c0fe8]
Event: 6.109 Thread 0x000001a03b74f1c0 2876       3       java.util.LinkedHashMap$LinkedKeySet::size (8 bytes)
Event: 6.109 Thread 0x000001a03b74f1c0 nmethod 2876 0x000001a0288c1190 code [0x000001a0288c1320, 0x000001a0288c1438]
Event: 6.112 Thread 0x000001a03b74f1c0 2877       3       java.lang.Class::getGenericSuperclass (28 bytes)
Event: 6.113 Thread 0x000001a03b74f1c0 nmethod 2877 0x000001a0288c1510 code [0x000001a0288c1760, 0x000001a0288c2158]
Event: 6.113 Thread 0x000001a03b74f1c0 2878   !   3       org.springframework.core.ResolvableType::getSuperType (53 bytes)
Event: 6.114 Thread 0x000001a03b74f1c0 nmethod 2878 0x000001a0288c2490 code [0x000001a0288c2740, 0x000001a0288c3758]
Event: 6.115 Thread 0x000001a03b74f1c0 2879       3       org.springframework.util.Assert::isTrue (17 bytes)
Event: 6.115 Thread 0x000001a03b74f1c0 nmethod 2879 0x000001a0288c3d90 code [0x000001a0288c3f60, 0x000001a0288c43d8]
Event: 6.115 Thread 0x000001a03b74f1c0 2880       1       org.springframework.beans.factory.support.DefaultListableBeanFactory::isAllowEagerClassLoading (5 bytes)
Event: 6.115 Thread 0x000001a03b74f1c0 nmethod 2880 0x000001a02f934590 code [0x000001a02f934720, 0x000001a02f9347f8]

GC Heap History (8 events):
Event: 1.414 GC heap before
{Heap before GC invocations=0 (full 0):
 garbage-first heap   total 65536K, used 14336K [0x00000000c1400000, 0x0000000100000000)
  region size 1024K, 13 young (13312K), 0 survivors (0K)
 Metaspace       used 3482K, committed 3648K, reserved 1114112K
  class space    used 345K, committed 448K, reserved 1048576K
}
Event: 1.425 GC heap after
{Heap after GC invocations=1 (full 0):
 garbage-first heap   total 65536K, used 6473K [0x00000000c1400000, 0x0000000100000000)
  region size 1024K, 2 young (2048K), 2 survivors (2048K)
 Metaspace       used 3482K, committed 3648K, reserved 1114112K
  class space    used 345K, committed 448K, reserved 1048576K
}
Event: 2.200 GC heap before
{Heap before GC invocations=1 (full 0):
 garbage-first heap   total 65536K, used 16713K [0x00000000c1400000, 0x0000000100000000)
  region size 1024K, 12 young (12288K), 2 survivors (2048K)
 Metaspace       used 6574K, committed 6784K, reserved 1114112K
  class space    used 750K, committed 832K, reserved 1048576K
}
Event: 2.209 GC heap after
{Heap after GC invocations=2 (full 0):
 garbage-first heap   total 65536K, used 7585K [0x00000000c1400000, 0x0000000100000000)
  region size 1024K, 1 young (1024K), 1 survivors (1024K)
 Metaspace       used 6574K, committed 6784K, reserved 1114112K
  class space    used 750K, committed 832K, reserved 1048576K
}
Event: 3.538 GC heap before
{Heap before GC invocations=2 (full 0):
 garbage-first heap   total 65536K, used 27041K [0x00000000c1400000, 0x0000000100000000)
  region size 1024K, 21 young (21504K), 1 survivors (1024K)
 Metaspace       used 11877K, committed 12096K, reserved 1114112K
  class space    used 1375K, committed 1472K, reserved 1048576K
}
Event: 3.544 GC heap after
{Heap after GC invocations=3 (full 0):
 garbage-first heap   total 65536K, used 9214K [0x00000000c1400000, 0x0000000100000000)
  region size 1024K, 3 young (3072K), 3 survivors (3072K)
 Metaspace       used 11877K, committed 12096K, reserved 1114112K
  class space    used 1375K, committed 1472K, reserved 1048576K
}
Event: 5.324 GC heap before
{Heap before GC invocations=3 (full 0):
 garbage-first heap   total 65536K, used 39934K [0x00000000c1400000, 0x0000000100000000)
  region size 1024K, 34 young (34816K), 3 survivors (3072K)
 Metaspace       used 17366K, committed 17600K, reserved 1114112K
  class space    used 2063K, committed 2176K, reserved 1048576K
}
Event: 5.337 GC heap after
{Heap after GC invocations=4 (full 0):
 garbage-first heap   total 65536K, used 11476K [0x00000000c1400000, 0x0000000100000000)
  region size 1024K, 4 young (4096K), 4 survivors (4096K)
 Metaspace       used 17366K, committed 17600K, reserved 1114112K
  class space    used 2063K, committed 2176K, reserved 1048576K
}

Deoptimization events (20 events):
Event: 5.262 Thread 0x000001a020186ae0 Uncommon trap: trap_request=0xffffffde fr.pc=0x000001a02f82b7a8 relative=0x00000000000001a8
Event: 5.262 Thread 0x000001a020186ae0 Uncommon trap: reason=class_check action=maybe_recompile pc=0x000001a02f82b7a8 method=java.lang.String.equals(Ljava/lang/Object;)Z @ 8 c2
Event: 5.262 Thread 0x000001a020186ae0 DEOPT PACKING pc=0x000001a02f82b7a8 sp=0x00000088c97feab0
Event: 5.262 Thread 0x000001a020186ae0 DEOPT UNPACKING pc=0x000001a027da23a3 sp=0x00000088c97fea48 mode 2
Event: 5.262 Thread 0x000001a020186ae0 Uncommon trap: trap_request=0xffffffde fr.pc=0x000001a02f82b7a8 relative=0x00000000000001a8
Event: 5.262 Thread 0x000001a020186ae0 Uncommon trap: reason=class_check action=maybe_recompile pc=0x000001a02f82b7a8 method=java.lang.String.equals(Ljava/lang/Object;)Z @ 8 c2
Event: 5.262 Thread 0x000001a020186ae0 DEOPT PACKING pc=0x000001a02f82b7a8 sp=0x00000088c97feab0
Event: 5.262 Thread 0x000001a020186ae0 DEOPT UNPACKING pc=0x000001a027da23a3 sp=0x00000088c97fea48 mode 2
Event: 5.264 Thread 0x000001a020186ae0 Uncommon trap: trap_request=0xffffffde fr.pc=0x000001a02f82b7a8 relative=0x00000000000001a8
Event: 5.264 Thread 0x000001a020186ae0 Uncommon trap: reason=class_check action=maybe_recompile pc=0x000001a02f82b7a8 method=java.lang.String.equals(Ljava/lang/Object;)Z @ 8 c2
Event: 5.264 Thread 0x000001a020186ae0 DEOPT PACKING pc=0x000001a02f82b7a8 sp=0x00000088c97fe740
Event: 5.264 Thread 0x000001a020186ae0 DEOPT UNPACKING pc=0x000001a027da23a3 sp=0x00000088c97fe6d8 mode 2
Event: 5.692 Thread 0x000001a020186ae0 Uncommon trap: trap_request=0xffffff45 fr.pc=0x000001a02f91f1e0 relative=0x0000000000000220
Event: 5.692 Thread 0x000001a020186ae0 Uncommon trap: reason=unstable_if action=reinterpret pc=0x000001a02f91f1e0 method=org.springframework.beans.factory.support.AbstractBeanFactory.isFactoryBean(Ljava/lang/String;Lorg/springframework/beans/factory/support/RootBeanDefinition;)Z @ 40 c2
Event: 5.692 Thread 0x000001a020186ae0 DEOPT PACKING pc=0x000001a02f91f1e0 sp=0x00000088c97fe720
Event: 5.692 Thread 0x000001a020186ae0 DEOPT UNPACKING pc=0x000001a027da23a3 sp=0x00000088c97fe6e0 mode 2
Event: 5.849 Thread 0x000001a020186ae0 Uncommon trap: trap_request=0xffffff45 fr.pc=0x000001a02f918d28 relative=0x0000000000000448
Event: 5.849 Thread 0x000001a020186ae0 Uncommon trap: reason=unstable_if action=reinterpret pc=0x000001a02f918d28 method=org.springframework.beans.factory.support.AbstractBeanFactory.getMergedLocalBeanDefinition(Ljava/lang/String;)Lorg/springframework/beans/factory/support/RootBeanDefinition; 
Event: 5.849 Thread 0x000001a020186ae0 DEOPT PACKING pc=0x000001a02f918d28 sp=0x00000088c97fe660
Event: 5.849 Thread 0x000001a020186ae0 DEOPT UNPACKING pc=0x000001a027da23a3 sp=0x00000088c97fe618 mode 2

Classes loaded (20 events):
Event: 5.632 Loading class java/lang/ClassFormatError done
Event: 5.632 Loading class java/lang/UnsupportedClassVersionError done
Event: 5.855 Loading class java/util/Collections$UnmodifiableMap$UnmodifiableEntrySet
Event: 5.855 Loading class java/util/Collections$UnmodifiableMap$UnmodifiableEntrySet done
Event: 5.856 Loading class java/util/Collections$UnmodifiableMap$UnmodifiableEntrySet$1
Event: 5.856 Loading class java/util/Collections$UnmodifiableMap$UnmodifiableEntrySet$1 done
Event: 5.857 Loading class java/util/Collections$UnmodifiableMap$UnmodifiableEntrySet$UnmodifiableEntry
Event: 5.857 Loading class java/util/Collections$UnmodifiableMap$UnmodifiableEntrySet$UnmodifiableEntry done
Event: 5.964 Loading class java/util/stream/Streams$ConcatSpliterator$OfRef
Event: 5.964 Loading class java/util/stream/Streams$ConcatSpliterator
Event: 5.965 Loading class java/util/stream/Streams$ConcatSpliterator done
Event: 5.965 Loading class java/util/stream/Streams$ConcatSpliterator$OfRef done
Event: 5.965 Loading class java/util/stream/Streams$2
Event: 5.965 Loading class java/util/stream/Streams$2 done
Event: 6.021 Loading class java/util/stream/ReferencePipeline$15
Event: 6.022 Loading class java/util/stream/ReferencePipeline$15 done
Event: 6.023 Loading class java/util/stream/ReferencePipeline$15$1
Event: 6.024 Loading class java/util/stream/ReferencePipeline$15$1 done
Event: 6.054 Loading class sun/reflect/generics/tree/BooleanSignature
Event: 6.054 Loading class sun/reflect/generics/tree/BooleanSignature done

Classes unloaded (0 events):
No events

Classes redefined (0 events):
No events

Internal exceptions (20 events):
Event: 2.516 Thread 0x000001a020186ae0 Exception <a 'java/lang/NoSuchMethodError'{0x00000000c50cfc70}: 'java.lang.Object java.lang.invoke.DirectMethodHandle$Holder.invokeStaticInit(java.lang.Object, java.lang.Object, long, java.lang.Object)'> (0x00000000c50cfc70) 
thrown [s\src\hotspot\share\interpreter\linkResolver.cpp, line 759]
Event: 2.517 Thread 0x000001a020186ae0 Exception <a 'java/lang/NoSuchMethodError'{0x00000000c50d63b0}: 'java.lang.Object java.lang.invoke.DirectMethodHandle$Holder.newInvokeSpecial(java.lang.Object, java.lang.Object, long)'> (0x00000000c50d63b0) 
thrown [s\src\hotspot\share\interpreter\linkResolver.cpp, line 759]
Event: 2.517 Thread 0x000001a020186ae0 Exception <a 'java/lang/NoSuchMethodError'{0x00000000c50d9f28}: 'java.lang.Object java.lang.invoke.Invokers$Holder.linkToTargetMethod(java.lang.Object, long, java.lang.Object)'> (0x00000000c50d9f28) 
thrown [s\src\hotspot\share\interpreter\linkResolver.cpp, line 759]
Event: 2.548 Thread 0x000001a020186ae0 Exception <a 'java/lang/NoSuchMethodError'{0x00000000c4f14ac0}: 'void java.lang.invoke.DirectMethodHandle$Holder.invokeVirtual(java.lang.Object, java.lang.Object, java.lang.Object, java.lang.Object)'> (0x00000000c4f14ac0) 
thrown [s\src\hotspot\share\interpreter\linkResolver.cpp, line 759]
Event: 2.657 Thread 0x000001a020186ae0 Exception <a 'java/lang/NoSuchMethodError'{0x00000000c4e52a20}: 'void java.lang.invoke.DirectMethodHandle$Holder.invokeSpecial(java.lang.Object, java.lang.Object, java.lang.Object)'> (0x00000000c4e52a20) 
thrown [s\src\hotspot\share\interpreter\linkResolver.cpp, line 759]
Event: 2.658 Thread 0x000001a020186ae0 Exception <a 'java/lang/NoSuchMethodError'{0x00000000c4e59008}: 'void java.lang.invoke.DirectMethodHandle$Holder.invokeSpecial(java.lang.Object, java.lang.Object, java.lang.Object, java.lang.Object, java.lang.Object)'> (0x00000000c4e59008) 
thrown [s\src\hotspot\share\interpreter\linkResolver.cpp, line 759]
Event: 2.672 Thread 0x000001a0404fe860 Exception <a 'java/lang/NoClassDefFoundError'{0x00000000c4eb90b0}: jakarta/validation/Validation> (0x00000000c4eb90b0) 
thrown [s\src\hotspot\share\classfile\systemDictionary.cpp, line 244]
Event: 2.673 Thread 0x000001a020186ae0 Exception <a 'java/lang/IncompatibleClassChangeError'{0x00000000c4e87348}: Found class java.lang.Object, but interface was expected> (0x00000000c4e87348) 
thrown [s\src\hotspot\share\interpreter\linkResolver.cpp, line 826]
Event: 3.345 Thread 0x000001a020186ae0 Exception <a 'java/lang/NoSuchMethodError'{0x00000000c44e3270}: 'java.lang.Object java.lang.invoke.DirectMethodHandle$Holder.invokeStatic(java.lang.Object, int, java.lang.Object)'> (0x00000000c44e3270) 
thrown [s\src\hotspot\share\interpreter\linkResolver.cpp, line 759]
Event: 3.368 Thread 0x000001a020186ae0 Exception <a 'java/lang/NoSuchMethodError'{0x00000000c43b9380}: 'int java.lang.invoke.Invokers$Holder.invokeExact_MT(java.lang.Object, java.lang.Object)'> (0x00000000c43b9380) 
thrown [s\src\hotspot\share\interpreter\linkResolver.cpp, line 759]
Event: 3.800 Thread 0x000001a020186ae0 Exception <a 'java/lang/NoSuchMethodError'{0x00000000c4b6b890}: 'int java.lang.invoke.DirectMethodHandle$Holder.invokeSpecial(java.lang.Object, java.lang.Object, java.lang.Object, java.lang.Object, java.lang.Object)'> (0x00000000c4b6b890) 
thrown [s\src\hotspot\share\interpreter\linkResolver.cpp, line 759]
Event: 3.806 Thread 0x000001a020186ae0 Exception <a 'java/lang/NoSuchMethodError'{0x00000000c4b749f0}: 'void java.lang.invoke.DirectMethodHandle$Holder.invokeVirtual(java.lang.Object, java.lang.Object)'> (0x00000000c4b749f0) 
thrown [s\src\hotspot\share\interpreter\linkResolver.cpp, line 759]
Event: 3.850 Thread 0x000001a0404fe860 Exception <a 'java/lang/NoSuchMethodError'{0x00000000c4987a30}: 'long java.lang.invoke.DirectMethodHandle$Holder.invokeSpecial(java.lang.Object, java.lang.Object)'> (0x00000000c4987a30) 
thrown [s\src\hotspot\share\interpreter\linkResolver.cpp, line 759]
Event: 3.854 Thread 0x000001a0404fe860 Exception <a 'java/lang/NoSuchMethodError'{0x00000000c4992f60}: 'long java.lang.invoke.DirectMethodHandle$Holder.invokeStatic(java.lang.Object, java.lang.Object)'> (0x00000000c4992f60) 
thrown [s\src\hotspot\share\interpreter\linkResolver.cpp, line 759]
Event: 3.855 Thread 0x000001a0404fe860 Exception <a 'java/lang/NoSuchMethodError'{0x00000000c4996558}: 'long java.lang.invoke.DirectMethodHandle$Holder.invokeStaticInit(java.lang.Object, java.lang.Object)'> (0x00000000c4996558) 
thrown [s\src\hotspot\share\interpreter\linkResolver.cpp, line 759]
Event: 3.858 Thread 0x000001a0404fe860 Exception <a 'java/lang/NoSuchMethodError'{0x00000000c49a46c0}: 'long java.lang.invoke.DirectMethodHandle$Holder.invokeInterface(java.lang.Object, java.lang.Object)'> (0x00000000c49a46c0) 
thrown [s\src\hotspot\share\interpreter\linkResolver.cpp, line 759]
Event: 3.859 Thread 0x000001a0404fe860 Exception <a 'java/lang/IncompatibleClassChangeError'{0x00000000c49a7e88}: Found class java.lang.Object, but interface was expected> (0x00000000c49a7e88) 
thrown [s\src\hotspot\share\interpreter\linkResolver.cpp, line 826]
Event: 3.885 Thread 0x000001a0404fe860 Exception <a 'java/lang/NoSuchMethodError'{0x00000000c48952f0}: 'java.lang.Object java.lang.invoke.DirectMethodHandle$Holder.invokeVirtual(java.lang.Object, java.lang.Object, java.lang.Object, java.lang.Object)'> (0x00000000c48952f0) 
thrown [s\src\hotspot\share\interpreter\linkResolver.cpp, line 759]
Event: 4.241 Thread 0x000001a020186ae0 Exception <a 'java/lang/IncompatibleClassChangeError'{0x00000000c4226f30}: Found class java.lang.Object, but interface was expected> (0x00000000c4226f30) 
thrown [s\src\hotspot\share\interpreter\linkResolver.cpp, line 826]
Event: 4.306 Thread 0x000001a020186ae0 Exception <a 'java/lang/NoSuchMethodError'{0x00000000c414b830}: 'void java.lang.invoke.DirectMethodHandle$Holder.invokeInterface(java.lang.Object, java.lang.Object, java.lang.Object, java.lang.Object)'> (0x00000000c414b830) 
thrown [s\src\hotspot\share\interpreter\linkResolver.cpp, line 759]

VM Operations (20 events):
Event: 4.753 Executing VM operation: ICBufferFull
Event: 4.753 Executing VM operation: ICBufferFull done
Event: 5.275 Executing VM operation: HandshakeAllThreads
Event: 5.275 Executing VM operation: HandshakeAllThreads done
Event: 5.324 Executing VM operation: G1CollectForAllocation
Event: 5.337 Executing VM operation: G1CollectForAllocation done
Event: 5.845 Executing VM operation: HandshakeAllThreads
Event: 5.845 Executing VM operation: HandshakeAllThreads done
Event: 5.845 Executing VM operation: HandshakeAllThreads
Event: 5.845 Executing VM operation: HandshakeAllThreads done
Event: 5.856 Executing VM operation: HandshakeAllThreads
Event: 5.856 Executing VM operation: HandshakeAllThreads done
Event: 5.860 Executing VM operation: HandshakeAllThreads
Event: 5.860 Executing VM operation: HandshakeAllThreads done
Event: 5.862 Executing VM operation: HandshakeAllThreads
Event: 5.862 Executing VM operation: HandshakeAllThreads done
Event: 5.937 Executing VM operation: HandshakeAllThreads
Event: 5.937 Executing VM operation: HandshakeAllThreads done
Event: 6.033 Executing VM operation: HandshakeAllThreads
Event: 6.033 Executing VM operation: HandshakeAllThreads done

Events (20 events):
Event: 0.455 Loaded shared library C:\Users\ERIN_JAVALead\.jdks\corretto-18.0.2\bin\nio.dll
Event: 0.461 Loaded shared library C:\Users\ERIN_JAVALead\.jdks\corretto-18.0.2\bin\zip.dll
Event: 0.568 Thread 0x000001a03fa09ea0 Thread added: 0x000001a03fa09ea0
Event: 0.713 Loaded shared library C:\Program Files\JetBrains\IntelliJ IDEA Community Edition 2021.3.3\bin\breakgen64.dll
Event: 0.715 Thread 0x000001a03faf4a90 Thread added: 0x000001a03faf4a90
Event: 0.715 Thread 0x000001a03faf63e0 Thread added: 0x000001a03faf63e0
Event: 0.827 Loaded shared library C:\Users\ERIN_JAVALead\.jdks\corretto-18.0.2\bin\jimage.dll
Event: 0.929 Thread 0x000001a03fa09ea0 Thread exited: 0x000001a03fa09ea0
Event: 1.189 Thread 0x000001a03feda4b0 Thread added: 0x000001a03feda4b0
Event: 1.436 Thread 0x000001a03feda4b0 Thread exited: 0x000001a03feda4b0
Event: 2.435 Thread 0x000001a0404f1260 Thread added: 0x000001a0404f1260
Event: 2.664 Thread 0x000001a0404fe860 Thread added: 0x000001a0404fe860
Event: 3.203 Thread 0x000001a0404f1260 Thread exited: 0x000001a0404f1260
Event: 3.271 Loaded shared library C:\Users\ERIN_JAVALead\.jdks\corretto-18.0.2\bin\verify.dll
Event: 3.456 Thread 0x000001a040725b80 Thread added: 0x000001a040725b80
Event: 3.630 Thread 0x000001a040725b80 Thread exited: 0x000001a040725b80
Event: 3.890 Thread 0x000001a0404fe860 Thread exited: 0x000001a0404fe860
Event: 3.947 Thread 0x000001a0409fb570 Thread added: 0x000001a0409fb570
Event: 4.103 Thread 0x000001a0408f7c40 Thread added: 0x000001a0408f7c40
Event: 4.162 Thread 0x000001a0408f7c40 Thread exited: 0x000001a0408f7c40


Dynamic libraries:
0x00007ff7ceee0000 - 0x00007ff7ceeed000 	C:\Users\ERIN_JAVALead\.jdks\corretto-18.0.2\bin\java.exe
0x00007ffd7e770000 - 0x00007ffd7e967000 	C:\WINDOWS\SYSTEM32\ntdll.dll
0x00007ffd7d9a0000 - 0x00007ffd7da5d000 	C:\WINDOWS\System32\KERNEL32.DLL
0x00007ffd7c140000 - 0x00007ffd7c436000 	C:\WINDOWS\System32\KERNELBASE.dll
0x00007ffd7c040000 - 0x00007ffd7c140000 	C:\WINDOWS\System32\ucrtbase.dll
0x00007ffd742b0000 - 0x00007ffd742c7000 	C:\Users\ERIN_JAVALead\.jdks\corretto-18.0.2\bin\jli.dll
0x00007ffd7cf00000 - 0x00007ffd7d09e000 	C:\WINDOWS\System32\USER32.dll
0x00007ffd7bf30000 - 0x00007ffd7bf52000 	C:\WINDOWS\System32\win32u.dll
0x00007ffd7d370000 - 0x00007ffd7d39c000 	C:\WINDOWS\System32\GDI32.dll
0x00007ffd7c5d0000 - 0x00007ffd7c6ea000 	C:\WINDOWS\System32\gdi32full.dll
0x00007ffd7be90000 - 0x00007ffd7bf2d000 	C:\WINDOWS\System32\msvcp_win.dll
0x00007ffd74290000 - 0x00007ffd742a5000 	C:\Users\ERIN_JAVALead\.jdks\corretto-18.0.2\bin\VCRUNTIME140.dll
0x00007ffd6ab70000 - 0x00007ffd6ae0a000 	C:\WINDOWS\WinSxS\amd64_microsoft.windows.common-controls_6595b64144ccf1df_6.0.19041.3570_none_60bb2a3971f3e41a\COMCTL32.dll
0x00007ffd7cc10000 - 0x00007ffd7ccae000 	C:\WINDOWS\System32\msvcrt.dll
0x00007ffd7cea0000 - 0x00007ffd7ced0000 	C:\WINDOWS\System32\IMM32.DLL
0x00007ffd63f30000 - 0x00007ffd63fcb000 	C:\Users\ERIN_JAVALead\.jdks\corretto-18.0.2\bin\msvcp140.dll
0x00007ffd441f0000 - 0x00007ffd44e61000 	C:\Users\ERIN_JAVALead\.jdks\corretto-18.0.2\bin\server\jvm.dll
0x00007ffd7db90000 - 0x00007ffd7dc3e000 	C:\WINDOWS\System32\ADVAPI32.dll
0x00007ffd7d3a0000 - 0x00007ffd7d43c000 	C:\WINDOWS\System32\sechost.dll
0x00007ffd7d240000 - 0x00007ffd7d366000 	C:\WINDOWS\System32\RPCRT4.dll
0x00007ffd7e6f0000 - 0x00007ffd7e6f8000 	C:\WINDOWS\System32\PSAPI.DLL
0x00007ffd79550000 - 0x00007ffd79559000 	C:\WINDOWS\SYSTEM32\WSOCK32.dll
0x00007ffd7d0a0000 - 0x00007ffd7d10b000 	C:\WINDOWS\System32\WS2_32.dll
0x00007ffd578a0000 - 0x00007ffd578c7000 	C:\WINDOWS\SYSTEM32\WINMM.dll
0x00007ffd76220000 - 0x00007ffd7622a000 	C:\WINDOWS\SYSTEM32\VERSION.dll
0x00007ffd79be0000 - 0x00007ffd79bf2000 	C:\WINDOWS\SYSTEM32\kernel.appcore.dll
0x00007ffd74550000 - 0x00007ffd7455a000 	C:\Users\ERIN_JAVALead\.jdks\corretto-18.0.2\bin\jimage.dll
0x00007ffd65500000 - 0x00007ffd656e4000 	C:\WINDOWS\SYSTEM32\DBGHELP.DLL
0x00007ffd654c0000 - 0x00007ffd654f4000 	C:\WINDOWS\SYSTEM32\dbgcore.DLL
0x00007ffd7bfb0000 - 0x00007ffd7c032000 	C:\WINDOWS\System32\bcryptPrimitives.dll
0x00007ffd79520000 - 0x00007ffd7952e000 	C:\Users\ERIN_JAVALead\.jdks\corretto-18.0.2\bin\instrument.dll
0x00007ffd6ab40000 - 0x00007ffd6ab65000 	C:\Users\ERIN_JAVALead\.jdks\corretto-18.0.2\bin\java.dll
0x00007ffd5ccc0000 - 0x00007ffd5cd96000 	C:\Users\ERIN_JAVALead\.jdks\corretto-18.0.2\bin\jsvml.dll
0x00007ffd7de80000 - 0x00007ffd7e5c4000 	C:\WINDOWS\System32\SHELL32.dll
0x00007ffd79ec0000 - 0x00007ffd7a65b000 	C:\WINDOWS\SYSTEM32\windows.storage.dll
0x00007ffd7c7a0000 - 0x00007ffd7caf4000 	C:\WINDOWS\System32\combase.dll
0x00007ffd7b790000 - 0x00007ffd7b7bd000 	C:\WINDOWS\SYSTEM32\Wldp.dll
0x00007ffd7cb60000 - 0x00007ffd7cc0d000 	C:\WINDOWS\System32\SHCORE.dll
0x00007ffd7cb00000 - 0x00007ffd7cb55000 	C:\WINDOWS\System32\shlwapi.dll
0x00007ffd7bd50000 - 0x00007ffd7bd75000 	C:\WINDOWS\SYSTEM32\profapi.dll
0x00007ffd69ef0000 - 0x00007ffd69f08000 	C:\Users\ERIN_JAVALead\.jdks\corretto-18.0.2\bin\zip.dll
0x00007ffd6af20000 - 0x00007ffd6af33000 	C:\Users\ERIN_JAVALead\.jdks\corretto-18.0.2\bin\net.dll
0x00007ffd75b20000 - 0x00007ffd75c2a000 	C:\WINDOWS\SYSTEM32\WINHTTP.dll
0x00007ffd7b4f0000 - 0x00007ffd7b55a000 	C:\WINDOWS\system32\mswsock.dll
0x00007ffd6a0b0000 - 0x00007ffd6a0c5000 	C:\Users\ERIN_JAVALead\.jdks\corretto-18.0.2\bin\nio.dll
0x00007ffd77930000 - 0x00007ffd7794a000 	C:\Program Files\JetBrains\IntelliJ IDEA Community Edition 2021.3.3\bin\breakgen64.dll
0x00007ffd6a620000 - 0x00007ffd6a630000 	C:\Users\ERIN_JAVALead\.jdks\corretto-18.0.2\bin\verify.dll

dbghelp: loaded successfully - version: 4.0.5 - missing functions: none
symbol engine: initialized successfully - sym options: 0x614 - pdb path: .;C:\Users\ERIN_JAVALead\.jdks\corretto-18.0.2\bin;C:\WINDOWS\SYSTEM32;C:\WINDOWS\WinSxS\amd64_microsoft.windows.common-controls_6595b64144ccf1df_6.0.19041.3570_none_60bb2a3971f3e41a;C:\Users\ERIN_JAVALead\.jdks\corretto-18.0.2\bin\server;C:\Program Files\JetBrains\IntelliJ IDEA Community Edition 2021.3.3\bin

VM Arguments:
jvm_args: -javaagent:C:\Program Files\JetBrains\IntelliJ IDEA Community Edition 2021.3.3\lib\idea_rt.jar=52373:C:\Program Files\JetBrains\IntelliJ IDEA Community Edition 2021.3.3\bin -Dfile.encoding=UTF-8 
java_command: com.devskiller.tasks.blog.BlogApplication
java_class_path (initial): C:\Users\ERIN_JAVALead\Downloads\devskiller-code-U32X-W3E7-T2E6-S3F\target\classes;C:\Users\ERIN_JAVALead\.m2\repository\org\springframework\boot\spring-boot-starter-data-jpa\3.0.0\spring-boot-starter-data-jpa-3.0.0.jar;C:\Users\ERIN_JAVALead\.m2\repository\org\springframework\boot\spring-boot-starter-aop\3.0.0\spring-boot-starter-aop-3.0.0.jar;C:\Users\ERIN_JAVALead\.m2\repository\org\aspectj\aspectjweaver\1.9.9.1\aspectjweaver-1.9.9.1.jar;C:\Users\ERIN_JAVALead\.m2\repository\org\springframework\boot\spring-boot-starter-jdbc\3.0.0\spring-boot-starter-jdbc-3.0.0.jar;C:\Users\ERIN_JAVALead\.m2\repository\com\zaxxer\HikariCP\5.0.1\HikariCP-5.0.1.jar;C:\Users\ERIN_JAVALead\.m2\repository\org\springframework\spring-jdbc\6.0.2\spring-jdbc-6.0.2.jar;C:\Users\ERIN_JAVALead\.m2\repository\org\hibernate\orm\hibernate-core\6.1.5.Final\hibernate-core-6.1.5.Final.jar;C:\Users\ERIN_JAVALead\.m2\repository\jakarta\persistence\jakarta.persistence-api\3.1.0\jakarta.persistence-api-3.1.0.jar;C:\Users\ERIN_JAVALead\.m2\repository\jakarta\transaction\jakarta.transaction-api\2.0.1\jakarta.transaction-api-2.0.1.jar;C:\Users\ERIN_JAVALead\.m2\repository\org\jboss\logging\jboss-logging\3.5.0.Final\jboss-logging-3.5.0.Final.jar;C:\Users\ERIN_JAVALead\.m2\repository\org\hibernate\common\hibernate-commons-annotations\6.0.2.Final\hibernate-commons-annotations-6.0.2.Final.jar;C:\Users\ERIN_JAVALead\.m2\repository\org\jboss\jandex\2.4.2.Final\jandex-2.4.2.Final.jar;C:\Users\ERIN_JAVALead\.m2\repository\com\fasterxml\classmate\1.5.1\classmate-1.5.1.jar;C:\Users\ERIN_JAVALead\.m2\repository\net\bytebuddy\byte-buddy\1.12.19\byte-buddy-1.12.19.jar;C:\Users\ERIN_JAVALead\.m2\repository\org\glassfish\jaxb\jaxb-runtime\4.0.1\jaxb-runtime-4.0.1.jar;C:\Users\ERIN_JAVALead\.m2\repository\org\glassfish\jaxb\jaxb-core\4.0.1\jaxb-core-4.0.1.jar;C:\Users\ERIN_JAVALead\.m2\repository\org\eclipse\angus\angus-activation\1.0.0\angus-activation-1.0.0.jar;C:\Users\ERIN_JAVALead\.m2\repository\org\glassfish\jaxb\txw2\4.0.1\txw2-4.0.1.jar;C:\Users\ERIN_JAVALead\.m2\repository\com\sun\istack\istack-commons-runtime\4.1.1\istack-commons-runtime-4.1.1.jar;C:\Users\ERIN_JAVALead\.m2\repository\jakarta\inject\jakarta.inject-api\2.0.0\jakarta.inject-api-2.0.0.jar;C:\Users\ERIN_JAVALead\.m2\repository\org\antlr\antlr4-runtime\4.10.1\antlr4-runtime-4.10.1.jar;C:\Users\ERIN_JAVALead\.m2\repository\org\springframework\data\spring-data-jpa\3.0.0\spring-data-jpa-3.0.0.jar;C:\Users\ERIN_JAVALead\.m2\repository\org\springframework\data\spring-data-commons\3.0.0\spring-data-commons-3.0.0.jar;C:\Users\ERIN_JAVALead\.m2\repository\org\springframework\spring-orm\6.0.2\spring-orm-6.0.2.jar;C:\Users\ERIN_JAVALead\.m2\repository\org\springframework\spring-tx\6.0.2\spring-tx-6.0.2.jar;C:\Users\ERIN_JAVALead\.m2\repository\org\slf4j\slf4j-api\2.0.4\slf4j-api-2.0.4.jar;C:\Users\ERIN_JAVALead\.m2\repository\org\springframework\spring-aspects\6.0.2\spring-aspects-6.0.2.jar;C:\Users\ERIN_JAVALead\.m2\repository\org\springframework\boot\spring-boot-starter-web\2.4.2\spring-boot-starter-web-2.4.2.jar;C:\Users\ERIN_JAVALead\.m2\repository\org\springframework\boot\spring-boot-starter\3.0.0\spring-boot-starter-3.0.0.jar;C:\Users\ERIN_JAVALead\.m2\repository\org\springframework\boot\spring-boot\3.0.0\spring-boot-3.0.0.jar;C:\Users\ERIN_JAVALead\.m2\repository\org\springframework\boot\spring-boot-autoconfigure\3.0.0\spring-boot-autoconfigure-3.0.0.jar;C:\Users\ERIN_JAVALead\.m2\repository\org\springframework\boot\spring-boot-starter-logging\3.0.0\spring-boot-starter-logging-3.0.0.jar;C:\Users\ERIN_JAVALead\.m2\repository\ch\qos\logback\logback-classic\1.4.5\logback-classic-1.4.5.jar;C:\Users\ERIN_JAVALead\.m2\repository\ch\qos\logback\logback-core\1.4.5\logback-core-1.4.5.jar;C:\Users\ERIN_JAVALead\.m2\repository\org\apache\logging\log4j\log4j-to-slf4j\2.19.0\log4j-to-slf4j-2.19.0.jar;C:\Users\ERIN_JAVALead\.m2\repository\org\apache\logging\log4j\log4j-api\2.19.0\log4j-api-2.19.0.jar;C:\Users\ERIN_JAVALead\.m2\repository\org\slf4j\jul-to-slf4j\2.0.4\jul-to-slf4j-2.0.4.jar;C:\Users\ERIN_JAVALead\.m2\repository\org\yaml\snakeyaml\1.33\snakeyaml-1.33.jar;C:\Users\ERIN_JAVALead\.m2\repository\org\springframework\boot\spring-boot-starter-json\3.0.0\spring-boot-starter-json-3.0.0.jar;C:\Users\ERIN_JAVALead\.m2\repository\com\fasterxml\jackson\core\jackson-databind\2.14.1\jackson-databind-2.14.1.jar;C:\Users\ERIN_JAVALead\.m2\repository\com\fasterxml\jackson\core\jackson-annotations\2.14.1\jackson-annotations-2.14.1.jar;C:\Users\ERIN_JAVALead\.m2\repository\com\fasterxml\jackson\core\jackson-core\2.14.1\jackson-core-2.14.1.jar;C:\Users\ERIN_JAVALead\.m2\repository\com\fasterxml\jackson\datatype\jackson-datatype-jdk8\2.14.1\jackson-datatype-jdk8-2.14.1.jar;C:\Users\ERIN_JAVALead\.m2\repository\com\fasterxml\jackson\datatype\jackson-datatype-jsr310\2.14.1\jackson-datatype-jsr310-2.14.1.jar;C:\Users\ERIN_JAVALead\.m2\repository\com\fasterxml\jackson\module\jackson-module-parameter-names\2.14.1\jackson-module-parameter-names-2.14.1.jar;C:\Users\ERIN_JAVALead\.m2\repository\org\springframework\spring-web\6.0.2\spring-web-6.0.2.jar;C:\Users\ERIN_JAVALead\.m2\repository\io\micrometer\micrometer-observation\1.10.2\micrometer-observation-1.10.2.jar;C:\Users\ERIN_JAVALead\.m2\repository\io\micrometer\micrometer-commons\1.10.2\micrometer-commons-1.10.2.jar;C:\Users\ERIN_JAVALead\.m2\repository\org\springframework\spring-webmvc\6.0.2\spring-webmvc-6.0.2.jar;C:\Users\ERIN_JAVALead\.m2\repository\com\microsoft\sqlserver\mssql-jdbc\12.4.1.jre11\mssql-jdbc-12.4.1.jre11.jar;C:\Users\ERIN_JAVALead\.m2\repository\com\h2database\h2\2.1.214\h2-2.1.214.jar;C:\Users\ERIN_JAVALead\.m2\repository\jakarta\xml\bind\jakarta.xml.bind-api\4.0.0\jakarta.xml.bind-api-4.0.0.jar;C:\Users\ERIN_JAVALead\.m2\repository\jakarta\activation\jakarta.activation-api\2.1.0\jakarta.activation-api-2.1.0.jar;C:\Users\ERIN_JAVALead\.m2\repository\org\springframework\spring-core\6.0.2\spring-core-6.0.2.jar;C:\Users\ERIN_JAVALead\.m2\repository\org\springframework\spring-jcl\6.0.2\spring-jcl-6.0.2.jar;C:\Users\ERIN_JAVALead\.m2\repository\org\springframework\boot\spring-boot-starter-security\3.0.0\spring-boot-starter-security-3.0.0.jar;C:\Users\ERIN_JAVALead\.m2\repository\org\springframework\spring-aop\6.0.2\spring-aop-6.0.2.jar;C:\Users\ERIN_JAVALead\.m2\repository\org\springframework\security\spring-security-web\6.0.0\spring-security-web-6.0.0.jar;C:\Users\ERIN_JAVALead\.m2\repository\org\springframework\security\spring-security-config\3.2.0.RELEASE\spring-security-config-3.2.0.RELEASE.jar;C:\Users\ERIN_JAVALead\.m2\repository\aopalliance\aopalliance\1.0\aopalliance-1.0.jar;C:\Users\ERIN_JAVALead\.m2\repository\org\springframework\spring-beans\6.0.2\spring-beans-6.0.2.jar;C:\Users\ERIN_JAVALead\.m2\repository\org\springframework\spring-context\6.0.2\spring-context-6.0.2.jar;C:\Users\ERIN_JAVALead\.m2\repository\org\springframework\security\spring-security-core\3.2.10.RELEASE\spring-security-core-3.2.10.RELEASE.jar;C:\Users\ERIN_JAVALead\.m2\repository\org\springframework\spring-expression\6.0.2\spring-expression-6.0.2.jar;C:\Users\ERIN_JAVALead\.m2\repository\org\springframework\boot\spring-boot-starter-tomcat\3.0.0\spring-boot-starter-tomcat-3.0.0.jar;C:\Users\ERIN_JAVALead\.m2\repository\jakarta\annotation\jakarta.annotation-api\2.1.1\jakarta.annotation-api-2.1.1.jar;C:\Users\ERIN_JAVALead\.m2\repository\org\apache\tomcat\embed\tomcat-embed-core\10.1.1\tomcat-embed-core-10.1.1.jar;C:\Users\ERIN_JAVALead\.m2\repository\org\apache\tomcat\embed\tomcat-embed-el\10.1.1\tomcat-embed-el-10.1.1.jar;C:\Users\ERIN_JAVALead\.m2\repository\org\apache\tomcat\embed\tomcat-embed-websocket\10.1.1\tomcat-embed-websocket-10.1.1.jar;C:\Users\ERIN_JAVALead\.m2\repository\javax\javaee-api\8.0\javaee-api-8.0.jar;C:\Users\ERIN_JAVALead\.m2\repository\com\sun\mail\javax.mail\1.6.0\javax.mail-1.6.0.jar;C:\Users\ERIN_JAVALead\.m2\repository\javax\activation\activation\1.1\activation-1.1.jar;C:\Users\ERIN_JAVALead\.m2\repository\io\jsonwebtoken\jjwt\0.12.3\jjwt-0.12.3.jar;C:\Users\ERIN_JAVALead\.m2\repository\io\jsonwebtoken\jjwt-api\0.12.3\jjwt-api-0.12.3.jar;C:\Users\ERIN_JAVALead\.m2\repository\io\jsonwebtoken\jjwt-impl\0.12.3\jjwt-impl-0.12.3.jar;C:\Users\ERIN_JAVALead\.m2\repository\io\jsonwebtoken\jjwt-jackson\0.12.3\jjwt-jackson-0.12.3.jar
Launcher Type: SUN_STANDARD

[Global flags]
     intx CICompilerCount                          = 3                                         {product} {ergonomic}
     uint ConcGCThreads                            = 1                                         {product} {ergonomic}
     uint G1ConcRefinementThreads                  = 4                                         {product} {ergonomic}
   size_t G1HeapRegionSize                         = 1048576                                   {product} {ergonomic}
    uintx GCDrainStackTargetSize                   = 64                                        {product} {ergonomic}
   size_t InitialHeapSize                          = 67108864                                  {product} {ergonomic}
   size_t MarkStackSize                            = 4194304                                   {product} {ergonomic}
   size_t MaxHeapSize                              = 1052770304                                {product} {ergonomic}
   size_t MaxNewSize                               = 631242752                                 {product} {ergonomic}
   size_t MinHeapDeltaBytes                        = 1048576                                   {product} {ergonomic}
   size_t MinHeapSize                              = 8388608                                   {product} {ergonomic}
    uintx NonNMethodCodeHeapSize                   = 5832780                                {pd product} {ergonomic}
    uintx NonProfiledCodeHeapSize                  = 122912730                              {pd product} {ergonomic}
    uintx ProfiledCodeHeapSize                     = 122912730                              {pd product} {ergonomic}
    uintx ReservedCodeCacheSize                    = 251658240                              {pd product} {ergonomic}
     bool SegmentedCodeCache                       = true                                      {product} {ergonomic}
   size_t SoftMaxHeapSize                          = 1052770304                             {manageable} {ergonomic}
     bool UseCompressedClassPointers               = true                           {product lp64_product} {ergonomic}
     bool UseCompressedOops                        = true                           {product lp64_product} {ergonomic}
     bool UseG1GC                                  = true                                      {product} {ergonomic}
     bool UseLargePagesIndividualAllocation        = false                                  {pd product} {ergonomic}

Logging:
Log output configuration:
 #0: stdout all=warning uptime,level,tags foldmultilines=false
 #1: stderr all=off uptime,level,tags foldmultilines=false

Environment Variables:
PATH=C:\WINDOWS\system32;C:\WINDOWS;C:\WINDOWS\System32\Wbem;C:\WINDOWS\System32\WindowsPowerShell\v1.0\;C:\WINDOWS\System32\OpenSSH\;C:\Program Files (x86)\nodejs\;C:\Program Files (x86)\nodejs\npm;C:\Users\ERIN_JAVALead\AppData\Roaming\npm;C:\Program Files\Git\cmd;C:\Program Files (x86)\dotnet\;C:\Program Files (x86)\Microsoft SQL Server\160\DTS\Binn\;C:\Program Files\Azure Data Studio\bin;C:\Program Files (x86)\Microsoft SQL Server\160\Tools\Binn\;C:\Program Files\Microsoft SQL Server\160\Tools\Binn\;C:\Program Files\Microsoft SQL Server\Client SDK\ODBC\170\Tools\Binn\;C:\Program Files\Microsoft SQL Server\160\DTS\Binn\;C:\Users\ERIN_JAVALead\AppData\Local\Microsoft\WindowsApps;;C:\Users\ERIN_JAVALead\AppData\Local\Programs\Microsoft VS Code\bin;C:\Users\ERIN_JAVALead\AppData\Roaming\npm;C:\Program Files\Azure Data Studio\bin
USERNAME=ERIN_JAVALead
OS=Windows_NT
PROCESSOR_IDENTIFIER=Intel64 Family 6 Model 78 Stepping 3, GenuineIntel



---------------  S Y S T E M  ---------------

OS:
 Windows 10 , 64 bit Build 19041 (10.0.19041.3570)
OS uptime: 0 days 1:12 hours

CPU: total 4 (initial active 4) (2 cores per cpu, 2 threads per core) family 6 model 78 stepping 3 microcode 0xcc, cx8, cmov, fxsr, ht, mmx, 3dnowpref, sse, sse2, sse3, ssse3, sse4.1, sse4.2, popcnt, lzcnt, tsc, tscinvbit, avx, avx2, aes, erms, clmul, bmi1, bmi2, adx, fma, vzeroupper, clflush, clflushopt

Memory: 4k page, system-wide physical 4012M (337M free)
TotalPageFile size 6060M (AvailPageFile size 25M)
current process WorkingSet (physical memory assigned to process): 133M, peak: 135M
current process commit charge ("private bytes"): 189M, peak: 191M

vm_info: OpenJDK 64-Bit Server VM (18.0.2+9-FR) for windows-amd64 JRE (18.0.2+9-FR), built on Jul 15 2022 20:03:03 by "Administrator" with MS VC++ 15.9 (VS2017)

END.
