#
# There is insufficient memory for the Java Runtime Environment to continue.
# Native memory allocation (malloc) failed to allocate 105616 bytes for Chunk::new
# Possible reasons:
#   The system is out of physical RAM or swap space
#   The process is running with CompressedOops enabled, and the Java Heap may be blocking the growth of the native heap
# Possible solutions:
#   Reduce memory load on the system
#   Increase physical memory or swap space
#   Check if swap backing store is full
#   Decrease Java heap size (-Xmx/-Xms)
#   Decrease number of Java threads
#   Decrease Java thread stack sizes (-Xss)
#   Set larger code cache with -XX:ReservedCodeCacheSize=
#   JVM is running with Unscaled Compressed Oops mode in which the Java heap is
#     placed in the first 4GB address space. The Java Heap base address is the
#     maximum limit for the native heap growth. Please use -XX:HeapBaseMinAddress
#     to set the Java Heap base and to place the Java Heap above 4GB virtual address.
# This output file may be truncated or incomplete.
#
#  Out of Memory Error (arena.cpp:184), pid=11856, tid=6216
#
# JRE version: OpenJDK Runtime Environment Corretto-18.0.2.9.1 (18.0.2+9) (build 18.0.2+9-FR)
# Java VM: OpenJDK 64-Bit Server VM Corretto-18.0.2.9.1 (18.0.2+9-FR, mixed mode, sharing, tiered, compressed oops, compressed class ptrs, g1 gc, windows-amd64)
# No core dump will be written. Minidumps are not enabled by default on client versions of Windows
#

---------------  S U M M A R Y ------------

Command Line: -ea -Didea.test.cyclic.buffer.size=1048576 -javaagent:C:\Program Files\JetBrains\IntelliJ IDEA Community Edition 2021.3.3\lib\idea_rt.jar=53659:C:\Program Files\JetBrains\IntelliJ IDEA Community Edition 2021.3.3\bin -Dfile.encoding=UTF-8 com.intellij.rt.junit.JUnitStarter -ideVersion5 -junit5 com.devskiller.tasks.blog.rest.CommentControllerTest,shouldAddComment

Host: Intel(R) Core(TM) i3-6006U CPU @ 2.00GHz, 4 cores, 3G,  Windows 10 , 64 bit Build 19041 (10.0.19041.3570)
Time: Thu Nov  2 14:20:36 2023 Central European Standard Time elapsed time: 6.645942 seconds (0d 0h 0m 6s)

---------------  T H R E A D  ---------------

Current thread (0x000001fa33431b30):  JavaThread "C2 CompilerThread0" daemon [_thread_in_native, id=6216, stack(0x000000a2ea600000,0x000000a2ea700000)]


Current CompileTask:
C2:   6646 1367       4       java.util.jar.JarFile::getVersionedEntry (133 bytes)

Stack: [0x000000a2ea600000,0x000000a2ea700000]
Native frames: (J=compiled Java code, j=interpreted, Vv=VM code, C=native code)
V  [jvm.dll+0x685a2a]
V  [jvm.dll+0x82ae8d]
V  [jvm.dll+0x82c75e]
V  [jvm.dll+0x82ce03]
V  [jvm.dll+0x25ef4b]
V  [jvm.dll+0xd42d2]
V  [jvm.dll+0xd4665]
V  [jvm.dll+0x38578b]
V  [jvm.dll+0x1d8d32]
V  [jvm.dll+0x233b4f]
V  [jvm.dll+0x232f37]
V  [jvm.dll+0x1c0a35]
V  [jvm.dll+0x24212c]
V  [jvm.dll+0x240534]
V  [jvm.dll+0x7df6db]
V  [jvm.dll+0x7d9cba]
V  [jvm.dll+0x6848a5]
C  [ucrtbase.dll+0x21bb2]
C  [KERNEL32.DLL+0x17344]
C  [ntdll.dll+0x526b1]


---------------  P R O C E S S  ---------------

Threads class SMR info:
_java_thread_list=0x000001fa538ab380, length=13, elements={
0x000001fa3337b800, 0x000001fa3341a670, 0x000001fa3341b1e0, 0x000001fa3342f540,
0x000001fa3342fdf0, 0x000001fa334306a0, 0x000001fa33430f50, 0x000001fa33431b30,
0x000001fa4e950a90, 0x000001fa4e955750, 0x000001fa334058c0, 0x000001fa52c94b20,
0x000001fa52c99110
}

Java Threads: ( => current thread )
  0x000001fa3337b800 JavaThread "main" [_thread_in_vm, id=8520, stack(0x000000a2e9900000,0x000000a2e9a00000)]
  0x000001fa3341a670 JavaThread "Reference Handler" daemon [_thread_blocked, id=5836, stack(0x000000a2ea000000,0x000000a2ea100000)]
  0x000001fa3341b1e0 JavaThread "Finalizer" daemon [_thread_blocked, id=8644, stack(0x000000a2ea100000,0x000000a2ea200000)]
  0x000001fa3342f540 JavaThread "Signal Dispatcher" daemon [_thread_blocked, id=8212, stack(0x000000a2ea200000,0x000000a2ea300000)]
  0x000001fa3342fdf0 JavaThread "Attach Listener" daemon [_thread_blocked, id=2952, stack(0x000000a2ea300000,0x000000a2ea400000)]
  0x000001fa334306a0 JavaThread "Service Thread" daemon [_thread_blocked, id=11024, stack(0x000000a2ea400000,0x000000a2ea500000)]
  0x000001fa33430f50 JavaThread "Monitor Deflation Thread" daemon [_thread_blocked, id=7200, stack(0x000000a2ea500000,0x000000a2ea600000)]
=>0x000001fa33431b30 JavaThread "C2 CompilerThread0" daemon [_thread_in_native, id=6216, stack(0x000000a2ea600000,0x000000a2ea700000)]
  0x000001fa4e950a90 JavaThread "C1 CompilerThread0" daemon [_thread_blocked, id=5728, stack(0x000000a2ea700000,0x000000a2ea800000)]
  0x000001fa4e955750 JavaThread "Sweeper thread" daemon [_thread_blocked, id=2760, stack(0x000000a2ea800000,0x000000a2ea900000)]
  0x000001fa334058c0 JavaThread "Common-Cleaner" daemon [_thread_blocked, id=8760, stack(0x000000a2ea900000,0x000000a2eaa00000)]
  0x000001fa52c94b20 JavaThread "Monitor Ctrl-Break" daemon [_thread_in_native, id=9120, stack(0x000000a2eaa00000,0x000000a2eab00000)]
  0x000001fa52c99110 JavaThread "Notification Thread" daemon [_thread_blocked, id=12876, stack(0x000000a2eab00000,0x000000a2eac00000)]

Other Threads:
  0x000001fa33415fb0 VMThread "VM Thread" [stack: 0x000000a2e9f00000,0x000000a2ea000000] [id=9156]
  0x000001fa52d3baa0 WatcherThread "VM Periodic Task Thread" [stack: 0x000000a2eac00000,0x000000a2ead00000] [id=11768]
  0x000001fa333bc0b0 WorkerThread "GC Thread#0" [stack: 0x000000a2e9a00000,0x000000a2e9b00000] [id=6912]
  0x000001fa532ee430 WorkerThread "GC Thread#1" [stack: 0x000000a2ead00000,0x000000a2eae00000] [id=10872]
  0x000001fa53304bd0 WorkerThread "GC Thread#2" [stack: 0x000000a2eae00000,0x000000a2eaf00000] [id=11976]
  0x000001fa53304e70 WorkerThread "GC Thread#3" [stack: 0x000000a2eaf00000,0x000000a2eb000000] [id=9236]
  0x000001fa333c7090 ConcurrentGCThread "G1 Main Marker" [stack: 0x000000a2e9b00000,0x000000a2e9c00000] [id=13164]
  0x000001fa333c7990 WorkerThread "G1 Conc#0" [stack: 0x000000a2e9c00000,0x000000a2e9d00000] [id=11708]
  0x000001fa333eea50 ConcurrentGCThread "G1 Refine#0" [stack: 0x000000a2e9d00000,0x000000a2e9e00000] [id=10708]
  0x000001fa333ef270 ConcurrentGCThread "G1 Service" [stack: 0x000000a2e9e00000,0x000000a2e9f00000] [id=10432]

Threads with active compile tasks:
C2 CompilerThread0     6748 1367       4       java.util.jar.JarFile::getVersionedEntry (133 bytes)

VM state: not at safepoint (normal execution)

VM Mutex/Monitor currently owned by a thread: None

Heap address: 0x00000000c1400000, size: 1004 MB, Compressed Oops mode: 32-bit

CDS archive(s) mapped at: [0x0000000800000000-0x0000000800ba0000-0x0000000800ba0000), size 12189696, SharedBaseAddress: 0x0000000800000000, ArchiveRelocationMode: 0.
Compressed class space mapped at: 0x0000000800c00000-0x0000000840c00000, reserved size: 1073741824
Narrow klass base: 0x0000000800000000, Narrow klass shift: 0, Narrow klass range: 0x100000000

GC Precious Log:
 CardTable entry size: 512
 Card Set container configuration: InlinePtr #cards 5 size 8 Array Of Cards #cards 12 size 40 Howl #buckets 4 coarsen threshold 1843 Howl Bitmap #cards 512 size 80 coarsen threshold 460 Card regions per heap region 1 cards per card region 2048
 CPUs: 4 total, 4 available
 Memory: 4012M
 Large Page Support: Disabled
 NUMA Support: Disabled
 Compressed Oops: Enabled (32-bit)
 Heap Region Size: 1M
 Heap Min Capacity: 8M
 Heap Initial Capacity: 64M
 Heap Max Capacity: 1004M
 Pre-touch: Disabled
 Parallel Workers: 4
 Concurrent Workers: 1
 Concurrent Refinement Workers: 4
 Periodic GC: Disabled

Heap:
 garbage-first heap   total 65536K, used 13780K [0x00000000c1400000, 0x0000000100000000)
  region size 1024K, 8 young (8192K), 1 survivors (1024K)
 Metaspace       used 6970K, committed 7168K, reserved 1114112K
  class space    used 838K, committed 960K, reserved 1048576K

Heap Regions: E=young(eden), S=young(survivor), O=old, HS=humongous(starts), HC=humongous(continues), CS=collection set, F=free, OA=open archive, CA=closed archive, TAMS=top-at-mark-start (previous, next)
|   0|0x00000000c1400000, 0x00000000c1500000, 0x00000000c1500000|100%|HS|  |TAMS 0x00000000c1400000, 0x00000000c1400000| Complete 
|   1|0x00000000c1500000, 0x00000000c1600000, 0x00000000c1600000|100%| O|  |TAMS 0x00000000c1500000, 0x00000000c1500000| Untracked 
|   2|0x00000000c1600000, 0x00000000c1700000, 0x00000000c1700000|100%| O|  |TAMS 0x00000000c1600000, 0x00000000c1600000| Untracked 
|   3|0x00000000c1700000, 0x00000000c1800000, 0x00000000c1800000|100%| O|  |TAMS 0x00000000c1700000, 0x00000000c1700000| Untracked 
|   4|0x00000000c1800000, 0x00000000c1900000, 0x00000000c1900000|100%| O|  |TAMS 0x00000000c1800000, 0x00000000c1800000| Untracked 
|   5|0x00000000c1900000, 0x00000000c1a00000, 0x00000000c1a00000|100%| O|  |TAMS 0x00000000c1900000, 0x00000000c1900000| Untracked 
|   6|0x00000000c1a00000, 0x00000000c1adfa00, 0x00000000c1b00000| 87%| O|  |TAMS 0x00000000c1a00000, 0x00000000c1a00000| Untracked 
|   7|0x00000000c1b00000, 0x00000000c1b00000, 0x00000000c1c00000|  0%| F|  |TAMS 0x00000000c1b00000, 0x00000000c1b00000| Untracked 
|   8|0x00000000c1c00000, 0x00000000c1c00000, 0x00000000c1d00000|  0%| F|  |TAMS 0x00000000c1c00000, 0x00000000c1c00000| Untracked 
|   9|0x00000000c1d00000, 0x00000000c1d00000, 0x00000000c1e00000|  0%| F|  |TAMS 0x00000000c1d00000, 0x00000000c1d00000| Untracked 
|  10|0x00000000c1e00000, 0x00000000c1e00000, 0x00000000c1f00000|  0%| F|  |TAMS 0x00000000c1e00000, 0x00000000c1e00000| Untracked 
|  11|0x00000000c1f00000, 0x00000000c1f00000, 0x00000000c2000000|  0%| F|  |TAMS 0x00000000c1f00000, 0x00000000c1f00000| Untracked 
|  12|0x00000000c2000000, 0x00000000c2000000, 0x00000000c2100000|  0%| F|  |TAMS 0x00000000c2000000, 0x00000000c2000000| Untracked 
|  13|0x00000000c2100000, 0x00000000c2100000, 0x00000000c2200000|  0%| F|  |TAMS 0x00000000c2100000, 0x00000000c2100000| Untracked 
|  14|0x00000000c2200000, 0x00000000c2200000, 0x00000000c2300000|  0%| F|  |TAMS 0x00000000c2200000, 0x00000000c2200000| Untracked 
|  15|0x00000000c2300000, 0x00000000c2300000, 0x00000000c2400000|  0%| F|  |TAMS 0x00000000c2300000, 0x00000000c2300000| Untracked 
|  16|0x00000000c2400000, 0x00000000c2400000, 0x00000000c2500000|  0%| F|  |TAMS 0x00000000c2400000, 0x00000000c2400000| Untracked 
|  17|0x00000000c2500000, 0x00000000c2500000, 0x00000000c2600000|  0%| F|  |TAMS 0x00000000c2500000, 0x00000000c2500000| Untracked 
|  18|0x00000000c2600000, 0x00000000c2600000, 0x00000000c2700000|  0%| F|  |TAMS 0x00000000c2600000, 0x00000000c2600000| Untracked 
|  19|0x00000000c2700000, 0x00000000c2700000, 0x00000000c2800000|  0%| F|  |TAMS 0x00000000c2700000, 0x00000000c2700000| Untracked 
|  20|0x00000000c2800000, 0x00000000c2800000, 0x00000000c2900000|  0%| F|  |TAMS 0x00000000c2800000, 0x00000000c2800000| Untracked 
|  21|0x00000000c2900000, 0x00000000c2900000, 0x00000000c2a00000|  0%| F|  |TAMS 0x00000000c2900000, 0x00000000c2900000| Untracked 
|  22|0x00000000c2a00000, 0x00000000c2a00000, 0x00000000c2b00000|  0%| F|  |TAMS 0x00000000c2a00000, 0x00000000c2a00000| Untracked 
|  23|0x00000000c2b00000, 0x00000000c2b00000, 0x00000000c2c00000|  0%| F|  |TAMS 0x00000000c2b00000, 0x00000000c2b00000| Untracked 
|  24|0x00000000c2c00000, 0x00000000c2c00000, 0x00000000c2d00000|  0%| F|  |TAMS 0x00000000c2c00000, 0x00000000c2c00000| Untracked 
|  25|0x00000000c2d00000, 0x00000000c2d00000, 0x00000000c2e00000|  0%| F|  |TAMS 0x00000000c2d00000, 0x00000000c2d00000| Untracked 
|  26|0x00000000c2e00000, 0x00000000c2e00000, 0x00000000c2f00000|  0%| F|  |TAMS 0x00000000c2e00000, 0x00000000c2e00000| Untracked 
|  27|0x00000000c2f00000, 0x00000000c2f00000, 0x00000000c3000000|  0%| F|  |TAMS 0x00000000c2f00000, 0x00000000c2f00000| Untracked 
|  28|0x00000000c3000000, 0x00000000c3000000, 0x00000000c3100000|  0%| F|  |TAMS 0x00000000c3000000, 0x00000000c3000000| Untracked 
|  29|0x00000000c3100000, 0x00000000c3100000, 0x00000000c3200000|  0%| F|  |TAMS 0x00000000c3100000, 0x00000000c3100000| Untracked 
|  30|0x00000000c3200000, 0x00000000c3200000, 0x00000000c3300000|  0%| F|  |TAMS 0x00000000c3200000, 0x00000000c3200000| Untracked 
|  31|0x00000000c3300000, 0x00000000c3300000, 0x00000000c3400000|  0%| F|  |TAMS 0x00000000c3300000, 0x00000000c3300000| Untracked 
|  32|0x00000000c3400000, 0x00000000c3400000, 0x00000000c3500000|  0%| F|  |TAMS 0x00000000c3400000, 0x00000000c3400000| Untracked 
|  33|0x00000000c3500000, 0x00000000c3500000, 0x00000000c3600000|  0%| F|  |TAMS 0x00000000c3500000, 0x00000000c3500000| Untracked 
|  34|0x00000000c3600000, 0x00000000c3600000, 0x00000000c3700000|  0%| F|  |TAMS 0x00000000c3600000, 0x00000000c3600000| Untracked 
|  35|0x00000000c3700000, 0x00000000c3700000, 0x00000000c3800000|  0%| F|  |TAMS 0x00000000c3700000, 0x00000000c3700000| Untracked 
|  36|0x00000000c3800000, 0x00000000c3800000, 0x00000000c3900000|  0%| F|  |TAMS 0x00000000c3800000, 0x00000000c3800000| Untracked 
|  37|0x00000000c3900000, 0x00000000c3900000, 0x00000000c3a00000|  0%| F|  |TAMS 0x00000000c3900000, 0x00000000c3900000| Untracked 
|  38|0x00000000c3a00000, 0x00000000c3a00000, 0x00000000c3b00000|  0%| F|  |TAMS 0x00000000c3a00000, 0x00000000c3a00000| Untracked 
|  39|0x00000000c3b00000, 0x00000000c3b00000, 0x00000000c3c00000|  0%| F|  |TAMS 0x00000000c3b00000, 0x00000000c3b00000| Untracked 
|  40|0x00000000c3c00000, 0x00000000c3c00000, 0x00000000c3d00000|  0%| F|  |TAMS 0x00000000c3c00000, 0x00000000c3c00000| Untracked 
|  41|0x00000000c3d00000, 0x00000000c3d00000, 0x00000000c3e00000|  0%| F|  |TAMS 0x00000000c3d00000, 0x00000000c3d00000| Untracked 
|  42|0x00000000c3e00000, 0x00000000c3e00000, 0x00000000c3f00000|  0%| F|  |TAMS 0x00000000c3e00000, 0x00000000c3e00000| Untracked 
|  43|0x00000000c3f00000, 0x00000000c3f00000, 0x00000000c4000000|  0%| F|  |TAMS 0x00000000c3f00000, 0x00000000c3f00000| Untracked 
|  44|0x00000000c4000000, 0x00000000c4000000, 0x00000000c4100000|  0%| F|  |TAMS 0x00000000c4000000, 0x00000000c4000000| Untracked 
|  45|0x00000000c4100000, 0x00000000c4100000, 0x00000000c4200000|  0%| F|  |TAMS 0x00000000c4100000, 0x00000000c4100000| Untracked 
|  46|0x00000000c4200000, 0x00000000c4200000, 0x00000000c4300000|  0%| F|  |TAMS 0x00000000c4200000, 0x00000000c4200000| Untracked 
|  47|0x00000000c4300000, 0x00000000c4300000, 0x00000000c4400000|  0%| F|  |TAMS 0x00000000c4300000, 0x00000000c4300000| Untracked 
|  48|0x00000000c4400000, 0x00000000c4400000, 0x00000000c4500000|  0%| F|  |TAMS 0x00000000c4400000, 0x00000000c4400000| Untracked 
|  49|0x00000000c4500000, 0x00000000c4500000, 0x00000000c4600000|  0%| F|  |TAMS 0x00000000c4500000, 0x00000000c4500000| Untracked 
|  50|0x00000000c4600000, 0x00000000c4600000, 0x00000000c4700000|  0%| F|  |TAMS 0x00000000c4600000, 0x00000000c4600000| Untracked 
|  51|0x00000000c4700000, 0x00000000c4700000, 0x00000000c4800000|  0%| F|  |TAMS 0x00000000c4700000, 0x00000000c4700000| Untracked 
|  52|0x00000000c4800000, 0x00000000c4800000, 0x00000000c4900000|  0%| F|  |TAMS 0x00000000c4800000, 0x00000000c4800000| Untracked 
|  53|0x00000000c4900000, 0x00000000c4900000, 0x00000000c4a00000|  0%| F|  |TAMS 0x00000000c4900000, 0x00000000c4900000| Untracked 
|  54|0x00000000c4a00000, 0x00000000c4a95910, 0x00000000c4b00000| 58%| S|CS|TAMS 0x00000000c4a00000, 0x00000000c4a00000| Complete 
|  55|0x00000000c4b00000, 0x00000000c4b00000, 0x00000000c4c00000|  0%| F|  |TAMS 0x00000000c4b00000, 0x00000000c4b00000| Untracked 
|  56|0x00000000c4c00000, 0x00000000c4c00000, 0x00000000c4d00000|  0%| F|  |TAMS 0x00000000c4c00000, 0x00000000c4c00000| Untracked 
|  57|0x00000000c4d00000, 0x00000000c4df8f80, 0x00000000c4e00000| 97%| E|  |TAMS 0x00000000c4d00000, 0x00000000c4d00000| Complete 
|  58|0x00000000c4e00000, 0x00000000c4f00000, 0x00000000c4f00000|100%| E|CS|TAMS 0x00000000c4e00000, 0x00000000c4e00000| Complete 
|  59|0x00000000c4f00000, 0x00000000c5000000, 0x00000000c5000000|100%| E|CS|TAMS 0x00000000c4f00000, 0x00000000c4f00000| Complete 
|  60|0x00000000c5000000, 0x00000000c5100000, 0x00000000c5100000|100%| E|CS|TAMS 0x00000000c5000000, 0x00000000c5000000| Complete 
|  61|0x00000000c5100000, 0x00000000c5200000, 0x00000000c5200000|100%| E|CS|TAMS 0x00000000c5100000, 0x00000000c5100000| Complete 
|  62|0x00000000c5200000, 0x00000000c5300000, 0x00000000c5300000|100%| E|CS|TAMS 0x00000000c5200000, 0x00000000c5200000| Complete 
|  63|0x00000000c5300000, 0x00000000c5400000, 0x00000000c5400000|100%| E|CS|TAMS 0x00000000c5300000, 0x00000000c5300000| Complete 

Card table byte_map: [0x000001fa4a140000,0x000001fa4a340000] _byte_map_base: 0x000001fa49b36000

Marking Bits (Prev, Next): (CMBitMap*) 0x000001fa333be9e0, (CMBitMap*) 0x000001fa333bea20
 Prev Bits: [0x000001fa4a540000, 0x000001fa4b4f0000)
 Next Bits: [0x000001fa4b4f0000, 0x000001fa4c4a0000)

Polling page: 0x000001fa311f0000

Metaspace:

Usage:
  Non-class:      6.00 MB used.
      Class:    842.70 KB used.
       Both:      6.82 MB used.

Virtual space:
  Non-class space:       64.00 MB reserved,       6.13 MB ( 10%) committed,  1 nodes.
      Class space:        1.00 GB reserved,     960.00 KB ( <1%) committed,  1 nodes.
             Both:        1.06 GB reserved,       7.06 MB ( <1%) committed. 

Chunk freelists:
   Non-Class:  1.02 MB
       Class:  3.04 MB
        Both:  4.05 MB

MaxMetaspaceSize: unlimited
CompressedClassSpaceSize: 1.00 GB
Initial GC threshold: 21.00 MB
Current GC threshold: 21.00 MB
CDS: on
MetaspaceReclaimPolicy: balanced
 - commit_granule_bytes: 65536.
 - commit_granule_words: 8192.
 - virtual_space_node_default_size: 8388608.
 - enlarge_chunks_in_place: 1.
 - new_chunks_are_fully_committed: 0.
 - uncommit_free_chunks: 1.
 - use_allocation_guard: 0.


Internal statistics:

num_allocs_failed_limit: 0.
num_arena_births: 158.
num_arena_deaths: 0.
num_vsnodes_births: 2.
num_vsnodes_deaths: 0.
num_space_committed: 113.
num_space_uncommitted: 0.
num_chunks_returned_to_freelist: 0.
num_chunks_taken_from_freelist: 381.
num_chunk_merges: 0.
num_chunk_splits: 220.
num_chunks_enlarged: 148.
num_inconsistent_stats: 0.

CodeHeap 'non-profiled nmethods': size=120000Kb used=470Kb max_used=470Kb free=119529Kb
 bounds [0x000001fa42a10000, 0x000001fa42c80000, 0x000001fa49f40000]
CodeHeap 'profiled nmethods': size=120000Kb used=2736Kb max_used=2736Kb free=117264Kb
 bounds [0x000001fa3b4e0000, 0x000001fa3b790000, 0x000001fa42a10000]
CodeHeap 'non-nmethods': size=5760Kb used=1161Kb max_used=1178Kb free=4598Kb
 bounds [0x000001fa3af40000, 0x000001fa3b1b0000, 0x000001fa3b4e0000]
 total_blobs=1854 nmethods=1411 adapters=356
 compilation: enabled
              stopped_count=0, restarted_count=0
 full_count=0

Compilation events (20 events):
Event: 6.617 Thread 0x000001fa4e950a90 1368       3       java.lang.invoke.BoundMethodHandle$Species_L::<init> (12 bytes)
Event: 6.617 Thread 0x000001fa4e950a90 nmethod 1368 0x000001fa3b775c10 code [0x000001fa3b775dc0, 0x000001fa3b775fe8]
Event: 6.617 Thread 0x000001fa4e950a90 1369       3       java.lang.invoke.InvokerBytecodeGenerator::emitStoreResult (27 bytes)
Event: 6.618 Thread 0x000001fa4e950a90 nmethod 1369 0x000001fa3b776110 code [0x000001fa3b7762c0, 0x000001fa3b7764a8]
Event: 6.618 Thread 0x000001fa4e950a90 1370       3       java.lang.invoke.LambdaForm$NamedFunction::intrinsicName (21 bytes)
Event: 6.618 Thread 0x000001fa4e950a90 nmethod 1370 0x000001fa3b776590 code [0x000001fa3b776740, 0x000001fa3b776988]
Event: 6.618 Thread 0x000001fa4e950a90 1371       3       java.lang.invoke.LambdaForm$NamedFunction::member (26 bytes)
Event: 6.618 Thread 0x000001fa4e950a90 nmethod 1371 0x000001fa3b776a90 code [0x000001fa3b776c20, 0x000001fa3b776d38]
Event: 6.618 Thread 0x000001fa4e950a90 1372       3       java.lang.invoke.InvokerBytecodeGenerator::isStaticallyInvocable (165 bytes)
Event: 6.621 Thread 0x000001fa4e950a90 nmethod 1372 0x000001fa3b776e10 code [0x000001fa3b7771c0, 0x000001fa3b7786e8]
Event: 6.621 Thread 0x000001fa4e950a90 1374       3       java.lang.invoke.LambdaFormEditor$TransformKey::bval (26 bytes)
Event: 6.621 Thread 0x000001fa4e950a90 nmethod 1374 0x000001fa3b778c10 code [0x000001fa3b778da0, 0x000001fa3b778e98]
Event: 6.621 Thread 0x000001fa4e950a90 1373       3       java.lang.invoke.MemberName::isPrivate (8 bytes)
Event: 6.621 Thread 0x000001fa4e950a90 nmethod 1373 0x000001fa3b778f10 code [0x000001fa3b7790a0, 0x000001fa3b779278]
Event: 6.621 Thread 0x000001fa4e950a90 1375       3       java.lang.invoke.LambdaForm::useCount (61 bytes)
Event: 6.622 Thread 0x000001fa4e950a90 nmethod 1375 0x000001fa3b779310 code [0x000001fa3b7794e0, 0x000001fa3b779848]
Event: 6.622 Thread 0x000001fa4e950a90 1376       3       java.lang.invoke.InvokerBytecodeGenerator::storeInsnOpcode (98 bytes)
Event: 6.623 Thread 0x000001fa4e950a90 nmethod 1376 0x000001fa3b779a10 code [0x000001fa3b779c80, 0x000001fa3b77a678]
Event: 6.631 Thread 0x000001fa4e950a90 1377       3       java.lang.Short::<init> (10 bytes)
Event: 6.632 Thread 0x000001fa4e950a90 nmethod 1377 0x000001fa3b77a990 code [0x000001fa3b77ab40, 0x000001fa3b77ad18]

GC Heap History (4 events):
Event: 5.441 GC heap before
{Heap before GC invocations=0 (full 0):
 garbage-first heap   total 65536K, used 13312K [0x00000000c1400000, 0x0000000100000000)
  region size 1024K, 13 young (13312K), 0 survivors (0K)
 Metaspace       used 2796K, committed 2944K, reserved 1114112K
  class space    used 266K, committed 320K, reserved 1048576K
}
Event: 5.497 GC heap after
{Heap after GC invocations=1 (full 0):
 garbage-first heap   total 65536K, used 6791K [0x00000000c1400000, 0x0000000100000000)
  region size 1024K, 2 young (2048K), 2 survivors (2048K)
 Metaspace       used 2796K, committed 2944K, reserved 1114112K
  class space    used 266K, committed 320K, reserved 1048576K
}
Event: 6.141 GC heap before
{Heap before GC invocations=1 (full 0):
 garbage-first heap   total 65536K, used 14983K [0x00000000c1400000, 0x0000000100000000)
  region size 1024K, 11 young (11264K), 2 survivors (2048K)
 Metaspace       used 4867K, committed 5056K, reserved 1114112K
  class space    used 581K, committed 704K, reserved 1048576K
}
Event: 6.149 GC heap after
{Heap after GC invocations=2 (full 0):
 garbage-first heap   total 65536K, used 7636K [0x00000000c1400000, 0x0000000100000000)
  region size 1024K, 1 young (1024K), 1 survivors (1024K)
 Metaspace       used 4867K, committed 5056K, reserved 1114112K
  class space    used 581K, committed 704K, reserved 1048576K
}

Deoptimization events (20 events):
Event: 6.320 Thread 0x000001fa3337b800 Uncommon trap: trap_request=0xffffff45 fr.pc=0x000001fa42a66918 relative=0x0000000000000a98
Event: 6.320 Thread 0x000001fa3337b800 Uncommon trap: reason=unstable_if action=reinterpret pc=0x000001fa42a66918 method=jdk.internal.org.objectweb.asm.SymbolTable.put(Ljdk/internal/org/objectweb/asm/SymbolTable$Entry;)Ljdk/internal/org/objectweb/asm/SymbolTable$Entry; @ 13 c2
Event: 6.320 Thread 0x000001fa3337b800 DEOPT PACKING pc=0x000001fa42a66918 sp=0x000000a2e99fc720
Event: 6.320 Thread 0x000001fa3337b800 DEOPT UNPACKING pc=0x000001fa3af923a3 sp=0x000000a2e99fc658 mode 2
Event: 6.383 Thread 0x000001fa3337b800 Uncommon trap: trap_request=0xffffff45 fr.pc=0x000001fa42a6cb34 relative=0x0000000000000094
Event: 6.383 Thread 0x000001fa3337b800 Uncommon trap: reason=unstable_if action=reinterpret pc=0x000001fa42a6cb34 method=sun.net.www.ParseUtil.firstEncodeIndex(Ljava/lang/String;)I @ 51 c2
Event: 6.383 Thread 0x000001fa3337b800 DEOPT PACKING pc=0x000001fa42a6cb34 sp=0x000000a2e99fb7b0
Event: 6.383 Thread 0x000001fa3337b800 DEOPT UNPACKING pc=0x000001fa3af923a3 sp=0x000000a2e99fb738 mode 2
Event: 6.390 Thread 0x000001fa3337b800 Uncommon trap: trap_request=0xffffffde fr.pc=0x000001fa42a69e60 relative=0x00000000000002a0
Event: 6.390 Thread 0x000001fa3337b800 Uncommon trap: reason=class_check action=maybe_recompile pc=0x000001fa42a69e60 method=java.util.HashMap.getNode(Ljava/lang/Object;)Ljava/util/HashMap$Node; @ 128 c2
Event: 6.390 Thread 0x000001fa3337b800 DEOPT PACKING pc=0x000001fa42a69e60 sp=0x000000a2e99fc410
Event: 6.390 Thread 0x000001fa3337b800 DEOPT UNPACKING pc=0x000001fa3af923a3 sp=0x000000a2e99fc378 mode 2
Event: 6.538 Thread 0x000001fa3337b800 DEOPT PACKING pc=0x000001fa3b748a81 sp=0x000000a2e99f8320
Event: 6.538 Thread 0x000001fa3337b800 DEOPT UNPACKING pc=0x000001fa3af92b43 sp=0x000000a2e99f7828 mode 0
Event: 6.566 Thread 0x000001fa3337b800 Uncommon trap: trap_request=0xffffff45 fr.pc=0x000001fa42a3f804 relative=0x00000000000000e4
Event: 6.566 Thread 0x000001fa3337b800 Uncommon trap: reason=unstable_if action=reinterpret pc=0x000001fa42a3f804 method=java.util.HashMap.hash(Ljava/lang/Object;)I @ 1 c2
Event: 6.566 Thread 0x000001fa3337b800 DEOPT PACKING pc=0x000001fa42a3f804 sp=0x000000a2e99fbc40
Event: 6.566 Thread 0x000001fa3337b800 DEOPT UNPACKING pc=0x000001fa3af923a3 sp=0x000000a2e99fbb80 mode 2
Event: 6.612 Thread 0x000001fa3337b800 DEOPT PACKING pc=0x000001fa3b748a81 sp=0x000000a2e99fbea0
Event: 6.612 Thread 0x000001fa3337b800 DEOPT UNPACKING pc=0x000001fa3af92b43 sp=0x000000a2e99fb3a8 mode 0

Classes loaded (20 events):
Event: 6.516 Loading class java/security/PermissionsEnumerator
Event: 6.516 Loading class java/security/PermissionsEnumerator done
Event: 6.516 Loading class java/security/AccessControlException
Event: 6.516 Loading class java/security/AccessControlException done
Event: 6.569 Loading class java/util/concurrent/atomic/AtomicReference
Event: 6.569 Loading class java/util/concurrent/atomic/AtomicReference done
Event: 6.590 Loading class java/lang/IllegalAccessError
Event: 6.590 Loading class java/lang/IllegalAccessError done
Event: 6.591 Loading class java/util/IdentityHashMap$EntrySet
Event: 6.591 Loading class java/util/IdentityHashMap$EntrySet done
Event: 6.591 Loading class java/util/IdentityHashMap$EntryIterator
Event: 6.591 Loading class java/util/IdentityHashMap$EntryIterator done
Event: 6.591 Loading class java/util/IdentityHashMap$EntryIterator$Entry
Event: 6.591 Loading class java/util/IdentityHashMap$EntryIterator$Entry done
Event: 6.592 Loading class java/util/IdentityHashMap$ValueIterator
Event: 6.592 Loading class java/util/IdentityHashMap$ValueIterator done
Event: 6.631 Loading class java/lang/Byte$ByteCache
Event: 6.631 Loading class java/lang/Byte$ByteCache done
Event: 6.631 Loading class java/lang/Short$ShortCache
Event: 6.631 Loading class java/lang/Short$ShortCache done

Classes unloaded (0 events):
No events

Classes redefined (0 events):
No events

Internal exceptions (20 events):
Event: 5.829 Thread 0x000001fa3337b800 Exception <a 'java/lang/NoSuchMethodError'{0x00000000c4fd9538}: 'java.lang.Object java.lang.invoke.DirectMethodHandle$Holder.invokeInterface(java.lang.Object, java.lang.Object, java.lang.Object)'> (0x00000000c4fd9538) 
thrown [s\src\hotspot\share\interpreter\linkResolver.cpp, line 759]
Event: 5.835 Thread 0x000001fa3337b800 Exception <a 'java/lang/NoSuchMethodError'{0x00000000c4fecf80}: 'void java.lang.invoke.DirectMethodHandle$Holder.invokeSpecial(java.lang.Object, java.lang.Object, java.lang.Object)'> (0x00000000c4fecf80) 
thrown [s\src\hotspot\share\interpreter\linkResolver.cpp, line 759]
Event: 5.852 Thread 0x000001fa3337b800 Exception <a 'java/lang/NoSuchMethodError'{0x00000000c4e3e820}: 'void java.lang.invoke.DirectMethodHandle$Holder.invokeInterface(java.lang.Object, java.lang.Object, java.lang.Object, java.lang.Object, java.lang.Object)'> (0x00000000c4e3e820) 
thrown [s\src\hotspot\share\interpreter\linkResolver.cpp, line 759]
Event: 5.853 Thread 0x000001fa3337b800 Exception <a 'java/lang/IncompatibleClassChangeError'{0x00000000c4e42790}: Found class java.lang.Object, but interface was expected> (0x00000000c4e42790) 
thrown [s\src\hotspot\share\interpreter\linkResolver.cpp, line 826]
Event: 5.869 Thread 0x000001fa3337b800 Exception <a 'java/lang/NoSuchMethodError'{0x00000000c4e7b9e8}: 'void java.lang.invoke.DirectMethodHandle$Holder.invokeInterface(java.lang.Object, java.lang.Object, java.lang.Object)'> (0x00000000c4e7b9e8) 
thrown [s\src\hotspot\share\interpreter\linkResolver.cpp, line 759]
Event: 5.879 Thread 0x000001fa3337b800 Exception <a 'java/lang/IncompatibleClassChangeError'{0x00000000c4e7f050}: Found class java.lang.Object, but interface was expected> (0x00000000c4e7f050) 
thrown [s\src\hotspot\share\interpreter\linkResolver.cpp, line 826]
Event: 5.902 Thread 0x000001fa3337b800 Exception <a 'java/lang/NoSuchMethodError'{0x00000000c4e9e158}: 'java.lang.Object java.lang.invoke.DirectMethodHandle$Holder.invokeStatic(java.lang.Object, java.lang.Object, int)'> (0x00000000c4e9e158) 
thrown [s\src\hotspot\share\interpreter\linkResolver.cpp, line 759]
Event: 5.924 Thread 0x000001fa3337b800 Exception <a 'java/lang/NoSuchMethodError'{0x00000000c4ef5758}: 'void java.lang.invoke.DirectMethodHandle$Holder.invokeSpecial(java.lang.Object, java.lang.Object, java.lang.Object, java.lang.Object, java.lang.Object)'> (0x00000000c4ef5758) 
thrown [s\src\hotspot\share\interpreter\linkResolver.cpp, line 759]
Event: 5.950 Thread 0x000001fa3337b800 Exception <a 'java/lang/NoSuchMethodError'{0x00000000c4d53c78}: 'void java.lang.invoke.DirectMethodHandle$Holder.invokeInterface(java.lang.Object, java.lang.Object, java.lang.Object, java.lang.Object)'> (0x00000000c4d53c78) 
thrown [s\src\hotspot\share\interpreter\linkResolver.cpp, line 759]
Event: 5.951 Thread 0x000001fa3337b800 Exception <a 'java/lang/IncompatibleClassChangeError'{0x00000000c4d573c0}: Found class java.lang.Object, but interface was expected> (0x00000000c4d573c0) 
thrown [s\src\hotspot\share\interpreter\linkResolver.cpp, line 826]
Event: 5.980 Thread 0x000001fa3337b800 Exception <a 'java/lang/NoSuchMethodError'{0x00000000c4d7dbc8}: 'void java.lang.invoke.DirectMethodHandle$Holder.invokeStatic(java.lang.Object, java.lang.Object, java.lang.Object, java.lang.Object)'> (0x00000000c4d7dbc8) 
thrown [s\src\hotspot\share\interpreter\linkResolver.cpp, line 759]
Event: 6.027 Thread 0x000001fa3337b800 Exception <a 'java/lang/NoSuchMethodError'{0x00000000c4c034c0}: 'java.lang.Object java.lang.invoke.DirectMethodHandle$Holder.invokeStaticInit(java.lang.Object)'> (0x00000000c4c034c0) 
thrown [s\src\hotspot\share\interpreter\linkResolver.cpp, line 759]
Event: 6.040 Thread 0x000001fa3337b800 Exception <a 'java/lang/NoSuchMethodError'{0x00000000c4c3ecd0}: 'int java.lang.invoke.DirectMethodHandle$Holder.invokeStatic(java.lang.Object, java.lang.Object, java.lang.Object, java.lang.Object, java.lang.Object)'> (0x00000000c4c3ecd0) 
thrown [s\src\hotspot\share\interpreter\linkResolver.cpp, line 759]
Event: 6.058 Thread 0x000001fa3337b800 Exception <a 'java/lang/NoSuchMethodError'{0x00000000c4c8da88}: 'void java.lang.invoke.DirectMethodHandle$Holder.invokeStaticInit(java.lang.Object)'> (0x00000000c4c8da88) 
thrown [s\src\hotspot\share\interpreter\linkResolver.cpp, line 759]
Event: 6.110 Thread 0x000001fa3337b800 Exception <a 'java/lang/NoSuchMethodError'{0x00000000c4b94670}: 'int java.lang.invoke.DirectMethodHandle$Holder.invokeStaticInit(java.lang.Object, java.lang.Object)'> (0x00000000c4b94670) 
thrown [s\src\hotspot\share\interpreter\linkResolver.cpp, line 759]
Event: 6.475 Thread 0x000001fa3337b800 Exception <a 'java/lang/NoSuchMethodError'{0x00000000c50de558}: 'java.lang.Object java.lang.invoke.DirectMethodHandle$Holder.invokeSpecial(java.lang.Object, java.lang.Object, java.lang.Object, long, java.lang.Object)'> (0x00000000c50de558) 
thrown [s\src\hotspot\share\interpreter\linkResolver.cpp, line 759]
Event: 6.476 Thread 0x000001fa3337b800 Exception <a 'java/lang/NoSuchMethodError'{0x00000000c50e23d0}: 'java.lang.Object java.lang.invoke.Invokers$Holder.linkToTargetMethod(java.lang.Object, long, java.lang.Object, java.lang.Object)'> (0x00000000c50e23d0) 
thrown [s\src\hotspot\share\interpreter\linkResolver.cpp, line 759]
Event: 6.505 Thread 0x000001fa3337b800 Exception <a 'java/lang/ClassNotFoundException'{0x00000000c4f10048}: javax/smartcardio/CardPermission> (0x00000000c4f10048) 
thrown [s\src\hotspot\share\classfile\systemDictionary.cpp, line 255]
Event: 6.512 Thread 0x000001fa3337b800 Exception <a 'java/io/FileNotFoundException'{0x00000000c4f1e838}> (0x00000000c4f1e838) 
thrown [s\src\hotspot\share\prims\jni.cpp, line 516]
Event: 6.566 Thread 0x000001fa3337b800 Implicit null exception at 0x000001fa42a3f760 to 0x000001fa42a3f7fa

VM Operations (20 events):
Event: 1.438 Executing VM operation: HandshakeAllThreads
Event: 1.438 Executing VM operation: HandshakeAllThreads done
Event: 1.465 Executing VM operation: HandshakeAllThreads
Event: 1.465 Executing VM operation: HandshakeAllThreads done
Event: 1.640 Executing VM operation: HandshakeAllThreads
Event: 1.640 Executing VM operation: HandshakeAllThreads done
Event: 1.756 Executing VM operation: HandshakeAllThreads
Event: 1.756 Executing VM operation: HandshakeAllThreads done
Event: 2.757 Executing VM operation: Cleanup
Event: 2.757 Executing VM operation: Cleanup done
Event: 5.441 Executing VM operation: G1CollectForAllocation
Event: 5.499 Executing VM operation: G1CollectForAllocation done
Event: 5.936 Executing VM operation: HandshakeAllThreads
Event: 5.936 Executing VM operation: HandshakeAllThreads done
Event: 6.141 Executing VM operation: G1CollectForAllocation
Event: 6.149 Executing VM operation: G1CollectForAllocation done
Event: 6.383 Executing VM operation: HandshakeAllThreads
Event: 6.383 Executing VM operation: HandshakeAllThreads done
Event: 6.517 Executing VM operation: HandshakeAllThreads
Event: 6.517 Executing VM operation: HandshakeAllThreads done

Events (20 events):
Event: 0.170 Thread 0x000001fa3342f540 Thread added: 0x000001fa3342f540
Event: 0.170 Thread 0x000001fa3342fdf0 Thread added: 0x000001fa3342fdf0
Event: 0.170 Thread 0x000001fa334306a0 Thread added: 0x000001fa334306a0
Event: 0.171 Thread 0x000001fa33430f50 Thread added: 0x000001fa33430f50
Event: 0.171 Thread 0x000001fa33431b30 Thread added: 0x000001fa33431b30
Event: 0.210 Thread 0x000001fa4e950a90 Thread added: 0x000001fa4e950a90
Event: 0.215 Thread 0x000001fa4e955750 Thread added: 0x000001fa4e955750
Event: 0.955 Thread 0x000001fa334058c0 Thread added: 0x000001fa334058c0
Event: 1.034 Loaded shared library C:\Users\ERIN_JAVALead\.jdks\corretto-18.0.2\bin\zip.dll
Event: 1.040 Loaded shared library C:\Users\ERIN_JAVALead\.jdks\corretto-18.0.2\bin\instrument.dll
Event: 1.050 Loaded shared library C:\Users\ERIN_JAVALead\.jdks\corretto-18.0.2\bin\net.dll
Event: 1.054 Loaded shared library C:\Users\ERIN_JAVALead\.jdks\corretto-18.0.2\bin\nio.dll
Event: 1.061 Loaded shared library C:\Users\ERIN_JAVALead\.jdks\corretto-18.0.2\bin\zip.dll
Event: 1.158 Loaded shared library C:\Program Files\JetBrains\IntelliJ IDEA Community Edition 2021.3.3\bin\breakgen64.dll
Event: 1.159 Thread 0x000001fa52c94b20 Thread added: 0x000001fa52c94b20
Event: 1.159 Thread 0x000001fa52c99110 Thread added: 0x000001fa52c99110
Event: 1.222 Thread 0x000001fa52c9aa70 Thread added: 0x000001fa52c9aa70
Event: 1.562 Loaded shared library C:\Users\ERIN_JAVALead\.jdks\corretto-18.0.2\bin\jimage.dll
Event: 2.012 Thread 0x000001fa52c9aa70 Thread exited: 0x000001fa52c9aa70
Event: 6.523 Thread 0x000001fa535ffcd0 Thread added: 0x000001fa535ffcd0


Dynamic libraries:
0x00007ff73d540000 - 0x00007ff73d54d000 	C:\Users\ERIN_JAVALead\.jdks\corretto-18.0.2\bin\java.exe
0x00007ffafef70000 - 0x00007ffaff167000 	C:\WINDOWS\SYSTEM32\ntdll.dll
0x00007ffafd140000 - 0x00007ffafd1fd000 	C:\WINDOWS\System32\KERNEL32.DLL
0x00007ffafc720000 - 0x00007ffafca16000 	C:\WINDOWS\System32\KERNELBASE.dll
0x00007ffafc620000 - 0x00007ffafc720000 	C:\WINDOWS\System32\ucrtbase.dll
0x00007ffaea500000 - 0x00007ffaea517000 	C:\Users\ERIN_JAVALead\.jdks\corretto-18.0.2\bin\jli.dll
0x00007ffaea5a0000 - 0x00007ffaea5b5000 	C:\Users\ERIN_JAVALead\.jdks\corretto-18.0.2\bin\VCRUNTIME140.dll
0x00007ffafcfa0000 - 0x00007ffafd13e000 	C:\WINDOWS\System32\USER32.dll
0x00007ffafca20000 - 0x00007ffafca42000 	C:\WINDOWS\System32\win32u.dll
0x00007ffafd5b0000 - 0x00007ffafd5dc000 	C:\WINDOWS\System32\GDI32.dll
0x00007ffafcb50000 - 0x00007ffafcc6a000 	C:\WINDOWS\System32\gdi32full.dll
0x00007ffafcc70000 - 0x00007ffafcd0d000 	C:\WINDOWS\System32\msvcp_win.dll
0x00007ffafba90000 - 0x00007ffafbd2a000 	C:\WINDOWS\WinSxS\amd64_microsoft.windows.common-controls_6595b64144ccf1df_6.0.19041.3570_none_60bb2a3971f3e41a\COMCTL32.dll
0x00007ffafdc90000 - 0x00007ffafdd2e000 	C:\WINDOWS\System32\msvcrt.dll
0x00007ffafdc60000 - 0x00007ffafdc90000 	C:\WINDOWS\System32\IMM32.DLL
0x00007ffae1e90000 - 0x00007ffae1f2b000 	C:\Users\ERIN_JAVALead\.jdks\corretto-18.0.2\bin\msvcp140.dll
0x00007ffab73c0000 - 0x00007ffab8031000 	C:\Users\ERIN_JAVALead\.jdks\corretto-18.0.2\bin\server\jvm.dll
0x00007ffafe9f0000 - 0x00007ffafea9e000 	C:\WINDOWS\System32\ADVAPI32.dll
0x00007ffafeaa0000 - 0x00007ffafeb3c000 	C:\WINDOWS\System32\sechost.dll
0x00007ffafda10000 - 0x00007ffafdb36000 	C:\WINDOWS\System32\RPCRT4.dll
0x00007ffafeef0000 - 0x00007ffafeef8000 	C:\WINDOWS\System32\PSAPI.DLL
0x00007ffaf7b90000 - 0x00007ffaf7b99000 	C:\WINDOWS\SYSTEM32\WSOCK32.dll
0x00007ffafdbf0000 - 0x00007ffafdc5b000 	C:\WINDOWS\System32\WS2_32.dll
0x00007ffadc1a0000 - 0x00007ffadc1c7000 	C:\WINDOWS\SYSTEM32\WINMM.dll
0x00007ffaf78e0000 - 0x00007ffaf78ea000 	C:\WINDOWS\SYSTEM32\VERSION.dll
0x00007ffaf9e50000 - 0x00007ffaf9e62000 	C:\WINDOWS\SYSTEM32\kernel.appcore.dll
0x00007ffaea590000 - 0x00007ffaea59a000 	C:\Users\ERIN_JAVALead\.jdks\corretto-18.0.2\bin\jimage.dll
0x00007ffafbf30000 - 0x00007ffafc114000 	C:\WINDOWS\SYSTEM32\DBGHELP.DLL
0x00007ffafbef0000 - 0x00007ffafbf24000 	C:\WINDOWS\SYSTEM32\dbgcore.DLL
0x00007ffafcac0000 - 0x00007ffafcb42000 	C:\WINDOWS\System32\bcryptPrimitives.dll
0x00007ffae8030000 - 0x00007ffae803e000 	C:\Users\ERIN_JAVALead\.jdks\corretto-18.0.2\bin\instrument.dll
0x00007ffadf600000 - 0x00007ffadf625000 	C:\Users\ERIN_JAVALead\.jdks\corretto-18.0.2\bin\java.dll
0x00007ffade720000 - 0x00007ffade7f6000 	C:\Users\ERIN_JAVALead\.jdks\corretto-18.0.2\bin\jsvml.dll
0x00007ffafe240000 - 0x00007ffafe984000 	C:\WINDOWS\System32\SHELL32.dll
0x00007ffafa050000 - 0x00007ffafa7eb000 	C:\WINDOWS\SYSTEM32\windows.storage.dll
0x00007ffafd6b0000 - 0x00007ffafda04000 	C:\WINDOWS\System32\combase.dll
0x00007ffafb7c0000 - 0x00007ffafb7ed000 	C:\WINDOWS\SYSTEM32\Wldp.dll
0x00007ffafdb40000 - 0x00007ffafdbed000 	C:\WINDOWS\System32\SHCORE.dll
0x00007ffafeb40000 - 0x00007ffafeb95000 	C:\WINDOWS\System32\shlwapi.dll
0x00007ffafc550000 - 0x00007ffafc575000 	C:\WINDOWS\SYSTEM32\profapi.dll
0x00007ffae1e00000 - 0x00007ffae1e18000 	C:\Users\ERIN_JAVALead\.jdks\corretto-18.0.2\bin\zip.dll
0x00007ffae8de0000 - 0x00007ffae8df3000 	C:\Users\ERIN_JAVALead\.jdks\corretto-18.0.2\bin\net.dll
0x00007ffaf5480000 - 0x00007ffaf558a000 	C:\WINDOWS\SYSTEM32\WINHTTP.dll
0x00007ffafb610000 - 0x00007ffafb67a000 	C:\WINDOWS\system32\mswsock.dll
0x00007ffae1e70000 - 0x00007ffae1e85000 	C:\Users\ERIN_JAVALead\.jdks\corretto-18.0.2\bin\nio.dll
0x00007ffadfcc0000 - 0x00007ffadfcda000 	C:\Program Files\JetBrains\IntelliJ IDEA Community Edition 2021.3.3\bin\breakgen64.dll

dbghelp: loaded successfully - version: 4.0.5 - missing functions: none
symbol engine: initialized successfully - sym options: 0x614 - pdb path: .;C:\Users\ERIN_JAVALead\.jdks\corretto-18.0.2\bin;C:\WINDOWS\SYSTEM32;C:\WINDOWS\WinSxS\amd64_microsoft.windows.common-controls_6595b64144ccf1df_6.0.19041.3570_none_60bb2a3971f3e41a;C:\Users\ERIN_JAVALead\.jdks\corretto-18.0.2\bin\server;C:\Program Files\JetBrains\IntelliJ IDEA Community Edition 2021.3.3\bin

VM Arguments:
jvm_args: -ea -Didea.test.cyclic.buffer.size=1048576 -javaagent:C:\Program Files\JetBrains\IntelliJ IDEA Community Edition 2021.3.3\lib\idea_rt.jar=53659:C:\Program Files\JetBrains\IntelliJ IDEA Community Edition 2021.3.3\bin -Dfile.encoding=UTF-8 
java_command: com.intellij.rt.junit.JUnitStarter -ideVersion5 -junit5 com.devskiller.tasks.blog.rest.CommentControllerTest,shouldAddComment
java_class_path (initial): C:\Users\ERIN_JAVALead\.m2\repository\org\junit\platform\junit-platform-launcher\1.9.3\junit-platform-launcher-1.9.3.jar;C:\Program Files\JetBrains\IntelliJ IDEA Community Edition 2021.3.3\lib\idea_rt.jar;C:\Program Files\JetBrains\IntelliJ IDEA Community Edition 2021.3.3\plugins\junit\lib\junit5-rt.jar;C:\Program Files\JetBrains\IntelliJ IDEA Community Edition 2021.3.3\plugins\junit\lib\junit-rt.jar;C:\Users\ERIN_JAVALead\Downloads\devskiller-code-U32X-W3E7-T2E6-S3F\target\test-classes;C:\Users\ERIN_JAVALead\Downloads\devskiller-code-U32X-W3E7-T2E6-S3F\target\classes;C:\Users\ERIN_JAVALead\.m2\repository\org\springframework\boot\spring-boot-starter-data-jpa\3.1.5\spring-boot-starter-data-jpa-3.1.5.jar;C:\Users\ERIN_JAVALead\.m2\repository\org\springframework\boot\spring-boot-starter-aop\3.1.5\spring-boot-starter-aop-3.1.5.jar;C:\Users\ERIN_JAVALead\.m2\repository\org\aspectj\aspectjweaver\1.9.20\aspectjweaver-1.9.20.jar;C:\Users\ERIN_JAVALead\.m2\repository\org\springframework\boot\spring-boot-starter-jdbc\3.1.5\spring-boot-starter-jdbc-3.1.5.jar;C:\Users\ERIN_JAVALead\.m2\repository\com\zaxxer\HikariCP\5.0.1\HikariCP-5.0.1.jar;C:\Users\ERIN_JAVALead\.m2\repository\org\springframework\spring-jdbc\6.0.13\spring-jdbc-6.0.13.jar;C:\Users\ERIN_JAVALead\.m2\repository\org\hibernate\orm\hibernate-core\6.2.13.Final\hibernate-core-6.2.13.Final.jar;C:\Users\ERIN_JAVALead\.m2\repository\jakarta\persistence\jakarta.persistence-api\3.1.0\jakarta.persistence-api-3.1.0.jar;C:\Users\ERIN_JAVALead\.m2\repository\jakarta\transaction\jakarta.transaction-api\2.0.1\jakarta.transaction-api-2.0.1.jar;C:\Users\ERIN_JAVALead\.m2\repository\org\jboss\logging\jboss-logging\3.5.3.Final\jboss-logging-3.5.3.Final.jar;C:\Users\ERIN_JAVALead\.m2\repository\org\hibernate\common\hibernate-commons-annotations\6.0.6.Final\hibernate-commons-annotations-6.0.6.Final.jar;C:\Users\ERIN_JAVALead\.m2\repository\io\smallrye\jandex\3.0.5\jandex-3.0.5.jar;C:\Users\ERIN_JAVALead\.m2\repository\com\fasterxml\classmate\1.5.1\classmate-1.5.1.jar;C:\Users\ERIN_JAVALead\.m2\repository\net\bytebuddy\byte-buddy\1.14.9\byte-buddy-1.14.9.jar;C:\Users\ERIN_JAVALead\.m2\repository\org\glassfish\jaxb\jaxb-runtime\4.0.3\jaxb-runtime-4.0.3.jar;C:\Users\ERIN_JAVALead\.m2\repository\org\glassfish\jaxb\jaxb-core\4.0.3\jaxb-core-4.0.3.jar;C:\Users\ERIN_JAVALead\.m2\repository\org\eclipse\angus\angus-activation\2.0.1\angus-activation-2.0.1.jar;C:\Users\ERIN_JAVALead\.m2\repository\org\glassfish\jaxb\txw2\4.0.3\txw2-4.0.3.jar;C:\Users\ERIN_JAVALead\.m2\repository\com\sun\istack\istack-commons-runtime\4.1.2\istack-commons-runtime-4.1.2.jar;C:\Users\ERIN_JAVALead\.m2\repository\jakarta\inject\jakarta.inject-api\2.0.1\jakarta.inject-api-2.0.1.jar;C:\Users\ERIN_JAVALead\.m2\repository\org\antlr\antlr4-runtime\4.10.1\antlr4-runtime-4.10.1.jar;C:\Users\ERIN_JAVALead\.m2\repository\org\springframework\data\spring-data-jpa\3.1.5\spring-data-jpa-3.1.5.jar;C:\Users\ERIN_JAVALead\.m2\repository\org\springframework\data\spring-data-commons\3.1.5\spring-data-commons-3.1.5.jar;C:\Users\ERIN_JAVALead\.m2\repository\org\springframework\spring-orm\6.0.13\spring-orm-6.0.13.jar;C:\Users\ERIN_JAVALead\.m2\repository\org\springframework\spring-context\6.0.13\spring-context-6.0.13.jar;C:\Users\ERIN_JAVALead\.m2\repository\org\springframework\spring-tx\6.0.13\spring-tx-6.0.13.jar;C:\Users\ERIN_JAVALead\.m2\repository\org\springframework\spring-beans\6.0.13\spring-beans-6.0.13.jar;C:\Users\ERIN_JAVALead\.m2\repository\jakarta\annotation\jakarta.annotation-api\2.1.1\jakarta.annotation-api-2.1.1.jar;C:\Users\ERIN_JAVALead\.m2\repository\org\slf4j\slf4j-api\2.0.9\slf4j-api-2.0.9.jar;C:\Users\ERIN_JAVALead\.m2\repository\org\springframework\spring-aspects\6.0.13\spring-aspects-6.0.13.jar;C:\Users\ERIN_JAVALead\.m2\repository\org\springframework\boot\spring-boot-starter-web\2.4.2\spring-boot-starter-web-2.4.2.jar;C:\Users\ERIN_JAVALead\.m2\repository\org\springframework\boot\spring-boot-starter\3.1.5\spring-boot-starter-3.1.5.jar;C:\Users\ERIN_JAVALead\.m2\repository\org\springframework\boot\spring-boot\3.1.5\spring-boot-3.1.5.jar;C:\Users\ERIN_JAVALead\.m2\repository\org\springframework\boot\spring-boot-autoconfigure\3.1.5\spring-boot-autoconfigure-3.1.5.jar;C:\Users\ERIN_JAVALead\.m2\repository\org\springframework\boot\spring-boot-starter-logging\3.1.5\spring-boot-starter-logging-3.1.5.jar;C:\Users\ERIN_JAVALead\.m2\repository\ch\qos\logback\logback-classic\1.4.11\logback-classic-1.4.11.jar;C:\Users\ERIN_JAVALead\.m2\repository\ch\qos\logback\logback-core\1.4.11\logback-core-1.4.11.jar;C:\Users\ERIN_JAVALead\.m2\repository\org\apache\logging\log4j\log4j-to-slf4j\2.20.0\log4j-to-slf4j-2.20.0.jar;C:\Users\ERIN_JAVALead\.m2\repository\org\apache\logging\log4j\log4j-api\2.20.0\log4j-api-2.20.0.jar;C:\Users\ERIN_JAVALead\.m2\repository\org\slf4j\jul-to-slf4j\2.0.9\jul-to-slf4j-2.0.9.jar;C:\Users\ERIN_JAVALead\.m2\repository\org\yaml\snakeyaml\1.33\snakeyaml-1.33.jar;C:\Users\ERIN_JAVALead\.m2\repository\org\springframework\boot\spring-boot-starter-json\3.1.5\spring-boot-starter-json-3.1.5.jar;C:\Users\ERIN_JAVALead\.m2\repository\com\fasterxml\jackson\core\jackson-databind\2.15.3\jackson-databind-2.15.3.jar;C:\Users\ERIN_JAVALead\.m2\repository\com\fasterxml\jackson\core\jackson-annotations\2.15.3\jackson-annotations-2.15.3.jar;C:\Users\ERIN_JAVALead\.m2\repository\com\fasterxml\jackson\core\jackson-core\2.15.3\jackson-core-2.15.3.jar;C:\Users\ERIN_JAVALead\.m2\repository\com\fasterxml\jackson\datatype\jackson-datatype-jdk8\2.15.3\jackson-datatype-jdk8-2.15.3.jar;C:\Users\ERIN_JAVALead\.m2\repository\com\fasterxml\jackson\datatype\jackson-datatype-jsr310\2.15.3\jackson-datatype-jsr310-2.15.3.jar;C:\Users\ERIN_JAVALead\.m2\repository\com\fasterxml\jackson\module\jackson-module-parameter-names\2.15.3\jackson-module-parameter-names-2.15.3.jar;C:\Users\ERIN_JAVALead\.m2\repository\org\springframework\boot\spring-boot-starter-tomcat\3.1.5\spring-boot-starter-tomcat-3.1.5.jar;C:\Users\ERIN_JAVALead\.m2\repository\org\apache\tomcat\embed\tomcat-embed-core\10.1.15\tomcat-embed-core-10.1.15.jar;C:\Users\ERIN_JAVALead\.m2\repository\org\apache\tomcat\embed\tomcat-embed-el\10.1.15\tomcat-embed-el-10.1.15.jar;C:\Users\ERIN_JAVALead\.m2\repository\org\apache\tomcat\embed\tomcat-embed-websocket\10.1.15\tomcat-embed-websocket-10.1.15.jar;C:\Users\ERIN_JAVALead\.m2\repository\org\springframework\spring-web\6.0.13\spring-web-6.0.13.jar;C:\Users\ERIN_JAVALead\.m2\repository\io\micrometer\micrometer-observation\1.11.5\micrometer-observation-1.11.5.jar;C:\Users\ERIN_JAVALead\.m2\repository\io\micrometer\micrometer-commons\1.11.5\micrometer-commons-1.11.5.jar;C:\Users\ERIN_JAVALead\.m2\repository\org\springframework\spring-webmvc\6.0.13\spring-webmvc-6.0.13.jar;C:\Users\ERIN_JAVALead\.m2\repository\org\springframework\spring-expression\6.0.13\spring-expression-6.0.13.jar;C:\Users\ERIN_JAVALead\.m2\repository\com\microsoft\sqlserver\mssql-jdbc\12.4.1.jre11\mssql-jdbc-12.4.1.jre11.jar;C:\Users\ERIN_JAVALead\.m2\repository\com\h2database\h2\2.1.214\h2-2.1.214.jar;C:\Users\ERIN_JAVALead\.m2\repository\org\springframework\boot\spring-boot-starter-test\3.1.5\spring-boot-starter-test-3.1.5.jar;C:\Users\ERIN_JAVALead\.m2\repository\org\springframework\boot\spring-boot-test\3.1.5\spring-boot-test-3.1.5.jar;C:\Users\ERIN_JAVALead\.m2\repository\org\springframework\boot\spring-boot-test-autoconfigure\3.1.5\spring-boot-test-autoconfigure-3.1.5.jar;C:\Users\ERIN_JAVALead\.m2\repository\com\jayway\jsonpath\json-path\2.8.0\json-path-2.8.0.jar;C:\Users\ERIN_JAVALead\.m2\repository\jakarta\xml\bind\jakarta.xml.bind-api\4.0.1\jakarta.xml.bind-api-4.0.1.jar;C:\Users\ERIN_JAVALead\.m2\repository\jakarta\activation\jakarta.activation-api\2.1.2\jakarta.activation-api-2.1.2.jar;C:\Users\ERIN_JAVALead\.m2\repository\net\minidev\json-smart\2.4.11\json-smart-2.4.11.jar;C:\Users\ERIN_JAVALead\.m2\repository\net\minidev\accessors-smart\2.4.11\accessors-smart-2.4.11.jar;C:\Users\ERIN_JAVALead\.m2\repository\org\ow2\asm\asm\9.3\asm-9.3.jar;C:\Users\ERIN_JAVALead\.m2\repository\org\assertj\assertj-core\3.24.2\assertj-core-3.24.2.jar;C:\Users\ERIN_JAVALead\.m2\repository\org\hamcrest\hamcrest\2.2\hamcrest-2.2.jar;C:\Users\ERIN_JAVALead\.m2\repository\org\junit\jupiter\junit-jupiter\5.9.3\junit-jupiter-5.9.3.jar;C:\Users\ERIN_JAVALead\.m2\repository\org\junit\jupiter\junit-jupiter-api\5.9.3\junit-jupiter-api-5.9.3.jar;C:\Users\ERIN_JAVALead\.m2\repository\org\opentest4j\opentest4j\1.2.0\opentest4j-1.2.0.jar;C:\Users\ERIN_JAVALead\.m2\repository\org\junit\platform\junit-platform-commons\1.9.3\junit-platform-commons-1.9.3.jar;C:\Users\ERIN_JAVALead\.m2\repository\org\apiguardian\apiguardian-api\1.1.2\apiguardian-api-1.1.2.jar;C:\Users\ERIN_JAVALead\.m2\repository\org\junit\jupiter\junit-jupiter-params\5.9.3\junit-jupiter-params-5.9.3.jar;C:\Users\ERIN_JAVALead\.m2\repository\org\junit\jupiter\junit-jupiter-engine\5.9.3\junit-jupiter-engine-5.9.3.jar;C:\Users\ERIN_JAVALead\.m2\repository\org\junit\platform\junit-platform-engine\1.9.3\junit-platform-engine-1.9.3.jar;C:\Users\ERIN_JAVALead\.m2\repository\org\mockito\mockito-core\5.3.1\mockito-core-5.3.1.jar;C:\Users\ERIN_JAVALead\.m2\repository\net\bytebuddy\byte-buddy-agent\1.14.9\byte-buddy-agent-1.14.9.jar;C:\Users\ERIN_JAVALead\.m2\repository\org\objenesis\objenesis\3.3\objenesis-3.3.jar;C:\Users\ERIN_JAVALead\.m2\repository\org\mockito\mockito-junit-jupiter\5.3.1\mockito-junit-jupiter-5.3.1.jar;C:\Users\ERIN_JAVALead\.m2\repository\org\skyscreamer\jsonassert\1.5.1\jsonassert-1.5.1.jar;C:\Users\ERIN_JAVALead\.m2\repository\com\vaadin\external\google\android-json\0.0.20131108.vaadin1\android-json-0.0.20131108.vaadin1.jar;C:\Users\ERIN_JAVALead\.m2\repository\org\springframework\spring-core\6.0.13\spring-core-6.0.13.jar;C:\Users\ERIN_JAVALead\.m2\repository\org\springframework\spring-jcl\6.0.13\spring-jcl-6.0.13.jar;C:\Users\ERIN_JAVALead\.m2\repository\org\springframework\spring-test\6.0.13\spring-test-6.0.13.jar;C:\Users\ERIN_JAVALead\.m2\repository\org\xmlunit\xmlunit-core\2.9.1\xmlunit-core-2.9.1.jar;C:\Users\ERIN_JAVALead\.m2\repository\org\springframework\boot\spring-boot-starter-security\3.1.5\spring-boot-starter-security-3.1.5.jar;C:\Users\ERIN_JAVALead\.m2\repository\org\springframework\spring-aop\6.0.13\spring-aop-6.0.13.jar;C:\Users\ERIN_JAVALead\.m2\repository\org\springframework\security\spring-security-config\6.1.5\spring-security-config-6.1.5.jar;C:\Users\ERIN_JAVALead\.m2\repository\org\springframework\security\spring-security-core\6.1.5\spring-security-core-6.1.5.jar;C:\Users\ERIN_JAVALead\.m2\repository\org\springframework\security\spring-security-crypto\6.1.5\spring-security-crypto-6.1.5.jar;C:\Users\ERIN_JAVALead\.m2\repository\org\springframework\security\spring-security-web\6.1.5\spring-security-web-6.1.5.jar
Launcher Type: SUN_STANDARD

[Global flags]
     intx CICompilerCount                          = 3                                         {product} {ergonomic}
     uint ConcGCThreads                            = 1                                         {product} {ergonomic}
     uint G1ConcRefinementThreads                  = 4                                         {product} {ergonomic}
   size_t G1HeapRegionSize                         = 1048576                                   {product} {ergonomic}
    uintx GCDrainStackTargetSize                   = 64                                        {product} {ergonomic}
   size_t InitialHeapSize                          = 67108864                                  {product} {ergonomic}
   size_t MarkStackSize                            = 4194304                                   {product} {ergonomic}
   size_t MaxHeapSize                              = 1052770304                                {product} {ergonomic}
   size_t MaxNewSize                               = 631242752                                 {product} {ergonomic}
   size_t MinHeapDeltaBytes                        = 1048576                                   {product} {ergonomic}
   size_t MinHeapSize                              = 8388608                                   {product} {ergonomic}
    uintx NonNMethodCodeHeapSize                   = 5832780                                {pd product} {ergonomic}
    uintx NonProfiledCodeHeapSize                  = 122912730                              {pd product} {ergonomic}
    uintx ProfiledCodeHeapSize                     = 122912730                              {pd product} {ergonomic}
    uintx ReservedCodeCacheSize                    = 251658240                              {pd product} {ergonomic}
     bool SegmentedCodeCache                       = true                                      {product} {ergonomic}
   size_t SoftMaxHeapSize                          = 1052770304                             {manageable} {ergonomic}
     bool UseCompressedClassPointers               = true                           {product lp64_product} {ergonomic}
     bool UseCompressedOops                        = true                           {product lp64_product} {ergonomic}
     bool UseG1GC                                  = true                                      {product} {ergonomic}
     bool UseLargePagesIndividualAllocation        = false                                  {pd product} {ergonomic}

Logging:
Log output configuration:
 #0: stdout all=warning uptime,level,tags foldmultilines=false
 #1: stderr all=off uptime,level,tags foldmultilines=false

Environment Variables:
PATH=C:\WINDOWS\system32;C:\WINDOWS;C:\WINDOWS\System32\Wbem;C:\WINDOWS\System32\WindowsPowerShell\v1.0\;C:\WINDOWS\System32\OpenSSH\;C:\Program Files (x86)\nodejs\;C:\Program Files (x86)\nodejs\npm;C:\Users\ERIN_JAVALead\AppData\Roaming\npm;C:\Program Files\Git\cmd;C:\Program Files (x86)\dotnet\;C:\Program Files (x86)\Microsoft SQL Server\160\DTS\Binn\;C:\Program Files\Azure Data Studio\bin;C:\Program Files (x86)\Microsoft SQL Server\160\Tools\Binn\;C:\Program Files\Microsoft SQL Server\160\Tools\Binn\;C:\Program Files\Microsoft SQL Server\Client SDK\ODBC\170\Tools\Binn\;C:\Program Files\Microsoft SQL Server\160\DTS\Binn\;C:\Users\ERIN_JAVALead\AppData\Local\Microsoft\WindowsApps;;C:\Users\ERIN_JAVALead\AppData\Local\Programs\Microsoft VS Code\bin;C:\Users\ERIN_JAVALead\AppData\Roaming\npm;C:\Program Files\Azure Data Studio\bin
USERNAME=ERIN_JAVALead
OS=Windows_NT
PROCESSOR_IDENTIFIER=Intel64 Family 6 Model 78 Stepping 3, GenuineIntel



---------------  S Y S T E M  ---------------

OS:
 Windows 10 , 64 bit Build 19041 (10.0.19041.3570)
OS uptime: 0 days 5:15 hours

CPU: total 4 (initial active 4) (2 cores per cpu, 2 threads per core) family 6 model 78 stepping 3 microcode 0xcc, cx8, cmov, fxsr, ht, mmx, 3dnowpref, sse, sse2, sse3, ssse3, sse4.1, sse4.2, popcnt, lzcnt, tsc, tscinvbit, avx, avx2, aes, erms, clmul, bmi1, bmi2, adx, fma, vzeroupper, clflush, clflushopt

Memory: 4k page, system-wide physical 4012M (440M free)
TotalPageFile size 6060M (AvailPageFile size 3M)
current process WorkingSet (physical memory assigned to process): 75M, peak: 75M
current process commit charge ("private bytes"): 153M, peak: 153M

vm_info: OpenJDK 64-Bit Server VM (18.0.2+9-FR) for windows-amd64 JRE (18.0.2+9-FR), built on Jul 15 2022 20:03:03 by "Administrator" with MS VC++ 15.9 (VS2017)

END.
