#
# There is insufficient memory for the Java Runtime Environment to continue.
# Native memory allocation (malloc) failed to allocate 987856 bytes for Chunk::new
# Possible reasons:
#   The system is out of physical RAM or swap space
#   The process is running with CompressedOops enabled, and the Java Heap may be blocking the growth of the native heap
# Possible solutions:
#   Reduce memory load on the system
#   Increase physical memory or swap space
#   Check if swap backing store is full
#   Decrease Java heap size (-Xmx/-Xms)
#   Decrease number of Java threads
#   Decrease Java thread stack sizes (-Xss)
#   Set larger code cache with -XX:ReservedCodeCacheSize=
#   JVM is running with Unscaled Compressed Oops mode in which the Java heap is
#     placed in the first 4GB address space. The Java Heap base address is the
#     maximum limit for the native heap growth. Please use -XX:HeapBaseMinAddress
#     to set the Java Heap base and to place the Java Heap above 4GB virtual address.
# This output file may be truncated or incomplete.
#
#  Out of Memory Error (arena.cpp:184), pid=1572, tid=12140
#
# JRE version: OpenJDK Runtime Environment Corretto-18.0.2.9.1 (18.0.2+9) (build 18.0.2+9-FR)
# Java VM: OpenJDK 64-Bit Server VM Corretto-18.0.2.9.1 (18.0.2+9-FR, mixed mode, sharing, tiered, compressed oops, compressed class ptrs, g1 gc, windows-amd64)
# No core dump will be written. Minidumps are not enabled by default on client versions of Windows
#

---------------  S U M M A R Y ------------

Command Line: -javaagent:C:\Program Files\JetBrains\IntelliJ IDEA Community Edition 2021.3.3\lib\idea_rt.jar=52707:C:\Program Files\JetBrains\IntelliJ IDEA Community Edition 2021.3.3\bin -Dfile.encoding=UTF-8 com.devskiller.tasks.blog.BlogApplication

Host: Intel(R) Core(TM) i3-6006U CPU @ 2.00GHz, 4 cores, 3G,  Windows 10 , 64 bit Build 19041 (10.0.19041.3570)
Time: Mon Oct 30 17:43:21 2023 Central European Standard Time elapsed time: 22.983347 seconds (0d 0h 0m 22s)

---------------  T H R E A D  ---------------

Current thread (0x000001e2c8d1d920):  JavaThread "C2 CompilerThread0" daemon [_thread_in_native, id=12140, stack(0x00000025e4f00000,0x00000025e5000000)]


Current CompileTask:
C2:  22983 4084       4       java.lang.invoke.MethodType::makeImpl (109 bytes)

Stack: [0x00000025e4f00000,0x00000025e5000000]
Native frames: (J=compiled Java code, j=interpreted, Vv=VM code, C=native code)
V  [jvm.dll+0x685a2a]
V  [jvm.dll+0x82ae8d]
V  [jvm.dll+0x82c75e]
V  [jvm.dll+0x82ce03]
V  [jvm.dll+0x25ef4b]
V  [jvm.dll+0xd42d2]
V  [jvm.dll+0xd4665]
V  [jvm.dll+0x385751]
V  [jvm.dll+0x34d82a]
V  [jvm.dll+0x34cc1a]
V  [jvm.dll+0x233a65]
V  [jvm.dll+0x232f37]
V  [jvm.dll+0x1c0a35]
V  [jvm.dll+0x24212c]
V  [jvm.dll+0x240534]
V  [jvm.dll+0x7df6db]
V  [jvm.dll+0x7d9cba]
V  [jvm.dll+0x6848a5]
C  [ucrtbase.dll+0x21bb2]
C  [KERNEL32.DLL+0x17344]
C  [ntdll.dll+0x526b1]


---------------  P R O C E S S  ---------------

Threads class SMR info:
_java_thread_list=0x000001e2cebe47c0, length=17, elements={
0x000001e2ad7b4c40, 0x000001e2c8d04350, 0x000001e2c8d05750, 0x000001e2c8d19b50,
0x000001e2c8d1b500, 0x000001e2c8d1bea0, 0x000001e2c8d1c840, 0x000001e2c8d1d920,
0x000001e2c8d1f380, 0x000001e2c8d27440, 0x000001e2cd018050, 0x000001e2cd2998c0,
0x000001e2cd299d80, 0x000001e2cdf60ae0, 0x000001e2ce9ead10, 0x000001e2cf15f8e0,
0x000001e2cf15d730
}

Java Threads: ( => current thread )
  0x000001e2ad7b4c40 JavaThread "main" [_thread_in_native, id=2468, stack(0x00000025e4200000,0x00000025e4300000)]
  0x000001e2c8d04350 JavaThread "Reference Handler" daemon [_thread_blocked, id=8796, stack(0x00000025e4900000,0x00000025e4a00000)]
  0x000001e2c8d05750 JavaThread "Finalizer" daemon [_thread_blocked, id=9036, stack(0x00000025e4a00000,0x00000025e4b00000)]
  0x000001e2c8d19b50 JavaThread "Signal Dispatcher" daemon [_thread_blocked, id=10024, stack(0x00000025e4b00000,0x00000025e4c00000)]
  0x000001e2c8d1b500 JavaThread "Attach Listener" daemon [_thread_blocked, id=11088, stack(0x00000025e4c00000,0x00000025e4d00000)]
  0x000001e2c8d1bea0 JavaThread "Service Thread" daemon [_thread_blocked, id=7428, stack(0x00000025e4d00000,0x00000025e4e00000)]
  0x000001e2c8d1c840 JavaThread "Monitor Deflation Thread" daemon [_thread_blocked, id=6384, stack(0x00000025e4e00000,0x00000025e4f00000)]
=>0x000001e2c8d1d920 JavaThread "C2 CompilerThread0" daemon [_thread_in_native, id=12140, stack(0x00000025e4f00000,0x00000025e5000000)]
  0x000001e2c8d1f380 JavaThread "C1 CompilerThread0" daemon [_thread_blocked, id=10604, stack(0x00000025e5000000,0x00000025e5100000)]
  0x000001e2c8d27440 JavaThread "Sweeper thread" daemon [_thread_blocked, id=2088, stack(0x00000025e5100000,0x00000025e5200000)]
  0x000001e2cd018050 JavaThread "Common-Cleaner" daemon [_thread_blocked, id=5904, stack(0x00000025e5200000,0x00000025e5300000)]
  0x000001e2cd2998c0 JavaThread "Monitor Ctrl-Break" daemon [_thread_in_native, id=7564, stack(0x00000025e5400000,0x00000025e5500000)]
  0x000001e2cd299d80 JavaThread "Notification Thread" daemon [_thread_blocked, id=6152, stack(0x00000025e5500000,0x00000025e5600000)]
  0x000001e2cdf60ae0 JavaThread "Catalina-utility-1" [_thread_blocked, id=5716, stack(0x00000025e5300000,0x00000025e5400000)]
  0x000001e2ce9ead10 JavaThread "Catalina-utility-2" [_thread_blocked, id=8820, stack(0x00000025e5a00000,0x00000025e5b00000)]
  0x000001e2cf15f8e0 JavaThread "container-0" [_thread_blocked, id=6888, stack(0x00000025e5b00000,0x00000025e5c00000)]
  0x000001e2cf15d730 JavaThread "mssql-jdbc-shared-timer-core-0" daemon [_thread_blocked, id=10432, stack(0x00000025e5e00000,0x00000025e5f00000)]

Other Threads:
  0x000001e2c8cfeb90 VMThread "VM Thread" [stack: 0x00000025e4800000,0x00000025e4900000] [id=8612]
  0x000001e2cd1f56e0 WatcherThread "VM Periodic Task Thread" [stack: 0x00000025e5600000,0x00000025e5700000] [id=7636]
  0x000001e2ad7f5400 WorkerThread "GC Thread#0" [stack: 0x00000025e4300000,0x00000025e4400000] [id=8684]
  0x000001e2cd795590 WorkerThread "GC Thread#1" [stack: 0x00000025e5700000,0x00000025e5800000] [id=8572]
  0x000001e2cd8051f0 WorkerThread "GC Thread#2" [stack: 0x00000025e5800000,0x00000025e5900000] [id=2096]
  0x000001e2cd68ba90 WorkerThread "GC Thread#3" [stack: 0x00000025e5900000,0x00000025e5a00000] [id=2528]
  0x000001e2ad7ff4c0 ConcurrentGCThread "G1 Main Marker" [stack: 0x00000025e4400000,0x00000025e4500000] [id=13040]
  0x000001e2ad7ffeb0 WorkerThread "G1 Conc#0" [stack: 0x00000025e4500000,0x00000025e4600000] [id=4204]
  0x000001e2ad829020 ConcurrentGCThread "G1 Refine#0" [stack: 0x00000025e4600000,0x00000025e4700000] [id=2552]
  0x000001e2cda595f0 ConcurrentGCThread "G1 Refine#1" [stack: 0x00000025e5c00000,0x00000025e5d00000] [id=6752]
  0x000001e2ad829930 ConcurrentGCThread "G1 Service" [stack: 0x00000025e4700000,0x00000025e4800000] [id=628]

Threads with active compile tasks:
C2 CompilerThread0    23047 4084       4       java.lang.invoke.MethodType::makeImpl (109 bytes)

VM state: not at safepoint (normal execution)

VM Mutex/Monitor currently owned by a thread: None

Heap address: 0x00000000c1400000, size: 1004 MB, Compressed Oops mode: 32-bit

CDS archive(s) mapped at: [0x0000000800000000-0x0000000800ba0000-0x0000000800ba0000), size 12189696, SharedBaseAddress: 0x0000000800000000, ArchiveRelocationMode: 0.
Compressed class space mapped at: 0x0000000800c00000-0x0000000840c00000, reserved size: 1073741824
Narrow klass base: 0x0000000800000000, Narrow klass shift: 0, Narrow klass range: 0x100000000

GC Precious Log:
 CardTable entry size: 512
 Card Set container configuration: InlinePtr #cards 5 size 8 Array Of Cards #cards 12 size 40 Howl #buckets 4 coarsen threshold 1843 Howl Bitmap #cards 512 size 80 coarsen threshold 460 Card regions per heap region 1 cards per card region 2048
 CPUs: 4 total, 4 available
 Memory: 4012M
 Large Page Support: Disabled
 NUMA Support: Disabled
 Compressed Oops: Enabled (32-bit)
 Heap Region Size: 1M
 Heap Min Capacity: 8M
 Heap Initial Capacity: 64M
 Heap Max Capacity: 1004M
 Pre-touch: Disabled
 Parallel Workers: 4
 Concurrent Workers: 1
 Concurrent Refinement Workers: 4
 Periodic GC: Disabled

Heap:
 garbage-first heap   total 48128K, used 20922K [0x00000000c1400000, 0x0000000100000000)
  region size 1024K, 7 young (7168K), 3 survivors (3072K)
 Metaspace       used 38493K, committed 39040K, reserved 1114112K
  class space    used 4837K, committed 5120K, reserved 1048576K

Heap Regions: E=young(eden), S=young(survivor), O=old, HS=humongous(starts), HC=humongous(continues), CS=collection set, F=free, OA=open archive, CA=closed archive, TAMS=top-at-mark-start (previous, next)
|   0|0x00000000c1400000, 0x00000000c1500000, 0x00000000c1500000|100%|HS|  |TAMS 0x00000000c1500000, 0x00000000c1400000| Complete 
|   1|0x00000000c1500000, 0x00000000c1600000, 0x00000000c1600000|100%| O|  |TAMS 0x00000000c1600000, 0x00000000c1500000| Untracked 
|   2|0x00000000c1600000, 0x00000000c1700000, 0x00000000c1700000|100%| O|  |TAMS 0x00000000c1700000, 0x00000000c1600000| Untracked 
|   3|0x00000000c1700000, 0x00000000c1800000, 0x00000000c1800000|100%| O|  |TAMS 0x00000000c1800000, 0x00000000c1700000| Untracked 
|   4|0x00000000c1800000, 0x00000000c1900000, 0x00000000c1900000|100%| O|  |TAMS 0x00000000c1900000, 0x00000000c1800000| Untracked 
|   5|0x00000000c1900000, 0x00000000c1a00000, 0x00000000c1a00000|100%| O|  |TAMS 0x00000000c1a00000, 0x00000000c1900000| Untracked 
|   6|0x00000000c1a00000, 0x00000000c1b00000, 0x00000000c1b00000|100%| O|  |TAMS 0x00000000c1b00000, 0x00000000c1a00000| Untracked 
|   7|0x00000000c1b00000, 0x00000000c1c00000, 0x00000000c1c00000|100%| O|  |TAMS 0x00000000c1c00000, 0x00000000c1b00000| Untracked 
|   8|0x00000000c1c00000, 0x00000000c1c00000, 0x00000000c1d00000|  0%| F|  |TAMS 0x00000000c1c00000, 0x00000000c1c00000| Untracked 
|   9|0x00000000c1d00000, 0x00000000c1e00000, 0x00000000c1e00000|100%| O|  |TAMS 0x00000000c1e00000, 0x00000000c1d00000| Untracked 
|  10|0x00000000c1e00000, 0x00000000c1f00000, 0x00000000c1f00000|100%| O|  |TAMS 0x00000000c1f00000, 0x00000000c1e00000| Untracked 
|  11|0x00000000c1f00000, 0x00000000c2000000, 0x00000000c2000000|100%| O|  |TAMS 0x00000000c2000000, 0x00000000c1f00000| Untracked 
|  12|0x00000000c2000000, 0x00000000c2100000, 0x00000000c2100000|100%| O|  |TAMS 0x00000000c2100000, 0x00000000c2000000| Untracked 
|  13|0x00000000c2100000, 0x00000000c2200000, 0x00000000c2200000|100%| O|  |TAMS 0x00000000c2200000, 0x00000000c2100000| Untracked 
|  14|0x00000000c2200000, 0x00000000c2300000, 0x00000000c2300000|100%| O|  |TAMS 0x00000000c2300000, 0x00000000c2200000| Untracked 
|  15|0x00000000c2300000, 0x00000000c2300000, 0x00000000c2400000|  0%| F|  |TAMS 0x00000000c2300000, 0x00000000c2300000| Untracked 
|  16|0x00000000c2400000, 0x00000000c2400000, 0x00000000c2500000|  0%| F|  |TAMS 0x00000000c2400000, 0x00000000c2400000| Untracked 
|  17|0x00000000c2500000, 0x00000000c2500000, 0x00000000c2600000|  0%| F|  |TAMS 0x00000000c2500000, 0x00000000c2500000| Untracked 
|  18|0x00000000c2600000, 0x00000000c2600000, 0x00000000c2700000|  0%| F|  |TAMS 0x00000000c2600000, 0x00000000c2600000| Untracked 
|  19|0x00000000c2700000, 0x00000000c2800000, 0x00000000c2800000|100%| O|  |TAMS 0x00000000c2800000, 0x00000000c2700000| Untracked 
|  20|0x00000000c2800000, 0x00000000c2838c00, 0x00000000c2900000| 22%| O|  |TAMS 0x00000000c2838c00, 0x00000000c2800000| Untracked 
|  21|0x00000000c2900000, 0x00000000c2900000, 0x00000000c2a00000|  0%| F|  |TAMS 0x00000000c2900000, 0x00000000c2900000| Untracked 
|  22|0x00000000c2a00000, 0x00000000c2a00000, 0x00000000c2b00000|  0%| F|  |TAMS 0x00000000c2a00000, 0x00000000c2a00000| Untracked 
|  23|0x00000000c2b00000, 0x00000000c2b00000, 0x00000000c2c00000|  0%| F|  |TAMS 0x00000000c2b00000, 0x00000000c2b00000| Untracked 
|  24|0x00000000c2c00000, 0x00000000c2c00000, 0x00000000c2d00000|  0%| F|  |TAMS 0x00000000c2c00000, 0x00000000c2c00000| Untracked 
|  25|0x00000000c2d00000, 0x00000000c2d00000, 0x00000000c2e00000|  0%| F|  |TAMS 0x00000000c2d00000, 0x00000000c2d00000| Untracked 
|  26|0x00000000c2e00000, 0x00000000c2e00000, 0x00000000c2f00000|  0%| F|  |TAMS 0x00000000c2e00000, 0x00000000c2e00000| Untracked 
|  27|0x00000000c2f00000, 0x00000000c2f00000, 0x00000000c3000000|  0%| F|  |TAMS 0x00000000c2f00000, 0x00000000c2f00000| Untracked 
|  28|0x00000000c3000000, 0x00000000c3000000, 0x00000000c3100000|  0%| F|  |TAMS 0x00000000c3000000, 0x00000000c3000000| Untracked 
|  29|0x00000000c3100000, 0x00000000c3100000, 0x00000000c3200000|  0%| F|  |TAMS 0x00000000c3100000, 0x00000000c3100000| Untracked 
|  30|0x00000000c3200000, 0x00000000c3200000, 0x00000000c3300000|  0%| F|  |TAMS 0x00000000c3200000, 0x00000000c3200000| Untracked 
|  31|0x00000000c3300000, 0x00000000c3300000, 0x00000000c3400000|  0%| F|  |TAMS 0x00000000c3300000, 0x00000000c3300000| Untracked 
|  32|0x00000000c3400000, 0x00000000c3435c28, 0x00000000c3500000| 20%| S|CS|TAMS 0x00000000c3400000, 0x00000000c3400000| Complete 
|  33|0x00000000c3500000, 0x00000000c3600000, 0x00000000c3600000|100%| S|CS|TAMS 0x00000000c3500000, 0x00000000c3500000| Complete 
|  34|0x00000000c3600000, 0x00000000c3700000, 0x00000000c3700000|100%| S|CS|TAMS 0x00000000c3600000, 0x00000000c3600000| Complete 
|  35|0x00000000c3700000, 0x00000000c3700000, 0x00000000c3800000|  0%| F|  |TAMS 0x00000000c3700000, 0x00000000c3700000| Untracked 
|  36|0x00000000c3800000, 0x00000000c3800000, 0x00000000c3900000|  0%| F|  |TAMS 0x00000000c3800000, 0x00000000c3800000| Untracked 
|  37|0x00000000c3900000, 0x00000000c3900000, 0x00000000c3a00000|  0%| F|  |TAMS 0x00000000c3900000, 0x00000000c3900000| Untracked 
|  38|0x00000000c3a00000, 0x00000000c3a00000, 0x00000000c3b00000|  0%| F|  |TAMS 0x00000000c3a00000, 0x00000000c3a00000| Untracked 
|  39|0x00000000c3b00000, 0x00000000c3b00000, 0x00000000c3c00000|  0%| F|  |TAMS 0x00000000c3b00000, 0x00000000c3b00000| Untracked 
|  40|0x00000000c3c00000, 0x00000000c3c00000, 0x00000000c3d00000|  0%| F|  |TAMS 0x00000000c3c00000, 0x00000000c3c00000| Untracked 
|  41|0x00000000c3d00000, 0x00000000c3d00000, 0x00000000c3e00000|  0%| F|  |TAMS 0x00000000c3d00000, 0x00000000c3d00000| Untracked 
|  42|0x00000000c3e00000, 0x00000000c3e00000, 0x00000000c3f00000|  0%| F|  |TAMS 0x00000000c3e00000, 0x00000000c3e00000| Untracked 
|  43|0x00000000c3f00000, 0x00000000c3fb65d0, 0x00000000c4000000| 71%| E|  |TAMS 0x00000000c3f00000, 0x00000000c3f00000| Complete 
|  44|0x00000000c4000000, 0x00000000c4100000, 0x00000000c4100000|100%| E|CS|TAMS 0x00000000c4000000, 0x00000000c4000000| Complete 
|  45|0x00000000c4100000, 0x00000000c4200000, 0x00000000c4200000|100%| E|CS|TAMS 0x00000000c4100000, 0x00000000c4100000| Complete 
|  63|0x00000000c5300000, 0x00000000c5400000, 0x00000000c5400000|100%| E|CS|TAMS 0x00000000c5300000, 0x00000000c5300000| Complete 

Card table byte_map: [0x000001e2c4580000,0x000001e2c4780000] _byte_map_base: 0x000001e2c3f76000

Marking Bits (Prev, Next): (CMBitMap*) 0x000001e2ad7f6e10, (CMBitMap*) 0x000001e2ad7f6e50
 Prev Bits: [0x000001e2c4980000, 0x000001e2c5930000)
 Next Bits: [0x000001e2c5930000, 0x000001e2c68e0000)

Polling page: 0x000001e2ab6a0000

Metaspace:

Usage:
  Non-class:     32.87 MB used.
      Class:      4.72 MB used.
       Both:     37.59 MB used.

Virtual space:
  Non-class space:       64.00 MB reserved,      33.13 MB ( 52%) committed,  1 nodes.
      Class space:        1.00 GB reserved,       5.00 MB ( <1%) committed,  1 nodes.
             Both:        1.06 GB reserved,      38.13 MB (  4%) committed. 

Chunk freelists:
   Non-Class:  2.72 MB
       Class:  3.05 MB
        Both:  5.77 MB

MaxMetaspaceSize: unlimited
CompressedClassSpaceSize: 1.00 GB
Initial GC threshold: 21.00 MB
Current GC threshold: 59.50 MB
CDS: on
MetaspaceReclaimPolicy: balanced
 - commit_granule_bytes: 65536.
 - commit_granule_words: 8192.
 - virtual_space_node_default_size: 8388608.
 - enlarge_chunks_in_place: 1.
 - new_chunks_are_fully_committed: 0.
 - uncommit_free_chunks: 1.
 - use_allocation_guard: 0.


Internal statistics:

num_allocs_failed_limit: 9.
num_arena_births: 672.
num_arena_deaths: 0.
num_vsnodes_births: 2.
num_vsnodes_deaths: 0.
num_space_committed: 610.
num_space_uncommitted: 0.
num_chunks_returned_to_freelist: 9.
num_chunks_taken_from_freelist: 1874.
num_chunk_merges: 6.
num_chunk_splits: 1330.
num_chunks_enlarged: 1019.
num_inconsistent_stats: 0.

CodeHeap 'non-profiled nmethods': size=120000Kb used=1708Kb max_used=1708Kb free=118291Kb
 bounds [0x000001e2bce50000, 0x000001e2bd0c0000, 0x000001e2c4380000]
CodeHeap 'profiled nmethods': size=120000Kb used=8639Kb max_used=8639Kb free=111360Kb
 bounds [0x000001e2b5920000, 0x000001e2b6190000, 0x000001e2bce50000]
CodeHeap 'non-nmethods': size=5760Kb used=1281Kb max_used=1300Kb free=4478Kb
 bounds [0x000001e2b5380000, 0x000001e2b55f0000, 0x000001e2b5920000]
 total_blobs=4631 nmethods=4046 adapters=497
 compilation: enabled
              stopped_count=0, restarted_count=0
 full_count=0

Compilation events (20 events):
Event: 22.894 Thread 0x000001e2c8d1f380 nmethod 4075 0x000001e2b618b010 code [0x000001e2b618b2c0, 0x000001e2b618c478]
Event: 22.894 Thread 0x000001e2c8d1f380 4076       3       java.util.JumboEnumSet$EnumSetIterator::next (5 bytes)
Event: 22.894 Thread 0x000001e2c8d1f380 nmethod 4076 0x000001e2b618c910 code [0x000001e2b618cac0, 0x000001e2b618cc08]
Event: 22.894 Thread 0x000001e2c8d1f380 4077       3       java.util.JumboEnumSet$EnumSetIterator::next (74 bytes)
Event: 22.895 Thread 0x000001e2c8d1f380 nmethod 4077 0x000001e2b618cc90 code [0x000001e2b618ce60, 0x000001e2b618d168]
Event: 22.896 Thread 0x000001e2c8d1f380 4078       3       java.lang.invoke.Invokers::cachedInvoker (7 bytes)
Event: 22.897 Thread 0x000001e2c8d1f380 nmethod 4078 0x000001e2b618d310 code [0x000001e2b618d4a0, 0x000001e2b618d5d8]
Event: 22.897 Thread 0x000001e2c8d1f380 4079       3       java.lang.invoke.Invokers::basicInvoker (103 bytes)
Event: 22.898 Thread 0x000001e2c8d1d920 4080       4       jdk.internal.org.objectweb.asm.Frame::pop (42 bytes)
Event: 22.899 Thread 0x000001e2c8d1f380 nmethod 4079 0x000001e2b618d690 code [0x000001e2b618d920, 0x000001e2b618e368]
Event: 22.899 Thread 0x000001e2c8d1d920 nmethod 4080 0x000001e2bcffa310 code [0x000001e2bcffa480, 0x000001e2bcffa558]
Event: 22.899 Thread 0x000001e2c8d1d920 4082       4       jdk.internal.org.objectweb.asm.Label::resolve (219 bytes)
Event: 22.901 Thread 0x000001e2c8d1f380 4086       3       java.lang.invoke.LambdaFormEditor::oldSpeciesData (8 bytes)
Event: 22.901 Thread 0x000001e2c8d1f380 nmethod 4086 0x000001e2b618e810 code [0x000001e2b618e9e0, 0x000001e2b618edf8]
Event: 22.906 Thread 0x000001e2c8d1d920 nmethod 4082 0x000001e2bcffac10 code [0x000001e2bcffada0, 0x000001e2bcffb078]
Event: 22.906 Thread 0x000001e2c8d1d920 4084       4       java.lang.invoke.MethodType::makeImpl (109 bytes)
Event: 22.918 Thread 0x000001e2c8d1f380 4089       3       java.util.jar.JarVerifier::update (43 bytes)
Event: 22.918 Thread 0x000001e2c8d1f380 nmethod 4089 0x000001e2b618ef10 code [0x000001e2b618f0e0, 0x000001e2b618f428]
Event: 22.923 Thread 0x000001e2c8d1f380 4090       3       java.security.MessageDigest::isEqual (100 bytes)
Event: 22.923 Thread 0x000001e2c8d1f380 nmethod 4090 0x000001e2b618f590 code [0x000001e2b618f760, 0x000001e2b618fb78]

GC Heap History (18 events):
Event: 1.424 GC heap before
{Heap before GC invocations=0 (full 0):
 garbage-first heap   total 65536K, used 13312K [0x00000000c1400000, 0x0000000100000000)
  region size 1024K, 13 young (13312K), 0 survivors (0K)
 Metaspace       used 3798K, committed 3968K, reserved 1114112K
  class space    used 391K, committed 512K, reserved 1048576K
}
Event: 1.437 GC heap after
{Heap after GC invocations=1 (full 0):
 garbage-first heap   total 65536K, used 6055K [0x00000000c1400000, 0x0000000100000000)
  region size 1024K, 2 young (2048K), 2 survivors (2048K)
 Metaspace       used 3798K, committed 3968K, reserved 1114112K
  class space    used 391K, committed 512K, reserved 1048576K
}
Event: 2.275 GC heap before
{Heap before GC invocations=1 (full 0):
 garbage-first heap   total 65536K, used 16295K [0x00000000c1400000, 0x0000000100000000)
  region size 1024K, 12 young (12288K), 2 survivors (2048K)
 Metaspace       used 6690K, committed 6912K, reserved 1114112K
  class space    used 779K, committed 896K, reserved 1048576K
}
Event: 2.285 GC heap after
{Heap after GC invocations=2 (full 0):
 garbage-first heap   total 65536K, used 7032K [0x00000000c1400000, 0x0000000100000000)
  region size 1024K, 1 young (1024K), 1 survivors (1024K)
 Metaspace       used 6690K, committed 6912K, reserved 1114112K
  class space    used 779K, committed 896K, reserved 1048576K
}
Event: 3.849 GC heap before
{Heap before GC invocations=2 (full 0):
 garbage-first heap   total 65536K, used 27512K [0x00000000c1400000, 0x0000000100000000)
  region size 1024K, 22 young (22528K), 1 survivors (1024K)
 Metaspace       used 12394K, committed 12544K, reserved 1114112K
  class space    used 1456K, committed 1536K, reserved 1048576K
}
Event: 3.857 GC heap after
{Heap after GC invocations=3 (full 0):
 garbage-first heap   total 65536K, used 8876K [0x00000000c1400000, 0x0000000100000000)
  region size 1024K, 3 young (3072K), 3 survivors (3072K)
 Metaspace       used 12394K, committed 12544K, reserved 1114112K
  class space    used 1456K, committed 1536K, reserved 1048576K
}
Event: 6.580 GC heap before
{Heap before GC invocations=3 (full 0):
 garbage-first heap   total 65536K, used 40620K [0x00000000c1400000, 0x0000000100000000)
  region size 1024K, 35 young (35840K), 3 survivors (3072K)
 Metaspace       used 18085K, committed 18368K, reserved 1114112K
  class space    used 2147K, committed 2304K, reserved 1048576K
}
Event: 6.593 GC heap after
{Heap after GC invocations=4 (full 0):
 garbage-first heap   total 65536K, used 11210K [0x00000000c1400000, 0x0000000100000000)
  region size 1024K, 5 young (5120K), 5 survivors (5120K)
 Metaspace       used 18085K, committed 18368K, reserved 1114112K
  class space    used 2147K, committed 2304K, reserved 1048576K
}
Event: 7.536 GC heap before
{Heap before GC invocations=4 (full 0):
 garbage-first heap   total 65536K, used 27594K [0x00000000c1400000, 0x0000000100000000)
  region size 1024K, 23 young (23552K), 5 survivors (5120K)
 Metaspace       used 21186K, committed 21504K, reserved 1114112K
  class space    used 2594K, committed 2752K, reserved 1048576K
}
Event: 7.553 GC heap after
{Heap after GC invocations=5 (full 0):
 garbage-first heap   total 65536K, used 12840K [0x00000000c1400000, 0x0000000100000000)
  region size 1024K, 4 young (4096K), 4 survivors (4096K)
 Metaspace       used 21186K, committed 21504K, reserved 1114112K
  class space    used 2594K, committed 2752K, reserved 1048576K
}
Event: 8.919 GC heap before
{Heap before GC invocations=6 (full 0):
 garbage-first heap   total 48128K, used 37416K [0x00000000c1400000, 0x0000000100000000)
  region size 1024K, 28 young (28672K), 4 survivors (4096K)
 Metaspace       used 26916K, committed 27392K, reserved 1114112K
  class space    used 3355K, committed 3584K, reserved 1048576K
}
Event: 8.934 GC heap after
{Heap after GC invocations=7 (full 0):
 garbage-first heap   total 48128K, used 15540K [0x00000000c1400000, 0x0000000100000000)
  region size 1024K, 4 young (4096K), 4 survivors (4096K)
 Metaspace       used 26916K, committed 27392K, reserved 1114112K
  class space    used 3355K, committed 3584K, reserved 1048576K
}
Event: 8.958 GC heap before
{Heap before GC invocations=7 (full 0):
 garbage-first heap   total 48128K, used 16564K [0x00000000c1400000, 0x0000000100000000)
  region size 1024K, 5 young (5120K), 4 survivors (4096K)
 Metaspace       used 27013K, committed 27520K, reserved 1114112K
  class space    used 3367K, committed 3584K, reserved 1048576K
}
Event: 8.969 GC heap after
{Heap after GC invocations=8 (full 0):
 garbage-first heap   total 48128K, used 16578K [0x00000000c1400000, 0x0000000100000000)
  region size 1024K, 1 young (1024K), 1 survivors (1024K)
 Metaspace       used 27013K, committed 27520K, reserved 1114112K
  class space    used 3367K, committed 3584K, reserved 1048576K
}
Event: 9.864 GC heap before
{Heap before GC invocations=8 (full 0):
 garbage-first heap   total 48128K, used 32962K [0x00000000c1400000, 0x0000000100000000)
  region size 1024K, 18 young (18432K), 1 survivors (1024K)
 Metaspace       used 31794K, committed 32320K, reserved 1114112K
  class space    used 4006K, committed 4224K, reserved 1048576K
}
Event: 9.868 GC heap after
{Heap after GC invocations=9 (full 0):
 garbage-first heap   total 48128K, used 17197K [0x00000000c1400000, 0x0000000100000000)
  region size 1024K, 2 young (2048K), 2 survivors (2048K)
 Metaspace       used 31794K, committed 32320K, reserved 1114112K
  class space    used 4006K, committed 4224K, reserved 1048576K
}
Event: 22.425 GC heap before
{Heap before GC invocations=9 (full 0):
 garbage-first heap   total 48128K, used 27437K [0x00000000c1400000, 0x0000000100000000)
  region size 1024K, 14 young (14336K), 2 survivors (2048K)
 Metaspace       used 35600K, committed 36096K, reserved 1114112K
  class space    used 4487K, committed 4736K, reserved 1048576K
}
Event: 22.431 GC heap after
{Heap after GC invocations=10 (full 0):
 garbage-first heap   total 48128K, used 17850K [0x00000000c1400000, 0x0000000100000000)
  region size 1024K, 3 young (3072K), 3 survivors (3072K)
 Metaspace       used 35600K, committed 36096K, reserved 1114112K
  class space    used 4487K, committed 4736K, reserved 1048576K
}

Deoptimization events (20 events):
Event: 10.339 Thread 0x000001e2ad7b4c40 DEOPT PACKING pc=0x000001e2b608ffca sp=0x00000025e42fd710
Event: 10.339 Thread 0x000001e2ad7b4c40 DEOPT UNPACKING pc=0x000001e2b53d2b43 sp=0x00000025e42fcb80 mode 0
Event: 22.411 Thread 0x000001e2ad7b4c40 Uncommon trap: trap_request=0xffffff45 fr.pc=0x000001e2bcfe01e4 relative=0x0000000000000aa4
Event: 22.411 Thread 0x000001e2ad7b4c40 Uncommon trap: reason=unstable_if action=reinterpret pc=0x000001e2bcfe01e4 method=sun.net.util.IPAddressUtil.scan(Ljava/lang/String;JJ[C)I @ 14 c2
Event: 22.411 Thread 0x000001e2ad7b4c40 DEOPT PACKING pc=0x000001e2bcfe01e4 sp=0x00000025e42f9db0
Event: 22.411 Thread 0x000001e2ad7b4c40 DEOPT UNPACKING pc=0x000001e2b53d23a3 sp=0x00000025e42f9c20 mode 2
Event: 22.540 Thread 0x000001e2ad7b4c40 Uncommon trap: trap_request=0xffffff45 fr.pc=0x000001e2bcfec8b8 relative=0x00000000000002f8
Event: 22.540 Thread 0x000001e2ad7b4c40 Uncommon trap: reason=unstable_if action=reinterpret pc=0x000001e2bcfec8b8 method=java.util.regex.Pattern$SliceI.match(Ljava/util/regex/Matcher;ILjava/lang/CharSequence;)Z @ 29 c2
Event: 22.540 Thread 0x000001e2ad7b4c40 DEOPT PACKING pc=0x000001e2bcfec8b8 sp=0x00000025e42fce50
Event: 22.540 Thread 0x000001e2ad7b4c40 DEOPT UNPACKING pc=0x000001e2b53d23a3 sp=0x00000025e42fcde8 mode 2
Event: 22.644 Thread 0x000001e2ad7b4c40 DEOPT PACKING pc=0x000001e2b60d5fef sp=0x00000025e42fcbe0
Event: 22.644 Thread 0x000001e2ad7b4c40 DEOPT UNPACKING pc=0x000001e2b53d2b43 sp=0x00000025e42fc098 mode 0
Event: 22.888 Thread 0x000001e2ad7b4c40 Uncommon trap: trap_request=0xffffff45 fr.pc=0x000001e2bcfeaff0 relative=0x00000000000006f0
Event: 22.888 Thread 0x000001e2ad7b4c40 Uncommon trap: reason=unstable_if action=reinterpret pc=0x000001e2bcfeaff0 method=java.util.HashMap.putVal(ILjava/lang/Object;Ljava/lang/Object;ZZ)Ljava/lang/Object; @ 109 c2
Event: 22.888 Thread 0x000001e2ad7b4c40 DEOPT PACKING pc=0x000001e2bcfeaff0 sp=0x00000025e42fc920
Event: 22.888 Thread 0x000001e2ad7b4c40 DEOPT UNPACKING pc=0x000001e2b53d23a3 sp=0x00000025e42fc8b8 mode 2
Event: 22.888 Thread 0x000001e2ad7b4c40 Uncommon trap: trap_request=0xffffff45 fr.pc=0x000001e2bce9ae74 relative=0x0000000000000a14
Event: 22.888 Thread 0x000001e2ad7b4c40 Uncommon trap: reason=unstable_if action=reinterpret pc=0x000001e2bce9ae74 method=java.util.HashMap.resize()[Ljava/util/HashMap$Node; @ 203 c2
Event: 22.888 Thread 0x000001e2ad7b4c40 DEOPT PACKING pc=0x000001e2bce9ae74 sp=0x00000025e42fc840
Event: 22.888 Thread 0x000001e2ad7b4c40 DEOPT UNPACKING pc=0x000001e2b53d23a3 sp=0x00000025e42fc7d8 mode 2

Classes loaded (20 events):
Event: 22.704 Loading class com/sun/crypto/provider/GaloisCounterMode$GCMOperation done
Event: 22.704 Loading class com/sun/crypto/provider/GaloisCounterMode$EncryptOp done
Event: 22.706 Loading class sun/security/ssl/SSLCipher$T12GcmReadCipherGenerator$GcmReadCipher
Event: 22.707 Loading class sun/security/ssl/SSLCipher$T12GcmReadCipherGenerator$GcmReadCipher done
Event: 22.707 Loading class com/sun/crypto/provider/GaloisCounterMode$GCMDecrypt
Event: 22.707 Loading class com/sun/crypto/provider/GaloisCounterMode$GCMDecrypt done
Event: 22.707 Loading class com/sun/crypto/provider/GaloisCounterMode$DecryptOp
Event: 22.707 Loading class com/sun/crypto/provider/GaloisCounterMode$DecryptOp done
Event: 22.709 Loading class jdk/internal/event/TLSHandshakeEvent
Event: 22.709 Loading class jdk/internal/event/TLSHandshakeEvent done
Event: 22.709 Loading class javax/net/ssl/SSLEngineResult$HandshakeStatus
Event: 22.709 Loading class javax/net/ssl/SSLEngineResult$HandshakeStatus done
Event: 22.878 Loading class sun/nio/cs/UTF_16LE$Decoder
Event: 22.878 Loading class sun/nio/cs/UnicodeDecoder
Event: 22.878 Loading class sun/nio/cs/UnicodeDecoder done
Event: 22.878 Loading class sun/nio/cs/UTF_16LE$Decoder done
Event: 22.885 Loading class java/util/JumboEnumSet
Event: 22.885 Loading class java/util/JumboEnumSet done
Event: 22.887 Loading class java/util/JumboEnumSet$EnumSetIterator
Event: 22.887 Loading class java/util/JumboEnumSet$EnumSetIterator done

Classes unloaded (0 events):
No events

Classes redefined (0 events):
No events

Internal exceptions (20 events):
Event: 7.874 Thread 0x000001e2ad7b4c40 Implicit null exception at 0x000001e2bcf70ecb to 0x000001e2bcf712b0
Event: 7.874 Thread 0x000001e2ad7b4c40 Exception <a 'java/lang/NoSuchMethodError'{0x00000000c3966680}: 'java.lang.reflect.Field[] java.lang.Class.getDeclaredFields(java.lang.Class)'> (0x00000000c3966680) 
thrown [s\src\hotspot\share\interpreter\linkResolver.cpp, line 759]
Event: 7.955 Thread 0x000001e2ad7b4c40 Exception <a 'java/lang/NoSuchMethodError'{0x00000000c389c4f8}: 'void java.lang.invoke.DirectMethodHandle$Holder.invokeInterface(java.lang.Object, java.lang.Object, int)'> (0x00000000c389c4f8) 
thrown [s\src\hotspot\share\interpreter\linkResolver.cpp, line 759]
Event: 7.970 Thread 0x000001e2ad7b4c40 Exception <a 'java/lang/IncompatibleClassChangeError'{0x00000000c38ec700}: Found class java.lang.Object, but interface was expected> (0x00000000c38ec700) 
thrown [s\src\hotspot\share\interpreter\linkResolver.cpp, line 826]
Event: 7.971 Thread 0x000001e2ad7b4c40 Exception <a 'java/lang/NoSuchMethodError'{0x00000000c38f17f8}: 'void java.lang.invoke.DirectMethodHandle$Holder.invokeStatic(java.lang.Object, int, java.lang.Object)'> (0x00000000c38f17f8) 
thrown [s\src\hotspot\share\interpreter\linkResolver.cpp, line 759]
Event: 8.152 Thread 0x000001e2ad7b4c40 Exception <a 'java/lang/NoSuchMethodError'{0x00000000c34ebea8}: 'java.lang.Object java.lang.invoke.DirectMethodHandle$Holder.invokeStaticInit(java.lang.Object, int, int, int, int)'> (0x00000000c34ebea8) 
thrown [s\src\hotspot\share\interpreter\linkResolver.cpp, line 759]
Event: 8.264 Thread 0x000001e2ad7b4c40 Exception <a 'java/lang/NoSuchMethodError'{0x00000000c33c53c8}: 'java.lang.Object java.lang.invoke.DirectMethodHandle$Holder.invokeStaticInit(java.lang.Object, java.lang.Object, int, int, int, int)'> (0x00000000c33c53c8) 
thrown [s\src\hotspot\share\interpreter\linkResolver.cpp, line 759]
Event: 8.383 Thread 0x000001e2ad7b4c40 Exception <a 'java/lang/NoSuchMethodError'{0x00000000c3030780}: 'int java.lang.invoke.DirectMethodHandle$Holder.invokeVirtual(java.lang.Object, java.lang.Object, java.lang.Object, java.lang.Object)'> (0x00000000c3030780) 
thrown [s\src\hotspot\share\interpreter\linkResolver.cpp, line 759]
Event: 8.384 Thread 0x000001e2ad7b4c40 Exception <a 'java/lang/NoSuchMethodError'{0x00000000c3034480}: 'int java.lang.invoke.DelegatingMethodHandle$Holder.reinvoke_L(java.lang.Object, java.lang.Object, java.lang.Object, java.lang.Object)'> (0x00000000c3034480) 
thrown [s\src\hotspot\share\interpreter\linkResolver.cpp, line 759]
Event: 8.515 Thread 0x000001e2ad7b4c40 Exception <a 'java/lang/NoSuchMethodError'{0x00000000c2ea1b08}: 'java.lang.Object java.lang.invoke.DirectMethodHandle$Holder.invokeSpecial(java.lang.Object, java.lang.Object, long, java.lang.Object, java.lang.Object, java.lang.Object, java.lang.Object, java.lang.Object, java.lang.Object)'> (0x00000000c2ea1b08) 
thrown [s\src\hotspot\share\interpreter\linkResolver.cpp, line 759]
Event: 8.515 Thread 0x000001e2ad7b4c40 Exception <a 'java/lang/NoSuchMethodError'{0x00000000c2ea6638}: 'java.lang.Object java.lang.invoke.DelegatingMethodHandle$Holder.reinvoke_L(java.lang.Object, long, java.lang.Object, java.lang.Object, java.lang.Object, java.lang.Object, java.lang.Object, java.lang.Object)'> (0x00000000c2ea6638) 
thrown [s\src\hotspot\share\interpreter\linkResolver.cpp, line 759]
Event: 8.517 Thread 0x000001e2ad7b4c40 Exception <a 'java/lang/NoSuchMethodError'{0x00000000c2eb3030}: 'java.lang.Object java.lang.invoke.Invokers$Holder.linkToTargetMethod(java.lang.Object, java.lang.Object, java.lang.Object, java.lang.Object, java.lang.Object, java.lang.Object, java.lang.Object)'> (0x00000000c2eb3030) 
thrown [s\src\hotspot\share\interpreter\linkResolver.cpp, line 759]
Event: 8.677 Thread 0x000001e2ad7b4c40 Exception <a 'java/io/FileNotFoundException'{0x00000000c2b53b80}> (0x00000000c2b53b80) 
thrown [s\src\hotspot\share\prims\jni.cpp, line 516]
Event: 8.763 Thread 0x000001e2ad7b4c40 Exception <a 'java/lang/NoSuchMethodError'{0x00000000c2aa42d8}: 'int java.lang.invoke.DirectMethodHandle$Holder.invokeInterface(java.lang.Object, java.lang.Object, java.lang.Object, java.lang.Object)'> (0x00000000c2aa42d8) 
thrown [s\src\hotspot\share\interpreter\linkResolver.cpp, line 759]
Event: 8.871 Thread 0x000001e2ad7b4c40 Exception <a 'java/lang/NoSuchMethodError'{0x00000000c2899bb0}: 'long java.lang.invoke.DirectMethodHandle$Holder.invokeVirtual(java.lang.Object, java.lang.Object)'> (0x00000000c2899bb0) 
thrown [s\src\hotspot\share\interpreter\linkResolver.cpp, line 759]
Event: 8.980 Thread 0x000001e2ad7b4c40 Exception <a 'java/lang/NoSuchMethodError'{0x00000000c53305e8}: 'int java.lang.invoke.DirectMethodHandle$Holder.invokeStatic(java.lang.Object, int, java.lang.Object)'> (0x00000000c53305e8) 
thrown [s\src\hotspot\share\interpreter\linkResolver.cpp, line 759]
Event: 9.208 Thread 0x000001e2ad7b4c40 Exception <a 'java/lang/NoSuchMethodError'{0x00000000c3df3138}: 'java.lang.Object java.lang.invoke.DirectMethodHandle$Holder.newInvokeSpecial(java.lang.Object, java.lang.Object, java.lang.Object, java.lang.Object, java.lang.Object, java.lang.Object, java.lang.Object, java.lang.Object, java.lang.Object, java.lang.Object, java.lang.Object)'> (0x00000000c3df3138) 
thrown [s\src\hotspot\share\interpreter\linkResolver.cpp, line 759]
Event: 9.208 Thread 0x000001e2ad7b4c40 Exception <a 'java/lang/NoSuchMethodError'{0x00000000c3df8360}: 'java.lang.Object java.lang.invoke.DirectMethodHandle$Holder.invokeSpecial(java.lang.Object, java.lang.Object, java.lang.Object, java.lang.Object, java.lang.Object, java.lang.Object, java.lang.Object, java.lang.Object, java.lang.Object, java.lang.Object, java.lang.Object, java.lang.Object)'> (0x00000000c3df8360) 
thrown [s\src\hotspot\share\interpreter\linkResolver.cpp, line 759]
Event: 9.345 Thread 0x000001e2ad7b4c40 Exception <a 'java/lang/NoSuchMethodError'{0x00000000c3ae7e70}: 'void java.lang.invoke.DelegatingMethodHandle$Holder.reinvoke_L(java.lang.Object, java.lang.Object, java.lang.Object, java.lang.Object, int, java.lang.Object, java.lang.Object, java.lang.Object)'> (0x00000000c3ae7e70) 
thrown [s\src\hotspot\share\interpreter\linkResolver.cpp, line 759]
Event: 22.381 Thread 0x000001e2ad7b4c40 Exception <a 'sun/nio/fs/WindowsException'{0x00000000c37c73a0}> (0x00000000c37c73a0) 
thrown [s\src\hotspot\share\prims\jni.cpp, line 516]

VM Operations (20 events):
Event: 22.411 Executing VM operation: HandshakeAllThreads
Event: 22.411 Executing VM operation: HandshakeAllThreads done
Event: 22.411 Executing VM operation: Cleanup
Event: 22.411 Executing VM operation: Cleanup done
Event: 22.424 Executing VM operation: CollectForMetadataAllocation
Event: 22.431 Executing VM operation: CollectForMetadataAllocation done
Event: 22.478 Executing VM operation: CollectForMetadataAllocation
Event: 22.478 Executing VM operation: CollectForMetadataAllocation done
Event: 22.485 Executing VM operation: G1Concurrent
Event: 22.489 Executing VM operation: G1Concurrent done
Event: 22.512 Executing VM operation: G1Concurrent
Event: 22.513 Executing VM operation: G1Concurrent done
Event: 22.536 Executing VM operation: HandshakeAllThreads
Event: 22.536 Executing VM operation: HandshakeAllThreads done
Event: 22.545 Executing VM operation: HandshakeAllThreads
Event: 22.545 Executing VM operation: HandshakeAllThreads done
Event: 22.886 Executing VM operation: HandshakeAllThreads
Event: 22.886 Executing VM operation: HandshakeAllThreads done
Event: 22.886 Executing VM operation: HandshakeAllThreads
Event: 22.886 Executing VM operation: HandshakeAllThreads done

Events (20 events):
Event: 0.414 Loaded shared library C:\Users\ERIN_JAVALead\.jdks\corretto-18.0.2\bin\nio.dll
Event: 0.424 Loaded shared library C:\Users\ERIN_JAVALead\.jdks\corretto-18.0.2\bin\zip.dll
Event: 0.518 Thread 0x000001e2cd17bed0 Thread added: 0x000001e2cd17bed0
Event: 0.658 Loaded shared library C:\Program Files\JetBrains\IntelliJ IDEA Community Edition 2021.3.3\bin\breakgen64.dll
Event: 0.659 Thread 0x000001e2cd2998c0 Thread added: 0x000001e2cd2998c0
Event: 0.660 Thread 0x000001e2cd299d80 Thread added: 0x000001e2cd299d80
Event: 0.774 Loaded shared library C:\Users\ERIN_JAVALead\.jdks\corretto-18.0.2\bin\jimage.dll
Event: 1.463 Thread 0x000001e2cd17bed0 Thread exited: 0x000001e2cd17bed0
Event: 3.007 Thread 0x000001e2cdb131b0 Thread added: 0x000001e2cdb131b0
Event: 3.465 Loaded shared library C:\Users\ERIN_JAVALead\.jdks\corretto-18.0.2\bin\verify.dll
Event: 4.240 Thread 0x000001e2cdb131b0 Thread exited: 0x000001e2cdb131b0
Event: 5.065 Thread 0x000001e2ce0a4020 Thread added: 0x000001e2ce0a4020
Event: 5.126 Thread 0x000001e2ce0a4020 Thread exited: 0x000001e2ce0a4020
Event: 8.600 Loaded shared library C:\Users\ERIN_JAVALead\.jdks\corretto-18.0.2\bin\sunmscapi.dll
Event: 8.653 Loaded shared library C:\Users\ERIN_JAVALead\.jdks\corretto-18.0.2\bin\management.dll
Event: 8.657 Loaded shared library C:\Users\ERIN_JAVALead\.jdks\corretto-18.0.2\bin\management_ext.dll
Event: 8.899 Thread 0x000001e2cdf60ae0 Thread added: 0x000001e2cdf60ae0
Event: 8.901 Thread 0x000001e2ce9ead10 Thread added: 0x000001e2ce9ead10
Event: 8.908 Thread 0x000001e2cf15f8e0 Thread added: 0x000001e2cf15f8e0
Event: 22.928 Thread 0x000001e2cf15d730 Thread added: 0x000001e2cf15d730


Dynamic libraries:
0x00007ff705e00000 - 0x00007ff705e0d000 	C:\Users\ERIN_JAVALead\.jdks\corretto-18.0.2\bin\java.exe
0x00007ffe83750000 - 0x00007ffe83947000 	C:\WINDOWS\SYSTEM32\ntdll.dll
0x00007ffe82740000 - 0x00007ffe827fd000 	C:\WINDOWS\System32\KERNEL32.DLL
0x00007ffe81200000 - 0x00007ffe814f6000 	C:\WINDOWS\System32\KERNELBASE.dll
0x00007ffe80ff0000 - 0x00007ffe810f0000 	C:\WINDOWS\System32\ucrtbase.dll
0x00007ffe6cfe0000 - 0x00007ffe6cff7000 	C:\Users\ERIN_JAVALead\.jdks\corretto-18.0.2\bin\jli.dll
0x00007ffe81cf0000 - 0x00007ffe81e8e000 	C:\WINDOWS\System32\USER32.dll
0x00007ffe811a0000 - 0x00007ffe811c2000 	C:\WINDOWS\System32\win32u.dll
0x00007ffe82a60000 - 0x00007ffe82a8c000 	C:\WINDOWS\System32\GDI32.dll
0x00007ffe815f0000 - 0x00007ffe8170a000 	C:\WINDOWS\System32\gdi32full.dll
0x00007ffe81500000 - 0x00007ffe8159d000 	C:\WINDOWS\System32\msvcp_win.dll
0x00007ffe660e0000 - 0x00007ffe660f5000 	C:\Users\ERIN_JAVALead\.jdks\corretto-18.0.2\bin\VCRUNTIME140.dll
0x00007ffe6bfb0000 - 0x00007ffe6c24a000 	C:\WINDOWS\WinSxS\amd64_microsoft.windows.common-controls_6595b64144ccf1df_6.0.19041.3570_none_60bb2a3971f3e41a\COMCTL32.dll
0x00007ffe81780000 - 0x00007ffe8181e000 	C:\WINDOWS\System32\msvcrt.dll
0x00007ffe818e0000 - 0x00007ffe81910000 	C:\WINDOWS\System32\IMM32.DLL
0x00007ffe518f0000 - 0x00007ffe5198b000 	C:\Users\ERIN_JAVALead\.jdks\corretto-18.0.2\bin\msvcp140.dll
0x00007ffe43150000 - 0x00007ffe43dc1000 	C:\Users\ERIN_JAVALead\.jdks\corretto-18.0.2\bin\server\jvm.dll
0x00007ffe833c0000 - 0x00007ffe8346e000 	C:\WINDOWS\System32\ADVAPI32.dll
0x00007ffe82a90000 - 0x00007ffe82b2c000 	C:\WINDOWS\System32\sechost.dll
0x00007ffe834d0000 - 0x00007ffe835f6000 	C:\WINDOWS\System32\RPCRT4.dll
0x00007ffe822c0000 - 0x00007ffe822c8000 	C:\WINDOWS\System32\PSAPI.DLL
0x00007ffe7e5b0000 - 0x00007ffe7e5b9000 	C:\WINDOWS\SYSTEM32\WSOCK32.dll
0x00007ffe81910000 - 0x00007ffe8197b000 	C:\WINDOWS\System32\WS2_32.dll
0x00007ffe60c10000 - 0x00007ffe60c37000 	C:\WINDOWS\SYSTEM32\WINMM.dll
0x00007ffe7ba10000 - 0x00007ffe7ba1a000 	C:\WINDOWS\SYSTEM32\VERSION.dll
0x00007ffe7eca0000 - 0x00007ffe7ecb2000 	C:\WINDOWS\SYSTEM32\kernel.appcore.dll
0x00007ffe7e5c0000 - 0x00007ffe7e5ca000 	C:\Users\ERIN_JAVALead\.jdks\corretto-18.0.2\bin\jimage.dll
0x00007ffe6df40000 - 0x00007ffe6e124000 	C:\WINDOWS\SYSTEM32\DBGHELP.DLL
0x00007ffe6de40000 - 0x00007ffe6de74000 	C:\WINDOWS\SYSTEM32\dbgcore.DLL
0x00007ffe80f60000 - 0x00007ffe80fe2000 	C:\WINDOWS\System32\bcryptPrimitives.dll
0x00007ffe6e6c0000 - 0x00007ffe6e6ce000 	C:\Users\ERIN_JAVALead\.jdks\corretto-18.0.2\bin\instrument.dll
0x00007ffe65f40000 - 0x00007ffe65f65000 	C:\Users\ERIN_JAVALead\.jdks\corretto-18.0.2\bin\java.dll
0x00007ffe4d120000 - 0x00007ffe4d1f6000 	C:\Users\ERIN_JAVALead\.jdks\corretto-18.0.2\bin\jsvml.dll
0x00007ffe82be0000 - 0x00007ffe83324000 	C:\WINDOWS\System32\SHELL32.dll
0x00007ffe7eea0000 - 0x00007ffe7f63b000 	C:\WINDOWS\SYSTEM32\windows.storage.dll
0x00007ffe81f60000 - 0x00007ffe822b4000 	C:\WINDOWS\System32\combase.dll
0x00007ffe80770000 - 0x00007ffe8079d000 	C:\WINDOWS\SYSTEM32\Wldp.dll
0x00007ffe82b30000 - 0x00007ffe82bdd000 	C:\WINDOWS\System32\SHCORE.dll
0x00007ffe81c90000 - 0x00007ffe81ce5000 	C:\WINDOWS\System32\shlwapi.dll
0x00007ffe80d30000 - 0x00007ffe80d55000 	C:\WINDOWS\SYSTEM32\profapi.dll
0x00007ffe62910000 - 0x00007ffe62928000 	C:\Users\ERIN_JAVALead\.jdks\corretto-18.0.2\bin\zip.dll
0x00007ffe64470000 - 0x00007ffe64483000 	C:\Users\ERIN_JAVALead\.jdks\corretto-18.0.2\bin\net.dll
0x00007ffe7a590000 - 0x00007ffe7a69a000 	C:\WINDOWS\SYSTEM32\WINHTTP.dll
0x00007ffe804d0000 - 0x00007ffe8053a000 	C:\WINDOWS\system32\mswsock.dll
0x00007ffe64450000 - 0x00007ffe64465000 	C:\Users\ERIN_JAVALead\.jdks\corretto-18.0.2\bin\nio.dll
0x00007ffe628f0000 - 0x00007ffe6290a000 	C:\Program Files\JetBrains\IntelliJ IDEA Community Edition 2021.3.3\bin\breakgen64.dll
0x00007ffe6e640000 - 0x00007ffe6e650000 	C:\Users\ERIN_JAVALead\.jdks\corretto-18.0.2\bin\verify.dll
0x00007ffe806d0000 - 0x00007ffe806e8000 	C:\WINDOWS\SYSTEM32\CRYPTSP.dll
0x00007ffe7fde0000 - 0x00007ffe7fe14000 	C:\WINDOWS\system32\rsaenh.dll
0x00007ffe811d0000 - 0x00007ffe811f7000 	C:\WINDOWS\System32\bcrypt.dll
0x00007ffe80cf0000 - 0x00007ffe80d1e000 	C:\WINDOWS\SYSTEM32\USERENV.dll
0x00007ffe806c0000 - 0x00007ffe806cc000 	C:\WINDOWS\SYSTEM32\CRYPTBASE.dll
0x00007ffe801c0000 - 0x00007ffe801fb000 	C:\WINDOWS\SYSTEM32\IPHLPAPI.DLL
0x00007ffe82920000 - 0x00007ffe82928000 	C:\WINDOWS\System32\NSI.dll
0x00007ffe7ac40000 - 0x00007ffe7ac57000 	C:\WINDOWS\SYSTEM32\dhcpcsvc6.DLL
0x00007ffe7aca0000 - 0x00007ffe7acbd000 	C:\WINDOWS\SYSTEM32\dhcpcsvc.DLL
0x00007ffe80200000 - 0x00007ffe802ca000 	C:\WINDOWS\SYSTEM32\DNSAPI.dll
0x00007ffe643c0000 - 0x00007ffe643ce000 	C:\Users\ERIN_JAVALead\.jdks\corretto-18.0.2\bin\sunmscapi.dll
0x00007ffe80e00000 - 0x00007ffe80f5d000 	C:\WINDOWS\System32\CRYPT32.dll
0x00007ffe807e0000 - 0x00007ffe80807000 	C:\WINDOWS\SYSTEM32\ncrypt.dll
0x00007ffe807a0000 - 0x00007ffe807db000 	C:\WINDOWS\SYSTEM32\NTASN1.dll
0x00007ffe6e480000 - 0x00007ffe6e489000 	C:\Users\ERIN_JAVALead\.jdks\corretto-18.0.2\bin\management.dll
0x00007ffe6e130000 - 0x00007ffe6e13b000 	C:\Users\ERIN_JAVALead\.jdks\corretto-18.0.2\bin\management_ext.dll
0x00007ffe5cca0000 - 0x00007ffe5ccb7000 	C:\WINDOWS\system32\napinsp.dll
0x00007ffe541f0000 - 0x00007ffe5420b000 	C:\WINDOWS\system32\pnrpnsp.dll
0x00007ffe541d0000 - 0x00007ffe541e2000 	C:\WINDOWS\System32\winrnr.dll
0x00007ffe7c7e0000 - 0x00007ffe7c7fd000 	C:\WINDOWS\system32\NLAapi.dll
0x00007ffe7bc80000 - 0x00007ffe7bc95000 	C:\WINDOWS\system32\wshbth.dll
0x00007ffe78ce0000 - 0x00007ffe78cea000 	C:\Windows\System32\rasadhlp.dll
0x00007ffe78d20000 - 0x00007ffe78da2000 	C:\WINDOWS\System32\fwpuclnt.dll

dbghelp: loaded successfully - version: 4.0.5 - missing functions: none
symbol engine: initialized successfully - sym options: 0x614 - pdb path: .;C:\Users\ERIN_JAVALead\.jdks\corretto-18.0.2\bin;C:\WINDOWS\SYSTEM32;C:\WINDOWS\WinSxS\amd64_microsoft.windows.common-controls_6595b64144ccf1df_6.0.19041.3570_none_60bb2a3971f3e41a;C:\Users\ERIN_JAVALead\.jdks\corretto-18.0.2\bin\server;C:\Program Files\JetBrains\IntelliJ IDEA Community Edition 2021.3.3\bin

VM Arguments:
jvm_args: -javaagent:C:\Program Files\JetBrains\IntelliJ IDEA Community Edition 2021.3.3\lib\idea_rt.jar=52707:C:\Program Files\JetBrains\IntelliJ IDEA Community Edition 2021.3.3\bin -Dfile.encoding=UTF-8 
java_command: com.devskiller.tasks.blog.BlogApplication
java_class_path (initial): C:\Users\ERIN_JAVALead\Downloads\devskiller-code-U32X-W3E7-T2E6-S3F\target\classes;C:\Users\ERIN_JAVALead\.m2\repository\org\springframework\boot\spring-boot-starter-data-jpa\3.0.0\spring-boot-starter-data-jpa-3.0.0.jar;C:\Users\ERIN_JAVALead\.m2\repository\org\springframework\boot\spring-boot-starter-aop\3.0.0\spring-boot-starter-aop-3.0.0.jar;C:\Users\ERIN_JAVALead\.m2\repository\org\springframework\spring-aop\6.0.2\spring-aop-6.0.2.jar;C:\Users\ERIN_JAVALead\.m2\repository\org\aspectj\aspectjweaver\1.9.9.1\aspectjweaver-1.9.9.1.jar;C:\Users\ERIN_JAVALead\.m2\repository\org\springframework\boot\spring-boot-starter-jdbc\3.0.0\spring-boot-starter-jdbc-3.0.0.jar;C:\Users\ERIN_JAVALead\.m2\repository\com\zaxxer\HikariCP\5.0.1\HikariCP-5.0.1.jar;C:\Users\ERIN_JAVALead\.m2\repository\org\springframework\spring-jdbc\6.0.2\spring-jdbc-6.0.2.jar;C:\Users\ERIN_JAVALead\.m2\repository\org\hibernate\orm\hibernate-core\6.1.5.Final\hibernate-core-6.1.5.Final.jar;C:\Users\ERIN_JAVALead\.m2\repository\jakarta\persistence\jakarta.persistence-api\3.1.0\jakarta.persistence-api-3.1.0.jar;C:\Users\ERIN_JAVALead\.m2\repository\jakarta\transaction\jakarta.transaction-api\2.0.1\jakarta.transaction-api-2.0.1.jar;C:\Users\ERIN_JAVALead\.m2\repository\org\jboss\logging\jboss-logging\3.5.0.Final\jboss-logging-3.5.0.Final.jar;C:\Users\ERIN_JAVALead\.m2\repository\org\hibernate\common\hibernate-commons-annotations\6.0.2.Final\hibernate-commons-annotations-6.0.2.Final.jar;C:\Users\ERIN_JAVALead\.m2\repository\org\jboss\jandex\2.4.2.Final\jandex-2.4.2.Final.jar;C:\Users\ERIN_JAVALead\.m2\repository\com\fasterxml\classmate\1.5.1\classmate-1.5.1.jar;C:\Users\ERIN_JAVALead\.m2\repository\net\bytebuddy\byte-buddy\1.12.19\byte-buddy-1.12.19.jar;C:\Users\ERIN_JAVALead\.m2\repository\org\glassfish\jaxb\jaxb-runtime\4.0.1\jaxb-runtime-4.0.1.jar;C:\Users\ERIN_JAVALead\.m2\repository\org\glassfish\jaxb\jaxb-core\4.0.1\jaxb-core-4.0.1.jar;C:\Users\ERIN_JAVALead\.m2\repository\org\eclipse\angus\angus-activation\1.0.0\angus-activation-1.0.0.jar;C:\Users\ERIN_JAVALead\.m2\repository\org\glassfish\jaxb\txw2\4.0.1\txw2-4.0.1.jar;C:\Users\ERIN_JAVALead\.m2\repository\com\sun\istack\istack-commons-runtime\4.1.1\istack-commons-runtime-4.1.1.jar;C:\Users\ERIN_JAVALead\.m2\repository\jakarta\inject\jakarta.inject-api\2.0.0\jakarta.inject-api-2.0.0.jar;C:\Users\ERIN_JAVALead\.m2\repository\org\antlr\antlr4-runtime\4.10.1\antlr4-runtime-4.10.1.jar;C:\Users\ERIN_JAVALead\.m2\repository\org\springframework\data\spring-data-jpa\3.0.0\spring-data-jpa-3.0.0.jar;C:\Users\ERIN_JAVALead\.m2\repository\org\springframework\data\spring-data-commons\3.0.0\spring-data-commons-3.0.0.jar;C:\Users\ERIN_JAVALead\.m2\repository\org\springframework\spring-orm\6.0.2\spring-orm-6.0.2.jar;C:\Users\ERIN_JAVALead\.m2\repository\org\springframework\spring-context\6.0.2\spring-context-6.0.2.jar;C:\Users\ERIN_JAVALead\.m2\repository\org\springframework\spring-tx\6.0.2\spring-tx-6.0.2.jar;C:\Users\ERIN_JAVALead\.m2\repository\org\springframework\spring-beans\6.0.2\spring-beans-6.0.2.jar;C:\Users\ERIN_JAVALead\.m2\repository\jakarta\annotation\jakarta.annotation-api\2.1.1\jakarta.annotation-api-2.1.1.jar;C:\Users\ERIN_JAVALead\.m2\repository\org\slf4j\slf4j-api\2.0.4\slf4j-api-2.0.4.jar;C:\Users\ERIN_JAVALead\.m2\repository\org\springframework\spring-aspects\6.0.2\spring-aspects-6.0.2.jar;C:\Users\ERIN_JAVALead\.m2\repository\org\springframework\boot\spring-boot-starter-web\2.4.2\spring-boot-starter-web-2.4.2.jar;C:\Users\ERIN_JAVALead\.m2\repository\org\springframework\boot\spring-boot-starter\3.0.0\spring-boot-starter-3.0.0.jar;C:\Users\ERIN_JAVALead\.m2\repository\org\springframework\boot\spring-boot\3.0.0\spring-boot-3.0.0.jar;C:\Users\ERIN_JAVALead\.m2\repository\org\springframework\boot\spring-boot-autoconfigure\3.0.0\spring-boot-autoconfigure-3.0.0.jar;C:\Users\ERIN_JAVALead\.m2\repository\org\springframework\boot\spring-boot-starter-logging\3.0.0\spring-boot-starter-logging-3.0.0.jar;C:\Users\ERIN_JAVALead\.m2\repository\ch\qos\logback\logback-classic\1.4.5\logback-classic-1.4.5.jar;C:\Users\ERIN_JAVALead\.m2\repository\ch\qos\logback\logback-core\1.4.5\logback-core-1.4.5.jar;C:\Users\ERIN_JAVALead\.m2\repository\org\apache\logging\log4j\log4j-to-slf4j\2.19.0\log4j-to-slf4j-2.19.0.jar;C:\Users\ERIN_JAVALead\.m2\repository\org\slf4j\jul-to-slf4j\2.0.4\jul-to-slf4j-2.0.4.jar;C:\Users\ERIN_JAVALead\.m2\repository\org\yaml\snakeyaml\1.33\snakeyaml-1.33.jar;C:\Users\ERIN_JAVALead\.m2\repository\org\springframework\boot\spring-boot-starter-json\3.0.0\spring-boot-starter-json-3.0.0.jar;C:\Users\ERIN_JAVALead\.m2\repository\com\fasterxml\jackson\core\jackson-databind\2.14.1\jackson-databind-2.14.1.jar;C:\Users\ERIN_JAVALead\.m2\repository\com\fasterxml\jackson\core\jackson-annotations\2.14.1\jackson-annotations-2.14.1.jar;C:\Users\ERIN_JAVALead\.m2\repository\com\fasterxml\jackson\core\jackson-core\2.14.1\jackson-core-2.14.1.jar;C:\Users\ERIN_JAVALead\.m2\repository\com\fasterxml\jackson\datatype\jackson-datatype-jdk8\2.14.1\jackson-datatype-jdk8-2.14.1.jar;C:\Users\ERIN_JAVALead\.m2\repository\com\fasterxml\jackson\datatype\jackson-datatype-jsr310\2.14.1\jackson-datatype-jsr310-2.14.1.jar;C:\Users\ERIN_JAVALead\.m2\repository\com\fasterxml\jackson\module\jackson-module-parameter-names\2.14.1\jackson-module-parameter-names-2.14.1.jar;C:\Users\ERIN_JAVALead\.m2\repository\org\springframework\boot\spring-boot-starter-tomcat\3.0.0\spring-boot-starter-tomcat-3.0.0.jar;C:\Users\ERIN_JAVALead\.m2\repository\org\apache\tomcat\embed\tomcat-embed-core\10.1.1\tomcat-embed-core-10.1.1.jar;C:\Users\ERIN_JAVALead\.m2\repository\org\apache\tomcat\embed\tomcat-embed-el\10.1.1\tomcat-embed-el-10.1.1.jar;C:\Users\ERIN_JAVALead\.m2\repository\org\apache\tomcat\embed\tomcat-embed-websocket\10.1.1\tomcat-embed-websocket-10.1.1.jar;C:\Users\ERIN_JAVALead\.m2\repository\org\springframework\spring-web\6.0.2\spring-web-6.0.2.jar;C:\Users\ERIN_JAVALead\.m2\repository\io\micrometer\micrometer-observation\1.10.2\micrometer-observation-1.10.2.jar;C:\Users\ERIN_JAVALead\.m2\repository\io\micrometer\micrometer-commons\1.10.2\micrometer-commons-1.10.2.jar;C:\Users\ERIN_JAVALead\.m2\repository\org\springframework\spring-webmvc\6.0.2\spring-webmvc-6.0.2.jar;C:\Users\ERIN_JAVALead\.m2\repository\org\springframework\spring-expression\6.0.2\spring-expression-6.0.2.jar;C:\Users\ERIN_JAVALead\.m2\repository\com\microsoft\sqlserver\mssql-jdbc\12.4.1.jre11\mssql-jdbc-12.4.1.jre11.jar;C:\Users\ERIN_JAVALead\.m2\repository\com\h2database\h2\2.1.214\h2-2.1.214.jar;C:\Users\ERIN_JAVALead\.m2\repository\jakarta\xml\bind\jakarta.xml.bind-api\4.0.0\jakarta.xml.bind-api-4.0.0.jar;C:\Users\ERIN_JAVALead\.m2\repository\jakarta\activation\jakarta.activation-api\2.1.0\jakarta.activation-api-2.1.0.jar;C:\Users\ERIN_JAVALead\.m2\repository\org\springframework\spring-core\6.0.2\spring-core-6.0.2.jar;C:\Users\ERIN_JAVALead\.m2\repository\org\springframework\spring-jcl\6.0.2\spring-jcl-6.0.2.jar;C:\Users\ERIN_JAVALead\.m2\repository\org\apache\logging\log4j\log4j-api\2.6.1\log4j-api-2.6.1.jar;C:\Users\ERIN_JAVALead\.m2\repository\org\apache\logging\log4j\log4j-core\2.6.1\log4j-core-2.6.1.jar
Launcher Type: SUN_STANDARD

[Global flags]
     intx CICompilerCount                          = 3                                         {product} {ergonomic}
     uint ConcGCThreads                            = 1                                         {product} {ergonomic}
     uint G1ConcRefinementThreads                  = 4                                         {product} {ergonomic}
   size_t G1HeapRegionSize                         = 1048576                                   {product} {ergonomic}
    uintx GCDrainStackTargetSize                   = 64                                        {product} {ergonomic}
   size_t InitialHeapSize                          = 67108864                                  {product} {ergonomic}
   size_t MarkStackSize                            = 4194304                                   {product} {ergonomic}
   size_t MaxHeapSize                              = 1052770304                                {product} {ergonomic}
   size_t MaxNewSize                               = 631242752                                 {product} {ergonomic}
   size_t MinHeapDeltaBytes                        = 1048576                                   {product} {ergonomic}
   size_t MinHeapSize                              = 8388608                                   {product} {ergonomic}
    uintx NonNMethodCodeHeapSize                   = 5832780                                {pd product} {ergonomic}
    uintx NonProfiledCodeHeapSize                  = 122912730                              {pd product} {ergonomic}
    uintx ProfiledCodeHeapSize                     = 122912730                              {pd product} {ergonomic}
    uintx ReservedCodeCacheSize                    = 251658240                              {pd product} {ergonomic}
     bool SegmentedCodeCache                       = true                                      {product} {ergonomic}
   size_t SoftMaxHeapSize                          = 1052770304                             {manageable} {ergonomic}
     bool UseCompressedClassPointers               = true                           {product lp64_product} {ergonomic}
     bool UseCompressedOops                        = true                           {product lp64_product} {ergonomic}
     bool UseG1GC                                  = true                                      {product} {ergonomic}
     bool UseLargePagesIndividualAllocation        = false                                  {pd product} {ergonomic}

Logging:
Log output configuration:
 #0: stdout all=warning uptime,level,tags foldmultilines=false
 #1: stderr all=off uptime,level,tags foldmultilines=false

Environment Variables:
PATH=C:\WINDOWS\system32;C:\WINDOWS;C:\WINDOWS\System32\Wbem;C:\WINDOWS\System32\WindowsPowerShell\v1.0\;C:\WINDOWS\System32\OpenSSH\;C:\Program Files (x86)\nodejs\;C:\Program Files (x86)\nodejs\npm;C:\Users\ERIN_JAVALead\AppData\Roaming\npm;C:\Program Files\Git\cmd;C:\Program Files (x86)\dotnet\;C:\Program Files (x86)\Microsoft SQL Server\160\DTS\Binn\;C:\Program Files\Azure Data Studio\bin;C:\Program Files (x86)\Microsoft SQL Server\160\Tools\Binn\;C:\Program Files\Microsoft SQL Server\160\Tools\Binn\;C:\Program Files\Microsoft SQL Server\Client SDK\ODBC\170\Tools\Binn\;C:\Program Files\Microsoft SQL Server\160\DTS\Binn\;C:\Users\ERIN_JAVALead\AppData\Local\Microsoft\WindowsApps;;C:\Users\ERIN_JAVALead\AppData\Local\Programs\Microsoft VS Code\bin;C:\Users\ERIN_JAVALead\AppData\Roaming\npm;C:\Program Files\Azure Data Studio\bin
USERNAME=ERIN_JAVALead
OS=Windows_NT
PROCESSOR_IDENTIFIER=Intel64 Family 6 Model 78 Stepping 3, GenuineIntel



---------------  S Y S T E M  ---------------

OS:
 Windows 10 , 64 bit Build 19041 (10.0.19041.3570)
OS uptime: 0 days 2:39 hours

CPU: total 4 (initial active 4) (2 cores per cpu, 2 threads per core) family 6 model 78 stepping 3 microcode 0xcc, cx8, cmov, fxsr, ht, mmx, 3dnowpref, sse, sse2, sse3, ssse3, sse4.1, sse4.2, popcnt, lzcnt, tsc, tscinvbit, avx, avx2, aes, erms, clmul, bmi1, bmi2, adx, fma, vzeroupper, clflush, clflushopt

Memory: 4k page, system-wide physical 4012M (278M free)
TotalPageFile size 6060M (AvailPageFile size 4M)
current process WorkingSet (physical memory assigned to process): 158M, peak: 164M
current process commit charge ("private bytes"): 190M, peak: 196M

vm_info: OpenJDK 64-Bit Server VM (18.0.2+9-FR) for windows-amd64 JRE (18.0.2+9-FR), built on Jul 15 2022 20:03:03 by "Administrator" with MS VC++ 15.9 (VS2017)

END.
