#
# There is insufficient memory for the Java Runtime Environment to continue.
# Native memory allocation (malloc) failed to allocate 582576 bytes for Chunk::new
# Possible reasons:
#   The system is out of physical RAM or swap space
#   The process is running with CompressedOops enabled, and the Java Heap may be blocking the growth of the native heap
# Possible solutions:
#   Reduce memory load on the system
#   Increase physical memory or swap space
#   Check if swap backing store is full
#   Decrease Java heap size (-Xmx/-Xms)
#   Decrease number of Java threads
#   Decrease Java thread stack sizes (-Xss)
#   Set larger code cache with -XX:ReservedCodeCacheSize=
#   JVM is running with Unscaled Compressed Oops mode in which the Java heap is
#     placed in the first 4GB address space. The Java Heap base address is the
#     maximum limit for the native heap growth. Please use -XX:HeapBaseMinAddress
#     to set the Java Heap base and to place the Java Heap above 4GB virtual address.
# This output file may be truncated or incomplete.
#
#  Out of Memory Error (arena.cpp:184), pid=12648, tid=10000
#
# JRE version: OpenJDK Runtime Environment Corretto-18.0.2.9.1 (18.0.2+9) (build 18.0.2+9-FR)
# Java VM: OpenJDK 64-Bit Server VM Corretto-18.0.2.9.1 (18.0.2+9-FR, mixed mode, sharing, tiered, compressed oops, compressed class ptrs, g1 gc, windows-amd64)
# No core dump will be written. Minidumps are not enabled by default on client versions of Windows
#

---------------  S U M M A R Y ------------

Command Line: -ea -Didea.test.cyclic.buffer.size=1048576 -javaagent:C:\Program Files\JetBrains\IntelliJ IDEA Community Edition 2021.3.3\lib\idea_rt.jar=51362:C:\Program Files\JetBrains\IntelliJ IDEA Community Edition 2021.3.3\bin -Dfile.encoding=UTF-8 com.intellij.rt.junit.JUnitStarter -ideVersion5 -junit5 com.devskiller.tasks.blog.service.UserServiceTest,testToken

Host: Intel(R) Core(TM) i3-6006U CPU @ 2.00GHz, 4 cores, 3G,  Windows 10 , 64 bit Build 19041 (10.0.19041.3570)
Time: Sat Oct 28 23:34:32 2023 Central European Daylight Time elapsed time: 3.177791 seconds (0d 0h 0m 3s)

---------------  T H R E A D  ---------------

Current thread (0x00000251b2bf6c10):  JavaThread "C2 CompilerThread0" daemon [_thread_in_native, id=10000, stack(0x000000c725700000,0x000000c725800000)]


Current CompileTask:
C2:   3177 1378       4       java.lang.invoke.MethodType::makeImpl (109 bytes)

Stack: [0x000000c725700000,0x000000c725800000]
Native frames: (J=compiled Java code, j=interpreted, Vv=VM code, C=native code)
V  [jvm.dll+0x685a2a]
V  [jvm.dll+0x82ae8d]
V  [jvm.dll+0x82c75e]
V  [jvm.dll+0x82ce03]
V  [jvm.dll+0x25ef4b]
V  [jvm.dll+0xd42d2]
V  [jvm.dll+0xd4665]
V  [jvm.dll+0x2ca852]
V  [jvm.dll+0x5907bf]
V  [jvm.dll+0x23bae0]
V  [jvm.dll+0x23514d]
V  [jvm.dll+0x232e1f]
V  [jvm.dll+0x1c0a35]
V  [jvm.dll+0x24212c]
V  [jvm.dll+0x240534]
V  [jvm.dll+0x7df6db]
V  [jvm.dll+0x7d9cba]
V  [jvm.dll+0x6848a5]
C  [ucrtbase.dll+0x21bb2]
C  [KERNEL32.DLL+0x17344]
C  [ntdll.dll+0x526b1]


---------------  P R O C E S S  ---------------

Threads class SMR info:
_java_thread_list=0x00000251b7c16eb0, length=13, elements={
0x000002519767a550, 0x00000251b2bd7e50, 0x00000251b2bd8ab0, 0x00000251b2bef050,
0x00000251b2bef9f0, 0x00000251b2bf0390, 0x00000251b2bf1220, 0x00000251b2bf6c10,
0x00000251b2bf8510, 0x00000251b2c74550, 0x00000251b2bbb440, 0x00000251b70ac460,
0x00000251b70ac920
}

Java Threads: ( => current thread )
  0x000002519767a550 JavaThread "main" [_thread_in_vm, id=6700, stack(0x000000c724a00000,0x000000c724b00000)]
  0x00000251b2bd7e50 JavaThread "Reference Handler" daemon [_thread_blocked, id=13476, stack(0x000000c725100000,0x000000c725200000)]
  0x00000251b2bd8ab0 JavaThread "Finalizer" daemon [_thread_blocked, id=9532, stack(0x000000c725200000,0x000000c725300000)]
  0x00000251b2bef050 JavaThread "Signal Dispatcher" daemon [_thread_blocked, id=4608, stack(0x000000c725300000,0x000000c725400000)]
  0x00000251b2bef9f0 JavaThread "Attach Listener" daemon [_thread_blocked, id=11892, stack(0x000000c725400000,0x000000c725500000)]
  0x00000251b2bf0390 JavaThread "Service Thread" daemon [_thread_blocked, id=11140, stack(0x000000c725500000,0x000000c725600000)]
  0x00000251b2bf1220 JavaThread "Monitor Deflation Thread" daemon [_thread_blocked, id=1732, stack(0x000000c725600000,0x000000c725700000)]
=>0x00000251b2bf6c10 JavaThread "C2 CompilerThread0" daemon [_thread_in_native, id=10000, stack(0x000000c725700000,0x000000c725800000)]
  0x00000251b2bf8510 JavaThread "C1 CompilerThread0" daemon [_thread_in_native, id=5616, stack(0x000000c725800000,0x000000c725900000)]
  0x00000251b2c74550 JavaThread "Sweeper thread" daemon [_thread_blocked, id=1948, stack(0x000000c725900000,0x000000c725a00000)]
  0x00000251b2bbb440 JavaThread "Common-Cleaner" daemon [_thread_blocked, id=13972, stack(0x000000c725a00000,0x000000c725b00000)]
  0x00000251b70ac460 JavaThread "Monitor Ctrl-Break" daemon [_thread_in_native, id=6032, stack(0x000000c725b00000,0x000000c725c00000)]
  0x00000251b70ac920 JavaThread "Notification Thread" daemon [_thread_blocked, id=10100, stack(0x000000c725c00000,0x000000c725d00000)]

Other Threads:
  0x00000251b2bd36a0 VMThread "VM Thread" [stack: 0x000000c725000000,0x000000c725100000] [id=13976]
  0x000002519767b4f0 WatcherThread "VM Periodic Task Thread" [stack: 0x000000c725d00000,0x000000c725e00000] [id=2272]
  0x00000251976bae00 WorkerThread "GC Thread#0" [stack: 0x000000c724b00000,0x000000c724c00000] [id=13216]
  0x00000251b7643020 WorkerThread "GC Thread#1" [stack: 0x000000c725f00000,0x000000c726000000] [id=384]
  0x00000251b788d580 WorkerThread "GC Thread#2" [stack: 0x000000c726000000,0x000000c726100000] [id=12364]
  0x00000251b788d820 WorkerThread "GC Thread#3" [stack: 0x000000c726100000,0x000000c726200000] [id=13812]
  0x00000251976c4ec0 ConcurrentGCThread "G1 Main Marker" [stack: 0x000000c724c00000,0x000000c724d00000] [id=8388]
  0x00000251976c58b0 WorkerThread "G1 Conc#0" [stack: 0x000000c724d00000,0x000000c724e00000] [id=1840]
  0x00000251976ecc10 ConcurrentGCThread "G1 Refine#0" [stack: 0x000000c724e00000,0x000000c724f00000] [id=5652]
  0x00000251b78f5d40 ConcurrentGCThread "G1 Refine#1" [stack: 0x000000c726200000,0x000000c726300000] [id=5068]
  0x00000251976ed520 ConcurrentGCThread "G1 Service" [stack: 0x000000c724f00000,0x000000c725000000] [id=7420]

Threads with active compile tasks:
C2 CompilerThread0     3347 1378       4       java.lang.invoke.MethodType::makeImpl (109 bytes)

VM state: not at safepoint (normal execution)

VM Mutex/Monitor currently owned by a thread: None

Heap address: 0x00000000c1400000, size: 1004 MB, Compressed Oops mode: 32-bit

CDS archive(s) mapped at: [0x0000000800000000-0x0000000800ba0000-0x0000000800ba0000), size 12189696, SharedBaseAddress: 0x0000000800000000, ArchiveRelocationMode: 0.
Compressed class space mapped at: 0x0000000800c00000-0x0000000840c00000, reserved size: 1073741824
Narrow klass base: 0x0000000800000000, Narrow klass shift: 0, Narrow klass range: 0x100000000

GC Precious Log:
 CardTable entry size: 512
 Card Set container configuration: InlinePtr #cards 5 size 8 Array Of Cards #cards 12 size 40 Howl #buckets 4 coarsen threshold 1843 Howl Bitmap #cards 512 size 80 coarsen threshold 460 Card regions per heap region 1 cards per card region 2048
 CPUs: 4 total, 4 available
 Memory: 4012M
 Large Page Support: Disabled
 NUMA Support: Disabled
 Compressed Oops: Enabled (32-bit)
 Heap Region Size: 1M
 Heap Min Capacity: 8M
 Heap Initial Capacity: 64M
 Heap Max Capacity: 1004M
 Pre-touch: Disabled
 Parallel Workers: 4
 Concurrent Workers: 1
 Concurrent Refinement Workers: 4
 Periodic GC: Disabled

Heap:
 garbage-first heap   total 65536K, used 15358K [0x00000000c1400000, 0x0000000100000000)
  region size 1024K, 11 young (11264K), 1 survivors (1024K)
 Metaspace       used 8026K, committed 8256K, reserved 1114112K
  class space    used 982K, committed 1088K, reserved 1048576K

Heap Regions: E=young(eden), S=young(survivor), O=old, HS=humongous(starts), HC=humongous(continues), CS=collection set, F=free, OA=open archive, CA=closed archive, TAMS=top-at-mark-start (previous, next)
|   0|0x00000000c1400000, 0x00000000c1500000, 0x00000000c1500000|100%|HS|  |TAMS 0x00000000c1400000, 0x00000000c1400000| Complete 
|   1|0x00000000c1500000, 0x00000000c1600000, 0x00000000c1600000|100%| O|  |TAMS 0x00000000c1500000, 0x00000000c1500000| Untracked 
|   2|0x00000000c1600000, 0x00000000c1700000, 0x00000000c1700000|100%| O|  |TAMS 0x00000000c1600000, 0x00000000c1600000| Untracked 
|   3|0x00000000c1700000, 0x00000000c1800000, 0x00000000c1800000|100%| O|  |TAMS 0x00000000c1700000, 0x00000000c1700000| Untracked 
|   4|0x00000000c1800000, 0x00000000c1900000, 0x00000000c1900000|100%| O|  |TAMS 0x00000000c1800000, 0x00000000c1800000| Untracked 
|   5|0x00000000c1900000, 0x00000000c1a00000, 0x00000000c1a00000|100%| O|  |TAMS 0x00000000c1900000, 0x00000000c1900000| Untracked 
|   6|0x00000000c1a00000, 0x00000000c1a64c00, 0x00000000c1b00000| 39%| O|  |TAMS 0x00000000c1a00000, 0x00000000c1a00000| Untracked 
|   7|0x00000000c1b00000, 0x00000000c1b00000, 0x00000000c1c00000|  0%| F|  |TAMS 0x00000000c1b00000, 0x00000000c1b00000| Untracked 
|   8|0x00000000c1c00000, 0x00000000c1c00000, 0x00000000c1d00000|  0%| F|  |TAMS 0x00000000c1c00000, 0x00000000c1c00000| Untracked 
|   9|0x00000000c1d00000, 0x00000000c1d00000, 0x00000000c1e00000|  0%| F|  |TAMS 0x00000000c1d00000, 0x00000000c1d00000| Untracked 
|  10|0x00000000c1e00000, 0x00000000c1e00000, 0x00000000c1f00000|  0%| F|  |TAMS 0x00000000c1e00000, 0x00000000c1e00000| Untracked 
|  11|0x00000000c1f00000, 0x00000000c1f00000, 0x00000000c2000000|  0%| F|  |TAMS 0x00000000c1f00000, 0x00000000c1f00000| Untracked 
|  12|0x00000000c2000000, 0x00000000c2000000, 0x00000000c2100000|  0%| F|  |TAMS 0x00000000c2000000, 0x00000000c2000000| Untracked 
|  13|0x00000000c2100000, 0x00000000c2100000, 0x00000000c2200000|  0%| F|  |TAMS 0x00000000c2100000, 0x00000000c2100000| Untracked 
|  14|0x00000000c2200000, 0x00000000c2200000, 0x00000000c2300000|  0%| F|  |TAMS 0x00000000c2200000, 0x00000000c2200000| Untracked 
|  15|0x00000000c2300000, 0x00000000c2300000, 0x00000000c2400000|  0%| F|  |TAMS 0x00000000c2300000, 0x00000000c2300000| Untracked 
|  16|0x00000000c2400000, 0x00000000c2400000, 0x00000000c2500000|  0%| F|  |TAMS 0x00000000c2400000, 0x00000000c2400000| Untracked 
|  17|0x00000000c2500000, 0x00000000c2500000, 0x00000000c2600000|  0%| F|  |TAMS 0x00000000c2500000, 0x00000000c2500000| Untracked 
|  18|0x00000000c2600000, 0x00000000c2600000, 0x00000000c2700000|  0%| F|  |TAMS 0x00000000c2600000, 0x00000000c2600000| Untracked 
|  19|0x00000000c2700000, 0x00000000c2700000, 0x00000000c2800000|  0%| F|  |TAMS 0x00000000c2700000, 0x00000000c2700000| Untracked 
|  20|0x00000000c2800000, 0x00000000c2800000, 0x00000000c2900000|  0%| F|  |TAMS 0x00000000c2800000, 0x00000000c2800000| Untracked 
|  21|0x00000000c2900000, 0x00000000c2900000, 0x00000000c2a00000|  0%| F|  |TAMS 0x00000000c2900000, 0x00000000c2900000| Untracked 
|  22|0x00000000c2a00000, 0x00000000c2a00000, 0x00000000c2b00000|  0%| F|  |TAMS 0x00000000c2a00000, 0x00000000c2a00000| Untracked 
|  23|0x00000000c2b00000, 0x00000000c2b00000, 0x00000000c2c00000|  0%| F|  |TAMS 0x00000000c2b00000, 0x00000000c2b00000| Untracked 
|  24|0x00000000c2c00000, 0x00000000c2c00000, 0x00000000c2d00000|  0%| F|  |TAMS 0x00000000c2c00000, 0x00000000c2c00000| Untracked 
|  25|0x00000000c2d00000, 0x00000000c2d00000, 0x00000000c2e00000|  0%| F|  |TAMS 0x00000000c2d00000, 0x00000000c2d00000| Untracked 
|  26|0x00000000c2e00000, 0x00000000c2e00000, 0x00000000c2f00000|  0%| F|  |TAMS 0x00000000c2e00000, 0x00000000c2e00000| Untracked 
|  27|0x00000000c2f00000, 0x00000000c2f00000, 0x00000000c3000000|  0%| F|  |TAMS 0x00000000c2f00000, 0x00000000c2f00000| Untracked 
|  28|0x00000000c3000000, 0x00000000c3000000, 0x00000000c3100000|  0%| F|  |TAMS 0x00000000c3000000, 0x00000000c3000000| Untracked 
|  29|0x00000000c3100000, 0x00000000c3100000, 0x00000000c3200000|  0%| F|  |TAMS 0x00000000c3100000, 0x00000000c3100000| Untracked 
|  30|0x00000000c3200000, 0x00000000c3200000, 0x00000000c3300000|  0%| F|  |TAMS 0x00000000c3200000, 0x00000000c3200000| Untracked 
|  31|0x00000000c3300000, 0x00000000c3300000, 0x00000000c3400000|  0%| F|  |TAMS 0x00000000c3300000, 0x00000000c3300000| Untracked 
|  32|0x00000000c3400000, 0x00000000c3400000, 0x00000000c3500000|  0%| F|  |TAMS 0x00000000c3400000, 0x00000000c3400000| Untracked 
|  33|0x00000000c3500000, 0x00000000c3500000, 0x00000000c3600000|  0%| F|  |TAMS 0x00000000c3500000, 0x00000000c3500000| Untracked 
|  34|0x00000000c3600000, 0x00000000c3600000, 0x00000000c3700000|  0%| F|  |TAMS 0x00000000c3600000, 0x00000000c3600000| Untracked 
|  35|0x00000000c3700000, 0x00000000c3700000, 0x00000000c3800000|  0%| F|  |TAMS 0x00000000c3700000, 0x00000000c3700000| Untracked 
|  36|0x00000000c3800000, 0x00000000c3800000, 0x00000000c3900000|  0%| F|  |TAMS 0x00000000c3800000, 0x00000000c3800000| Untracked 
|  37|0x00000000c3900000, 0x00000000c3900000, 0x00000000c3a00000|  0%| F|  |TAMS 0x00000000c3900000, 0x00000000c3900000| Untracked 
|  38|0x00000000c3a00000, 0x00000000c3a00000, 0x00000000c3b00000|  0%| F|  |TAMS 0x00000000c3a00000, 0x00000000c3a00000| Untracked 
|  39|0x00000000c3b00000, 0x00000000c3b00000, 0x00000000c3c00000|  0%| F|  |TAMS 0x00000000c3b00000, 0x00000000c3b00000| Untracked 
|  40|0x00000000c3c00000, 0x00000000c3c00000, 0x00000000c3d00000|  0%| F|  |TAMS 0x00000000c3c00000, 0x00000000c3c00000| Untracked 
|  41|0x00000000c3d00000, 0x00000000c3d00000, 0x00000000c3e00000|  0%| F|  |TAMS 0x00000000c3d00000, 0x00000000c3d00000| Untracked 
|  42|0x00000000c3e00000, 0x00000000c3e00000, 0x00000000c3f00000|  0%| F|  |TAMS 0x00000000c3e00000, 0x00000000c3e00000| Untracked 
|  43|0x00000000c3f00000, 0x00000000c3f00000, 0x00000000c4000000|  0%| F|  |TAMS 0x00000000c3f00000, 0x00000000c3f00000| Untracked 
|  44|0x00000000c4000000, 0x00000000c4000000, 0x00000000c4100000|  0%| F|  |TAMS 0x00000000c4000000, 0x00000000c4000000| Untracked 
|  45|0x00000000c4100000, 0x00000000c4100000, 0x00000000c4200000|  0%| F|  |TAMS 0x00000000c4100000, 0x00000000c4100000| Untracked 
|  46|0x00000000c4200000, 0x00000000c4200000, 0x00000000c4300000|  0%| F|  |TAMS 0x00000000c4200000, 0x00000000c4200000| Untracked 
|  47|0x00000000c4300000, 0x00000000c4300000, 0x00000000c4400000|  0%| F|  |TAMS 0x00000000c4300000, 0x00000000c4300000| Untracked 
|  48|0x00000000c4400000, 0x00000000c4400000, 0x00000000c4500000|  0%| F|  |TAMS 0x00000000c4400000, 0x00000000c4400000| Untracked 
|  49|0x00000000c4500000, 0x00000000c4500000, 0x00000000c4600000|  0%| F|  |TAMS 0x00000000c4500000, 0x00000000c4500000| Untracked 
|  50|0x00000000c4600000, 0x00000000c4600000, 0x00000000c4700000|  0%| F|  |TAMS 0x00000000c4600000, 0x00000000c4600000| Untracked 
|  51|0x00000000c4700000, 0x00000000c4700000, 0x00000000c4800000|  0%| F|  |TAMS 0x00000000c4700000, 0x00000000c4700000| Untracked 
|  52|0x00000000c4800000, 0x00000000c4800000, 0x00000000c4900000|  0%| F|  |TAMS 0x00000000c4800000, 0x00000000c4800000| Untracked 
|  53|0x00000000c4900000, 0x00000000c49621e0, 0x00000000c4a00000| 38%| E|  |TAMS 0x00000000c4900000, 0x00000000c4900000| Complete 
|  54|0x00000000c4a00000, 0x00000000c4a9ac40, 0x00000000c4b00000| 60%| S|CS|TAMS 0x00000000c4a00000, 0x00000000c4a00000| Complete 
|  55|0x00000000c4b00000, 0x00000000c4c00000, 0x00000000c4c00000|100%| E|CS|TAMS 0x00000000c4b00000, 0x00000000c4b00000| Complete 
|  56|0x00000000c4c00000, 0x00000000c4d00000, 0x00000000c4d00000|100%| E|CS|TAMS 0x00000000c4c00000, 0x00000000c4c00000| Complete 
|  57|0x00000000c4d00000, 0x00000000c4e00000, 0x00000000c4e00000|100%| E|CS|TAMS 0x00000000c4d00000, 0x00000000c4d00000| Complete 
|  58|0x00000000c4e00000, 0x00000000c4f00000, 0x00000000c4f00000|100%| E|CS|TAMS 0x00000000c4e00000, 0x00000000c4e00000| Complete 
|  59|0x00000000c4f00000, 0x00000000c5000000, 0x00000000c5000000|100%| E|CS|TAMS 0x00000000c4f00000, 0x00000000c4f00000| Complete 
|  60|0x00000000c5000000, 0x00000000c5100000, 0x00000000c5100000|100%| E|CS|TAMS 0x00000000c5000000, 0x00000000c5000000| Complete 
|  61|0x00000000c5100000, 0x00000000c5200000, 0x00000000c5200000|100%| E|CS|TAMS 0x00000000c5100000, 0x00000000c5100000| Complete 
|  62|0x00000000c5200000, 0x00000000c5300000, 0x00000000c5300000|100%| E|  |TAMS 0x00000000c5200000, 0x00000000c5200000| Complete 
|  63|0x00000000c5300000, 0x00000000c5400000, 0x00000000c5400000|100%| E|CS|TAMS 0x00000000c5300000, 0x00000000c5300000| Complete 

Card table byte_map: [0x00000251ae440000,0x00000251ae640000] _byte_map_base: 0x00000251ade36000

Marking Bits (Prev, Next): (CMBitMap*) 0x00000251976bc810, (CMBitMap*) 0x00000251976bc850
 Prev Bits: [0x00000251ae840000, 0x00000251af7f0000)
 Next Bits: [0x00000251af7f0000, 0x00000251b07a0000)

Polling page: 0x0000025195650000

Metaspace:

Usage:
  Non-class:      6.89 MB used.
      Class:    984.63 KB used.
       Both:      7.85 MB used.

Virtual space:
  Non-class space:       64.00 MB reserved,       7.00 MB ( 11%) committed,  1 nodes.
      Class space:        1.00 GB reserved,       1.06 MB ( <1%) committed,  1 nodes.
             Both:        1.06 GB reserved,       8.06 MB ( <1%) committed. 

Chunk freelists:
   Non-Class:  273.00 KB
       Class:  2.79 MB
        Both:  3.06 MB

MaxMetaspaceSize: unlimited
CompressedClassSpaceSize: 1.00 GB
Initial GC threshold: 21.00 MB
Current GC threshold: 21.00 MB
CDS: on
MetaspaceReclaimPolicy: balanced
 - commit_granule_bytes: 65536.
 - commit_granule_words: 8192.
 - virtual_space_node_default_size: 8388608.
 - enlarge_chunks_in_place: 1.
 - new_chunks_are_fully_committed: 0.
 - uncommit_free_chunks: 1.
 - use_allocation_guard: 0.


Internal statistics:

num_allocs_failed_limit: 0.
num_arena_births: 154.
num_arena_deaths: 0.
num_vsnodes_births: 2.
num_vsnodes_deaths: 0.
num_space_committed: 129.
num_space_uncommitted: 0.
num_chunks_returned_to_freelist: 0.
num_chunks_taken_from_freelist: 422.
num_chunk_merges: 0.
num_chunk_splits: 246.
num_chunks_enlarged: 165.
num_inconsistent_stats: 0.

CodeHeap 'non-profiled nmethods': size=120000Kb used=477Kb max_used=477Kb free=119522Kb
 bounds [0x00000251a6d10000, 0x00000251a6f80000, 0x00000251ae240000]
CodeHeap 'profiled nmethods': size=120000Kb used=2860Kb max_used=2860Kb free=117139Kb
 bounds [0x000002519f7e0000, 0x000002519fab0000, 0x00000251a6d10000]
CodeHeap 'non-nmethods': size=5760Kb used=1164Kb max_used=1183Kb free=4595Kb
 bounds [0x000002519f240000, 0x000002519f4b0000, 0x000002519f7e0000]
 total_blobs=1904 nmethods=1459 adapters=358
 compilation: enabled
              stopped_count=0, restarted_count=0
 full_count=0

Compilation events (20 events):
Event: 3.134 Thread 0x00000251b2bf8510 nmethod 1395 0x000002519fa7d210 code [0x000002519fa7d3a0, 0x000002519fa7d4b8]
Event: 3.134 Thread 0x00000251b2bf8510 1396       3       org.springframework.util.ConcurrentReferenceHashMap$Segment::findInChain (66 bytes)
Event: 3.134 Thread 0x00000251b2bf8510 nmethod 1396 0x000002519fa7d590 code [0x000002519fa7d780, 0x000002519fa7dd38]
Event: 3.148 Thread 0x00000251b2bf8510 1397   !   3       java.lang.invoke.MethodHandles$Lookup::revealDirect (196 bytes)
Event: 3.150 Thread 0x00000251b2bf8510 nmethod 1397 0x000002519fa7df90 code [0x000002519fa7e2e0, 0x000002519fa7f6a8]
Event: 3.150 Thread 0x00000251b2bf8510 1398       3       java.lang.invoke.InnerClassLambdaMetafactory::lambdaClassName (57 bytes)
Event: 3.151 Thread 0x00000251b2bf8510 nmethod 1398 0x000002519fa7fd90 code [0x000002519fa80020, 0x000002519fa80848]
Event: 3.151 Thread 0x00000251b2bf8510 1399       3       java.util.Spliterator::getExactSizeIfKnown (25 bytes)
Event: 3.152 Thread 0x00000251b2bf8510 nmethod 1399 0x000002519fa80b90 code [0x000002519fa80d40, 0x000002519fa81038]
Event: 3.152 Thread 0x00000251b2bf8510 1400       3       java.lang.invoke.AbstractValidatingLambdaMetafactory::validateMetafactoryArgs (607 bytes)
Event: 3.163 Thread 0x00000251b2bf8510 nmethod 1400 0x000002519fa81110 code [0x000002519fa81bc0, 0x000002519fa89768]
Event: 3.163 Thread 0x00000251b2bf8510 1401   !   3       java.lang.invoke.InnerClassLambdaMetafactory::buildCallSite (150 bytes)
Event: 3.165 Thread 0x00000251b2bf8510 nmethod 1401 0x000002519fa8bf90 code [0x000002519fa8c380, 0x000002519fa8def8]
Event: 3.165 Thread 0x00000251b2bf8510 1403       3       java.util.stream.AbstractPipeline::sourceSpliterator (265 bytes)
Event: 3.167 Thread 0x00000251b2bf8510 nmethod 1403 0x000002519fa8ec90 code [0x000002519fa8ef00, 0x000002519fa8fce8]
Event: 3.169 Thread 0x00000251b2bf8510 1404       1       java.util.concurrent.locks.AbstractOwnableSynchronizer::setExclusiveOwnerThread (6 bytes)
Event: 3.169 Thread 0x00000251b2bf8510 nmethod 1404 0x00000251a6d86510 code [0x00000251a6d866a0, 0x00000251a6d867b8]
Event: 3.170 Thread 0x00000251b2bf8510 1405       3       java.util.stream.AbstractPipeline::wrapAndCopyInto (18 bytes)
Event: 3.170 Thread 0x00000251b2bf8510 nmethod 1405 0x000002519fa90190 code [0x000002519fa90360, 0x000002519fa90768]
Event: 3.170 Thread 0x00000251b2bf8510 1406       3       java.util.stream.AbstractPipeline::copyInto (54 bytes)

GC Heap History (4 events):
Event: 1.680 GC heap before
{Heap before GC invocations=0 (full 0):
 garbage-first heap   total 65536K, used 13312K [0x00000000c1400000, 0x0000000100000000)
  region size 1024K, 13 young (13312K), 0 survivors (0K)
 Metaspace       used 3036K, committed 3200K, reserved 1114112K
  class space    used 299K, committed 384K, reserved 1048576K
}
Event: 1.705 GC heap after
{Heap after GC invocations=1 (full 0):
 garbage-first heap   total 65536K, used 6510K [0x00000000c1400000, 0x0000000100000000)
  region size 1024K, 2 young (2048K), 2 survivors (2048K)
 Metaspace       used 3036K, committed 3200K, reserved 1114112K
  class space    used 299K, committed 384K, reserved 1048576K
}
Event: 2.543 GC heap before
{Heap before GC invocations=1 (full 0):
 garbage-first heap   total 65536K, used 15726K [0x00000000c1400000, 0x0000000100000000)
  region size 1024K, 11 young (11264K), 2 survivors (2048K)
 Metaspace       used 5269K, committed 5440K, reserved 1114112K
  class space    used 636K, committed 704K, reserved 1048576K
}
Event: 2.550 GC heap after
{Heap after GC invocations=2 (full 0):
 garbage-first heap   total 65536K, used 7166K [0x00000000c1400000, 0x0000000100000000)
  region size 1024K, 1 young (1024K), 1 survivors (1024K)
 Metaspace       used 5269K, committed 5440K, reserved 1114112K
  class space    used 636K, committed 704K, reserved 1048576K
}

Deoptimization events (20 events):
Event: 2.909 Thread 0x000002519767a550 DEOPT PACKING pc=0x000002519fa09c01 sp=0x000000c724afc110
Event: 2.909 Thread 0x000002519767a550 DEOPT UNPACKING pc=0x000002519f292b43 sp=0x000000c724afb618 mode 0
Event: 2.967 Thread 0x000002519767a550 DEOPT PACKING pc=0x000002519fa09c01 sp=0x000000c724afba80
Event: 2.967 Thread 0x000002519767a550 DEOPT UNPACKING pc=0x000002519f292b43 sp=0x000000c724afaf88 mode 0
Event: 2.999 Thread 0x000002519767a550 Uncommon trap: trap_request=0xffffffde fr.pc=0x00000251a6d1c6a8 relative=0x00000000000001a8
Event: 2.999 Thread 0x000002519767a550 Uncommon trap: reason=class_check action=maybe_recompile pc=0x00000251a6d1c6a8 method=java.lang.String.equals(Ljava/lang/Object;)Z @ 8 c2
Event: 2.999 Thread 0x000002519767a550 DEOPT PACKING pc=0x00000251a6d1c6a8 sp=0x000000c724afcc50
Event: 2.999 Thread 0x000002519767a550 DEOPT UNPACKING pc=0x000002519f2923a3 sp=0x000000c724afcbf8 mode 2
Event: 3.007 Thread 0x000002519767a550 Uncommon trap: trap_request=0xffffffde fr.pc=0x00000251a6d1c6a8 relative=0x00000000000001a8
Event: 3.007 Thread 0x000002519767a550 Uncommon trap: reason=class_check action=maybe_recompile pc=0x00000251a6d1c6a8 method=java.lang.String.equals(Ljava/lang/Object;)Z @ 8 c2
Event: 3.007 Thread 0x000002519767a550 DEOPT PACKING pc=0x00000251a6d1c6a8 sp=0x000000c724afcc50
Event: 3.007 Thread 0x000002519767a550 DEOPT UNPACKING pc=0x000002519f2923a3 sp=0x000000c724afcbf8 mode 2
Event: 3.007 Thread 0x000002519767a550 Uncommon trap: trap_request=0xffffffde fr.pc=0x00000251a6d1c6a8 relative=0x00000000000001a8
Event: 3.007 Thread 0x000002519767a550 Uncommon trap: reason=class_check action=maybe_recompile pc=0x00000251a6d1c6a8 method=java.lang.String.equals(Ljava/lang/Object;)Z @ 8 c2
Event: 3.007 Thread 0x000002519767a550 DEOPT PACKING pc=0x00000251a6d1c6a8 sp=0x000000c724afcc50
Event: 3.007 Thread 0x000002519767a550 DEOPT UNPACKING pc=0x000002519f2923a3 sp=0x000000c724afcbf8 mode 2
Event: 3.018 Thread 0x000002519767a550 Uncommon trap: trap_request=0xffffffde fr.pc=0x00000251a6d1c6a8 relative=0x00000000000001a8
Event: 3.018 Thread 0x000002519767a550 Uncommon trap: reason=class_check action=maybe_recompile pc=0x00000251a6d1c6a8 method=java.lang.String.equals(Ljava/lang/Object;)Z @ 8 c2
Event: 3.018 Thread 0x000002519767a550 DEOPT PACKING pc=0x00000251a6d1c6a8 sp=0x000000c724afcb70
Event: 3.018 Thread 0x000002519767a550 DEOPT UNPACKING pc=0x000002519f2923a3 sp=0x000000c724afcb18 mode 2

Classes loaded (20 events):
Event: 2.924 Loading class java/util/concurrent/ConcurrentLinkedQueue
Event: 2.925 Loading class java/util/concurrent/ConcurrentLinkedQueue done
Event: 2.925 Loading class java/util/concurrent/ConcurrentLinkedQueue$Node
Event: 2.925 Loading class java/util/concurrent/ConcurrentLinkedQueue$Node done
Event: 2.931 Loading class java/util/NoSuchElementException
Event: 2.931 Loading class java/util/NoSuchElementException done
Event: 3.041 Loading class java/lang/ThreadLocal$SuppliedThreadLocal
Event: 3.041 Loading class java/lang/ThreadLocal$SuppliedThreadLocal done
Event: 3.076 Loading class java/time/ZonedDateTime
Event: 3.077 Loading class java/time/chrono/ChronoZonedDateTime
Event: 3.077 Loading class java/time/chrono/ChronoZonedDateTime done
Event: 3.078 Loading class java/time/ZonedDateTime done
Event: 3.078 Loading class java/time/temporal/TemporalAdjusters
Event: 3.078 Loading class java/time/temporal/TemporalAdjusters done
Event: 3.081 Loading class java/time/zone/ZoneOffsetTransitionRule$1
Event: 3.081 Loading class java/time/zone/ZoneOffsetTransitionRule$1 done
Event: 3.081 Loading class java/time/ZonedDateTime$1
Event: 3.081 Loading class java/time/ZonedDateTime$1 done
Event: 3.121 Loading class java/lang/FunctionalInterface
Event: 3.122 Loading class java/lang/FunctionalInterface done

Classes unloaded (0 events):
No events

Classes redefined (0 events):
No events

Internal exceptions (20 events):
Event: 1.970 Thread 0x000002519767a550 Exception <a 'java/lang/IncompatibleClassChangeError'{0x00000000c5060e98}: Found class java.lang.Object, but interface was expected> (0x00000000c5060e98) 
thrown [s\src\hotspot\share\interpreter\linkResolver.cpp, line 826]
Event: 1.994 Thread 0x000002519767a550 Exception <a 'java/lang/NoSuchMethodError'{0x00000000c5097bc8}: 'void java.lang.invoke.DirectMethodHandle$Holder.invokeInterface(java.lang.Object, java.lang.Object, java.lang.Object)'> (0x00000000c5097bc8) 
thrown [s\src\hotspot\share\interpreter\linkResolver.cpp, line 759]
Event: 1.995 Thread 0x000002519767a550 Exception <a 'java/lang/IncompatibleClassChangeError'{0x00000000c509b230}: Found class java.lang.Object, but interface was expected> (0x00000000c509b230) 
thrown [s\src\hotspot\share\interpreter\linkResolver.cpp, line 826]
Event: 2.010 Thread 0x000002519767a550 Exception <a 'java/lang/NoSuchMethodError'{0x00000000c50b9620}: 'java.lang.Object java.lang.invoke.DirectMethodHandle$Holder.invokeStatic(java.lang.Object, java.lang.Object, int)'> (0x00000000c50b9620) 
thrown [s\src\hotspot\share\interpreter\linkResolver.cpp, line 759]
Event: 2.061 Thread 0x000002519767a550 Exception <a 'java/lang/NoSuchMethodError'{0x00000000c4f0e6c0}: 'void java.lang.invoke.DirectMethodHandle$Holder.invokeSpecial(java.lang.Object, java.lang.Object, java.lang.Object, java.lang.Object, java.lang.Object)'> (0x00000000c4f0e6c0) 
thrown [s\src\hotspot\share\interpreter\linkResolver.cpp, line 759]
Event: 2.098 Thread 0x000002519767a550 Exception <a 'java/lang/NoSuchMethodError'{0x00000000c4f6ec40}: 'void java.lang.invoke.DirectMethodHandle$Holder.invokeInterface(java.lang.Object, java.lang.Object, java.lang.Object, java.lang.Object)'> (0x00000000c4f6ec40) 
thrown [s\src\hotspot\share\interpreter\linkResolver.cpp, line 759]
Event: 2.099 Thread 0x000002519767a550 Exception <a 'java/lang/IncompatibleClassChangeError'{0x00000000c4f72388}: Found class java.lang.Object, but interface was expected> (0x00000000c4f72388) 
thrown [s\src\hotspot\share\interpreter\linkResolver.cpp, line 826]
Event: 2.110 Thread 0x000002519767a550 Exception <a 'java/lang/NoSuchMethodError'{0x00000000c4f982e0}: 'void java.lang.invoke.DirectMethodHandle$Holder.invokeStatic(java.lang.Object, java.lang.Object, java.lang.Object, java.lang.Object)'> (0x00000000c4f982e0) 
thrown [s\src\hotspot\share\interpreter\linkResolver.cpp, line 759]
Event: 2.116 Thread 0x000002519767a550 Exception <a 'java/lang/NoSuchMethodError'{0x00000000c4faf5a0}: 'java.lang.Object java.lang.invoke.DirectMethodHandle$Holder.newInvokeSpecial(java.lang.Object, java.lang.Object, int)'> (0x00000000c4faf5a0) 
thrown [s\src\hotspot\share\interpreter\linkResolver.cpp, line 759]
Event: 2.148 Thread 0x000002519767a550 Exception <a 'java/lang/NoSuchMethodError'{0x00000000c4e24b18}: 'java.lang.Object java.lang.invoke.DirectMethodHandle$Holder.invokeStaticInit(java.lang.Object)'> (0x00000000c4e24b18) 
thrown [s\src\hotspot\share\interpreter\linkResolver.cpp, line 759]
Event: 2.166 Thread 0x000002519767a550 Exception <a 'java/lang/NoSuchMethodError'{0x00000000c4e5f2b0}: 'int java.lang.invoke.DirectMethodHandle$Holder.invokeStatic(java.lang.Object, java.lang.Object, java.lang.Object, java.lang.Object, java.lang.Object)'> (0x00000000c4e5f2b0) 
thrown [s\src\hotspot\share\interpreter\linkResolver.cpp, line 759]
Event: 2.189 Thread 0x000002519767a550 Exception <a 'java/lang/NoSuchMethodError'{0x00000000c4eab3f8}: 'void java.lang.invoke.DirectMethodHandle$Holder.invokeStaticInit(java.lang.Object)'> (0x00000000c4eab3f8) 
thrown [s\src\hotspot\share\interpreter\linkResolver.cpp, line 759]
Event: 2.267 Thread 0x000002519767a550 Exception <a 'java/lang/NoSuchMethodError'{0x00000000c4daa620}: 'int java.lang.invoke.DirectMethodHandle$Holder.invokeStaticInit(java.lang.Object, java.lang.Object)'> (0x00000000c4daa620) 
thrown [s\src\hotspot\share\interpreter\linkResolver.cpp, line 759]
Event: 2.664 Thread 0x000002519767a550 Exception <a 'java/lang/ClassNotFoundException'{0x00000000c53d1818}: javax/smartcardio/CardPermission> (0x00000000c53d1818) 
thrown [s\src\hotspot\share\classfile\systemDictionary.cpp, line 255]
Event: 2.678 Thread 0x000002519767a550 Exception <a 'java/io/FileNotFoundException'{0x00000000c53e0258}> (0x00000000c53e0258) 
thrown [s\src\hotspot\share\prims\jni.cpp, line 516]
Event: 2.729 Thread 0x000002519767a550 Implicit null exception at 0x00000251a6d3fc60 to 0x00000251a6d3fcfa
Event: 2.957 Thread 0x000002519767a550 Exception <a 'java/lang/NoSuchMethodError'{0x00000000c4f7e220}: 'int java.lang.invoke.DirectMethodHandle$Holder.invokeStaticInit(java.lang.Object, java.lang.Object, java.lang.Object)'> (0x00000000c4f7e220) 
thrown [s\src\hotspot\share\interpreter\linkResolver.cpp, line 759]
Event: 3.013 Thread 0x000002519767a550 Exception <a 'java/lang/NoSuchMethodError'{0x00000000c4e59e00}: 'int java.lang.invoke.DirectMethodHandle$Holder.invokeInterface(java.lang.Object, java.lang.Object)'> (0x00000000c4e59e00) 
thrown [s\src\hotspot\share\interpreter\linkResolver.cpp, line 759]
Event: 3.067 Thread 0x000002519767a550 Exception <a 'java/lang/NoSuchMethodError'{0x00000000c4d36890}: 'void java.lang.invoke.DirectMethodHandle$Holder.invokeStaticInit(java.lang.Object, java.lang.Object)'> (0x00000000c4d36890) 
thrown [s\src\hotspot\share\interpreter\linkResolver.cpp, line 759]
Event: 3.079 Thread 0x000002519767a550 Exception <a 'java/lang/NoSuchMethodError'{0x00000000c4d50460}: 'java.lang.Object java.lang.invoke.DirectMethodHandle$Holder.invokeStatic(java.lang.Object, int, java.lang.Object)'> (0x00000000c4d50460) 
thrown [s\src\hotspot\share\interpreter\linkResolver.cpp, line 759]

VM Operations (20 events):
Event: 1.144 Executing VM operation: Cleanup
Event: 1.144 Executing VM operation: Cleanup done
Event: 1.302 Executing VM operation: HandshakeAllThreads
Event: 1.302 Executing VM operation: HandshakeAllThreads done
Event: 1.680 Executing VM operation: G1CollectForAllocation
Event: 1.705 Executing VM operation: G1CollectForAllocation done
Event: 2.074 Executing VM operation: HandshakeAllThreads
Event: 2.074 Executing VM operation: HandshakeAllThreads done
Event: 2.523 Executing VM operation: HandshakeAllThreads
Event: 2.523 Executing VM operation: HandshakeAllThreads done
Event: 2.543 Executing VM operation: G1CollectForAllocation
Event: 2.550 Executing VM operation: G1CollectForAllocation done
Event: 2.685 Executing VM operation: HandshakeAllThreads
Event: 2.685 Executing VM operation: HandshakeAllThreads done
Event: 2.835 Executing VM operation: HandshakeAllThreads
Event: 2.835 Executing VM operation: HandshakeAllThreads done
Event: 2.835 Executing VM operation: HandshakeAllThreads
Event: 2.835 Executing VM operation: HandshakeAllThreads done
Event: 3.016 Executing VM operation: HandshakeAllThreads
Event: 3.016 Executing VM operation: HandshakeAllThreads done

Events (20 events):
Event: 0.193 Thread 0x00000251b2bef9f0 Thread added: 0x00000251b2bef9f0
Event: 0.194 Thread 0x00000251b2bf0390 Thread added: 0x00000251b2bf0390
Event: 0.194 Thread 0x00000251b2bf1220 Thread added: 0x00000251b2bf1220
Event: 0.194 Thread 0x00000251b2bf6c10 Thread added: 0x00000251b2bf6c10
Event: 0.194 Thread 0x00000251b2bf8510 Thread added: 0x00000251b2bf8510
Event: 0.197 Thread 0x00000251b2c74550 Thread added: 0x00000251b2c74550
Event: 0.535 Thread 0x00000251b2bbb440 Thread added: 0x00000251b2bbb440
Event: 0.584 Loaded shared library C:\Users\ERIN_JAVALead\.jdks\corretto-18.0.2\bin\zip.dll
Event: 0.590 Loaded shared library C:\Users\ERIN_JAVALead\.jdks\corretto-18.0.2\bin\instrument.dll
Event: 0.626 Loaded shared library C:\Users\ERIN_JAVALead\.jdks\corretto-18.0.2\bin\net.dll
Event: 0.631 Loaded shared library C:\Users\ERIN_JAVALead\.jdks\corretto-18.0.2\bin\nio.dll
Event: 0.640 Loaded shared library C:\Users\ERIN_JAVALead\.jdks\corretto-18.0.2\bin\zip.dll
Event: 0.675 Loaded shared library C:\Program Files\JetBrains\IntelliJ IDEA Community Edition 2021.3.3\bin\breakgen64.dll
Event: 0.677 Thread 0x00000251b70ac460 Thread added: 0x00000251b70ac460
Event: 0.677 Thread 0x00000251b70ac920 Thread added: 0x00000251b70ac920
Event: 0.792 Thread 0x00000251b7195d10 Thread added: 0x00000251b7195d10
Event: 1.088 Loaded shared library C:\Users\ERIN_JAVALead\.jdks\corretto-18.0.2\bin\jimage.dll
Event: 1.239 Thread 0x00000251b7195d10 Thread exited: 0x00000251b7195d10
Event: 1.569 Thread 0x00000251b7338780 Thread added: 0x00000251b7338780
Event: 2.310 Thread 0x00000251b7338780 Thread exited: 0x00000251b7338780


Dynamic libraries:
0x00007ff6fb600000 - 0x00007ff6fb60d000 	C:\Users\ERIN_JAVALead\.jdks\corretto-18.0.2\bin\java.exe
0x00007ffa0aa10000 - 0x00007ffa0ac07000 	C:\WINDOWS\SYSTEM32\ntdll.dll
0x00007ffa09f00000 - 0x00007ffa09fbd000 	C:\WINDOWS\System32\KERNEL32.DLL
0x00007ffa08220000 - 0x00007ffa08516000 	C:\WINDOWS\System32\KERNELBASE.dll
0x00007ffa080f0000 - 0x00007ffa081f0000 	C:\WINDOWS\System32\ucrtbase.dll
0x00007ffa03ac0000 - 0x00007ffa03ad7000 	C:\Users\ERIN_JAVALead\.jdks\corretto-18.0.2\bin\jli.dll
0x00007ffa0a7c0000 - 0x00007ffa0a95e000 	C:\WINDOWS\System32\USER32.dll
0x00007ffa080c0000 - 0x00007ffa080e2000 	C:\WINDOWS\System32\win32u.dll
0x00007ffa09d40000 - 0x00007ffa09d6c000 	C:\WINDOWS\System32\GDI32.dll
0x00007ffa08790000 - 0x00007ffa088aa000 	C:\WINDOWS\System32\gdi32full.dll
0x00007ffa03b70000 - 0x00007ffa03b85000 	C:\Users\ERIN_JAVALead\.jdks\corretto-18.0.2\bin\VCRUNTIME140.dll
0x00007ffa086f0000 - 0x00007ffa0878d000 	C:\WINDOWS\System32\msvcp_win.dll
0x00007ff9f6800000 - 0x00007ff9f6a9a000 	C:\WINDOWS\WinSxS\amd64_microsoft.windows.common-controls_6595b64144ccf1df_6.0.19041.3570_none_60bb2a3971f3e41a\COMCTL32.dll
0x00007ffa09e60000 - 0x00007ffa09efe000 	C:\WINDOWS\System32\msvcrt.dll
0x00007ffa0a970000 - 0x00007ffa0a9a0000 	C:\WINDOWS\System32\IMM32.DLL
0x00007ff9f6f20000 - 0x00007ff9f6fbb000 	C:\Users\ERIN_JAVALead\.jdks\corretto-18.0.2\bin\msvcp140.dll
0x00007ff9d1170000 - 0x00007ff9d1de1000 	C:\Users\ERIN_JAVALead\.jdks\corretto-18.0.2\bin\server\jvm.dll
0x00007ffa0a560000 - 0x00007ffa0a60e000 	C:\WINDOWS\System32\ADVAPI32.dll
0x00007ffa09ac0000 - 0x00007ffa09b5c000 	C:\WINDOWS\System32\sechost.dll
0x00007ffa09fc0000 - 0x00007ffa0a0e6000 	C:\WINDOWS\System32\RPCRT4.dll
0x00007ffa09e50000 - 0x00007ffa09e58000 	C:\WINDOWS\System32\PSAPI.DLL
0x00007ffa03d60000 - 0x00007ffa03d69000 	C:\WINDOWS\SYSTEM32\WSOCK32.dll
0x00007ffa09dd0000 - 0x00007ffa09e3b000 	C:\WINDOWS\System32\WS2_32.dll
0x00007ff9e0d00000 - 0x00007ff9e0d27000 	C:\WINDOWS\SYSTEM32\WINMM.dll
0x00007ffa02440000 - 0x00007ffa0244a000 	C:\WINDOWS\SYSTEM32\VERSION.dll
0x00007ffa05f60000 - 0x00007ffa05f72000 	C:\WINDOWS\SYSTEM32\kernel.appcore.dll
0x00007ffa02f60000 - 0x00007ffa02f6a000 	C:\Users\ERIN_JAVALead\.jdks\corretto-18.0.2\bin\jimage.dll
0x00007ff9eeb20000 - 0x00007ff9eed04000 	C:\WINDOWS\SYSTEM32\DBGHELP.DLL
0x00007ff9edcf0000 - 0x00007ff9edd24000 	C:\WINDOWS\SYSTEM32\dbgcore.DLL
0x00007ffa088b0000 - 0x00007ffa08932000 	C:\WINDOWS\System32\bcryptPrimitives.dll
0x00007ff9f6f10000 - 0x00007ff9f6f1e000 	C:\Users\ERIN_JAVALead\.jdks\corretto-18.0.2\bin\instrument.dll
0x00007ff9f1020000 - 0x00007ff9f1045000 	C:\Users\ERIN_JAVALead\.jdks\corretto-18.0.2\bin\java.dll
0x00007ff9f0f40000 - 0x00007ff9f1016000 	C:\Users\ERIN_JAVALead\.jdks\corretto-18.0.2\bin\jsvml.dll
0x00007ffa08f30000 - 0x00007ffa09674000 	C:\WINDOWS\System32\SHELL32.dll
0x00007ffa06160000 - 0x00007ffa068fb000 	C:\WINDOWS\SYSTEM32\windows.storage.dll
0x00007ffa08bd0000 - 0x00007ffa08f24000 	C:\WINDOWS\System32\combase.dll
0x00007ffa07a30000 - 0x00007ffa07a5d000 	C:\WINDOWS\SYSTEM32\Wldp.dll
0x00007ffa08a40000 - 0x00007ffa08aed000 	C:\WINDOWS\System32\SHCORE.dll
0x00007ffa0a760000 - 0x00007ffa0a7b5000 	C:\WINDOWS\System32\shlwapi.dll
0x00007ffa07ff0000 - 0x00007ffa08015000 	C:\WINDOWS\SYSTEM32\profapi.dll
0x00007ff9f0f00000 - 0x00007ff9f0f18000 	C:\Users\ERIN_JAVALead\.jdks\corretto-18.0.2\bin\zip.dll
0x00007ffa02f40000 - 0x00007ffa02f53000 	C:\Users\ERIN_JAVALead\.jdks\corretto-18.0.2\bin\net.dll
0x00007ffa01dc0000 - 0x00007ffa01eca000 	C:\WINDOWS\SYSTEM32\WINHTTP.dll
0x00007ffa07790000 - 0x00007ffa077fa000 	C:\WINDOWS\system32\mswsock.dll
0x00007ff9f0f20000 - 0x00007ff9f0f35000 	C:\Users\ERIN_JAVALead\.jdks\corretto-18.0.2\bin\nio.dll
0x00007ff9f0c20000 - 0x00007ff9f0c3a000 	C:\Program Files\JetBrains\IntelliJ IDEA Community Edition 2021.3.3\bin\breakgen64.dll

dbghelp: loaded successfully - version: 4.0.5 - missing functions: none
symbol engine: initialized successfully - sym options: 0x614 - pdb path: .;C:\Users\ERIN_JAVALead\.jdks\corretto-18.0.2\bin;C:\WINDOWS\SYSTEM32;C:\WINDOWS\WinSxS\amd64_microsoft.windows.common-controls_6595b64144ccf1df_6.0.19041.3570_none_60bb2a3971f3e41a;C:\Users\ERIN_JAVALead\.jdks\corretto-18.0.2\bin\server;C:\Program Files\JetBrains\IntelliJ IDEA Community Edition 2021.3.3\bin

VM Arguments:
jvm_args: -ea -Didea.test.cyclic.buffer.size=1048576 -javaagent:C:\Program Files\JetBrains\IntelliJ IDEA Community Edition 2021.3.3\lib\idea_rt.jar=51362:C:\Program Files\JetBrains\IntelliJ IDEA Community Edition 2021.3.3\bin -Dfile.encoding=UTF-8 
java_command: com.intellij.rt.junit.JUnitStarter -ideVersion5 -junit5 com.devskiller.tasks.blog.service.UserServiceTest,testToken
java_class_path (initial): C:\Users\ERIN_JAVALead\.m2\repository\org\junit\platform\junit-platform-launcher\1.9.1\junit-platform-launcher-1.9.1.jar;C:\Program Files\JetBrains\IntelliJ IDEA Community Edition 2021.3.3\lib\idea_rt.jar;C:\Program Files\JetBrains\IntelliJ IDEA Community Edition 2021.3.3\plugins\junit\lib\junit5-rt.jar;C:\Program Files\JetBrains\IntelliJ IDEA Community Edition 2021.3.3\plugins\junit\lib\junit-rt.jar;C:\Users\ERIN_JAVALead\Downloads\devskiller-code-U32X-W3E7-T2E6-S3F\target\test-classes;C:\Users\ERIN_JAVALead\Downloads\devskiller-code-U32X-W3E7-T2E6-S3F\target\classes;C:\Users\ERIN_JAVALead\.m2\repository\org\springframework\boot\spring-boot-starter-data-jpa\3.0.0\spring-boot-starter-data-jpa-3.0.0.jar;C:\Users\ERIN_JAVALead\.m2\repository\org\springframework\boot\spring-boot-starter-aop\3.0.0\spring-boot-starter-aop-3.0.0.jar;C:\Users\ERIN_JAVALead\.m2\repository\org\springframework\spring-aop\6.0.2\spring-aop-6.0.2.jar;C:\Users\ERIN_JAVALead\.m2\repository\org\aspectj\aspectjweaver\1.9.9.1\aspectjweaver-1.9.9.1.jar;C:\Users\ERIN_JAVALead\.m2\repository\org\springframework\boot\spring-boot-starter-jdbc\3.0.0\spring-boot-starter-jdbc-3.0.0.jar;C:\Users\ERIN_JAVALead\.m2\repository\com\zaxxer\HikariCP\5.0.1\HikariCP-5.0.1.jar;C:\Users\ERIN_JAVALead\.m2\repository\org\springframework\spring-jdbc\6.0.2\spring-jdbc-6.0.2.jar;C:\Users\ERIN_JAVALead\.m2\repository\org\hibernate\orm\hibernate-core\6.1.5.Final\hibernate-core-6.1.5.Final.jar;C:\Users\ERIN_JAVALead\.m2\repository\jakarta\persistence\jakarta.persistence-api\3.1.0\jakarta.persistence-api-3.1.0.jar;C:\Users\ERIN_JAVALead\.m2\repository\jakarta\transaction\jakarta.transaction-api\2.0.1\jakarta.transaction-api-2.0.1.jar;C:\Users\ERIN_JAVALead\.m2\repository\org\jboss\logging\jboss-logging\3.5.0.Final\jboss-logging-3.5.0.Final.jar;C:\Users\ERIN_JAVALead\.m2\repository\org\hibernate\common\hibernate-commons-annotations\6.0.2.Final\hibernate-commons-annotations-6.0.2.Final.jar;C:\Users\ERIN_JAVALead\.m2\repository\org\jboss\jandex\2.4.2.Final\jandex-2.4.2.Final.jar;C:\Users\ERIN_JAVALead\.m2\repository\com\fasterxml\classmate\1.5.1\classmate-1.5.1.jar;C:\Users\ERIN_JAVALead\.m2\repository\net\bytebuddy\byte-buddy\1.12.19\byte-buddy-1.12.19.jar;C:\Users\ERIN_JAVALead\.m2\repository\org\glassfish\jaxb\jaxb-runtime\4.0.1\jaxb-runtime-4.0.1.jar;C:\Users\ERIN_JAVALead\.m2\repository\org\glassfish\jaxb\jaxb-core\4.0.1\jaxb-core-4.0.1.jar;C:\Users\ERIN_JAVALead\.m2\repository\org\eclipse\angus\angus-activation\1.0.0\angus-activation-1.0.0.jar;C:\Users\ERIN_JAVALead\.m2\repository\org\glassfish\jaxb\txw2\4.0.1\txw2-4.0.1.jar;C:\Users\ERIN_JAVALead\.m2\repository\com\sun\istack\istack-commons-runtime\4.1.1\istack-commons-runtime-4.1.1.jar;C:\Users\ERIN_JAVALead\.m2\repository\jakarta\inject\jakarta.inject-api\2.0.0\jakarta.inject-api-2.0.0.jar;C:\Users\ERIN_JAVALead\.m2\repository\org\antlr\antlr4-runtime\4.10.1\antlr4-runtime-4.10.1.jar;C:\Users\ERIN_JAVALead\.m2\repository\org\springframework\data\spring-data-jpa\3.0.0\spring-data-jpa-3.0.0.jar;C:\Users\ERIN_JAVALead\.m2\repository\org\springframework\data\spring-data-commons\3.0.0\spring-data-commons-3.0.0.jar;C:\Users\ERIN_JAVALead\.m2\repository\org\springframework\spring-orm\6.0.2\spring-orm-6.0.2.jar;C:\Users\ERIN_JAVALead\.m2\repository\org\springframework\spring-context\6.0.2\spring-context-6.0.2.jar;C:\Users\ERIN_JAVALead\.m2\repository\org\springframework\spring-tx\6.0.2\spring-tx-6.0.2.jar;C:\Users\ERIN_JAVALead\.m2\repository\org\springframework\spring-beans\6.0.2\spring-beans-6.0.2.jar;C:\Users\ERIN_JAVALead\.m2\repository\jakarta\annotation\jakarta.annotation-api\2.1.1\jakarta.annotation-api-2.1.1.jar;C:\Users\ERIN_JAVALead\.m2\repository\org\slf4j\slf4j-api\2.0.4\slf4j-api-2.0.4.jar;C:\Users\ERIN_JAVALead\.m2\repository\org\springframework\spring-aspects\6.0.2\spring-aspects-6.0.2.jar;C:\Users\ERIN_JAVALead\.m2\repository\org\springframework\boot\spring-boot-starter-web\2.4.2\spring-boot-starter-web-2.4.2.jar;C:\Users\ERIN_JAVALead\.m2\repository\org\springframework\boot\spring-boot-starter\3.0.0\spring-boot-starter-3.0.0.jar;C:\Users\ERIN_JAVALead\.m2\repository\org\springframework\boot\spring-boot\3.0.0\spring-boot-3.0.0.jar;C:\Users\ERIN_JAVALead\.m2\repository\org\springframework\boot\spring-boot-autoconfigure\3.0.0\spring-boot-autoconfigure-3.0.0.jar;C:\Users\ERIN_JAVALead\.m2\repository\org\springframework\boot\spring-boot-starter-logging\3.0.0\spring-boot-starter-logging-3.0.0.jar;C:\Users\ERIN_JAVALead\.m2\repository\ch\qos\logback\logback-classic\1.4.5\logback-classic-1.4.5.jar;C:\Users\ERIN_JAVALead\.m2\repository\ch\qos\logback\logback-core\1.4.5\logback-core-1.4.5.jar;C:\Users\ERIN_JAVALead\.m2\repository\org\apache\logging\log4j\log4j-to-slf4j\2.19.0\log4j-to-slf4j-2.19.0.jar;C:\Users\ERIN_JAVALead\.m2\repository\org\apache\logging\log4j\log4j-api\2.19.0\log4j-api-2.19.0.jar;C:\Users\ERIN_JAVALead\.m2\repository\org\slf4j\jul-to-slf4j\2.0.4\jul-to-slf4j-2.0.4.jar;C:\Users\ERIN_JAVALead\.m2\repository\org\yaml\snakeyaml\1.33\snakeyaml-1.33.jar;C:\Users\ERIN_JAVALead\.m2\repository\org\springframework\boot\spring-boot-starter-json\3.0.0\spring-boot-starter-json-3.0.0.jar;C:\Users\ERIN_JAVALead\.m2\repository\com\fasterxml\jackson\core\jackson-databind\2.14.1\jackson-databind-2.14.1.jar;C:\Users\ERIN_JAVALead\.m2\repository\com\fasterxml\jackson\core\jackson-annotations\2.14.1\jackson-annotations-2.14.1.jar;C:\Users\ERIN_JAVALead\.m2\repository\com\fasterxml\jackson\core\jackson-core\2.14.1\jackson-core-2.14.1.jar;C:\Users\ERIN_JAVALead\.m2\repository\com\fasterxml\jackson\datatype\jackson-datatype-jdk8\2.14.1\jackson-datatype-jdk8-2.14.1.jar;C:\Users\ERIN_JAVALead\.m2\repository\com\fasterxml\jackson\datatype\jackson-datatype-jsr310\2.14.1\jackson-datatype-jsr310-2.14.1.jar;C:\Users\ERIN_JAVALead\.m2\repository\com\fasterxml\jackson\module\jackson-module-parameter-names\2.14.1\jackson-module-parameter-names-2.14.1.jar;C:\Users\ERIN_JAVALead\.m2\repository\org\springframework\boot\spring-boot-starter-tomcat\3.0.0\spring-boot-starter-tomcat-3.0.0.jar;C:\Users\ERIN_JAVALead\.m2\repository\org\apache\tomcat\embed\tomcat-embed-core\10.1.1\tomcat-embed-core-10.1.1.jar;C:\Users\ERIN_JAVALead\.m2\repository\org\apache\tomcat\embed\tomcat-embed-el\10.1.1\tomcat-embed-el-10.1.1.jar;C:\Users\ERIN_JAVALead\.m2\repository\org\apache\tomcat\embed\tomcat-embed-websocket\10.1.1\tomcat-embed-websocket-10.1.1.jar;C:\Users\ERIN_JAVALead\.m2\repository\org\springframework\spring-web\6.0.2\spring-web-6.0.2.jar;C:\Users\ERIN_JAVALead\.m2\repository\io\micrometer\micrometer-observation\1.10.2\micrometer-observation-1.10.2.jar;C:\Users\ERIN_JAVALead\.m2\repository\io\micrometer\micrometer-commons\1.10.2\micrometer-commons-1.10.2.jar;C:\Users\ERIN_JAVALead\.m2\repository\org\springframework\spring-webmvc\6.0.2\spring-webmvc-6.0.2.jar;C:\Users\ERIN_JAVALead\.m2\repository\org\springframework\spring-expression\6.0.2\spring-expression-6.0.2.jar;C:\Users\ERIN_JAVALead\.m2\repository\com\microsoft\sqlserver\mssql-jdbc\12.4.1.jre11\mssql-jdbc-12.4.1.jre11.jar;C:\Users\ERIN_JAVALead\.m2\repository\com\h2database\h2\2.1.214\h2-2.1.214.jar;C:\Users\ERIN_JAVALead\.m2\repository\org\springframework\boot\spring-boot-starter-test\3.0.0\spring-boot-starter-test-3.0.0.jar;C:\Users\ERIN_JAVALead\.m2\repository\org\springframework\boot\spring-boot-test\3.0.0\spring-boot-test-3.0.0.jar;C:\Users\ERIN_JAVALead\.m2\repository\org\springframework\boot\spring-boot-test-autoconfigure\3.0.0\spring-boot-test-autoconfigure-3.0.0.jar;C:\Users\ERIN_JAVALead\.m2\repository\com\jayway\jsonpath\json-path\2.7.0\json-path-2.7.0.jar;C:\Users\ERIN_JAVALead\.m2\repository\net\minidev\json-smart\2.4.8\json-smart-2.4.8.jar;C:\Users\ERIN_JAVALead\.m2\repository\net\minidev\accessors-smart\2.4.8\accessors-smart-2.4.8.jar;C:\Users\ERIN_JAVALead\.m2\repository\org\ow2\asm\asm\9.1\asm-9.1.jar;C:\Users\ERIN_JAVALead\.m2\repository\jakarta\xml\bind\jakarta.xml.bind-api\4.0.0\jakarta.xml.bind-api-4.0.0.jar;C:\Users\ERIN_JAVALead\.m2\repository\jakarta\activation\jakarta.activation-api\2.1.0\jakarta.activation-api-2.1.0.jar;C:\Users\ERIN_JAVALead\.m2\repository\org\assertj\assertj-core\3.23.1\assertj-core-3.23.1.jar;C:\Users\ERIN_JAVALead\.m2\repository\org\hamcrest\hamcrest\2.2\hamcrest-2.2.jar;C:\Users\ERIN_JAVALead\.m2\repository\org\junit\jupiter\junit-jupiter\5.9.1\junit-jupiter-5.9.1.jar;C:\Users\ERIN_JAVALead\.m2\repository\org\junit\jupiter\junit-jupiter-api\5.9.1\junit-jupiter-api-5.9.1.jar;C:\Users\ERIN_JAVALead\.m2\repository\org\opentest4j\opentest4j\1.2.0\opentest4j-1.2.0.jar;C:\Users\ERIN_JAVALead\.m2\repository\org\junit\platform\junit-platform-commons\1.9.1\junit-platform-commons-1.9.1.jar;C:\Users\ERIN_JAVALead\.m2\repository\org\apiguardian\apiguardian-api\1.1.2\apiguardian-api-1.1.2.jar;C:\Users\ERIN_JAVALead\.m2\repository\org\junit\jupiter\junit-jupiter-params\5.9.1\junit-jupiter-params-5.9.1.jar;C:\Users\ERIN_JAVALead\.m2\repository\org\junit\jupiter\junit-jupiter-engine\5.9.1\junit-jupiter-engine-5.9.1.jar;C:\Users\ERIN_JAVALead\.m2\repository\org\junit\platform\junit-platform-engine\1.9.1\junit-platform-engine-1.9.1.jar;C:\Users\ERIN_JAVALead\.m2\repository\org\mockito\mockito-core\4.8.1\mockito-core-4.8.1.jar;C:\Users\ERIN_JAVALead\.m2\repository\net\bytebuddy\byte-buddy-agent\1.12.19\byte-buddy-agent-1.12.19.jar;C:\Users\ERIN_JAVALead\.m2\repository\org\objenesis\objenesis\3.2\objenesis-3.2.jar;C:\Users\ERIN_JAVALead\.m2\repository\org\mockito\mockito-junit-jupiter\4.8.1\mockito-junit-jupiter-4.8.1.jar;C:\Users\ERIN_JAVALead\.m2\repository\org\skyscreamer\jsonassert\1.5.1\jsonassert-1.5.1.jar;C:\Users\ERIN_JAVALead\.m2\repository\com\vaadin\external\google\android-json\0.0.20131108.vaadin1\android-json-0.0.20131108.vaadin1.jar;C:\Users\ERIN_JAVALead\.m2\repository\org\springframework\spring-core\6.0.2\spring-core-6.0.2.jar;C:\Users\ERIN_JAVALead\.m2\repository\org\springframework\spring-jcl\6.0.2\spring-jcl-6.0.2.jar;C:\Users\ERIN_JAVALead\.m2\repository\org\springframework\spring-test\6.0.2\spring-test-6.0.2.jar;C:\Users\ERIN_JAVALead\.m2\repository\org\xmlunit\xmlunit-core\2.9.0\xmlunit-core-2.9.0.jar
Launcher Type: SUN_STANDARD

[Global flags]
     intx CICompilerCount                          = 3                                         {product} {ergonomic}
     uint ConcGCThreads                            = 1                                         {product} {ergonomic}
     uint G1ConcRefinementThreads                  = 4                                         {product} {ergonomic}
   size_t G1HeapRegionSize                         = 1048576                                   {product} {ergonomic}
    uintx GCDrainStackTargetSize                   = 64                                        {product} {ergonomic}
   size_t InitialHeapSize                          = 67108864                                  {product} {ergonomic}
   size_t MarkStackSize                            = 4194304                                   {product} {ergonomic}
   size_t MaxHeapSize                              = 1052770304                                {product} {ergonomic}
   size_t MaxNewSize                               = 631242752                                 {product} {ergonomic}
   size_t MinHeapDeltaBytes                        = 1048576                                   {product} {ergonomic}
   size_t MinHeapSize                              = 8388608                                   {product} {ergonomic}
    uintx NonNMethodCodeHeapSize                   = 5832780                                {pd product} {ergonomic}
    uintx NonProfiledCodeHeapSize                  = 122912730                              {pd product} {ergonomic}
    uintx ProfiledCodeHeapSize                     = 122912730                              {pd product} {ergonomic}
    uintx ReservedCodeCacheSize                    = 251658240                              {pd product} {ergonomic}
     bool SegmentedCodeCache                       = true                                      {product} {ergonomic}
   size_t SoftMaxHeapSize                          = 1052770304                             {manageable} {ergonomic}
     bool UseCompressedClassPointers               = true                           {product lp64_product} {ergonomic}
     bool UseCompressedOops                        = true                           {product lp64_product} {ergonomic}
     bool UseG1GC                                  = true                                      {product} {ergonomic}
     bool UseLargePagesIndividualAllocation        = false                                  {pd product} {ergonomic}

Logging:
Log output configuration:
 #0: stdout all=warning uptime,level,tags foldmultilines=false
 #1: stderr all=off uptime,level,tags foldmultilines=false

Environment Variables:
PATH=C:\WINDOWS\system32;C:\WINDOWS;C:\WINDOWS\System32\Wbem;C:\WINDOWS\System32\WindowsPowerShell\v1.0\;C:\WINDOWS\System32\OpenSSH\;C:\Program Files (x86)\nodejs\;C:\Program Files (x86)\nodejs\npm;C:\Users\ERIN_JAVALead\AppData\Roaming\npm;C:\Program Files\Git\cmd;C:\Program Files (x86)\dotnet\;C:\Program Files (x86)\Microsoft SQL Server\160\DTS\Binn\;C:\Program Files\Azure Data Studio\bin;C:\Program Files (x86)\Microsoft SQL Server\160\Tools\Binn\;C:\Program Files\Microsoft SQL Server\160\Tools\Binn\;C:\Program Files\Microsoft SQL Server\Client SDK\ODBC\170\Tools\Binn\;C:\Program Files\Microsoft SQL Server\160\DTS\Binn\;C:\Users\ERIN_JAVALead\AppData\Local\Microsoft\WindowsApps;;C:\Users\ERIN_JAVALead\AppData\Local\Programs\Microsoft VS Code\bin;C:\Users\ERIN_JAVALead\AppData\Roaming\npm;C:\Program Files\Azure Data Studio\bin
USERNAME=ERIN_JAVALead
OS=Windows_NT
PROCESSOR_IDENTIFIER=Intel64 Family 6 Model 78 Stepping 3, GenuineIntel



---------------  S Y S T E M  ---------------

OS:
 Windows 10 , 64 bit Build 19041 (10.0.19041.3570)
OS uptime: 0 days 1:19 hours

CPU: total 4 (initial active 4) (2 cores per cpu, 2 threads per core) family 6 model 78 stepping 3 microcode 0xcc, cx8, cmov, fxsr, ht, mmx, 3dnowpref, sse, sse2, sse3, ssse3, sse4.1, sse4.2, popcnt, lzcnt, tsc, tscinvbit, avx, avx2, aes, erms, clmul, bmi1, bmi2, adx, fma, vzeroupper, clflush, clflushopt

Memory: 4k page, system-wide physical 4012M (366M free)
TotalPageFile size 6060M (AvailPageFile size 4M)
current process WorkingSet (physical memory assigned to process): 78M, peak: 78M
current process commit charge ("private bytes"): 157M, peak: 157M

vm_info: OpenJDK 64-Bit Server VM (18.0.2+9-FR) for windows-amd64 JRE (18.0.2+9-FR), built on Jul 15 2022 20:03:03 by "Administrator" with MS VC++ 15.9 (VS2017)

END.
