#
# There is insufficient memory for the Java Runtime Environment to continue.
# Native memory allocation (malloc) failed to allocate 2279536 bytes for Chunk::new
# Possible reasons:
#   The system is out of physical RAM or swap space
#   The process is running with CompressedOops enabled, and the Java Heap may be blocking the growth of the native heap
# Possible solutions:
#   Reduce memory load on the system
#   Increase physical memory or swap space
#   Check if swap backing store is full
#   Decrease Java heap size (-Xmx/-Xms)
#   Decrease number of Java threads
#   Decrease Java thread stack sizes (-Xss)
#   Set larger code cache with -XX:ReservedCodeCacheSize=
#   JVM is running with Unscaled Compressed Oops mode in which the Java heap is
#     placed in the first 4GB address space. The Java Heap base address is the
#     maximum limit for the native heap growth. Please use -XX:HeapBaseMinAddress
#     to set the Java Heap base and to place the Java Heap above 4GB virtual address.
# This output file may be truncated or incomplete.
#
#  Out of Memory Error (arena.cpp:184), pid=13548, tid=12928
#
# JRE version: OpenJDK Runtime Environment Corretto-18.0.2.9.1 (18.0.2+9) (build 18.0.2+9-FR)
# Java VM: OpenJDK 64-Bit Server VM Corretto-18.0.2.9.1 (18.0.2+9-FR, mixed mode, sharing, tiered, compressed oops, compressed class ptrs, g1 gc, windows-amd64)
# No core dump will be written. Minidumps are not enabled by default on client versions of Windows
#

---------------  S U M M A R Y ------------

Command Line: -ea -Didea.test.cyclic.buffer.size=1048576 -javaagent:C:\Program Files\JetBrains\IntelliJ IDEA Community Edition 2021.3.3\lib\idea_rt.jar=56265:C:\Program Files\JetBrains\IntelliJ IDEA Community Edition 2021.3.3\bin -Dfile.encoding=UTF-8 com.intellij.rt.junit.JUnitStarter -ideVersion5 -junit5 com.devskiller.tasks.blog.rest.UserControllerTest,shouldReturnFoundUser

Host: Intel(R) Core(TM) i3-6006U CPU @ 2.00GHz, 4 cores, 3G,  Windows 10 , 64 bit Build 19041 (10.0.19041.3570)
Time: Tue Oct 31 13:00:43 2023 Central European Standard Time elapsed time: 9.363702 seconds (0d 0h 0m 9s)

---------------  T H R E A D  ---------------

Current thread (0x0000016aa0342e20):  JavaThread "C2 CompilerThread0" daemon [_thread_in_native, id=12928, stack(0x0000005038b00000,0x0000005038c00000)]


Current CompileTask:
C2:   9363 3645       4       org.springframework.boot.context.properties.source.ConfigurationPropertyName$ElementsParser::parse (234 bytes)

Stack: [0x0000005038b00000,0x0000005038c00000]
Native frames: (J=compiled Java code, j=interpreted, Vv=VM code, C=native code)
V  [jvm.dll+0x685a2a]
V  [jvm.dll+0x82ae8d]
V  [jvm.dll+0x82c75e]
V  [jvm.dll+0x82ce03]
V  [jvm.dll+0x25ef4b]
V  [jvm.dll+0xd42d2]
V  [jvm.dll+0xd4665]
V  [jvm.dll+0x385751]
V  [jvm.dll+0x34d82a]
V  [jvm.dll+0x34cc1a]
V  [jvm.dll+0x233a65]
V  [jvm.dll+0x232f37]
V  [jvm.dll+0x1c0a35]
V  [jvm.dll+0x24212c]
V  [jvm.dll+0x240534]
V  [jvm.dll+0x7df6db]
V  [jvm.dll+0x7d9cba]
V  [jvm.dll+0x6848a5]
C  [ucrtbase.dll+0x21bb2]
C  [KERNEL32.DLL+0x17344]
C  [ntdll.dll+0x526b1]


---------------  P R O C E S S  ---------------

Threads class SMR info:
_java_thread_list=0x0000016ac1ea9eb0, length=14, elements={
0x0000016aa028a980, 0x0000016aa032b2d0, 0x0000016aa032bf30, 0x0000016aa033f460,
0x0000016aa0340e10, 0x0000016aa03417b0, 0x0000016aa0342150, 0x0000016aa0342e20,
0x0000016aa0344810, 0x0000016abb85e630, 0x0000016abb7fd210, 0x0000016abfc97010,
0x0000016abfd00340, 0x0000016ac1ae1410
}

Java Threads: ( => current thread )
  0x0000016aa028a980 JavaThread "main" [_thread_blocked, id=13528, stack(0x0000005037e00000,0x0000005037f00000)]
  0x0000016aa032b2d0 JavaThread "Reference Handler" daemon [_thread_blocked, id=4896, stack(0x0000005038500000,0x0000005038600000)]
  0x0000016aa032bf30 JavaThread "Finalizer" daemon [_thread_blocked, id=7776, stack(0x0000005038600000,0x0000005038700000)]
  0x0000016aa033f460 JavaThread "Signal Dispatcher" daemon [_thread_blocked, id=3384, stack(0x0000005038700000,0x0000005038800000)]
  0x0000016aa0340e10 JavaThread "Attach Listener" daemon [_thread_blocked, id=4336, stack(0x0000005038800000,0x0000005038900000)]
  0x0000016aa03417b0 JavaThread "Service Thread" daemon [_thread_blocked, id=3000, stack(0x0000005038900000,0x0000005038a00000)]
  0x0000016aa0342150 JavaThread "Monitor Deflation Thread" daemon [_thread_blocked, id=5336, stack(0x0000005038a00000,0x0000005038b00000)]
=>0x0000016aa0342e20 JavaThread "C2 CompilerThread0" daemon [_thread_in_native, id=12928, stack(0x0000005038b00000,0x0000005038c00000)]
  0x0000016aa0344810 JavaThread "C1 CompilerThread0" daemon [_thread_blocked, id=2764, stack(0x0000005038c00000,0x0000005038d00000)]
  0x0000016abb85e630 JavaThread "Sweeper thread" daemon [_thread_blocked, id=13000, stack(0x0000005038d00000,0x0000005038e00000)]
  0x0000016abb7fd210 JavaThread "Common-Cleaner" daemon [_thread_blocked, id=1724, stack(0x0000005038e00000,0x0000005038f00000)]
  0x0000016abfc97010 JavaThread "Monitor Ctrl-Break" daemon [_thread_in_native, id=12408, stack(0x0000005038f00000,0x0000005039000000)]
  0x0000016abfd00340 JavaThread "Notification Thread" daemon [_thread_blocked, id=10016, stack(0x0000005039000000,0x0000005039100000)]
  0x0000016ac1ae1410 JavaThread "C2 CompilerThread1" daemon [_thread_blocked, id=6280, stack(0x0000005039300000,0x0000005039400000)]

Other Threads:
  0x0000016aa0325b10 VMThread "VM Thread" [stack: 0x0000005038400000,0x0000005038500000] [id=3124]
  0x0000016aa028b920 WatcherThread "VM Periodic Task Thread" [stack: 0x0000005039100000,0x0000005039200000] [id=10988]
  0x0000016aa02cb010 WorkerThread "GC Thread#0" [stack: 0x0000005037f00000,0x0000005038000000] [id=2864]
  0x0000016ac0266bb0 WorkerThread "GC Thread#1" [stack: 0x0000005039200000,0x0000005039300000] [id=5472]
  0x0000016ac0477ca0 WorkerThread "GC Thread#2" [stack: 0x0000005039400000,0x0000005039500000] [id=11612]
  0x0000016ac0234ac0 WorkerThread "GC Thread#3" [stack: 0x0000005039500000,0x0000005039600000] [id=12708]
  0x0000016aa02d4cd0 ConcurrentGCThread "G1 Main Marker" [stack: 0x0000005038000000,0x0000005038100000] [id=12072]
  0x0000016aa02d56c0 WorkerThread "G1 Conc#0" [stack: 0x0000005038100000,0x0000005038200000] [id=6464]
  0x0000016aa02fc8c0 ConcurrentGCThread "G1 Refine#0" [stack: 0x0000005038200000,0x0000005038300000] [id=124]
  0x0000016ac038aab0 ConcurrentGCThread "G1 Refine#1" [stack: 0x0000005039600000,0x0000005039700000] [id=3756]
  0x0000016aa02fd1d0 ConcurrentGCThread "G1 Service" [stack: 0x0000005038300000,0x0000005038400000] [id=12956]

Threads with active compile tasks:
C2 CompilerThread0     9437 3645       4       org.springframework.boot.context.properties.source.ConfigurationPropertyName$ElementsParser::parse (234 bytes)
C2 CompilerThread1     9437 3691       4       org.springframework.beans.factory.support.AbstractBeanFactory::transformedBeanName (9 bytes)

VM state: not at safepoint (normal execution)

VM Mutex/Monitor currently owned by a thread: None

Heap address: 0x00000000c1400000, size: 1004 MB, Compressed Oops mode: 32-bit

CDS archive(s) mapped at: [0x0000000800000000-0x0000000800ba0000-0x0000000800ba0000), size 12189696, SharedBaseAddress: 0x0000000800000000, ArchiveRelocationMode: 0.
Compressed class space mapped at: 0x0000000800c00000-0x0000000840c00000, reserved size: 1073741824
Narrow klass base: 0x0000000800000000, Narrow klass shift: 0, Narrow klass range: 0x100000000

GC Precious Log:
 CardTable entry size: 512
 Card Set container configuration: InlinePtr #cards 5 size 8 Array Of Cards #cards 12 size 40 Howl #buckets 4 coarsen threshold 1843 Howl Bitmap #cards 512 size 80 coarsen threshold 460 Card regions per heap region 1 cards per card region 2048
 CPUs: 4 total, 4 available
 Memory: 4012M
 Large Page Support: Disabled
 NUMA Support: Disabled
 Compressed Oops: Enabled (32-bit)
 Heap Region Size: 1M
 Heap Min Capacity: 8M
 Heap Initial Capacity: 64M
 Heap Max Capacity: 1004M
 Pre-touch: Disabled
 Parallel Workers: 4
 Concurrent Workers: 1
 Concurrent Refinement Workers: 4
 Periodic GC: Disabled

Heap:
 garbage-first heap   total 48128K, used 16129K [0x00000000c1400000, 0x0000000100000000)
  region size 1024K, 3 young (3072K), 2 survivors (2048K)
 Metaspace       used 30622K, committed 31104K, reserved 1114112K
  class space    used 4249K, committed 4480K, reserved 1048576K

Heap Regions: E=young(eden), S=young(survivor), O=old, HS=humongous(starts), HC=humongous(continues), CS=collection set, F=free, OA=open archive, CA=closed archive, TAMS=top-at-mark-start (previous, next)
|   0|0x00000000c1400000, 0x00000000c1500000, 0x00000000c1500000|100%|HS|  |TAMS 0x00000000c1500000, 0x00000000c1400000| Complete 
|   1|0x00000000c1500000, 0x00000000c1600000, 0x00000000c1600000|100%| O|  |TAMS 0x00000000c1600000, 0x00000000c1500000| Untracked 
|   2|0x00000000c1600000, 0x00000000c1700000, 0x00000000c1700000|100%| O|  |TAMS 0x00000000c1700000, 0x00000000c1600000| Untracked 
|   3|0x00000000c1700000, 0x00000000c1800000, 0x00000000c1800000|100%| O|  |TAMS 0x00000000c1800000, 0x00000000c1700000| Untracked 
|   4|0x00000000c1800000, 0x00000000c1900000, 0x00000000c1900000|100%| O|  |TAMS 0x00000000c1900000, 0x00000000c1800000| Untracked 
|   5|0x00000000c1900000, 0x00000000c1a00000, 0x00000000c1a00000|100%| O|  |TAMS 0x00000000c1a00000, 0x00000000c1900000| Untracked 
|   6|0x00000000c1a00000, 0x00000000c1b00000, 0x00000000c1b00000|100%| O|  |TAMS 0x00000000c1a92600, 0x00000000c1a00000| Untracked 
|   7|0x00000000c1b00000, 0x00000000c1c00000, 0x00000000c1c00000|100%| O|  |TAMS 0x00000000c1b00000, 0x00000000c1b00000| Untracked 
|   8|0x00000000c1c00000, 0x00000000c1c00000, 0x00000000c1d00000|  0%| F|  |TAMS 0x00000000c1c00000, 0x00000000c1c00000| Untracked 
|   9|0x00000000c1d00000, 0x00000000c1e00000, 0x00000000c1e00000|100%| O|  |TAMS 0x00000000c1d00000, 0x00000000c1d00000| Untracked 
|  10|0x00000000c1e00000, 0x00000000c1f00000, 0x00000000c1f00000|100%| O|  |TAMS 0x00000000c1e00000, 0x00000000c1e00000| Untracked 
|  11|0x00000000c1f00000, 0x00000000c2000000, 0x00000000c2000000|100%| O|  |TAMS 0x00000000c1f00000, 0x00000000c1f00000| Untracked 
|  12|0x00000000c2000000, 0x00000000c2100000, 0x00000000c2100000|100%| O|  |TAMS 0x00000000c2000000, 0x00000000c2000000| Untracked 
|  13|0x00000000c2100000, 0x00000000c2200000, 0x00000000c2200000|100%| O|  |TAMS 0x00000000c2100000, 0x00000000c2100000| Untracked 
|  14|0x00000000c2200000, 0x00000000c22cfe00, 0x00000000c2300000| 81%| O|  |TAMS 0x00000000c2200000, 0x00000000c2200000| Untracked 
|  15|0x00000000c2300000, 0x00000000c2300000, 0x00000000c2400000|  0%| F|  |TAMS 0x00000000c2300000, 0x00000000c2300000| Untracked 
|  16|0x00000000c2400000, 0x00000000c2400000, 0x00000000c2500000|  0%| F|  |TAMS 0x00000000c2400000, 0x00000000c2400000| Untracked 
|  17|0x00000000c2500000, 0x00000000c2500000, 0x00000000c2600000|  0%| F|  |TAMS 0x00000000c2500000, 0x00000000c2500000| Untracked 
|  18|0x00000000c2600000, 0x00000000c2600000, 0x00000000c2700000|  0%| F|  |TAMS 0x00000000c2600000, 0x00000000c2600000| Untracked 
|  19|0x00000000c2700000, 0x00000000c2700000, 0x00000000c2800000|  0%| F|  |TAMS 0x00000000c2700000, 0x00000000c2700000| Untracked 
|  20|0x00000000c2800000, 0x00000000c2800000, 0x00000000c2900000|  0%| F|  |TAMS 0x00000000c2800000, 0x00000000c2800000| Untracked 
|  21|0x00000000c2900000, 0x00000000c2900000, 0x00000000c2a00000|  0%| F|  |TAMS 0x00000000c2900000, 0x00000000c2900000| Untracked 
|  22|0x00000000c2a00000, 0x00000000c2a00000, 0x00000000c2b00000|  0%| F|  |TAMS 0x00000000c2a00000, 0x00000000c2a00000| Untracked 
|  23|0x00000000c2b00000, 0x00000000c2b00000, 0x00000000c2c00000|  0%| F|  |TAMS 0x00000000c2b00000, 0x00000000c2b00000| Untracked 
|  24|0x00000000c2c00000, 0x00000000c2cf09e8, 0x00000000c2d00000| 93%| S|CS|TAMS 0x00000000c2c00000, 0x00000000c2c00000| Complete 
|  25|0x00000000c2d00000, 0x00000000c2e00000, 0x00000000c2e00000|100%| S|CS|TAMS 0x00000000c2d00000, 0x00000000c2d00000| Complete 
|  26|0x00000000c2e00000, 0x00000000c2e00000, 0x00000000c2f00000|  0%| F|  |TAMS 0x00000000c2e00000, 0x00000000c2e00000| Untracked 
|  27|0x00000000c2f00000, 0x00000000c2f00000, 0x00000000c3000000|  0%| F|  |TAMS 0x00000000c2f00000, 0x00000000c2f00000| Untracked 
|  28|0x00000000c3000000, 0x00000000c3000000, 0x00000000c3100000|  0%| F|  |TAMS 0x00000000c3000000, 0x00000000c3000000| Untracked 
|  29|0x00000000c3100000, 0x00000000c3100000, 0x00000000c3200000|  0%| F|  |TAMS 0x00000000c3100000, 0x00000000c3100000| Untracked 
|  30|0x00000000c3200000, 0x00000000c3200000, 0x00000000c3300000|  0%| F|  |TAMS 0x00000000c3200000, 0x00000000c3200000| Untracked 
|  31|0x00000000c3300000, 0x00000000c3300000, 0x00000000c3400000|  0%| F|  |TAMS 0x00000000c3300000, 0x00000000c3300000| Untracked 
|  32|0x00000000c3400000, 0x00000000c3400000, 0x00000000c3500000|  0%| F|  |TAMS 0x00000000c3400000, 0x00000000c3400000| Untracked 
|  33|0x00000000c3500000, 0x00000000c3500000, 0x00000000c3600000|  0%| F|  |TAMS 0x00000000c3500000, 0x00000000c3500000| Untracked 
|  34|0x00000000c3600000, 0x00000000c3600000, 0x00000000c3700000|  0%| F|  |TAMS 0x00000000c3600000, 0x00000000c3600000| Untracked 
|  35|0x00000000c3700000, 0x00000000c3700000, 0x00000000c3800000|  0%| F|  |TAMS 0x00000000c3700000, 0x00000000c3700000| Untracked 
|  36|0x00000000c3800000, 0x00000000c3800000, 0x00000000c3900000|  0%| F|  |TAMS 0x00000000c3800000, 0x00000000c3800000| Untracked 
|  37|0x00000000c3900000, 0x00000000c3900000, 0x00000000c3a00000|  0%| F|  |TAMS 0x00000000c3900000, 0x00000000c3900000| Untracked 
|  38|0x00000000c3a00000, 0x00000000c3a00000, 0x00000000c3b00000|  0%| F|  |TAMS 0x00000000c3a00000, 0x00000000c3a00000| Untracked 
|  39|0x00000000c3b00000, 0x00000000c3b00000, 0x00000000c3c00000|  0%| F|  |TAMS 0x00000000c3b00000, 0x00000000c3b00000| Untracked 
|  40|0x00000000c3c00000, 0x00000000c3c00000, 0x00000000c3d00000|  0%| F|  |TAMS 0x00000000c3c00000, 0x00000000c3c00000| Untracked 
|  41|0x00000000c3d00000, 0x00000000c3d00000, 0x00000000c3e00000|  0%| F|  |TAMS 0x00000000c3d00000, 0x00000000c3d00000| Untracked 
|  42|0x00000000c3e00000, 0x00000000c3e00000, 0x00000000c3f00000|  0%| F|  |TAMS 0x00000000c3e00000, 0x00000000c3e00000| Untracked 
|  43|0x00000000c3f00000, 0x00000000c3f00000, 0x00000000c4000000|  0%| F|  |TAMS 0x00000000c3f00000, 0x00000000c3f00000| Untracked 
|  44|0x00000000c4000000, 0x00000000c4000000, 0x00000000c4100000|  0%| F|  |TAMS 0x00000000c4000000, 0x00000000c4000000| Untracked 
|  45|0x00000000c4100000, 0x00000000c4100000, 0x00000000c4200000|  0%| F|  |TAMS 0x00000000c4100000, 0x00000000c4100000| Untracked 
|  63|0x00000000c5300000, 0x00000000c535a2d8, 0x00000000c5400000| 35%| E|  |TAMS 0x00000000c5300000, 0x00000000c5300000| Complete 

Card table byte_map: [0x0000016ab7050000,0x0000016ab7250000] _byte_map_base: 0x0000016ab6a46000

Marking Bits (Prev, Next): (CMBitMap*) 0x0000016aa02cc660, (CMBitMap*) 0x0000016aa02cc620
 Prev Bits: [0x0000016ab8400000, 0x0000016ab93b0000)
 Next Bits: [0x0000016ab7450000, 0x0000016ab8400000)

Polling page: 0x0000016a9fa50000

Metaspace:

Usage:
  Non-class:     25.78 MB used.
      Class:      4.15 MB used.
       Both:     29.93 MB used.

Virtual space:
  Non-class space:       64.00 MB reserved,      26.00 MB ( 41%) committed,  1 nodes.
      Class space:        1.00 GB reserved,       4.38 MB ( <1%) committed,  1 nodes.
             Both:        1.06 GB reserved,      30.38 MB (  3%) committed. 

Chunk freelists:
   Non-Class:  1.88 MB
       Class:  3.44 MB
        Both:  5.31 MB

MaxMetaspaceSize: unlimited
CompressedClassSpaceSize: 1.00 GB
Initial GC threshold: 21.00 MB
Current GC threshold: 35.25 MB
CDS: on
MetaspaceReclaimPolicy: balanced
 - commit_granule_bytes: 65536.
 - commit_granule_words: 8192.
 - virtual_space_node_default_size: 8388608.
 - enlarge_chunks_in_place: 1.
 - new_chunks_are_fully_committed: 0.
 - uncommit_free_chunks: 1.
 - use_allocation_guard: 0.


Internal statistics:

num_allocs_failed_limit: 3.
num_arena_births: 624.
num_arena_deaths: 0.
num_vsnodes_births: 2.
num_vsnodes_deaths: 0.
num_space_committed: 486.
num_space_uncommitted: 0.
num_chunks_returned_to_freelist: 3.
num_chunks_taken_from_freelist: 1770.
num_chunk_merges: 3.
num_chunk_splits: 1211.
num_chunks_enlarged: 907.
num_inconsistent_stats: 0.

CodeHeap 'non-profiled nmethods': size=120000Kb used=1585Kb max_used=1585Kb free=118414Kb
 bounds [0x0000016aaf920000, 0x0000016aafb90000, 0x0000016ab6e50000]
CodeHeap 'profiled nmethods': size=120000Kb used=7617Kb max_used=7617Kb free=112382Kb
 bounds [0x0000016aa83f0000, 0x0000016aa8b70000, 0x0000016aaf920000]
CodeHeap 'non-nmethods': size=5760Kb used=1221Kb max_used=1280Kb free=4538Kb
 bounds [0x0000016aa7e50000, 0x0000016aa80c0000, 0x0000016aa83f0000]
 total_blobs=4265 nmethods=3754 adapters=423
 compilation: enabled
              stopped_count=0, restarted_count=0
 full_count=0

Compilation events (20 events):
Event: 9.234 Thread 0x0000016aa0344810 3745   !   2       org.springframework.util.ReflectionUtils::doWithLocalFields (63 bytes)
Event: 9.235 Thread 0x0000016aa0344810 nmethod 3745 0x0000016aa8b54b10 code [0x0000016aa8b54ce0, 0x0000016aa8b54fd8]
Event: 9.245 Thread 0x0000016aa0344810 3746       2       org.springframework.beans.factory.annotation.AutowiredAnnotationBeanPostProcessor::lambda$buildAutowiringMetadata$1 (74 bytes)
Event: 9.246 Thread 0x0000016aa0344810 nmethod 3746 0x0000016aa8b55210 code [0x0000016aa8b55400, 0x0000016aa8b55708]
Event: 9.246 Thread 0x0000016aa0344810 3747       2       org.springframework.boot.test.mock.mockito.MockitoPostProcessor::postProcessField (29 bytes)
Event: 9.247 Thread 0x0000016aa0344810 nmethod 3747 0x0000016aa8b55910 code [0x0000016aa8b55ac0, 0x0000016aa8b55d08]
Event: 9.247 Thread 0x0000016aa0344810 3748       2       org.springframework.beans.factory.support.AbstractBeanFactory::isTypeMatch (619 bytes)
Event: 9.252 Thread 0x0000016aa0344810 nmethod 3748 0x0000016aa8b55e90 code [0x0000016aa8b56340, 0x0000016aa8b57da8]
Event: 9.252 Thread 0x0000016aa0344810 3750   !   2       org.springframework.core.annotation.AnnotationsScanner::processMethodHierarchy (276 bytes)
Event: 9.254 Thread 0x0000016aa0344810 nmethod 3750 0x0000016aa8b58c10 code [0x0000016aa8b58ea0, 0x0000016aa8b596b8]
Event: 9.254 Thread 0x0000016aa0344810 3749       2       org.springframework.core.ResolvableType::isInstance (21 bytes)
Event: 9.254 Thread 0x0000016aa0344810 nmethod 3749 0x0000016aa8b59e90 code [0x0000016aa8b5a020, 0x0000016aa8b5a188]
Event: 9.289 Thread 0x0000016aa0344810 3751       2       ch.qos.logback.classic.Logger::<init> (25 bytes)
Event: 9.289 Thread 0x0000016aa0344810 nmethod 3751 0x0000016aa8b5a290 code [0x0000016aa8b5a420, 0x0000016aa8b5a638]
Event: 9.351 Thread 0x0000016aa0344810 3752       2       org.springframework.core.SerializableTypeWrapper::forTypeProvider (178 bytes)
Event: 9.352 Thread 0x0000016aa0344810 nmethod 3752 0x0000016aa8b5a710 code [0x0000016aa8b5a980, 0x0000016aa8b5b358]
Event: 9.359 Thread 0x0000016aa0344810 3753       2       java.lang.invoke.DirectMethodHandle$Holder::invokeStatic (22 bytes)
Event: 9.359 Thread 0x0000016aa0344810 nmethod 3753 0x0000016aa8b5b810 code [0x0000016aa8b5b9c0, 0x0000016aa8b5bb18]
Event: 9.359 Thread 0x0000016aa0344810 3754       1       java.lang.invoke.MethodHandleImpl$AsVarargsCollector::getTarget (5 bytes)
Event: 9.359 Thread 0x0000016aa0344810 nmethod 3754 0x0000016aafaaa910 code [0x0000016aafaaaaa0, 0x0000016aafaaab78]

GC Heap History (14 events):
Event: 1.411 GC heap before
{Heap before GC invocations=0 (full 0):
 garbage-first heap   total 65536K, used 13312K [0x00000000c1400000, 0x0000000100000000)
  region size 1024K, 13 young (13312K), 0 survivors (0K)
 Metaspace       used 2914K, committed 3072K, reserved 1114112K
  class space    used 283K, committed 384K, reserved 1048576K
}
Event: 1.424 GC heap after
{Heap after GC invocations=1 (full 0):
 garbage-first heap   total 65536K, used 6592K [0x00000000c1400000, 0x0000000100000000)
  region size 1024K, 2 young (2048K), 2 survivors (2048K)
 Metaspace       used 2914K, committed 3072K, reserved 1114112K
  class space    used 283K, committed 384K, reserved 1048576K
}
Event: 2.164 GC heap before
{Heap before GC invocations=1 (full 0):
 garbage-first heap   total 65536K, used 15808K [0x00000000c1400000, 0x0000000100000000)
  region size 1024K, 11 young (11264K), 2 survivors (2048K)
 Metaspace       used 5045K, committed 5248K, reserved 1114112K
  class space    used 620K, committed 704K, reserved 1048576K
}
Event: 2.173 GC heap after
{Heap after GC invocations=2 (full 0):
 garbage-first heap   total 65536K, used 7339K [0x00000000c1400000, 0x0000000100000000)
  region size 1024K, 1 young (1024K), 1 survivors (1024K)
 Metaspace       used 5045K, committed 5248K, reserved 1114112K
  class space    used 620K, committed 704K, reserved 1048576K
}
Event: 3.921 GC heap before
{Heap before GC invocations=2 (full 0):
 garbage-first heap   total 65536K, used 26795K [0x00000000c1400000, 0x0000000100000000)
  region size 1024K, 21 young (21504K), 1 survivors (1024K)
 Metaspace       used 10477K, committed 10688K, reserved 1114112K
  class space    used 1334K, committed 1408K, reserved 1048576K
}
Event: 3.929 GC heap after
{Heap after GC invocations=3 (full 0):
 garbage-first heap   total 65536K, used 8777K [0x00000000c1400000, 0x0000000100000000)
  region size 1024K, 2 young (2048K), 2 survivors (2048K)
 Metaspace       used 10477K, committed 10688K, reserved 1114112K
  class space    used 1334K, committed 1408K, reserved 1048576K
}
Event: 5.059 GC heap before
{Heap before GC invocations=3 (full 0):
 garbage-first heap   total 65536K, used 40521K [0x00000000c1400000, 0x0000000100000000)
  region size 1024K, 33 young (33792K), 2 survivors (2048K)
 Metaspace       used 18232K, committed 18496K, reserved 1114112K
  class space    used 2282K, committed 2432K, reserved 1048576K
}
Event: 5.069 GC heap after
{Heap after GC invocations=4 (full 0):
 garbage-first heap   total 65536K, used 11243K [0x00000000c1400000, 0x0000000100000000)
  region size 1024K, 5 young (5120K), 5 survivors (5120K)
 Metaspace       used 18232K, committed 18496K, reserved 1114112K
  class space    used 2282K, committed 2432K, reserved 1048576K
}
Event: 6.417 GC heap before
{Heap before GC invocations=4 (full 0):
 garbage-first heap   total 65536K, used 30699K [0x00000000c1400000, 0x0000000100000000)
  region size 1024K, 26 young (26624K), 5 survivors (5120K)
 Metaspace       used 21220K, committed 21504K, reserved 1114112K
  class space    used 2691K, committed 2816K, reserved 1048576K
}
Event: 6.431 GC heap after
{Heap after GC invocations=5 (full 0):
 garbage-first heap   total 65536K, used 12728K [0x00000000c1400000, 0x0000000100000000)
  region size 1024K, 4 young (4096K), 4 survivors (4096K)
 Metaspace       used 21220K, committed 21504K, reserved 1114112K
  class space    used 2691K, committed 2816K, reserved 1048576K
}
Event: 7.958 GC heap before
{Heap before GC invocations=6 (full 0):
 garbage-first heap   total 48128K, used 37304K [0x00000000c1400000, 0x0000000100000000)
  region size 1024K, 28 young (28672K), 4 survivors (4096K)
 Metaspace       used 26731K, committed 27136K, reserved 1114112K
  class space    used 3642K, committed 3840K, reserved 1048576K
}
Event: 7.980 GC heap after
{Heap after GC invocations=7 (full 0):
 garbage-first heap   total 48128K, used 14213K [0x00000000c1400000, 0x0000000100000000)
  region size 1024K, 3 young (3072K), 3 survivors (3072K)
 Metaspace       used 26731K, committed 27136K, reserved 1114112K
  class space    used 3642K, committed 3840K, reserved 1048576K
}
Event: 8.053 GC heap before
{Heap before GC invocations=7 (full 0):
 garbage-first heap   total 48128K, used 15237K [0x00000000c1400000, 0x0000000100000000)
  region size 1024K, 4 young (4096K), 3 survivors (3072K)
 Metaspace       used 27009K, committed 27456K, reserved 1114112K
  class space    used 3707K, committed 3904K, reserved 1048576K
}
Event: 8.068 GC heap after
{Heap after GC invocations=8 (full 0):
 garbage-first heap   total 48128K, used 14741K [0x00000000c1400000, 0x0000000100000000)
  region size 1024K, 1 young (1024K), 1 survivors (1024K)
 Metaspace       used 27009K, committed 27456K, reserved 1114112K
  class space    used 3707K, committed 3904K, reserved 1048576K
}

Deoptimization events (20 events):
Event: 9.092 Thread 0x0000016aa028a980 Uncommon trap: trap_request=0xffffffde fr.pc=0x0000016aafa1a87c relative=0x0000000000000ddc
Event: 9.092 Thread 0x0000016aa028a980 Uncommon trap: reason=class_check action=maybe_recompile pc=0x0000016aafa1a87c method=java.util.concurrent.ConcurrentHashMap.putVal(Ljava/lang/Object;Ljava/lang/Object;Z)Ljava/lang/Object; @ 159 c2
Event: 9.092 Thread 0x0000016aa028a980 DEOPT PACKING pc=0x0000016aafa1a87c sp=0x0000005037efa640
Event: 9.092 Thread 0x0000016aa028a980 DEOPT UNPACKING pc=0x0000016aa7ea23a3 sp=0x0000005037efa5c0 mode 2
Event: 9.095 Thread 0x0000016aa028a980 Uncommon trap: trap_request=0xffffff45 fr.pc=0x0000016aafa98d90 relative=0x0000000000000270
Event: 9.095 Thread 0x0000016aa028a980 Uncommon trap: reason=unstable_if action=reinterpret pc=0x0000016aafa98d90 method=java.util.concurrent.ConcurrentHashMap.get(Ljava/lang/Object;)Ljava/lang/Object; @ 152 c2
Event: 9.095 Thread 0x0000016aa028a980 DEOPT PACKING pc=0x0000016aafa98d90 sp=0x0000005037efa290
Event: 9.095 Thread 0x0000016aa028a980 DEOPT UNPACKING pc=0x0000016aa7ea23a3 sp=0x0000005037efa208 mode 2
Event: 9.096 Thread 0x0000016aa028a980 Uncommon trap: trap_request=0xffffffde fr.pc=0x0000016aafa1a87c relative=0x0000000000000ddc
Event: 9.096 Thread 0x0000016aa028a980 Uncommon trap: reason=class_check action=maybe_recompile pc=0x0000016aafa1a87c method=java.util.concurrent.ConcurrentHashMap.putVal(Ljava/lang/Object;Ljava/lang/Object;Z)Ljava/lang/Object; @ 159 c2
Event: 9.096 Thread 0x0000016aa028a980 DEOPT PACKING pc=0x0000016aafa1a87c sp=0x0000005037ef9cc0
Event: 9.096 Thread 0x0000016aa028a980 DEOPT UNPACKING pc=0x0000016aa7ea23a3 sp=0x0000005037ef9c40 mode 2
Event: 9.096 Thread 0x0000016aa028a980 Uncommon trap: trap_request=0xffffffde fr.pc=0x0000016aafa1a87c relative=0x0000000000000ddc
Event: 9.096 Thread 0x0000016aa028a980 Uncommon trap: reason=class_check action=maybe_recompile pc=0x0000016aafa1a87c method=java.util.concurrent.ConcurrentHashMap.putVal(Ljava/lang/Object;Ljava/lang/Object;Z)Ljava/lang/Object; @ 159 c2
Event: 9.096 Thread 0x0000016aa028a980 DEOPT PACKING pc=0x0000016aafa1a87c sp=0x0000005037ef9f00
Event: 9.096 Thread 0x0000016aa028a980 DEOPT UNPACKING pc=0x0000016aa7ea23a3 sp=0x0000005037ef9e80 mode 2
Event: 9.246 Thread 0x0000016aa028a980 Uncommon trap: trap_request=0xffffff45 fr.pc=0x0000016aafaa28ac relative=0x0000000000004d4c
Event: 9.246 Thread 0x0000016aa028a980 Uncommon trap: reason=unstable_if action=reinterpret pc=0x0000016aafaa28ac method=org.springframework.beans.factory.support.AbstractBeanFactory.isTypeMatch(Ljava/lang/String;Lorg/springframework/core/ResolvableType;Z)Z @ 77 c2
Event: 9.246 Thread 0x0000016aa028a980 DEOPT PACKING pc=0x0000016aafaa28ac sp=0x0000005037efba70
Event: 9.246 Thread 0x0000016aa028a980 DEOPT UNPACKING pc=0x0000016aa7ea23a3 sp=0x0000005037efba78 mode 2

Classes loaded (20 events):
Event: 8.628 Loading class jdk/internal/access/JavaBeansAccess done
Event: 8.628 Loading class java/beans/Introspector$1 done
Event: 8.642 Loading class java/lang/Class$EnclosingMethodInfo
Event: 8.642 Loading class java/lang/Class$EnclosingMethodInfo done
Event: 9.002 Loading class java/lang/SafeVarargs
Event: 9.003 Loading class java/lang/SafeVarargs done
Event: 9.007 Loading class java/lang/reflect/MalformedParametersException
Event: 9.007 Loading class java/lang/reflect/MalformedParametersException done
Event: 9.144 Loading class java/util/OptionalLong
Event: 9.145 Loading class java/util/OptionalLong done
Event: 9.145 Loading class java/util/OptionalDouble
Event: 9.145 Loading class java/util/OptionalDouble done
Event: 9.205 Loading class java/util/concurrent/RejectedExecutionException
Event: 9.205 Loading class java/util/concurrent/RejectedExecutionException done
Event: 9.228 Loading class java/util/concurrent/CompletableFuture
Event: 9.230 Loading class java/util/concurrent/CompletionStage
Event: 9.231 Loading class java/util/concurrent/CompletionStage done
Event: 9.231 Loading class java/util/concurrent/CompletableFuture done
Event: 9.303 Loading class java/nio/charset/UnsupportedCharsetException
Event: 9.303 Loading class java/nio/charset/UnsupportedCharsetException done

Classes unloaded (0 events):
No events

Classes redefined (0 events):
No events

Internal exceptions (20 events):
Event: 7.189 Thread 0x0000016aa028a980 Exception <a 'java/lang/NoSuchMethodError'{0x00000000c32a5040}: method resolution failed> (0x00000000c32a5040) 
thrown [s\src\hotspot\share\prims\methodHandles.cpp, line 1264]
Event: 7.191 Thread 0x0000016aa028a980 Implicit null exception at 0x0000016aafa56a6d to 0x0000016aafa572f4
Event: 7.198 Thread 0x0000016aa028a980 Exception <a 'java/lang/NoSuchMethodError'{0x00000000c32bb7e8}: 'java.lang.Class java.lang.Class.getNestHost(java.lang.Class)'> (0x00000000c32bb7e8) 
thrown [s\src\hotspot\share\interpreter\linkResolver.cpp, line 759]
Event: 7.198 Thread 0x0000016aa028a980 Exception <a 'java/lang/NoSuchMethodError'{0x00000000c32be0e0}: 'java.lang.Class[] java.lang.Class.getNestMembers(java.lang.Class)'> (0x00000000c32be0e0) 
thrown [s\src\hotspot\share\interpreter\linkResolver.cpp, line 759]
Event: 7.540 Thread 0x0000016aa028a980 Exception <a 'java/lang/NoSuchMethodError'{0x00000000c2da9210}: 'long java.lang.invoke.DirectMethodHandle$Holder.invokeStatic(java.lang.Object, java.lang.Object, int)'> (0x00000000c2da9210) 
thrown [s\src\hotspot\share\interpreter\linkResolver.cpp, line 759]
Event: 7.543 Thread 0x0000016aa028a980 Exception <a 'java/lang/NoSuchMethodError'{0x00000000c2dbf4a8}: 'java.lang.Object java.lang.invoke.DirectMethodHandle$Holder.invokeStatic(java.lang.Object, java.lang.Object, java.lang.Object, java.lang.Object, int)'> (0x00000000c2dbf4a8) 
thrown [s\src\hotspot\share\interpreter\linkResolver.cpp, line 759]
Event: 7.545 Thread 0x0000016aa028a980 Exception <a 'java/lang/NoSuchMethodError'{0x00000000c2dc78e8}: 'int java.lang.invoke.DirectMethodHandle$Holder.invokeSpecial(java.lang.Object, java.lang.Object, java.lang.Object, int)'> (0x00000000c2dc78e8) 
thrown [s\src\hotspot\share\interpreter\linkResolver.cpp, line 759]
Event: 7.547 Thread 0x0000016aa028a980 Exception <a 'java/lang/NoSuchMethodError'{0x00000000c2dd2cd0}: 'void java.lang.invoke.DelegatingMethodHandle$Holder.reinvoke_L(java.lang.Object, java.lang.Object, java.lang.Object, long, int)'> (0x00000000c2dd2cd0) 
thrown [s\src\hotspot\share\interpreter\linkResolver.cpp, line 759]
Event: 7.560 Thread 0x0000016aa028a980 Exception <a 'java/lang/NoSuchMethodError'{0x00000000c2c1f960}: 'int java.lang.invoke.DirectMethodHandle$Holder.invokeStaticInit(java.lang.Object, java.lang.Object, java.lang.Object, java.lang.Object)'> (0x00000000c2c1f960) 
thrown [s\src\hotspot\share\interpreter\linkResolver.cpp, line 759]
Event: 7.761 Thread 0x0000016aa028a980 Exception <a 'java/lang/ClassNotFoundException'{0x00000000c2aa1538}: java/lang/ClassLoader$ByteBuddyAccessor$V1> (0x00000000c2aa1538) 
thrown [s\src\hotspot\share\classfile\systemDictionary.cpp, line 255]
Event: 7.763 Thread 0x0000016aa028a980 Exception <a 'java/lang/NoSuchMethodError'{0x00000000c2aab708}: 'java.lang.Object java.lang.invoke.DelegatingMethodHandle$Holder.reinvoke_L(java.lang.Object, java.lang.Object, java.lang.Object, java.lang.Object, int, int, java.lang.Object, java.lang.Object)'> (0x00000000c2aab708) 
thrown [s\src\hotspot\share\interpreter\linkResolver.cpp, line 759]
Event: 8.310 Thread 0x0000016aa028a980 Exception <a 'java/lang/NoSuchMethodError'{0x00000000c40f2c60}: 'java.lang.Object java.lang.invoke.DelegatingMethodHandle$Holder.reinvoke_L(java.lang.Object, java.lang.Object, java.lang.Object, java.lang.Object, java.lang.Object, int, int, java.lang.Object)'> (0x00000000c40f2c60) 
thrown [s\src\hotspot\share\interpreter\linkResolver.cpp, line 759]
Event: 8.542 Thread 0x0000016aa028a980 Exception <a 'java/lang/NoSuchMethodError'{0x00000000c3c76980}: 'java.lang.Object java.lang.invoke.DirectMethodHandle$Holder.invokeSpecialIFC(java.lang.Object, java.lang.Object, java.lang.Object)'> (0x00000000c3c76980) 
thrown [s\src\hotspot\share\interpreter\linkResolver.cpp, line 759]
Event: 8.570 Thread 0x0000016aa028a980 Exception <a 'java/lang/NoSuchMethodError'{0x00000000c3b0a0d8}: 'void java.lang.invoke.Invokers$Holder.invokeExact_MT(java.lang.Object, java.lang.Object, java.lang.Object, java.lang.Object)'> (0x00000000c3b0a0d8) 
thrown [s\src\hotspot\share\interpreter\linkResolver.cpp, line 759]
Event: 8.619 Thread 0x0000016aa028a980 Exception <a 'java/lang/NoSuchMethodError'{0x00000000c3bfd438}: 'java.lang.reflect.Field[] java.lang.Class.getDeclaredFields(java.lang.Class)'> (0x00000000c3bfd438) 
thrown [s\src\hotspot\share\interpreter\linkResolver.cpp, line 759]
Event: 8.634 Thread 0x0000016aa028a980 Exception <a 'java/lang/NoSuchMethodError'{0x00000000c3a3f6c0}: 'java.lang.Object java.lang.invoke.DirectMethodHandle$Holder.invokeVirtual(java.lang.Object, java.lang.Object, java.lang.Object, java.lang.Object, java.lang.Object)'> (0x00000000c3a3f6c0) 
thrown [s\src\hotspot\share\interpreter\linkResolver.cpp, line 759]
Event: 8.790 Thread 0x0000016aa028a980 Implicit null exception at 0x0000016aafa63a4c to 0x0000016aafa63afd
Event: 8.810 Thread 0x0000016aa028a980 Exception <a 'java/lang/NoSuchMethodError'{0x00000000c38d28c0}: 'java.lang.Object java.lang.invoke.DirectMethodHandle$Holder.newInvokeSpecial(java.lang.Object, java.lang.Object, java.lang.Object, java.lang.Object, java.lang.Object, java.lang.Object, java.lang.Object, java.lang.Object)'> (0x00000000c38d28c0) 
thrown [s\src\hotspot\share\interpreter\linkResolver.cpp, line 759]
Event: 9.216 Thread 0x0000016aa028a980 Exception <a 'java/lang/NoSuchMethodError'{0x00000000c31a9fd8}: 'void java.lang.invoke.DirectMethodHandle$Holder.invokeVirtual(java.lang.Object, java.lang.Object, int)'> (0x00000000c31a9fd8) 
thrown [s\src\hotspot\share\interpreter\linkResolver.cpp, line 759]
Event: 9.225 Thread 0x0000016aa028a980 Exception <a 'java/lang/NoSuchMethodError'{0x00000000c31d2b40}: 'void java.lang.invoke.DirectMethodHandle$Holder.invokeVirtual(java.lang.Object, java.lang.Object, long)'> (0x00000000c31d2b40) 
thrown [s\src\hotspot\share\interpreter\linkResolver.cpp, line 759]

VM Operations (20 events):
Event: 7.299 Executing VM operation: ICBufferFull
Event: 7.299 Executing VM operation: ICBufferFull done
Event: 7.958 Executing VM operation: G1CollectForAllocation
Event: 7.980 Executing VM operation: G1CollectForAllocation done
Event: 8.053 Executing VM operation: G1CollectForAllocation
Event: 8.068 Executing VM operation: G1CollectForAllocation done
Event: 8.566 Executing VM operation: ICBufferFull
Event: 8.567 Executing VM operation: ICBufferFull done
Event: 8.910 Executing VM operation: HandshakeAllThreads
Event: 8.910 Executing VM operation: HandshakeAllThreads done
Event: 8.927 Executing VM operation: HandshakeAllThreads
Event: 8.927 Executing VM operation: HandshakeAllThreads done
Event: 8.930 Executing VM operation: HandshakeAllThreads
Event: 8.930 Executing VM operation: HandshakeAllThreads done
Event: 9.046 Executing VM operation: HandshakeAllThreads
Event: 9.046 Executing VM operation: HandshakeAllThreads done
Event: 9.087 Executing VM operation: HandshakeAllThreads
Event: 9.087 Executing VM operation: HandshakeAllThreads done
Event: 9.272 Executing VM operation: HandshakeAllThreads
Event: 9.272 Executing VM operation: HandshakeAllThreads done

Events (20 events):
Event: 0.484 Loaded shared library C:\Users\ERIN_JAVALead\.jdks\corretto-18.0.2\bin\net.dll
Event: 0.487 Loaded shared library C:\Users\ERIN_JAVALead\.jdks\corretto-18.0.2\bin\nio.dll
Event: 0.495 Loaded shared library C:\Users\ERIN_JAVALead\.jdks\corretto-18.0.2\bin\zip.dll
Event: 0.524 Loaded shared library C:\Program Files\JetBrains\IntelliJ IDEA Community Edition 2021.3.3\bin\breakgen64.dll
Event: 0.525 Thread 0x0000016abfc97010 Thread added: 0x0000016abfc97010
Event: 0.525 Thread 0x0000016abfd00340 Thread added: 0x0000016abfd00340
Event: 0.604 Thread 0x0000016abfdf18f0 Thread added: 0x0000016abfdf18f0
Event: 0.795 Thread 0x0000016abfdf18f0 Thread exited: 0x0000016abfdf18f0
Event: 0.873 Loaded shared library C:\Users\ERIN_JAVALead\.jdks\corretto-18.0.2\bin\jimage.dll
Event: 1.205 Thread 0x0000016abffb7ec0 Thread added: 0x0000016abffb7ec0
Event: 1.979 Thread 0x0000016abffb7ec0 Thread exited: 0x0000016abffb7ec0
Event: 2.961 Thread 0x0000016ac069eef0 Thread added: 0x0000016ac069eef0
Event: 4.467 Thread 0x0000016ac124e2b0 Thread added: 0x0000016ac124e2b0
Event: 4.702 Thread 0x0000016ac069eef0 Thread exited: 0x0000016ac069eef0
Event: 4.706 Loaded shared library C:\Users\ERIN_JAVALead\.jdks\corretto-18.0.2\bin\verify.dll
Event: 4.768 Thread 0x0000016ac0dd3f10 Thread added: 0x0000016ac0dd3f10
Event: 5.175 Thread 0x0000016ac1317840 Thread added: 0x0000016ac1317840
Event: 5.200 Thread 0x0000016ac1317840 Thread exited: 0x0000016ac1317840
Event: 5.270 Thread 0x0000016ac124e2b0 Thread exited: 0x0000016ac124e2b0
Event: 5.722 Thread 0x0000016ac0dd3f10 Thread exited: 0x0000016ac0dd3f10


Dynamic libraries:
0x00007ff71b350000 - 0x00007ff71b35d000 	C:\Users\ERIN_JAVALead\.jdks\corretto-18.0.2\bin\java.exe
0x00007ffc0a6f0000 - 0x00007ffc0a8e7000 	C:\WINDOWS\SYSTEM32\ntdll.dll
0x00007ffc08d80000 - 0x00007ffc08e3d000 	C:\WINDOWS\System32\KERNEL32.DLL
0x00007ffc08420000 - 0x00007ffc08716000 	C:\WINDOWS\System32\KERNELBASE.dll
0x00007ffc082f0000 - 0x00007ffc083f0000 	C:\WINDOWS\System32\ucrtbase.dll
0x00007ffc038c0000 - 0x00007ffc038d7000 	C:\Users\ERIN_JAVALead\.jdks\corretto-18.0.2\bin\jli.dll
0x00007ffc098c0000 - 0x00007ffc09a5e000 	C:\WINDOWS\System32\USER32.dll
0x00007ffc03830000 - 0x00007ffc03845000 	C:\Users\ERIN_JAVALead\.jdks\corretto-18.0.2\bin\VCRUNTIME140.dll
0x00007ffc07da0000 - 0x00007ffc07dc2000 	C:\WINDOWS\System32\win32u.dll
0x00007ffc087a0000 - 0x00007ffc087cc000 	C:\WINDOWS\System32\GDI32.dll
0x00007ffc07f00000 - 0x00007ffc0801a000 	C:\WINDOWS\System32\gdi32full.dll
0x00007ffbf40e0000 - 0x00007ffbf437a000 	C:\WINDOWS\WinSxS\amd64_microsoft.windows.common-controls_6595b64144ccf1df_6.0.19041.3570_none_60bb2a3971f3e41a\COMCTL32.dll
0x00007ffc07e60000 - 0x00007ffc07efd000 	C:\WINDOWS\System32\msvcp_win.dll
0x00007ffc08a50000 - 0x00007ffc08aee000 	C:\WINDOWS\System32\msvcrt.dll
0x00007ffc08ce0000 - 0x00007ffc08d10000 	C:\WINDOWS\System32\IMM32.DLL
0x00007ffbf2cb0000 - 0x00007ffbf2d4b000 	C:\Users\ERIN_JAVALead\.jdks\corretto-18.0.2\bin\msvcp140.dll
0x00007ffbcacd0000 - 0x00007ffbcb941000 	C:\Users\ERIN_JAVALead\.jdks\corretto-18.0.2\bin\server\jvm.dll
0x00007ffc08880000 - 0x00007ffc0892e000 	C:\WINDOWS\System32\ADVAPI32.dll
0x00007ffc0a490000 - 0x00007ffc0a52c000 	C:\WINDOWS\System32\sechost.dll
0x00007ffc09790000 - 0x00007ffc098b6000 	C:\WINDOWS\System32\RPCRT4.dll
0x00007ffc08c60000 - 0x00007ffc08c68000 	C:\WINDOWS\System32\PSAPI.DLL
0x00007ffc038b0000 - 0x00007ffc038b9000 	C:\WINDOWS\SYSTEM32\WSOCK32.dll
0x00007ffc08d10000 - 0x00007ffc08d7b000 	C:\WINDOWS\System32\WS2_32.dll
0x00007ffbe6f40000 - 0x00007ffbe6f67000 	C:\WINDOWS\SYSTEM32\WINMM.dll
0x00007ffc026f0000 - 0x00007ffc026fa000 	C:\WINDOWS\SYSTEM32\VERSION.dll
0x00007ffc05b60000 - 0x00007ffc05b72000 	C:\WINDOWS\SYSTEM32\kernel.appcore.dll
0x00007ffc03870000 - 0x00007ffc0387a000 	C:\Users\ERIN_JAVALead\.jdks\corretto-18.0.2\bin\jimage.dll
0x00007ffbf4a10000 - 0x00007ffbf4bf4000 	C:\WINDOWS\SYSTEM32\DBGHELP.DLL
0x00007ffbf4990000 - 0x00007ffbf49c4000 	C:\WINDOWS\SYSTEM32\dbgcore.DLL
0x00007ffc07dd0000 - 0x00007ffc07e52000 	C:\WINDOWS\System32\bcryptPrimitives.dll
0x00007ffbf92c0000 - 0x00007ffbf92ce000 	C:\Users\ERIN_JAVALead\.jdks\corretto-18.0.2\bin\instrument.dll
0x00007ffc03800000 - 0x00007ffc03825000 	C:\Users\ERIN_JAVALead\.jdks\corretto-18.0.2\bin\java.dll
0x00007ffbea540000 - 0x00007ffbea616000 	C:\Users\ERIN_JAVALead\.jdks\corretto-18.0.2\bin\jsvml.dll
0x00007ffc09a60000 - 0x00007ffc0a1a4000 	C:\WINDOWS\System32\SHELL32.dll
0x00007ffc05e40000 - 0x00007ffc065db000 	C:\WINDOWS\SYSTEM32\windows.storage.dll
0x00007ffc08f00000 - 0x00007ffc09254000 	C:\WINDOWS\System32\combase.dll
0x00007ffc07710000 - 0x00007ffc0773d000 	C:\WINDOWS\SYSTEM32\Wldp.dll
0x00007ffc096d0000 - 0x00007ffc0977d000 	C:\WINDOWS\System32\SHCORE.dll
0x00007ffc08ea0000 - 0x00007ffc08ef5000 	C:\WINDOWS\System32\shlwapi.dll
0x00007ffc07cd0000 - 0x00007ffc07cf5000 	C:\WINDOWS\SYSTEM32\profapi.dll
0x00007ffbf9300000 - 0x00007ffbf9318000 	C:\Users\ERIN_JAVALead\.jdks\corretto-18.0.2\bin\zip.dll
0x00007ffbfee00000 - 0x00007ffbfee13000 	C:\Users\ERIN_JAVALead\.jdks\corretto-18.0.2\bin\net.dll
0x00007ffc01380000 - 0x00007ffc0148a000 	C:\WINDOWS\SYSTEM32\WINHTTP.dll
0x00007ffc07470000 - 0x00007ffc074da000 	C:\WINDOWS\system32\mswsock.dll
0x00007ffbf9320000 - 0x00007ffbf9335000 	C:\Users\ERIN_JAVALead\.jdks\corretto-18.0.2\bin\nio.dll
0x00007ffbf44b0000 - 0x00007ffbf44ca000 	C:\Program Files\JetBrains\IntelliJ IDEA Community Edition 2021.3.3\bin\breakgen64.dll
0x00007ffbf92f0000 - 0x00007ffbf9300000 	C:\Users\ERIN_JAVALead\.jdks\corretto-18.0.2\bin\verify.dll

dbghelp: loaded successfully - version: 4.0.5 - missing functions: none
symbol engine: initialized successfully - sym options: 0x614 - pdb path: .;C:\Users\ERIN_JAVALead\.jdks\corretto-18.0.2\bin;C:\WINDOWS\SYSTEM32;C:\WINDOWS\WinSxS\amd64_microsoft.windows.common-controls_6595b64144ccf1df_6.0.19041.3570_none_60bb2a3971f3e41a;C:\Users\ERIN_JAVALead\.jdks\corretto-18.0.2\bin\server;C:\Program Files\JetBrains\IntelliJ IDEA Community Edition 2021.3.3\bin

VM Arguments:
jvm_args: -ea -Didea.test.cyclic.buffer.size=1048576 -javaagent:C:\Program Files\JetBrains\IntelliJ IDEA Community Edition 2021.3.3\lib\idea_rt.jar=56265:C:\Program Files\JetBrains\IntelliJ IDEA Community Edition 2021.3.3\bin -Dfile.encoding=UTF-8 
java_command: com.intellij.rt.junit.JUnitStarter -ideVersion5 -junit5 com.devskiller.tasks.blog.rest.UserControllerTest,shouldReturnFoundUser
java_class_path (initial): C:\Users\ERIN_JAVALead\.m2\repository\org\junit\platform\junit-platform-launcher\1.9.1\junit-platform-launcher-1.9.1.jar;C:\Program Files\JetBrains\IntelliJ IDEA Community Edition 2021.3.3\lib\idea_rt.jar;C:\Program Files\JetBrains\IntelliJ IDEA Community Edition 2021.3.3\plugins\junit\lib\junit5-rt.jar;C:\Program Files\JetBrains\IntelliJ IDEA Community Edition 2021.3.3\plugins\junit\lib\junit-rt.jar;C:\Users\ERIN_JAVALead\Downloads\devskiller-code-U32X-W3E7-T2E6-S3F\target\test-classes;C:\Users\ERIN_JAVALead\Downloads\devskiller-code-U32X-W3E7-T2E6-S3F\target\classes;C:\Users\ERIN_JAVALead\.m2\repository\org\springframework\boot\spring-boot-starter-data-jpa\3.0.0\spring-boot-starter-data-jpa-3.0.0.jar;C:\Users\ERIN_JAVALead\.m2\repository\org\springframework\boot\spring-boot-starter-aop\3.0.0\spring-boot-starter-aop-3.0.0.jar;C:\Users\ERIN_JAVALead\.m2\repository\org\springframework\spring-aop\6.0.2\spring-aop-6.0.2.jar;C:\Users\ERIN_JAVALead\.m2\repository\org\aspectj\aspectjweaver\1.9.9.1\aspectjweaver-1.9.9.1.jar;C:\Users\ERIN_JAVALead\.m2\repository\org\springframework\boot\spring-boot-starter-jdbc\3.0.0\spring-boot-starter-jdbc-3.0.0.jar;C:\Users\ERIN_JAVALead\.m2\repository\com\zaxxer\HikariCP\5.0.1\HikariCP-5.0.1.jar;C:\Users\ERIN_JAVALead\.m2\repository\org\springframework\spring-jdbc\6.0.2\spring-jdbc-6.0.2.jar;C:\Users\ERIN_JAVALead\.m2\repository\org\hibernate\orm\hibernate-core\6.1.5.Final\hibernate-core-6.1.5.Final.jar;C:\Users\ERIN_JAVALead\.m2\repository\jakarta\persistence\jakarta.persistence-api\3.1.0\jakarta.persistence-api-3.1.0.jar;C:\Users\ERIN_JAVALead\.m2\repository\jakarta\transaction\jakarta.transaction-api\2.0.1\jakarta.transaction-api-2.0.1.jar;C:\Users\ERIN_JAVALead\.m2\repository\org\jboss\logging\jboss-logging\3.5.0.Final\jboss-logging-3.5.0.Final.jar;C:\Users\ERIN_JAVALead\.m2\repository\org\hibernate\common\hibernate-commons-annotations\6.0.2.Final\hibernate-commons-annotations-6.0.2.Final.jar;C:\Users\ERIN_JAVALead\.m2\repository\org\jboss\jandex\2.4.2.Final\jandex-2.4.2.Final.jar;C:\Users\ERIN_JAVALead\.m2\repository\com\fasterxml\classmate\1.5.1\classmate-1.5.1.jar;C:\Users\ERIN_JAVALead\.m2\repository\net\bytebuddy\byte-buddy\1.12.19\byte-buddy-1.12.19.jar;C:\Users\ERIN_JAVALead\.m2\repository\org\glassfish\jaxb\jaxb-runtime\4.0.1\jaxb-runtime-4.0.1.jar;C:\Users\ERIN_JAVALead\.m2\repository\org\glassfish\jaxb\jaxb-core\4.0.1\jaxb-core-4.0.1.jar;C:\Users\ERIN_JAVALead\.m2\repository\org\eclipse\angus\angus-activation\1.0.0\angus-activation-1.0.0.jar;C:\Users\ERIN_JAVALead\.m2\repository\org\glassfish\jaxb\txw2\4.0.1\txw2-4.0.1.jar;C:\Users\ERIN_JAVALead\.m2\repository\com\sun\istack\istack-commons-runtime\4.1.1\istack-commons-runtime-4.1.1.jar;C:\Users\ERIN_JAVALead\.m2\repository\jakarta\inject\jakarta.inject-api\2.0.0\jakarta.inject-api-2.0.0.jar;C:\Users\ERIN_JAVALead\.m2\repository\org\antlr\antlr4-runtime\4.10.1\antlr4-runtime-4.10.1.jar;C:\Users\ERIN_JAVALead\.m2\repository\org\springframework\data\spring-data-jpa\3.0.0\spring-data-jpa-3.0.0.jar;C:\Users\ERIN_JAVALead\.m2\repository\org\springframework\data\spring-data-commons\3.0.0\spring-data-commons-3.0.0.jar;C:\Users\ERIN_JAVALead\.m2\repository\org\springframework\spring-orm\6.0.2\spring-orm-6.0.2.jar;C:\Users\ERIN_JAVALead\.m2\repository\org\springframework\spring-context\6.0.2\spring-context-6.0.2.jar;C:\Users\ERIN_JAVALead\.m2\repository\org\springframework\spring-tx\6.0.2\spring-tx-6.0.2.jar;C:\Users\ERIN_JAVALead\.m2\repository\org\springframework\spring-beans\6.0.2\spring-beans-6.0.2.jar;C:\Users\ERIN_JAVALead\.m2\repository\jakarta\annotation\jakarta.annotation-api\2.1.1\jakarta.annotation-api-2.1.1.jar;C:\Users\ERIN_JAVALead\.m2\repository\org\slf4j\slf4j-api\2.0.4\slf4j-api-2.0.4.jar;C:\Users\ERIN_JAVALead\.m2\repository\org\springframework\spring-aspects\6.0.2\spring-aspects-6.0.2.jar;C:\Users\ERIN_JAVALead\.m2\repository\org\springframework\boot\spring-boot-starter-web\2.4.2\spring-boot-starter-web-2.4.2.jar;C:\Users\ERIN_JAVALead\.m2\repository\org\springframework\boot\spring-boot-starter\3.0.0\spring-boot-starter-3.0.0.jar;C:\Users\ERIN_JAVALead\.m2\repository\org\springframework\boot\spring-boot\3.0.0\spring-boot-3.0.0.jar;C:\Users\ERIN_JAVALead\.m2\repository\org\springframework\boot\spring-boot-autoconfigure\3.0.0\spring-boot-autoconfigure-3.0.0.jar;C:\Users\ERIN_JAVALead\.m2\repository\org\springframework\boot\spring-boot-starter-logging\3.0.0\spring-boot-starter-logging-3.0.0.jar;C:\Users\ERIN_JAVALead\.m2\repository\ch\qos\logback\logback-classic\1.4.5\logback-classic-1.4.5.jar;C:\Users\ERIN_JAVALead\.m2\repository\ch\qos\logback\logback-core\1.4.5\logback-core-1.4.5.jar;C:\Users\ERIN_JAVALead\.m2\repository\org\apache\logging\log4j\log4j-to-slf4j\2.19.0\log4j-to-slf4j-2.19.0.jar;C:\Users\ERIN_JAVALead\.m2\repository\org\slf4j\jul-to-slf4j\2.0.4\jul-to-slf4j-2.0.4.jar;C:\Users\ERIN_JAVALead\.m2\repository\org\yaml\snakeyaml\1.33\snakeyaml-1.33.jar;C:\Users\ERIN_JAVALead\.m2\repository\org\springframework\boot\spring-boot-starter-json\3.0.0\spring-boot-starter-json-3.0.0.jar;C:\Users\ERIN_JAVALead\.m2\repository\com\fasterxml\jackson\core\jackson-databind\2.14.1\jackson-databind-2.14.1.jar;C:\Users\ERIN_JAVALead\.m2\repository\com\fasterxml\jackson\core\jackson-annotations\2.14.1\jackson-annotations-2.14.1.jar;C:\Users\ERIN_JAVALead\.m2\repository\com\fasterxml\jackson\core\jackson-core\2.14.1\jackson-core-2.14.1.jar;C:\Users\ERIN_JAVALead\.m2\repository\com\fasterxml\jackson\datatype\jackson-datatype-jdk8\2.14.1\jackson-datatype-jdk8-2.14.1.jar;C:\Users\ERIN_JAVALead\.m2\repository\com\fasterxml\jackson\datatype\jackson-datatype-jsr310\2.14.1\jackson-datatype-jsr310-2.14.1.jar;C:\Users\ERIN_JAVALead\.m2\repository\com\fasterxml\jackson\module\jackson-module-parameter-names\2.14.1\jackson-module-parameter-names-2.14.1.jar;C:\Users\ERIN_JAVALead\.m2\repository\org\springframework\boot\spring-boot-starter-tomcat\3.0.0\spring-boot-starter-tomcat-3.0.0.jar;C:\Users\ERIN_JAVALead\.m2\repository\org\apache\tomcat\embed\tomcat-embed-core\10.1.1\tomcat-embed-core-10.1.1.jar;C:\Users\ERIN_JAVALead\.m2\repository\org\apache\tomcat\embed\tomcat-embed-el\10.1.1\tomcat-embed-el-10.1.1.jar;C:\Users\ERIN_JAVALead\.m2\repository\org\apache\tomcat\embed\tomcat-embed-websocket\10.1.1\tomcat-embed-websocket-10.1.1.jar;C:\Users\ERIN_JAVALead\.m2\repository\org\springframework\spring-web\6.0.2\spring-web-6.0.2.jar;C:\Users\ERIN_JAVALead\.m2\repository\io\micrometer\micrometer-observation\1.10.2\micrometer-observation-1.10.2.jar;C:\Users\ERIN_JAVALead\.m2\repository\io\micrometer\micrometer-commons\1.10.2\micrometer-commons-1.10.2.jar;C:\Users\ERIN_JAVALead\.m2\repository\org\springframework\spring-webmvc\6.0.2\spring-webmvc-6.0.2.jar;C:\Users\ERIN_JAVALead\.m2\repository\org\springframework\spring-expression\6.0.2\spring-expression-6.0.2.jar;C:\Users\ERIN_JAVALead\.m2\repository\com\microsoft\sqlserver\mssql-jdbc\12.4.1.jre11\mssql-jdbc-12.4.1.jre11.jar;C:\Users\ERIN_JAVALead\.m2\repository\com\h2database\h2\2.1.214\h2-2.1.214.jar;C:\Users\ERIN_JAVALead\.m2\repository\org\springframework\boot\spring-boot-starter-test\3.0.0\spring-boot-starter-test-3.0.0.jar;C:\Users\ERIN_JAVALead\.m2\repository\org\springframework\boot\spring-boot-test\3.0.0\spring-boot-test-3.0.0.jar;C:\Users\ERIN_JAVALead\.m2\repository\org\springframework\boot\spring-boot-test-autoconfigure\3.0.0\spring-boot-test-autoconfigure-3.0.0.jar;C:\Users\ERIN_JAVALead\.m2\repository\com\jayway\jsonpath\json-path\2.7.0\json-path-2.7.0.jar;C:\Users\ERIN_JAVALead\.m2\repository\net\minidev\json-smart\2.4.8\json-smart-2.4.8.jar;C:\Users\ERIN_JAVALead\.m2\repository\net\minidev\accessors-smart\2.4.8\accessors-smart-2.4.8.jar;C:\Users\ERIN_JAVALead\.m2\repository\org\ow2\asm\asm\9.1\asm-9.1.jar;C:\Users\ERIN_JAVALead\.m2\repository\jakarta\xml\bind\jakarta.xml.bind-api\4.0.0\jakarta.xml.bind-api-4.0.0.jar;C:\Users\ERIN_JAVALead\.m2\repository\jakarta\activation\jakarta.activation-api\2.1.0\jakarta.activation-api-2.1.0.jar;C:\Users\ERIN_JAVALead\.m2\repository\org\assertj\assertj-core\3.23.1\assertj-core-3.23.1.jar;C:\Users\ERIN_JAVALead\.m2\repository\org\hamcrest\hamcrest\2.2\hamcrest-2.2.jar;C:\Users\ERIN_JAVALead\.m2\repository\org\junit\jupiter\junit-jupiter\5.9.1\junit-jupiter-5.9.1.jar;C:\Users\ERIN_JAVALead\.m2\repository\org\junit\jupiter\junit-jupiter-api\5.9.1\junit-jupiter-api-5.9.1.jar;C:\Users\ERIN_JAVALead\.m2\repository\org\opentest4j\opentest4j\1.2.0\opentest4j-1.2.0.jar;C:\Users\ERIN_JAVALead\.m2\repository\org\junit\platform\junit-platform-commons\1.9.1\junit-platform-commons-1.9.1.jar;C:\Users\ERIN_JAVALead\.m2\repository\org\apiguardian\apiguardian-api\1.1.2\apiguardian-api-1.1.2.jar;C:\Users\ERIN_JAVALead\.m2\repository\org\junit\jupiter\junit-jupiter-params\5.9.1\junit-jupiter-params-5.9.1.jar;C:\Users\ERIN_JAVALead\.m2\repository\org\junit\jupiter\junit-jupiter-engine\5.9.1\junit-jupiter-engine-5.9.1.jar;C:\Users\ERIN_JAVALead\.m2\repository\org\junit\platform\junit-platform-engine\1.9.1\junit-platform-engine-1.9.1.jar;C:\Users\ERIN_JAVALead\.m2\repository\org\mockito\mockito-core\4.8.1\mockito-core-4.8.1.jar;C:\Users\ERIN_JAVALead\.m2\repository\net\bytebuddy\byte-buddy-agent\1.12.19\byte-buddy-agent-1.12.19.jar;C:\Users\ERIN_JAVALead\.m2\repository\org\objenesis\objenesis\3.2\objenesis-3.2.jar;C:\Users\ERIN_JAVALead\.m2\repository\org\mockito\mockito-junit-jupiter\4.8.1\mockito-junit-jupiter-4.8.1.jar;C:\Users\ERIN_JAVALead\.m2\repository\org\skyscreamer\jsonassert\1.5.1\jsonassert-1.5.1.jar;C:\Users\ERIN_JAVALead\.m2\repository\com\vaadin\external\google\android-json\0.0.20131108.vaadin1\android-json-0.0.20131108.vaadin1.jar;C:\Users\ERIN_JAVALead\.m2\repository\org\springframework\spring-core\6.0.2\spring-core-6.0.2.jar;C:\Users\ERIN_JAVALead\.m2\repository\org\springframework\spring-jcl\6.0.2\spring-jcl-6.0.2.jar;C:\Users\ERIN_JAVALead\.m2\repository\org\springframework\spring-test\6.0.2\spring-test-6.0.2.jar;C:\Users\ERIN_JAVALead\.m2\repository\org\xmlunit\xmlunit-core\2.9.0\xmlunit-core-2.9.0.jar;C:\Users\ERIN_JAVALead\.m2\repository\org\apache\logging\log4j\log4j-api\2.6.1\log4j-api-2.6.1.jar;C:\Users\ERIN_JAVALead\.m2\repository\org\apache\logging\log4j\log4j-core\2.6.1\log4j-core-2.6.1.jar
Launcher Type: SUN_STANDARD

[Global flags]
     intx CICompilerCount                          = 3                                         {product} {ergonomic}
     uint ConcGCThreads                            = 1                                         {product} {ergonomic}
     uint G1ConcRefinementThreads                  = 4                                         {product} {ergonomic}
   size_t G1HeapRegionSize                         = 1048576                                   {product} {ergonomic}
    uintx GCDrainStackTargetSize                   = 64                                        {product} {ergonomic}
   size_t InitialHeapSize                          = 67108864                                  {product} {ergonomic}
   size_t MarkStackSize                            = 4194304                                   {product} {ergonomic}
   size_t MaxHeapSize                              = 1052770304                                {product} {ergonomic}
   size_t MaxNewSize                               = 631242752                                 {product} {ergonomic}
   size_t MinHeapDeltaBytes                        = 1048576                                   {product} {ergonomic}
   size_t MinHeapSize                              = 8388608                                   {product} {ergonomic}
    uintx NonNMethodCodeHeapSize                   = 5832780                                {pd product} {ergonomic}
    uintx NonProfiledCodeHeapSize                  = 122912730                              {pd product} {ergonomic}
    uintx ProfiledCodeHeapSize                     = 122912730                              {pd product} {ergonomic}
    uintx ReservedCodeCacheSize                    = 251658240                              {pd product} {ergonomic}
     bool SegmentedCodeCache                       = true                                      {product} {ergonomic}
   size_t SoftMaxHeapSize                          = 1052770304                             {manageable} {ergonomic}
     bool UseCompressedClassPointers               = true                           {product lp64_product} {ergonomic}
     bool UseCompressedOops                        = true                           {product lp64_product} {ergonomic}
     bool UseG1GC                                  = true                                      {product} {ergonomic}
     bool UseLargePagesIndividualAllocation        = false                                  {pd product} {ergonomic}

Logging:
Log output configuration:
 #0: stdout all=warning uptime,level,tags foldmultilines=false
 #1: stderr all=off uptime,level,tags foldmultilines=false

Environment Variables:
PATH=C:\WINDOWS\system32;C:\WINDOWS;C:\WINDOWS\System32\Wbem;C:\WINDOWS\System32\WindowsPowerShell\v1.0\;C:\WINDOWS\System32\OpenSSH\;C:\Program Files (x86)\nodejs\;C:\Program Files (x86)\nodejs\npm;C:\Users\ERIN_JAVALead\AppData\Roaming\npm;C:\Program Files\Git\cmd;C:\Program Files (x86)\dotnet\;C:\Program Files (x86)\Microsoft SQL Server\160\DTS\Binn\;C:\Program Files\Azure Data Studio\bin;C:\Program Files (x86)\Microsoft SQL Server\160\Tools\Binn\;C:\Program Files\Microsoft SQL Server\160\Tools\Binn\;C:\Program Files\Microsoft SQL Server\Client SDK\ODBC\170\Tools\Binn\;C:\Program Files\Microsoft SQL Server\160\DTS\Binn\;C:\Users\ERIN_JAVALead\AppData\Local\Microsoft\WindowsApps;;C:\Users\ERIN_JAVALead\AppData\Local\Programs\Microsoft VS Code\bin;C:\Users\ERIN_JAVALead\AppData\Roaming\npm;C:\Program Files\Azure Data Studio\bin
USERNAME=ERIN_JAVALead
OS=Windows_NT
PROCESSOR_IDENTIFIER=Intel64 Family 6 Model 78 Stepping 3, GenuineIntel



---------------  S Y S T E M  ---------------

OS:
 Windows 10 , 64 bit Build 19041 (10.0.19041.3570)
OS uptime: 0 days 4:06 hours

CPU: total 4 (initial active 4) (2 cores per cpu, 2 threads per core) family 6 model 78 stepping 3 microcode 0xcc, cx8, cmov, fxsr, ht, mmx, 3dnowpref, sse, sse2, sse3, ssse3, sse4.1, sse4.2, popcnt, lzcnt, tsc, tscinvbit, avx, avx2, aes, erms, clmul, bmi1, bmi2, adx, fma, vzeroupper, clflush, clflushopt

Memory: 4k page, system-wide physical 4012M (410M free)
TotalPageFile size 6060M (AvailPageFile size 90M)
current process WorkingSet (physical memory assigned to process): 155M, peak: 155M
current process commit charge ("private bytes"): 191M, peak: 194M

vm_info: OpenJDK 64-Bit Server VM (18.0.2+9-FR) for windows-amd64 JRE (18.0.2+9-FR), built on Jul 15 2022 20:03:03 by "Administrator" with MS VC++ 15.9 (VS2017)

END.
